juil. 12, 2017 8:43:12 AM helper.Helper InitDailyDestPrintDir
INFOS: Print directory [.\print\2017_07_12] is created!
Print sub directory [.\print\2017_07_12.\open_sheet] is created!
Print sub directory [.\print\2017_07_12.\closing_sheet] is created!
Print sub directory [.\print\2017_07_12.\picking_label] is created!
Print sub directory [.\print\2017_07_12.\dispatch_label] is created!

juil. 12, 2017 8:43:13 AM gui.packaging.PACKAGING_UI0001_Main loadBarcodeConfig
INFOS: FROM ConfigBarcode cb WHERE cb.keyWord = :keyWord ORDER BY id ASC
juil. 12, 2017 8:43:13 AM entity.ConfigProject select
INFOS: FROM ConfigProject bp ORDER BY harnessType ASC
juil. 12, 2017 8:43:13 AM entity.ConfigProject select
INFOS: FROM ConfigProject bp ORDER BY harnessType ASC
juil. 12, 2017 8:43:15 AM entity.ConfigSegment select
INFOS: FROM ConfigSegment bp ORDER BY segment ASC
juil. 12, 2017 8:43:15 AM entity.ConfigSegment select
INFOS: FROM ConfigSegment bp ORDER BY segment ASC
juil. 12, 2017 8:43:15 AM entity.ConfigWorkplace select
INFOS: FROM ConfigWorkplace bp ORDER BY workplace ASC
juil. 12, 2017 8:43:19 AM entity.ConfigSegment select
INFOS: FROM ConfigSegment bp ORDER BY segment ASC
juil. 12, 2017 8:43:19 AM entity.ConfigWorkplace select
INFOS: FROM ConfigWorkplace bp ORDER BY workplace ASC
juil. 12, 2017 8:43:20 AM entity.ConfigSegment select
INFOS: FROM ConfigSegment bp ORDER BY segment ASC
juil. 12, 2017 8:43:20 AM entity.ConfigWorkplace select
INFOS: FROM ConfigWorkplace bp ORDER BY workplace ASC
juil. 12, 2017 8:43:21 AM entity.ConfigSegment select
INFOS: FROM ConfigSegment bp ORDER BY segment ASC
juil. 12, 2017 8:43:21 AM entity.ConfigWorkplace select
INFOS: FROM ConfigWorkplace bp ORDER BY workplace ASC
juil. 12, 2017 8:43:21 AM entity.ConfigSegment select
INFOS: FROM ConfigSegment bp ORDER BY segment ASC
juil. 12, 2017 8:43:21 AM entity.ConfigWorkplace select
INFOS: FROM ConfigWorkplace bp ORDER BY workplace ASC
juil. 12, 2017 8:43:22 AM entity.ConfigSegment select
INFOS: FROM ConfigSegment bp ORDER BY segment ASC
juil. 12, 2017 8:43:22 AM entity.ConfigWorkplace select
INFOS: FROM ConfigWorkplace bp ORDER BY workplace ASC
juil. 12, 2017 8:43:22 AM entity.ConfigSegment select
INFOS: FROM ConfigSegment bp ORDER BY segment ASC
juil. 12, 2017 8:43:22 AM entity.ConfigWorkplace select
INFOS: FROM ConfigWorkplace bp ORDER BY workplace ASC
juil. 12, 2017 8:43:45 AM entity.ConfigSegment select
INFOS: FROM ConfigSegment bp ORDER BY segment ASC
juil. 12, 2017 8:43:45 AM entity.ConfigWorkplace select
INFOS: FROM ConfigWorkplace bp ORDER BY workplace ASC
juil. 12, 2017 10:40:08 AM gui.warehouse_dispatch.WAREHOUSE_DISPATCH_UI0003_PasswordRequest connect
INFOS: User OUSSAMA EZZIOURI / ezou1001 connected to host WSMA7040 at 2017-07-12 10:40:08 Dispatch interface : .
juil. 12, 2017 10:50:05 AM entity.ConfigSegment select
INFOS: FROM ConfigSegment bp ORDER BY segment ASC
juil. 12, 2017 10:50:07 AM entity.ConfigSegment select
INFOS: FROM ConfigSegment bp ORDER BY segment ASC
juil. 12, 2017 10:50:07 AM entity.ConfigWorkplace select
INFOS: FROM ConfigWorkplace bp ORDER BY workplace ASC
juil. 12, 2017 10:50:10 AM entity.ConfigSegment select
INFOS: FROM ConfigSegment bp ORDER BY segment ASC
juil. 12, 2017 10:50:10 AM entity.ConfigWorkplace select
INFOS: FROM ConfigWorkplace bp ORDER BY workplace ASC
juil. 12, 2017 10:55:31 AM gui.packaging_warehouse.PACKAGING_WAREHOUSE_UI0001_PasswordRequest connect
INFOS: User OUSSAMA EZZIOURI / ezou1001 connected to host WSMA7040 at 2017-07-12 10:55:31 Packaging warehouse interface : .
juil. 12, 2017 12:10:31 PM entity.ConfigSegment select
INFOS: FROM ConfigSegment bp ORDER BY segment ASC
juil. 12, 2017 2:16:58 PM entity.ConfigSegment select
INFOS: FROM ConfigSegment bp ORDER BY segment ASC
juil. 12, 2017 2:16:58 PM entity.ConfigSegment select
INFOS: FROM ConfigSegment bp ORDER BY segment ASC
juil. 12, 2017 2:16:58 PM entity.ConfigWorkplace select
INFOS: FROM ConfigWorkplace bp ORDER BY workplace ASC
juil. 12, 2017 2:17:02 PM entity.ConfigSegment select
INFOS: FROM ConfigSegment bp ORDER BY segment ASC
juil. 12, 2017 2:17:02 PM entity.ConfigWorkplace select
INFOS: FROM ConfigWorkplace bp ORDER BY workplace ASC
juil. 12, 2017 2:17:02 PM entity.ConfigSegment select
INFOS: FROM ConfigSegment bp ORDER BY segment ASC
juil. 12, 2017 2:17:02 PM entity.ConfigWorkplace select
INFOS: FROM ConfigWorkplace bp ORDER BY workplace ASC
juil. 12, 2017 2:17:02 PM entity.ConfigSegment select
INFOS: FROM ConfigSegment bp ORDER BY segment ASC
juil. 12, 2017 2:17:02 PM entity.ConfigWorkplace select
INFOS: FROM ConfigWorkplace bp ORDER BY workplace ASC
juil. 12, 2017 2:30:09 PM entity.ConfigSegment select
INFOS: FROM ConfigSegment bp ORDER BY segment ASC
juil. 12, 2017 2:30:09 PM entity.ConfigSegment select
INFOS: FROM ConfigSegment bp ORDER BY segment ASC
juil. 12, 2017 2:30:09 PM entity.ConfigWorkplace select
INFOS: FROM ConfigWorkplace bp ORDER BY workplace ASC
juil. 12, 2017 2:30:20 PM entity.ConfigSegment select
INFOS: FROM ConfigSegment bp ORDER BY segment ASC
juil. 12, 2017 2:30:20 PM entity.ConfigWorkplace select
INFOS: FROM ConfigWorkplace bp ORDER BY workplace ASC
juil. 12, 2017 2:30:20 PM entity.ConfigSegment select
INFOS: FROM ConfigSegment bp ORDER BY segment ASC
juil. 12, 2017 2:30:20 PM entity.ConfigWorkplace select
INFOS: FROM ConfigWorkplace bp ORDER BY workplace ASC
juil. 12, 2017 2:30:21 PM entity.ConfigSegment select
INFOS: FROM ConfigSegment bp ORDER BY segment ASC
juil. 12, 2017 2:30:21 PM entity.ConfigWorkplace select
INFOS: FROM ConfigWorkplace bp ORDER BY workplace ASC
juil. 12, 2017 2:30:21 PM entity.ConfigSegment select
INFOS: FROM ConfigSegment bp ORDER BY segment ASC
juil. 12, 2017 2:30:21 PM entity.ConfigWorkplace select
INFOS: FROM ConfigWorkplace bp ORDER BY workplace ASC
juil. 12, 2017 3:18:05 PM entity.ConfigSegment select
INFOS: FROM ConfigSegment bp ORDER BY segment ASC
juil. 12, 2017 3:18:07 PM entity.ConfigSegment select
INFOS: FROM ConfigSegment bp ORDER BY segment ASC
juil. 12, 2017 3:18:07 PM entity.ConfigWorkplace select
INFOS: FROM ConfigWorkplace bp ORDER BY workplace ASC
juil. 12, 2017 3:18:11 PM entity.ConfigSegment select
INFOS: FROM ConfigSegment bp ORDER BY segment ASC
juil. 12, 2017 3:18:11 PM entity.ConfigWorkplace select
INFOS: FROM ConfigWorkplace bp ORDER BY workplace ASC
juil. 12, 2017 3:18:12 PM entity.ConfigSegment select
INFOS: FROM ConfigSegment bp ORDER BY segment ASC
juil. 12, 2017 3:18:12 PM entity.ConfigWorkplace select
INFOS: FROM ConfigWorkplace bp ORDER BY workplace ASC
juil. 12, 2017 3:18:20 PM entity.ConfigSegment select
INFOS: FROM ConfigSegment bp ORDER BY segment ASC
juil. 12, 2017 3:18:20 PM entity.ConfigWorkplace select
INFOS: FROM ConfigWorkplace bp ORDER BY workplace ASC
juil. 12, 2017 4:44:45 PM entity.ConfigSegment select
INFOS: FROM ConfigSegment bp ORDER BY segment ASC
juil. 13, 2017 9:25:38 AM entity.ConfigSegment select
INFOS: FROM ConfigSegment bp ORDER BY segment ASC
juil. 13, 2017 9:25:46 AM entity.ConfigSegment select
INFOS: FROM ConfigSegment bp ORDER BY segment ASC
juil. 13, 2017 9:25:46 AM entity.ConfigWorkplace select
INFOS: FROM ConfigWorkplace bp ORDER BY workplace ASC
juil. 13, 2017 9:27:47 AM entity.ConfigSegment select
INFOS: FROM ConfigSegment bp ORDER BY segment ASC
juil. 13, 2017 9:27:47 AM entity.ConfigWorkplace select
INFOS: FROM ConfigWorkplace bp ORDER BY workplace ASC
juil. 13, 2017 9:27:51 AM entity.ConfigSegment select
INFOS: FROM ConfigSegment bp ORDER BY segment ASC
juil. 13, 2017 9:27:51 AM entity.ConfigWorkplace select
INFOS: FROM ConfigWorkplace bp ORDER BY workplace ASC
juil. 13, 2017 9:27:51 AM entity.ConfigSegment select
INFOS: FROM ConfigSegment bp ORDER BY segment ASC
juil. 13, 2017 9:27:51 AM entity.ConfigWorkplace select
INFOS: FROM ConfigWorkplace bp ORDER BY workplace ASC
juil. 13, 2017 9:30:41 AM entity.ConfigSegment select
INFOS: FROM ConfigSegment bp ORDER BY segment ASC
juil. 13, 2017 9:30:41 AM entity.ConfigWorkplace select
INFOS: FROM ConfigWorkplace bp ORDER BY workplace ASC
juil. 13, 2017 9:30:46 AM entity.ConfigSegment select
INFOS: FROM ConfigSegment bp ORDER BY segment ASC
juil. 13, 2017 9:30:46 AM entity.ConfigWorkplace select
INFOS: FROM ConfigWorkplace bp ORDER BY workplace ASC
juil. 13, 2017 9:31:40 AM entity.ConfigSegment select
INFOS: FROM ConfigSegment bp ORDER BY segment ASC
juil. 13, 2017 9:31:40 AM entity.ConfigSegment select
INFOS: FROM ConfigSegment bp ORDER BY segment ASC
juil. 13, 2017 9:31:40 AM entity.ConfigWorkplace select
INFOS: FROM ConfigWorkplace bp ORDER BY workplace ASC
juil. 13, 2017 9:31:44 AM entity.ConfigSegment select
INFOS: FROM ConfigSegment bp ORDER BY segment ASC
juil. 13, 2017 9:31:44 AM entity.ConfigWorkplace select
INFOS: FROM ConfigWorkplace bp ORDER BY workplace ASC
juil. 13, 2017 9:31:44 AM entity.ConfigSegment select
INFOS: FROM ConfigSegment bp ORDER BY segment ASC
juil. 13, 2017 9:31:44 AM entity.ConfigWorkplace select
INFOS: FROM ConfigWorkplace bp ORDER BY workplace ASC
juil. 13, 2017 9:31:45 AM entity.ConfigSegment select
INFOS: FROM ConfigSegment bp ORDER BY segment ASC
juil. 13, 2017 9:31:45 AM entity.ConfigWorkplace select
INFOS: FROM ConfigWorkplace bp ORDER BY workplace ASC
juil. 13, 2017 9:31:49 AM entity.ConfigSegment select
INFOS: FROM ConfigSegment bp ORDER BY segment ASC
juil. 13, 2017 9:31:49 AM entity.ConfigWorkplace select
INFOS: FROM ConfigWorkplace bp ORDER BY workplace ASC
juil. 13, 2017 9:31:55 AM entity.ConfigSegment select
INFOS: FROM ConfigSegment bp ORDER BY segment ASC
juil. 13, 2017 9:32:03 AM entity.ConfigSegment select
INFOS: FROM ConfigSegment bp ORDER BY segment ASC
juil. 13, 2017 9:32:03 AM entity.ConfigWorkplace select
INFOS: FROM ConfigWorkplace bp ORDER BY workplace ASC
juil. 13, 2017 9:33:34 AM entity.ConfigSegment select
INFOS: FROM ConfigSegment bp ORDER BY segment ASC
juil. 13, 2017 9:33:40 AM entity.ConfigSegment select
INFOS: FROM ConfigSegment bp ORDER BY segment ASC
juil. 13, 2017 9:33:40 AM entity.ConfigWorkplace select
INFOS: FROM ConfigWorkplace bp ORDER BY workplace ASC
juil. 13, 2017 9:33:43 AM entity.ConfigSegment select
INFOS: FROM ConfigSegment bp ORDER BY segment ASC
juil. 13, 2017 9:33:43 AM entity.ConfigWorkplace select
INFOS: FROM ConfigWorkplace bp ORDER BY workplace ASC
juil. 13, 2017 9:36:06 AM entity.ConfigSegment select
INFOS: FROM ConfigSegment bp ORDER BY segment ASC
juil. 13, 2017 9:36:06 AM entity.ConfigWorkplace select
INFOS: FROM ConfigWorkplace bp ORDER BY workplace ASC
juil. 13, 2017 9:36:09 AM entity.ConfigSegment select
INFOS: FROM ConfigSegment bp ORDER BY segment ASC
juil. 13, 2017 9:36:09 AM entity.ConfigWorkplace select
INFOS: FROM ConfigWorkplace bp ORDER BY workplace ASC
juil. 13, 2017 9:36:14 AM entity.ConfigSegment select
INFOS: FROM ConfigSegment bp ORDER BY segment ASC
juil. 13, 2017 9:36:14 AM entity.ConfigWorkplace select
INFOS: FROM ConfigWorkplace bp ORDER BY workplace ASC
juil. 13, 2017 9:36:15 AM entity.ConfigSegment select
INFOS: FROM ConfigSegment bp ORDER BY segment ASC
juil. 13, 2017 9:36:15 AM entity.ConfigWorkplace select
INFOS: FROM ConfigWorkplace bp ORDER BY workplace ASC
juil. 13, 2017 9:36:25 AM entity.ConfigSegment select
INFOS: FROM ConfigSegment bp ORDER BY segment ASC
juil. 13, 2017 9:36:25 AM entity.ConfigWorkplace select
INFOS: FROM ConfigWorkplace bp ORDER BY workplace ASC
juil. 13, 2017 9:37:20 AM entity.ConfigSegment select
INFOS: FROM ConfigSegment bp ORDER BY segment ASC
juil. 13, 2017 9:37:20 AM entity.ConfigWorkplace select
INFOS: FROM ConfigWorkplace bp ORDER BY workplace ASC
juil. 13, 2017 9:37:21 AM entity.ConfigSegment select
INFOS: FROM ConfigSegment bp ORDER BY segment ASC
juil. 13, 2017 9:37:21 AM entity.ConfigWorkplace select
INFOS: FROM ConfigWorkplace bp ORDER BY workplace ASC
juil. 13, 2017 9:37:28 AM entity.ConfigSegment select
INFOS: FROM ConfigSegment bp ORDER BY segment ASC
juil. 13, 2017 9:37:28 AM entity.ConfigWorkplace select
INFOS: FROM ConfigWorkplace bp ORDER BY workplace ASC
juil. 13, 2017 9:37:29 AM entity.ConfigSegment select
INFOS: FROM ConfigSegment bp ORDER BY segment ASC
juil. 13, 2017 9:37:29 AM entity.ConfigWorkplace select
INFOS: FROM ConfigWorkplace bp ORDER BY workplace ASC
juil. 13, 2017 9:37:31 AM entity.ConfigSegment select
INFOS: FROM ConfigSegment bp ORDER BY segment ASC
juil. 13, 2017 9:37:31 AM entity.ConfigWorkplace select
INFOS: FROM ConfigWorkplace bp ORDER BY workplace ASC
juil. 13, 2017 9:37:33 AM entity.ConfigSegment select
INFOS: FROM ConfigSegment bp ORDER BY segment ASC
juil. 13, 2017 9:37:33 AM entity.ConfigWorkplace select
INFOS: FROM ConfigWorkplace bp ORDER BY workplace ASC
juil. 13, 2017 9:37:55 AM entity.ConfigSegment select
INFOS: FROM ConfigSegment bp ORDER BY segment ASC
juil. 13, 2017 9:37:55 AM entity.ConfigWorkplace select
INFOS: FROM ConfigWorkplace bp ORDER BY workplace ASC
juil. 13, 2017 9:38:01 AM entity.ConfigSegment select
INFOS: FROM ConfigSegment bp ORDER BY segment ASC
juil. 13, 2017 9:38:01 AM entity.ConfigWorkplace select
INFOS: FROM ConfigWorkplace bp ORDER BY workplace ASC
juil. 13, 2017 9:38:09 AM entity.ConfigSegment select
INFOS: FROM ConfigSegment bp ORDER BY segment ASC
juil. 13, 2017 9:38:09 AM entity.ConfigWorkplace select
INFOS: FROM ConfigWorkplace bp ORDER BY workplace ASC
juil. 13, 2017 9:38:13 AM entity.ConfigSegment select
INFOS: FROM ConfigSegment bp ORDER BY segment ASC
juil. 13, 2017 9:38:13 AM entity.ConfigWorkplace select
INFOS: FROM ConfigWorkplace bp ORDER BY workplace ASC
juil. 13, 2017 9:39:14 AM gui.config.CONFIG_UI0000_AdminPassword checkLoginAndPass
INFOS: User OUSSAMA EZZIOURI / ezou1001 connected to host WSMA7040 at 2017-07-13 09:39:14 Module : Planner.
juil. 13, 2017 9:39:15 AM entity.ConfigSegment select
INFOS: FROM ConfigSegment bp ORDER BY segment ASC
juil. 13, 2017 9:39:15 AM entity.ConfigWorkplace selectBySegment
INFOS: FROM ConfigWorkplace bp WHERE segment = :segment ORDER BY workplace ASC
juil. 13, 2017 9:39:15 AM entity.ConfigProject select
INFOS: FROM ConfigProject bp ORDER BY harnessType ASC
juil. 13, 2017 9:39:22 AM entity.ConfigWorkplace selectBySegment
INFOS: FROM ConfigWorkplace bp WHERE segment = :segment ORDER BY workplace ASC
juil. 13, 2017 9:39:22 AM entity.ConfigWorkplace selectBySegment
INFOS: FROM ConfigWorkplace bp WHERE segment = :segment ORDER BY workplace ASC
juil. 13, 2017 9:42:26 AM entity.ConfigSegment select
INFOS: FROM ConfigSegment bp ORDER BY segment ASC
juil. 13, 2017 9:42:26 AM entity.ConfigSegment select
INFOS: FROM ConfigSegment bp ORDER BY segment ASC
juil. 13, 2017 9:42:26 AM entity.ConfigWorkplace select
INFOS: FROM ConfigWorkplace bp ORDER BY workplace ASC
juil. 13, 2017 9:48:25 AM entity.ConfigSegment select
INFOS: FROM ConfigSegment bp ORDER BY segment ASC
juil. 13, 2017 9:48:25 AM entity.ConfigSegment select
INFOS: FROM ConfigSegment bp ORDER BY segment ASC
juil. 13, 2017 9:48:25 AM entity.ConfigWorkplace select
INFOS: FROM ConfigWorkplace bp ORDER BY workplace ASC
juil. 13, 2017 9:48:33 AM entity.ConfigSegment select
INFOS: FROM ConfigSegment bp ORDER BY segment ASC
juil. 13, 2017 9:48:33 AM entity.ConfigWorkplace select
INFOS: FROM ConfigWorkplace bp ORDER BY workplace ASC
juil. 13, 2017 9:48:35 AM entity.ConfigSegment select
INFOS: FROM ConfigSegment bp ORDER BY segment ASC
juil. 13, 2017 9:48:35 AM entity.ConfigWorkplace select
INFOS: FROM ConfigWorkplace bp ORDER BY workplace ASC
juil. 13, 2017 9:48:35 AM entity.ConfigSegment select
INFOS: FROM ConfigSegment bp ORDER BY segment ASC
juil. 13, 2017 9:48:35 AM entity.ConfigWorkplace select
INFOS: FROM ConfigWorkplace bp ORDER BY workplace ASC
juil. 13, 2017 9:48:36 AM entity.ConfigSegment select
INFOS: FROM ConfigSegment bp ORDER BY segment ASC
juil. 13, 2017 9:48:36 AM entity.ConfigWorkplace select
INFOS: FROM ConfigWorkplace bp ORDER BY workplace ASC
juil. 13, 2017 9:48:46 AM entity.ConfigSegment select
INFOS: FROM ConfigSegment bp ORDER BY segment ASC
juil. 13, 2017 9:48:46 AM entity.ConfigWorkplace select
INFOS: FROM ConfigWorkplace bp ORDER BY workplace ASC
juil. 13, 2017 9:49:04 AM entity.ConfigSegment select
INFOS: FROM ConfigSegment bp ORDER BY segment ASC
juil. 13, 2017 9:49:04 AM entity.ConfigWorkplace select
INFOS: FROM ConfigWorkplace bp ORDER BY workplace ASC
juil. 13, 2017 9:52:28 AM entity.ConfigSegment select
INFOS: FROM ConfigSegment bp ORDER BY segment ASC
juil. 13, 2017 9:52:28 AM entity.ConfigSegment select
INFOS: FROM ConfigSegment bp ORDER BY segment ASC
juil. 13, 2017 9:52:28 AM entity.ConfigWorkplace select
INFOS: FROM ConfigWorkplace bp ORDER BY workplace ASC
juil. 13, 2017 9:52:33 AM entity.ConfigSegment select
INFOS: FROM ConfigSegment bp ORDER BY segment ASC
juil. 13, 2017 9:52:33 AM entity.ConfigWorkplace select
INFOS: FROM ConfigWorkplace bp ORDER BY workplace ASC
juil. 13, 2017 9:52:33 AM entity.ConfigSegment select
INFOS: FROM ConfigSegment bp ORDER BY segment ASC
juil. 13, 2017 9:52:33 AM entity.ConfigWorkplace select
INFOS: FROM ConfigWorkplace bp ORDER BY workplace ASC
juil. 13, 2017 9:52:34 AM entity.ConfigSegment select
INFOS: FROM ConfigSegment bp ORDER BY segment ASC
juil. 13, 2017 9:52:34 AM entity.ConfigWorkplace select
INFOS: FROM ConfigWorkplace bp ORDER BY workplace ASC
juil. 13, 2017 9:52:46 AM entity.ConfigSegment select
INFOS: FROM ConfigSegment bp ORDER BY segment ASC
juil. 13, 2017 9:52:46 AM entity.ConfigWorkplace select
INFOS: FROM ConfigWorkplace bp ORDER BY workplace ASC
juil. 13, 2017 9:55:25 AM entity.ConfigSegment select
INFOS: FROM ConfigSegment bp ORDER BY segment ASC
juil. 13, 2017 9:55:25 AM entity.ConfigWorkplace select
INFOS: FROM ConfigWorkplace bp ORDER BY workplace ASC
juil. 13, 2017 9:55:28 AM entity.ConfigSegment select
INFOS: FROM ConfigSegment bp ORDER BY segment ASC
juil. 13, 2017 9:55:28 AM entity.ConfigWorkplace select
INFOS: FROM ConfigWorkplace bp ORDER BY workplace ASC
juil. 13, 2017 9:55:28 AM entity.ConfigSegment select
INFOS: FROM ConfigSegment bp ORDER BY segment ASC
juil. 13, 2017 9:55:28 AM entity.ConfigWorkplace select
INFOS: FROM ConfigWorkplace bp ORDER BY workplace ASC
juil. 13, 2017 9:55:29 AM entity.ConfigSegment select
INFOS: FROM ConfigSegment bp ORDER BY segment ASC
juil. 13, 2017 9:55:29 AM entity.ConfigWorkplace select
INFOS: FROM ConfigWorkplace bp ORDER BY workplace ASC
juil. 13, 2017 9:55:29 AM entity.ConfigSegment select
INFOS: FROM ConfigSegment bp ORDER BY segment ASC
juil. 13, 2017 9:55:29 AM entity.ConfigWorkplace select
INFOS: FROM ConfigWorkplace bp ORDER BY workplace ASC
juil. 13, 2017 9:56:51 AM entity.ConfigSegment select
INFOS: FROM ConfigSegment bp ORDER BY segment ASC
juil. 13, 2017 9:57:00 AM entity.ConfigSegment select
INFOS: FROM ConfigSegment bp ORDER BY segment ASC
juil. 13, 2017 9:57:00 AM entity.ConfigWorkplace select
INFOS: FROM ConfigWorkplace bp ORDER BY workplace ASC
juil. 13, 2017 9:57:07 AM entity.ConfigSegment select
INFOS: FROM ConfigSegment bp ORDER BY segment ASC
juil. 13, 2017 9:57:07 AM entity.ConfigWorkplace select
INFOS: FROM ConfigWorkplace bp ORDER BY workplace ASC
juil. 13, 2017 9:57:10 AM entity.ConfigSegment select
INFOS: FROM ConfigSegment bp ORDER BY segment ASC
juil. 13, 2017 9:57:10 AM entity.ConfigWorkplace select
INFOS: FROM ConfigWorkplace bp ORDER BY workplace ASC
juil. 13, 2017 9:57:13 AM entity.ConfigSegment select
INFOS: FROM ConfigSegment bp ORDER BY segment ASC
juil. 13, 2017 9:57:13 AM entity.ConfigWorkplace select
INFOS: FROM ConfigWorkplace bp ORDER BY workplace ASC
juil. 13, 2017 9:57:16 AM entity.ConfigSegment select
INFOS: FROM ConfigSegment bp ORDER BY segment ASC
juil. 13, 2017 9:57:16 AM entity.ConfigWorkplace select
INFOS: FROM ConfigWorkplace bp ORDER BY workplace ASC
juil. 13, 2017 9:57:16 AM entity.ConfigSegment select
INFOS: FROM ConfigSegment bp ORDER BY segment ASC
juil. 13, 2017 9:57:16 AM entity.ConfigWorkplace select
INFOS: FROM ConfigWorkplace bp ORDER BY workplace ASC
juil. 13, 2017 12:27:59 PM entity.ConfigSegment select
INFOS: FROM ConfigSegment bp ORDER BY segment ASC
juil. 13, 2017 12:28:02 PM entity.ConfigSegment select
INFOS: FROM ConfigSegment bp ORDER BY segment ASC
juil. 13, 2017 12:28:02 PM entity.ConfigWorkplace select
INFOS: FROM ConfigWorkplace bp ORDER BY workplace ASC
juil. 13, 2017 12:28:07 PM entity.ConfigSegment select
INFOS: FROM ConfigSegment bp ORDER BY segment ASC
juil. 13, 2017 12:28:07 PM entity.ConfigWorkplace select
INFOS: FROM ConfigWorkplace bp ORDER BY workplace ASC
