août 11, 2016 8:07:48 AM helper.Helper InitDailyDestPrintDir
INFOS: Print directory [.\print\2016_08_11] is created!
Print sub directory [.\print\2016_08_11.\open_sheet] is created!
Print sub directory [.\print\2016_08_11.\closing_sheet] is created!
Print sub directory [.\print\2016_08_11.\picking_label] is created!

août 11, 2016 8:07:54 AM entity.ConfigProject select
INFOS: FROM ConfigProject bp ORDER BY harnessType ASC
août 11, 2016 8:07:54 AM entity.ConfigProject select
INFOS: FROM ConfigProject bp ORDER BY harnessType ASC
août 11, 2016 8:07:58 AM entity.ConfigProject select
INFOS: FROM ConfigProject bp ORDER BY harnessType ASC
août 11, 2016 8:08:01 AM entity.ConfigProject select
INFOS: FROM ConfigProject bp ORDER BY harnessType ASC
août 11, 2016 8:08:05 AM entity.ConfigProject select
INFOS: FROM ConfigProject bp ORDER BY harnessType ASC
août 11, 2016 8:08:48 AM helper.Helper InitDailyDestPrintDir
INFOS: Print directory [.\print\2016_08_11] already exist!
Print sub directory [.\print\2016_08_11.\open_sheet] already exist!
Print sub directory [.\print\2016_08_11.\closing_sheet] already exist!
Print sub directory [.\print\2016_08_11.\picking_label] already exist!

août 11, 2016 8:08:50 AM entity.ConfigProject select
INFOS: FROM ConfigProject bp ORDER BY harnessType ASC
août 11, 2016 8:08:50 AM entity.ConfigProject select
INFOS: FROM ConfigProject bp ORDER BY harnessType ASC
août 11, 2016 8:08:52 AM entity.ConfigProject select
INFOS: FROM ConfigProject bp ORDER BY harnessType ASC
