avr. 08, 2016 9:58:50 AM helper.Helper InitDailyDestPrintDir
INFOS: Print directory [.\print\2016_04_08] is created!
Print sub directory [.\print\2016_04_08.\open_sheet] is created!
Print sub directory [.\print\2016_04_08.\closing_sheet] is created!
Print sub directory [.\print\2016_04_08.\picking_label] is created!

avr. 08, 2016 9:59:40 AM entity.BaseContainer checkContainerByState
INFOS: Searching Container [200000242] in BaseContainer.
avr. 08, 2016 9:59:40 AM entity.BaseContainer checkContainerByState
INFOS: FROM BaseContainer bc WHERE bc.palletNumber = :palletNumber AND bc.containerState = :state
avr. 08, 2016 10:00:51 AM helper.Helper InitDailyDestPrintDir
INFOS: Print directory [.\print\2016_04_08] already exist!
Print sub directory [.\print\2016_04_08.\open_sheet] already exist!
Print sub directory [.\print\2016_04_08.\closing_sheet] already exist!
Print sub directory [.\print\2016_04_08.\picking_label] already exist!

avr. 08, 2016 10:00:58 AM entity.BaseContainer checkContainerByState
INFOS: Searching Container [200000242] in BaseContainer.
avr. 08, 2016 10:00:59 AM entity.BaseContainer checkContainerByState
INFOS: FROM BaseContainer bc WHERE bc.palletNumber = :palletNumber AND bc.containerState = :state
avr. 08, 2016 10:01:25 AM helper.Helper InitDailyDestPrintDir
INFOS: Print directory [.\print\2016_04_08] already exist!
Print sub directory [.\print\2016_04_08.\open_sheet] already exist!
Print sub directory [.\print\2016_04_08.\closing_sheet] already exist!
Print sub directory [.\print\2016_04_08.\picking_label] already exist!

avr. 08, 2016 10:02:11 AM helper.Helper InitDailyDestPrintDir
INFOS: Print directory [.\print\2016_04_08] already exist!
Print sub directory [.\print\2016_04_08.\open_sheet] already exist!
Print sub directory [.\print\2016_04_08.\closing_sheet] already exist!
Print sub directory [.\print\2016_04_08.\picking_label] already exist!

avr. 08, 2016 10:02:24 AM entity.BaseContainer checkContainerByState
INFOS: Searching Container [200000242] in BaseContainer.
avr. 08, 2016 10:02:24 AM entity.BaseContainer checkContainerByState
INFOS: FROM BaseContainer bc WHERE bc.palletNumber = :palletNumber AND bc.containerState = :state
avr. 08, 2016 11:25:59 AM helper.Helper InitDailyDestPrintDir
INFOS: Print directory [.\print\2016_04_08] already exist!
Print sub directory [.\print\2016_04_08.\open_sheet] already exist!
Print sub directory [.\print\2016_04_08.\closing_sheet] already exist!
Print sub directory [.\print\2016_04_08.\picking_label] already exist!

avr. 08, 2016 11:26:02 AM entity.ConfigProject select
INFOS: FROM ConfigProject bp ORDER BY harnessType ASC
avr. 08, 2016 11:26:36 AM entity.ConfigProject select
INFOS: FROM ConfigProject bp ORDER BY harnessType ASC
avr. 08, 2016 11:35:49 AM entity.ConfigProject select
INFOS: FROM ConfigProject bp ORDER BY harnessType ASC
avr. 08, 2016 11:35:49 AM entity.ConfigProject select
INFOS: FROM ConfigProject bp ORDER BY harnessType ASC
avr. 08, 2016 11:39:36 AM helper.Helper InitDailyDestPrintDir
INFOS: Print directory [.\print\2016_04_08] already exist!
Print sub directory [.\print\2016_04_08.\open_sheet] already exist!
Print sub directory [.\print\2016_04_08.\closing_sheet] already exist!
Print sub directory [.\print\2016_04_08.\picking_label] already exist!

avr. 08, 2016 11:39:37 AM entity.ConfigProject select
INFOS: FROM ConfigProject bp ORDER BY harnessType ASC
avr. 08, 2016 11:39:37 AM entity.ConfigProject select
INFOS: FROM ConfigProject bp ORDER BY harnessType ASC
avr. 08, 2016 11:39:41 AM gui.UI0000_ModuleChoice PACKAGING_MODULEActionPerformed
AVERTISSEMENT: Already running.
avr. 08, 2016 11:39:43 AM gui.UI0000_ModuleChoice PACKAGING_MODULEActionPerformed
AVERTISSEMENT: Already running.
avr. 08, 2016 11:44:18 AM helper.Helper InitDailyDestPrintDir
INFOS: Print directory [.\print\2016_04_08] already exist!
Print sub directory [.\print\2016_04_08.\open_sheet] already exist!
Print sub directory [.\print\2016_04_08.\closing_sheet] already exist!
Print sub directory [.\print\2016_04_08.\picking_label] already exist!

avr. 08, 2016 11:47:49 AM helper.Helper InitDailyDestPrintDir
INFOS: Print directory [.\print\2016_04_08] already exist!
Print sub directory [.\print\2016_04_08.\open_sheet] already exist!
Print sub directory [.\print\2016_04_08.\closing_sheet] already exist!
Print sub directory [.\print\2016_04_08.\picking_label] already exist!

avr. 08, 2016 11:47:50 AM entity.ConfigProject select
INFOS: FROM ConfigProject bp ORDER BY harnessType ASC
avr. 08, 2016 11:47:50 AM entity.ConfigProject select
INFOS: FROM ConfigProject bp ORDER BY harnessType ASC
avr. 08, 2016 11:47:56 AM entity.ConfigProject select
INFOS: FROM ConfigProject bp ORDER BY harnessType ASC
avr. 08, 2016 11:47:56 AM entity.ConfigProject select
INFOS: FROM ConfigProject bp ORDER BY harnessType ASC
avr. 08, 2016 11:48:01 AM entity.ConfigProject select
INFOS: FROM ConfigProject bp ORDER BY harnessType ASC
avr. 08, 2016 11:48:01 AM entity.ConfigProject select
INFOS: FROM ConfigProject bp ORDER BY harnessType ASC
avr. 08, 2016 11:48:11 AM gui.planner.PLANNER_UI0002_AdminPassword checkLoginAndPass
INFOS: User Admin   / 0 connected to host WSMA7040 at 2016-04-08 11:48:11 Module : Planner.
avr. 08, 2016 11:48:11 AM entity.ConfigProject select
INFOS: FROM ConfigProject bp ORDER BY harnessType ASC
avr. 08, 2016 11:48:11 AM entity.ConfigShift select
INFOS: FROM ConfigShift cs ORDER BY startHour ASC
avr. 08, 2016 11:49:40 AM helper.Helper InitDailyDestPrintDir
INFOS: Print directory [.\print\2016_04_08] already exist!
Print sub directory [.\print\2016_04_08.\open_sheet] already exist!
Print sub directory [.\print\2016_04_08.\closing_sheet] already exist!
Print sub directory [.\print\2016_04_08.\picking_label] already exist!

avr. 08, 2016 11:49:44 AM gui.planner.PLANNER_UI0002_AdminPassword checkLoginAndPass
INFOS: User Admin   / 0 connected to host WSMA7040 at 2016-04-08 11:49:44 Module : Planner.
avr. 08, 2016 11:49:44 AM entity.ConfigProject select
INFOS: FROM ConfigProject bp ORDER BY harnessType ASC
avr. 08, 2016 11:49:44 AM entity.ConfigShift select
INFOS: FROM ConfigShift cs ORDER BY startHour ASC
avr. 08, 2016 11:49:50 AM gui.planner.PLANNER_UI0002_AdminPassword checkLoginAndPass
INFOS: User Admin   / 0 connected to host WSMA7040 at 2016-04-08 11:49:50 Module : Planner.
avr. 08, 2016 11:49:50 AM entity.ConfigProject select
INFOS: FROM ConfigProject bp ORDER BY harnessType ASC
avr. 08, 2016 11:49:50 AM entity.ConfigShift select
INFOS: FROM ConfigShift cs ORDER BY startHour ASC
avr. 08, 2016 11:49:53 AM entity.ConfigProject select
INFOS: FROM ConfigProject bp ORDER BY harnessType ASC
avr. 08, 2016 11:49:53 AM entity.ConfigProject select
INFOS: FROM ConfigProject bp ORDER BY harnessType ASC
avr. 08, 2016 12:15:06 PM helper.Helper InitDailyDestPrintDir
INFOS: Print directory [.\print\2016_04_08] already exist!
Print sub directory [.\print\2016_04_08.\open_sheet] already exist!
Print sub directory [.\print\2016_04_08.\closing_sheet] already exist!
Print sub directory [.\print\2016_04_08.\picking_label] already exist!

avr. 08, 2016 12:17:29 PM helper.Helper InitDailyDestPrintDir
INFOS: Print directory [.\print\2016_04_08] already exist!
Print sub directory [.\print\2016_04_08.\open_sheet] already exist!
Print sub directory [.\print\2016_04_08.\closing_sheet] already exist!
Print sub directory [.\print\2016_04_08.\picking_label] already exist!

avr. 08, 2016 12:18:15 PM helper.Helper InitDailyDestPrintDir
INFOS: Print directory [.\print\2016_04_08] already exist!
Print sub directory [.\print\2016_04_08.\open_sheet] already exist!
Print sub directory [.\print\2016_04_08.\closing_sheet] already exist!
Print sub directory [.\print\2016_04_08.\picking_label] already exist!

