juil. 13, 2017 1:04:39 PM helper.Helper InitDailyDestPrintDir
INFOS: Print directory [.\print\2017_07_13] is created!
Print sub directory [.\print\2017_07_13.\open_sheet] is created!
Print sub directory [.\print\2017_07_13.\closing_sheet] is created!
Print sub directory [.\print\2017_07_13.\picking_label] is created!
Print sub directory [.\print\2017_07_13.\dispatch_label] is created!

juil. 13, 2017 1:05:02 PM gui.warehouse_dispatch.WAREHOUSE_DISPATCH_UI0003_PasswordRequest connect
INFOS: User OUSSAMA EZZIOURI / ezou1001 connected to host WSMA7040 at 2017-07-13 13:05:02 Dispatch interface : .
juil. 13, 2017 2:27:04 PM gui.packaging.PACKAGING_UI0001_Main loadBarcodeConfig
INFOS: FROM ConfigBarcode cb WHERE cb.keyWord = :keyWord ORDER BY id ASC
juil. 13, 2017 2:27:04 PM entity.ConfigProject select
INFOS: FROM ConfigProject bp ORDER BY harnessType ASC
juil. 13, 2017 2:27:04 PM entity.ConfigProject select
INFOS: FROM ConfigProject bp ORDER BY harnessType ASC
juil. 13, 2017 2:27:07 PM entity.ConfigProject select
INFOS: FROM ConfigProject bp ORDER BY harnessType ASC
juil. 13, 2017 3:09:38 PM entity.ConfigSegment select
INFOS: FROM ConfigSegment bp ORDER BY segment ASC
juil. 13, 2017 3:09:38 PM entity.ConfigSegment select
INFOS: FROM ConfigSegment bp ORDER BY segment ASC
juil. 13, 2017 3:09:38 PM entity.ConfigWorkplace select
INFOS: FROM ConfigWorkplace bp ORDER BY workplace ASC
juil. 13, 2017 3:09:39 PM entity.ConfigSegment select
INFOS: FROM ConfigSegment bp ORDER BY segment ASC
juil. 13, 2017 3:09:39 PM entity.ConfigWorkplace select
INFOS: FROM ConfigWorkplace bp ORDER BY workplace ASC
juil. 13, 2017 3:09:39 PM entity.ConfigSegment select
INFOS: FROM ConfigSegment bp ORDER BY segment ASC
juil. 13, 2017 3:09:39 PM entity.ConfigWorkplace select
INFOS: FROM ConfigWorkplace bp ORDER BY workplace ASC
juil. 13, 2017 3:09:41 PM entity.ConfigSegment select
INFOS: FROM ConfigSegment bp ORDER BY segment ASC
juil. 13, 2017 3:09:41 PM entity.ConfigWorkplace select
INFOS: FROM ConfigWorkplace bp ORDER BY workplace ASC
juil. 13, 2017 3:09:42 PM entity.ConfigSegment select
INFOS: FROM ConfigSegment bp ORDER BY segment ASC
juil. 13, 2017 3:09:42 PM entity.ConfigWorkplace select
INFOS: FROM ConfigWorkplace bp ORDER BY workplace ASC
juil. 13, 2017 3:13:10 PM entity.ConfigSegment select
INFOS: FROM ConfigSegment bp ORDER BY segment ASC
juil. 13, 2017 3:13:10 PM entity.ConfigSegment select
INFOS: FROM ConfigSegment bp ORDER BY segment ASC
juil. 13, 2017 3:13:10 PM entity.ConfigWorkplace select
INFOS: FROM ConfigWorkplace bp ORDER BY workplace ASC
juil. 13, 2017 3:13:13 PM entity.ConfigSegment select
INFOS: FROM ConfigSegment bp ORDER BY segment ASC
juil. 13, 2017 3:13:13 PM entity.ConfigWorkplace select
INFOS: FROM ConfigWorkplace bp ORDER BY workplace ASC
juil. 13, 2017 3:13:13 PM entity.ConfigSegment select
INFOS: FROM ConfigSegment bp ORDER BY segment ASC
juil. 13, 2017 3:13:13 PM entity.ConfigWorkplace select
INFOS: FROM ConfigWorkplace bp ORDER BY workplace ASC
juil. 13, 2017 3:13:13 PM entity.ConfigSegment select
INFOS: FROM ConfigSegment bp ORDER BY segment ASC
juil. 13, 2017 3:13:13 PM entity.ConfigWorkplace select
INFOS: FROM ConfigWorkplace bp ORDER BY workplace ASC
juil. 13, 2017 3:14:25 PM entity.ConfigSegment select
INFOS: FROM ConfigSegment bp ORDER BY segment ASC
juil. 13, 2017 3:14:27 PM entity.ConfigSegment select
INFOS: FROM ConfigSegment bp ORDER BY segment ASC
juil. 13, 2017 3:14:27 PM entity.ConfigWorkplace select
INFOS: FROM ConfigWorkplace bp ORDER BY workplace ASC
juil. 13, 2017 3:14:28 PM entity.ConfigSegment select
INFOS: FROM ConfigSegment bp ORDER BY segment ASC
juil. 13, 2017 3:14:28 PM entity.ConfigWorkplace select
INFOS: FROM ConfigWorkplace bp ORDER BY workplace ASC
juil. 13, 2017 3:14:28 PM entity.ConfigSegment select
INFOS: FROM ConfigSegment bp ORDER BY segment ASC
juil. 13, 2017 3:14:28 PM entity.ConfigWorkplace select
INFOS: FROM ConfigWorkplace bp ORDER BY workplace ASC
juil. 13, 2017 3:14:29 PM entity.ConfigSegment select
INFOS: FROM ConfigSegment bp ORDER BY segment ASC
juil. 13, 2017 3:14:29 PM entity.ConfigWorkplace select
INFOS: FROM ConfigWorkplace bp ORDER BY workplace ASC
juil. 13, 2017 3:14:33 PM entity.ConfigSegment select
INFOS: FROM ConfigSegment bp ORDER BY segment ASC
juil. 13, 2017 3:14:33 PM entity.ConfigWorkplace select
INFOS: FROM ConfigWorkplace bp ORDER BY workplace ASC
juil. 13, 2017 3:14:34 PM entity.ConfigSegment select
INFOS: FROM ConfigSegment bp ORDER BY segment ASC
juil. 13, 2017 3:14:34 PM entity.ConfigWorkplace select
INFOS: FROM ConfigWorkplace bp ORDER BY workplace ASC
juil. 13, 2017 3:14:34 PM entity.ConfigSegment select
INFOS: FROM ConfigSegment bp ORDER BY segment ASC
juil. 13, 2017 3:14:34 PM entity.ConfigWorkplace select
INFOS: FROM ConfigWorkplace bp ORDER BY workplace ASC
juil. 13, 2017 3:14:35 PM entity.ConfigSegment select
INFOS: FROM ConfigSegment bp ORDER BY segment ASC
juil. 13, 2017 3:14:35 PM entity.ConfigWorkplace select
INFOS: FROM ConfigWorkplace bp ORDER BY workplace ASC
juil. 13, 2017 3:14:35 PM entity.ConfigSegment select
INFOS: FROM ConfigSegment bp ORDER BY segment ASC
juil. 13, 2017 3:14:35 PM entity.ConfigWorkplace select
INFOS: FROM ConfigWorkplace bp ORDER BY workplace ASC
juil. 13, 2017 3:14:39 PM entity.ConfigSegment select
INFOS: FROM ConfigSegment bp ORDER BY segment ASC
juil. 13, 2017 3:14:39 PM entity.ConfigWorkplace select
INFOS: FROM ConfigWorkplace bp ORDER BY workplace ASC
juil. 13, 2017 3:14:40 PM entity.ConfigSegment select
INFOS: FROM ConfigSegment bp ORDER BY segment ASC
juil. 13, 2017 3:14:40 PM entity.ConfigWorkplace select
INFOS: FROM ConfigWorkplace bp ORDER BY workplace ASC
juil. 13, 2017 3:14:40 PM entity.ConfigSegment select
INFOS: FROM ConfigSegment bp ORDER BY segment ASC
juil. 13, 2017 3:14:40 PM entity.ConfigWorkplace select
INFOS: FROM ConfigWorkplace bp ORDER BY workplace ASC
juil. 13, 2017 3:14:48 PM entity.ConfigSegment select
INFOS: FROM ConfigSegment bp ORDER BY segment ASC
juil. 13, 2017 3:14:48 PM entity.ConfigWorkplace select
INFOS: FROM ConfigWorkplace bp ORDER BY workplace ASC
juil. 13, 2017 3:14:57 PM entity.ConfigSegment select
INFOS: FROM ConfigSegment bp ORDER BY segment ASC
juil. 13, 2017 3:14:57 PM entity.ConfigWorkplace select
INFOS: FROM ConfigWorkplace bp ORDER BY workplace ASC
juil. 13, 2017 3:34:57 PM entity.ConfigSegment select
INFOS: FROM ConfigSegment bp ORDER BY segment ASC
juil. 13, 2017 3:34:57 PM entity.ConfigWorkplace select
INFOS: FROM ConfigWorkplace bp ORDER BY workplace ASC
juil. 13, 2017 3:34:57 PM entity.ConfigSegment select
INFOS: FROM ConfigSegment bp ORDER BY segment ASC
juil. 13, 2017 3:34:57 PM entity.ConfigWorkplace select
INFOS: FROM ConfigWorkplace bp ORDER BY workplace ASC
juil. 13, 2017 3:34:57 PM entity.ConfigSegment select
INFOS: FROM ConfigSegment bp ORDER BY segment ASC
juil. 13, 2017 3:34:57 PM entity.ConfigWorkplace select
INFOS: FROM ConfigWorkplace bp ORDER BY workplace ASC
juil. 13, 2017 3:34:57 PM entity.ConfigSegment select
INFOS: FROM ConfigSegment bp ORDER BY segment ASC
juil. 13, 2017 3:34:57 PM entity.ConfigWorkplace select
INFOS: FROM ConfigWorkplace bp ORDER BY workplace ASC
juil. 13, 2017 3:34:59 PM entity.ConfigSegment select
INFOS: FROM ConfigSegment bp ORDER BY segment ASC
juil. 13, 2017 3:34:59 PM entity.ConfigWorkplace select
INFOS: FROM ConfigWorkplace bp ORDER BY workplace ASC
juil. 13, 2017 3:34:59 PM entity.ConfigSegment select
INFOS: FROM ConfigSegment bp ORDER BY segment ASC
juil. 13, 2017 3:34:59 PM entity.ConfigWorkplace select
INFOS: FROM ConfigWorkplace bp ORDER BY workplace ASC
juil. 13, 2017 3:35:00 PM entity.ConfigSegment select
INFOS: FROM ConfigSegment bp ORDER BY segment ASC
juil. 13, 2017 3:35:00 PM entity.ConfigWorkplace select
INFOS: FROM ConfigWorkplace bp ORDER BY workplace ASC
juil. 13, 2017 3:35:00 PM entity.ConfigSegment select
INFOS: FROM ConfigSegment bp ORDER BY segment ASC
juil. 13, 2017 3:35:00 PM entity.ConfigWorkplace select
INFOS: FROM ConfigWorkplace bp ORDER BY workplace ASC
juil. 13, 2017 3:35:01 PM entity.ConfigSegment select
INFOS: FROM ConfigSegment bp ORDER BY segment ASC
juil. 13, 2017 3:35:01 PM entity.ConfigWorkplace select
INFOS: FROM ConfigWorkplace bp ORDER BY workplace ASC
juil. 13, 2017 3:35:03 PM entity.ConfigSegment select
INFOS: FROM ConfigSegment bp ORDER BY segment ASC
juil. 13, 2017 3:35:04 PM entity.ConfigWorkplace select
INFOS: FROM ConfigWorkplace bp ORDER BY workplace ASC
juil. 13, 2017 3:35:04 PM entity.ConfigSegment select
INFOS: FROM ConfigSegment bp ORDER BY segment ASC
juil. 13, 2017 3:35:04 PM entity.ConfigWorkplace select
INFOS: FROM ConfigWorkplace bp ORDER BY workplace ASC
juil. 13, 2017 3:35:04 PM entity.ConfigSegment select
INFOS: FROM ConfigSegment bp ORDER BY segment ASC
juil. 13, 2017 3:35:04 PM entity.ConfigWorkplace select
INFOS: FROM ConfigWorkplace bp ORDER BY workplace ASC
juil. 13, 2017 3:35:04 PM entity.ConfigSegment select
INFOS: FROM ConfigSegment bp ORDER BY segment ASC
juil. 13, 2017 3:35:04 PM entity.ConfigWorkplace select
INFOS: FROM ConfigWorkplace bp ORDER BY workplace ASC
juil. 13, 2017 3:35:06 PM entity.ConfigSegment select
INFOS: FROM ConfigSegment bp ORDER BY segment ASC
juil. 13, 2017 3:35:06 PM entity.ConfigWorkplace select
INFOS: FROM ConfigWorkplace bp ORDER BY workplace ASC
juil. 13, 2017 3:35:09 PM entity.ConfigSegment select
INFOS: FROM ConfigSegment bp ORDER BY segment ASC
juil. 13, 2017 3:35:09 PM entity.ConfigWorkplace select
INFOS: FROM ConfigWorkplace bp ORDER BY workplace ASC
juil. 13, 2017 3:36:53 PM entity.ConfigSegment select
INFOS: FROM ConfigSegment bp ORDER BY segment ASC
juil. 13, 2017 3:36:53 PM entity.ConfigWorkplace select
INFOS: FROM ConfigWorkplace bp ORDER BY workplace ASC
juil. 13, 2017 3:37:20 PM entity.ConfigSegment select
INFOS: FROM ConfigSegment bp ORDER BY segment ASC
juil. 13, 2017 3:37:20 PM entity.ConfigWorkplace select
INFOS: FROM ConfigWorkplace bp ORDER BY workplace ASC
juil. 13, 2017 3:37:25 PM entity.ConfigSegment select
INFOS: FROM ConfigSegment bp ORDER BY segment ASC
juil. 13, 2017 3:37:25 PM entity.ConfigWorkplace select
INFOS: FROM ConfigWorkplace bp ORDER BY workplace ASC
juil. 13, 2017 3:37:27 PM entity.ConfigSegment select
INFOS: FROM ConfigSegment bp ORDER BY segment ASC
juil. 13, 2017 3:37:27 PM entity.ConfigWorkplace select
INFOS: FROM ConfigWorkplace bp ORDER BY workplace ASC
juil. 13, 2017 3:37:29 PM entity.ConfigSegment select
INFOS: FROM ConfigSegment bp ORDER BY segment ASC
juil. 13, 2017 3:37:29 PM entity.ConfigWorkplace select
INFOS: FROM ConfigWorkplace bp ORDER BY workplace ASC
juil. 13, 2017 3:37:30 PM entity.ConfigSegment select
INFOS: FROM ConfigSegment bp ORDER BY segment ASC
juil. 13, 2017 3:37:30 PM entity.ConfigWorkplace select
INFOS: FROM ConfigWorkplace bp ORDER BY workplace ASC
juil. 13, 2017 3:37:53 PM entity.ConfigSegment select
INFOS: FROM ConfigSegment bp ORDER BY segment ASC
juil. 13, 2017 3:37:53 PM entity.ConfigWorkplace select
INFOS: FROM ConfigWorkplace bp ORDER BY workplace ASC
juil. 13, 2017 3:37:59 PM entity.ConfigSegment select
INFOS: FROM ConfigSegment bp ORDER BY segment ASC
juil. 13, 2017 3:37:59 PM entity.ConfigWorkplace select
INFOS: FROM ConfigWorkplace bp ORDER BY workplace ASC
juil. 13, 2017 3:41:00 PM entity.ConfigSegment select
INFOS: FROM ConfigSegment bp ORDER BY segment ASC
juil. 13, 2017 3:41:33 PM gui.config.CONFIG_UI0000_AdminPassword checkLoginAndPass
INFOS: User OUSSAMA EZZIOURI / ezou1001 connected to host WSMA7040 at 2017-07-13 15:41:33 Module : Planner.
juil. 13, 2017 3:41:33 PM entity.ConfigSegment select
INFOS: FROM ConfigSegment bp ORDER BY segment ASC
juil. 13, 2017 3:41:33 PM entity.ConfigWorkplace selectBySegment
INFOS: FROM ConfigWorkplace bp WHERE segment = :segment ORDER BY workplace ASC
juil. 13, 2017 3:41:33 PM entity.ConfigProject select
INFOS: FROM ConfigProject bp ORDER BY harnessType ASC
juil. 13, 2017 3:43:57 PM entity.ConfigWorkplace selectBySegment
INFOS: FROM ConfigWorkplace bp WHERE segment = :segment ORDER BY workplace ASC
juil. 13, 2017 3:43:57 PM entity.ConfigWorkplace selectBySegment
INFOS: FROM ConfigWorkplace bp WHERE segment = :segment ORDER BY workplace ASC
juil. 13, 2017 3:44:08 PM entity.ConfigWorkplace selectBySegment
INFOS: FROM ConfigWorkplace bp WHERE segment = :segment ORDER BY workplace ASC
juil. 13, 2017 3:44:08 PM entity.ConfigWorkplace selectBySegment
INFOS: FROM ConfigWorkplace bp WHERE segment = :segment ORDER BY workplace ASC
juil. 13, 2017 3:44:42 PM gui.packaging_warehouse.PACKAGING_WAREHOUSE_UI0001_PasswordRequest connect
INFOS: User OUSSAMA EZZIOURI / ezou1001 connected to host WSMA7040 at 2017-07-13 15:44:42 Packaging warehouse interface : .
juil. 13, 2017 3:45:36 PM entity.ConfigSegment select
INFOS: FROM ConfigSegment bp ORDER BY segment ASC
juil. 13, 2017 3:45:36 PM entity.ConfigSegment select
INFOS: FROM ConfigSegment bp ORDER BY segment ASC
juil. 13, 2017 3:45:36 PM entity.ConfigWorkplace select
INFOS: FROM ConfigWorkplace bp ORDER BY workplace ASC
juil. 13, 2017 3:45:41 PM entity.ConfigSegment select
INFOS: FROM ConfigSegment bp ORDER BY segment ASC
juil. 13, 2017 3:45:41 PM entity.ConfigWorkplace select
INFOS: FROM ConfigWorkplace bp ORDER BY workplace ASC
juil. 13, 2017 3:45:41 PM entity.ConfigSegment select
INFOS: FROM ConfigSegment bp ORDER BY segment ASC
juil. 13, 2017 3:45:41 PM entity.ConfigWorkplace select
INFOS: FROM ConfigWorkplace bp ORDER BY workplace ASC
juil. 13, 2017 3:45:42 PM entity.ConfigSegment select
INFOS: FROM ConfigSegment bp ORDER BY segment ASC
juil. 13, 2017 3:45:42 PM entity.ConfigWorkplace select
INFOS: FROM ConfigWorkplace bp ORDER BY workplace ASC
juil. 13, 2017 3:54:19 PM helper.Helper InitDailyDestPrintDir
INFOS: Print directory [.\print\2017_07_13] already exist!
Print sub directory [.\print\2017_07_13.\open_sheet] already exist!
Print sub directory [.\print\2017_07_13.\closing_sheet] already exist!
Print sub directory [.\print\2017_07_13.\picking_label] already exist!
Print sub directory [.\print\2017_07_13.\dispatch_label] already exist!

juil. 13, 2017 3:54:21 PM gui.packaging.PACKAGING_UI0001_Main loadBarcodeConfig
INFOS: FROM ConfigBarcode cb WHERE cb.keyWord = :keyWord ORDER BY id ASC
juil. 13, 2017 3:54:21 PM entity.ConfigProject select
INFOS: FROM ConfigProject bp ORDER BY harnessType ASC
juil. 13, 2017 3:54:21 PM entity.ConfigProject select
INFOS: FROM ConfigProject bp ORDER BY harnessType ASC
juil. 13, 2017 3:54:23 PM entity.ConfigSegment select
INFOS: FROM ConfigSegment bp ORDER BY segment ASC
juil. 13, 2017 3:54:23 PM entity.ConfigSegment select
INFOS: FROM ConfigSegment bp ORDER BY segment ASC
juil. 13, 2017 3:54:23 PM entity.ConfigWorkplace select
INFOS: FROM ConfigWorkplace bp ORDER BY workplace ASC
juil. 13, 2017 3:54:25 PM entity.ConfigSegment select
INFOS: FROM ConfigSegment bp ORDER BY segment ASC
juil. 13, 2017 3:54:25 PM entity.ConfigWorkplace select
INFOS: FROM ConfigWorkplace bp ORDER BY workplace ASC
juil. 13, 2017 3:54:25 PM entity.ConfigSegment select
INFOS: FROM ConfigSegment bp ORDER BY segment ASC
juil. 13, 2017 3:54:25 PM entity.ConfigWorkplace select
INFOS: FROM ConfigWorkplace bp ORDER BY workplace ASC
juil. 13, 2017 3:54:28 PM entity.ConfigSegment select
INFOS: FROM ConfigSegment bp ORDER BY segment ASC
juil. 13, 2017 3:54:28 PM entity.ConfigWorkplace select
INFOS: FROM ConfigWorkplace bp ORDER BY workplace ASC
juil. 13, 2017 3:54:53 PM helper.Helper InitDailyDestPrintDir
INFOS: Print directory [.\print\2017_07_13] already exist!
Print sub directory [.\print\2017_07_13.\open_sheet] already exist!
Print sub directory [.\print\2017_07_13.\closing_sheet] already exist!
Print sub directory [.\print\2017_07_13.\picking_label] already exist!
Print sub directory [.\print\2017_07_13.\dispatch_label] already exist!

juil. 13, 2017 3:54:54 PM gui.packaging.PACKAGING_UI0001_Main loadBarcodeConfig
INFOS: FROM ConfigBarcode cb WHERE cb.keyWord = :keyWord ORDER BY id ASC
juil. 13, 2017 3:54:54 PM entity.ConfigProject select
INFOS: FROM ConfigProject bp ORDER BY harnessType ASC
juil. 13, 2017 3:54:54 PM entity.ConfigProject select
INFOS: FROM ConfigProject bp ORDER BY harnessType ASC
juil. 13, 2017 3:54:55 PM entity.ConfigSegment select
INFOS: FROM ConfigSegment bp ORDER BY segment ASC
juil. 13, 2017 3:54:55 PM entity.ConfigSegment select
INFOS: FROM ConfigSegment bp ORDER BY segment ASC
juil. 13, 2017 3:54:55 PM entity.ConfigWorkplace select
INFOS: FROM ConfigWorkplace bp ORDER BY workplace ASC
juil. 13, 2017 3:54:57 PM entity.ConfigSegment select
INFOS: FROM ConfigSegment bp ORDER BY segment ASC
juil. 13, 2017 3:54:57 PM entity.ConfigWorkplace select
INFOS: FROM ConfigWorkplace bp ORDER BY workplace ASC
juil. 13, 2017 3:54:57 PM entity.ConfigSegment select
INFOS: FROM ConfigSegment bp ORDER BY segment ASC
juil. 13, 2017 3:54:57 PM entity.ConfigWorkplace select
INFOS: FROM ConfigWorkplace bp ORDER BY workplace ASC
juil. 13, 2017 3:55:34 PM helper.Helper InitDailyDestPrintDir
INFOS: Print directory [.\print\2017_07_13] already exist!
Print sub directory [.\print\2017_07_13.\open_sheet] already exist!
Print sub directory [.\print\2017_07_13.\closing_sheet] already exist!
Print sub directory [.\print\2017_07_13.\picking_label] already exist!
Print sub directory [.\print\2017_07_13.\dispatch_label] already exist!

juil. 13, 2017 3:55:36 PM gui.packaging.PACKAGING_UI0001_Main loadBarcodeConfig
INFOS: FROM ConfigBarcode cb WHERE cb.keyWord = :keyWord ORDER BY id ASC
juil. 13, 2017 3:55:36 PM entity.ConfigProject select
INFOS: FROM ConfigProject bp ORDER BY harnessType ASC
juil. 13, 2017 3:55:36 PM entity.ConfigProject select
INFOS: FROM ConfigProject bp ORDER BY harnessType ASC
juil. 13, 2017 3:55:39 PM entity.ConfigSegment select
INFOS: FROM ConfigSegment bp ORDER BY segment ASC
juil. 13, 2017 3:55:39 PM entity.ConfigSegment select
INFOS: FROM ConfigSegment bp ORDER BY segment ASC
juil. 13, 2017 3:55:39 PM entity.ConfigWorkplace select
INFOS: FROM ConfigWorkplace bp ORDER BY workplace ASC
juil. 13, 2017 3:55:41 PM entity.ConfigSegment select
INFOS: FROM ConfigSegment bp ORDER BY segment ASC
juil. 13, 2017 3:55:41 PM entity.ConfigWorkplace select
INFOS: FROM ConfigWorkplace bp ORDER BY workplace ASC
juil. 13, 2017 3:55:41 PM entity.ConfigSegment select
INFOS: FROM ConfigSegment bp ORDER BY segment ASC
juil. 13, 2017 3:55:41 PM entity.ConfigWorkplace select
INFOS: FROM ConfigWorkplace bp ORDER BY workplace ASC
juil. 13, 2017 3:56:34 PM helper.Helper InitDailyDestPrintDir
INFOS: Print directory [.\print\2017_07_13] already exist!
Print sub directory [.\print\2017_07_13.\open_sheet] already exist!
Print sub directory [.\print\2017_07_13.\closing_sheet] already exist!
Print sub directory [.\print\2017_07_13.\picking_label] already exist!
Print sub directory [.\print\2017_07_13.\dispatch_label] already exist!

juil. 13, 2017 3:56:36 PM gui.packaging.PACKAGING_UI0001_Main loadBarcodeConfig
INFOS: FROM ConfigBarcode cb WHERE cb.keyWord = :keyWord ORDER BY id ASC
juil. 13, 2017 3:56:36 PM entity.ConfigProject select
INFOS: FROM ConfigProject bp ORDER BY harnessType ASC
juil. 13, 2017 3:56:36 PM entity.ConfigProject select
INFOS: FROM ConfigProject bp ORDER BY harnessType ASC
juil. 13, 2017 3:56:37 PM entity.ConfigSegment select
INFOS: FROM ConfigSegment bp ORDER BY segment ASC
juil. 13, 2017 3:56:37 PM entity.ConfigSegment select
INFOS: FROM ConfigSegment bp ORDER BY segment ASC
juil. 13, 2017 3:56:37 PM entity.ConfigWorkplace select
INFOS: FROM ConfigWorkplace bp ORDER BY workplace ASC
juil. 13, 2017 3:56:39 PM entity.ConfigSegment select
INFOS: FROM ConfigSegment bp ORDER BY segment ASC
juil. 13, 2017 3:56:39 PM entity.ConfigWorkplace select
INFOS: FROM ConfigWorkplace bp ORDER BY workplace ASC
juil. 13, 2017 3:56:39 PM entity.ConfigSegment select
INFOS: FROM ConfigSegment bp ORDER BY segment ASC
juil. 13, 2017 3:56:39 PM entity.ConfigWorkplace select
INFOS: FROM ConfigWorkplace bp ORDER BY workplace ASC
juil. 13, 2017 3:56:52 PM entity.ConfigSegment select
INFOS: FROM ConfigSegment bp ORDER BY segment ASC
juil. 13, 2017 3:56:52 PM entity.ConfigWorkplace select
INFOS: FROM ConfigWorkplace bp ORDER BY workplace ASC
juil. 13, 2017 4:17:01 PM helper.Helper InitDailyDestPrintDir
INFOS: Print directory [.\print\2017_07_13] already exist!
Print sub directory [.\print\2017_07_13.\open_sheet] already exist!
Print sub directory [.\print\2017_07_13.\closing_sheet] already exist!
Print sub directory [.\print\2017_07_13.\picking_label] already exist!
Print sub directory [.\print\2017_07_13.\dispatch_label] already exist!

juil. 13, 2017 4:17:16 PM gui.packaging.PACKAGING_UI0001_Main loadBarcodeConfig
INFOS: FROM ConfigBarcode cb WHERE cb.keyWord = :keyWord ORDER BY id ASC
juil. 13, 2017 4:17:16 PM entity.ConfigProject select
INFOS: FROM ConfigProject bp ORDER BY harnessType ASC
juil. 13, 2017 4:17:16 PM entity.ConfigProject select
INFOS: FROM ConfigProject bp ORDER BY harnessType ASC
juil. 13, 2017 4:17:17 PM entity.ConfigSegment select
INFOS: FROM ConfigSegment bp ORDER BY segment ASC
juil. 13, 2017 4:17:17 PM entity.ConfigSegment select
INFOS: FROM ConfigSegment bp ORDER BY segment ASC
juil. 13, 2017 4:17:17 PM entity.ConfigWorkplace select
INFOS: FROM ConfigWorkplace bp ORDER BY workplace ASC
juil. 13, 2017 4:17:19 PM entity.ConfigSegment select
INFOS: FROM ConfigSegment bp ORDER BY segment ASC
juil. 13, 2017 4:17:19 PM entity.ConfigWorkplace select
INFOS: FROM ConfigWorkplace bp ORDER BY workplace ASC
juil. 13, 2017 4:17:19 PM entity.ConfigSegment select
INFOS: FROM ConfigSegment bp ORDER BY segment ASC
juil. 13, 2017 4:17:19 PM entity.ConfigWorkplace select
INFOS: FROM ConfigWorkplace bp ORDER BY workplace ASC
juil. 13, 2017 4:17:51 PM helper.Helper InitDailyDestPrintDir
INFOS: Print directory [.\print\2017_07_13] already exist!
Print sub directory [.\print\2017_07_13.\open_sheet] already exist!
Print sub directory [.\print\2017_07_13.\closing_sheet] already exist!
Print sub directory [.\print\2017_07_13.\picking_label] already exist!
Print sub directory [.\print\2017_07_13.\dispatch_label] already exist!

juil. 13, 2017 4:17:52 PM gui.packaging.PACKAGING_UI0001_Main loadBarcodeConfig
INFOS: FROM ConfigBarcode cb WHERE cb.keyWord = :keyWord ORDER BY id ASC
juil. 13, 2017 4:17:52 PM entity.ConfigProject select
INFOS: FROM ConfigProject bp ORDER BY harnessType ASC
juil. 13, 2017 4:17:52 PM entity.ConfigProject select
INFOS: FROM ConfigProject bp ORDER BY harnessType ASC
juil. 13, 2017 4:17:54 PM entity.ConfigSegment select
INFOS: FROM ConfigSegment bp ORDER BY segment ASC
juil. 13, 2017 4:17:54 PM entity.ConfigSegment select
INFOS: FROM ConfigSegment bp ORDER BY segment ASC
juil. 13, 2017 4:17:54 PM entity.ConfigWorkplace select
INFOS: FROM ConfigWorkplace bp ORDER BY workplace ASC
juil. 13, 2017 4:17:56 PM entity.ConfigSegment select
INFOS: FROM ConfigSegment bp ORDER BY segment ASC
juil. 13, 2017 4:17:56 PM entity.ConfigWorkplace select
INFOS: FROM ConfigWorkplace bp ORDER BY workplace ASC
juil. 13, 2017 4:17:56 PM entity.ConfigSegment select
INFOS: FROM ConfigSegment bp ORDER BY segment ASC
juil. 13, 2017 4:17:56 PM entity.ConfigWorkplace select
INFOS: FROM ConfigWorkplace bp ORDER BY workplace ASC
juil. 13, 2017 4:18:26 PM helper.Helper InitDailyDestPrintDir
INFOS: Print directory [.\print\2017_07_13] already exist!
Print sub directory [.\print\2017_07_13.\open_sheet] already exist!
Print sub directory [.\print\2017_07_13.\closing_sheet] already exist!
Print sub directory [.\print\2017_07_13.\picking_label] already exist!
Print sub directory [.\print\2017_07_13.\dispatch_label] already exist!

juil. 13, 2017 4:18:27 PM gui.packaging.PACKAGING_UI0001_Main loadBarcodeConfig
INFOS: FROM ConfigBarcode cb WHERE cb.keyWord = :keyWord ORDER BY id ASC
juil. 13, 2017 4:18:27 PM entity.ConfigProject select
INFOS: FROM ConfigProject bp ORDER BY harnessType ASC
juil. 13, 2017 4:18:27 PM entity.ConfigProject select
INFOS: FROM ConfigProject bp ORDER BY harnessType ASC
juil. 13, 2017 4:18:29 PM entity.ConfigSegment select
INFOS: FROM ConfigSegment bp ORDER BY segment ASC
juil. 13, 2017 4:18:29 PM entity.ConfigSegment select
INFOS: FROM ConfigSegment bp ORDER BY segment ASC
juil. 13, 2017 4:18:29 PM entity.ConfigWorkplace select
INFOS: FROM ConfigWorkplace bp ORDER BY workplace ASC
juil. 13, 2017 4:18:30 PM entity.ConfigSegment select
INFOS: FROM ConfigSegment bp ORDER BY segment ASC
juil. 13, 2017 4:18:30 PM entity.ConfigWorkplace select
INFOS: FROM ConfigWorkplace bp ORDER BY workplace ASC
juil. 13, 2017 4:18:30 PM entity.ConfigSegment select
INFOS: FROM ConfigSegment bp ORDER BY segment ASC
juil. 13, 2017 4:18:30 PM entity.ConfigWorkplace select
INFOS: FROM ConfigWorkplace bp ORDER BY workplace ASC
juil. 13, 2017 4:18:35 PM entity.ConfigSegment select
INFOS: FROM ConfigSegment bp ORDER BY segment ASC
juil. 13, 2017 4:18:35 PM entity.ConfigWorkplace select
INFOS: FROM ConfigWorkplace bp ORDER BY workplace ASC
juil. 13, 2017 4:18:36 PM entity.ConfigSegment select
INFOS: FROM ConfigSegment bp ORDER BY segment ASC
juil. 13, 2017 4:18:36 PM entity.ConfigWorkplace select
INFOS: FROM ConfigWorkplace bp ORDER BY workplace ASC
juil. 13, 2017 4:23:38 PM entity.ConfigSegment select
INFOS: FROM ConfigSegment bp ORDER BY segment ASC
juil. 13, 2017 4:23:40 PM entity.ConfigSegment select
INFOS: FROM ConfigSegment bp ORDER BY segment ASC
juil. 13, 2017 4:23:40 PM entity.ConfigWorkplace select
INFOS: FROM ConfigWorkplace bp ORDER BY workplace ASC
juil. 13, 2017 4:23:44 PM entity.ConfigSegment select
INFOS: FROM ConfigSegment bp ORDER BY segment ASC
juil. 13, 2017 4:23:44 PM entity.ConfigWorkplace select
INFOS: FROM ConfigWorkplace bp ORDER BY workplace ASC
juil. 13, 2017 4:23:44 PM entity.ConfigSegment select
INFOS: FROM ConfigSegment bp ORDER BY segment ASC
juil. 13, 2017 4:23:44 PM entity.ConfigWorkplace select
INFOS: FROM ConfigWorkplace bp ORDER BY workplace ASC
juil. 13, 2017 4:23:45 PM entity.ConfigSegment select
INFOS: FROM ConfigSegment bp ORDER BY segment ASC
juil. 13, 2017 4:23:45 PM entity.ConfigWorkplace select
INFOS: FROM ConfigWorkplace bp ORDER BY workplace ASC
juil. 13, 2017 4:23:45 PM entity.ConfigSegment select
INFOS: FROM ConfigSegment bp ORDER BY segment ASC
juil. 13, 2017 4:23:45 PM entity.ConfigWorkplace select
INFOS: FROM ConfigWorkplace bp ORDER BY workplace ASC
juil. 13, 2017 4:23:45 PM entity.ConfigSegment select
INFOS: FROM ConfigSegment bp ORDER BY segment ASC
juil. 13, 2017 4:23:45 PM entity.ConfigWorkplace select
INFOS: FROM ConfigWorkplace bp ORDER BY workplace ASC
juil. 13, 2017 4:23:50 PM entity.ConfigSegment select
INFOS: FROM ConfigSegment bp ORDER BY segment ASC
juil. 13, 2017 4:23:50 PM entity.ConfigWorkplace select
INFOS: FROM ConfigWorkplace bp ORDER BY workplace ASC
juil. 13, 2017 4:24:41 PM entity.ConfigSegment select
INFOS: FROM ConfigSegment bp ORDER BY segment ASC
juil. 13, 2017 4:24:41 PM entity.ConfigWorkplace select
INFOS: FROM ConfigWorkplace bp ORDER BY workplace ASC
juil. 13, 2017 4:27:12 PM gui.warehouse_dispatch.WAREHOUSE_DISPATCH_UI0003_PasswordRequest connect
INFOS: User OUSSAMA EZZIOURI / ezou1001 connected to host WSMA7040 at 2017-07-13 16:27:12 Dispatch interface : .
juil. 13, 2017 4:28:34 PM entity.ConfigSegment select
INFOS: FROM ConfigSegment bp ORDER BY segment ASC
juil. 13, 2017 4:28:34 PM entity.ConfigSegment select
INFOS: FROM ConfigSegment bp ORDER BY segment ASC
juil. 13, 2017 4:28:34 PM entity.ConfigWorkplace select
INFOS: FROM ConfigWorkplace bp ORDER BY workplace ASC
juil. 13, 2017 4:28:39 PM entity.ConfigSegment select
INFOS: FROM ConfigSegment bp ORDER BY segment ASC
juil. 13, 2017 4:28:39 PM entity.ConfigWorkplace select
INFOS: FROM ConfigWorkplace bp ORDER BY workplace ASC
juil. 13, 2017 4:28:39 PM entity.ConfigSegment select
INFOS: FROM ConfigSegment bp ORDER BY segment ASC
juil. 13, 2017 4:28:39 PM entity.ConfigWorkplace select
INFOS: FROM ConfigWorkplace bp ORDER BY workplace ASC
juil. 13, 2017 4:28:39 PM entity.ConfigSegment select
INFOS: FROM ConfigSegment bp ORDER BY segment ASC
juil. 13, 2017 4:28:39 PM entity.ConfigWorkplace select
INFOS: FROM ConfigWorkplace bp ORDER BY workplace ASC
juil. 13, 2017 4:28:42 PM entity.ConfigSegment select
INFOS: FROM ConfigSegment bp ORDER BY segment ASC
juil. 13, 2017 4:28:42 PM entity.ConfigWorkplace select
INFOS: FROM ConfigWorkplace bp ORDER BY workplace ASC
juil. 13, 2017 4:28:43 PM entity.ConfigSegment select
INFOS: FROM ConfigSegment bp ORDER BY segment ASC
juil. 13, 2017 4:28:43 PM entity.ConfigWorkplace select
INFOS: FROM ConfigWorkplace bp ORDER BY workplace ASC
juil. 13, 2017 4:29:32 PM helper.Helper InitDailyDestPrintDir
INFOS: Print directory [.\print\2017_07_13] already exist!
Print sub directory [.\print\2017_07_13.\open_sheet] already exist!
Print sub directory [.\print\2017_07_13.\closing_sheet] already exist!
Print sub directory [.\print\2017_07_13.\picking_label] already exist!
Print sub directory [.\print\2017_07_13.\dispatch_label] already exist!

juil. 13, 2017 4:29:34 PM gui.packaging.PACKAGING_UI0001_Main loadBarcodeConfig
INFOS: FROM ConfigBarcode cb WHERE cb.keyWord = :keyWord ORDER BY id ASC
juil. 13, 2017 4:29:34 PM entity.ConfigProject select
INFOS: FROM ConfigProject bp ORDER BY harnessType ASC
juil. 13, 2017 4:29:34 PM entity.ConfigProject select
INFOS: FROM ConfigProject bp ORDER BY harnessType ASC
juil. 13, 2017 4:29:40 PM entity.ConfigSegment select
INFOS: FROM ConfigSegment bp ORDER BY segment ASC
juil. 13, 2017 4:29:40 PM entity.ConfigSegment select
INFOS: FROM ConfigSegment bp ORDER BY segment ASC
juil. 13, 2017 4:29:40 PM entity.ConfigWorkplace select
INFOS: FROM ConfigWorkplace bp ORDER BY workplace ASC
juil. 13, 2017 4:29:44 PM entity.ConfigSegment select
INFOS: FROM ConfigSegment bp ORDER BY segment ASC
juil. 13, 2017 4:29:44 PM entity.ConfigWorkplace select
INFOS: FROM ConfigWorkplace bp ORDER BY workplace ASC
juil. 13, 2017 4:29:44 PM entity.ConfigSegment select
INFOS: FROM ConfigSegment bp ORDER BY segment ASC
juil. 13, 2017 4:29:44 PM entity.ConfigWorkplace select
INFOS: FROM ConfigWorkplace bp ORDER BY workplace ASC
juil. 13, 2017 4:34:07 PM helper.Helper InitDailyDestPrintDir
INFOS: Print directory [.\print\2017_07_13] already exist!
Print sub directory [.\print\2017_07_13.\open_sheet] already exist!
Print sub directory [.\print\2017_07_13.\closing_sheet] already exist!
Print sub directory [.\print\2017_07_13.\picking_label] already exist!
Print sub directory [.\print\2017_07_13.\dispatch_label] already exist!

juil. 13, 2017 4:34:11 PM gui.packaging.PACKAGING_UI0001_Main loadBarcodeConfig
INFOS: FROM ConfigBarcode cb WHERE cb.keyWord = :keyWord ORDER BY id ASC
juil. 13, 2017 4:34:11 PM entity.ConfigProject select
INFOS: FROM ConfigProject bp ORDER BY harnessType ASC
juil. 13, 2017 4:34:11 PM entity.ConfigProject select
INFOS: FROM ConfigProject bp ORDER BY harnessType ASC
juil. 13, 2017 4:34:12 PM entity.ConfigSegment select
INFOS: FROM ConfigSegment bp ORDER BY segment ASC
juil. 13, 2017 4:34:12 PM entity.ConfigSegment select
INFOS: FROM ConfigSegment bp ORDER BY segment ASC
juil. 13, 2017 4:34:12 PM entity.ConfigWorkplace select
INFOS: FROM ConfigWorkplace bp ORDER BY workplace ASC
juil. 13, 2017 4:34:17 PM entity.ConfigSegment select
INFOS: FROM ConfigSegment bp ORDER BY segment ASC
juil. 13, 2017 4:34:17 PM entity.ConfigWorkplace select
INFOS: FROM ConfigWorkplace bp ORDER BY workplace ASC
juil. 13, 2017 4:34:18 PM entity.ConfigSegment select
INFOS: FROM ConfigSegment bp ORDER BY segment ASC
juil. 13, 2017 4:34:18 PM entity.ConfigWorkplace select
INFOS: FROM ConfigWorkplace bp ORDER BY workplace ASC
juil. 13, 2017 4:34:18 PM entity.ConfigSegment select
INFOS: FROM ConfigSegment bp ORDER BY segment ASC
juil. 13, 2017 4:34:18 PM entity.ConfigWorkplace select
INFOS: FROM ConfigWorkplace bp ORDER BY workplace ASC
juil. 13, 2017 4:34:24 PM entity.ConfigSegment select
INFOS: FROM ConfigSegment bp ORDER BY segment ASC
juil. 13, 2017 4:34:24 PM entity.ConfigSegment select
INFOS: FROM ConfigSegment bp ORDER BY segment ASC
juil. 13, 2017 4:34:24 PM entity.ConfigWorkplace select
INFOS: FROM ConfigWorkplace bp ORDER BY workplace ASC
juil. 13, 2017 4:34:31 PM entity.ConfigSegment select
INFOS: FROM ConfigSegment bp ORDER BY segment ASC
juil. 13, 2017 4:34:31 PM entity.ConfigWorkplace select
INFOS: FROM ConfigWorkplace bp ORDER BY workplace ASC
juil. 13, 2017 4:34:31 PM entity.ConfigSegment select
INFOS: FROM ConfigSegment bp ORDER BY segment ASC
juil. 13, 2017 4:34:31 PM entity.ConfigWorkplace select
INFOS: FROM ConfigWorkplace bp ORDER BY workplace ASC
juil. 13, 2017 4:34:32 PM entity.ConfigSegment select
INFOS: FROM ConfigSegment bp ORDER BY segment ASC
juil. 13, 2017 4:34:32 PM entity.ConfigWorkplace select
INFOS: FROM ConfigWorkplace bp ORDER BY workplace ASC
juil. 13, 2017 4:34:32 PM entity.ConfigSegment select
INFOS: FROM ConfigSegment bp ORDER BY segment ASC
juil. 13, 2017 4:34:32 PM entity.ConfigWorkplace select
INFOS: FROM ConfigWorkplace bp ORDER BY workplace ASC
juil. 13, 2017 4:35:49 PM helper.Helper InitDailyDestPrintDir
INFOS: Print directory [.\print\2017_07_13] already exist!
Print sub directory [.\print\2017_07_13.\open_sheet] already exist!
Print sub directory [.\print\2017_07_13.\closing_sheet] already exist!
Print sub directory [.\print\2017_07_13.\picking_label] already exist!
Print sub directory [.\print\2017_07_13.\dispatch_label] already exist!

juil. 13, 2017 4:35:51 PM gui.packaging.PACKAGING_UI0001_Main loadBarcodeConfig
INFOS: FROM ConfigBarcode cb WHERE cb.keyWord = :keyWord ORDER BY id ASC
juil. 13, 2017 4:35:51 PM entity.ConfigProject select
INFOS: FROM ConfigProject bp ORDER BY harnessType ASC
juil. 13, 2017 4:35:51 PM entity.ConfigProject select
INFOS: FROM ConfigProject bp ORDER BY harnessType ASC
juil. 13, 2017 4:35:53 PM entity.ConfigSegment select
INFOS: FROM ConfigSegment bp ORDER BY segment ASC
juil. 13, 2017 4:35:56 PM entity.ConfigSegment select
INFOS: FROM ConfigSegment bp ORDER BY segment ASC
juil. 13, 2017 4:35:56 PM entity.ConfigSegment select
INFOS: FROM ConfigSegment bp ORDER BY segment ASC
juil. 13, 2017 4:35:56 PM entity.ConfigWorkplace select
INFOS: FROM ConfigWorkplace bp ORDER BY workplace ASC
juil. 13, 2017 4:35:57 PM entity.ConfigSegment select
INFOS: FROM ConfigSegment bp ORDER BY segment ASC
juil. 13, 2017 4:35:57 PM entity.ConfigWorkplace select
INFOS: FROM ConfigWorkplace bp ORDER BY workplace ASC
juil. 13, 2017 4:36:01 PM entity.ConfigSegment select
INFOS: FROM ConfigSegment bp ORDER BY segment ASC
juil. 13, 2017 4:36:01 PM entity.ConfigWorkplace select
INFOS: FROM ConfigWorkplace bp ORDER BY workplace ASC
juil. 13, 2017 4:36:01 PM entity.ConfigSegment select
INFOS: FROM ConfigSegment bp ORDER BY segment ASC
juil. 13, 2017 4:36:01 PM entity.ConfigWorkplace select
INFOS: FROM ConfigWorkplace bp ORDER BY workplace ASC
juil. 13, 2017 4:36:01 PM entity.ConfigSegment select
INFOS: FROM ConfigSegment bp ORDER BY segment ASC
juil. 13, 2017 4:36:01 PM entity.ConfigWorkplace select
INFOS: FROM ConfigWorkplace bp ORDER BY workplace ASC
juil. 13, 2017 4:36:02 PM entity.ConfigSegment select
INFOS: FROM ConfigSegment bp ORDER BY segment ASC
juil. 13, 2017 4:36:02 PM entity.ConfigWorkplace select
INFOS: FROM ConfigWorkplace bp ORDER BY workplace ASC
juil. 13, 2017 4:36:03 PM entity.ConfigSegment select
INFOS: FROM ConfigSegment bp ORDER BY segment ASC
juil. 13, 2017 4:36:03 PM entity.ConfigWorkplace select
INFOS: FROM ConfigWorkplace bp ORDER BY workplace ASC
juil. 13, 2017 4:36:35 PM helper.Helper InitDailyDestPrintDir
INFOS: Print directory [.\print\2017_07_13] already exist!
Print sub directory [.\print\2017_07_13.\open_sheet] already exist!
Print sub directory [.\print\2017_07_13.\closing_sheet] already exist!
Print sub directory [.\print\2017_07_13.\picking_label] already exist!
Print sub directory [.\print\2017_07_13.\dispatch_label] already exist!

juil. 13, 2017 4:36:37 PM gui.packaging.PACKAGING_UI0001_Main loadBarcodeConfig
INFOS: FROM ConfigBarcode cb WHERE cb.keyWord = :keyWord ORDER BY id ASC
juil. 13, 2017 4:36:37 PM entity.ConfigProject select
INFOS: FROM ConfigProject bp ORDER BY harnessType ASC
juil. 13, 2017 4:36:37 PM entity.ConfigProject select
INFOS: FROM ConfigProject bp ORDER BY harnessType ASC
juil. 13, 2017 4:36:38 PM entity.ConfigSegment select
INFOS: FROM ConfigSegment bp ORDER BY segment ASC
juil. 13, 2017 4:36:38 PM entity.ConfigSegment select
INFOS: FROM ConfigSegment bp ORDER BY segment ASC
juil. 13, 2017 4:36:38 PM entity.ConfigWorkplace select
INFOS: FROM ConfigWorkplace bp ORDER BY workplace ASC
juil. 13, 2017 4:36:40 PM entity.ConfigSegment select
INFOS: FROM ConfigSegment bp ORDER BY segment ASC
juil. 13, 2017 4:36:40 PM entity.ConfigSegment select
INFOS: FROM ConfigSegment bp ORDER BY segment ASC
juil. 13, 2017 4:36:40 PM entity.ConfigWorkplace select
INFOS: FROM ConfigWorkplace bp ORDER BY workplace ASC
juil. 13, 2017 4:36:45 PM entity.ConfigSegment select
INFOS: FROM ConfigSegment bp ORDER BY segment ASC
juil. 13, 2017 4:36:45 PM entity.ConfigWorkplace select
INFOS: FROM ConfigWorkplace bp ORDER BY workplace ASC
juil. 13, 2017 4:36:46 PM entity.ConfigSegment select
INFOS: FROM ConfigSegment bp ORDER BY segment ASC
juil. 13, 2017 4:36:46 PM entity.ConfigWorkplace select
INFOS: FROM ConfigWorkplace bp ORDER BY workplace ASC
juil. 13, 2017 4:36:46 PM entity.ConfigSegment select
INFOS: FROM ConfigSegment bp ORDER BY segment ASC
juil. 13, 2017 4:36:46 PM entity.ConfigWorkplace select
INFOS: FROM ConfigWorkplace bp ORDER BY workplace ASC
juil. 13, 2017 4:36:47 PM entity.ConfigSegment select
INFOS: FROM ConfigSegment bp ORDER BY segment ASC
juil. 13, 2017 4:36:47 PM entity.ConfigWorkplace select
INFOS: FROM ConfigWorkplace bp ORDER BY workplace ASC
juil. 13, 2017 4:37:40 PM helper.Helper InitDailyDestPrintDir
INFOS: Print directory [.\print\2017_07_13] already exist!
Print sub directory [.\print\2017_07_13.\open_sheet] already exist!
Print sub directory [.\print\2017_07_13.\closing_sheet] already exist!
Print sub directory [.\print\2017_07_13.\picking_label] already exist!
Print sub directory [.\print\2017_07_13.\dispatch_label] already exist!

juil. 13, 2017 4:37:41 PM gui.packaging.PACKAGING_UI0001_Main loadBarcodeConfig
INFOS: FROM ConfigBarcode cb WHERE cb.keyWord = :keyWord ORDER BY id ASC
juil. 13, 2017 4:37:41 PM entity.ConfigProject select
INFOS: FROM ConfigProject bp ORDER BY harnessType ASC
juil. 13, 2017 4:37:41 PM entity.ConfigProject select
INFOS: FROM ConfigProject bp ORDER BY harnessType ASC
juil. 13, 2017 4:37:43 PM entity.ConfigSegment select
INFOS: FROM ConfigSegment bp ORDER BY segment ASC
juil. 13, 2017 4:37:43 PM entity.ConfigSegment select
INFOS: FROM ConfigSegment bp ORDER BY segment ASC
juil. 13, 2017 4:37:43 PM entity.ConfigWorkplace select
INFOS: FROM ConfigWorkplace bp ORDER BY workplace ASC
juil. 13, 2017 4:37:49 PM entity.ConfigSegment select
INFOS: FROM ConfigSegment bp ORDER BY segment ASC
juil. 13, 2017 4:37:49 PM entity.ConfigWorkplace select
INFOS: FROM ConfigWorkplace bp ORDER BY workplace ASC
juil. 13, 2017 4:37:50 PM entity.ConfigSegment select
INFOS: FROM ConfigSegment bp ORDER BY segment ASC
juil. 13, 2017 4:37:50 PM entity.ConfigWorkplace select
INFOS: FROM ConfigWorkplace bp ORDER BY workplace ASC
juil. 13, 2017 4:37:50 PM entity.ConfigSegment select
INFOS: FROM ConfigSegment bp ORDER BY segment ASC
juil. 13, 2017 4:37:50 PM entity.ConfigWorkplace select
INFOS: FROM ConfigWorkplace bp ORDER BY workplace ASC
juil. 13, 2017 4:37:51 PM entity.ConfigSegment select
INFOS: FROM ConfigSegment bp ORDER BY segment ASC
juil. 13, 2017 4:37:51 PM entity.ConfigWorkplace select
INFOS: FROM ConfigWorkplace bp ORDER BY workplace ASC
juil. 13, 2017 4:38:07 PM entity.ConfigSegment select
INFOS: FROM ConfigSegment bp ORDER BY segment ASC
juil. 13, 2017 4:38:07 PM entity.ConfigSegment select
INFOS: FROM ConfigSegment bp ORDER BY segment ASC
juil. 13, 2017 4:38:07 PM entity.ConfigWorkplace select
INFOS: FROM ConfigWorkplace bp ORDER BY workplace ASC
juil. 13, 2017 4:38:09 PM entity.ConfigSegment select
INFOS: FROM ConfigSegment bp ORDER BY segment ASC
juil. 13, 2017 4:38:09 PM entity.ConfigWorkplace select
INFOS: FROM ConfigWorkplace bp ORDER BY workplace ASC
juil. 13, 2017 4:38:09 PM entity.ConfigSegment select
INFOS: FROM ConfigSegment bp ORDER BY segment ASC
juil. 13, 2017 4:38:09 PM entity.ConfigWorkplace select
INFOS: FROM ConfigWorkplace bp ORDER BY workplace ASC
juil. 13, 2017 4:40:37 PM gui.packaging_warehouse.PACKAGING_WAREHOUSE_UI0001_PasswordRequest connect
INFOS: User OUSSAMA EZZIOURI / ezou1001 connected to host WSMA7040 at 2017-07-13 16:40:37 Packaging warehouse interface : .
juil. 13, 2017 4:47:12 PM entity.ConfigProject select
INFOS: FROM ConfigProject bp ORDER BY harnessType ASC
juil. 14, 2017 8:08:53 AM entity.ConfigSegment select
INFOS: FROM ConfigSegment bp ORDER BY segment ASC
juil. 14, 2017 8:08:53 AM entity.ConfigSegment select
INFOS: FROM ConfigSegment bp ORDER BY segment ASC
juil. 14, 2017 8:08:53 AM entity.ConfigWorkplace select
INFOS: FROM ConfigWorkplace bp ORDER BY workplace ASC
juil. 14, 2017 8:08:55 AM entity.ConfigSegment select
INFOS: FROM ConfigSegment bp ORDER BY segment ASC
juil. 14, 2017 8:08:55 AM entity.ConfigWorkplace select
INFOS: FROM ConfigWorkplace bp ORDER BY workplace ASC
juil. 14, 2017 8:08:55 AM entity.ConfigSegment select
INFOS: FROM ConfigSegment bp ORDER BY segment ASC
juil. 14, 2017 8:08:55 AM entity.ConfigWorkplace select
INFOS: FROM ConfigWorkplace bp ORDER BY workplace ASC
juil. 14, 2017 8:08:58 AM entity.ConfigSegment select
INFOS: FROM ConfigSegment bp ORDER BY segment ASC
juil. 14, 2017 8:08:58 AM entity.ConfigWorkplace select
INFOS: FROM ConfigWorkplace bp ORDER BY workplace ASC
juil. 14, 2017 8:09:11 AM entity.ConfigSegment select
INFOS: FROM ConfigSegment bp ORDER BY segment ASC
juil. 14, 2017 8:09:11 AM entity.ConfigWorkplace select
INFOS: FROM ConfigWorkplace bp ORDER BY workplace ASC
juil. 14, 2017 8:09:18 AM entity.ConfigSegment select
INFOS: FROM ConfigSegment bp ORDER BY segment ASC
juil. 14, 2017 8:09:18 AM entity.ConfigWorkplace select
INFOS: FROM ConfigWorkplace bp ORDER BY workplace ASC
juil. 14, 2017 8:09:22 AM entity.ConfigSegment select
INFOS: FROM ConfigSegment bp ORDER BY segment ASC
juil. 14, 2017 8:09:29 AM entity.ConfigSegment select
INFOS: FROM ConfigSegment bp ORDER BY segment ASC
juil. 14, 2017 8:09:29 AM entity.ConfigWorkplace select
INFOS: FROM ConfigWorkplace bp ORDER BY workplace ASC
juil. 14, 2017 8:09:32 AM entity.ConfigSegment select
INFOS: FROM ConfigSegment bp ORDER BY segment ASC
juil. 14, 2017 8:09:32 AM entity.ConfigWorkplace select
INFOS: FROM ConfigWorkplace bp ORDER BY workplace ASC
juil. 14, 2017 8:09:33 AM entity.ConfigSegment select
INFOS: FROM ConfigSegment bp ORDER BY segment ASC
juil. 14, 2017 8:09:33 AM entity.ConfigWorkplace select
INFOS: FROM ConfigWorkplace bp ORDER BY workplace ASC
juil. 14, 2017 8:09:33 AM entity.ConfigSegment select
INFOS: FROM ConfigSegment bp ORDER BY segment ASC
juil. 14, 2017 8:09:33 AM entity.ConfigWorkplace select
INFOS: FROM ConfigWorkplace bp ORDER BY workplace ASC
juil. 14, 2017 8:09:36 AM entity.ConfigSegment select
INFOS: FROM ConfigSegment bp ORDER BY segment ASC
juil. 14, 2017 8:09:36 AM entity.ConfigWorkplace select
INFOS: FROM ConfigWorkplace bp ORDER BY workplace ASC
juil. 14, 2017 8:09:54 AM entity.ConfigSegment select
INFOS: FROM ConfigSegment bp ORDER BY segment ASC
juil. 14, 2017 8:09:54 AM entity.ConfigWorkplace select
INFOS: FROM ConfigWorkplace bp ORDER BY workplace ASC
juil. 14, 2017 8:09:57 AM entity.ConfigSegment select
INFOS: FROM ConfigSegment bp ORDER BY segment ASC
juil. 14, 2017 8:09:57 AM entity.ConfigWorkplace select
INFOS: FROM ConfigWorkplace bp ORDER BY workplace ASC
juil. 14, 2017 8:14:13 AM entity.ConfigSegment select
INFOS: FROM ConfigSegment bp ORDER BY segment ASC
juil. 14, 2017 8:14:13 AM entity.ConfigSegment select
INFOS: FROM ConfigSegment bp ORDER BY segment ASC
juil. 14, 2017 8:14:13 AM entity.ConfigWorkplace select
INFOS: FROM ConfigWorkplace bp ORDER BY workplace ASC
juil. 14, 2017 8:14:20 AM entity.ConfigSegment select
INFOS: FROM ConfigSegment bp ORDER BY segment ASC
juil. 14, 2017 8:14:20 AM entity.ConfigWorkplace select
INFOS: FROM ConfigWorkplace bp ORDER BY workplace ASC
juil. 14, 2017 8:14:21 AM entity.ConfigSegment select
INFOS: FROM ConfigSegment bp ORDER BY segment ASC
juil. 14, 2017 8:14:21 AM entity.ConfigWorkplace select
INFOS: FROM ConfigWorkplace bp ORDER BY workplace ASC
juil. 14, 2017 8:14:56 AM entity.ConfigSegment select
INFOS: FROM ConfigSegment bp ORDER BY segment ASC
juil. 14, 2017 8:14:56 AM entity.ConfigWorkplace select
INFOS: FROM ConfigWorkplace bp ORDER BY workplace ASC
juil. 14, 2017 8:14:59 AM entity.ConfigSegment select
INFOS: FROM ConfigSegment bp ORDER BY segment ASC
juil. 14, 2017 8:14:59 AM entity.ConfigWorkplace select
INFOS: FROM ConfigWorkplace bp ORDER BY workplace ASC
juil. 14, 2017 8:14:59 AM entity.ConfigSegment select
INFOS: FROM ConfigSegment bp ORDER BY segment ASC
juil. 14, 2017 8:14:59 AM entity.ConfigWorkplace select
INFOS: FROM ConfigWorkplace bp ORDER BY workplace ASC
juil. 14, 2017 8:15:00 AM entity.ConfigSegment select
INFOS: FROM ConfigSegment bp ORDER BY segment ASC
juil. 14, 2017 8:15:00 AM entity.ConfigWorkplace select
INFOS: FROM ConfigWorkplace bp ORDER BY workplace ASC
juil. 14, 2017 8:15:00 AM entity.ConfigSegment select
INFOS: FROM ConfigSegment bp ORDER BY segment ASC
juil. 14, 2017 8:15:00 AM entity.ConfigWorkplace select
INFOS: FROM ConfigWorkplace bp ORDER BY workplace ASC
juil. 14, 2017 8:18:17 AM entity.ConfigSegment select
INFOS: FROM ConfigSegment bp ORDER BY segment ASC
juil. 14, 2017 8:18:17 AM entity.ConfigWorkplace select
INFOS: FROM ConfigWorkplace bp ORDER BY workplace ASC
juil. 14, 2017 8:18:31 AM entity.ConfigSegment select
INFOS: FROM ConfigSegment bp ORDER BY segment ASC
juil. 14, 2017 8:18:31 AM entity.ConfigWorkplace select
INFOS: FROM ConfigWorkplace bp ORDER BY workplace ASC
juil. 14, 2017 8:18:37 AM entity.ConfigSegment select
INFOS: FROM ConfigSegment bp ORDER BY segment ASC
juil. 14, 2017 8:18:37 AM entity.ConfigWorkplace select
INFOS: FROM ConfigWorkplace bp ORDER BY workplace ASC
juil. 14, 2017 8:18:41 AM entity.ConfigSegment select
INFOS: FROM ConfigSegment bp ORDER BY segment ASC
juil. 14, 2017 8:18:41 AM entity.ConfigWorkplace select
INFOS: FROM ConfigWorkplace bp ORDER BY workplace ASC
juil. 14, 2017 8:18:59 AM entity.ConfigSegment select
INFOS: FROM ConfigSegment bp ORDER BY segment ASC
juil. 14, 2017 8:18:59 AM entity.ConfigWorkplace select
INFOS: FROM ConfigWorkplace bp ORDER BY workplace ASC
juil. 14, 2017 8:19:04 AM entity.ConfigSegment select
INFOS: FROM ConfigSegment bp ORDER BY segment ASC
juil. 14, 2017 8:19:04 AM entity.ConfigWorkplace select
INFOS: FROM ConfigWorkplace bp ORDER BY workplace ASC
juil. 14, 2017 8:19:09 AM entity.ConfigSegment select
INFOS: FROM ConfigSegment bp ORDER BY segment ASC
juil. 14, 2017 8:19:09 AM entity.ConfigWorkplace select
INFOS: FROM ConfigWorkplace bp ORDER BY workplace ASC
juil. 14, 2017 8:19:20 AM entity.ConfigSegment select
INFOS: FROM ConfigSegment bp ORDER BY segment ASC
juil. 14, 2017 8:19:20 AM entity.ConfigWorkplace select
INFOS: FROM ConfigWorkplace bp ORDER BY workplace ASC
juil. 14, 2017 8:19:24 AM entity.ConfigSegment select
INFOS: FROM ConfigSegment bp ORDER BY segment ASC
juil. 14, 2017 8:19:24 AM entity.ConfigWorkplace select
INFOS: FROM ConfigWorkplace bp ORDER BY workplace ASC
juil. 14, 2017 8:19:27 AM entity.ConfigSegment select
INFOS: FROM ConfigSegment bp ORDER BY segment ASC
juil. 14, 2017 8:19:27 AM entity.ConfigWorkplace select
INFOS: FROM ConfigWorkplace bp ORDER BY workplace ASC
juil. 14, 2017 8:19:32 AM entity.ConfigSegment select
INFOS: FROM ConfigSegment bp ORDER BY segment ASC
juil. 14, 2017 8:19:32 AM entity.ConfigWorkplace select
INFOS: FROM ConfigWorkplace bp ORDER BY workplace ASC
juil. 14, 2017 8:19:35 AM entity.ConfigSegment select
INFOS: FROM ConfigSegment bp ORDER BY segment ASC
juil. 14, 2017 8:19:35 AM entity.ConfigWorkplace select
INFOS: FROM ConfigWorkplace bp ORDER BY workplace ASC
juil. 14, 2017 8:19:43 AM entity.ConfigSegment select
INFOS: FROM ConfigSegment bp ORDER BY segment ASC
juil. 14, 2017 8:19:43 AM entity.ConfigWorkplace select
INFOS: FROM ConfigWorkplace bp ORDER BY workplace ASC
juil. 14, 2017 8:20:00 AM entity.ConfigSegment select
INFOS: FROM ConfigSegment bp ORDER BY segment ASC
juil. 14, 2017 8:20:00 AM entity.ConfigWorkplace select
INFOS: FROM ConfigWorkplace bp ORDER BY workplace ASC
juil. 14, 2017 8:20:11 AM entity.ConfigSegment select
INFOS: FROM ConfigSegment bp ORDER BY segment ASC
juil. 14, 2017 8:20:11 AM entity.ConfigWorkplace select
INFOS: FROM ConfigWorkplace bp ORDER BY workplace ASC
juil. 14, 2017 8:39:23 AM gui.packaging_warehouse.PACKAGING_WAREHOUSE_UI0001_PasswordRequest connect
INFOS: User OUSSAMA EZZIOURI / ezou1001 connected to host WSMA7040 at 2017-07-14 08:39:23 Packaging warehouse interface : .
juil. 14, 2017 8:43:49 AM gui.warehouse_dispatch.WAREHOUSE_DISPATCH_UI0003_PasswordRequest connect
INFOS: User OUSSAMA EZZIOURI / ezou1001 connected to host WSMA7040 at 2017-07-14 08:43:49 Dispatch interface : .
juil. 14, 2017 10:22:20 AM gui.config.CONFIG_UI0000_AdminPassword checkLoginAndPass
INFOS: User OUSSAMA EZZIOURI / ezou1001 connected to host WSMA7040 at 2017-07-14 10:22:20 Module : Planner.
juil. 14, 2017 10:22:21 AM entity.ConfigSegment select
INFOS: FROM ConfigSegment bp ORDER BY segment ASC
juil. 14, 2017 10:22:21 AM entity.ConfigWorkplace selectBySegment
INFOS: FROM ConfigWorkplace bp WHERE segment = :segment ORDER BY workplace ASC
juil. 14, 2017 10:22:21 AM entity.ConfigProject select
INFOS: FROM ConfigProject bp ORDER BY harnessType ASC
juil. 14, 2017 10:25:11 AM entity.ConfigWorkplace selectBySegment
INFOS: FROM ConfigWorkplace bp WHERE segment = :segment ORDER BY workplace ASC
juil. 14, 2017 10:25:11 AM entity.ConfigWorkplace selectBySegment
INFOS: FROM ConfigWorkplace bp WHERE segment = :segment ORDER BY workplace ASC
juil. 14, 2017 11:11:40 AM state.S010_UserCodeScan doAction
INFOS: Invalid matricule number or account locked !
juil. 14, 2017 11:11:42 AM gui.packaging.PACKAGING_UI0002_PasswordRequest connect
INFOS: User OUSSAMA EZZIOURI / ezou1001 connected to host WSMA7040 at 2017-07-14 11:11:42 Project : SMALL.
juil. 14, 2017 11:11:48 AM entity.ConfigUcs isHarnessPartExist
INFOS: Searching Harness part [22806087] in ConfigUCS: SMALL
juil. 14, 2017 11:11:48 AM entity.ConfigUcs isHarnessPartExist
INFOS: Harness part [22806087] found for project [SMALL].
juil. 14, 2017 11:11:48 AM state.S020_HarnessPartScan doAction
INFOS: Harness Part scanned [P22806087] OK.
juil. 14, 2017 11:11:50 AM entity.BaseHarness isCounterExist
INFOS: Searching Harness counter [P2280608714072017111100] in BaseHarness.
juil. 14, 2017 11:11:50 AM entity.BaseHarness isCounterExist
INFOS: FROM BaseHarness bh WHERE bh.counter = :counter
juil. 14, 2017 11:11:50 AM state.S030_MatrixIdScan doAction
INFOS: Valid Harness Counter scanned [P2280608714072017111100] OK.
juil. 14, 2017 11:11:53 AM state.S040_PalletChoice doAction
INFOS: Is it a new pallet ?
juil. 14, 2017 11:11:53 AM state.S040_PalletChoice doAction
INFOS:  [Yes]
juil. 14, 2017 11:11:59 AM helper.Helper InitDailyDestPrintDir
INFOS: nullPrint directory [.\print\2017_07_14] is created!
Print sub directory [.\print\2017_07_14.\open_sheet] is created!
Print sub directory [.\print\2017_07_14.\closing_sheet] is created!
Print sub directory [.\print\2017_07_14.\picking_label] is created!
Print sub directory [.\print\2017_07_14.\dispatch_label] is created!

juil. 14, 2017 11:12:00 AM helper.PrinterHelper saveAndPrintOpenSheet
INFOS: Set Pallet [200029970] state to [IN_PROCESS]
juil. 14, 2017 11:12:00 AM print.PrintOpenPallet_A5 sentToDefaultDesktopPrinter
INFOS: Sending [.\print\2017_07_14\open_sheet\PrintOpenPallet_A5_2017_07_14_11_11_59_22806087_200029970.pdf] to the default printer...
juil. 14, 2017 11:12:01 AM print.PrintOpenPallet_A5 sentToDefaultDesktopPrinter
INFOS: File [.\print\2017_07_14\open_sheet\PrintOpenPallet_A5_2017_07_14_11_11_59_22806087_200029970.pdf] has been printed.
juil. 14, 2017 11:12:01 AM helper.PrinterHelper saveAndPrintOpenSheet
INFOS: Set Pallet [200029970] state to [PRINTED]
juil. 14, 2017 11:12:01 AM gui.packaging.PACKAGING_UI9000_ChoosePackType loadConfigUcs
INFOS: Openning new container for first harness part [22806087].
juil. 14, 2017 11:12:20 AM state.S041_NewPalletScan doAction
INFOS: Scanned Pallet number [200029970] OK.
juil. 14, 2017 11:12:20 AM state.S041_NewPalletScan doAction
INFOS: BaseContainer created BaseContainer{id=29663, createTime=Fri Jul 14 11:12:20 WAT 2017, writeTime=Fri Jul 14 11:12:20 WAT 2017, createId=4, writeId=4, user=ezou1001, createUser=OUSSAMA EZZIOURI, startTime=Fri Jul 14 11:12:20 WAT 2017, closedTime=null, workTime=null, palletNumber=200029970, harnessPart=22806087, harnessIndex=X01, supplierPartNumber=26C97860A, qtyExpected=2, qtyRead=1, containerState=OPEN, containerStateCode=1000, packType=C11, harnessType=SMALL, stdTime=2.074, workstation=WSMA7040, harnessList=[]} 
juil. 14, 2017 11:12:29 AM entity.ConfigUcs isHarnessPartExist
INFOS: Searching Harness part [22806087] in ConfigUCS: SMALL
juil. 14, 2017 11:12:29 AM entity.ConfigUcs isHarnessPartExist
INFOS: Harness part [22806087] found for project [SMALL].
juil. 14, 2017 11:12:29 AM state.S020_HarnessPartScan doAction
INFOS: Harness Part scanned [P22806087] OK.
juil. 14, 2017 11:12:30 AM entity.BaseHarness isCounterExist
INFOS: Searching Harness counter [P2280608714072017111101] in BaseHarness.
juil. 14, 2017 11:12:30 AM entity.BaseHarness isCounterExist
INFOS: FROM BaseHarness bh WHERE bh.counter = :counter
juil. 14, 2017 11:12:30 AM state.S030_MatrixIdScan doAction
INFOS: Valid Harness Counter scanned [P2280608714072017111101] OK.
juil. 14, 2017 11:12:37 AM state.S040_PalletChoice doAction
INFOS: Is it a new pallet ?
juil. 14, 2017 11:12:37 AM state.S040_PalletChoice doAction
INFOS:  [No]
juil. 14, 2017 11:12:37 AM state.S040_PalletChoice doAction
INFOS: Pallet values 
juil. 14, 2017 11:12:37 AM state.S040_PalletChoice doAction
INFOS: State           :   [true]
juil. 14, 2017 11:12:37 AM state.S040_PalletChoice doAction
INFOS: Qty Expected    :   [2]
juil. 14, 2017 11:12:37 AM state.S040_PalletChoice doAction
INFOS: Qty Read        :   [1]
juil. 14, 2017 11:12:37 AM state.S040_PalletChoice doAction
INFOS: Std Time        :   [2.074]
juil. 14, 2017 11:12:37 AM state.S040_PalletChoice doAction
INFOS: Harness Part [22806087] = Context Harness Part [22806087]
juil. 14, 2017 11:12:37 AM state.S040_PalletChoice doAction
INFOS: Harness Type [SMALL] = Context Harness Type [SMALL]
juil. 14, 2017 11:12:37 AM state.S040_PalletChoice doAction
INFOS: Quantit termine BaseContainer{id=29663, createTime=2017-07-14 11:12:20.0, writeTime=Fri Jul 14 11:12:37 WAT 2017, createId=4, writeId=4, user=ezou1001, createUser=OUSSAMA EZZIOURI, startTime=2017-07-14 11:12:20.0, closedTime=null, workTime=null, palletNumber=200029970, harnessPart=22806087, harnessIndex=X01, supplierPartNumber=26C97860A, qtyExpected=2, qtyRead=1, containerState=OPEN, containerStateCode=1000, packType=C11, harnessType=SMALL, stdTime=2.074, workstation=WSMA7040, harnessList=[entity.BaseHarness@17bd11ee, entity.BaseHarness@1b06dcf8]}
juil. 14, 2017 11:12:37 AM helper.Helper InitDailyDestPrintDir
INFOS: nullPrint directory [.\print\2017_07_14] already exist!
Print sub directory [.\print\2017_07_14.\open_sheet] already exist!
Print sub directory [.\print\2017_07_14.\closing_sheet] already exist!
Print sub directory [.\print\2017_07_14.\picking_label] already exist!
Print sub directory [.\print\2017_07_14.\dispatch_label] already exist!

juil. 14, 2017 11:12:38 AM helper.PrinterHelper saveAndPrintClosingSheet
INFOS: Set Closing Pallet item [29318] state to [IN_PROCESS]
juil. 14, 2017 11:12:38 AM print.PrintClosingPallet_A5 sentToDefaultDesktopPrinter
INFOS: Sending [.\print\2017_07_14\closing_sheet\PrintClosingPallet_A5_22806087_2017_07_14_11_12_37.pdf] to the default printer...
juil. 14, 2017 11:12:38 AM print.PrintClosingPallet_A5 sentToDefaultDesktopPrinter
INFOS: File [%s] has been printed.
juil. 14, 2017 11:12:38 AM helper.PrinterHelper saveAndPrintClosingSheet
INFOS: Set Closing Pallet [29318] state to [PRINTED]
