mai 02, 2017 9:56:44 PM helper.Helper InitDailyDestPrintDir
INFOS: Print directory [.\print\2017_05_02] is created!
Print sub directory [.\print\2017_05_02.\open_sheet] is created!
Print sub directory [.\print\2017_05_02.\closing_sheet] is created!
Print sub directory [.\print\2017_05_02.\picking_label] is created!
Print sub directory [.\print\2017_05_02.\dispatch_label] is created!

mai 02, 2017 10:22:02 PM gui.warehouse_dispatch.WAREHOUSE_DISPATCH_UI0003_PasswordRequest connect
INFOS: User Admin   / 9999 connected to host O-EZZIOURI at 2017-05-02 22:22:02 Dispatch interface : .
mai 02, 2017 10:41:05 PM helper.Helper InitDailyDestPrintDir
INFOS: Print directory [.\print\2017_05_02] already exist!
Print sub directory [.\print\2017_05_02.\open_sheet] already exist!
Print sub directory [.\print\2017_05_02.\closing_sheet] already exist!
Print sub directory [.\print\2017_05_02.\picking_label] already exist!
Print sub directory [.\print\2017_05_02.\dispatch_label] already exist!

mai 02, 2017 10:41:30 PM gui.warehouse_dispatch.WAREHOUSE_DISPATCH_UI0003_PasswordRequest connect
INFOS: User Admin   / 9999 connected to host O-EZZIOURI at 2017-05-02 22:41:30 Dispatch interface : .
mai 02, 2017 10:44:37 PM helper.Helper InitDailyDestPrintDir
INFOS: Print directory [.\print\2017_05_02] already exist!
Print sub directory [.\print\2017_05_02.\open_sheet] already exist!
Print sub directory [.\print\2017_05_02.\closing_sheet] already exist!
Print sub directory [.\print\2017_05_02.\picking_label] already exist!
Print sub directory [.\print\2017_05_02.\dispatch_label] already exist!

mai 02, 2017 10:44:48 PM gui.warehouse_dispatch.WAREHOUSE_DISPATCH_UI0003_PasswordRequest connect
INFOS: User Admin   / 9999 connected to host O-EZZIOURI at 2017-05-02 22:44:48 Dispatch interface : .
mai 02, 2017 10:48:03 PM helper.Helper InitDailyDestPrintDir
INFOS: Print directory [.\print\2017_05_02] already exist!
Print sub directory [.\print\2017_05_02.\open_sheet] already exist!
Print sub directory [.\print\2017_05_02.\closing_sheet] already exist!
Print sub directory [.\print\2017_05_02.\picking_label] already exist!
Print sub directory [.\print\2017_05_02.\dispatch_label] already exist!

mai 02, 2017 10:48:09 PM gui.warehouse_dispatch.WAREHOUSE_DISPATCH_UI0003_PasswordRequest connect
INFOS: User Admin   / 9999 connected to host O-EZZIOURI at 2017-05-02 22:48:09 Dispatch interface : .
mai 02, 2017 10:49:31 PM helper.Helper InitDailyDestPrintDir
INFOS: Print directory [.\print\2017_05_02] already exist!
Print sub directory [.\print\2017_05_02.\open_sheet] already exist!
Print sub directory [.\print\2017_05_02.\closing_sheet] already exist!
Print sub directory [.\print\2017_05_02.\picking_label] already exist!
Print sub directory [.\print\2017_05_02.\dispatch_label] already exist!

mai 02, 2017 10:49:36 PM gui.warehouse_dispatch.WAREHOUSE_DISPATCH_UI0003_PasswordRequest connect
INFOS: User Admin   / 9999 connected to host O-EZZIOURI at 2017-05-02 22:49:36 Dispatch interface : .
mai 02, 2017 10:50:36 PM helper.Helper InitDailyDestPrintDir
INFOS: Print directory [.\print\2017_05_02] already exist!
Print sub directory [.\print\2017_05_02.\open_sheet] already exist!
Print sub directory [.\print\2017_05_02.\closing_sheet] already exist!
Print sub directory [.\print\2017_05_02.\picking_label] already exist!
Print sub directory [.\print\2017_05_02.\dispatch_label] already exist!

mai 02, 2017 10:50:40 PM gui.warehouse_dispatch.WAREHOUSE_DISPATCH_UI0003_PasswordRequest connect
INFOS: User Admin   / 9999 connected to host O-EZZIOURI at 2017-05-02 22:50:40 Dispatch interface : .
mai 02, 2017 10:51:44 PM helper.Helper InitDailyDestPrintDir
INFOS: Print directory [.\print\2017_05_02] already exist!
Print sub directory [.\print\2017_05_02.\open_sheet] already exist!
Print sub directory [.\print\2017_05_02.\closing_sheet] already exist!
Print sub directory [.\print\2017_05_02.\picking_label] already exist!
Print sub directory [.\print\2017_05_02.\dispatch_label] already exist!

mai 02, 2017 10:52:03 PM gui.warehouse_dispatch.WAREHOUSE_DISPATCH_UI0003_PasswordRequest connect
INFOS: User Admin   / 9999 connected to host O-EZZIOURI at 2017-05-02 22:52:03 Dispatch interface : .
mai 02, 2017 10:52:57 PM helper.Helper InitDailyDestPrintDir
INFOS: Print directory [.\print\2017_05_02] already exist!
Print sub directory [.\print\2017_05_02.\open_sheet] already exist!
Print sub directory [.\print\2017_05_02.\closing_sheet] already exist!
Print sub directory [.\print\2017_05_02.\picking_label] already exist!
Print sub directory [.\print\2017_05_02.\dispatch_label] already exist!

mai 02, 2017 11:05:01 PM gui.warehouse_dispatch.WAREHOUSE_DISPATCH_UI0003_PasswordRequest connect
INFOS: User Admin   / 9999 connected to host O-EZZIOURI at 2017-05-02 23:05:01 Dispatch interface : .
mai 02, 2017 11:15:58 PM helper.Helper InitDailyDestPrintDir
INFOS: Print directory [.\print\2017_05_02] already exist!
Print sub directory [.\print\2017_05_02.\open_sheet] already exist!
Print sub directory [.\print\2017_05_02.\closing_sheet] already exist!
Print sub directory [.\print\2017_05_02.\picking_label] already exist!
Print sub directory [.\print\2017_05_02.\dispatch_label] already exist!

mai 02, 2017 11:16:07 PM gui.warehouse_dispatch.WAREHOUSE_DISPATCH_UI0003_PasswordRequest connect
INFOS: User Admin   / 9999 connected to host O-EZZIOURI at 2017-05-02 23:16:07 Dispatch interface : .
mai 02, 2017 11:17:34 PM helper.Helper InitDailyDestPrintDir
INFOS: Print directory [.\print\2017_05_02] already exist!
Print sub directory [.\print\2017_05_02.\open_sheet] already exist!
Print sub directory [.\print\2017_05_02.\closing_sheet] already exist!
Print sub directory [.\print\2017_05_02.\picking_label] already exist!
Print sub directory [.\print\2017_05_02.\dispatch_label] already exist!

mai 02, 2017 11:17:44 PM gui.warehouse_dispatch.WAREHOUSE_DISPATCH_UI0003_PasswordRequest connect
INFOS: User Admin   / 9999 connected to host O-EZZIOURI at 2017-05-02 23:17:44 Dispatch interface : .
mai 02, 2017 11:22:46 PM helper.Helper InitDailyDestPrintDir
INFOS: Print directory [.\print\2017_05_02] already exist!
Print sub directory [.\print\2017_05_02.\open_sheet] already exist!
Print sub directory [.\print\2017_05_02.\closing_sheet] already exist!
Print sub directory [.\print\2017_05_02.\picking_label] already exist!
Print sub directory [.\print\2017_05_02.\dispatch_label] already exist!

mai 02, 2017 11:23:14 PM helper.Helper InitDailyDestPrintDir
INFOS: Print directory [.\print\2017_05_02] already exist!
Print sub directory [.\print\2017_05_02.\open_sheet] already exist!
Print sub directory [.\print\2017_05_02.\closing_sheet] already exist!
Print sub directory [.\print\2017_05_02.\picking_label] already exist!
Print sub directory [.\print\2017_05_02.\dispatch_label] already exist!

mai 02, 2017 11:23:51 PM gui.warehouse_dispatch.WAREHOUSE_DISPATCH_UI0003_PasswordRequest connect
INFOS: User Admin   / 9999 connected to host O-EZZIOURI at 2017-05-02 23:23:51 Dispatch interface : .
mai 02, 2017 11:24:48 PM helper.Helper InitDailyDestPrintDir
INFOS: Print directory [.\print\2017_05_02] already exist!
Print sub directory [.\print\2017_05_02.\open_sheet] already exist!
Print sub directory [.\print\2017_05_02.\closing_sheet] already exist!
Print sub directory [.\print\2017_05_02.\picking_label] already exist!
Print sub directory [.\print\2017_05_02.\dispatch_label] already exist!

mai 02, 2017 11:24:52 PM gui.warehouse_dispatch.WAREHOUSE_DISPATCH_UI0003_PasswordRequest connect
INFOS: User Admin   / 9999 connected to host O-EZZIOURI at 2017-05-02 23:24:52 Dispatch interface : .
mai 02, 2017 11:30:30 PM helper.Helper InitDailyDestPrintDir
INFOS: Print directory [.\print\2017_05_02] already exist!
Print sub directory [.\print\2017_05_02.\open_sheet] already exist!
Print sub directory [.\print\2017_05_02.\closing_sheet] already exist!
Print sub directory [.\print\2017_05_02.\picking_label] already exist!
Print sub directory [.\print\2017_05_02.\dispatch_label] already exist!

mai 02, 2017 11:30:34 PM gui.warehouse_dispatch.WAREHOUSE_DISPATCH_UI0003_PasswordRequest connect
INFOS: User Admin   / 9999 connected to host O-EZZIOURI at 2017-05-02 23:30:34 Dispatch interface : .
mai 02, 2017 11:32:20 PM helper.Helper InitDailyDestPrintDir
INFOS: Print directory [.\print\2017_05_02] already exist!
Print sub directory [.\print\2017_05_02.\open_sheet] already exist!
Print sub directory [.\print\2017_05_02.\closing_sheet] already exist!
Print sub directory [.\print\2017_05_02.\picking_label] already exist!
Print sub directory [.\print\2017_05_02.\dispatch_label] already exist!

mai 02, 2017 11:32:24 PM gui.warehouse_dispatch.WAREHOUSE_DISPATCH_UI0003_PasswordRequest connect
INFOS: User Admin   / 9999 connected to host O-EZZIOURI at 2017-05-02 23:32:24 Dispatch interface : .
mai 02, 2017 11:50:16 PM helper.Helper InitDailyDestPrintDir
INFOS: Print directory [.\print\2017_05_02] already exist!
Print sub directory [.\print\2017_05_02.\open_sheet] already exist!
Print sub directory [.\print\2017_05_02.\closing_sheet] already exist!
Print sub directory [.\print\2017_05_02.\picking_label] already exist!
Print sub directory [.\print\2017_05_02.\dispatch_label] already exist!

mai 02, 2017 11:50:31 PM gui.warehouse_dispatch.WAREHOUSE_DISPATCH_UI0003_PasswordRequest connect
INFOS: User Admin   / 9999 connected to host O-EZZIOURI at 2017-05-02 23:50:31 Dispatch interface : .
mai 02, 2017 11:54:52 PM helper.Helper InitDailyDestPrintDir
INFOS: Print directory [.\print\2017_05_02] already exist!
Print sub directory [.\print\2017_05_02.\open_sheet] already exist!
Print sub directory [.\print\2017_05_02.\closing_sheet] already exist!
Print sub directory [.\print\2017_05_02.\picking_label] already exist!
Print sub directory [.\print\2017_05_02.\dispatch_label] already exist!

mai 02, 2017 11:55:00 PM gui.warehouse_dispatch.WAREHOUSE_DISPATCH_UI0003_PasswordRequest connect
INFOS: User Admin   / 9999 connected to host O-EZZIOURI at 2017-05-02 23:55:00 Dispatch interface : .
