mars 08, 2016 9:28:49 AM helper.Helper InitDailyDestPrintDir
INFOS: Print directory [.\print\2016_03_08] is created!
Print sub directory [.\print\2016_03_08.\pallet] is created!
Print sub directory [.\print\2016_03_08.\closing_pallet] is created!

mars 08, 2016 9:28:50 AM entity.ConfigProject select
INFOS: FROM ConfigProject bp ORDER BY harnessType ASC
mars 08, 2016 9:28:50 AM entity.ConfigProject select
INFOS: FROM ConfigProject bp ORDER BY harnessType ASC
mars 08, 2016 9:53:21 AM helper.Helper InitDailyDestPrintDir
INFOS: Print directory [.\print\2016_03_08] already exist!
Print sub directory [.\print\2016_03_08.\pallet] already exist!
Print sub directory [.\print\2016_03_08.\closing_pallet] already exist!

mars 08, 2016 9:53:22 AM entity.ConfigProject select
INFOS: FROM ConfigProject bp ORDER BY harnessType ASC
mars 08, 2016 9:53:22 AM entity.ConfigProject select
INFOS: FROM ConfigProject bp ORDER BY harnessType ASC
mars 08, 2016 9:53:26 AM state.S010_UserCodeScan doAction
INFOS: User Jawad SOBHI / 1002 connected to host WSMA7040 at 2016-03-08 09:53:26 Project : SMALL.
mars 08, 2016 9:55:39 AM helper.Helper InitDailyDestPrintDir
INFOS: Print directory [.\print\2016_03_08] already exist!
Print sub directory [.\print\2016_03_08.\pallet] already exist!
Print sub directory [.\print\2016_03_08.\closing_pallet] already exist!

mars 08, 2016 9:55:39 AM entity.ConfigProject select
INFOS: FROM ConfigProject bp ORDER BY harnessType ASC
mars 08, 2016 9:55:39 AM entity.ConfigProject select
INFOS: FROM ConfigProject bp ORDER BY harnessType ASC
mars 08, 2016 9:55:45 AM state.S010_UserCodeScan doAction
INFOS: User Jawad SOBHI / 1002 connected to host WSMA7040 at 2016-03-08 09:55:45 Project : SMALL.
mars 08, 2016 10:21:17 AM helper.Helper InitDailyDestPrintDir
INFOS: Print directory [.\print\2016_03_08] already exist!
Print sub directory [.\print\2016_03_08.\pallet] already exist!
Print sub directory [.\print\2016_03_08.\closing_pallet] already exist!

mars 08, 2016 10:21:18 AM entity.ConfigProject select
INFOS: FROM ConfigProject bp ORDER BY harnessType ASC
mars 08, 2016 10:21:18 AM entity.ConfigProject select
INFOS: FROM ConfigProject bp ORDER BY harnessType ASC
mars 08, 2016 10:21:38 AM state.S010_UserCodeScan doAction
INFOS: Invalid matricule number or account locked !
mars 08, 2016 10:22:13 AM helper.Helper InitDailyDestPrintDir
INFOS: Print directory [.\print\2016_03_08] already exist!
Print sub directory [.\print\2016_03_08.\pallet] already exist!
Print sub directory [.\print\2016_03_08.\closing_pallet] already exist!

mars 08, 2016 10:22:14 AM entity.ConfigProject select
INFOS: FROM ConfigProject bp ORDER BY harnessType ASC
mars 08, 2016 10:22:14 AM entity.ConfigProject select
INFOS: FROM ConfigProject bp ORDER BY harnessType ASC
mars 08, 2016 10:22:22 AM state.S010_UserCodeScan doAction
INFOS: User Oussama EZZIOURI / ezou1001 connected to host WSMA7040 at 2016-03-08 10:22:22 Project : SMALL.
mars 08, 2016 10:23:32 AM helper.Helper InitDailyDestPrintDir
INFOS: Print directory [.\print\2016_03_08] already exist!
Print sub directory [.\print\2016_03_08.\pallet] already exist!
Print sub directory [.\print\2016_03_08.\closing_pallet] already exist!

mars 08, 2016 10:23:32 AM entity.ConfigProject select
INFOS: FROM ConfigProject bp ORDER BY harnessType ASC
mars 08, 2016 10:23:32 AM entity.ConfigProject select
INFOS: FROM ConfigProject bp ORDER BY harnessType ASC
mars 08, 2016 10:23:39 AM state.S010_UserCodeScan doAction
INFOS: User Oussama EZZIOURI / ezou1001 connected to host WSMA7040 at 2016-03-08 10:23:39 Project : SMALL.
mars 08, 2016 10:26:28 AM helper.Helper InitDailyDestPrintDir
INFOS: Print directory [.\print\2016_03_08] already exist!
Print sub directory [.\print\2016_03_08.\pallet] already exist!
Print sub directory [.\print\2016_03_08.\closing_pallet] already exist!

mars 08, 2016 10:26:28 AM entity.ConfigProject select
INFOS: FROM ConfigProject bp ORDER BY harnessType ASC
mars 08, 2016 10:26:28 AM entity.ConfigProject select
INFOS: FROM ConfigProject bp ORDER BY harnessType ASC
mars 08, 2016 10:26:33 AM state.S010_UserCodeScan doAction
INFOS: User Oussama EZZIOURI / ezou1001 connected to host WSMA7040 at 2016-03-08 10:26:33 Project : SMALL.
mars 08, 2016 10:44:22 AM helper.Helper InitDailyDestPrintDir
INFOS: Print directory [.\print\2016_03_08] already exist!
Print sub directory [.\print\2016_03_08.\pallet] already exist!
Print sub directory [.\print\2016_03_08.\closing_pallet] already exist!

mars 08, 2016 10:44:23 AM entity.ConfigProject select
INFOS: FROM ConfigProject bp ORDER BY harnessType ASC
mars 08, 2016 10:44:23 AM entity.ConfigProject select
INFOS: FROM ConfigProject bp ORDER BY harnessType ASC
mars 08, 2016 10:44:34 AM state.S010_UserCodeScan doAction
INFOS: User Oussama EZZIOURI / ezou1001 connected to host WSMA7040 at 2016-03-08 10:44:34 Project : SMALL.
mars 08, 2016 2:17:00 PM helper.Helper InitDailyDestPrintDir
INFOS: Print directory [.\print\2016_03_08] already exist!
Print sub directory [.\print\2016_03_08.\pallet] already exist!
Print sub directory [.\print\2016_03_08.\closing_pallet] already exist!

mars 08, 2016 2:17:01 PM entity.ConfigProject select
INFOS: FROM ConfigProject bp ORDER BY harnessType ASC
mars 08, 2016 2:17:01 PM entity.ConfigProject select
INFOS: FROM ConfigProject bp ORDER BY harnessType ASC
mars 08, 2016 2:17:13 PM state.S010_UserCodeScan doAction
INFOS: User Oussama EZZIOURI / ezou1001 connected to host WSMA7040 at 2016-03-08 14:17:13 Project : SMALL.
mars 08, 2016 2:23:11 PM helper.Helper InitDailyDestPrintDir
INFOS: Print directory [.\print\2016_03_08] already exist!
Print sub directory [.\print\2016_03_08.\pallet] already exist!
Print sub directory [.\print\2016_03_08.\closing_pallet] already exist!

mars 08, 2016 2:23:12 PM entity.ConfigProject select
INFOS: FROM ConfigProject bp ORDER BY harnessType ASC
mars 08, 2016 2:23:12 PM entity.ConfigProject select
INFOS: FROM ConfigProject bp ORDER BY harnessType ASC
mars 08, 2016 2:23:16 PM state.S010_UserCodeScan doAction
INFOS: Invalid matricule number or account locked !
mars 08, 2016 2:23:21 PM state.S010_UserCodeScan doAction
INFOS: User Oussama EZZIOURI / ezou1001 connected to host WSMA7040 at 2016-03-08 14:23:21 Project : SMALL.
mars 08, 2016 2:25:29 PM helper.Helper InitDailyDestPrintDir
INFOS: Print directory [.\print\2016_03_08] already exist!
Print sub directory [.\print\2016_03_08.\pallet] already exist!
Print sub directory [.\print\2016_03_08.\closing_pallet] already exist!

mars 08, 2016 2:25:30 PM entity.ConfigProject select
INFOS: FROM ConfigProject bp ORDER BY harnessType ASC
mars 08, 2016 2:25:30 PM entity.ConfigProject select
INFOS: FROM ConfigProject bp ORDER BY harnessType ASC
mars 08, 2016 2:31:09 PM state.S010_UserCodeScan doAction
INFOS: User Oussama EZZIOURI / ezou1001 connected to host WSMA7040 at 2016-03-08 14:31:09 Project : SMALL.
mars 08, 2016 2:31:48 PM helper.Helper InitDailyDestPrintDir
INFOS: Print directory [.\print\2016_03_08] already exist!
Print sub directory [.\print\2016_03_08.\pallet] already exist!
Print sub directory [.\print\2016_03_08.\closing_pallet] already exist!

mars 08, 2016 2:31:49 PM entity.ConfigProject select
INFOS: FROM ConfigProject bp ORDER BY harnessType ASC
mars 08, 2016 2:31:49 PM entity.ConfigProject select
INFOS: FROM ConfigProject bp ORDER BY harnessType ASC
mars 08, 2016 2:31:55 PM state.S010_UserCodeScan doAction
INFOS: Invalid matricule number or account locked !
mars 08, 2016 2:32:00 PM state.S010_UserCodeScan doAction
INFOS: User Oussama EZZIOURI / ezou1001 connected to host WSMA7040 at 2016-03-08 14:32:00 Project : SMALL.
mars 08, 2016 2:36:34 PM helper.Helper InitDailyDestPrintDir
INFOS: Print directory [.\print\2016_03_08] already exist!
Print sub directory [.\print\2016_03_08.\pallet] already exist!
Print sub directory [.\print\2016_03_08.\closing_pallet] already exist!

mars 08, 2016 2:36:35 PM entity.ConfigProject select
INFOS: FROM ConfigProject bp ORDER BY harnessType ASC
mars 08, 2016 2:36:35 PM entity.ConfigProject select
INFOS: FROM ConfigProject bp ORDER BY harnessType ASC
mars 08, 2016 2:36:42 PM state.S010_UserCodeScan doAction
INFOS: User Oussama EZZIOURI / ezou1001 connected to host WSMA7040 at 2016-03-08 14:36:42 Project : SMALL.
mars 08, 2016 2:38:11 PM helper.Helper InitDailyDestPrintDir
INFOS: Print directory [.\print\2016_03_08] already exist!
Print sub directory [.\print\2016_03_08.\pallet] already exist!
Print sub directory [.\print\2016_03_08.\closing_pallet] already exist!

mars 08, 2016 2:38:11 PM entity.ConfigProject select
INFOS: FROM ConfigProject bp ORDER BY harnessType ASC
mars 08, 2016 2:38:11 PM entity.ConfigProject select
INFOS: FROM ConfigProject bp ORDER BY harnessType ASC
mars 08, 2016 2:38:19 PM state.S010_UserCodeScan doAction
INFOS: User Oussama EZZIOURI / ezou1001 connected to host WSMA7040 at 2016-03-08 14:38:19 Project : SMALL.
mars 08, 2016 2:39:33 PM helper.Helper InitDailyDestPrintDir
INFOS: Print directory [.\print\2016_03_08] already exist!
Print sub directory [.\print\2016_03_08.\pallet] already exist!
Print sub directory [.\print\2016_03_08.\closing_pallet] already exist!

mars 08, 2016 2:39:34 PM entity.ConfigProject select
INFOS: FROM ConfigProject bp ORDER BY harnessType ASC
mars 08, 2016 2:39:34 PM entity.ConfigProject select
INFOS: FROM ConfigProject bp ORDER BY harnessType ASC
mars 08, 2016 2:40:44 PM helper.Helper InitDailyDestPrintDir
INFOS: Print directory [.\print\2016_03_08] already exist!
Print sub directory [.\print\2016_03_08.\pallet] already exist!
Print sub directory [.\print\2016_03_08.\closing_pallet] already exist!

mars 08, 2016 2:40:44 PM entity.ConfigProject select
INFOS: FROM ConfigProject bp ORDER BY harnessType ASC
mars 08, 2016 2:40:44 PM entity.ConfigProject select
INFOS: FROM ConfigProject bp ORDER BY harnessType ASC
mars 08, 2016 2:41:14 PM state.S010_UserCodeScan doAction
INFOS: User Oussama EZZIOURI / ezou1001 connected to host WSMA7040 at 2016-03-08 14:41:14 Project : SMALL.
mars 08, 2016 3:46:54 PM helper.Helper InitDailyDestPrintDir
INFOS: Print directory [.\print\2016_03_08] already exist!
Print sub directory [.\print\2016_03_08.\pallet] already exist!
Print sub directory [.\print\2016_03_08.\closing_pallet] already exist!

mars 08, 2016 3:46:55 PM entity.ConfigProject select
INFOS: FROM ConfigProject bp ORDER BY harnessType ASC
mars 08, 2016 3:46:55 PM entity.ConfigProject select
INFOS: FROM ConfigProject bp ORDER BY harnessType ASC
mars 08, 2016 3:47:41 PM state.S010_UserCodeScan doAction
INFOS: Invalid matricule number or account locked !
mars 08, 2016 3:47:47 PM state.S010_UserCodeScan doAction
INFOS: User Oussama EZZIOURI / ezou1001 connected to host WSMA7040 at 2016-03-08 15:47:47 Project : SMALL.
mars 08, 2016 4:14:47 PM helper.Helper InitDailyDestPrintDir
INFOS: Print directory [.\print\2016_03_08] already exist!
Print sub directory [.\print\2016_03_08.\pallet] already exist!
Print sub directory [.\print\2016_03_08.\closing_pallet] already exist!

mars 08, 2016 4:14:47 PM entity.ConfigProject select
INFOS: FROM ConfigProject bp ORDER BY harnessType ASC
mars 08, 2016 4:14:51 PM entity.ConfigProject select
INFOS: FROM ConfigProject bp ORDER BY harnessType ASC
mars 08, 2016 4:16:21 PM helper.Helper InitDailyDestPrintDir
INFOS: Print directory [.\print\2016_03_08] already exist!
Print sub directory [.\print\2016_03_08.\pallet] already exist!
Print sub directory [.\print\2016_03_08.\closing_pallet] already exist!

mars 08, 2016 4:16:21 PM entity.ConfigProject select
INFOS: FROM ConfigProject bp ORDER BY harnessType ASC
mars 08, 2016 4:16:23 PM entity.ConfigProject select
INFOS: FROM ConfigProject bp ORDER BY harnessType ASC
