déc. 01, 2016 12:43:56 PM helper.Helper InitDailyDestPrintDir
INFOS: Print directory [.\print\2016_12_01] is created!
Print sub directory [.\print\2016_12_01.\open_sheet] is created!
Print sub directory [.\print\2016_12_01.\closing_sheet] is created!
Print sub directory [.\print\2016_12_01.\picking_label] is created!
Print sub directory [.\print\2016_12_01.\dispatch_label] is created!

déc. 01, 2016 12:44:05 PM gui.packaging.PACKAGING_UI0001_Main loadBarcodeConfig
INFOS: FROM ConfigBarcode cb WHERE cb.keyWord = :keyWord ORDER BY id ASC
déc. 01, 2016 12:44:05 PM entity.ConfigProject select
INFOS: FROM ConfigProject bp ORDER BY harnessType ASC
déc. 01, 2016 12:44:05 PM entity.ConfigProject select
INFOS: FROM ConfigProject bp ORDER BY harnessType ASC
déc. 01, 2016 12:44:09 PM entity.ConfigProject select
INFOS: FROM ConfigProject bp ORDER BY harnessType ASC
déc. 01, 2016 2:04:59 PM entity.ConfigProject select
INFOS: FROM ConfigProject bp ORDER BY harnessType ASC
déc. 01, 2016 2:28:13 PM entity.ConfigProject select
INFOS: FROM ConfigProject bp ORDER BY harnessType ASC
déc. 01, 2016 2:33:55 PM entity.ConfigProject select
INFOS: FROM ConfigProject bp ORDER BY harnessType ASC
déc. 01, 2016 3:54:26 PM entity.ConfigProject select
INFOS: FROM ConfigProject bp ORDER BY harnessType ASC
déc. 02, 2016 8:07:48 AM entity.ConfigProject select
INFOS: FROM ConfigProject bp ORDER BY harnessType ASC
