oct. 09, 2017 1:52:35 PM helper.Helper InitDailyDestPrintDir
INFOS: File 2017_10_09.log created !Print directory [.\print\2017_10_09] created !
Print sub directory [.\print\2017_10_09.\open_sheet] created !
Print sub directory [.\print\2017_10_09.\closing_sheet] created !
Print sub directory [.\print\2017_10_09.\picking_label] created !
Print sub directory [.\print\2017_10_09.\dispatch_label] created !

oct. 09, 2017 2:04:59 PM helper.Helper InitDailyDestPrintDir
INFOS: File 2017_10_09.log already exists.Print directory [.\print\2017_10_09] already exist!
Print sub directory [.\print\2017_10_09.\open_sheet] already exist!
Print sub directory [.\print\2017_10_09.\closing_sheet] already exist!
Print sub directory [.\print\2017_10_09.\picking_label] already exist!
Print sub directory [.\print\2017_10_09.\dispatch_label] already exist!

oct. 09, 2017 2:05:06 PM entity.ConfigProject select
INFOS: FROM ConfigProject bp ORDER BY harnessType ASC
oct. 09, 2017 2:05:06 PM entity.ConfigProject select
INFOS: FROM ConfigProject bp ORDER BY harnessType ASC
oct. 09, 2017 2:09:10 PM gui.config.CONFIG_UI0000_AUTH checkLoginAndPass
INFOS: User EZZIOURI OUSSAMA / ezou1001 connected to host WSMA7040 at 2017-10-09 14:09:10 Module : Planner.
oct. 09, 2017 2:09:10 PM entity.ConfigSegment select
INFOS: FROM ConfigSegment bp ORDER BY segment ASC
oct. 09, 2017 2:09:10 PM entity.ConfigWorkplace selectBySegment
INFOS: FROM ConfigWorkplace bp WHERE segment = :segment ORDER BY workplace ASC
oct. 09, 2017 2:09:10 PM entity.ConfigProject select
INFOS: FROM ConfigProject bp ORDER BY harnessType ASC
oct. 09, 2017 2:09:25 PM gui.config.CONFIG_UI0000_AUTH checkLoginAndPass
INFOS: User EZZIOURI OUSSAMA / ezou1001 connected to host WSMA7040 at 2017-10-09 14:09:25 Module : Planner.
oct. 09, 2017 2:09:25 PM entity.ConfigProject select
INFOS: FROM ConfigProject bp ORDER BY harnessType ASC
oct. 09, 2017 2:09:50 PM gui.config.CONFIG_UI0000_AUTH checkLoginAndPass
INFOS: User EZZIOURI OUSSAMA / ezou1001 connected to host WSMA7040 at 2017-10-09 14:09:50 Module : Planner.
oct. 09, 2017 2:10:42 PM gui.warehouse_dispatch.WAREHOUSE_DISPATCH_UI0003_PasswordRequest connect
INFOS: User EZZIOURI OUSSAMA / ezou1001 connected to host WSMA7040 at 2017-10-09 14:10:42 Dispatch interface : .
oct. 09, 2017 2:13:36 PM gui.packaging_warehouse.PACKAGING_WAREHOUSE_UI0001_PasswordRequest connect
INFOS: User EZZIOURI OUSSAMA / ezou1001 connected to host WSMA7040 at 2017-10-09 14:13:36 Packaging warehouse interface : .
oct. 09, 2017 2:17:04 PM helper.Helper InitDailyDestPrintDir
INFOS: File 2017_10_09.log already exists.Print directory [.\print\2017_10_09] already exist!
Print sub directory [.\print\2017_10_09.\open_sheet] already exist!
Print sub directory [.\print\2017_10_09.\closing_sheet] already exist!
Print sub directory [.\print\2017_10_09.\picking_label] already exist!
Print sub directory [.\print\2017_10_09.\dispatch_label] already exist!

oct. 09, 2017 2:17:15 PM gui.warehouse_dispatch.WAREHOUSE_DISPATCH_UI0003_PasswordRequest connect
INFOS: User EZZIOURI OUSSAMA / ezou1001 connected to host WSMA7040 at 2017-10-09 14:17:15 Dispatch interface : .
oct. 09, 2017 2:18:41 PM gui.packaging_warehouse.PACKAGING_WAREHOUSE_UI0001_PasswordRequest connect
INFOS: User EZZIOURI OUSSAMA / ezou1001 connected to host WSMA7040 at 2017-10-09 14:18:41 Packaging warehouse interface : .
