mai 13, 2016 11:18:28 AM helper.Helper InitDailyDestPrintDir
INFOS: Print directory [.\print\2016_05_13] is created!
Print sub directory [.\print\2016_05_13.\open_sheet] is created!
Print sub directory [.\print\2016_05_13.\closing_sheet] is created!
Print sub directory [.\print\2016_05_13.\picking_label] is created!

mai 13, 2016 11:18:31 AM entity.ConfigProject select
INFOS: FROM ConfigProject bp ORDER BY harnessType ASC
mai 13, 2016 11:18:31 AM entity.ConfigProject select
INFOS: FROM ConfigProject bp ORDER BY harnessType ASC
mai 13, 2016 11:18:41 AM entity.ConfigProject select
INFOS: FROM ConfigProject bp ORDER BY harnessType ASC
mai 13, 2016 12:25:09 PM helper.Helper InitDailyDestPrintDir
INFOS: Print directory [.\print\2016_05_13] already exist!
Print sub directory [.\print\2016_05_13.\open_sheet] already exist!
Print sub directory [.\print\2016_05_13.\closing_sheet] already exist!
Print sub directory [.\print\2016_05_13.\picking_label] already exist!

mai 13, 2016 12:25:10 PM entity.ConfigProject select
INFOS: FROM ConfigProject bp ORDER BY harnessType ASC
mai 13, 2016 12:25:10 PM entity.ConfigProject select
INFOS: FROM ConfigProject bp ORDER BY harnessType ASC
mai 13, 2016 12:25:14 PM entity.ConfigProject select
INFOS: FROM ConfigProject bp ORDER BY harnessType ASC
