mars 30, 2016 8:54:33 AM helper.Helper InitDailyDestPrintDir
INFOS: Print directory [.\print\2016_03_30] is created!
Print sub directory [.\print\2016_03_30.\open_sheet] is created!
Print sub directory [.\print\2016_03_30.\closing_sheet] is created!

mars 30, 2016 8:55:27 AM gui.planner.PLANNER_UI0002_AdminPassword checkLoginAndPass
INFOS: User Admin   / 0 connected to host WSMA7040 at 2016-03-30 08:55:27 Module : Planner.
mars 30, 2016 8:55:27 AM entity.ConfigProject select
INFOS: FROM ConfigProject bp ORDER BY harnessType ASC
mars 30, 2016 8:55:27 AM entity.ConfigShift select
INFOS: FROM ConfigShift cs ORDER BY startHour ASC
mars 30, 2016 8:59:35 AM helper.Helper InitDailyDestPrintDir
INFOS: Print directory [.\print\2016_03_30] already exist!
Print sub directory [.\print\2016_03_30.\open_sheet] already exist!
Print sub directory [.\print\2016_03_30.\closing_sheet] already exist!

mars 30, 2016 8:59:38 AM gui.planner.PLANNER_UI0002_AdminPassword checkLoginAndPass
INFOS: User Admin   / 0 connected to host WSMA7040 at 2016-03-30 08:59:38 Module : Planner.
mars 30, 2016 8:59:38 AM entity.ConfigProject select
INFOS: FROM ConfigProject bp ORDER BY harnessType ASC
mars 30, 2016 8:59:38 AM entity.ConfigShift select
INFOS: FROM ConfigShift cs ORDER BY startHour ASC
mars 30, 2016 9:00:38 AM helper.Helper InitDailyDestPrintDir
INFOS: Print directory [.\print\2016_03_30] already exist!
Print sub directory [.\print\2016_03_30.\open_sheet] already exist!
Print sub directory [.\print\2016_03_30.\closing_sheet] already exist!

mars 30, 2016 9:00:40 AM gui.planner.PLANNER_UI0002_AdminPassword checkLoginAndPass
INFOS: User Admin   / 0 connected to host WSMA7040 at 2016-03-30 09:00:40 Module : Planner.
mars 30, 2016 9:00:40 AM entity.ConfigProject select
INFOS: FROM ConfigProject bp ORDER BY harnessType ASC
mars 30, 2016 9:00:40 AM entity.ConfigShift select
INFOS: FROM ConfigShift cs ORDER BY startHour ASC
mars 30, 2016 9:14:11 AM helper.Helper InitDailyDestPrintDir
INFOS: Print directory [.\print\2016_03_30] already exist!
Print sub directory [.\print\2016_03_30.\open_sheet] already exist!
Print sub directory [.\print\2016_03_30.\closing_sheet] already exist!

mars 30, 2016 9:35:35 AM helper.Helper InitDailyDestPrintDir
INFOS: Print directory [.\print\2016_03_30] already exist!
Print sub directory [.\print\2016_03_30.\open_sheet] already exist!
Print sub directory [.\print\2016_03_30.\closing_sheet] already exist!

mars 30, 2016 10:25:52 AM helper.Helper InitDailyDestPrintDir
INFOS: Print directory [.\print\2016_03_30] already exist!
Print sub directory [.\print\2016_03_30.\open_sheet] already exist!
Print sub directory [.\print\2016_03_30.\closing_sheet] already exist!

mars 30, 2016 10:25:55 AM gui.planner.PLANNER_UI0002_AdminPassword checkLoginAndPass
INFOS: User Admin   / 0 connected to host WSMA7040 at 2016-03-30 10:25:55 Module : Planner.
mars 30, 2016 10:25:55 AM entity.ConfigProject select
INFOS: FROM ConfigProject bp ORDER BY harnessType ASC
mars 30, 2016 10:25:55 AM entity.ConfigShift select
INFOS: FROM ConfigShift cs ORDER BY startHour ASC
mars 30, 2016 10:30:00 AM helper.Helper InitDailyDestPrintDir
INFOS: Print directory [.\print\2016_03_30] already exist!
Print sub directory [.\print\2016_03_30.\open_sheet] already exist!
Print sub directory [.\print\2016_03_30.\closing_sheet] already exist!

mars 30, 2016 10:30:04 AM gui.planner.PLANNER_UI0002_AdminPassword checkLoginAndPass
INFOS: User Admin   / 0 connected to host WSMA7040 at 2016-03-30 10:30:04 Module : Planner.
mars 30, 2016 10:30:05 AM entity.ConfigProject select
INFOS: FROM ConfigProject bp ORDER BY harnessType ASC
mars 30, 2016 10:30:05 AM entity.ConfigShift select
INFOS: FROM ConfigShift cs ORDER BY startHour ASC
mars 30, 2016 10:32:41 AM helper.Helper InitDailyDestPrintDir
INFOS: Print directory [.\print\2016_03_30] already exist!
Print sub directory [.\print\2016_03_30.\open_sheet] already exist!
Print sub directory [.\print\2016_03_30.\closing_sheet] already exist!

mars 30, 2016 10:32:43 AM gui.planner.PLANNER_UI0002_AdminPassword checkLoginAndPass
INFOS: User Admin   / 0 connected to host WSMA7040 at 2016-03-30 10:32:43 Module : Planner.
mars 30, 2016 10:32:43 AM entity.ConfigProject select
INFOS: FROM ConfigProject bp ORDER BY harnessType ASC
mars 30, 2016 10:32:43 AM entity.ConfigShift select
INFOS: FROM ConfigShift cs ORDER BY startHour ASC
mars 30, 2016 10:33:19 AM helper.Helper InitDailyDestPrintDir
INFOS: Print directory [.\print\2016_03_30] already exist!
Print sub directory [.\print\2016_03_30.\open_sheet] already exist!
Print sub directory [.\print\2016_03_30.\closing_sheet] already exist!

mars 30, 2016 10:33:22 AM gui.planner.PLANNER_UI0002_AdminPassword checkLoginAndPass
INFOS: User Admin   / 0 connected to host WSMA7040 at 2016-03-30 10:33:22 Module : Planner.
mars 30, 2016 10:33:22 AM entity.ConfigProject select
INFOS: FROM ConfigProject bp ORDER BY harnessType ASC
mars 30, 2016 10:33:22 AM entity.ConfigShift select
INFOS: FROM ConfigShift cs ORDER BY startHour ASC
mars 30, 2016 10:43:58 AM helper.Helper InitDailyDestPrintDir
INFOS: Print directory [.\print\2016_03_30] already exist!
Print sub directory [.\print\2016_03_30.\open_sheet] already exist!
Print sub directory [.\print\2016_03_30.\closing_sheet] already exist!

mars 30, 2016 10:44:02 AM gui.planner.PLANNER_UI0002_AdminPassword checkLoginAndPass
INFOS: User Admin   / 0 connected to host WSMA7040 at 2016-03-30 10:44:02 Module : Planner.
mars 30, 2016 10:44:03 AM entity.ConfigProject select
INFOS: FROM ConfigProject bp ORDER BY harnessType ASC
mars 30, 2016 10:44:03 AM entity.ConfigShift select
INFOS: FROM ConfigShift cs ORDER BY startHour ASC
mars 30, 2016 10:46:08 AM helper.Helper InitDailyDestPrintDir
INFOS: Print directory [.\print\2016_03_30] already exist!
Print sub directory [.\print\2016_03_30.\open_sheet] already exist!
Print sub directory [.\print\2016_03_30.\closing_sheet] already exist!

mars 30, 2016 10:53:15 AM helper.Helper InitDailyDestPrintDir
INFOS: Print directory [.\print\2016_03_30] already exist!
Print sub directory [.\print\2016_03_30.\open_sheet] already exist!
Print sub directory [.\print\2016_03_30.\closing_sheet] already exist!

mars 30, 2016 10:54:44 AM helper.Helper InitDailyDestPrintDir
INFOS: Print directory [.\print\2016_03_30] already exist!
Print sub directory [.\print\2016_03_30.\open_sheet] already exist!
Print sub directory [.\print\2016_03_30.\closing_sheet] already exist!

