juin 23, 2017 4:16:59 PM helper.Helper InitDailyDestPrintDir
INFOS: Print directory [.\print\2017_06_23] is created!
Print sub directory [.\print\2017_06_23.\open_sheet] is created!
Print sub directory [.\print\2017_06_23.\closing_sheet] is created!
Print sub directory [.\print\2017_06_23.\picking_label] is created!
Print sub directory [.\print\2017_06_23.\dispatch_label] is created!

juin 23, 2017 4:17:06 PM entity.ConfigSegment select
INFOS: FROM ConfigSegment bp ORDER BY segment ASC
juin 23, 2017 4:17:08 PM entity.ConfigSegment select
INFOS: FROM ConfigSegment bp ORDER BY segment ASC
juin 23, 2017 4:17:08 PM entity.ConfigWorkplace select
INFOS: FROM ConfigWorkplace bp ORDER BY workplace ASC
juin 23, 2017 4:17:08 PM entity.ConfigSegment select
INFOS: FROM ConfigSegment bp ORDER BY segment ASC
juin 23, 2017 4:17:08 PM entity.ConfigWorkplace select
INFOS: FROM ConfigWorkplace bp ORDER BY workplace ASC
juin 23, 2017 4:17:11 PM entity.ConfigSegment select
INFOS: FROM ConfigSegment bp ORDER BY segment ASC
juin 23, 2017 4:17:11 PM entity.ConfigWorkplace select
INFOS: FROM ConfigWorkplace bp ORDER BY workplace ASC
juin 23, 2017 4:17:14 PM entity.ConfigSegment select
INFOS: FROM ConfigSegment bp ORDER BY segment ASC
juin 23, 2017 4:17:15 PM entity.ConfigWorkplace select
INFOS: FROM ConfigWorkplace bp ORDER BY workplace ASC
juin 23, 2017 4:18:41 PM entity.ConfigSegment select
INFOS: FROM ConfigSegment bp ORDER BY segment ASC
juin 23, 2017 4:18:44 PM entity.ConfigSegment select
INFOS: FROM ConfigSegment bp ORDER BY segment ASC
juin 23, 2017 4:18:44 PM entity.ConfigWorkplace select
INFOS: FROM ConfigWorkplace bp ORDER BY workplace ASC
juin 23, 2017 4:18:47 PM entity.ConfigSegment select
INFOS: FROM ConfigSegment bp ORDER BY segment ASC
juin 23, 2017 4:18:47 PM entity.ConfigWorkplace select
INFOS: FROM ConfigWorkplace bp ORDER BY workplace ASC
juin 23, 2017 4:18:47 PM entity.ConfigSegment select
INFOS: FROM ConfigSegment bp ORDER BY segment ASC
juin 23, 2017 4:18:47 PM entity.ConfigWorkplace select
INFOS: FROM ConfigWorkplace bp ORDER BY workplace ASC
juin 23, 2017 4:18:49 PM entity.ConfigSegment select
INFOS: FROM ConfigSegment bp ORDER BY segment ASC
juin 23, 2017 4:18:49 PM entity.ConfigWorkplace select
INFOS: FROM ConfigWorkplace bp ORDER BY workplace ASC
juin 23, 2017 4:19:23 PM entity.ConfigSegment select
INFOS: FROM ConfigSegment bp ORDER BY segment ASC
juin 23, 2017 4:19:23 PM entity.ConfigWorkplace select
INFOS: FROM ConfigWorkplace bp ORDER BY workplace ASC
juin 23, 2017 4:19:37 PM entity.ConfigSegment select
INFOS: FROM ConfigSegment bp ORDER BY segment ASC
juin 23, 2017 4:19:37 PM entity.ConfigWorkplace select
INFOS: FROM ConfigWorkplace bp ORDER BY workplace ASC
juin 23, 2017 4:20:19 PM entity.ConfigSegment select
INFOS: FROM ConfigSegment bp ORDER BY segment ASC
juin 23, 2017 4:20:19 PM entity.ConfigWorkplace select
INFOS: FROM ConfigWorkplace bp ORDER BY workplace ASC
juin 23, 2017 4:20:19 PM entity.ConfigSegment select
INFOS: FROM ConfigSegment bp ORDER BY segment ASC
juin 23, 2017 4:20:19 PM entity.ConfigWorkplace select
INFOS: FROM ConfigWorkplace bp ORDER BY workplace ASC
juin 23, 2017 4:20:21 PM entity.ConfigSegment select
INFOS: FROM ConfigSegment bp ORDER BY segment ASC
juin 23, 2017 4:20:21 PM entity.ConfigWorkplace select
INFOS: FROM ConfigWorkplace bp ORDER BY workplace ASC
juin 23, 2017 4:20:21 PM entity.ConfigSegment select
INFOS: FROM ConfigSegment bp ORDER BY segment ASC
juin 23, 2017 4:20:21 PM entity.ConfigWorkplace select
INFOS: FROM ConfigWorkplace bp ORDER BY workplace ASC
juin 23, 2017 4:20:22 PM entity.ConfigSegment select
INFOS: FROM ConfigSegment bp ORDER BY segment ASC
juin 23, 2017 4:20:22 PM entity.ConfigWorkplace select
INFOS: FROM ConfigWorkplace bp ORDER BY workplace ASC
juin 23, 2017 4:20:39 PM entity.ConfigSegment select
INFOS: FROM ConfigSegment bp ORDER BY segment ASC
juin 23, 2017 4:20:39 PM entity.ConfigWorkplace select
INFOS: FROM ConfigWorkplace bp ORDER BY workplace ASC
juin 23, 2017 4:20:41 PM entity.ConfigSegment select
INFOS: FROM ConfigSegment bp ORDER BY segment ASC
juin 23, 2017 4:20:41 PM entity.ConfigWorkplace select
INFOS: FROM ConfigWorkplace bp ORDER BY workplace ASC
juin 23, 2017 4:20:42 PM entity.ConfigSegment select
INFOS: FROM ConfigSegment bp ORDER BY segment ASC
juin 23, 2017 4:20:42 PM entity.ConfigWorkplace select
INFOS: FROM ConfigWorkplace bp ORDER BY workplace ASC
juin 23, 2017 4:20:43 PM entity.ConfigSegment select
INFOS: FROM ConfigSegment bp ORDER BY segment ASC
juin 23, 2017 4:20:43 PM entity.ConfigWorkplace select
INFOS: FROM ConfigWorkplace bp ORDER BY workplace ASC
juin 23, 2017 4:21:04 PM entity.ConfigSegment select
INFOS: FROM ConfigSegment bp ORDER BY segment ASC
juin 23, 2017 4:21:04 PM entity.ConfigWorkplace select
INFOS: FROM ConfigWorkplace bp ORDER BY workplace ASC
juin 23, 2017 4:21:05 PM entity.ConfigSegment select
INFOS: FROM ConfigSegment bp ORDER BY segment ASC
juin 23, 2017 4:21:05 PM entity.ConfigWorkplace select
INFOS: FROM ConfigWorkplace bp ORDER BY workplace ASC
juin 23, 2017 4:21:05 PM entity.ConfigSegment select
INFOS: FROM ConfigSegment bp ORDER BY segment ASC
juin 23, 2017 4:21:05 PM entity.ConfigWorkplace select
INFOS: FROM ConfigWorkplace bp ORDER BY workplace ASC
juin 23, 2017 4:21:09 PM entity.ConfigSegment select
INFOS: FROM ConfigSegment bp ORDER BY segment ASC
juin 23, 2017 4:21:09 PM entity.ConfigWorkplace select
INFOS: FROM ConfigWorkplace bp ORDER BY workplace ASC
juin 23, 2017 4:21:09 PM entity.ConfigSegment select
INFOS: FROM ConfigSegment bp ORDER BY segment ASC
juin 23, 2017 4:21:09 PM entity.ConfigWorkplace select
INFOS: FROM ConfigWorkplace bp ORDER BY workplace ASC
juin 23, 2017 4:21:12 PM entity.ConfigSegment select
INFOS: FROM ConfigSegment bp ORDER BY segment ASC
juin 23, 2017 4:21:12 PM entity.ConfigWorkplace select
INFOS: FROM ConfigWorkplace bp ORDER BY workplace ASC
juin 23, 2017 4:21:12 PM entity.ConfigSegment select
INFOS: FROM ConfigSegment bp ORDER BY segment ASC
juin 23, 2017 4:21:12 PM entity.ConfigWorkplace select
INFOS: FROM ConfigWorkplace bp ORDER BY workplace ASC
juin 23, 2017 4:21:42 PM entity.ConfigSegment select
INFOS: FROM ConfigSegment bp ORDER BY segment ASC
juin 23, 2017 4:21:42 PM entity.ConfigWorkplace select
INFOS: FROM ConfigWorkplace bp ORDER BY workplace ASC
juin 23, 2017 4:21:46 PM entity.ConfigSegment select
INFOS: FROM ConfigSegment bp ORDER BY segment ASC
juin 23, 2017 4:21:46 PM entity.ConfigWorkplace select
INFOS: FROM ConfigWorkplace bp ORDER BY workplace ASC
juin 23, 2017 4:21:46 PM entity.ConfigSegment select
INFOS: FROM ConfigSegment bp ORDER BY segment ASC
juin 23, 2017 4:21:46 PM entity.ConfigWorkplace select
INFOS: FROM ConfigWorkplace bp ORDER BY workplace ASC
juin 23, 2017 4:21:56 PM entity.ConfigSegment select
INFOS: FROM ConfigSegment bp ORDER BY segment ASC
juin 23, 2017 4:21:56 PM entity.ConfigWorkplace select
INFOS: FROM ConfigWorkplace bp ORDER BY workplace ASC
juin 23, 2017 4:22:02 PM entity.ConfigSegment select
INFOS: FROM ConfigSegment bp ORDER BY segment ASC
juin 23, 2017 4:22:02 PM entity.ConfigWorkplace select
INFOS: FROM ConfigWorkplace bp ORDER BY workplace ASC
juin 23, 2017 4:31:23 PM helper.Helper InitDailyDestPrintDir
INFOS: Print directory [.\print\2017_06_23] already exist!
Print sub directory [.\print\2017_06_23.\open_sheet] already exist!
Print sub directory [.\print\2017_06_23.\closing_sheet] already exist!
Print sub directory [.\print\2017_06_23.\picking_label] already exist!
Print sub directory [.\print\2017_06_23.\dispatch_label] already exist!

juin 23, 2017 4:31:39 PM gui.warehouse_dispatch.WAREHOUSE_DISPATCH_UI0003_PasswordRequest connect
INFOS: User OUSSAMA EZZIOURI / ezou1001 connected to host WSMA7040 at 2017-06-23 16:31:39 Dispatch interface : .
