oct. 07, 2017 2:44:23 PM helper.Helper InitDailyDestPrintDir
INFOS: File 2017_10_07.log created !Print directory [.\print\2017_10_07] created !
Print sub directory [.\print\2017_10_07.\open_sheet] created !
Print sub directory [.\print\2017_10_07.\closing_sheet] created !
Print sub directory [.\print\2017_10_07.\picking_label] created !
Print sub directory [.\print\2017_10_07.\dispatch_label] created !

oct. 07, 2017 2:45:12 PM helper.Helper InitDailyDestPrintDir
INFOS: File 2017_10_07.log already exists.Print directory [.\print\2017_10_07] already exist!
Print sub directory [.\print\2017_10_07.\open_sheet] already exist!
Print sub directory [.\print\2017_10_07.\closing_sheet] already exist!
Print sub directory [.\print\2017_10_07.\picking_label] already exist!
Print sub directory [.\print\2017_10_07.\dispatch_label] already exist!

oct. 07, 2017 2:45:21 PM entity.ConfigSegment select
INFOS: FROM ConfigSegment bp ORDER BY segment ASC
oct. 07, 2017 2:45:22 PM entity.ConfigSegment select
INFOS: FROM ConfigSegment bp ORDER BY segment ASC
oct. 07, 2017 2:45:22 PM entity.ConfigWorkplace select
INFOS: FROM ConfigWorkplace bp ORDER BY workplace ASC
oct. 07, 2017 2:45:38 PM gui.warehouse_dispatch.WAREHOUSE_DISPATCH_UI0003_PasswordRequest connect
INFOS: User EZZIOURI OUSSAMA / ezou1001 connected to host Oussama-PC at 2017-10-07 14:45:38 Dispatch interface : .
oct. 07, 2017 2:48:00 PM helper.Helper InitDailyDestPrintDir
INFOS: File 2017_10_07.log already exists.Print directory [.\print\2017_10_07] already exist!
Print sub directory [.\print\2017_10_07.\open_sheet] already exist!
Print sub directory [.\print\2017_10_07.\closing_sheet] already exist!
Print sub directory [.\print\2017_10_07.\picking_label] already exist!
Print sub directory [.\print\2017_10_07.\dispatch_label] already exist!

oct. 07, 2017 2:48:49 PM helper.Helper InitDailyDestPrintDir
INFOS: File 2017_10_07.log already exists.Print directory [.\print\2017_10_07] already exist!
Print sub directory [.\print\2017_10_07.\open_sheet] already exist!
Print sub directory [.\print\2017_10_07.\closing_sheet] already exist!
Print sub directory [.\print\2017_10_07.\picking_label] already exist!
Print sub directory [.\print\2017_10_07.\dispatch_label] already exist!

oct. 07, 2017 2:50:48 PM helper.Helper InitDailyDestPrintDir
INFOS: File 2017_10_07.log already exists.Print directory [.\print\2017_10_07] already exist!
Print sub directory [.\print\2017_10_07.\open_sheet] already exist!
Print sub directory [.\print\2017_10_07.\closing_sheet] already exist!
Print sub directory [.\print\2017_10_07.\picking_label] already exist!
Print sub directory [.\print\2017_10_07.\dispatch_label] already exist!

oct. 07, 2017 2:53:13 PM helper.Helper InitDailyDestPrintDir
INFOS: File 2017_10_07.log already exists.Print directory [.\print\2017_10_07] already exist!
Print sub directory [.\print\2017_10_07.\open_sheet] already exist!
Print sub directory [.\print\2017_10_07.\closing_sheet] already exist!
Print sub directory [.\print\2017_10_07.\picking_label] already exist!
Print sub directory [.\print\2017_10_07.\dispatch_label] already exist!

oct. 07, 2017 2:58:32 PM helper.Helper InitDailyDestPrintDir
INFOS: File 2017_10_07.log already exists.Print directory [.\print\2017_10_07] already exist!
Print sub directory [.\print\2017_10_07.\open_sheet] already exist!
Print sub directory [.\print\2017_10_07.\closing_sheet] already exist!
Print sub directory [.\print\2017_10_07.\picking_label] already exist!
Print sub directory [.\print\2017_10_07.\dispatch_label] already exist!

oct. 07, 2017 2:58:34 PM entity.ConfigProject select
INFOS: FROM ConfigProject bp ORDER BY harnessType ASC
oct. 07, 2017 2:58:34 PM entity.ConfigProject select
INFOS: FROM ConfigProject bp ORDER BY harnessType ASC
oct. 07, 2017 3:15:02 PM helper.Helper InitDailyDestPrintDir
INFOS: File 2017_10_07.log already exists.Print directory [.\print\2017_10_07] already exist!
Print sub directory [.\print\2017_10_07.\open_sheet] already exist!
Print sub directory [.\print\2017_10_07.\closing_sheet] already exist!
Print sub directory [.\print\2017_10_07.\picking_label] already exist!
Print sub directory [.\print\2017_10_07.\dispatch_label] already exist!

oct. 07, 2017 3:15:22 PM gui.config.CONFIG_UI0000_AUTH checkLoginAndPass
INFOS: User EZZIOURI OUSSAMA / ezou1001 connected to host Oussama-PC at 2017-10-07 15:15:22 Module : Planner.
oct. 07, 2017 3:15:23 PM entity.ConfigSegment select
INFOS: FROM ConfigSegment bp ORDER BY segment ASC
oct. 07, 2017 3:15:23 PM entity.ConfigWorkplace selectBySegment
INFOS: FROM ConfigWorkplace bp WHERE segment = :segment ORDER BY workplace ASC
oct. 07, 2017 3:15:23 PM entity.ConfigProject select
INFOS: FROM ConfigProject bp ORDER BY harnessType ASC
oct. 07, 2017 3:15:26 PM entity.ConfigWorkplace selectBySegment
INFOS: FROM ConfigWorkplace bp WHERE segment = :segment ORDER BY workplace ASC
oct. 07, 2017 3:15:26 PM entity.ConfigWorkplace selectBySegment
INFOS: FROM ConfigWorkplace bp WHERE segment = :segment ORDER BY workplace ASC
oct. 07, 2017 3:15:48 PM entity.ConfigProject select
INFOS: FROM ConfigProject bp ORDER BY harnessType ASC
oct. 07, 2017 3:15:48 PM entity.ConfigProject select
INFOS: FROM ConfigProject bp ORDER BY harnessType ASC
oct. 07, 2017 3:15:59 PM gui.packaging.state.S010_UserCodeScan doAction
INFOS: Invalid matricule number or account locked !
oct. 07, 2017 3:16:00 PM gui.packaging.PACKAGING_UI0002_PasswordRequest connect
INFOS: User OUSSAMA EZZIOURI / hdep connected to host Oussama-PC at 2017-10-07 15:16:00 Project : HDEP.
oct. 07, 2017 3:16:00 PM gui.packaging.PACKAGING_UI0002_PasswordRequest loadDotMatrixCodePatterns
INFOS: FROM ConfigBarcode cb WHERE cb.keyWord = :keyWord AND cb.customer = :customer ORDER BY id ASC
oct. 07, 2017 3:16:00 PM gui.packaging.PACKAGING_UI0002_PasswordRequest loadPartNumberCodePatterns
INFOS: FROM ConfigBarcode cb WHERE cb.keyWord = :keyWord AND cb.customer = :customer ORDER BY id ASC
oct. 07, 2017 3:16:02 PM entity.ConfigUcs isHarnessPartExist
INFOS: Searching Harness part [22343369] in ConfigUCS: HDEP
oct. 07, 2017 3:16:02 PM entity.ConfigUcs isHarnessPartExist
INFOS: Harness part [22343369] found for project [HDEP].
oct. 07, 2017 3:16:02 PM gui.packaging.state.S020_HarnessPartScan doAction
INFOS: Harness Part scanned [P22343369] OK.
oct. 07, 2017 3:16:14 PM entity.BaseHarness isCounterExist
INFOS: Searching Harness counter [P2234336922119022112017] in BaseHarness.
oct. 07, 2017 3:16:14 PM entity.BaseHarness isCounterExist
INFOS: FROM BaseHarness bh WHERE bh.counter = :counter
oct. 07, 2017 3:16:15 PM gui.packaging.state.S030_MatrixIdScan doAction
INFOS: Valid Harness Counter scanned [P2234336922119022112017] OK.
oct. 07, 2017 3:16:34 PM entity.BaseHarnessAdditionalBarecode isLabelCodeExist
INFOS: Searching Additional Labels barecode [12345678912] in BaseHarnessAdditionalBarecode.
oct. 07, 2017 3:21:45 PM helper.Helper InitDailyDestPrintDir
INFOS: File 2017_10_07.log already exists.Print directory [.\print\2017_10_07] already exist!
Print sub directory [.\print\2017_10_07.\open_sheet] already exist!
Print sub directory [.\print\2017_10_07.\closing_sheet] already exist!
Print sub directory [.\print\2017_10_07.\picking_label] already exist!
Print sub directory [.\print\2017_10_07.\dispatch_label] already exist!

oct. 07, 2017 3:21:46 PM entity.ConfigProject select
INFOS: FROM ConfigProject bp ORDER BY harnessType ASC
oct. 07, 2017 3:21:46 PM entity.ConfigProject select
INFOS: FROM ConfigProject bp ORDER BY harnessType ASC
oct. 07, 2017 3:21:52 PM gui.packaging.state.S010_UserCodeScan doAction
INFOS: Invalid matricule number or account locked !
oct. 07, 2017 3:21:52 PM gui.packaging.PACKAGING_UI0002_PasswordRequest connect
INFOS: User OUSSAMA EZZIOURI / hdep connected to host Oussama-PC at 2017-10-07 15:21:52 Project : HDEP.
oct. 07, 2017 3:21:52 PM gui.packaging.PACKAGING_UI0002_PasswordRequest loadDotMatrixCodePatterns
INFOS: FROM ConfigBarcode cb WHERE cb.keyWord = :keyWord AND cb.customer = :customer ORDER BY id ASC
oct. 07, 2017 3:21:52 PM gui.packaging.PACKAGING_UI0002_PasswordRequest loadPartNumberCodePatterns
INFOS: FROM ConfigBarcode cb WHERE cb.keyWord = :keyWord AND cb.customer = :customer ORDER BY id ASC
oct. 07, 2017 3:22:02 PM entity.ConfigUcs isHarnessPartExist
INFOS: Searching Harness part [22343369] in ConfigUCS: HDEP
oct. 07, 2017 3:22:02 PM entity.ConfigUcs isHarnessPartExist
INFOS: Harness part [22343369] found for project [HDEP].
oct. 07, 2017 3:22:02 PM gui.packaging.state.S020_HarnessPartScan doAction
INFOS: Harness Part scanned [P22343369] OK.
oct. 07, 2017 3:22:13 PM entity.BaseHarness isCounterExist
INFOS: Searching Harness counter [P2234336922112222112017] in BaseHarness.
oct. 07, 2017 3:22:13 PM entity.BaseHarness isCounterExist
INFOS: FROM BaseHarness bh WHERE bh.counter = :counter
oct. 07, 2017 3:22:13 PM gui.packaging.state.S030_MatrixIdScan doAction
INFOS: Valid Harness Counter scanned [P2234336922112222112017] OK.
oct. 07, 2017 3:23:15 PM helper.Helper InitDailyDestPrintDir
INFOS: File 2017_10_07.log already exists.Print directory [.\print\2017_10_07] already exist!
Print sub directory [.\print\2017_10_07.\open_sheet] already exist!
Print sub directory [.\print\2017_10_07.\closing_sheet] already exist!
Print sub directory [.\print\2017_10_07.\picking_label] already exist!
Print sub directory [.\print\2017_10_07.\dispatch_label] already exist!

oct. 07, 2017 3:23:21 PM entity.ConfigProject select
INFOS: FROM ConfigProject bp ORDER BY harnessType ASC
oct. 07, 2017 3:23:21 PM entity.ConfigProject select
INFOS: FROM ConfigProject bp ORDER BY harnessType ASC
oct. 07, 2017 3:23:24 PM gui.packaging.state.S010_UserCodeScan doAction
INFOS: Invalid matricule number or account locked !
oct. 07, 2017 3:23:26 PM gui.packaging.PACKAGING_UI0002_PasswordRequest connect
INFOS: User OUSSAMA EZZIOURI / hdep connected to host Oussama-PC at 2017-10-07 15:23:26 Project : HDEP.
oct. 07, 2017 3:23:26 PM gui.packaging.PACKAGING_UI0002_PasswordRequest loadDotMatrixCodePatterns
INFOS: FROM ConfigBarcode cb WHERE cb.keyWord = :keyWord AND cb.customer = :customer ORDER BY id ASC
oct. 07, 2017 3:23:26 PM gui.packaging.PACKAGING_UI0002_PasswordRequest loadPartNumberCodePatterns
INFOS: FROM ConfigBarcode cb WHERE cb.keyWord = :keyWord AND cb.customer = :customer ORDER BY id ASC
oct. 07, 2017 3:23:37 PM entity.ConfigUcs isHarnessPartExist
INFOS: Searching Harness part [22343369] in ConfigUCS: HDEP
oct. 07, 2017 3:23:37 PM entity.ConfigUcs isHarnessPartExist
INFOS: Harness part [22343369] found for project [HDEP].
oct. 07, 2017 3:23:37 PM gui.packaging.state.S020_HarnessPartScan doAction
INFOS: Harness Part scanned [P22343369] OK.
oct. 07, 2017 3:23:43 PM entity.BaseHarness isCounterExist
INFOS: Searching Harness counter [P2234336922112222112017] in BaseHarness.
oct. 07, 2017 3:23:43 PM entity.BaseHarness isCounterExist
INFOS: FROM BaseHarness bh WHERE bh.counter = :counter
oct. 07, 2017 3:23:43 PM gui.packaging.state.S030_MatrixIdScan doAction
INFOS: Valid Harness Counter scanned [P2234336922112222112017] OK.
oct. 07, 2017 3:23:56 PM entity.BaseHarnessAdditionalBarecode isLabelCodeExist
INFOS: Searching Additional Labels barecode [12345678912] in BaseHarnessAdditionalBarecode.
oct. 07, 2017 3:23:56 PM entity.BaseHarnessAdditionalBarecode isLabelCodeExist
INFOS: FROM BaseHarnessAdditionalBarecode bel WHERE bel.labelCode = :labelCode ORDER BY id ASC
oct. 07, 2017 3:23:56 PM entity.BaseHarnessAdditionalBarecode isLabelCodeExist
INFOS: New label engine [12345678912]
oct. 07, 2017 3:23:56 PM gui.packaging.state.S031_PlasticBagScan doAction
INFOS: First Valid Engine Label scanned [12345678912] OK.
oct. 07, 2017 3:24:26 PM entity.BaseHarnessAdditionalBarecode checkLabelFormat
INFOS: Invalid Counter scanned format []!
oct. 07, 2017 3:24:31 PM entity.BaseHarnessAdditionalBarecode isLabelCodeExist
INFOS: Searching Additional Labels barecode [12345678913] in BaseHarnessAdditionalBarecode.
oct. 07, 2017 3:24:31 PM entity.BaseHarnessAdditionalBarecode isLabelCodeExist
INFOS: FROM BaseHarnessAdditionalBarecode bel WHERE bel.labelCode = :labelCode ORDER BY id ASC
oct. 07, 2017 3:24:31 PM entity.BaseHarnessAdditionalBarecode isLabelCodeExist
INFOS: New label engine [12345678913]
oct. 07, 2017 3:24:34 PM gui.packaging.state.S040_PalletChoice doAction
INFOS: Is it a new pallet ?
oct. 07, 2017 3:24:34 PM gui.packaging.state.S040_PalletChoice doAction
INFOS:  [Yes]
oct. 07, 2017 3:24:42 PM gui.packaging.PACKAGING_UI9000_ChoosePackType ucs_jtableKeyPressed
INFOS: Palette déjà ouverte pour la référence 22343369 !
oct. 07, 2017 3:26:01 PM entity.ConfigProject select
INFOS: FROM ConfigProject bp ORDER BY harnessType ASC
oct. 07, 2017 3:26:01 PM entity.ConfigProject select
INFOS: FROM ConfigProject bp ORDER BY harnessType ASC
oct. 07, 2017 3:30:49 PM helper.Helper InitDailyDestPrintDir
INFOS: File 2017_10_07.log already exists.Print directory [.\print\2017_10_07] already exist!
Print sub directory [.\print\2017_10_07.\open_sheet] already exist!
Print sub directory [.\print\2017_10_07.\closing_sheet] already exist!
Print sub directory [.\print\2017_10_07.\picking_label] already exist!
Print sub directory [.\print\2017_10_07.\dispatch_label] already exist!

oct. 07, 2017 3:30:52 PM entity.ConfigProject select
INFOS: FROM ConfigProject bp ORDER BY harnessType ASC
oct. 07, 2017 3:30:53 PM entity.ConfigProject select
INFOS: FROM ConfigProject bp ORDER BY harnessType ASC
oct. 07, 2017 3:31:11 PM entity.ConfigProject select
INFOS: FROM ConfigProject bp ORDER BY harnessType ASC
oct. 07, 2017 3:31:22 PM entity.ConfigProject select
INFOS: FROM ConfigProject bp ORDER BY harnessType ASC
oct. 07, 2017 3:31:27 PM entity.ConfigSegment select
INFOS: FROM ConfigSegment bp ORDER BY segment ASC
oct. 07, 2017 3:35:15 PM helper.Helper InitDailyDestPrintDir
INFOS: File 2017_10_07.log already exists.Print directory [.\print\2017_10_07] already exist!
Print sub directory [.\print\2017_10_07.\open_sheet] already exist!
Print sub directory [.\print\2017_10_07.\closing_sheet] already exist!
Print sub directory [.\print\2017_10_07.\picking_label] already exist!
Print sub directory [.\print\2017_10_07.\dispatch_label] already exist!

oct. 07, 2017 3:35:35 PM helper.Helper InitDailyDestPrintDir
INFOS: File 2017_10_07.log already exists.Print directory [.\print\2017_10_07] already exist!
Print sub directory [.\print\2017_10_07.\open_sheet] already exist!
Print sub directory [.\print\2017_10_07.\closing_sheet] already exist!
Print sub directory [.\print\2017_10_07.\picking_label] already exist!
Print sub directory [.\print\2017_10_07.\dispatch_label] already exist!

oct. 07, 2017 3:35:37 PM entity.ConfigProject select
INFOS: FROM ConfigProject bp ORDER BY harnessType ASC
oct. 07, 2017 3:35:37 PM entity.ConfigProject select
INFOS: FROM ConfigProject bp ORDER BY harnessType ASC
oct. 07, 2017 3:35:40 PM entity.ConfigProject select
INFOS: FROM ConfigProject bp ORDER BY harnessType ASC
oct. 07, 2017 3:35:44 PM entity.ConfigSegment select
INFOS: FROM ConfigSegment bp ORDER BY segment ASC
oct. 07, 2017 3:35:45 PM entity.ConfigSegment select
INFOS: FROM ConfigSegment bp ORDER BY segment ASC
oct. 07, 2017 3:35:45 PM entity.ConfigWorkplace select
INFOS: FROM ConfigWorkplace bp ORDER BY workplace ASC
oct. 07, 2017 3:36:03 PM entity.ConfigSegment select
INFOS: FROM ConfigSegment bp ORDER BY segment ASC
oct. 07, 2017 3:36:03 PM entity.ConfigWorkplace select
INFOS: FROM ConfigWorkplace bp ORDER BY workplace ASC
oct. 07, 2017 3:36:10 PM entity.ConfigSegment select
INFOS: FROM ConfigSegment bp ORDER BY segment ASC
oct. 07, 2017 3:36:10 PM entity.ConfigWorkplace select
INFOS: FROM ConfigWorkplace bp ORDER BY workplace ASC
oct. 07, 2017 3:36:11 PM entity.ConfigSegment select
INFOS: FROM ConfigSegment bp ORDER BY segment ASC
oct. 07, 2017 3:36:11 PM entity.ConfigWorkplace select
INFOS: FROM ConfigWorkplace bp ORDER BY workplace ASC
oct. 07, 2017 3:38:31 PM helper.Helper InitDailyDestPrintDir
INFOS: File 2017_10_07.log already exists.Print directory [.\print\2017_10_07] already exist!
Print sub directory [.\print\2017_10_07.\open_sheet] already exist!
Print sub directory [.\print\2017_10_07.\closing_sheet] already exist!
Print sub directory [.\print\2017_10_07.\picking_label] already exist!
Print sub directory [.\print\2017_10_07.\dispatch_label] already exist!

oct. 07, 2017 3:42:10 PM helper.Helper InitDailyDestPrintDir
INFOS: File 2017_10_07.log already exists.Print directory [.\print\2017_10_07] already exist!
Print sub directory [.\print\2017_10_07.\open_sheet] already exist!
Print sub directory [.\print\2017_10_07.\closing_sheet] already exist!
Print sub directory [.\print\2017_10_07.\picking_label] already exist!
Print sub directory [.\print\2017_10_07.\dispatch_label] already exist!

oct. 07, 2017 3:42:11 PM entity.ConfigProject select
INFOS: FROM ConfigProject bp ORDER BY harnessType ASC
oct. 07, 2017 3:42:11 PM entity.ConfigProject select
INFOS: FROM ConfigProject bp ORDER BY harnessType ASC
oct. 07, 2017 3:42:32 PM entity.ConfigProject select
INFOS: FROM ConfigProject bp ORDER BY harnessType ASC
oct. 07, 2017 3:42:37 PM entity.ConfigSegment select
INFOS: FROM ConfigSegment bp ORDER BY segment ASC
oct. 07, 2017 3:42:37 PM entity.ConfigSegment select
INFOS: FROM ConfigSegment bp ORDER BY segment ASC
oct. 07, 2017 3:42:37 PM entity.ConfigWorkplace select
INFOS: FROM ConfigWorkplace bp ORDER BY workplace ASC
oct. 07, 2017 3:42:41 PM entity.ConfigSegment select
INFOS: FROM ConfigSegment bp ORDER BY segment ASC
oct. 07, 2017 3:42:41 PM entity.ConfigWorkplace select
INFOS: FROM ConfigWorkplace bp ORDER BY workplace ASC
oct. 07, 2017 3:44:45 PM entity.ConfigProject select
INFOS: FROM ConfigProject bp ORDER BY harnessType ASC
oct. 07, 2017 3:44:45 PM entity.ConfigProject select
INFOS: FROM ConfigProject bp ORDER BY harnessType ASC
oct. 07, 2017 3:44:49 PM gui.packaging.state.S010_UserCodeScan doAction
INFOS: Invalid matricule number or account locked !
oct. 07, 2017 3:44:50 PM gui.packaging.PACKAGING_UI0002_PasswordRequest connect
INFOS: User OUSSAMA EZZIOURI / hdep connected to host Oussama-PC at 2017-10-07 15:44:50 Project : HDEP.
oct. 07, 2017 3:44:50 PM gui.packaging.PACKAGING_UI0002_PasswordRequest loadDotMatrixCodePatterns
INFOS: FROM ConfigBarcode cb WHERE cb.keyWord = :keyWord AND cb.customer = :customer ORDER BY id ASC
oct. 07, 2017 3:44:50 PM gui.packaging.PACKAGING_UI0002_PasswordRequest loadPartNumberCodePatterns
INFOS: FROM ConfigBarcode cb WHERE cb.keyWord = :keyWord AND cb.customer = :customer ORDER BY id ASC
oct. 07, 2017 3:45:07 PM gui.packaging.PACKAGING_UI9001_DropContainerConfirmation ok_btnActionPerformed
INFOS: Droping harness list...1
oct. 07, 2017 3:45:21 PM entity.ConfigProject select
INFOS: FROM ConfigProject bp ORDER BY harnessType ASC
oct. 07, 2017 3:45:21 PM entity.ConfigProject select
INFOS: FROM ConfigProject bp ORDER BY harnessType ASC
oct. 07, 2017 3:45:25 PM gui.packaging.state.S010_UserCodeScan doAction
INFOS: Invalid matricule number or account locked !
oct. 07, 2017 3:45:26 PM gui.packaging.PACKAGING_UI0002_PasswordRequest connect
INFOS: User OUSSAMA EZZIOURI / hdep connected to host Oussama-PC at 2017-10-07 15:45:26 Project : HDEP.
oct. 07, 2017 3:45:26 PM gui.packaging.PACKAGING_UI0002_PasswordRequest loadDotMatrixCodePatterns
INFOS: FROM ConfigBarcode cb WHERE cb.keyWord = :keyWord AND cb.customer = :customer ORDER BY id ASC
oct. 07, 2017 3:45:26 PM gui.packaging.PACKAGING_UI0002_PasswordRequest loadPartNumberCodePatterns
INFOS: FROM ConfigBarcode cb WHERE cb.keyWord = :keyWord AND cb.customer = :customer ORDER BY id ASC
oct. 07, 2017 3:45:37 PM entity.ConfigUcs isHarnessPartExist
INFOS: Searching Harness part [22343369] in ConfigUCS: HDEP
oct. 07, 2017 3:45:37 PM entity.ConfigUcs isHarnessPartExist
INFOS: Harness part [22343369] found for project [HDEP].
oct. 07, 2017 3:45:37 PM gui.packaging.state.S020_HarnessPartScan doAction
INFOS: Harness Part scanned [P22343369] OK.
oct. 07, 2017 3:45:44 PM entity.BaseHarness isCounterExist
INFOS: Searching Harness counter [P2234336920162222000000] in BaseHarness.
oct. 07, 2017 3:45:44 PM entity.BaseHarness isCounterExist
INFOS: FROM BaseHarness bh WHERE bh.counter = :counter
oct. 07, 2017 3:45:45 PM gui.packaging.state.S030_MatrixIdScan doAction
INFOS: Valid Harness Counter scanned [P2234336920162222000000] OK.
oct. 07, 2017 3:51:16 PM helper.Helper InitDailyDestPrintDir
INFOS: File 2017_10_07.log already exists.Print directory [.\print\2017_10_07] already exist!
Print sub directory [.\print\2017_10_07.\open_sheet] already exist!
Print sub directory [.\print\2017_10_07.\closing_sheet] already exist!
Print sub directory [.\print\2017_10_07.\picking_label] already exist!
Print sub directory [.\print\2017_10_07.\dispatch_label] already exist!

oct. 07, 2017 3:51:17 PM entity.ConfigProject select
INFOS: FROM ConfigProject bp ORDER BY harnessType ASC
oct. 07, 2017 3:51:17 PM entity.ConfigProject select
INFOS: FROM ConfigProject bp ORDER BY harnessType ASC
oct. 07, 2017 3:51:30 PM entity.ConfigProject select
INFOS: FROM ConfigProject bp ORDER BY harnessType ASC
oct. 07, 2017 3:51:30 PM entity.ConfigProject select
INFOS: FROM ConfigProject bp ORDER BY harnessType ASC
oct. 07, 2017 3:51:33 PM gui.packaging.state.S010_UserCodeScan doAction
INFOS: Invalid matricule number or account locked !
oct. 07, 2017 3:51:33 PM gui.packaging.state.S010_UserCodeScan doAction
INFOS: Invalid matricule number or account locked !
oct. 07, 2017 3:51:38 PM gui.packaging.state.S010_UserCodeScan doAction
INFOS: Invalid matricule number or account locked !
oct. 07, 2017 3:51:40 PM gui.packaging.PACKAGING_UI0002_PasswordRequest connect
INFOS: User OUSSAMA EZZIOURI / hdep connected to host Oussama-PC at 2017-10-07 15:51:40 Project : HDEP.
oct. 07, 2017 3:51:40 PM gui.packaging.PACKAGING_UI0002_PasswordRequest loadDotMatrixCodePatterns
INFOS: FROM ConfigBarcode cb WHERE cb.keyWord = :keyWord AND cb.customer = :customer ORDER BY id ASC
oct. 07, 2017 3:51:40 PM gui.packaging.PACKAGING_UI0002_PasswordRequest loadPartNumberCodePatterns
INFOS: FROM ConfigBarcode cb WHERE cb.keyWord = :keyWord AND cb.customer = :customer ORDER BY id ASC
oct. 07, 2017 3:51:49 PM entity.ConfigUcs isHarnessPartExist
INFOS: Searching Harness part [22343369] in ConfigUCS: HDEP
oct. 07, 2017 3:51:49 PM entity.ConfigUcs isHarnessPartExist
INFOS: Harness part [22343369] found for project [HDEP].
oct. 07, 2017 3:51:49 PM gui.packaging.state.S020_HarnessPartScan doAction
INFOS: Harness Part scanned [P22343369] OK.
oct. 07, 2017 3:51:54 PM entity.BaseHarness isCounterExist
INFOS: Searching Harness counter [P2234336911223311222017] in BaseHarness.
oct. 07, 2017 3:51:54 PM entity.BaseHarness isCounterExist
INFOS: FROM BaseHarness bh WHERE bh.counter = :counter
oct. 07, 2017 3:51:54 PM gui.packaging.state.S030_MatrixIdScan doAction
INFOS: Valid Harness Counter scanned [P2234336911223311222017] OK.
oct. 07, 2017 3:52:04 PM entity.BaseHarnessAdditionalBarecode isLabelCodeExist
INFOS: Searching Additional Labels barecode [12345678912] in BaseHarnessAdditionalBarecode.
oct. 07, 2017 3:52:04 PM entity.BaseHarnessAdditionalBarecode isLabelCodeExist
INFOS: FROM BaseHarnessAdditionalBarecode bel WHERE bel.labelCode = :labelCode ORDER BY id ASC
oct. 07, 2017 3:52:04 PM entity.BaseHarnessAdditionalBarecode isLabelCodeExist
INFOS: New label engine [12345678912]
oct. 07, 2017 3:52:04 PM gui.packaging.state.S031_PlasticBagScan doAction
INFOS: First Valid Engine Label scanned [12345678912] OK.
oct. 07, 2017 3:52:09 PM entity.BaseHarnessAdditionalBarecode isLabelCodeExist
INFOS: Searching Additional Labels barecode [12345678913] in BaseHarnessAdditionalBarecode.
oct. 07, 2017 3:52:09 PM entity.BaseHarnessAdditionalBarecode isLabelCodeExist
INFOS: FROM BaseHarnessAdditionalBarecode bel WHERE bel.labelCode = :labelCode ORDER BY id ASC
oct. 07, 2017 3:52:09 PM entity.BaseHarnessAdditionalBarecode isLabelCodeExist
INFOS: New label engine [12345678913]
oct. 07, 2017 3:52:11 PM gui.packaging.state.S040_PalletChoice doAction
INFOS: Is it a new pallet ?
oct. 07, 2017 3:52:11 PM gui.packaging.state.S040_PalletChoice doAction
INFOS:  [Yes]
oct. 07, 2017 3:52:13 PM helper.Helper InitDailyDestPrintDir
INFOS: File 2017_10_07.log already exists.Print directory [.\print\2017_10_07] already exist!
Print sub directory [.\print\2017_10_07.\open_sheet] already exist!
Print sub directory [.\print\2017_10_07.\closing_sheet] already exist!
Print sub directory [.\print\2017_10_07.\picking_label] already exist!
Print sub directory [.\print\2017_10_07.\dispatch_label] already exist!
Print directory [.\print\2017_10_07] already exist!
Print sub directory [.\print\2017_10_07.\open_sheet] already exist!
Print sub directory [.\print\2017_10_07.\closing_sheet] already exist!
Print sub directory [.\print\2017_10_07.\picking_label] already exist!
Print sub directory [.\print\2017_10_07.\dispatch_label] already exist!

oct. 07, 2017 3:52:14 PM helper.PrinterHelper saveAndPrintOpenSheet
INFOS: Set Pallet [200035218] state to [IN_PROCESS]
oct. 07, 2017 3:52:14 PM print.PrintOpenPallet_A5 sentToDefaultDesktopPrinter
INFOS: Sending [.\print\2017_10_07\open_sheet\PrintOpenPallet_A5_2017_10_07_15_52_13_22343369_200035218.pdf] to the default printer...
oct. 07, 2017 3:52:14 PM print.PrintOpenPallet_A5 sentToDefaultDesktopPrinter
INFOS: File [.\print\2017_10_07\open_sheet\PrintOpenPallet_A5_2017_10_07_15_52_13_22343369_200035218.pdf] has been printed.
oct. 07, 2017 3:52:14 PM helper.PrinterHelper saveAndPrintOpenSheet
INFOS: Set Pallet [200035218] state to [PRINTED]
oct. 07, 2017 3:52:14 PM gui.packaging.PACKAGING_UI9000_ChoosePackType loadConfigUcs
INFOS: Openning new container for first harness part [22343369].
oct. 07, 2017 3:52:20 PM gui.packaging.state.S041_NewPalletScan doAction
INFOS: Scanned Pallet number [200035218] OK.
oct. 07, 2017 3:52:20 PM gui.packaging.state.S041_NewPalletScan doAction
INFOS: BaseContainer created BaseContainer{id=34858, createTime=Sat Oct 07 15:52:20 WAT 2017, writeTime=Sat Oct 07 15:52:20 WAT 2017, createId=4, writeId=4, user=hdep, createUser=OUSSAMA EZZIOURI, startTime=Sat Oct 07 15:52:20 WAT 2017, closedTime=null, workTime=null, palletNumber=200035218, harnessPart=22343369, harnessIndex=P02, supplierPartNumber=26C40660A, qtyExpected=1, qtyRead=1, containerState=OPEN, containerStateCode=1000, packType=1HV, harnessType=HDEP, stdTime=2.083, workstation=Oussama-PC, harnessList=[]} 
oct. 07, 2017 3:52:20 PM helper.Helper InitDailyDestPrintDir
INFOS: File 2017_10_07.log already exists.Print directory [.\print\2017_10_07] already exist!
Print sub directory [.\print\2017_10_07.\open_sheet] already exist!
Print sub directory [.\print\2017_10_07.\closing_sheet] already exist!
Print sub directory [.\print\2017_10_07.\picking_label] already exist!
Print sub directory [.\print\2017_10_07.\dispatch_label] already exist!
Print directory [.\print\2017_10_07] already exist!
Print sub directory [.\print\2017_10_07.\open_sheet] already exist!
Print sub directory [.\print\2017_10_07.\closing_sheet] already exist!
Print sub directory [.\print\2017_10_07.\picking_label] already exist!
Print sub directory [.\print\2017_10_07.\dispatch_label] already exist!
Print directory [.\print\2017_10_07] already exist!
Print sub directory [.\print\2017_10_07.\open_sheet] already exist!
Print sub directory [.\print\2017_10_07.\closing_sheet] already exist!
Print sub directory [.\print\2017_10_07.\picking_label] already exist!
Print sub directory [.\print\2017_10_07.\dispatch_label] already exist!

oct. 07, 2017 3:52:20 PM helper.PrinterHelper saveAndPrintClosingSheet
INFOS: Set Closing Pallet item [34492] state to [IN_PROCESS]
oct. 07, 2017 3:52:20 PM print.PrintClosingPallet_A5 sentToDefaultDesktopPrinter
INFOS: Sending [.\print\2017_10_07\closing_sheet\PrintClosingPallet_A5_22343369_2017_10_07_15_52_20.pdf] to the default printer...
oct. 07, 2017 3:52:21 PM print.PrintClosingPallet_A5 sentToDefaultDesktopPrinter
INFOS: File [%s] has been printed.
oct. 07, 2017 3:52:21 PM helper.PrinterHelper saveAndPrintClosingSheet
INFOS: Set Closing Pallet [34492] state to [PRINTED]
oct. 07, 2017 3:52:29 PM entity.ConfigSegment select
INFOS: FROM ConfigSegment bp ORDER BY segment ASC
oct. 07, 2017 3:52:29 PM entity.ConfigSegment select
INFOS: FROM ConfigSegment bp ORDER BY segment ASC
oct. 07, 2017 3:52:29 PM entity.ConfigWorkplace select
INFOS: FROM ConfigWorkplace bp ORDER BY workplace ASC
oct. 07, 2017 3:52:33 PM entity.ConfigSegment select
INFOS: FROM ConfigSegment bp ORDER BY segment ASC
oct. 07, 2017 3:52:33 PM entity.ConfigWorkplace select
INFOS: FROM ConfigWorkplace bp ORDER BY workplace ASC
oct. 07, 2017 3:52:34 PM entity.ConfigSegment select
INFOS: FROM ConfigSegment bp ORDER BY segment ASC
oct. 07, 2017 3:52:34 PM entity.ConfigWorkplace select
INFOS: FROM ConfigWorkplace bp ORDER BY workplace ASC
oct. 07, 2017 3:52:34 PM entity.ConfigSegment select
INFOS: FROM ConfigSegment bp ORDER BY segment ASC
oct. 07, 2017 3:52:34 PM entity.ConfigWorkplace select
INFOS: FROM ConfigWorkplace bp ORDER BY workplace ASC
oct. 07, 2017 3:52:34 PM entity.ConfigSegment select
INFOS: FROM ConfigSegment bp ORDER BY segment ASC
oct. 07, 2017 3:52:34 PM entity.ConfigWorkplace select
INFOS: FROM ConfigWorkplace bp ORDER BY workplace ASC
oct. 07, 2017 3:53:24 PM entity.ConfigSegment select
INFOS: FROM ConfigSegment bp ORDER BY segment ASC
oct. 07, 2017 3:53:24 PM entity.ConfigSegment select
INFOS: FROM ConfigSegment bp ORDER BY segment ASC
oct. 07, 2017 3:53:24 PM entity.ConfigWorkplace select
INFOS: FROM ConfigWorkplace bp ORDER BY workplace ASC
oct. 07, 2017 3:53:27 PM entity.ConfigSegment select
INFOS: FROM ConfigSegment bp ORDER BY segment ASC
oct. 07, 2017 3:53:27 PM entity.ConfigWorkplace select
INFOS: FROM ConfigWorkplace bp ORDER BY workplace ASC
oct. 07, 2017 3:53:33 PM entity.ConfigSegment select
INFOS: FROM ConfigSegment bp ORDER BY segment ASC
oct. 07, 2017 3:53:38 PM entity.ConfigProject select
INFOS: FROM ConfigProject bp ORDER BY harnessType ASC
oct. 07, 2017 3:53:53 PM entity.ConfigSegment select
INFOS: FROM ConfigSegment bp ORDER BY segment ASC
oct. 07, 2017 3:53:57 PM entity.ConfigSegment select
INFOS: FROM ConfigSegment bp ORDER BY segment ASC
oct. 07, 2017 3:53:59 PM entity.ConfigSegment select
INFOS: FROM ConfigSegment bp ORDER BY segment ASC
oct. 07, 2017 3:53:59 PM entity.ConfigWorkplace select
INFOS: FROM ConfigWorkplace bp ORDER BY workplace ASC
oct. 07, 2017 3:58:10 PM entity.ConfigSegment select
INFOS: FROM ConfigSegment bp ORDER BY segment ASC
oct. 07, 2017 3:59:45 PM helper.Helper InitDailyDestPrintDir
INFOS: File 2017_10_07.log already exists.Print directory [.\print\2017_10_07] already exist!
Print sub directory [.\print\2017_10_07.\open_sheet] already exist!
Print sub directory [.\print\2017_10_07.\closing_sheet] already exist!
Print sub directory [.\print\2017_10_07.\picking_label] already exist!
Print sub directory [.\print\2017_10_07.\dispatch_label] already exist!

oct. 07, 2017 3:59:46 PM entity.ConfigProject select
INFOS: FROM ConfigProject bp ORDER BY harnessType ASC
oct. 07, 2017 3:59:46 PM entity.ConfigProject select
INFOS: FROM ConfigProject bp ORDER BY harnessType ASC
oct. 07, 2017 3:59:47 PM entity.ConfigSegment select
INFOS: FROM ConfigSegment bp ORDER BY segment ASC
oct. 07, 2017 3:59:49 PM entity.ConfigSegment select
INFOS: FROM ConfigSegment bp ORDER BY segment ASC
oct. 07, 2017 3:59:49 PM entity.ConfigWorkplace select
INFOS: FROM ConfigWorkplace bp ORDER BY workplace ASC
oct. 07, 2017 3:59:49 PM entity.ConfigSegment select
INFOS: FROM ConfigSegment bp ORDER BY segment ASC
oct. 07, 2017 3:59:49 PM entity.ConfigWorkplace select
INFOS: FROM ConfigWorkplace bp ORDER BY workplace ASC
oct. 07, 2017 3:59:50 PM entity.ConfigSegment select
INFOS: FROM ConfigSegment bp ORDER BY segment ASC
oct. 07, 2017 3:59:50 PM entity.ConfigWorkplace select
INFOS: FROM ConfigWorkplace bp ORDER BY workplace ASC
oct. 07, 2017 3:59:50 PM entity.ConfigSegment select
INFOS: FROM ConfigSegment bp ORDER BY segment ASC
oct. 07, 2017 3:59:50 PM entity.ConfigWorkplace select
INFOS: FROM ConfigWorkplace bp ORDER BY workplace ASC
oct. 07, 2017 3:59:51 PM entity.ConfigSegment select
INFOS: FROM ConfigSegment bp ORDER BY segment ASC
oct. 07, 2017 3:59:51 PM entity.ConfigWorkplace select
INFOS: FROM ConfigWorkplace bp ORDER BY workplace ASC
oct. 07, 2017 3:59:51 PM entity.ConfigSegment select
INFOS: FROM ConfigSegment bp ORDER BY segment ASC
oct. 07, 2017 3:59:51 PM entity.ConfigWorkplace select
INFOS: FROM ConfigWorkplace bp ORDER BY workplace ASC
oct. 07, 2017 3:59:51 PM entity.ConfigSegment select
INFOS: FROM ConfigSegment bp ORDER BY segment ASC
oct. 07, 2017 3:59:51 PM entity.ConfigWorkplace select
INFOS: FROM ConfigWorkplace bp ORDER BY workplace ASC
oct. 07, 2017 4:00:00 PM entity.ConfigSegment select
INFOS: FROM ConfigSegment bp ORDER BY segment ASC
oct. 07, 2017 4:00:00 PM entity.ConfigWorkplace select
INFOS: FROM ConfigWorkplace bp ORDER BY workplace ASC
oct. 07, 2017 4:00:14 PM entity.ConfigSegment select
INFOS: FROM ConfigSegment bp ORDER BY segment ASC
oct. 07, 2017 4:00:14 PM entity.ConfigWorkplace select
INFOS: FROM ConfigWorkplace bp ORDER BY workplace ASC
oct. 07, 2017 4:00:19 PM entity.ConfigSegment select
INFOS: FROM ConfigSegment bp ORDER BY segment ASC
oct. 07, 2017 4:00:19 PM entity.ConfigWorkplace select
INFOS: FROM ConfigWorkplace bp ORDER BY workplace ASC
oct. 07, 2017 4:00:20 PM entity.ConfigSegment select
INFOS: FROM ConfigSegment bp ORDER BY segment ASC
oct. 07, 2017 4:00:20 PM entity.ConfigWorkplace select
INFOS: FROM ConfigWorkplace bp ORDER BY workplace ASC
oct. 07, 2017 4:00:21 PM entity.ConfigSegment select
INFOS: FROM ConfigSegment bp ORDER BY segment ASC
oct. 07, 2017 4:00:21 PM entity.ConfigWorkplace select
INFOS: FROM ConfigWorkplace bp ORDER BY workplace ASC
oct. 07, 2017 4:00:21 PM entity.ConfigSegment select
INFOS: FROM ConfigSegment bp ORDER BY segment ASC
oct. 07, 2017 4:00:21 PM entity.ConfigWorkplace select
INFOS: FROM ConfigWorkplace bp ORDER BY workplace ASC
oct. 07, 2017 4:00:35 PM entity.ConfigSegment select
INFOS: FROM ConfigSegment bp ORDER BY segment ASC
oct. 07, 2017 4:00:35 PM entity.ConfigWorkplace select
INFOS: FROM ConfigWorkplace bp ORDER BY workplace ASC
oct. 07, 2017 4:00:35 PM entity.ConfigSegment select
INFOS: FROM ConfigSegment bp ORDER BY segment ASC
oct. 07, 2017 4:00:35 PM entity.ConfigWorkplace select
INFOS: FROM ConfigWorkplace bp ORDER BY workplace ASC
oct. 07, 2017 4:00:50 PM entity.ConfigSegment select
INFOS: FROM ConfigSegment bp ORDER BY segment ASC
oct. 07, 2017 4:00:50 PM entity.ConfigWorkplace select
INFOS: FROM ConfigWorkplace bp ORDER BY workplace ASC
oct. 07, 2017 4:02:40 PM helper.Helper InitDailyDestPrintDir
INFOS: File 2017_10_07.log already exists.Print directory [.\print\2017_10_07] already exist!
Print sub directory [.\print\2017_10_07.\open_sheet] already exist!
Print sub directory [.\print\2017_10_07.\closing_sheet] already exist!
Print sub directory [.\print\2017_10_07.\picking_label] already exist!
Print sub directory [.\print\2017_10_07.\dispatch_label] already exist!

oct. 07, 2017 4:02:41 PM entity.ConfigProject select
INFOS: FROM ConfigProject bp ORDER BY harnessType ASC
oct. 07, 2017 4:02:41 PM entity.ConfigProject select
INFOS: FROM ConfigProject bp ORDER BY harnessType ASC
oct. 07, 2017 4:02:42 PM entity.ConfigSegment select
INFOS: FROM ConfigSegment bp ORDER BY segment ASC
oct. 07, 2017 4:02:43 PM entity.ConfigSegment select
INFOS: FROM ConfigSegment bp ORDER BY segment ASC
oct. 07, 2017 4:02:43 PM entity.ConfigWorkplace select
INFOS: FROM ConfigWorkplace bp ORDER BY workplace ASC
oct. 07, 2017 4:02:45 PM entity.ConfigSegment select
INFOS: FROM ConfigSegment bp ORDER BY segment ASC
oct. 07, 2017 4:02:45 PM entity.ConfigWorkplace select
INFOS: FROM ConfigWorkplace bp ORDER BY workplace ASC
oct. 07, 2017 4:02:46 PM entity.ConfigSegment select
INFOS: FROM ConfigSegment bp ORDER BY segment ASC
oct. 07, 2017 4:02:46 PM entity.ConfigWorkplace select
INFOS: FROM ConfigWorkplace bp ORDER BY workplace ASC
oct. 07, 2017 4:02:47 PM entity.ConfigSegment select
INFOS: FROM ConfigSegment bp ORDER BY segment ASC
oct. 07, 2017 4:02:47 PM entity.ConfigWorkplace select
INFOS: FROM ConfigWorkplace bp ORDER BY workplace ASC
oct. 07, 2017 4:02:49 PM entity.ConfigSegment select
INFOS: FROM ConfigSegment bp ORDER BY segment ASC
oct. 07, 2017 4:02:49 PM entity.ConfigWorkplace select
INFOS: FROM ConfigWorkplace bp ORDER BY workplace ASC
oct. 07, 2017 4:02:49 PM entity.ConfigSegment select
INFOS: FROM ConfigSegment bp ORDER BY segment ASC
oct. 07, 2017 4:02:49 PM entity.ConfigWorkplace select
INFOS: FROM ConfigWorkplace bp ORDER BY workplace ASC
oct. 07, 2017 4:02:57 PM entity.ConfigSegment select
INFOS: FROM ConfigSegment bp ORDER BY segment ASC
oct. 07, 2017 4:02:57 PM entity.ConfigWorkplace select
INFOS: FROM ConfigWorkplace bp ORDER BY workplace ASC
oct. 07, 2017 4:02:58 PM entity.ConfigSegment select
INFOS: FROM ConfigSegment bp ORDER BY segment ASC
oct. 07, 2017 4:02:58 PM entity.ConfigWorkplace select
INFOS: FROM ConfigWorkplace bp ORDER BY workplace ASC
oct. 07, 2017 4:02:59 PM entity.ConfigSegment select
INFOS: FROM ConfigSegment bp ORDER BY segment ASC
oct. 07, 2017 4:02:59 PM entity.ConfigWorkplace select
INFOS: FROM ConfigWorkplace bp ORDER BY workplace ASC
oct. 07, 2017 4:03:00 PM entity.ConfigSegment select
INFOS: FROM ConfigSegment bp ORDER BY segment ASC
oct. 07, 2017 4:03:00 PM entity.ConfigWorkplace select
INFOS: FROM ConfigWorkplace bp ORDER BY workplace ASC
oct. 07, 2017 4:03:02 PM entity.ConfigSegment select
INFOS: FROM ConfigSegment bp ORDER BY segment ASC
oct. 07, 2017 4:03:02 PM entity.ConfigWorkplace select
INFOS: FROM ConfigWorkplace bp ORDER BY workplace ASC
oct. 07, 2017 4:03:03 PM entity.ConfigSegment select
INFOS: FROM ConfigSegment bp ORDER BY segment ASC
oct. 07, 2017 4:03:03 PM entity.ConfigWorkplace select
INFOS: FROM ConfigWorkplace bp ORDER BY workplace ASC
oct. 07, 2017 4:03:09 PM entity.ConfigSegment select
INFOS: FROM ConfigSegment bp ORDER BY segment ASC
oct. 07, 2017 4:03:09 PM entity.ConfigWorkplace select
INFOS: FROM ConfigWorkplace bp ORDER BY workplace ASC
