janv. 03, 2018 9:24:50 PM helper.Helper InitDailyDestPrintDir
INFOS: File 2018_01_03.log created !Print directory [.\print\2018_01_03] created !
Print sub directory [.\print\2018_01_03.\open_sheet] created !
Print sub directory [.\print\2018_01_03.\closing_sheet] created !
Print sub directory [.\print\2018_01_03.\picking_label] created !
Print sub directory [.\print\2018_01_03.\dispatch_label] created !

janv. 03, 2018 9:24:52 PM entity.ConfigProject select
INFOS: FROM ConfigProject bp ORDER BY harnessType ASC
janv. 03, 2018 9:24:53 PM entity.ConfigProject select
INFOS: FROM ConfigProject bp ORDER BY harnessType ASC
janv. 03, 2018 9:24:57 PM gui.packaging.mode1.state.Mode1_S010_UserCodeScan doAction
INFOS: Invalid matricule number or account locked !
janv. 03, 2018 9:24:59 PM gui.packaging.mode1.gui.PACKAGING_UI0002_PasswordRequest_Mode1 connect_to_mode1
INFOS: User EZZIOURI OUSSAMA / ezou1001 connected to host Oussama-PC at 2018-01-03 21:24:59 Project : DUCATI.
janv. 03, 2018 9:24:59 PM gui.packaging.mode1.gui.PACKAGING_UI0002_PasswordRequest_Mode1 loadDotMatrixCodePatterns
INFOS: FROM ConfigBarcode cb WHERE cb.keyWord = :keyWord AND cb.harness_type = :harnessType ORDER BY id ASC
janv. 03, 2018 9:24:59 PM gui.packaging.mode1.gui.PACKAGING_UI0002_PasswordRequest_Mode1 loadPartNumberCodePatterns
INFOS: FROM ConfigBarcode cb WHERE cb.keyWord = :keyWord AND cb.harness_type = :harnessType ORDER BY id ASC
janv. 03, 2018 9:25:12 PM gui.packaging.reports.PACKAGING_UI9001_DropContainerConfirmation ok_btnActionPerformed
INFOS: Droping harness list...0
janv. 03, 2018 9:25:30 PM gui.packaging.reports.PACKAGING_UI9001_DropContainerConfirmation ok_btnActionPerformed
INFOS: Droping harness list...0
janv. 03, 2018 9:29:58 PM helper.Helper InitDailyDestPrintDir
INFOS: File 2018_01_03.log already exists.Print directory [.\print\2018_01_03] already exist!
Print sub directory [.\print\2018_01_03.\open_sheet] already exist!
Print sub directory [.\print\2018_01_03.\closing_sheet] already exist!
Print sub directory [.\print\2018_01_03.\picking_label] already exist!
Print sub directory [.\print\2018_01_03.\dispatch_label] already exist!

janv. 03, 2018 9:29:59 PM entity.ConfigProject select
INFOS: FROM ConfigProject bp ORDER BY harnessType ASC
janv. 03, 2018 9:29:59 PM entity.ConfigProject select
INFOS: FROM ConfigProject bp ORDER BY harnessType ASC
janv. 03, 2018 9:30:03 PM gui.packaging.mode1.state.Mode1_S010_UserCodeScan doAction
INFOS: Invalid matricule number or account locked !
janv. 03, 2018 9:30:04 PM gui.packaging.mode1.gui.PACKAGING_UI0002_PasswordRequest_Mode1 connect_to_mode1
INFOS: User EZZIOURI OUSSAMA / ezou1001 connected to host Oussama-PC at 2018-01-03 21:30:04 Project : DUCATI.
janv. 03, 2018 9:30:04 PM gui.packaging.mode1.gui.PACKAGING_UI0002_PasswordRequest_Mode1 loadDotMatrixCodePatterns
INFOS: FROM ConfigBarcode cb WHERE cb.keyWord = :keyWord AND cb.harness_type = :harnessType ORDER BY id ASC
janv. 03, 2018 9:30:04 PM gui.packaging.mode1.gui.PACKAGING_UI0002_PasswordRequest_Mode1 loadPartNumberCodePatterns
INFOS: FROM ConfigBarcode cb WHERE cb.keyWord = :keyWord AND cb.harness_type = :harnessType ORDER BY id ASC
janv. 03, 2018 9:32:52 PM helper.Helper InitDailyDestPrintDir
INFOS: File 2018_01_03.log already exists.Print directory [.\print\2018_01_03] already exist!
Print sub directory [.\print\2018_01_03.\open_sheet] already exist!
Print sub directory [.\print\2018_01_03.\closing_sheet] already exist!
Print sub directory [.\print\2018_01_03.\picking_label] already exist!
Print sub directory [.\print\2018_01_03.\dispatch_label] already exist!

janv. 03, 2018 9:36:36 PM helper.Helper InitDailyDestPrintDir
INFOS: File 2018_01_03.log already exists.Print directory [.\print\2018_01_03] already exist!
Print sub directory [.\print\2018_01_03.\open_sheet] already exist!
Print sub directory [.\print\2018_01_03.\closing_sheet] already exist!
Print sub directory [.\print\2018_01_03.\picking_label] already exist!
Print sub directory [.\print\2018_01_03.\dispatch_label] already exist!

janv. 03, 2018 9:45:42 PM helper.Helper InitDailyDestPrintDir
INFOS: File 2018_01_03.log already exists.Print directory [.\print\2018_01_03] already exist!
Print sub directory [.\print\2018_01_03.\open_sheet] already exist!
Print sub directory [.\print\2018_01_03.\closing_sheet] already exist!
Print sub directory [.\print\2018_01_03.\picking_label] already exist!
Print sub directory [.\print\2018_01_03.\dispatch_label] already exist!

janv. 03, 2018 9:45:45 PM entity.ConfigProject select
INFOS: FROM ConfigProject bp ORDER BY harnessType ASC
janv. 03, 2018 9:45:45 PM entity.ConfigProject select
INFOS: FROM ConfigProject bp ORDER BY harnessType ASC
janv. 03, 2018 9:46:35 PM helper.Helper InitDailyDestPrintDir
INFOS: File 2018_01_03.log already exists.Print directory [.\print\2018_01_03] already exist!
Print sub directory [.\print\2018_01_03.\open_sheet] already exist!
Print sub directory [.\print\2018_01_03.\closing_sheet] already exist!
Print sub directory [.\print\2018_01_03.\picking_label] already exist!
Print sub directory [.\print\2018_01_03.\dispatch_label] already exist!

janv. 03, 2018 9:46:37 PM entity.ConfigProject select
INFOS: FROM ConfigProject bp ORDER BY harnessType ASC
janv. 03, 2018 9:46:37 PM entity.ConfigProject select
INFOS: FROM ConfigProject bp ORDER BY harnessType ASC
janv. 03, 2018 9:47:54 PM helper.Helper InitDailyDestPrintDir
INFOS: File 2018_01_03.log already exists.Print directory [.\print\2018_01_03] already exist!
Print sub directory [.\print\2018_01_03.\open_sheet] already exist!
Print sub directory [.\print\2018_01_03.\closing_sheet] already exist!
Print sub directory [.\print\2018_01_03.\picking_label] already exist!
Print sub directory [.\print\2018_01_03.\dispatch_label] already exist!

janv. 03, 2018 9:47:55 PM entity.ConfigProject select
INFOS: FROM ConfigProject bp ORDER BY harnessType ASC
janv. 03, 2018 9:47:55 PM entity.ConfigProject select
INFOS: FROM ConfigProject bp ORDER BY harnessType ASC
janv. 03, 2018 9:50:02 PM helper.Helper InitDailyDestPrintDir
INFOS: File 2018_01_03.log already exists.Print directory [.\print\2018_01_03] already exist!
Print sub directory [.\print\2018_01_03.\open_sheet] already exist!
Print sub directory [.\print\2018_01_03.\closing_sheet] already exist!
Print sub directory [.\print\2018_01_03.\picking_label] already exist!
Print sub directory [.\print\2018_01_03.\dispatch_label] already exist!

janv. 03, 2018 9:50:05 PM entity.ConfigProject select
INFOS: FROM ConfigProject bp ORDER BY harnessType ASC
janv. 03, 2018 9:50:05 PM entity.ConfigProject select
INFOS: FROM ConfigProject bp ORDER BY harnessType ASC
janv. 03, 2018 9:53:56 PM helper.Helper InitDailyDestPrintDir
INFOS: File 2018_01_03.log already exists.Print directory [.\print\2018_01_03] already exist!
Print sub directory [.\print\2018_01_03.\open_sheet] already exist!
Print sub directory [.\print\2018_01_03.\closing_sheet] already exist!
Print sub directory [.\print\2018_01_03.\picking_label] already exist!
Print sub directory [.\print\2018_01_03.\dispatch_label] already exist!

janv. 03, 2018 9:54:06 PM helper.Helper InitDailyDestPrintDir
INFOS: File 2018_01_03.log already exists.Print directory [.\print\2018_01_03] already exist!
Print sub directory [.\print\2018_01_03.\open_sheet] already exist!
Print sub directory [.\print\2018_01_03.\closing_sheet] already exist!
Print sub directory [.\print\2018_01_03.\picking_label] already exist!
Print sub directory [.\print\2018_01_03.\dispatch_label] already exist!

janv. 03, 2018 9:54:20 PM helper.Helper InitDailyDestPrintDir
INFOS: File 2018_01_03.log already exists.Print directory [.\print\2018_01_03] already exist!
Print sub directory [.\print\2018_01_03.\open_sheet] already exist!
Print sub directory [.\print\2018_01_03.\closing_sheet] already exist!
Print sub directory [.\print\2018_01_03.\picking_label] already exist!
Print sub directory [.\print\2018_01_03.\dispatch_label] already exist!

janv. 03, 2018 9:54:24 PM entity.ConfigProject select
INFOS: FROM ConfigProject bp ORDER BY harnessType ASC
janv. 03, 2018 9:54:24 PM entity.ConfigProject select
INFOS: FROM ConfigProject bp ORDER BY harnessType ASC
janv. 03, 2018 9:54:55 PM helper.Helper InitDailyDestPrintDir
INFOS: File 2018_01_03.log already exists.Print directory [.\print\2018_01_03] already exist!
Print sub directory [.\print\2018_01_03.\open_sheet] already exist!
Print sub directory [.\print\2018_01_03.\closing_sheet] already exist!
Print sub directory [.\print\2018_01_03.\picking_label] already exist!
Print sub directory [.\print\2018_01_03.\dispatch_label] already exist!

janv. 03, 2018 9:54:58 PM entity.ConfigProject select
INFOS: FROM ConfigProject bp ORDER BY harnessType ASC
janv. 03, 2018 9:54:58 PM entity.ConfigProject select
INFOS: FROM ConfigProject bp ORDER BY harnessType ASC
janv. 03, 2018 9:55:44 PM helper.Helper InitDailyDestPrintDir
INFOS: File 2018_01_03.log already exists.Print directory [.\print\2018_01_03] already exist!
Print sub directory [.\print\2018_01_03.\open_sheet] already exist!
Print sub directory [.\print\2018_01_03.\closing_sheet] already exist!
Print sub directory [.\print\2018_01_03.\picking_label] already exist!
Print sub directory [.\print\2018_01_03.\dispatch_label] already exist!

janv. 03, 2018 9:55:45 PM entity.ConfigProject select
INFOS: FROM ConfigProject bp ORDER BY harnessType ASC
janv. 03, 2018 9:55:45 PM entity.ConfigProject select
INFOS: FROM ConfigProject bp ORDER BY harnessType ASC
janv. 03, 2018 9:57:53 PM helper.Helper InitDailyDestPrintDir
INFOS: File 2018_01_03.log already exists.Print directory [.\print\2018_01_03] already exist!
Print sub directory [.\print\2018_01_03.\open_sheet] already exist!
Print sub directory [.\print\2018_01_03.\closing_sheet] already exist!
Print sub directory [.\print\2018_01_03.\picking_label] already exist!
Print sub directory [.\print\2018_01_03.\dispatch_label] already exist!

janv. 03, 2018 9:57:55 PM entity.ConfigProject select
INFOS: FROM ConfigProject bp ORDER BY harnessType ASC
janv. 03, 2018 9:57:55 PM entity.ConfigProject select
INFOS: FROM ConfigProject bp ORDER BY harnessType ASC
janv. 03, 2018 9:58:29 PM helper.Helper InitDailyDestPrintDir
INFOS: File 2018_01_03.log already exists.Print directory [.\print\2018_01_03] already exist!
Print sub directory [.\print\2018_01_03.\open_sheet] already exist!
Print sub directory [.\print\2018_01_03.\closing_sheet] already exist!
Print sub directory [.\print\2018_01_03.\picking_label] already exist!
Print sub directory [.\print\2018_01_03.\dispatch_label] already exist!

janv. 03, 2018 9:58:30 PM entity.ConfigProject select
INFOS: FROM ConfigProject bp ORDER BY harnessType ASC
janv. 03, 2018 9:58:30 PM entity.ConfigProject select
INFOS: FROM ConfigProject bp ORDER BY harnessType ASC
janv. 03, 2018 9:59:25 PM helper.Helper InitDailyDestPrintDir
INFOS: File 2018_01_03.log already exists.Print directory [.\print\2018_01_03] already exist!
Print sub directory [.\print\2018_01_03.\open_sheet] already exist!
Print sub directory [.\print\2018_01_03.\closing_sheet] already exist!
Print sub directory [.\print\2018_01_03.\picking_label] already exist!
Print sub directory [.\print\2018_01_03.\dispatch_label] already exist!

janv. 03, 2018 9:59:26 PM entity.ConfigProject select
INFOS: FROM ConfigProject bp ORDER BY harnessType ASC
janv. 03, 2018 9:59:27 PM entity.ConfigProject select
INFOS: FROM ConfigProject bp ORDER BY harnessType ASC
janv. 03, 2018 10:00:31 PM helper.Helper InitDailyDestPrintDir
INFOS: File 2018_01_03.log already exists.Print directory [.\print\2018_01_03] already exist!
Print sub directory [.\print\2018_01_03.\open_sheet] already exist!
Print sub directory [.\print\2018_01_03.\closing_sheet] already exist!
Print sub directory [.\print\2018_01_03.\picking_label] already exist!
Print sub directory [.\print\2018_01_03.\dispatch_label] already exist!

janv. 03, 2018 10:00:33 PM entity.ConfigProject select
INFOS: FROM ConfigProject bp ORDER BY harnessType ASC
janv. 03, 2018 10:00:33 PM entity.ConfigProject select
INFOS: FROM ConfigProject bp ORDER BY harnessType ASC
janv. 03, 2018 10:01:42 PM helper.Helper InitDailyDestPrintDir
INFOS: File 2018_01_03.log already exists.Print directory [.\print\2018_01_03] already exist!
Print sub directory [.\print\2018_01_03.\open_sheet] already exist!
Print sub directory [.\print\2018_01_03.\closing_sheet] already exist!
Print sub directory [.\print\2018_01_03.\picking_label] already exist!
Print sub directory [.\print\2018_01_03.\dispatch_label] already exist!

janv. 03, 2018 10:01:43 PM entity.ConfigProject select
INFOS: FROM ConfigProject bp ORDER BY harnessType ASC
janv. 03, 2018 10:01:43 PM entity.ConfigProject select
INFOS: FROM ConfigProject bp ORDER BY harnessType ASC
janv. 03, 2018 10:05:26 PM helper.Helper InitDailyDestPrintDir
INFOS: File 2018_01_03.log already exists.Print directory [.\print\2018_01_03] already exist!
Print sub directory [.\print\2018_01_03.\open_sheet] already exist!
Print sub directory [.\print\2018_01_03.\closing_sheet] already exist!
Print sub directory [.\print\2018_01_03.\picking_label] already exist!
Print sub directory [.\print\2018_01_03.\dispatch_label] already exist!

janv. 03, 2018 10:05:28 PM entity.ConfigProject select
INFOS: FROM ConfigProject bp ORDER BY harnessType ASC
janv. 03, 2018 10:05:28 PM entity.ConfigProject select
INFOS: FROM ConfigProject bp ORDER BY harnessType ASC
janv. 03, 2018 10:05:32 PM gui.packaging.mode1.state.Mode1_S010_UserCodeScan doAction
INFOS: Invalid matricule number or account locked !
janv. 03, 2018 10:05:36 PM gui.packaging.mode1.gui.PACKAGING_UI0002_PasswordRequest_Mode1 connect_to_mode1
INFOS: User EZZIOURI OUSSAMA / ezou1001 connected to host Oussama-PC at 2018-01-03 22:05:36 Project : DUCATI.
janv. 03, 2018 10:05:36 PM gui.packaging.mode1.gui.PACKAGING_UI0002_PasswordRequest_Mode1 loadDotMatrixCodePatterns
INFOS: FROM ConfigBarcode cb WHERE cb.keyWord = :keyWord AND cb.harness_type = :harnessType ORDER BY id ASC
janv. 03, 2018 10:05:36 PM gui.packaging.mode1.gui.PACKAGING_UI0002_PasswordRequest_Mode1 loadPartNumberCodePatterns
INFOS: FROM ConfigBarcode cb WHERE cb.keyWord = :keyWord AND cb.harness_type = :harnessType ORDER BY id ASC
janv. 03, 2018 10:06:08 PM entity.ConfigUcs isHarnessPartExist
INFOS: Searching Harness part [5101C861D] in ConfigUCS: DUCATI
janv. 03, 2018 10:06:08 PM entity.ConfigUcs isHarnessPartExist
INFOS: Harness part [5101C861D] found for project [DUCATI].
janv. 03, 2018 10:06:08 PM gui.packaging.mode1.state.Mode1_S021_HarnessPartScan doAction
INFOS: Harness Part scanned [5101C861D] OK.
janv. 03, 2018 10:09:05 PM helper.Helper InitDailyDestPrintDir
INFOS: File 2018_01_03.log already exists.Print directory [.\print\2018_01_03] already exist!
Print sub directory [.\print\2018_01_03.\open_sheet] already exist!
Print sub directory [.\print\2018_01_03.\closing_sheet] already exist!
Print sub directory [.\print\2018_01_03.\picking_label] already exist!
Print sub directory [.\print\2018_01_03.\dispatch_label] already exist!

janv. 03, 2018 10:09:06 PM entity.ConfigProject select
INFOS: FROM ConfigProject bp ORDER BY harnessType ASC
janv. 03, 2018 10:09:06 PM entity.ConfigProject select
INFOS: FROM ConfigProject bp ORDER BY harnessType ASC
janv. 03, 2018 10:09:10 PM gui.packaging.mode1.state.Mode1_S010_UserCodeScan doAction
INFOS: Invalid matricule number or account locked !
janv. 03, 2018 10:09:11 PM gui.packaging.mode1.gui.PACKAGING_UI0002_PasswordRequest_Mode1 connect_to_mode1
INFOS: User EZZIOURI OUSSAMA / ezou1001 connected to host Oussama-PC at 2018-01-03 22:09:11 Project : DUCATI.
janv. 03, 2018 10:09:11 PM gui.packaging.mode1.gui.PACKAGING_UI0002_PasswordRequest_Mode1 loadDotMatrixCodePatterns
INFOS: FROM ConfigBarcode cb WHERE cb.keyWord = :keyWord AND cb.harness_type = :harnessType ORDER BY id ASC
janv. 03, 2018 10:09:11 PM gui.packaging.mode1.gui.PACKAGING_UI0002_PasswordRequest_Mode1 loadPartNumberCodePatterns
INFOS: FROM ConfigBarcode cb WHERE cb.keyWord = :keyWord AND cb.harness_type = :harnessType ORDER BY id ASC
janv. 03, 2018 10:09:20 PM entity.ConfigUcs isHarnessPartExist
INFOS: Searching Harness part [5101C861D] in ConfigUCS: DUCATI
janv. 03, 2018 10:09:20 PM entity.ConfigUcs isHarnessPartExist
INFOS: Harness part [5101C861D] found for project [DUCATI].
janv. 03, 2018 10:09:20 PM gui.packaging.mode1.state.Mode1_S021_HarnessPartScan doAction
INFOS: Harness Part scanned [5101C861D] OK.
janv. 03, 2018 10:12:17 PM helper.Helper InitDailyDestPrintDir
INFOS: File 2018_01_03.log already exists.Print directory [.\print\2018_01_03] already exist!
Print sub directory [.\print\2018_01_03.\open_sheet] already exist!
Print sub directory [.\print\2018_01_03.\closing_sheet] already exist!
Print sub directory [.\print\2018_01_03.\picking_label] already exist!
Print sub directory [.\print\2018_01_03.\dispatch_label] already exist!

janv. 03, 2018 10:12:19 PM entity.ConfigProject select
INFOS: FROM ConfigProject bp ORDER BY harnessType ASC
janv. 03, 2018 10:12:19 PM entity.ConfigProject select
INFOS: FROM ConfigProject bp ORDER BY harnessType ASC
janv. 03, 2018 10:12:22 PM gui.packaging.mode1.state.Mode1_S010_UserCodeScan doAction
INFOS: Invalid matricule number or account locked !
janv. 03, 2018 10:12:22 PM gui.packaging.mode1.gui.PACKAGING_UI0002_PasswordRequest_Mode1 connect_to_mode1
INFOS: User EZZIOURI OUSSAMA / ezou1001 connected to host Oussama-PC at 2018-01-03 22:12:22 Project : DUCATI.
janv. 03, 2018 10:12:22 PM gui.packaging.mode1.gui.PACKAGING_UI0002_PasswordRequest_Mode1 loadDotMatrixCodePatterns
INFOS: FROM ConfigBarcode cb WHERE cb.keyWord = :keyWord AND cb.harness_type = :harnessType ORDER BY id ASC
janv. 03, 2018 10:12:23 PM gui.packaging.mode1.gui.PACKAGING_UI0002_PasswordRequest_Mode1 loadPartNumberCodePatterns
INFOS: FROM ConfigBarcode cb WHERE cb.keyWord = :keyWord AND cb.harness_type = :harnessType ORDER BY id ASC
janv. 03, 2018 10:12:29 PM entity.ConfigUcs isHarnessPartExist
INFOS: Searching Harness part [5101C861D] in ConfigUCS: DUCATI
janv. 03, 2018 10:12:29 PM entity.ConfigUcs isHarnessPartExist
INFOS: Harness part [5101C861D] found for project [DUCATI].
janv. 03, 2018 10:12:29 PM gui.packaging.mode1.state.Mode1_S021_HarnessPartScan doAction
INFOS: Harness Part scanned [5101C861D] OK.
janv. 03, 2018 10:14:33 PM helper.Helper InitDailyDestPrintDir
INFOS: File 2018_01_03.log already exists.Print directory [.\print\2018_01_03] already exist!
Print sub directory [.\print\2018_01_03.\open_sheet] already exist!
Print sub directory [.\print\2018_01_03.\closing_sheet] already exist!
Print sub directory [.\print\2018_01_03.\picking_label] already exist!
Print sub directory [.\print\2018_01_03.\dispatch_label] already exist!

janv. 03, 2018 10:14:35 PM entity.ConfigProject select
INFOS: FROM ConfigProject bp ORDER BY harnessType ASC
janv. 03, 2018 10:14:35 PM entity.ConfigProject select
INFOS: FROM ConfigProject bp ORDER BY harnessType ASC
janv. 03, 2018 10:14:39 PM gui.packaging.mode1.state.Mode1_S010_UserCodeScan doAction
INFOS: Invalid matricule number or account locked !
janv. 03, 2018 10:14:39 PM gui.packaging.mode1.gui.PACKAGING_UI0002_PasswordRequest_Mode1 connect_to_mode1
INFOS: User EZZIOURI OUSSAMA / ezou1001 connected to host Oussama-PC at 2018-01-03 22:14:39 Project : DUCATI.
janv. 03, 2018 10:14:40 PM gui.packaging.mode1.gui.PACKAGING_UI0002_PasswordRequest_Mode1 loadDotMatrixCodePatterns
INFOS: FROM ConfigBarcode cb WHERE cb.keyWord = :keyWord AND cb.harness_type = :harnessType ORDER BY id ASC
janv. 03, 2018 10:14:40 PM gui.packaging.mode1.gui.PACKAGING_UI0002_PasswordRequest_Mode1 loadPartNumberCodePatterns
INFOS: FROM ConfigBarcode cb WHERE cb.keyWord = :keyWord AND cb.harness_type = :harnessType ORDER BY id ASC
janv. 03, 2018 10:14:44 PM gui.packaging.mode1.state.Mode1_S020_PalletChoice doAction
INFOS: Is it a new pallet ?
janv. 03, 2018 10:14:44 PM gui.packaging.mode1.state.Mode1_S020_PalletChoice doAction
AVERTISSEMENT: No pallet found for this number 5101C861D !
janv. 03, 2018 10:14:58 PM entity.ConfigUcs isHarnessPartExist
INFOS: Searching Harness part [5101C861D] in ConfigUCS: DUCATI
janv. 03, 2018 10:14:58 PM entity.ConfigUcs isHarnessPartExist
INFOS: Harness part [5101C861D] found for project [DUCATI].
janv. 03, 2018 10:14:58 PM gui.packaging.mode1.state.Mode1_S021_HarnessPartScan doAction
INFOS: Harness Part scanned [5101C861D] OK.
janv. 03, 2018 10:15:11 PM helper.Helper InitDailyDestPrintDir
INFOS: File 2018_01_03.log already exists.Print directory [.\print\2018_01_03] already exist!
Print sub directory [.\print\2018_01_03.\open_sheet] already exist!
Print sub directory [.\print\2018_01_03.\closing_sheet] already exist!
Print sub directory [.\print\2018_01_03.\picking_label] already exist!
Print sub directory [.\print\2018_01_03.\dispatch_label] already exist!
Print directory [.\print\2018_01_03] already exist!
Print sub directory [.\print\2018_01_03.\open_sheet] already exist!
Print sub directory [.\print\2018_01_03.\closing_sheet] already exist!
Print sub directory [.\print\2018_01_03.\picking_label] already exist!
Print sub directory [.\print\2018_01_03.\dispatch_label] already exist!

janv. 03, 2018 10:15:12 PM gui.packaging.mode1.gui.PACKAGING_UI9000_ChoosePackType_Mode1 loadConfigUcs
INFOS: Openning new container for first harness part [101C861D].
janv. 03, 2018 10:39:34 PM helper.Helper InitDailyDestPrintDir
INFOS: File 2018_01_03.log already exists.Print directory [.\print\2018_01_03] already exist!
Print sub directory [.\print\2018_01_03.\open_sheet] already exist!
Print sub directory [.\print\2018_01_03.\closing_sheet] already exist!
Print sub directory [.\print\2018_01_03.\picking_label] already exist!
Print sub directory [.\print\2018_01_03.\dispatch_label] already exist!

janv. 03, 2018 10:39:35 PM entity.ConfigProject select
INFOS: FROM ConfigProject bp ORDER BY harnessType ASC
janv. 03, 2018 10:39:35 PM entity.ConfigProject select
INFOS: FROM ConfigProject bp ORDER BY harnessType ASC
janv. 03, 2018 10:39:39 PM gui.packaging.mode1.state.Mode1_S010_UserCodeScan doAction
INFOS: Invalid matricule number or account locked !
janv. 03, 2018 10:39:40 PM gui.packaging.mode1.gui.PACKAGING_UI0002_PasswordRequest_Mode1 connect_to_mode1
INFOS: User EZZIOURI OUSSAMA / ezou1001 connected to host Oussama-PC at 2018-01-03 22:39:40 Project : DUCATI.
janv. 03, 2018 10:39:40 PM gui.packaging.mode1.gui.PACKAGING_UI0002_PasswordRequest_Mode1 loadDotMatrixCodePatterns
INFOS: FROM ConfigBarcode cb WHERE cb.keyWord = :keyWord AND cb.harness_type = :harnessType ORDER BY id ASC
janv. 03, 2018 10:39:40 PM gui.packaging.mode1.gui.PACKAGING_UI0002_PasswordRequest_Mode1 loadPartNumberCodePatterns
INFOS: FROM ConfigBarcode cb WHERE cb.keyWord = :keyWord AND cb.harness_type = :harnessType ORDER BY id ASC
janv. 03, 2018 10:42:10 PM helper.Helper InitDailyDestPrintDir
INFOS: File 2018_01_03.log already exists.Print directory [.\print\2018_01_03] already exist!
Print sub directory [.\print\2018_01_03.\open_sheet] already exist!
Print sub directory [.\print\2018_01_03.\closing_sheet] already exist!
Print sub directory [.\print\2018_01_03.\picking_label] already exist!
Print sub directory [.\print\2018_01_03.\dispatch_label] already exist!

janv. 03, 2018 10:42:11 PM entity.ConfigProject select
INFOS: FROM ConfigProject bp ORDER BY harnessType ASC
janv. 03, 2018 10:42:11 PM entity.ConfigProject select
INFOS: FROM ConfigProject bp ORDER BY harnessType ASC
janv. 03, 2018 10:42:16 PM gui.packaging.mode1.state.Mode1_S010_UserCodeScan doAction
INFOS: Invalid matricule number or account locked !
janv. 03, 2018 10:42:17 PM gui.packaging.mode1.gui.PACKAGING_UI0002_PasswordRequest_Mode1 connect_to_mode1
INFOS: User EZZIOURI OUSSAMA / ezou1001 connected to host Oussama-PC at 2018-01-03 22:42:17 Project : DUCATI.
janv. 03, 2018 10:42:17 PM gui.packaging.mode1.gui.PACKAGING_UI0002_PasswordRequest_Mode1 loadDotMatrixCodePatterns
INFOS: FROM ConfigBarcode cb WHERE cb.keyWord = :keyWord AND cb.harness_type = :harnessType ORDER BY id ASC
janv. 03, 2018 10:42:17 PM gui.packaging.mode1.gui.PACKAGING_UI0002_PasswordRequest_Mode1 loadPartNumberCodePatterns
INFOS: FROM ConfigBarcode cb WHERE cb.keyWord = :keyWord AND cb.harness_type = :harnessType ORDER BY id ASC
janv. 03, 2018 10:43:26 PM helper.Helper InitDailyDestPrintDir
INFOS: File 2018_01_03.log already exists.Print directory [.\print\2018_01_03] already exist!
Print sub directory [.\print\2018_01_03.\open_sheet] already exist!
Print sub directory [.\print\2018_01_03.\closing_sheet] already exist!
Print sub directory [.\print\2018_01_03.\picking_label] already exist!
Print sub directory [.\print\2018_01_03.\dispatch_label] already exist!

janv. 03, 2018 10:45:16 PM entity.ConfigProject select
INFOS: FROM ConfigProject bp ORDER BY harnessType ASC
janv. 03, 2018 10:45:16 PM entity.ConfigProject select
INFOS: FROM ConfigProject bp ORDER BY harnessType ASC
janv. 03, 2018 10:45:21 PM gui.packaging.mode1.state.Mode1_S010_UserCodeScan doAction
INFOS: Invalid matricule number or account locked !
janv. 03, 2018 10:45:22 PM gui.packaging.mode1.gui.PACKAGING_UI0002_PasswordRequest_Mode1 connect_to_mode1
INFOS: User EZZIOURI OUSSAMA / ezou1001 connected to host Oussama-PC at 2018-01-03 22:45:22 Project : DUCATI.
janv. 03, 2018 10:45:22 PM gui.packaging.mode1.gui.PACKAGING_UI0002_PasswordRequest_Mode1 loadDotMatrixCodePatterns
INFOS: FROM ConfigBarcode cb WHERE cb.keyWord = :keyWord AND cb.harness_type = :harnessType ORDER BY id ASC
janv. 03, 2018 10:45:22 PM gui.packaging.mode1.gui.PACKAGING_UI0002_PasswordRequest_Mode1 loadPartNumberCodePatterns
INFOS: FROM ConfigBarcode cb WHERE cb.keyWord = :keyWord AND cb.harness_type = :harnessType ORDER BY id ASC
janv. 03, 2018 10:45:46 PM gui.packaging.reports.PACKAGING_UI9001_DropContainerConfirmation ok_btnActionPerformed
INFOS: Droping harness list...0
janv. 03, 2018 10:46:32 PM helper.Helper InitDailyDestPrintDir
INFOS: File 2018_01_03.log already exists.Print directory [.\print\2018_01_03] already exist!
Print sub directory [.\print\2018_01_03.\open_sheet] already exist!
Print sub directory [.\print\2018_01_03.\closing_sheet] already exist!
Print sub directory [.\print\2018_01_03.\picking_label] already exist!
Print sub directory [.\print\2018_01_03.\dispatch_label] already exist!

janv. 03, 2018 10:46:35 PM entity.ConfigProject select
INFOS: FROM ConfigProject bp ORDER BY harnessType ASC
janv. 03, 2018 10:46:35 PM entity.ConfigProject select
INFOS: FROM ConfigProject bp ORDER BY harnessType ASC
janv. 03, 2018 10:46:52 PM gui.packaging.mode1.state.Mode1_S010_UserCodeScan doAction
INFOS: Invalid matricule number or account locked !
janv. 03, 2018 10:46:54 PM gui.packaging.mode1.gui.PACKAGING_UI0002_PasswordRequest_Mode1 connect_to_mode1
INFOS: User EZZIOURI OUSSAMA / ezou1001 connected to host Oussama-PC at 2018-01-03 22:46:54 Project : DUCATI.
janv. 03, 2018 10:46:54 PM gui.packaging.mode1.gui.PACKAGING_UI0002_PasswordRequest_Mode1 loadDotMatrixCodePatterns
INFOS: FROM ConfigBarcode cb WHERE cb.keyWord = :keyWord AND cb.harness_type = :harnessType ORDER BY id ASC
janv. 03, 2018 10:46:54 PM gui.packaging.mode1.gui.PACKAGING_UI0002_PasswordRequest_Mode1 loadPartNumberCodePatterns
INFOS: FROM ConfigBarcode cb WHERE cb.keyWord = :keyWord AND cb.harness_type = :harnessType ORDER BY id ASC
janv. 03, 2018 10:47:04 PM gui.packaging.reports.PACKAGING_UI9001_DropContainerConfirmation ok_btnActionPerformed
INFOS: Droping harness list...0
janv. 03, 2018 10:48:48 PM helper.Helper InitDailyDestPrintDir
INFOS: File 2018_01_03.log already exists.Print directory [.\print\2018_01_03] already exist!
Print sub directory [.\print\2018_01_03.\open_sheet] already exist!
Print sub directory [.\print\2018_01_03.\closing_sheet] already exist!
Print sub directory [.\print\2018_01_03.\picking_label] already exist!
Print sub directory [.\print\2018_01_03.\dispatch_label] already exist!

janv. 03, 2018 10:49:16 PM entity.ConfigProject select
INFOS: FROM ConfigProject bp ORDER BY harnessType ASC
janv. 03, 2018 10:49:16 PM entity.ConfigProject select
INFOS: FROM ConfigProject bp ORDER BY harnessType ASC
janv. 03, 2018 10:49:20 PM gui.packaging.mode1.state.Mode1_S010_UserCodeScan doAction
INFOS: Invalid matricule number or account locked !
janv. 03, 2018 10:49:22 PM gui.packaging.mode1.gui.PACKAGING_UI0002_PasswordRequest_Mode1 connect_to_mode1
INFOS: User EZZIOURI OUSSAMA / ezou1001 connected to host Oussama-PC at 2018-01-03 22:49:22 Project : DUCATI.
janv. 03, 2018 10:49:22 PM gui.packaging.mode1.gui.PACKAGING_UI0002_PasswordRequest_Mode1 loadDotMatrixCodePatterns
INFOS: FROM ConfigBarcode cb WHERE cb.keyWord = :keyWord AND cb.harness_type = :harnessType ORDER BY id ASC
janv. 03, 2018 10:49:22 PM gui.packaging.mode1.gui.PACKAGING_UI0002_PasswordRequest_Mode1 loadPartNumberCodePatterns
INFOS: FROM ConfigBarcode cb WHERE cb.keyWord = :keyWord AND cb.harness_type = :harnessType ORDER BY id ASC
janv. 03, 2018 10:51:26 PM helper.Helper InitDailyDestPrintDir
INFOS: File 2018_01_03.log already exists.Print directory [.\print\2018_01_03] already exist!
Print sub directory [.\print\2018_01_03.\open_sheet] already exist!
Print sub directory [.\print\2018_01_03.\closing_sheet] already exist!
Print sub directory [.\print\2018_01_03.\picking_label] already exist!
Print sub directory [.\print\2018_01_03.\dispatch_label] already exist!

janv. 03, 2018 10:51:27 PM entity.ConfigProject select
INFOS: FROM ConfigProject bp ORDER BY harnessType ASC
janv. 03, 2018 10:51:27 PM entity.ConfigProject select
INFOS: FROM ConfigProject bp ORDER BY harnessType ASC
janv. 03, 2018 10:52:07 PM helper.Helper InitDailyDestPrintDir
INFOS: File 2018_01_03.log already exists.Print directory [.\print\2018_01_03] already exist!
Print sub directory [.\print\2018_01_03.\open_sheet] already exist!
Print sub directory [.\print\2018_01_03.\closing_sheet] already exist!
Print sub directory [.\print\2018_01_03.\picking_label] already exist!
Print sub directory [.\print\2018_01_03.\dispatch_label] already exist!

janv. 03, 2018 10:52:28 PM entity.ConfigProject select
INFOS: FROM ConfigProject bp ORDER BY harnessType ASC
janv. 03, 2018 10:52:28 PM entity.ConfigProject select
INFOS: FROM ConfigProject bp ORDER BY harnessType ASC
janv. 03, 2018 11:05:50 PM helper.Helper InitDailyDestPrintDir
INFOS: File 2018_01_03.log already exists.Print directory [.\print\2018_01_03] already exist!
Print sub directory [.\print\2018_01_03.\open_sheet] already exist!
Print sub directory [.\print\2018_01_03.\closing_sheet] already exist!
Print sub directory [.\print\2018_01_03.\picking_label] already exist!
Print sub directory [.\print\2018_01_03.\dispatch_label] already exist!

janv. 03, 2018 11:05:51 PM entity.ConfigProject select
INFOS: FROM ConfigProject bp ORDER BY harnessType ASC
janv. 03, 2018 11:05:51 PM entity.ConfigProject select
INFOS: FROM ConfigProject bp ORDER BY harnessType ASC
janv. 03, 2018 11:05:54 PM gui.packaging.mode1.state.Mode1_S010_UserCodeScan doAction
INFOS: Invalid matricule number or account locked !
janv. 03, 2018 11:05:56 PM gui.packaging.mode1.gui.PACKAGING_UI0002_PasswordRequest_Mode1 connect_to_mode1
INFOS: User EZZIOURI OUSSAMA / ezou1001 connected to host Oussama-PC at 2018-01-03 23:05:56 Project : DUCATI.
janv. 03, 2018 11:05:56 PM gui.packaging.mode1.gui.PACKAGING_UI0002_PasswordRequest_Mode1 loadDotMatrixCodePatterns
INFOS: FROM ConfigBarcode cb WHERE cb.keyWord = :keyWord AND cb.harness_type = :harnessType ORDER BY id ASC
janv. 03, 2018 11:05:56 PM gui.packaging.mode1.gui.PACKAGING_UI0002_PasswordRequest_Mode1 loadPartNumberCodePatterns
INFOS: FROM ConfigBarcode cb WHERE cb.keyWord = :keyWord AND cb.harness_type = :harnessType ORDER BY id ASC
janv. 03, 2018 11:06:06 PM gui.packaging.reports.PACKAGING_UI9001_DropContainerConfirmation ok_btnActionPerformed
INFOS: Droping harness list...0
janv. 03, 2018 11:07:38 PM helper.Helper InitDailyDestPrintDir
INFOS: File 2018_01_03.log already exists.Print directory [.\print\2018_01_03] already exist!
Print sub directory [.\print\2018_01_03.\open_sheet] already exist!
Print sub directory [.\print\2018_01_03.\closing_sheet] already exist!
Print sub directory [.\print\2018_01_03.\picking_label] already exist!
Print sub directory [.\print\2018_01_03.\dispatch_label] already exist!

janv. 03, 2018 11:07:39 PM entity.ConfigProject select
INFOS: FROM ConfigProject bp ORDER BY harnessType ASC
janv. 03, 2018 11:07:39 PM entity.ConfigProject select
INFOS: FROM ConfigProject bp ORDER BY harnessType ASC
janv. 03, 2018 11:07:46 PM gui.packaging.mode1.state.Mode1_S010_UserCodeScan doAction
INFOS: Invalid matricule number or account locked !
janv. 03, 2018 11:07:48 PM gui.packaging.mode1.gui.PACKAGING_UI0002_PasswordRequest_Mode1 connect_to_mode1
INFOS: User EZZIOURI OUSSAMA / ezou1001 connected to host Oussama-PC at 2018-01-03 23:07:48 Project : DUCATI.
janv. 03, 2018 11:07:48 PM gui.packaging.mode1.gui.PACKAGING_UI0002_PasswordRequest_Mode1 loadDotMatrixCodePatterns
INFOS: FROM ConfigBarcode cb WHERE cb.keyWord = :keyWord AND cb.harness_type = :harnessType ORDER BY id ASC
janv. 03, 2018 11:07:48 PM gui.packaging.mode1.gui.PACKAGING_UI0002_PasswordRequest_Mode1 loadPartNumberCodePatterns
INFOS: FROM ConfigBarcode cb WHERE cb.keyWord = :keyWord AND cb.harness_type = :harnessType ORDER BY id ASC
janv. 03, 2018 11:07:55 PM gui.packaging.reports.PACKAGING_UI9001_DropContainerConfirmation ok_btnActionPerformed
INFOS: Droping harness list...0
janv. 03, 2018 11:08:09 PM gui.packaging.mode1.state.Mode1_S020_PalletChoice doAction
INFOS: Is it a new pallet ?
janv. 03, 2018 11:08:09 PM gui.packaging.mode1.state.Mode1_S020_PalletChoice doAction
AVERTISSEMENT: No pallet found for this number 5101C861D !
janv. 03, 2018 11:08:26 PM entity.ConfigUcs isHarnessPartExist
INFOS: Searching Harness part [5101C861D] in ConfigUCS: DUCATI
janv. 03, 2018 11:08:26 PM entity.ConfigUcs isHarnessPartExist
INFOS: Harness part [5101C861D] found for project [DUCATI].
janv. 03, 2018 11:08:26 PM gui.packaging.mode1.state.Mode1_S021_HarnessPartScan doAction
INFOS: Harness Part scanned [5101C861D] OK.
janv. 03, 2018 11:08:27 PM helper.Helper InitDailyDestPrintDir
INFOS: File 2018_01_03.log already exists.Print directory [.\print\2018_01_03] already exist!
Print sub directory [.\print\2018_01_03.\open_sheet] already exist!
Print sub directory [.\print\2018_01_03.\closing_sheet] already exist!
Print sub directory [.\print\2018_01_03.\picking_label] already exist!
Print sub directory [.\print\2018_01_03.\dispatch_label] already exist!
Print directory [.\print\2018_01_03] already exist!
Print sub directory [.\print\2018_01_03.\open_sheet] already exist!
Print sub directory [.\print\2018_01_03.\closing_sheet] already exist!
Print sub directory [.\print\2018_01_03.\picking_label] already exist!
Print sub directory [.\print\2018_01_03.\dispatch_label] already exist!

janv. 03, 2018 11:08:27 PM gui.packaging.mode1.gui.PACKAGING_UI9000_ChoosePackType_Mode1 loadConfigUcs
INFOS: Openning new container for first harness part [101C861D].
janv. 03, 2018 11:18:38 PM helper.Helper InitDailyDestPrintDir
INFOS: File 2018_01_03.log already exists.Print directory [.\print\2018_01_03] already exist!
Print sub directory [.\print\2018_01_03.\open_sheet] already exist!
Print sub directory [.\print\2018_01_03.\closing_sheet] already exist!
Print sub directory [.\print\2018_01_03.\picking_label] already exist!
Print sub directory [.\print\2018_01_03.\dispatch_label] already exist!

janv. 03, 2018 11:18:40 PM entity.ConfigProject select
INFOS: FROM ConfigProject bp ORDER BY harnessType ASC
janv. 03, 2018 11:18:40 PM entity.ConfigProject select
INFOS: FROM ConfigProject bp ORDER BY harnessType ASC
janv. 03, 2018 11:18:44 PM gui.packaging.mode1.state.Mode1_S010_UserCodeScan doAction
INFOS: Invalid matricule number or account locked !
janv. 03, 2018 11:18:45 PM gui.packaging.mode1.gui.PACKAGING_UI0002_PasswordRequest_Mode1 connect_to_mode1
INFOS: User EZZIOURI OUSSAMA / ezou1001 connected to host Oussama-PC at 2018-01-03 23:18:45 Project : DUCATI.
janv. 03, 2018 11:18:45 PM gui.packaging.mode1.gui.PACKAGING_UI0002_PasswordRequest_Mode1 loadDotMatrixCodePatterns
INFOS: FROM ConfigBarcode cb WHERE cb.keyWord = :keyWord AND cb.harness_type = :harnessType ORDER BY id ASC
janv. 03, 2018 11:18:45 PM gui.packaging.mode1.gui.PACKAGING_UI0002_PasswordRequest_Mode1 loadPartNumberCodePatterns
INFOS: FROM ConfigBarcode cb WHERE cb.keyWord = :keyWord AND cb.harness_type = :harnessType ORDER BY id ASC
janv. 03, 2018 11:18:51 PM entity.ConfigUcs isHarnessPartExist
INFOS: Searching Harness part [5101C861D] in ConfigUCS: DUCATI
janv. 03, 2018 11:18:51 PM entity.ConfigUcs isHarnessPartExist
INFOS: Harness part [5101C861D] found for project [DUCATI].
janv. 03, 2018 11:18:51 PM gui.packaging.mode1.state.Mode1_S021_HarnessPartScan doAction
INFOS: Harness Part scanned [5101C861D] OK.
janv. 03, 2018 11:18:53 PM helper.Helper InitDailyDestPrintDir
INFOS: File 2018_01_03.log already exists.Print directory [.\print\2018_01_03] already exist!
Print sub directory [.\print\2018_01_03.\open_sheet] already exist!
Print sub directory [.\print\2018_01_03.\closing_sheet] already exist!
Print sub directory [.\print\2018_01_03.\picking_label] already exist!
Print sub directory [.\print\2018_01_03.\dispatch_label] already exist!
Print directory [.\print\2018_01_03] already exist!
Print sub directory [.\print\2018_01_03.\open_sheet] already exist!
Print sub directory [.\print\2018_01_03.\closing_sheet] already exist!
Print sub directory [.\print\2018_01_03.\picking_label] already exist!
Print sub directory [.\print\2018_01_03.\dispatch_label] already exist!

janv. 03, 2018 11:18:54 PM gui.packaging.mode1.gui.PACKAGING_UI9000_ChoosePackType_Mode1 loadConfigUcs
INFOS: Openning new container for first harness part [101C861D].
janv. 03, 2018 11:21:39 PM helper.Helper InitDailyDestPrintDir
INFOS: File 2018_01_03.log already exists.Print directory [.\print\2018_01_03] already exist!
Print sub directory [.\print\2018_01_03.\open_sheet] already exist!
Print sub directory [.\print\2018_01_03.\closing_sheet] already exist!
Print sub directory [.\print\2018_01_03.\picking_label] already exist!
Print sub directory [.\print\2018_01_03.\dispatch_label] already exist!

janv. 03, 2018 11:21:40 PM entity.ConfigProject select
INFOS: FROM ConfigProject bp ORDER BY harnessType ASC
janv. 03, 2018 11:21:40 PM entity.ConfigProject select
INFOS: FROM ConfigProject bp ORDER BY harnessType ASC
janv. 03, 2018 11:21:44 PM gui.packaging.mode1.state.Mode1_S010_UserCodeScan doAction
INFOS: Invalid matricule number or account locked !
janv. 03, 2018 11:21:45 PM gui.packaging.mode1.gui.PACKAGING_UI0002_PasswordRequest_Mode1 connect_to_mode1
INFOS: User EZZIOURI OUSSAMA / ezou1001 connected to host Oussama-PC at 2018-01-03 23:21:45 Project : DUCATI.
janv. 03, 2018 11:21:45 PM gui.packaging.mode1.gui.PACKAGING_UI0002_PasswordRequest_Mode1 loadDotMatrixCodePatterns
INFOS: FROM ConfigBarcode cb WHERE cb.keyWord = :keyWord AND cb.harness_type = :harnessType ORDER BY id ASC
janv. 03, 2018 11:21:45 PM gui.packaging.mode1.gui.PACKAGING_UI0002_PasswordRequest_Mode1 loadPartNumberCodePatterns
INFOS: FROM ConfigBarcode cb WHERE cb.keyWord = :keyWord AND cb.harness_type = :harnessType ORDER BY id ASC
janv. 03, 2018 11:21:49 PM entity.ConfigUcs isHarnessPartExist
INFOS: Searching Harness part [5101C861D] in ConfigUCS: DUCATI
janv. 03, 2018 11:21:49 PM entity.ConfigUcs isHarnessPartExist
INFOS: Harness part [5101C861D] found for project [DUCATI].
janv. 03, 2018 11:21:49 PM gui.packaging.mode1.state.Mode1_S021_HarnessPartScan doAction
INFOS: Harness Part scanned [5101C861D] OK.
janv. 03, 2018 11:21:50 PM helper.Helper InitDailyDestPrintDir
INFOS: File 2018_01_03.log already exists.Print directory [.\print\2018_01_03] already exist!
Print sub directory [.\print\2018_01_03.\open_sheet] already exist!
Print sub directory [.\print\2018_01_03.\closing_sheet] already exist!
Print sub directory [.\print\2018_01_03.\picking_label] already exist!
Print sub directory [.\print\2018_01_03.\dispatch_label] already exist!
Print directory [.\print\2018_01_03] already exist!
Print sub directory [.\print\2018_01_03.\open_sheet] already exist!
Print sub directory [.\print\2018_01_03.\closing_sheet] already exist!
Print sub directory [.\print\2018_01_03.\picking_label] already exist!
Print sub directory [.\print\2018_01_03.\dispatch_label] already exist!

janv. 03, 2018 11:21:51 PM gui.packaging.mode1.gui.PACKAGING_UI9000_ChoosePackType_Mode1 loadConfigUcs
INFOS: Openning new container for first harness part [5101C861D].
janv. 03, 2018 11:21:57 PM entity.ConfigUcs isHarnessPartExist
INFOS: Searching Harness part [5101C861D] in ConfigUCS: DUCATI
janv. 03, 2018 11:21:57 PM entity.ConfigUcs isHarnessPartExist
INFOS: Harness part [5101C861D] found for project [DUCATI].
janv. 03, 2018 11:21:57 PM gui.packaging.mode1.state.Mode1_S021_HarnessPartScan doAction
INFOS: Harness Part scanned [5101C861D] OK.
