mai 07, 2017 6:33:40 PM helper.Helper InitDailyDestPrintDir
INFOS: Print directory [.\print\2017_05_07] is created!
Print sub directory [.\print\2017_05_07.\open_sheet] is created!
Print sub directory [.\print\2017_05_07.\closing_sheet] is created!
Print sub directory [.\print\2017_05_07.\picking_label] is created!
Print sub directory [.\print\2017_05_07.\dispatch_label] is created!

mai 07, 2017 6:33:47 PM gui.warehouse_dispatch.WAREHOUSE_DISPATCH_UI0003_PasswordRequest connect
INFOS: User Admin   / 9999 connected to host O-EZZIOURI at 2017-05-07 18:33:47 Dispatch interface : .
mai 07, 2017 6:40:14 PM helper.Helper InitDailyDestPrintDir
INFOS: Print directory [.\print\2017_05_07] already exist!
Print sub directory [.\print\2017_05_07.\open_sheet] already exist!
Print sub directory [.\print\2017_05_07.\closing_sheet] already exist!
Print sub directory [.\print\2017_05_07.\picking_label] already exist!
Print sub directory [.\print\2017_05_07.\dispatch_label] already exist!

mai 07, 2017 6:40:21 PM gui.warehouse_dispatch.WAREHOUSE_DISPATCH_UI0003_PasswordRequest connect
INFOS: User Admin   / 9999 connected to host O-EZZIOURI at 2017-05-07 18:40:21 Dispatch interface : .
mai 07, 2017 6:44:02 PM helper.Helper InitDailyDestPrintDir
INFOS: Print directory [.\print\2017_05_07] already exist!
Print sub directory [.\print\2017_05_07.\open_sheet] already exist!
Print sub directory [.\print\2017_05_07.\closing_sheet] already exist!
Print sub directory [.\print\2017_05_07.\picking_label] already exist!
Print sub directory [.\print\2017_05_07.\dispatch_label] already exist!

mai 07, 2017 6:44:10 PM gui.warehouse_dispatch.WAREHOUSE_DISPATCH_UI0003_PasswordRequest connect
INFOS: User Admin   / 9999 connected to host O-EZZIOURI at 2017-05-07 18:44:10 Dispatch interface : .
mai 07, 2017 6:52:34 PM helper.Helper InitDailyDestPrintDir
INFOS: Print directory [.\print\2017_05_07] already exist!
Print sub directory [.\print\2017_05_07.\open_sheet] already exist!
Print sub directory [.\print\2017_05_07.\closing_sheet] already exist!
Print sub directory [.\print\2017_05_07.\picking_label] already exist!
Print sub directory [.\print\2017_05_07.\dispatch_label] already exist!

mai 07, 2017 6:53:05 PM gui.warehouse_dispatch.WAREHOUSE_DISPATCH_UI0003_PasswordRequest connect
INFOS: User Admin   / 9999 connected to host O-EZZIOURI at 2017-05-07 18:53:05 Dispatch interface : .
mai 07, 2017 6:56:16 PM helper.Helper InitDailyDestPrintDir
INFOS: Print directory [.\print\2017_05_07] already exist!
Print sub directory [.\print\2017_05_07.\open_sheet] already exist!
Print sub directory [.\print\2017_05_07.\closing_sheet] already exist!
Print sub directory [.\print\2017_05_07.\picking_label] already exist!
Print sub directory [.\print\2017_05_07.\dispatch_label] already exist!

mai 07, 2017 6:56:22 PM gui.warehouse_dispatch.WAREHOUSE_DISPATCH_UI0003_PasswordRequest connect
INFOS: User Admin   / 9999 connected to host O-EZZIOURI at 2017-05-07 18:56:22 Dispatch interface : .
mai 07, 2017 7:01:47 PM helper.Helper InitDailyDestPrintDir
INFOS: Print directory [.\print\2017_05_07] already exist!
Print sub directory [.\print\2017_05_07.\open_sheet] already exist!
Print sub directory [.\print\2017_05_07.\closing_sheet] already exist!
Print sub directory [.\print\2017_05_07.\picking_label] already exist!
Print sub directory [.\print\2017_05_07.\dispatch_label] already exist!

mai 07, 2017 7:01:56 PM gui.warehouse_dispatch.WAREHOUSE_DISPATCH_UI0003_PasswordRequest connect
INFOS: User Admin   / 9999 connected to host O-EZZIOURI at 2017-05-07 19:01:56 Dispatch interface : .
mai 07, 2017 7:06:46 PM helper.Helper InitDailyDestPrintDir
INFOS: Print directory [.\print\2017_05_07] already exist!
Print sub directory [.\print\2017_05_07.\open_sheet] already exist!
Print sub directory [.\print\2017_05_07.\closing_sheet] already exist!
Print sub directory [.\print\2017_05_07.\picking_label] already exist!
Print sub directory [.\print\2017_05_07.\dispatch_label] already exist!

mai 07, 2017 7:06:53 PM gui.warehouse_dispatch.WAREHOUSE_DISPATCH_UI0003_PasswordRequest connect
INFOS: User Admin   / 9999 connected to host O-EZZIOURI at 2017-05-07 19:06:53 Dispatch interface : .
mai 07, 2017 7:10:54 PM gui.warehouse_dispatch.WAREHOUSE_DISPATCH_UI0003_PasswordRequest connect
INFOS: User Admin   / 9999 connected to host O-EZZIOURI at 2017-05-07 19:10:54 Dispatch interface : .
mai 07, 2017 7:13:17 PM helper.Helper InitDailyDestPrintDir
INFOS: Print directory [.\print\2017_05_07] already exist!
Print sub directory [.\print\2017_05_07.\open_sheet] already exist!
Print sub directory [.\print\2017_05_07.\closing_sheet] already exist!
Print sub directory [.\print\2017_05_07.\picking_label] already exist!
Print sub directory [.\print\2017_05_07.\dispatch_label] already exist!

mai 07, 2017 7:13:22 PM gui.warehouse_dispatch.WAREHOUSE_DISPATCH_UI0003_PasswordRequest connect
INFOS: User Admin   / 9999 connected to host O-EZZIOURI at 2017-05-07 19:13:22 Dispatch interface : .
mai 07, 2017 7:26:50 PM helper.Helper InitDailyDestPrintDir
INFOS: Print directory [.\print\2017_05_07] already exist!
Print sub directory [.\print\2017_05_07.\open_sheet] already exist!
Print sub directory [.\print\2017_05_07.\closing_sheet] already exist!
Print sub directory [.\print\2017_05_07.\picking_label] already exist!
Print sub directory [.\print\2017_05_07.\dispatch_label] already exist!

mai 07, 2017 7:26:56 PM gui.warehouse_dispatch.WAREHOUSE_DISPATCH_UI0003_PasswordRequest connect
INFOS: User Admin   / 9999 connected to host O-EZZIOURI at 2017-05-07 19:26:56 Dispatch interface : .
mai 07, 2017 7:43:27 PM helper.Helper InitDailyDestPrintDir
INFOS: Print directory [.\print\2017_05_07] already exist!
Print sub directory [.\print\2017_05_07.\open_sheet] already exist!
Print sub directory [.\print\2017_05_07.\closing_sheet] already exist!
Print sub directory [.\print\2017_05_07.\picking_label] already exist!
Print sub directory [.\print\2017_05_07.\dispatch_label] already exist!

mai 07, 2017 7:43:39 PM gui.warehouse_dispatch.WAREHOUSE_DISPATCH_UI0003_PasswordRequest connect
INFOS: User Admin   / 9999 connected to host O-EZZIOURI at 2017-05-07 19:43:39 Dispatch interface : .
mai 07, 2017 7:45:07 PM helper.Helper InitDailyDestPrintDir
INFOS: Print directory [.\print\2017_05_07] already exist!
Print sub directory [.\print\2017_05_07.\open_sheet] already exist!
Print sub directory [.\print\2017_05_07.\closing_sheet] already exist!
Print sub directory [.\print\2017_05_07.\picking_label] already exist!
Print sub directory [.\print\2017_05_07.\dispatch_label] already exist!

mai 07, 2017 7:45:17 PM gui.warehouse_dispatch.WAREHOUSE_DISPATCH_UI0003_PasswordRequest connect
INFOS: User Admin   / 9999 connected to host O-EZZIOURI at 2017-05-07 19:45:17 Dispatch interface : .
mai 07, 2017 7:49:49 PM helper.Helper InitDailyDestPrintDir
INFOS: Print directory [.\print\2017_05_07] already exist!
Print sub directory [.\print\2017_05_07.\open_sheet] already exist!
Print sub directory [.\print\2017_05_07.\closing_sheet] already exist!
Print sub directory [.\print\2017_05_07.\picking_label] already exist!
Print sub directory [.\print\2017_05_07.\dispatch_label] already exist!

mai 07, 2017 7:49:59 PM gui.warehouse_dispatch.WAREHOUSE_DISPATCH_UI0003_PasswordRequest connect
INFOS: User Admin   / 9999 connected to host O-EZZIOURI at 2017-05-07 19:49:59 Dispatch interface : .
mai 07, 2017 7:51:11 PM helper.Helper InitDailyDestPrintDir
INFOS: Print directory [.\print\2017_05_07] already exist!
Print sub directory [.\print\2017_05_07.\open_sheet] already exist!
Print sub directory [.\print\2017_05_07.\closing_sheet] already exist!
Print sub directory [.\print\2017_05_07.\picking_label] already exist!
Print sub directory [.\print\2017_05_07.\dispatch_label] already exist!

