déc. 13, 2017 8:55:54 PM helper.Helper InitDailyDestPrintDir
INFOS: File 2017_12_13.log created !Print directory [.\print\2017_12_13] created !
Print sub directory [.\print\2017_12_13.\open_sheet] created !
Print sub directory [.\print\2017_12_13.\closing_sheet] created !
Print sub directory [.\print\2017_12_13.\picking_label] created !
Print sub directory [.\print\2017_12_13.\dispatch_label] created !

déc. 13, 2017 8:56:01 PM entity.ConfigProject select
INFOS: FROM ConfigProject bp ORDER BY harnessType ASC
déc. 13, 2017 8:56:02 PM entity.ConfigProject select
INFOS: FROM ConfigProject bp ORDER BY harnessType ASC
déc. 13, 2017 8:56:15 PM gui.packaging.state.S010_UserCodeScan doAction
INFOS: Invalid matricule number or account locked !
déc. 13, 2017 8:56:18 PM gui.packaging.PACKAGING_UI0002_PasswordRequest connect
INFOS: User EZZIOURI OUSSAMA / ezou1001 connected to host Oussama-PC at 2017-12-13 20:56:18 Project : HDEP.
déc. 13, 2017 8:56:19 PM gui.packaging.PACKAGING_UI0002_PasswordRequest loadDotMatrixCodePatterns
INFOS: FROM ConfigBarcode cb WHERE cb.keyWord = :keyWord AND cb.harness_type = :harnessType ORDER BY id ASC
déc. 13, 2017 8:56:19 PM gui.packaging.PACKAGING_UI0002_PasswordRequest loadPartNumberCodePatterns
INFOS: FROM ConfigBarcode cb WHERE cb.keyWord = :keyWord AND cb.harness_type = :harnessType ORDER BY id ASC
déc. 13, 2017 8:56:21 PM entity.ConfigSegment select
INFOS: FROM ConfigSegment bp ORDER BY segment ASC
déc. 13, 2017 8:56:23 PM entity.ConfigSegment select
INFOS: FROM ConfigSegment bp ORDER BY segment ASC
déc. 13, 2017 8:56:23 PM entity.ConfigWorkplace select
INFOS: FROM ConfigWorkplace bp ORDER BY workplace ASC
déc. 13, 2017 8:56:24 PM entity.ConfigSegment select
INFOS: FROM ConfigSegment bp ORDER BY segment ASC
déc. 13, 2017 8:56:24 PM entity.ConfigWorkplace select
INFOS: FROM ConfigWorkplace bp ORDER BY workplace ASC
déc. 13, 2017 8:56:28 PM entity.ConfigSegment select
INFOS: FROM ConfigSegment bp ORDER BY segment ASC
déc. 13, 2017 8:56:28 PM entity.ConfigWorkplace select
INFOS: FROM ConfigWorkplace bp ORDER BY workplace ASC
déc. 13, 2017 9:00:14 PM helper.Helper InitDailyDestPrintDir
INFOS: File 2017_12_13.log already exists.Print directory [.\print\2017_12_13] already exist!
Print sub directory [.\print\2017_12_13.\open_sheet] already exist!
Print sub directory [.\print\2017_12_13.\closing_sheet] already exist!
Print sub directory [.\print\2017_12_13.\picking_label] already exist!
Print sub directory [.\print\2017_12_13.\dispatch_label] already exist!

déc. 13, 2017 9:00:16 PM entity.ConfigProject select
INFOS: FROM ConfigProject bp ORDER BY harnessType ASC
déc. 13, 2017 9:00:16 PM entity.ConfigProject select
INFOS: FROM ConfigProject bp ORDER BY harnessType ASC
déc. 13, 2017 9:00:25 PM gui.packaging.state.S010_UserCodeScan doAction
INFOS: Invalid matricule number or account locked !
déc. 13, 2017 9:00:28 PM gui.packaging.PACKAGING_UI0002_PasswordRequest connect
INFOS: User EZZIOURI OUSSAMA / ezou1001 connected to host Oussama-PC at 2017-12-13 21:00:28 Project : MDEP.
déc. 13, 2017 9:00:28 PM gui.packaging.PACKAGING_UI0002_PasswordRequest loadDotMatrixCodePatterns
INFOS: FROM ConfigBarcode cb WHERE cb.keyWord = :keyWord AND cb.harness_type = :harnessType ORDER BY id ASC
déc. 13, 2017 9:00:28 PM gui.packaging.PACKAGING_UI0002_PasswordRequest loadPartNumberCodePatterns
INFOS: FROM ConfigBarcode cb WHERE cb.keyWord = :keyWord AND cb.harness_type = :harnessType ORDER BY id ASC
déc. 13, 2017 9:00:31 PM entity.ConfigSegment select
INFOS: FROM ConfigSegment bp ORDER BY segment ASC
déc. 13, 2017 9:00:34 PM entity.ConfigSegment select
INFOS: FROM ConfigSegment bp ORDER BY segment ASC
déc. 13, 2017 9:00:34 PM entity.ConfigWorkplace select
INFOS: FROM ConfigWorkplace bp ORDER BY workplace ASC
déc. 13, 2017 9:01:26 PM helper.Helper InitDailyDestPrintDir
INFOS: File 2017_12_13.log already exists.Print directory [.\print\2017_12_13] already exist!
Print sub directory [.\print\2017_12_13.\open_sheet] already exist!
Print sub directory [.\print\2017_12_13.\closing_sheet] already exist!
Print sub directory [.\print\2017_12_13.\picking_label] already exist!
Print sub directory [.\print\2017_12_13.\dispatch_label] already exist!

déc. 13, 2017 9:01:27 PM entity.ConfigProject select
INFOS: FROM ConfigProject bp ORDER BY harnessType ASC
déc. 13, 2017 9:01:27 PM entity.ConfigProject select
INFOS: FROM ConfigProject bp ORDER BY harnessType ASC
déc. 13, 2017 9:01:32 PM gui.packaging.state.S010_UserCodeScan doAction
INFOS: Invalid matricule number or account locked !
déc. 13, 2017 9:01:35 PM gui.packaging.PACKAGING_UI0002_PasswordRequest connect
INFOS: User EZZIOURI OUSSAMA / ezou1001 connected to host Oussama-PC at 2017-12-13 21:01:35 Project : MDEP.
déc. 13, 2017 9:01:35 PM gui.packaging.PACKAGING_UI0002_PasswordRequest loadDotMatrixCodePatterns
INFOS: FROM ConfigBarcode cb WHERE cb.keyWord = :keyWord AND cb.harness_type = :harnessType ORDER BY id ASC
déc. 13, 2017 9:01:35 PM gui.packaging.PACKAGING_UI0002_PasswordRequest loadPartNumberCodePatterns
INFOS: FROM ConfigBarcode cb WHERE cb.keyWord = :keyWord AND cb.harness_type = :harnessType ORDER BY id ASC
déc. 13, 2017 9:01:42 PM entity.ConfigProject select
INFOS: FROM ConfigProject bp ORDER BY harnessType ASC
déc. 13, 2017 9:01:57 PM entity.ConfigSegment select
INFOS: FROM ConfigSegment bp ORDER BY segment ASC
déc. 13, 2017 9:01:59 PM entity.ConfigSegment select
INFOS: FROM ConfigSegment bp ORDER BY segment ASC
déc. 13, 2017 9:01:59 PM entity.ConfigWorkplace select
INFOS: FROM ConfigWorkplace bp ORDER BY workplace ASC
déc. 13, 2017 9:02:02 PM entity.ConfigSegment select
INFOS: FROM ConfigSegment bp ORDER BY segment ASC
déc. 13, 2017 9:02:02 PM entity.ConfigWorkplace select
INFOS: FROM ConfigWorkplace bp ORDER BY workplace ASC
déc. 13, 2017 9:02:18 PM entity.ConfigSegment select
INFOS: FROM ConfigSegment bp ORDER BY segment ASC
déc. 13, 2017 9:02:18 PM entity.ConfigWorkplace select
INFOS: FROM ConfigWorkplace bp ORDER BY workplace ASC
déc. 13, 2017 9:04:07 PM helper.Helper InitDailyDestPrintDir
INFOS: File 2017_12_13.log already exists.Print directory [.\print\2017_12_13] already exist!
Print sub directory [.\print\2017_12_13.\open_sheet] already exist!
Print sub directory [.\print\2017_12_13.\closing_sheet] already exist!
Print sub directory [.\print\2017_12_13.\picking_label] already exist!
Print sub directory [.\print\2017_12_13.\dispatch_label] already exist!

déc. 13, 2017 9:04:19 PM gui.config.CONFIG_UI0000_AUTH checkLoginAndPass
INFOS: User EZZIOURI OUSSAMA / ezou1001 connected to host Oussama-PC at 2017-12-13 21:04:19 Module : Planner.
déc. 13, 2017 9:04:20 PM entity.ConfigSegment select
INFOS: FROM ConfigSegment bp ORDER BY segment ASC
déc. 13, 2017 9:04:20 PM entity.ConfigWorkplace selectBySegment
INFOS: FROM ConfigWorkplace bp WHERE segment = :segment ORDER BY workplace ASC
déc. 13, 2017 9:04:20 PM entity.ConfigProject select
INFOS: FROM ConfigProject bp ORDER BY harnessType ASC
déc. 13, 2017 9:05:42 PM helper.Helper InitDailyDestPrintDir
INFOS: File 2017_12_13.log already exists.Print directory [.\print\2017_12_13] already exist!
Print sub directory [.\print\2017_12_13.\open_sheet] already exist!
Print sub directory [.\print\2017_12_13.\closing_sheet] already exist!
Print sub directory [.\print\2017_12_13.\picking_label] already exist!
Print sub directory [.\print\2017_12_13.\dispatch_label] already exist!

déc. 13, 2017 9:05:43 PM entity.ConfigProject select
INFOS: FROM ConfigProject bp ORDER BY harnessType ASC
déc. 13, 2017 9:05:43 PM entity.ConfigProject select
INFOS: FROM ConfigProject bp ORDER BY harnessType ASC
déc. 13, 2017 9:05:50 PM gui.packaging.state.S010_UserCodeScan doAction
INFOS: Invalid matricule number or account locked !
déc. 13, 2017 9:05:52 PM gui.packaging.PACKAGING_UI0002_PasswordRequest connect
INFOS: User EZZIOURI OUSSAMA / ezou1001 connected to host Oussama-PC at 2017-12-13 21:05:52 Project : MDEP.
déc. 13, 2017 9:05:52 PM gui.packaging.PACKAGING_UI0002_PasswordRequest loadDotMatrixCodePatterns
INFOS: FROM ConfigBarcode cb WHERE cb.keyWord = :keyWord AND cb.harness_type = :harnessType ORDER BY id ASC
déc. 13, 2017 9:05:52 PM gui.packaging.PACKAGING_UI0002_PasswordRequest loadPartNumberCodePatterns
INFOS: FROM ConfigBarcode cb WHERE cb.keyWord = :keyWord AND cb.harness_type = :harnessType ORDER BY id ASC
déc. 13, 2017 9:10:17 PM gui.config.CONFIG_UI0000_AUTH checkLoginAndPass
INFOS: User EZZIOURI OUSSAMA / ezou1001 connected to host Oussama-PC at 2017-12-13 21:10:17 Module : Planner.
déc. 13, 2017 9:10:17 PM entity.ConfigSegment select
INFOS: FROM ConfigSegment bp ORDER BY segment ASC
déc. 13, 2017 9:10:17 PM entity.ConfigWorkplace selectBySegment
INFOS: FROM ConfigWorkplace bp WHERE segment = :segment ORDER BY workplace ASC
déc. 13, 2017 9:10:17 PM entity.ConfigProject select
INFOS: FROM ConfigProject bp ORDER BY harnessType ASC
déc. 13, 2017 9:15:36 PM gui.config.CONFIG_UI0000_AUTH checkLoginAndPass
INFOS: User EZZIOURI OUSSAMA / ezou1001 connected to host Oussama-PC at 2017-12-13 21:15:36 Module : Planner.
déc. 13, 2017 9:21:25 PM helper.Helper InitDailyDestPrintDir
INFOS: File 2017_12_13.log already exists.Print directory [.\print\2017_12_13] already exist!
Print sub directory [.\print\2017_12_13.\open_sheet] already exist!
Print sub directory [.\print\2017_12_13.\closing_sheet] already exist!
Print sub directory [.\print\2017_12_13.\picking_label] already exist!
Print sub directory [.\print\2017_12_13.\dispatch_label] already exist!

déc. 13, 2017 9:21:44 PM gui.config.CONFIG_UI0000_AUTH checkLoginAndPass
INFOS: User EZZIOURI OUSSAMA / ezou1001 connected to host Oussama-PC at 2017-12-13 21:21:44 Module : Planner.
déc. 13, 2017 9:21:45 PM entity.ConfigSegment select
INFOS: FROM ConfigSegment bp ORDER BY segment ASC
déc. 13, 2017 9:21:45 PM entity.ConfigWorkplace selectBySegment
INFOS: FROM ConfigWorkplace bp WHERE segment = :segment ORDER BY workplace ASC
déc. 13, 2017 9:21:45 PM entity.ConfigProject select
INFOS: FROM ConfigProject bp ORDER BY harnessType ASC
déc. 13, 2017 9:21:56 PM gui.config.CONFIG_UI0000_AUTH checkLoginAndPass
INFOS: User EZZIOURI OUSSAMA / ezou1001 connected to host Oussama-PC at 2017-12-13 21:21:56 Module : Planner.
déc. 13, 2017 9:24:03 PM helper.Helper InitDailyDestPrintDir
INFOS: File 2017_12_13.log already exists.Print directory [.\print\2017_12_13] already exist!
Print sub directory [.\print\2017_12_13.\open_sheet] already exist!
Print sub directory [.\print\2017_12_13.\closing_sheet] already exist!
Print sub directory [.\print\2017_12_13.\picking_label] already exist!
Print sub directory [.\print\2017_12_13.\dispatch_label] already exist!

déc. 13, 2017 9:24:16 PM gui.config.CONFIG_UI0000_AUTH checkLoginAndPass
INFOS: User EZZIOURI OUSSAMA / ezou1001 connected to host Oussama-PC at 2017-12-13 21:24:16 Module : Planner.
déc. 13, 2017 9:29:01 PM helper.Helper InitDailyDestPrintDir
INFOS: File 2017_12_13.log already exists.Print directory [.\print\2017_12_13] already exist!
Print sub directory [.\print\2017_12_13.\open_sheet] already exist!
Print sub directory [.\print\2017_12_13.\closing_sheet] already exist!
Print sub directory [.\print\2017_12_13.\picking_label] already exist!
Print sub directory [.\print\2017_12_13.\dispatch_label] already exist!

déc. 13, 2017 9:29:21 PM gui.config.CONFIG_UI0000_AUTH checkLoginAndPass
INFOS: User EZZIOURI OUSSAMA / ezou1001 connected to host Oussama-PC at 2017-12-13 21:29:21 Module : Planner.
déc. 13, 2017 9:31:19 PM gui.config.CONFIG_UI0000_AUTH checkLoginAndPass
INFOS: User EZZIOURI OUSSAMA / ezou1001 connected to host Oussama-PC at 2017-12-13 21:31:19 Module : Planner.
déc. 13, 2017 9:31:58 PM helper.Helper InitDailyDestPrintDir
INFOS: File 2017_12_13.log already exists.Print directory [.\print\2017_12_13] already exist!
Print sub directory [.\print\2017_12_13.\open_sheet] already exist!
Print sub directory [.\print\2017_12_13.\closing_sheet] already exist!
Print sub directory [.\print\2017_12_13.\picking_label] already exist!
Print sub directory [.\print\2017_12_13.\dispatch_label] already exist!

déc. 13, 2017 9:32:10 PM gui.config.CONFIG_UI0000_AUTH checkLoginAndPass
INFOS: User EZZIOURI OUSSAMA / ezou1001 connected to host Oussama-PC at 2017-12-13 21:32:10 Module : Planner.
déc. 13, 2017 9:32:10 PM entity.ConfigProject select
INFOS: FROM ConfigProject bp ORDER BY harnessType ASC
déc. 13, 2017 9:33:25 PM gui.config.CONFIG_UI0000_AUTH checkLoginAndPass
INFOS: User EZZIOURI OUSSAMA / ezou1001 connected to host Oussama-PC at 2017-12-13 21:33:25 Module : Planner.
déc. 13, 2017 9:33:25 PM entity.ConfigSegment select
INFOS: FROM ConfigSegment bp ORDER BY segment ASC
déc. 13, 2017 9:33:25 PM entity.ConfigWorkplace selectBySegment
INFOS: FROM ConfigWorkplace bp WHERE segment = :segment ORDER BY workplace ASC
déc. 13, 2017 9:33:25 PM entity.ConfigProject select
INFOS: FROM ConfigProject bp ORDER BY harnessType ASC
déc. 13, 2017 9:35:35 PM gui.warehouse_dispatch.WAREHOUSE_DISPATCH_UI0003_PasswordRequest connect
INFOS: User EZZIOURI OUSSAMA / ezou1001 connected to host Oussama-PC at 2017-12-13 21:35:35 Dispatch interface : .
déc. 13, 2017 9:47:17 PM helper.Helper InitDailyDestPrintDir
INFOS: File 2017_12_13.log already exists.Print directory [.\print\2017_12_13] already exist!
Print sub directory [.\print\2017_12_13.\open_sheet] already exist!
Print sub directory [.\print\2017_12_13.\closing_sheet] already exist!
Print sub directory [.\print\2017_12_13.\picking_label] already exist!
Print sub directory [.\print\2017_12_13.\dispatch_label] already exist!

déc. 13, 2017 9:47:30 PM gui.warehouse_dispatch.WAREHOUSE_DISPATCH_UI0003_PasswordRequest connect
INFOS: User EZZIOURI OUSSAMA / ezou1001 connected to host Oussama-PC at 2017-12-13 21:47:30 Dispatch interface : .
déc. 13, 2017 9:50:08 PM helper.Helper InitDailyDestPrintDir
INFOS: File 2017_12_13.log already exists.Print directory [.\print\2017_12_13] already exist!
Print sub directory [.\print\2017_12_13.\open_sheet] already exist!
Print sub directory [.\print\2017_12_13.\closing_sheet] already exist!
Print sub directory [.\print\2017_12_13.\picking_label] already exist!
Print sub directory [.\print\2017_12_13.\dispatch_label] already exist!

déc. 13, 2017 9:50:18 PM gui.warehouse_dispatch.WAREHOUSE_DISPATCH_UI0003_PasswordRequest connect
INFOS: User EZZIOURI OUSSAMA / ezou1001 connected to host Oussama-PC at 2017-12-13 21:50:18 Dispatch interface : .
déc. 13, 2017 9:51:54 PM helper.Helper InitDailyDestPrintDir
INFOS: File 2017_12_13.log already exists.Print directory [.\print\2017_12_13] already exist!
Print sub directory [.\print\2017_12_13.\open_sheet] already exist!
Print sub directory [.\print\2017_12_13.\closing_sheet] already exist!
Print sub directory [.\print\2017_12_13.\picking_label] already exist!
Print sub directory [.\print\2017_12_13.\dispatch_label] already exist!

déc. 13, 2017 9:52:05 PM gui.warehouse_dispatch.WAREHOUSE_DISPATCH_UI0003_PasswordRequest connect
INFOS: User EZZIOURI OUSSAMA / ezou1001 connected to host Oussama-PC at 2017-12-13 21:52:05 Dispatch interface : .
déc. 13, 2017 9:53:24 PM helper.Helper InitDailyDestPrintDir
INFOS: File 2017_12_13.log already exists.Print directory [.\print\2017_12_13] already exist!
Print sub directory [.\print\2017_12_13.\open_sheet] already exist!
Print sub directory [.\print\2017_12_13.\closing_sheet] already exist!
Print sub directory [.\print\2017_12_13.\picking_label] already exist!
Print sub directory [.\print\2017_12_13.\dispatch_label] already exist!

déc. 13, 2017 9:53:35 PM gui.warehouse_dispatch.WAREHOUSE_DISPATCH_UI0003_PasswordRequest connect
INFOS: User EZZIOURI OUSSAMA / ezou1001 connected to host Oussama-PC at 2017-12-13 21:53:35 Dispatch interface : .
déc. 13, 2017 9:54:51 PM helper.Helper InitDailyDestPrintDir
INFOS: File 2017_12_13.log already exists.Print directory [.\print\2017_12_13] already exist!
Print sub directory [.\print\2017_12_13.\open_sheet] already exist!
Print sub directory [.\print\2017_12_13.\closing_sheet] already exist!
Print sub directory [.\print\2017_12_13.\picking_label] already exist!
Print sub directory [.\print\2017_12_13.\dispatch_label] already exist!

déc. 13, 2017 9:55:00 PM gui.warehouse_dispatch.WAREHOUSE_DISPATCH_UI0003_PasswordRequest connect
INFOS: User EZZIOURI OUSSAMA / ezou1001 connected to host Oussama-PC at 2017-12-13 21:55:00 Dispatch interface : .
