avr. 25, 2017 8:23:57 PM helper.Helper InitDailyDestPrintDir
INFOS: Print directory [.\print\2017_04_25] is created!
Print sub directory [.\print\2017_04_25.\open_sheet] is created!
Print sub directory [.\print\2017_04_25.\closing_sheet] is created!
Print sub directory [.\print\2017_04_25.\picking_label] is created!
Print sub directory [.\print\2017_04_25.\dispatch_label] is created!

avr. 25, 2017 8:26:10 PM gui.packaging.PACKAGING_UI0001_Main loadBarcodeConfig
INFOS: FROM ConfigBarcode cb WHERE cb.keyWord = :keyWord ORDER BY id ASC
avr. 25, 2017 8:26:10 PM entity.ConfigProject select
INFOS: FROM ConfigProject bp ORDER BY harnessType ASC
avr. 25, 2017 8:26:10 PM entity.ConfigProject select
INFOS: FROM ConfigProject bp ORDER BY harnessType ASC
avr. 25, 2017 8:26:19 PM entity.ConfigSegment select
INFOS: FROM ConfigSegment bp ORDER BY segment ASC
avr. 25, 2017 8:26:25 PM entity.ConfigSegment select
INFOS: FROM ConfigSegment bp ORDER BY segment ASC
avr. 25, 2017 8:26:25 PM entity.ConfigWorkplace select
INFOS: FROM ConfigWorkplace bp ORDER BY workplace ASC
avr. 25, 2017 8:26:29 PM entity.ConfigSegment select
INFOS: FROM ConfigSegment bp ORDER BY segment ASC
avr. 25, 2017 8:26:29 PM entity.ConfigWorkplace select
INFOS: FROM ConfigWorkplace bp ORDER BY workplace ASC
avr. 25, 2017 8:26:29 PM entity.ConfigSegment select
INFOS: FROM ConfigSegment bp ORDER BY segment ASC
avr. 25, 2017 8:26:29 PM entity.ConfigWorkplace select
INFOS: FROM ConfigWorkplace bp ORDER BY workplace ASC
avr. 25, 2017 8:27:10 PM entity.BaseContainer checkContainerByState
INFOS: Searching Container [200020979] in BaseContainer.
avr. 25, 2017 8:27:10 PM entity.BaseContainer checkContainerByState
INFOS: FROM BaseContainer bc WHERE bc.palletNumber = :palletNumber AND bc.containerState = :state
avr. 25, 2017 8:46:15 PM helper.Helper InitDailyDestPrintDir
INFOS: Print directory [.\print\2017_04_25] already exist!
Print sub directory [.\print\2017_04_25.\open_sheet] already exist!
Print sub directory [.\print\2017_04_25.\closing_sheet] already exist!
Print sub directory [.\print\2017_04_25.\picking_label] already exist!
Print sub directory [.\print\2017_04_25.\dispatch_label] already exist!

avr. 25, 2017 8:47:09 PM entity.BaseContainer checkContainerByState
INFOS: Searching Container [200019534] in BaseContainer.
avr. 25, 2017 8:47:09 PM entity.BaseContainer checkContainerByState
INFOS: FROM BaseContainer bc WHERE bc.palletNumber = :palletNumber AND bc.containerState = :state
avr. 25, 2017 8:48:41 PM gui.config.CONFIG_UI0000_AdminPassword checkLoginAndPass
INFOS: User Admin   / 9999 connected to host O-EZZIOURI at 2017-04-25 20:48:41 Module : Planner.
avr. 25, 2017 8:49:40 PM helper.Helper InitDailyDestPrintDir
INFOS: Print directory [.\print\2017_04_25] already exist!
Print sub directory [.\print\2017_04_25.\open_sheet] already exist!
Print sub directory [.\print\2017_04_25.\closing_sheet] already exist!
Print sub directory [.\print\2017_04_25.\picking_label] already exist!
Print sub directory [.\print\2017_04_25.\dispatch_label] already exist!

avr. 25, 2017 8:49:46 PM gui.config.CONFIG_UI0000_AdminPassword checkLoginAndPass
INFOS: User Admin   / 9999 connected to host O-EZZIOURI at 2017-04-25 20:49:46 Module : Planner.
avr. 25, 2017 8:56:28 PM helper.Helper InitDailyDestPrintDir
INFOS: Print directory [.\print\2017_04_25] already exist!
Print sub directory [.\print\2017_04_25.\open_sheet] already exist!
Print sub directory [.\print\2017_04_25.\closing_sheet] already exist!
Print sub directory [.\print\2017_04_25.\picking_label] already exist!
Print sub directory [.\print\2017_04_25.\dispatch_label] already exist!

avr. 25, 2017 8:56:34 PM gui.config.CONFIG_UI0000_AdminPassword checkLoginAndPass
INFOS: User Admin   / 9999 connected to host O-EZZIOURI at 2017-04-25 20:56:34 Module : Planner.
avr. 25, 2017 8:56:34 PM entity.ConfigSegment select
INFOS: FROM ConfigSegment bp ORDER BY segment ASC
avr. 25, 2017 8:56:34 PM entity.ConfigWorkplace selectBySegment
INFOS: FROM ConfigWorkplace bp WHERE segment = :segment ORDER BY workplace ASC
avr. 25, 2017 8:56:34 PM entity.ConfigProject select
INFOS: FROM ConfigProject bp ORDER BY harnessType ASC
avr. 25, 2017 8:56:47 PM gui.config.CONFIG_UI0000_AdminPassword checkLoginAndPass
INFOS: User Admin   / 9999 connected to host O-EZZIOURI at 2017-04-25 20:56:47 Module : Planner.
avr. 25, 2017 9:19:55 PM helper.Helper InitDailyDestPrintDir
INFOS: Print directory [.\print\2017_04_25] already exist!
Print sub directory [.\print\2017_04_25.\open_sheet] already exist!
Print sub directory [.\print\2017_04_25.\closing_sheet] already exist!
Print sub directory [.\print\2017_04_25.\picking_label] already exist!
Print sub directory [.\print\2017_04_25.\dispatch_label] already exist!

avr. 25, 2017 9:20:01 PM gui.config.CONFIG_UI0000_AdminPassword checkLoginAndPass
INFOS: User Admin   / 9999 connected to host O-EZZIOURI at 2017-04-25 21:20:01 Module : Planner.
avr. 25, 2017 9:25:32 PM helper.Helper InitDailyDestPrintDir
INFOS: Print directory [.\print\2017_04_25] already exist!
Print sub directory [.\print\2017_04_25.\open_sheet] already exist!
Print sub directory [.\print\2017_04_25.\closing_sheet] already exist!
Print sub directory [.\print\2017_04_25.\picking_label] already exist!
Print sub directory [.\print\2017_04_25.\dispatch_label] already exist!

avr. 25, 2017 9:25:37 PM gui.config.CONFIG_UI0000_AdminPassword checkLoginAndPass
INFOS: User Admin   / 9999 connected to host O-EZZIOURI at 2017-04-25 21:25:37 Module : Planner.
avr. 25, 2017 9:46:05 PM helper.Helper InitDailyDestPrintDir
INFOS: Print directory [.\print\2017_04_25] already exist!
Print sub directory [.\print\2017_04_25.\open_sheet] already exist!
Print sub directory [.\print\2017_04_25.\closing_sheet] already exist!
Print sub directory [.\print\2017_04_25.\picking_label] already exist!
Print sub directory [.\print\2017_04_25.\dispatch_label] already exist!

avr. 25, 2017 9:46:12 PM gui.config.CONFIG_UI0000_AdminPassword checkLoginAndPass
INFOS: User Admin   / 9999 connected to host O-EZZIOURI at 2017-04-25 21:46:12 Module : Planner.
avr. 25, 2017 9:53:44 PM helper.Helper InitDailyDestPrintDir
INFOS: Print directory [.\print\2017_04_25] already exist!
Print sub directory [.\print\2017_04_25.\open_sheet] already exist!
Print sub directory [.\print\2017_04_25.\closing_sheet] already exist!
Print sub directory [.\print\2017_04_25.\picking_label] already exist!
Print sub directory [.\print\2017_04_25.\dispatch_label] already exist!

avr. 25, 2017 9:53:52 PM gui.config.CONFIG_UI0000_AdminPassword checkLoginAndPass
INFOS: User Admin   / 9999 connected to host O-EZZIOURI at 2017-04-25 21:53:52 Module : Planner.
avr. 25, 2017 9:55:22 PM entity.BaseContainer checkContainerByState
INFOS: Searching Container [200008384] in BaseContainer.
avr. 25, 2017 9:55:22 PM entity.BaseContainer checkContainerByState
INFOS: FROM BaseContainer bc WHERE bc.palletNumber = :palletNumber AND bc.containerState = :state
avr. 25, 2017 10:03:47 PM helper.Helper InitDailyDestPrintDir
INFOS: Print directory [.\print\2017_04_25] already exist!
Print sub directory [.\print\2017_04_25.\open_sheet] already exist!
Print sub directory [.\print\2017_04_25.\closing_sheet] already exist!
Print sub directory [.\print\2017_04_25.\picking_label] already exist!
Print sub directory [.\print\2017_04_25.\dispatch_label] already exist!

avr. 25, 2017 10:04:02 PM entity.BaseContainer checkContainerByState
INFOS: Searching Container [200008381] in BaseContainer.
avr. 25, 2017 10:04:02 PM entity.BaseContainer checkContainerByState
INFOS: FROM BaseContainer bc WHERE bc.palletNumber = :palletNumber AND bc.containerState = :state
avr. 25, 2017 10:07:17 PM helper.Helper InitDailyDestPrintDir
INFOS: Print directory [.\print\2017_04_25] already exist!
Print sub directory [.\print\2017_04_25.\open_sheet] already exist!
Print sub directory [.\print\2017_04_25.\closing_sheet] already exist!
Print sub directory [.\print\2017_04_25.\picking_label] already exist!
Print sub directory [.\print\2017_04_25.\dispatch_label] already exist!

avr. 25, 2017 10:07:34 PM entity.BaseContainer checkContainerByState
INFOS: Searching Container [200008356] in BaseContainer.
avr. 25, 2017 10:07:34 PM entity.BaseContainer checkContainerByState
INFOS: FROM BaseContainer bc WHERE bc.palletNumber = :palletNumber AND bc.containerState = :state
avr. 25, 2017 10:10:20 PM entity.BaseContainer checkContainerByState
INFOS: Searching Container [200007356] in BaseContainer.
avr. 25, 2017 10:10:20 PM entity.BaseContainer checkContainerByState
INFOS: FROM BaseContainer bc WHERE bc.palletNumber = :palletNumber AND bc.containerState = :state
avr. 25, 2017 10:10:29 PM entity.BaseContainer checkContainerByState
INFOS: Searching Container [200007356] in BaseContainer.
avr. 25, 2017 10:10:29 PM entity.BaseContainer checkContainerByState
INFOS: FROM BaseContainer bc WHERE bc.palletNumber = :palletNumber AND bc.containerState = :state
avr. 25, 2017 10:13:38 PM entity.BaseContainer checkContainerByState
INFOS: Searching Container [200007365] in BaseContainer.
avr. 25, 2017 10:13:38 PM entity.BaseContainer checkContainerByState
INFOS: FROM BaseContainer bc WHERE bc.palletNumber = :palletNumber AND bc.containerState = :state
avr. 25, 2017 10:17:07 PM helper.Helper InitDailyDestPrintDir
INFOS: Print directory [.\print\2017_04_25] already exist!
Print sub directory [.\print\2017_04_25.\open_sheet] already exist!
Print sub directory [.\print\2017_04_25.\closing_sheet] already exist!
Print sub directory [.\print\2017_04_25.\picking_label] already exist!
Print sub directory [.\print\2017_04_25.\dispatch_label] already exist!

avr. 25, 2017 10:17:19 PM entity.BaseContainer checkContainerByState
INFOS: Searching Container [200007362] in BaseContainer.
avr. 25, 2017 10:17:19 PM entity.BaseContainer checkContainerByState
INFOS: FROM BaseContainer bc WHERE bc.palletNumber = :palletNumber AND bc.containerState = :state
avr. 25, 2017 10:20:18 PM helper.Helper InitDailyDestPrintDir
INFOS: Print directory [.\print\2017_04_25] already exist!
Print sub directory [.\print\2017_04_25.\open_sheet] already exist!
Print sub directory [.\print\2017_04_25.\closing_sheet] already exist!
Print sub directory [.\print\2017_04_25.\picking_label] already exist!
Print sub directory [.\print\2017_04_25.\dispatch_label] already exist!

avr. 25, 2017 10:20:29 PM entity.BaseContainer checkContainerByState
INFOS: Searching Container [200007360] in BaseContainer.
avr. 25, 2017 10:20:29 PM entity.BaseContainer checkContainerByState
INFOS: FROM BaseContainer bc WHERE bc.palletNumber = :palletNumber AND bc.containerState = :state
avr. 25, 2017 10:22:36 PM helper.Helper InitDailyDestPrintDir
INFOS: Print directory [.\print\2017_04_25] already exist!
Print sub directory [.\print\2017_04_25.\open_sheet] already exist!
Print sub directory [.\print\2017_04_25.\closing_sheet] already exist!
Print sub directory [.\print\2017_04_25.\picking_label] already exist!
Print sub directory [.\print\2017_04_25.\dispatch_label] already exist!

avr. 25, 2017 10:22:45 PM entity.BaseContainer checkContainerByState
INFOS: Searching Container [200007359] in BaseContainer.
avr. 25, 2017 10:22:45 PM entity.BaseContainer checkContainerByState
INFOS: FROM BaseContainer bc WHERE bc.palletNumber = :palletNumber AND bc.containerState = :state
avr. 25, 2017 10:24:40 PM gui.warehouse_dispatch.WAREHOUSE_DISPATCH_UI0003_PasswordRequest connect
INFOS: User Admin   / 9999 connected to host O-EZZIOURI at 2017-04-25 22:24:40 Dispatch interface : .
