mai 19, 2017 1:30:54 PM helper.Helper InitDailyDestPrintDir
INFOS: Print directory [.\print\2017_05_19] is created!
Print sub directory [.\print\2017_05_19.\open_sheet] is created!
Print sub directory [.\print\2017_05_19.\closing_sheet] is created!
Print sub directory [.\print\2017_05_19.\picking_label] is created!
Print sub directory [.\print\2017_05_19.\dispatch_label] is created!

mai 19, 2017 1:30:58 PM gui.packaging.PACKAGING_UI0001_Main loadBarcodeConfig
INFOS: FROM ConfigBarcode cb WHERE cb.keyWord = :keyWord ORDER BY id ASC
mai 19, 2017 1:30:58 PM entity.ConfigProject select
INFOS: FROM ConfigProject bp ORDER BY harnessType ASC
mai 19, 2017 1:30:58 PM entity.ConfigProject select
INFOS: FROM ConfigProject bp ORDER BY harnessType ASC
mai 19, 2017 2:37:45 PM gui.warehouse_dispatch.WAREHOUSE_DISPATCH_UI0003_PasswordRequest connect
INFOS: User OUSSAMA EZZIOURI / 9999 connected to host WSMA7040 at 2017-05-19 14:37:45 Dispatch interface : .
mai 19, 2017 2:38:27 PM gui.packaging_warehouse.PACKAGING_WAREHOUSE_UI0001_PasswordRequest connect
INFOS: User OUSSAMA EZZIOURI / 9999 connected to host WSMA7040 at 2017-05-19 14:38:27 Packaging warehouse interface : .
mai 19, 2017 2:58:49 PM gui.warehouse_dispatch.WAREHOUSE_DISPATCH_UI0003_PasswordRequest connect
INFOS: User OUSSAMA EZZIOURI / 9999 connected to host WSMA7040 at 2017-05-19 14:58:49 Dispatch interface : .
mai 19, 2017 2:59:23 PM helper.Helper InitDailyDestPrintDir
INFOS: Print directory [.\print\2017_05_19] already exist!
Print sub directory [.\print\2017_05_19.\open_sheet] already exist!
Print sub directory [.\print\2017_05_19.\closing_sheet] already exist!
Print sub directory [.\print\2017_05_19.\picking_label] already exist!
Print sub directory [.\print\2017_05_19.\dispatch_label] already exist!

mai 19, 2017 3:01:42 PM gui.warehouse_dispatch.WAREHOUSE_DISPATCH_UI0003_PasswordRequest connect
INFOS: User OUSSAMA EZZIOURI / 9999 connected to host WSMA7040 at 2017-05-19 15:01:42 Dispatch interface : .
mai 19, 2017 3:01:58 PM gui.warehouse_dispatch.WAREHOUSE_DISPATCH_UI0003_PasswordRequest connect
INFOS: User OUSSAMA EZZIOURI / 9999 connected to host WSMA7040 at 2017-05-19 15:01:58 Dispatch interface : .
mai 19, 2017 3:02:42 PM helper.Helper InitDailyDestPrintDir
INFOS: Print directory [.\print\2017_05_19] already exist!
Print sub directory [.\print\2017_05_19.\open_sheet] already exist!
Print sub directory [.\print\2017_05_19.\closing_sheet] already exist!
Print sub directory [.\print\2017_05_19.\picking_label] already exist!
Print sub directory [.\print\2017_05_19.\dispatch_label] already exist!

mai 19, 2017 3:02:52 PM gui.warehouse_dispatch.WAREHOUSE_DISPATCH_UI0003_PasswordRequest connect
INFOS: User OUSSAMA EZZIOURI / 9999 connected to host WSMA7040 at 2017-05-19 15:02:52 Dispatch interface : .
mai 19, 2017 3:15:54 PM gui.packaging.PACKAGING_UI0001_Main loadBarcodeConfig
INFOS: FROM ConfigBarcode cb WHERE cb.keyWord = :keyWord ORDER BY id ASC
mai 19, 2017 3:15:54 PM entity.ConfigProject select
INFOS: FROM ConfigProject bp ORDER BY harnessType ASC
mai 19, 2017 3:15:54 PM entity.ConfigProject select
INFOS: FROM ConfigProject bp ORDER BY harnessType ASC
mai 19, 2017 3:18:57 PM gui.config.CONFIG_UI0000_AdminPassword checkLoginAndPass
INFOS: User OUSSAMA EZZIOURI / 9999 connected to host WSMA7040 at 2017-05-19 15:18:57 Module : Planner.
mai 19, 2017 3:18:58 PM entity.ConfigSegment select
INFOS: FROM ConfigSegment bp ORDER BY segment ASC
mai 19, 2017 3:18:58 PM entity.ConfigWorkplace selectBySegment
INFOS: FROM ConfigWorkplace bp WHERE segment = :segment ORDER BY workplace ASC
mai 19, 2017 3:18:58 PM entity.ConfigProject select
INFOS: FROM ConfigProject bp ORDER BY harnessType ASC
mai 19, 2017 3:23:04 PM gui.packaging.PACKAGING_UI0001_Main loadBarcodeConfig
INFOS: FROM ConfigBarcode cb WHERE cb.keyWord = :keyWord ORDER BY id ASC
mai 19, 2017 3:23:04 PM entity.ConfigProject select
INFOS: FROM ConfigProject bp ORDER BY harnessType ASC
mai 19, 2017 3:23:04 PM entity.ConfigProject select
INFOS: FROM ConfigProject bp ORDER BY harnessType ASC
mai 19, 2017 3:26:01 PM gui.packaging.PACKAGING_UI0001_Main loadBarcodeConfig
INFOS: FROM ConfigBarcode cb WHERE cb.keyWord = :keyWord ORDER BY id ASC
mai 19, 2017 3:26:01 PM entity.ConfigProject select
INFOS: FROM ConfigProject bp ORDER BY harnessType ASC
mai 19, 2017 3:26:01 PM entity.ConfigProject select
INFOS: FROM ConfigProject bp ORDER BY harnessType ASC
mai 19, 2017 3:28:52 PM state.S010_UserCodeScan doAction
INFOS: Invalid matricule number or account locked !
mai 19, 2017 3:28:56 PM gui.packaging.PACKAGING_UI0002_PasswordRequest connect
INFOS: User OUSSAMA EZZIOURI / 9999 connected to host WSMA7040 at 2017-05-19 15:28:56 Project : ENGINE.
mai 19, 2017 3:29:24 PM gui.packaging.PACKAGING_UI9001_DropContainerConfirmation ok_btnActionPerformed
INFOS: Droping harness list...21
mai 19, 2017 3:31:45 PM helper.Helper InitDailyDestPrintDir
INFOS: Print directory [.\print\2017_05_19] already exist!
Print sub directory [.\print\2017_05_19.\open_sheet] already exist!
Print sub directory [.\print\2017_05_19.\closing_sheet] already exist!
Print sub directory [.\print\2017_05_19.\picking_label] already exist!
Print sub directory [.\print\2017_05_19.\dispatch_label] already exist!

mai 19, 2017 3:31:47 PM gui.packaging.PACKAGING_UI0001_Main loadBarcodeConfig
INFOS: FROM ConfigBarcode cb WHERE cb.keyWord = :keyWord ORDER BY id ASC
mai 19, 2017 3:31:47 PM entity.ConfigProject select
INFOS: FROM ConfigProject bp ORDER BY harnessType ASC
mai 19, 2017 3:31:47 PM entity.ConfigProject select
INFOS: FROM ConfigProject bp ORDER BY harnessType ASC
mai 19, 2017 3:32:19 PM state.S010_UserCodeScan doAction
INFOS: Invalid matricule number or account locked !
mai 19, 2017 3:32:29 PM gui.packaging.PACKAGING_UI0002_PasswordRequest connect
INFOS: User OUSSAMA EZZIOURI / 9999 connected to host WSMA7040 at 2017-05-19 15:32:29 Project : ENGINE.
mai 19, 2017 3:32:35 PM entity.ConfigSegment select
INFOS: FROM ConfigSegment bp ORDER BY segment ASC
mai 19, 2017 3:32:38 PM entity.ConfigSegment select
INFOS: FROM ConfigSegment bp ORDER BY segment ASC
mai 19, 2017 3:32:38 PM entity.ConfigWorkplace select
INFOS: FROM ConfigWorkplace bp ORDER BY workplace ASC
mai 19, 2017 3:32:40 PM entity.ConfigSegment select
INFOS: FROM ConfigSegment bp ORDER BY segment ASC
mai 19, 2017 3:32:40 PM entity.ConfigWorkplace select
INFOS: FROM ConfigWorkplace bp ORDER BY workplace ASC
mai 19, 2017 3:33:25 PM entity.ConfigSegment select
INFOS: FROM ConfigSegment bp ORDER BY segment ASC
mai 19, 2017 3:33:25 PM entity.ConfigWorkplace select
INFOS: FROM ConfigWorkplace bp ORDER BY workplace ASC
mai 19, 2017 3:33:26 PM entity.ConfigSegment select
INFOS: FROM ConfigSegment bp ORDER BY segment ASC
mai 19, 2017 3:33:26 PM entity.ConfigWorkplace select
INFOS: FROM ConfigWorkplace bp ORDER BY workplace ASC
mai 19, 2017 3:33:27 PM entity.ConfigSegment select
INFOS: FROM ConfigSegment bp ORDER BY segment ASC
mai 19, 2017 3:33:27 PM entity.ConfigWorkplace select
INFOS: FROM ConfigWorkplace bp ORDER BY workplace ASC
mai 19, 2017 3:33:28 PM entity.ConfigSegment select
INFOS: FROM ConfigSegment bp ORDER BY segment ASC
mai 19, 2017 3:33:28 PM entity.ConfigWorkplace select
INFOS: FROM ConfigWorkplace bp ORDER BY workplace ASC
mai 19, 2017 3:43:52 PM helper.Helper InitDailyDestPrintDir
INFOS: Print directory [.\print\2017_05_19] already exist!
Print sub directory [.\print\2017_05_19.\open_sheet] already exist!
Print sub directory [.\print\2017_05_19.\closing_sheet] already exist!
Print sub directory [.\print\2017_05_19.\picking_label] already exist!
Print sub directory [.\print\2017_05_19.\dispatch_label] already exist!

mai 19, 2017 3:44:12 PM gui.packaging.PACKAGING_UI0001_Main loadBarcodeConfig
INFOS: FROM ConfigBarcode cb WHERE cb.keyWord = :keyWord ORDER BY id ASC
mai 19, 2017 3:44:12 PM entity.ConfigProject select
INFOS: FROM ConfigProject bp ORDER BY harnessType ASC
mai 19, 2017 3:44:12 PM entity.ConfigProject select
INFOS: FROM ConfigProject bp ORDER BY harnessType ASC
mai 19, 2017 3:45:52 PM helper.Helper InitDailyDestPrintDir
INFOS: Print directory [.\print\2017_05_19] already exist!
Print sub directory [.\print\2017_05_19.\open_sheet] already exist!
Print sub directory [.\print\2017_05_19.\closing_sheet] already exist!
Print sub directory [.\print\2017_05_19.\picking_label] already exist!
Print sub directory [.\print\2017_05_19.\dispatch_label] already exist!

mai 19, 2017 3:45:54 PM gui.packaging.PACKAGING_UI0001_Main loadBarcodeConfig
INFOS: FROM ConfigBarcode cb WHERE cb.keyWord = :keyWord ORDER BY id ASC
mai 19, 2017 3:45:54 PM entity.ConfigProject select
INFOS: FROM ConfigProject bp ORDER BY harnessType ASC
mai 19, 2017 3:45:54 PM entity.ConfigProject select
INFOS: FROM ConfigProject bp ORDER BY harnessType ASC
mai 19, 2017 3:48:02 PM helper.Helper InitDailyDestPrintDir
INFOS: Print directory [.\print\2017_05_19] already exist!
Print sub directory [.\print\2017_05_19.\open_sheet] already exist!
Print sub directory [.\print\2017_05_19.\closing_sheet] already exist!
Print sub directory [.\print\2017_05_19.\picking_label] already exist!
Print sub directory [.\print\2017_05_19.\dispatch_label] already exist!

mai 19, 2017 3:49:26 PM helper.Helper InitDailyDestPrintDir
INFOS: Print directory [.\print\2017_05_19] already exist!
Print sub directory [.\print\2017_05_19.\open_sheet] already exist!
Print sub directory [.\print\2017_05_19.\closing_sheet] already exist!
Print sub directory [.\print\2017_05_19.\picking_label] already exist!
Print sub directory [.\print\2017_05_19.\dispatch_label] already exist!

mai 19, 2017 3:54:12 PM helper.Helper InitDailyDestPrintDir
INFOS: Print directory [.\print\2017_05_19] already exist!
Print sub directory [.\print\2017_05_19.\open_sheet] already exist!
Print sub directory [.\print\2017_05_19.\closing_sheet] already exist!
Print sub directory [.\print\2017_05_19.\picking_label] already exist!
Print sub directory [.\print\2017_05_19.\dispatch_label] already exist!

mai 19, 2017 4:00:31 PM helper.Helper InitDailyDestPrintDir
INFOS: Print directory [.\print\2017_05_19] already exist!
Print sub directory [.\print\2017_05_19.\open_sheet] already exist!
Print sub directory [.\print\2017_05_19.\closing_sheet] already exist!
Print sub directory [.\print\2017_05_19.\picking_label] already exist!
Print sub directory [.\print\2017_05_19.\dispatch_label] already exist!

mai 19, 2017 4:00:32 PM gui.packaging.PACKAGING_UI0001_Main loadBarcodeConfig
INFOS: FROM ConfigBarcode cb WHERE cb.keyWord = :keyWord ORDER BY id ASC
mai 19, 2017 4:00:32 PM entity.ConfigProject select
INFOS: FROM ConfigProject bp ORDER BY harnessType ASC
mai 19, 2017 4:00:32 PM entity.ConfigProject select
INFOS: FROM ConfigProject bp ORDER BY harnessType ASC
mai 19, 2017 4:01:02 PM helper.Helper InitDailyDestPrintDir
INFOS: Print directory [.\print\2017_05_19] already exist!
Print sub directory [.\print\2017_05_19.\open_sheet] already exist!
Print sub directory [.\print\2017_05_19.\closing_sheet] already exist!
Print sub directory [.\print\2017_05_19.\picking_label] already exist!
Print sub directory [.\print\2017_05_19.\dispatch_label] already exist!

mai 19, 2017 4:01:48 PM gui.packaging.PACKAGING_UI0001_Main loadBarcodeConfig
INFOS: FROM ConfigBarcode cb WHERE cb.keyWord = :keyWord ORDER BY id ASC
mai 19, 2017 4:01:48 PM entity.ConfigProject select
INFOS: FROM ConfigProject bp ORDER BY harnessType ASC
mai 19, 2017 4:01:48 PM entity.ConfigProject select
INFOS: FROM ConfigProject bp ORDER BY harnessType ASC
