août 25, 2016 3:39:59 PM helper.Helper InitDailyDestPrintDir
INFOS: Print directory [.\print\2016_08_25] is created!
Print sub directory [.\print\2016_08_25.\open_sheet] is created!
Print sub directory [.\print\2016_08_25.\closing_sheet] is created!
Print sub directory [.\print\2016_08_25.\picking_label] is created!

août 25, 2016 3:40:01 PM entity.ConfigProject select
INFOS: FROM ConfigProject bp ORDER BY harnessType ASC
août 25, 2016 3:40:01 PM entity.ConfigProject select
INFOS: FROM ConfigProject bp ORDER BY harnessType ASC
août 25, 2016 3:43:10 PM helper.Helper InitDailyDestPrintDir
INFOS: Print directory [.\print\2016_08_25] already exist!
Print sub directory [.\print\2016_08_25.\open_sheet] already exist!
Print sub directory [.\print\2016_08_25.\closing_sheet] already exist!
Print sub directory [.\print\2016_08_25.\picking_label] already exist!

août 25, 2016 3:43:11 PM entity.ConfigProject select
INFOS: FROM ConfigProject bp ORDER BY harnessType ASC
août 25, 2016 3:43:11 PM entity.ConfigProject select
INFOS: FROM ConfigProject bp ORDER BY harnessType ASC
août 25, 2016 3:43:14 PM entity.ConfigProject select
INFOS: FROM ConfigProject bp ORDER BY harnessType ASC
août 25, 2016 3:43:25 PM entity.ConfigProject select
INFOS: FROM ConfigProject bp ORDER BY harnessType ASC
août 25, 2016 5:02:33 PM helper.Helper InitDailyDestPrintDir
INFOS: Print directory [.\print\2016_08_25] already exist!
Print sub directory [.\print\2016_08_25.\open_sheet] already exist!
Print sub directory [.\print\2016_08_25.\closing_sheet] already exist!
Print sub directory [.\print\2016_08_25.\picking_label] already exist!

