janv. 14, 2018 9:46:49 PM ui.UILog log
INFOS: File 2018_01_14.log is created!

janv. 14, 2018 9:46:49 PM ui.UILog log
INFOS: Print directory [.\print\2018_01_14] already exist!
Print sub directory [.\print\2018_01_14.\open_sheet] already exist!
Print sub directory [.\print\2018_01_14.\closing_sheet] already exist!
Print sub directory [.\print\2018_01_14.\picking_label] already exist!
Print sub directory [.\print\2018_01_14.\dispatch_label] already exist!

janv. 14, 2018 9:49:16 PM ui.UILog log
INFOS: File 2018_01_14.log already exists.

janv. 14, 2018 9:49:16 PM ui.UILog log
INFOS: Print directory [.\print\2018_01_14] already exist!
Print sub directory [.\print\2018_01_14.\open_sheet] already exist!
Print sub directory [.\print\2018_01_14.\closing_sheet] already exist!
Print sub directory [.\print\2018_01_14.\picking_label] already exist!
Print sub directory [.\print\2018_01_14.\dispatch_label] already exist!

janv. 14, 2018 9:49:19 PM ui.UILog log
INFOS: User EZZIOURI OUSSAMA / * connected to host Oussama-PC at 2018-01-14 21:49:19 Project : DUCATI.
janv. 14, 2018 9:49:19 PM ui.UILog log
INFOS: APP_CONFIG0002   :   Chargement de la liste des formats QR dans la variable DATAMATRIX_PATTERN_LIST ...
janv. 14, 2018 9:49:19 PM ui.UILog log
INFOS: FROM ConfigBarcode cb WHERE cb.keyWord = :keyWord AND cb.harness_type = :harnessType ORDER BY id ASC
janv. 14, 2018 9:49:19 PM ui.UILog log
INFOS: ^[P]{1}\w{9}[;]{1}\d{2}[.]{1}\d{2}[.]{1}\d{4}[;]{1}\d{2}[:]{1}\d{2}[:]{1}\d{2}
^\w{9}[;]{1}\d{2}[.]{1}\d{2}[.]{1}\d{4}[;]{1}\d{2}[:]{1}\d{2}[:]{1}\d{2}
^\b{9}[;]{1}\d{2}[.]{1}\d{2}[.]{1}\d{4}[;]{1}\d{2}[:]{1}\d{2}[:]{1}\d{2}
^\w{27}

janv. 14, 2018 9:49:19 PM ui.UILog log
INFOS: APP_CONFIG0003 4 QR Code pattern for project DUCATI successfully loaded.
janv. 14, 2018 9:49:19 PM ui.UILog log
INFOS: FROM ConfigBarcode cb WHERE cb.keyWord = :keyWord AND cb.harness_type = :harnessType ORDER BY id ASC
janv. 14, 2018 9:49:19 PM ui.UILog log
INFOS: ^\b{9}

janv. 14, 2018 9:49:19 PM ui.UILog log
INFOS: APP_CONFIG0004 3 part number patterns for project DUCATI successfully loaded.
janv. 14, 2018 9:49:40 PM ui.UILog log
INFOS: File 2018_01_14.log already exists.

janv. 14, 2018 9:49:40 PM ui.UILog log
INFOS: Print directory [.\print\2018_01_14] already exist!
Print sub directory [.\print\2018_01_14.\open_sheet] already exist!
Print sub directory [.\print\2018_01_14.\closing_sheet] already exist!
Print sub directory [.\print\2018_01_14.\picking_label] already exist!
Print sub directory [.\print\2018_01_14.\dispatch_label] already exist!

janv. 14, 2018 9:49:43 PM ui.UILog log
INFOS: User EZZIOURI OUSSAMA / * connected to host Oussama-PC at 2018-01-14 21:49:43 Project : DUCATI.
janv. 14, 2018 9:49:43 PM ui.UILog log
INFOS: APP_CONFIG0002   :   Chargement de la liste des formats QR dans la variable DATAMATRIX_PATTERN_LIST ...
janv. 14, 2018 9:49:43 PM ui.UILog log
INFOS: FROM ConfigBarcode cb WHERE cb.keyWord = :keyWord AND cb.harness_type = :harnessType ORDER BY id ASC
janv. 14, 2018 9:49:43 PM ui.UILog log
INFOS: ^[P]{1}\w{9}[;]{1}\d{2}[.]{1}\d{2}[.]{1}\d{4}[;]{1}\d{2}[:]{1}\d{2}[:]{1}\d{2}
^\w{9}[;]{1}\d{2}[.]{1}\d{2}[.]{1}\d{4}[;]{1}\d{2}[:]{1}\d{2}[:]{1}\d{2}
^\b{9}[;]{1}\d{2}[.]{1}\d{2}[.]{1}\d{4}[;]{1}\d{2}[:]{1}\d{2}[:]{1}\d{2}
^\w{27}

janv. 14, 2018 9:49:43 PM ui.UILog log
INFOS: APP_CONFIG0003 4 QR Code pattern for project DUCATI successfully loaded.
janv. 14, 2018 9:49:43 PM ui.UILog log
INFOS: FROM ConfigBarcode cb WHERE cb.keyWord = :keyWord AND cb.harness_type = :harnessType ORDER BY id ASC
janv. 14, 2018 9:49:43 PM ui.UILog log
INFOS: ^[P]\w{9}
^\w{9}
^\b{9}

janv. 14, 2018 9:49:43 PM ui.UILog log
INFOS: APP_CONFIG0004 3 part number patterns for project DUCATI successfully loaded.
janv. 14, 2018 9:51:55 PM ui.UILog log
INFOS: File 2018_01_14.log already exists.

janv. 14, 2018 9:51:55 PM ui.UILog log
INFOS: Print directory [.\print\2018_01_14] already exist!
Print sub directory [.\print\2018_01_14.\open_sheet] already exist!
Print sub directory [.\print\2018_01_14.\closing_sheet] already exist!
Print sub directory [.\print\2018_01_14.\picking_label] already exist!
Print sub directory [.\print\2018_01_14.\dispatch_label] already exist!

janv. 14, 2018 9:51:58 PM ui.UILog log
INFOS: User EZZIOURI OUSSAMA / * connected to host Oussama-PC at 2018-01-14 21:51:58 Project : DUCATI.
janv. 14, 2018 9:51:58 PM ui.UILog log
INFOS: APP_CONFIG0002   :   Chargement de la liste des formats QR dans la variable DATAMATRIX_PATTERN_LIST ...
janv. 14, 2018 9:51:58 PM ui.UILog log
INFOS: FROM ConfigBarcode cb WHERE cb.keyWord = :keyWord AND cb.harness_type = :harnessType ORDER BY id ASC
janv. 14, 2018 9:51:58 PM ui.UILog log
INFOS: ^[P]{1}\w{9}[;]{1}\d{2}[.]{1}\d{2}[.]{1}\d{4}[;]{1}\d{2}[:]{1}\d{2}[:]{1}\d{2}
^\w{9}[;]{1}\d{2}[.]{1}\d{2}[.]{1}\d{4}[;]{1}\d{2}[:]{1}\d{2}[:]{1}\d{2}
^\b{9}[;]{1}\d{2}[.]{1}\d{2}[.]{1}\d{4}[;]{1}\d{2}[:]{1}\d{2}[:]{1}\d{2}
^\w{27}

janv. 14, 2018 9:51:58 PM ui.UILog log
INFOS: APP_CONFIG0003 4 QR Code pattern for project DUCATI successfully loaded.
janv. 14, 2018 9:51:58 PM ui.UILog log
INFOS: FROM ConfigBarcode cb WHERE cb.keyWord = :keyWord AND cb.harness_type = :harnessType ORDER BY id ASC
janv. 14, 2018 9:51:58 PM ui.UILog log
INFOS: ^[P]\w{9}
^\w{9}
^\b{9}

janv. 14, 2018 9:51:58 PM ui.UILog log
INFOS: APP_CONFIG0004 3 part number patterns for project DUCATI successfully loaded.
janv. 14, 2018 9:53:04 PM ui.UILog log
INFOS: File 2018_01_14.log already exists.

janv. 14, 2018 9:53:04 PM ui.UILog log
INFOS: Print directory [.\print\2018_01_14] already exist!
Print sub directory [.\print\2018_01_14.\open_sheet] already exist!
Print sub directory [.\print\2018_01_14.\closing_sheet] already exist!
Print sub directory [.\print\2018_01_14.\picking_label] already exist!
Print sub directory [.\print\2018_01_14.\dispatch_label] already exist!

janv. 14, 2018 9:53:08 PM ui.UILog log
INFOS: User EZZIOURI OUSSAMA / * connected to host Oussama-PC at 2018-01-14 21:53:08 Project : DUCATI.
janv. 14, 2018 9:53:08 PM ui.UILog log
INFOS: APP_CONFIG0002   :   Chargement de la liste des formats QR dans la variable DATAMATRIX_PATTERN_LIST ...
janv. 14, 2018 9:53:08 PM ui.UILog log
INFOS: FROM ConfigBarcode cb WHERE cb.keyWord = :keyWord AND cb.harness_type = :harnessType ORDER BY id ASC
janv. 14, 2018 9:53:08 PM ui.UILog log
INFOS: ^[P]{1}\w{9}[;]{1}\d{2}[.]{1}\d{2}[.]{1}\d{4}[;]{1}\d{2}[:]{1}\d{2}[:]{1}\d{2}
^\w{9}[;]{1}\d{2}[.]{1}\d{2}[.]{1}\d{4}[;]{1}\d{2}[:]{1}\d{2}[:]{1}\d{2}
^\b{9}[;]{1}\d{2}[.]{1}\d{2}[.]{1}\d{4}[;]{1}\d{2}[:]{1}\d{2}[:]{1}\d{2}
^\w{27}

janv. 14, 2018 9:53:08 PM ui.UILog log
INFOS: APP_CONFIG0003 4 QR Code pattern for project DUCATI successfully loaded.
janv. 14, 2018 9:53:08 PM ui.UILog log
INFOS: FROM ConfigBarcode cb WHERE cb.keyWord = :keyWord AND cb.harness_type = :harnessType ORDER BY id ASC
janv. 14, 2018 9:53:08 PM ui.UILog log
INFOS: ^[P]\w{9}
^\w{9}
^\b{9}

janv. 14, 2018 9:53:08 PM ui.UILog log
INFOS: APP_CONFIG0004 3 part number patterns for project DUCATI successfully loaded.
janv. 14, 2018 9:55:22 PM ui.UILog log
INFOS: File 2018_01_14.log already exists.

janv. 14, 2018 9:55:22 PM ui.UILog log
INFOS: Print directory [.\print\2018_01_14] already exist!
Print sub directory [.\print\2018_01_14.\open_sheet] already exist!
Print sub directory [.\print\2018_01_14.\closing_sheet] already exist!
Print sub directory [.\print\2018_01_14.\picking_label] already exist!
Print sub directory [.\print\2018_01_14.\dispatch_label] already exist!

janv. 14, 2018 9:55:29 PM ui.UILog log
INFOS: User EZZIOURI OUSSAMA / * connected to host Oussama-PC at 2018-01-14 21:55:29 Project : DUCATI.
janv. 14, 2018 9:55:29 PM ui.UILog log
INFOS: APP_CONFIG0002   :   Chargement de la liste des formats QR dans la variable DATAMATRIX_PATTERN_LIST ...
janv. 14, 2018 9:55:29 PM ui.UILog log
INFOS: FROM ConfigBarcode cb WHERE cb.keyWord = :keyWord AND cb.harness_type = :harnessType ORDER BY id ASC
janv. 14, 2018 9:55:29 PM ui.UILog log
INFOS: ^[P]{1}\w{9}[;]{1}\d{2}[.]{1}\d{2}[.]{1}\d{4}[;]{1}\d{2}[:]{1}\d{2}[:]{1}\d{2}
^\w{9}[;]{1}\d{2}[.]{1}\d{2}[.]{1}\d{4}[;]{1}\d{2}[:]{1}\d{2}[:]{1}\d{2}
^\b{9}[;]{1}\d{2}[.]{1}\d{2}[.]{1}\d{4}[;]{1}\d{2}[:]{1}\d{2}[:]{1}\d{2}
^\w{27}

janv. 14, 2018 9:55:29 PM ui.UILog log
INFOS: APP_CONFIG0003   :   4 formats possible du QR pour le projet DUCATI ont été chargés avec succès !
janv. 14, 2018 9:55:29 PM ui.UILog log
INFOS: FROM ConfigBarcode cb WHERE cb.keyWord = :keyWord AND cb.harness_type = :harnessType ORDER BY id ASC
janv. 14, 2018 9:55:29 PM ui.UILog log
INFOS: ^[P]\w{9}
^\w{9}
^\b{9}

janv. 14, 2018 9:55:29 PM ui.UILog log
INFOS: APP_CONFIG0004   :   3 formats de référence possibles pour le projet DUCATI ont été chargés avec succès.
janv. 14, 2018 10:11:08 PM ui.UILog log
INFOS: File 2018_01_14.log already exists.

janv. 14, 2018 10:11:08 PM ui.UILog log
INFOS: Print directory [.\print\2018_01_14] already exist!
Print sub directory [.\print\2018_01_14.\open_sheet] already exist!
Print sub directory [.\print\2018_01_14.\closing_sheet] already exist!
Print sub directory [.\print\2018_01_14.\picking_label] already exist!
Print sub directory [.\print\2018_01_14.\dispatch_label] already exist!

janv. 14, 2018 10:11:11 PM ui.UILog log
INFOS: User EZZIOURI OUSSAMA / * connected to host Oussama-PC at 2018-01-14 22:11:11 Project : DUCATI.
janv. 14, 2018 10:11:11 PM ui.UILog log
INFOS: APP_CONFIG0002   :   Chargement de la liste des formats QR dans la variable DATAMATRIX_PATTERN_LIST ...
janv. 14, 2018 10:11:11 PM ui.UILog log
INFOS: FROM ConfigBarcode cb WHERE cb.keyWord = :keyWord AND cb.harness_type = :harnessType ORDER BY id ASC
janv. 14, 2018 10:11:11 PM ui.UILog log
INFOS: ^[P]{1}\w{9}[;]{1}\d{2}[.]{1}\d{2}[.]{1}\d{4}[;]{1}\d{2}[:]{1}\d{2}[:]{1}\d{2}
^\w{9}[;]{1}\d{2}[.]{1}\d{2}[.]{1}\d{4}[;]{1}\d{2}[:]{1}\d{2}[:]{1}\d{2}
^\b{9}[;]{1}\d{2}[.]{1}\d{2}[.]{1}\d{4}[;]{1}\d{2}[:]{1}\d{2}[:]{1}\d{2}
^\w{27}

janv. 14, 2018 10:11:11 PM ui.UILog log
INFOS: APP_CONFIG0003   :   4 formats possible du QR pour le projet DUCATI ont été chargés avec succès !
janv. 14, 2018 10:11:11 PM ui.UILog log
INFOS: FROM ConfigBarcode cb WHERE cb.keyWord = :keyWord AND cb.harness_type = :harnessType ORDER BY id ASC
janv. 14, 2018 10:11:11 PM ui.UILog log
INFOS: ^[P]\w{9}
^\w{9}
^\b{9}

janv. 14, 2018 10:11:11 PM ui.UILog log
INFOS: APP_CONFIG0004   :   3 formats de référence possibles pour le projet DUCATI ont été chargés avec succès.
janv. 14, 2018 10:11:14 PM ui.UILog log
INFOS: Searching Harness part [{0}] in ConfigUCS: {1}
janv. 14, 2018 10:11:14 PM ui.UILog log
INFOS: APP_INFO0004
janv. 14, 2018 10:18:24 PM ui.UILog log
INFOS: File 2018_01_14.log already exists.

janv. 14, 2018 10:18:24 PM ui.UILog log
INFOS: Print directory [.\print\2018_01_14] already exist!
Print sub directory [.\print\2018_01_14.\open_sheet] already exist!
Print sub directory [.\print\2018_01_14.\closing_sheet] already exist!
Print sub directory [.\print\2018_01_14.\picking_label] already exist!
Print sub directory [.\print\2018_01_14.\dispatch_label] already exist!

janv. 14, 2018 10:19:29 PM ui.UILog log
GRAVE: APP_ERR0004 :   Matricule invalide ou compte vérrouillé !
janv. 14, 2018 10:19:31 PM ui.UILog log
GRAVE: APP_ERR0004 :   Matricule invalide ou compte vérrouillé !
janv. 14, 2018 10:20:52 PM ui.UILog log
INFOS: File 2018_01_14.log already exists.

janv. 14, 2018 10:20:52 PM ui.UILog log
INFOS: Print directory [.\print\2018_01_14] already exist!
Print sub directory [.\print\2018_01_14.\open_sheet] already exist!
Print sub directory [.\print\2018_01_14.\closing_sheet] already exist!
Print sub directory [.\print\2018_01_14.\picking_label] already exist!
Print sub directory [.\print\2018_01_14.\dispatch_label] already exist!

janv. 14, 2018 10:20:58 PM ui.UILog log
GRAVE: APP_ERR0004 :   Matricule invalide ou compte vérrouillé !
janv. 14, 2018 10:21:00 PM ui.UILog log
INFOS: User EZZIOURI OUSSAMA / * connected to host Oussama-PC at 2018-01-14 22:21:00 Project : DUCATI.
janv. 14, 2018 10:21:00 PM ui.UILog log
INFOS: APP_CONFIG0002   :   Chargement de la liste des formats QR dans la variable DATAMATRIX_PATTERN_LIST ...
janv. 14, 2018 10:21:00 PM ui.UILog log
INFOS: FROM ConfigBarcode cb WHERE cb.keyWord = :keyWord AND cb.harness_type = :harnessType ORDER BY id ASC
janv. 14, 2018 10:21:00 PM ui.UILog log
INFOS: ^[P]{1}\w{9}[;]{1}\d{2}[.]{1}\d{2}[.]{1}\d{4}[;]{1}\d{2}[:]{1}\d{2}[:]{1}\d{2}
^\w{9}[;]{1}\d{2}[.]{1}\d{2}[.]{1}\d{4}[;]{1}\d{2}[:]{1}\d{2}[:]{1}\d{2}
^\b{9}[;]{1}\d{2}[.]{1}\d{2}[.]{1}\d{4}[;]{1}\d{2}[:]{1}\d{2}[:]{1}\d{2}
^\w{27}

janv. 14, 2018 10:21:00 PM ui.UILog log
INFOS: APP_CONFIG0003   :   4 formats possible du QR pour le projet DUCATI ont été chargés avec succès !
janv. 14, 2018 10:21:00 PM ui.UILog log
INFOS: FROM ConfigBarcode cb WHERE cb.keyWord = :keyWord AND cb.harness_type = :harnessType ORDER BY id ASC
janv. 14, 2018 10:21:00 PM ui.UILog log
INFOS: ^[P]\w{9}
^\w{9}
^\b{9}

janv. 14, 2018 10:21:00 PM ui.UILog log
INFOS: APP_CONFIG0004   :   3 formats de référence possibles pour le projet DUCATI ont été chargés avec succès.
janv. 14, 2018 10:21:05 PM ui.UILog log
INFOS: Searching Harness part [5101C861D] in ConfigUCS: [DUCATI]
janv. 14, 2018 10:21:05 PM ui.UILog log
INFOS: APP_INFO0004
janv. 14, 2018 10:46:22 PM ui.UILog log
INFOS: File 2018_01_14.log already exists.

janv. 14, 2018 10:46:22 PM ui.UILog log
INFOS: Print directory [.\print\2018_01_14] already exist!
Print sub directory [.\print\2018_01_14.\open_sheet] already exist!
Print sub directory [.\print\2018_01_14.\closing_sheet] already exist!
Print sub directory [.\print\2018_01_14.\picking_label] already exist!
Print sub directory [.\print\2018_01_14.\dispatch_label] already exist!

janv. 14, 2018 10:46:27 PM ui.UILog log
INFOS: User EZZIOURI OUSSAMA / * connected to host Oussama-PC at 2018-01-14 22:46:27 Project : DUCATI.
janv. 14, 2018 10:46:27 PM ui.UILog log
INFOS: APP_CONFIG0002   :   Chargement de la liste des formats QR dans la variable DATAMATRIX_PATTERN_LIST ...
janv. 14, 2018 10:46:27 PM ui.UILog log
INFOS: FROM ConfigBarcode cb WHERE cb.keyWord = :keyWord AND cb.harness_type = :harnessType ORDER BY id ASC
janv. 14, 2018 10:46:27 PM ui.UILog log
INFOS: ^[P]{1}\w{9}[;]{1}\d{2}[.]{1}\d{2}[.]{1}\d{4}[;]{1}\d{2}[:]{1}\d{2}[:]{1}\d{2}
^\w{9}[;]{1}\d{2}[.]{1}\d{2}[.]{1}\d{4}[;]{1}\d{2}[:]{1}\d{2}[:]{1}\d{2}
^\b{9}[;]{1}\d{2}[.]{1}\d{2}[.]{1}\d{4}[;]{1}\d{2}[:]{1}\d{2}[:]{1}\d{2}
^\w{27}

janv. 14, 2018 10:46:27 PM ui.UILog log
INFOS: APP_CONFIG0003   :   4 formats possible du QR pour le projet DUCATI ont été chargés avec succès !
janv. 14, 2018 10:46:27 PM ui.UILog log
INFOS: FROM ConfigBarcode cb WHERE cb.keyWord = :keyWord AND cb.harness_type = :harnessType ORDER BY id ASC
janv. 14, 2018 10:46:27 PM ui.UILog log
INFOS: ^[P]\w{9}
^\w{9}
^\b{9}

janv. 14, 2018 10:46:27 PM ui.UILog log
INFOS: APP_CONFIG0004   :   3 formats de référence possibles pour le projet DUCATI ont été chargés avec succès.
janv. 14, 2018 10:46:33 PM ui.UILog log
INFOS: Searching Harness part [5101C861X] in ConfigUCS: [DUCATI]
janv. 14, 2018 10:46:33 PM ui.UILog log
INFOS: APP_ERR0005
janv. 14, 2018 10:46:33 PM ui.UILog log
GRAVE: APP_ERR0007 : Harness part [5101C861X] Not found in the database [DUCATI].
janv. 14, 2018 10:49:44 PM ui.UILog log
INFOS: File 2018_01_14.log already exists.

janv. 14, 2018 10:49:44 PM ui.UILog log
INFOS: Print directory [.\print\2018_01_14] already exist!
Print sub directory [.\print\2018_01_14.\open_sheet] already exist!
Print sub directory [.\print\2018_01_14.\closing_sheet] already exist!
Print sub directory [.\print\2018_01_14.\picking_label] already exist!
Print sub directory [.\print\2018_01_14.\dispatch_label] already exist!

janv. 14, 2018 10:49:48 PM ui.UILog log
INFOS: User EZZIOURI OUSSAMA / * connected to host Oussama-PC at 2018-01-14 22:49:48 Project : DUCATI.
janv. 14, 2018 10:49:48 PM ui.UILog log
INFOS: APP_CONFIG0002   :   Chargement de la liste des formats QR dans la variable DATAMATRIX_PATTERN_LIST ...
janv. 14, 2018 10:49:48 PM ui.UILog log
INFOS: FROM ConfigBarcode cb WHERE cb.keyWord = :keyWord AND cb.harness_type = :harnessType ORDER BY id ASC
janv. 14, 2018 10:49:48 PM ui.UILog log
INFOS: ^[P]{1}\w{9}[;]{1}\d{2}[.]{1}\d{2}[.]{1}\d{4}[;]{1}\d{2}[:]{1}\d{2}[:]{1}\d{2}
^\w{9}[;]{1}\d{2}[.]{1}\d{2}[.]{1}\d{4}[;]{1}\d{2}[:]{1}\d{2}[:]{1}\d{2}
^\b{9}[;]{1}\d{2}[.]{1}\d{2}[.]{1}\d{4}[;]{1}\d{2}[:]{1}\d{2}[:]{1}\d{2}
^\w{27}

janv. 14, 2018 10:49:48 PM ui.UILog log
INFOS: APP_CONFIG0003   :   4 formats possible du QR pour le projet DUCATI ont été chargés avec succès !
janv. 14, 2018 10:49:48 PM ui.UILog log
INFOS: FROM ConfigBarcode cb WHERE cb.keyWord = :keyWord AND cb.harness_type = :harnessType ORDER BY id ASC
janv. 14, 2018 10:49:48 PM ui.UILog log
INFOS: ^[P]\w{9}
^\w{9}
^\b{9}

janv. 14, 2018 10:49:48 PM ui.UILog log
INFOS: APP_CONFIG0004   :   3 formats de référence possibles pour le projet DUCATI ont été chargés avec succès.
janv. 14, 2018 10:49:52 PM ui.UILog log
GRAVE: APP_ERR0006 : Invalid part number scanned [5101C861Dqs] !.
janv. 14, 2018 10:49:52 PM ui.UILog log
GRAVE: APP_ERR0006 : Invalid part number scanned [5101C861Dqs] !.
janv. 14, 2018 10:49:57 PM ui.UILog log
INFOS: Searching Harness part [5101C861F] in ConfigUCS: [DUCATI]
janv. 14, 2018 10:49:57 PM ui.UILog log
INFOS: APP_ERR0005
janv. 14, 2018 10:49:57 PM ui.UILog log
GRAVE: APP_ERR0007 : Part number [5101C861F] Not found in the database [DUCATI].
janv. 14, 2018 10:50:02 PM ui.UILog log
INFOS: Searching Harness part [5101C861D] in ConfigUCS: [DUCATI]
janv. 14, 2018 10:50:02 PM ui.UILog log
INFOS: APP_INFO0004
janv. 14, 2018 10:50:02 PM ui.UILog log
INFOS: Harness Part scanned [5101C861D] OK.
