déc. 22, 2016 11:41:29 AM helper.Helper InitDailyDestPrintDir
INFOS: Print directory [.\print\2016_12_22] is created!
Print sub directory [.\print\2016_12_22.\open_sheet] is created!
Print sub directory [.\print\2016_12_22.\closing_sheet] is created!
Print sub directory [.\print\2016_12_22.\picking_label] is created!
Print sub directory [.\print\2016_12_22.\dispatch_label] is created!

déc. 22, 2016 11:41:43 AM gui.packaging.PACKAGING_UI0001_Main loadBarcodeConfig
INFOS: FROM ConfigBarcode cb WHERE cb.keyWord = :keyWord ORDER BY id ASC
déc. 22, 2016 11:41:43 AM entity.ConfigProject select
INFOS: FROM ConfigProject bp ORDER BY harnessType ASC
déc. 22, 2016 11:41:43 AM entity.ConfigProject select
INFOS: FROM ConfigProject bp ORDER BY harnessType ASC
déc. 22, 2016 11:42:44 AM entity.ConfigSegment select
INFOS: FROM ConfigSegment bp ORDER BY segment ASC
déc. 22, 2016 11:42:44 AM entity.ConfigSegment select
INFOS: FROM ConfigSegment bp ORDER BY segment ASC
déc. 22, 2016 11:42:44 AM entity.ConfigWorkplace select
INFOS: FROM ConfigWorkplace bp ORDER BY workplace ASC
déc. 22, 2016 11:43:12 AM entity.ConfigSegment select
INFOS: FROM ConfigSegment bp ORDER BY segment ASC
déc. 22, 2016 11:43:12 AM entity.ConfigWorkplace select
INFOS: FROM ConfigWorkplace bp ORDER BY workplace ASC
déc. 22, 2016 11:43:17 AM entity.ConfigSegment select
INFOS: FROM ConfigSegment bp ORDER BY segment ASC
déc. 22, 2016 11:43:17 AM entity.ConfigWorkplace select
INFOS: FROM ConfigWorkplace bp ORDER BY workplace ASC
déc. 22, 2016 11:43:20 AM entity.ConfigSegment select
INFOS: FROM ConfigSegment bp ORDER BY segment ASC
déc. 22, 2016 11:43:20 AM entity.ConfigWorkplace select
INFOS: FROM ConfigWorkplace bp ORDER BY workplace ASC
déc. 22, 2016 11:43:20 AM entity.ConfigSegment select
INFOS: FROM ConfigSegment bp ORDER BY segment ASC
déc. 22, 2016 11:43:20 AM entity.ConfigWorkplace select
INFOS: FROM ConfigWorkplace bp ORDER BY workplace ASC
déc. 22, 2016 11:43:21 AM entity.ConfigSegment select
INFOS: FROM ConfigSegment bp ORDER BY segment ASC
déc. 22, 2016 11:43:21 AM entity.ConfigWorkplace select
INFOS: FROM ConfigWorkplace bp ORDER BY workplace ASC
déc. 22, 2016 11:43:21 AM entity.ConfigSegment select
INFOS: FROM ConfigSegment bp ORDER BY segment ASC
déc. 22, 2016 11:43:21 AM entity.ConfigWorkplace select
INFOS: FROM ConfigWorkplace bp ORDER BY workplace ASC
déc. 22, 2016 12:07:07 PM entity.ConfigProject select
INFOS: FROM ConfigProject bp ORDER BY harnessType ASC
déc. 22, 2016 12:31:40 PM helper.Helper InitDailyDestPrintDir
INFOS: Print directory [.\print\2016_12_22] already exist!
Print sub directory [.\print\2016_12_22.\open_sheet] already exist!
Print sub directory [.\print\2016_12_22.\closing_sheet] already exist!
Print sub directory [.\print\2016_12_22.\picking_label] already exist!
Print sub directory [.\print\2016_12_22.\dispatch_label] already exist!

déc. 22, 2016 12:31:42 PM gui.packaging.PACKAGING_UI0001_Main loadBarcodeConfig
INFOS: FROM ConfigBarcode cb WHERE cb.keyWord = :keyWord ORDER BY id ASC
déc. 22, 2016 12:31:42 PM entity.ConfigProject select
INFOS: FROM ConfigProject bp ORDER BY harnessType ASC
déc. 22, 2016 12:31:42 PM entity.ConfigProject select
INFOS: FROM ConfigProject bp ORDER BY harnessType ASC
déc. 22, 2016 12:31:58 PM entity.ConfigProject select
INFOS: FROM ConfigProject bp ORDER BY harnessType ASC
déc. 22, 2016 12:33:13 PM helper.Helper InitDailyDestPrintDir
INFOS: Print directory [.\print\2016_12_22] already exist!
Print sub directory [.\print\2016_12_22.\open_sheet] already exist!
Print sub directory [.\print\2016_12_22.\closing_sheet] already exist!
Print sub directory [.\print\2016_12_22.\picking_label] already exist!
Print sub directory [.\print\2016_12_22.\dispatch_label] already exist!

déc. 22, 2016 12:33:16 PM gui.packaging.PACKAGING_UI0001_Main loadBarcodeConfig
INFOS: FROM ConfigBarcode cb WHERE cb.keyWord = :keyWord ORDER BY id ASC
déc. 22, 2016 12:33:16 PM entity.ConfigProject select
INFOS: FROM ConfigProject bp ORDER BY harnessType ASC
déc. 22, 2016 12:33:16 PM entity.ConfigProject select
INFOS: FROM ConfigProject bp ORDER BY harnessType ASC
déc. 22, 2016 12:33:19 PM entity.ConfigProject select
INFOS: FROM ConfigProject bp ORDER BY harnessType ASC
déc. 22, 2016 12:36:15 PM helper.Helper InitDailyDestPrintDir
INFOS: Print directory [.\print\2016_12_22] already exist!
Print sub directory [.\print\2016_12_22.\open_sheet] already exist!
Print sub directory [.\print\2016_12_22.\closing_sheet] already exist!
Print sub directory [.\print\2016_12_22.\picking_label] already exist!
Print sub directory [.\print\2016_12_22.\dispatch_label] already exist!

déc. 22, 2016 12:36:17 PM gui.packaging.PACKAGING_UI0001_Main loadBarcodeConfig
INFOS: FROM ConfigBarcode cb WHERE cb.keyWord = :keyWord ORDER BY id ASC
déc. 22, 2016 12:36:18 PM entity.ConfigProject select
INFOS: FROM ConfigProject bp ORDER BY harnessType ASC
déc. 22, 2016 12:36:18 PM entity.ConfigProject select
INFOS: FROM ConfigProject bp ORDER BY harnessType ASC
déc. 22, 2016 12:36:20 PM entity.ConfigProject select
INFOS: FROM ConfigProject bp ORDER BY harnessType ASC
déc. 22, 2016 12:40:38 PM entity.ConfigSegment select
INFOS: FROM ConfigSegment bp ORDER BY segment ASC
déc. 22, 2016 12:40:38 PM entity.ConfigSegment select
INFOS: FROM ConfigSegment bp ORDER BY segment ASC
déc. 22, 2016 12:40:38 PM entity.ConfigWorkplace select
INFOS: FROM ConfigWorkplace bp ORDER BY workplace ASC
déc. 22, 2016 12:41:20 PM entity.ConfigSegment select
INFOS: FROM ConfigSegment bp ORDER BY segment ASC
déc. 22, 2016 12:41:20 PM entity.ConfigWorkplace select
INFOS: FROM ConfigWorkplace bp ORDER BY workplace ASC
déc. 22, 2016 12:42:22 PM entity.ConfigProject select
INFOS: FROM ConfigProject bp ORDER BY harnessType ASC
déc. 22, 2016 2:12:45 PM helper.Helper InitDailyDestPrintDir
INFOS: Print directory [.\print\2016_12_22] already exist!
Print sub directory [.\print\2016_12_22.\open_sheet] already exist!
Print sub directory [.\print\2016_12_22.\closing_sheet] already exist!
Print sub directory [.\print\2016_12_22.\picking_label] already exist!
Print sub directory [.\print\2016_12_22.\dispatch_label] already exist!

déc. 22, 2016 2:12:49 PM gui.packaging.PACKAGING_UI0001_Main loadBarcodeConfig
INFOS: FROM ConfigBarcode cb WHERE cb.keyWord = :keyWord ORDER BY id ASC
déc. 22, 2016 2:12:49 PM entity.ConfigProject select
INFOS: FROM ConfigProject bp ORDER BY harnessType ASC
déc. 22, 2016 2:12:49 PM entity.ConfigProject select
INFOS: FROM ConfigProject bp ORDER BY harnessType ASC
déc. 22, 2016 2:12:59 PM entity.ConfigSegment select
INFOS: FROM ConfigSegment bp ORDER BY segment ASC
déc. 22, 2016 2:13:14 PM entity.ConfigWorkplace selectBySegment
INFOS: FROM ConfigWorkplace bp WHERE segment = :segment ORDER BY workplace ASC
déc. 22, 2016 2:13:14 PM entity.ConfigWorkplace selectBySegment
INFOS: FROM ConfigWorkplace bp WHERE segment = :segment ORDER BY workplace ASC
déc. 22, 2016 2:13:14 PM entity.ConfigWorkplace selectBySegment
INFOS: FROM ConfigWorkplace bp WHERE segment = :segment ORDER BY workplace ASC
déc. 22, 2016 2:13:14 PM entity.ConfigWorkplace selectBySegment
INFOS: FROM ConfigWorkplace bp WHERE segment = :segment ORDER BY workplace ASC
déc. 22, 2016 2:13:14 PM entity.ConfigWorkplace selectBySegment
INFOS: FROM ConfigWorkplace bp WHERE segment = :segment ORDER BY workplace ASC
déc. 22, 2016 2:13:14 PM entity.ConfigWorkplace selectBySegment
INFOS: FROM ConfigWorkplace bp WHERE segment = :segment ORDER BY workplace ASC
déc. 22, 2016 2:16:45 PM helper.Helper InitDailyDestPrintDir
INFOS: Print directory [.\print\2016_12_22] already exist!
Print sub directory [.\print\2016_12_22.\open_sheet] already exist!
Print sub directory [.\print\2016_12_22.\closing_sheet] already exist!
Print sub directory [.\print\2016_12_22.\picking_label] already exist!
Print sub directory [.\print\2016_12_22.\dispatch_label] already exist!

déc. 22, 2016 2:16:46 PM gui.packaging.PACKAGING_UI0001_Main loadBarcodeConfig
INFOS: FROM ConfigBarcode cb WHERE cb.keyWord = :keyWord ORDER BY id ASC
déc. 22, 2016 2:16:46 PM entity.ConfigProject select
INFOS: FROM ConfigProject bp ORDER BY harnessType ASC
déc. 22, 2016 2:16:46 PM entity.ConfigProject select
INFOS: FROM ConfigProject bp ORDER BY harnessType ASC
déc. 22, 2016 2:16:49 PM entity.ConfigSegment select
INFOS: FROM ConfigSegment bp ORDER BY segment ASC
déc. 22, 2016 2:16:56 PM entity.ConfigWorkplace selectBySegment
INFOS: FROM ConfigWorkplace bp WHERE segment = :segment ORDER BY workplace ASC
déc. 22, 2016 2:16:56 PM entity.ConfigWorkplace selectBySegment
INFOS: FROM ConfigWorkplace bp WHERE segment = :segment ORDER BY workplace ASC
déc. 22, 2016 2:16:56 PM entity.ConfigWorkplace selectBySegment
INFOS: FROM ConfigWorkplace bp WHERE segment = :segment ORDER BY workplace ASC
déc. 22, 2016 2:16:56 PM entity.ConfigWorkplace selectBySegment
INFOS: FROM ConfigWorkplace bp WHERE segment = :segment ORDER BY workplace ASC
déc. 22, 2016 2:16:56 PM entity.ConfigWorkplace selectBySegment
INFOS: FROM ConfigWorkplace bp WHERE segment = :segment ORDER BY workplace ASC
déc. 22, 2016 2:16:56 PM entity.ConfigWorkplace selectBySegment
INFOS: FROM ConfigWorkplace bp WHERE segment = :segment ORDER BY workplace ASC
déc. 22, 2016 2:16:58 PM entity.ConfigWorkplace selectBySegment
INFOS: FROM ConfigWorkplace bp WHERE segment = :segment ORDER BY workplace ASC
déc. 22, 2016 2:16:58 PM entity.ConfigWorkplace selectBySegment
INFOS: FROM ConfigWorkplace bp WHERE segment = :segment ORDER BY workplace ASC
déc. 22, 2016 2:16:58 PM entity.ConfigWorkplace selectBySegment
INFOS: FROM ConfigWorkplace bp WHERE segment = :segment ORDER BY workplace ASC
déc. 22, 2016 2:16:58 PM entity.ConfigWorkplace selectBySegment
INFOS: FROM ConfigWorkplace bp WHERE segment = :segment ORDER BY workplace ASC
déc. 22, 2016 2:16:59 PM entity.ConfigWorkplace selectBySegment
INFOS: FROM ConfigWorkplace bp WHERE segment = :segment ORDER BY workplace ASC
déc. 22, 2016 2:16:59 PM entity.ConfigWorkplace selectBySegment
INFOS: FROM ConfigWorkplace bp WHERE segment = :segment ORDER BY workplace ASC
déc. 22, 2016 2:17:03 PM entity.ConfigWorkplace selectBySegment
INFOS: FROM ConfigWorkplace bp WHERE segment = :segment ORDER BY workplace ASC
déc. 22, 2016 2:17:04 PM entity.ConfigWorkplace selectBySegment
INFOS: FROM ConfigWorkplace bp WHERE segment = :segment ORDER BY workplace ASC
déc. 22, 2016 2:17:51 PM helper.Helper InitDailyDestPrintDir
INFOS: Print directory [.\print\2016_12_22] already exist!
Print sub directory [.\print\2016_12_22.\open_sheet] already exist!
Print sub directory [.\print\2016_12_22.\closing_sheet] already exist!
Print sub directory [.\print\2016_12_22.\picking_label] already exist!
Print sub directory [.\print\2016_12_22.\dispatch_label] already exist!

déc. 22, 2016 2:17:52 PM gui.packaging.PACKAGING_UI0001_Main loadBarcodeConfig
INFOS: FROM ConfigBarcode cb WHERE cb.keyWord = :keyWord ORDER BY id ASC
déc. 22, 2016 2:17:52 PM entity.ConfigProject select
INFOS: FROM ConfigProject bp ORDER BY harnessType ASC
déc. 22, 2016 2:17:52 PM entity.ConfigProject select
INFOS: FROM ConfigProject bp ORDER BY harnessType ASC
déc. 22, 2016 2:17:58 PM entity.ConfigSegment select
INFOS: FROM ConfigSegment bp ORDER BY segment ASC
déc. 22, 2016 2:18:02 PM entity.ConfigSegment select
INFOS: FROM ConfigSegment bp ORDER BY segment ASC
déc. 22, 2016 2:18:02 PM entity.ConfigWorkplace select
INFOS: FROM ConfigWorkplace bp ORDER BY workplace ASC
déc. 22, 2016 2:19:08 PM helper.Helper InitDailyDestPrintDir
INFOS: Print directory [.\print\2016_12_22] already exist!
Print sub directory [.\print\2016_12_22.\open_sheet] already exist!
Print sub directory [.\print\2016_12_22.\closing_sheet] already exist!
Print sub directory [.\print\2016_12_22.\picking_label] already exist!
Print sub directory [.\print\2016_12_22.\dispatch_label] already exist!

déc. 22, 2016 2:19:09 PM gui.packaging.PACKAGING_UI0001_Main loadBarcodeConfig
INFOS: FROM ConfigBarcode cb WHERE cb.keyWord = :keyWord ORDER BY id ASC
déc. 22, 2016 2:19:09 PM entity.ConfigProject select
INFOS: FROM ConfigProject bp ORDER BY harnessType ASC
déc. 22, 2016 2:19:09 PM entity.ConfigProject select
INFOS: FROM ConfigProject bp ORDER BY harnessType ASC
déc. 22, 2016 2:19:11 PM entity.ConfigSegment select
INFOS: FROM ConfigSegment bp ORDER BY segment ASC
déc. 22, 2016 2:19:26 PM entity.ConfigSegment select
INFOS: FROM ConfigSegment bp ORDER BY segment ASC
déc. 22, 2016 2:19:26 PM entity.ConfigWorkplace select
INFOS: FROM ConfigWorkplace bp ORDER BY workplace ASC
déc. 22, 2016 2:19:28 PM entity.ConfigWorkplace selectBySegment
INFOS: FROM ConfigWorkplace bp WHERE segment = :segment ORDER BY workplace ASC
déc. 22, 2016 2:19:28 PM entity.ConfigWorkplace selectBySegment
INFOS: FROM ConfigWorkplace bp WHERE segment = :segment ORDER BY workplace ASC
déc. 22, 2016 2:19:28 PM entity.ConfigWorkplace selectBySegment
INFOS: FROM ConfigWorkplace bp WHERE segment = :segment ORDER BY workplace ASC
déc. 22, 2016 2:19:28 PM entity.ConfigWorkplace selectBySegment
INFOS: FROM ConfigWorkplace bp WHERE segment = :segment ORDER BY workplace ASC
déc. 22, 2016 2:19:28 PM entity.ConfigWorkplace selectBySegment
INFOS: FROM ConfigWorkplace bp WHERE segment = :segment ORDER BY workplace ASC
déc. 22, 2016 2:19:28 PM entity.ConfigWorkplace selectBySegment
INFOS: FROM ConfigWorkplace bp WHERE segment = :segment ORDER BY workplace ASC
déc. 22, 2016 2:19:30 PM entity.ConfigWorkplace selectBySegment
INFOS: FROM ConfigWorkplace bp WHERE segment = :segment ORDER BY workplace ASC
déc. 22, 2016 2:19:30 PM entity.ConfigWorkplace selectBySegment
INFOS: FROM ConfigWorkplace bp WHERE segment = :segment ORDER BY workplace ASC
déc. 22, 2016 2:19:30 PM entity.ConfigWorkplace selectBySegment
INFOS: FROM ConfigWorkplace bp WHERE segment = :segment ORDER BY workplace ASC
déc. 22, 2016 2:19:30 PM entity.ConfigWorkplace selectBySegment
INFOS: FROM ConfigWorkplace bp WHERE segment = :segment ORDER BY workplace ASC
déc. 22, 2016 2:19:30 PM entity.ConfigWorkplace selectBySegment
INFOS: FROM ConfigWorkplace bp WHERE segment = :segment ORDER BY workplace ASC
déc. 22, 2016 2:19:30 PM entity.ConfigWorkplace selectBySegment
INFOS: FROM ConfigWorkplace bp WHERE segment = :segment ORDER BY workplace ASC
déc. 22, 2016 2:20:22 PM helper.Helper InitDailyDestPrintDir
INFOS: Print directory [.\print\2016_12_22] already exist!
Print sub directory [.\print\2016_12_22.\open_sheet] already exist!
Print sub directory [.\print\2016_12_22.\closing_sheet] already exist!
Print sub directory [.\print\2016_12_22.\picking_label] already exist!
Print sub directory [.\print\2016_12_22.\dispatch_label] already exist!

déc. 22, 2016 2:20:23 PM gui.packaging.PACKAGING_UI0001_Main loadBarcodeConfig
INFOS: FROM ConfigBarcode cb WHERE cb.keyWord = :keyWord ORDER BY id ASC
déc. 22, 2016 2:20:23 PM entity.ConfigProject select
INFOS: FROM ConfigProject bp ORDER BY harnessType ASC
déc. 22, 2016 2:20:23 PM entity.ConfigProject select
INFOS: FROM ConfigProject bp ORDER BY harnessType ASC
déc. 22, 2016 2:20:31 PM entity.ConfigSegment select
INFOS: FROM ConfigSegment bp ORDER BY segment ASC
déc. 22, 2016 2:20:36 PM entity.ConfigSegment select
INFOS: FROM ConfigSegment bp ORDER BY segment ASC
déc. 22, 2016 2:20:36 PM entity.ConfigWorkplace select
INFOS: FROM ConfigWorkplace bp ORDER BY workplace ASC
déc. 22, 2016 2:20:38 PM entity.ConfigSegment select
INFOS: FROM ConfigSegment bp ORDER BY segment ASC
déc. 22, 2016 2:20:38 PM entity.ConfigWorkplace select
INFOS: FROM ConfigWorkplace bp ORDER BY workplace ASC
déc. 22, 2016 2:20:38 PM entity.ConfigSegment select
INFOS: FROM ConfigSegment bp ORDER BY segment ASC
déc. 22, 2016 2:20:38 PM entity.ConfigWorkplace select
INFOS: FROM ConfigWorkplace bp ORDER BY workplace ASC
déc. 22, 2016 2:20:40 PM entity.ConfigSegment select
INFOS: FROM ConfigSegment bp ORDER BY segment ASC
déc. 22, 2016 2:20:40 PM entity.ConfigWorkplace select
INFOS: FROM ConfigWorkplace bp ORDER BY workplace ASC
déc. 22, 2016 2:20:40 PM entity.ConfigSegment select
INFOS: FROM ConfigSegment bp ORDER BY segment ASC
déc. 22, 2016 2:20:40 PM entity.ConfigWorkplace select
INFOS: FROM ConfigWorkplace bp ORDER BY workplace ASC
déc. 22, 2016 2:20:41 PM entity.ConfigSegment select
INFOS: FROM ConfigSegment bp ORDER BY segment ASC
déc. 22, 2016 2:20:41 PM entity.ConfigWorkplace select
INFOS: FROM ConfigWorkplace bp ORDER BY workplace ASC
déc. 22, 2016 2:20:41 PM entity.ConfigSegment select
INFOS: FROM ConfigSegment bp ORDER BY segment ASC
déc. 22, 2016 2:20:41 PM entity.ConfigWorkplace select
INFOS: FROM ConfigWorkplace bp ORDER BY workplace ASC
déc. 22, 2016 2:20:48 PM entity.ConfigSegment select
INFOS: FROM ConfigSegment bp ORDER BY segment ASC
déc. 22, 2016 2:20:48 PM entity.ConfigWorkplace select
INFOS: FROM ConfigWorkplace bp ORDER BY workplace ASC
déc. 22, 2016 2:23:36 PM entity.ConfigSegment select
INFOS: FROM ConfigSegment bp ORDER BY segment ASC
déc. 22, 2016 2:23:36 PM entity.ConfigSegment select
INFOS: FROM ConfigSegment bp ORDER BY segment ASC
déc. 22, 2016 2:23:36 PM entity.ConfigWorkplace select
INFOS: FROM ConfigWorkplace bp ORDER BY workplace ASC
déc. 22, 2016 2:24:22 PM helper.Helper InitDailyDestPrintDir
INFOS: Print directory [.\print\2016_12_22] already exist!
Print sub directory [.\print\2016_12_22.\open_sheet] already exist!
Print sub directory [.\print\2016_12_22.\closing_sheet] already exist!
Print sub directory [.\print\2016_12_22.\picking_label] already exist!
Print sub directory [.\print\2016_12_22.\dispatch_label] already exist!

déc. 22, 2016 2:24:23 PM gui.packaging.PACKAGING_UI0001_Main loadBarcodeConfig
INFOS: FROM ConfigBarcode cb WHERE cb.keyWord = :keyWord ORDER BY id ASC
déc. 22, 2016 2:24:23 PM entity.ConfigProject select
INFOS: FROM ConfigProject bp ORDER BY harnessType ASC
déc. 22, 2016 2:24:23 PM entity.ConfigProject select
INFOS: FROM ConfigProject bp ORDER BY harnessType ASC
déc. 22, 2016 2:24:25 PM entity.ConfigSegment select
INFOS: FROM ConfigSegment bp ORDER BY segment ASC
déc. 22, 2016 2:24:25 PM entity.ConfigSegment select
INFOS: FROM ConfigSegment bp ORDER BY segment ASC
déc. 22, 2016 2:24:25 PM entity.ConfigWorkplace select
INFOS: FROM ConfigWorkplace bp ORDER BY workplace ASC
déc. 22, 2016 2:25:20 PM helper.Helper InitDailyDestPrintDir
INFOS: Print directory [.\print\2016_12_22] already exist!
Print sub directory [.\print\2016_12_22.\open_sheet] already exist!
Print sub directory [.\print\2016_12_22.\closing_sheet] already exist!
Print sub directory [.\print\2016_12_22.\picking_label] already exist!
Print sub directory [.\print\2016_12_22.\dispatch_label] already exist!

déc. 22, 2016 2:25:21 PM gui.packaging.PACKAGING_UI0001_Main loadBarcodeConfig
INFOS: FROM ConfigBarcode cb WHERE cb.keyWord = :keyWord ORDER BY id ASC
déc. 22, 2016 2:25:21 PM entity.ConfigProject select
INFOS: FROM ConfigProject bp ORDER BY harnessType ASC
déc. 22, 2016 2:25:21 PM entity.ConfigProject select
INFOS: FROM ConfigProject bp ORDER BY harnessType ASC
déc. 22, 2016 2:25:23 PM entity.ConfigSegment select
INFOS: FROM ConfigSegment bp ORDER BY segment ASC
déc. 22, 2016 2:25:23 PM entity.ConfigSegment select
INFOS: FROM ConfigSegment bp ORDER BY segment ASC
déc. 22, 2016 2:25:23 PM entity.ConfigWorkplace select
INFOS: FROM ConfigWorkplace bp ORDER BY workplace ASC
déc. 22, 2016 2:25:53 PM helper.Helper InitDailyDestPrintDir
INFOS: Print directory [.\print\2016_12_22] already exist!
Print sub directory [.\print\2016_12_22.\open_sheet] already exist!
Print sub directory [.\print\2016_12_22.\closing_sheet] already exist!
Print sub directory [.\print\2016_12_22.\picking_label] already exist!
Print sub directory [.\print\2016_12_22.\dispatch_label] already exist!

déc. 22, 2016 2:25:55 PM gui.packaging.PACKAGING_UI0001_Main loadBarcodeConfig
INFOS: FROM ConfigBarcode cb WHERE cb.keyWord = :keyWord ORDER BY id ASC
déc. 22, 2016 2:25:55 PM entity.ConfigProject select
INFOS: FROM ConfigProject bp ORDER BY harnessType ASC
déc. 22, 2016 2:25:55 PM entity.ConfigProject select
INFOS: FROM ConfigProject bp ORDER BY harnessType ASC
déc. 22, 2016 2:25:56 PM entity.ConfigSegment select
INFOS: FROM ConfigSegment bp ORDER BY segment ASC
déc. 22, 2016 2:25:56 PM entity.ConfigSegment select
INFOS: FROM ConfigSegment bp ORDER BY segment ASC
déc. 22, 2016 2:25:56 PM entity.ConfigWorkplace select
INFOS: FROM ConfigWorkplace bp ORDER BY workplace ASC
déc. 22, 2016 2:27:24 PM helper.Helper InitDailyDestPrintDir
INFOS: Print directory [.\print\2016_12_22] already exist!
Print sub directory [.\print\2016_12_22.\open_sheet] already exist!
Print sub directory [.\print\2016_12_22.\closing_sheet] already exist!
Print sub directory [.\print\2016_12_22.\picking_label] already exist!
Print sub directory [.\print\2016_12_22.\dispatch_label] already exist!

déc. 22, 2016 2:27:25 PM gui.packaging.PACKAGING_UI0001_Main loadBarcodeConfig
INFOS: FROM ConfigBarcode cb WHERE cb.keyWord = :keyWord ORDER BY id ASC
déc. 22, 2016 2:27:25 PM entity.ConfigProject select
INFOS: FROM ConfigProject bp ORDER BY harnessType ASC
déc. 22, 2016 2:27:25 PM entity.ConfigProject select
INFOS: FROM ConfigProject bp ORDER BY harnessType ASC
déc. 22, 2016 2:27:27 PM entity.ConfigSegment select
INFOS: FROM ConfigSegment bp ORDER BY segment ASC
déc. 22, 2016 2:27:27 PM entity.ConfigSegment select
INFOS: FROM ConfigSegment bp ORDER BY segment ASC
déc. 22, 2016 2:27:27 PM entity.ConfigWorkplace select
INFOS: FROM ConfigWorkplace bp ORDER BY workplace ASC
déc. 22, 2016 2:39:23 PM helper.Helper InitDailyDestPrintDir
INFOS: Print directory [.\print\2016_12_22] already exist!
Print sub directory [.\print\2016_12_22.\open_sheet] already exist!
Print sub directory [.\print\2016_12_22.\closing_sheet] already exist!
Print sub directory [.\print\2016_12_22.\picking_label] already exist!
Print sub directory [.\print\2016_12_22.\dispatch_label] already exist!

déc. 22, 2016 2:39:26 PM gui.packaging.PACKAGING_UI0001_Main loadBarcodeConfig
INFOS: FROM ConfigBarcode cb WHERE cb.keyWord = :keyWord ORDER BY id ASC
déc. 22, 2016 2:39:26 PM entity.ConfigProject select
INFOS: FROM ConfigProject bp ORDER BY harnessType ASC
déc. 22, 2016 2:39:26 PM entity.ConfigProject select
INFOS: FROM ConfigProject bp ORDER BY harnessType ASC
déc. 22, 2016 2:39:29 PM entity.ConfigSegment select
INFOS: FROM ConfigSegment bp ORDER BY segment ASC
déc. 22, 2016 2:39:29 PM entity.ConfigSegment select
INFOS: FROM ConfigSegment bp ORDER BY segment ASC
déc. 22, 2016 2:39:29 PM entity.ConfigWorkplace select
INFOS: FROM ConfigWorkplace bp ORDER BY workplace ASC
déc. 22, 2016 2:39:42 PM entity.ConfigSegment select
INFOS: FROM ConfigSegment bp ORDER BY segment ASC
déc. 22, 2016 2:39:42 PM entity.ConfigWorkplace select
INFOS: FROM ConfigWorkplace bp ORDER BY workplace ASC
déc. 22, 2016 2:42:07 PM helper.Helper InitDailyDestPrintDir
INFOS: Print directory [.\print\2016_12_22] already exist!
Print sub directory [.\print\2016_12_22.\open_sheet] already exist!
Print sub directory [.\print\2016_12_22.\closing_sheet] already exist!
Print sub directory [.\print\2016_12_22.\picking_label] already exist!
Print sub directory [.\print\2016_12_22.\dispatch_label] already exist!

déc. 22, 2016 2:42:08 PM gui.packaging.PACKAGING_UI0001_Main loadBarcodeConfig
INFOS: FROM ConfigBarcode cb WHERE cb.keyWord = :keyWord ORDER BY id ASC
déc. 22, 2016 2:42:08 PM entity.ConfigProject select
INFOS: FROM ConfigProject bp ORDER BY harnessType ASC
déc. 22, 2016 2:42:08 PM entity.ConfigProject select
INFOS: FROM ConfigProject bp ORDER BY harnessType ASC
déc. 22, 2016 2:42:12 PM entity.ConfigSegment select
INFOS: FROM ConfigSegment bp ORDER BY segment ASC
déc. 22, 2016 2:42:12 PM entity.ConfigSegment select
INFOS: FROM ConfigSegment bp ORDER BY segment ASC
déc. 22, 2016 2:42:12 PM entity.ConfigWorkplace select
INFOS: FROM ConfigWorkplace bp ORDER BY workplace ASC
déc. 22, 2016 2:42:17 PM entity.ConfigSegment select
INFOS: FROM ConfigSegment bp ORDER BY segment ASC
déc. 22, 2016 2:42:17 PM entity.ConfigWorkplace select
INFOS: FROM ConfigWorkplace bp ORDER BY workplace ASC
déc. 22, 2016 3:46:45 PM helper.Helper InitDailyDestPrintDir
INFOS: Print directory [.\print\2016_12_22] already exist!
Print sub directory [.\print\2016_12_22.\open_sheet] already exist!
Print sub directory [.\print\2016_12_22.\closing_sheet] already exist!
Print sub directory [.\print\2016_12_22.\picking_label] already exist!
Print sub directory [.\print\2016_12_22.\dispatch_label] already exist!

déc. 22, 2016 3:46:46 PM gui.packaging.PACKAGING_UI0001_Main loadBarcodeConfig
INFOS: FROM ConfigBarcode cb WHERE cb.keyWord = :keyWord ORDER BY id ASC
déc. 22, 2016 3:46:46 PM entity.ConfigProject select
INFOS: FROM ConfigProject bp ORDER BY harnessType ASC
déc. 22, 2016 3:46:46 PM entity.ConfigProject select
INFOS: FROM ConfigProject bp ORDER BY harnessType ASC
déc. 22, 2016 3:46:48 PM entity.ConfigSegment select
INFOS: FROM ConfigSegment bp ORDER BY segment ASC
déc. 22, 2016 3:46:48 PM entity.ConfigSegment select
INFOS: FROM ConfigSegment bp ORDER BY segment ASC
déc. 22, 2016 3:46:48 PM entity.ConfigWorkplace select
INFOS: FROM ConfigWorkplace bp ORDER BY workplace ASC
déc. 22, 2016 3:46:58 PM entity.ConfigSegment select
INFOS: FROM ConfigSegment bp ORDER BY segment ASC
déc. 22, 2016 3:46:58 PM entity.ConfigWorkplace select
INFOS: FROM ConfigWorkplace bp ORDER BY workplace ASC
déc. 22, 2016 3:47:25 PM entity.ConfigSegment select
INFOS: FROM ConfigSegment bp ORDER BY segment ASC
déc. 22, 2016 3:47:25 PM entity.ConfigWorkplace select
INFOS: FROM ConfigWorkplace bp ORDER BY workplace ASC
déc. 22, 2016 3:47:35 PM entity.ConfigSegment select
INFOS: FROM ConfigSegment bp ORDER BY segment ASC
déc. 22, 2016 3:47:35 PM entity.ConfigWorkplace select
INFOS: FROM ConfigWorkplace bp ORDER BY workplace ASC
déc. 22, 2016 3:47:40 PM entity.ConfigWorkplace selectBySegment
INFOS: FROM ConfigWorkplace bp WHERE segment = :segment ORDER BY workplace ASC
déc. 22, 2016 3:47:40 PM entity.ConfigWorkplace selectBySegment
INFOS: FROM ConfigWorkplace bp WHERE segment = :segment ORDER BY workplace ASC
déc. 22, 2016 3:47:40 PM entity.ConfigWorkplace selectBySegment
INFOS: FROM ConfigWorkplace bp WHERE segment = :segment ORDER BY workplace ASC
déc. 22, 2016 3:47:40 PM entity.ConfigWorkplace selectBySegment
INFOS: FROM ConfigWorkplace bp WHERE segment = :segment ORDER BY workplace ASC
déc. 22, 2016 3:47:40 PM entity.ConfigWorkplace selectBySegment
INFOS: FROM ConfigWorkplace bp WHERE segment = :segment ORDER BY workplace ASC
déc. 22, 2016 3:47:40 PM entity.ConfigWorkplace selectBySegment
INFOS: FROM ConfigWorkplace bp WHERE segment = :segment ORDER BY workplace ASC
déc. 22, 2016 3:47:44 PM entity.ConfigWorkplace selectBySegment
INFOS: FROM ConfigWorkplace bp WHERE segment = :segment ORDER BY workplace ASC
déc. 22, 2016 3:47:44 PM entity.ConfigWorkplace selectBySegment
INFOS: FROM ConfigWorkplace bp WHERE segment = :segment ORDER BY workplace ASC
déc. 22, 2016 3:47:44 PM entity.ConfigWorkplace selectBySegment
INFOS: FROM ConfigWorkplace bp WHERE segment = :segment ORDER BY workplace ASC
déc. 22, 2016 3:47:44 PM entity.ConfigWorkplace selectBySegment
INFOS: FROM ConfigWorkplace bp WHERE segment = :segment ORDER BY workplace ASC
déc. 22, 2016 3:47:45 PM entity.ConfigWorkplace selectBySegment
INFOS: FROM ConfigWorkplace bp WHERE segment = :segment ORDER BY workplace ASC
déc. 22, 2016 3:47:45 PM entity.ConfigWorkplace selectBySegment
INFOS: FROM ConfigWorkplace bp WHERE segment = :segment ORDER BY workplace ASC
déc. 22, 2016 4:12:10 PM helper.Helper InitDailyDestPrintDir
INFOS: Print directory [.\print\2016_12_22] already exist!
Print sub directory [.\print\2016_12_22.\open_sheet] already exist!
Print sub directory [.\print\2016_12_22.\closing_sheet] already exist!
Print sub directory [.\print\2016_12_22.\picking_label] already exist!
Print sub directory [.\print\2016_12_22.\dispatch_label] already exist!

déc. 22, 2016 4:12:11 PM gui.packaging.PACKAGING_UI0001_Main loadBarcodeConfig
INFOS: FROM ConfigBarcode cb WHERE cb.keyWord = :keyWord ORDER BY id ASC
déc. 22, 2016 4:12:11 PM entity.ConfigProject select
INFOS: FROM ConfigProject bp ORDER BY harnessType ASC
déc. 22, 2016 4:12:11 PM entity.ConfigProject select
INFOS: FROM ConfigProject bp ORDER BY harnessType ASC
déc. 22, 2016 4:12:13 PM entity.ConfigSegment select
INFOS: FROM ConfigSegment bp ORDER BY segment ASC
déc. 22, 2016 4:12:13 PM entity.ConfigSegment select
INFOS: FROM ConfigSegment bp ORDER BY segment ASC
déc. 22, 2016 4:12:13 PM entity.ConfigWorkplace select
INFOS: FROM ConfigWorkplace bp ORDER BY workplace ASC
déc. 22, 2016 4:17:40 PM helper.Helper InitDailyDestPrintDir
INFOS: Print directory [.\print\2016_12_22] already exist!
Print sub directory [.\print\2016_12_22.\open_sheet] already exist!
Print sub directory [.\print\2016_12_22.\closing_sheet] already exist!
Print sub directory [.\print\2016_12_22.\picking_label] already exist!
Print sub directory [.\print\2016_12_22.\dispatch_label] already exist!

déc. 22, 2016 4:17:45 PM gui.packaging.PACKAGING_UI0001_Main loadBarcodeConfig
INFOS: FROM ConfigBarcode cb WHERE cb.keyWord = :keyWord ORDER BY id ASC
déc. 22, 2016 4:17:45 PM entity.ConfigProject select
INFOS: FROM ConfigProject bp ORDER BY harnessType ASC
déc. 22, 2016 4:17:45 PM entity.ConfigProject select
INFOS: FROM ConfigProject bp ORDER BY harnessType ASC
déc. 22, 2016 4:17:54 PM entity.ConfigSegment select
INFOS: FROM ConfigSegment bp ORDER BY segment ASC
déc. 22, 2016 4:17:54 PM entity.ConfigSegment select
INFOS: FROM ConfigSegment bp ORDER BY segment ASC
déc. 22, 2016 4:17:54 PM entity.ConfigWorkplace select
INFOS: FROM ConfigWorkplace bp ORDER BY workplace ASC
déc. 22, 2016 4:18:46 PM helper.Helper InitDailyDestPrintDir
INFOS: Print directory [.\print\2016_12_22] already exist!
Print sub directory [.\print\2016_12_22.\open_sheet] already exist!
Print sub directory [.\print\2016_12_22.\closing_sheet] already exist!
Print sub directory [.\print\2016_12_22.\picking_label] already exist!
Print sub directory [.\print\2016_12_22.\dispatch_label] already exist!

déc. 22, 2016 4:18:47 PM gui.packaging.PACKAGING_UI0001_Main loadBarcodeConfig
INFOS: FROM ConfigBarcode cb WHERE cb.keyWord = :keyWord ORDER BY id ASC
déc. 22, 2016 4:18:47 PM entity.ConfigProject select
INFOS: FROM ConfigProject bp ORDER BY harnessType ASC
déc. 22, 2016 4:18:47 PM entity.ConfigProject select
INFOS: FROM ConfigProject bp ORDER BY harnessType ASC
déc. 22, 2016 4:18:48 PM entity.ConfigSegment select
INFOS: FROM ConfigSegment bp ORDER BY segment ASC
déc. 22, 2016 4:18:48 PM entity.ConfigSegment select
INFOS: FROM ConfigSegment bp ORDER BY segment ASC
déc. 22, 2016 4:18:48 PM entity.ConfigWorkplace select
INFOS: FROM ConfigWorkplace bp ORDER BY workplace ASC
déc. 22, 2016 4:19:04 PM entity.ConfigSegment select
INFOS: FROM ConfigSegment bp ORDER BY segment ASC
déc. 22, 2016 4:19:04 PM entity.ConfigWorkplace select
INFOS: FROM ConfigWorkplace bp ORDER BY workplace ASC
déc. 22, 2016 4:19:21 PM entity.ConfigSegment select
INFOS: FROM ConfigSegment bp ORDER BY segment ASC
déc. 22, 2016 4:19:21 PM entity.ConfigWorkplace select
INFOS: FROM ConfigWorkplace bp ORDER BY workplace ASC
déc. 22, 2016 4:19:26 PM entity.ConfigSegment select
INFOS: FROM ConfigSegment bp ORDER BY segment ASC
déc. 22, 2016 4:19:26 PM entity.ConfigWorkplace select
INFOS: FROM ConfigWorkplace bp ORDER BY workplace ASC
déc. 22, 2016 4:19:32 PM entity.ConfigSegment select
INFOS: FROM ConfigSegment bp ORDER BY segment ASC
déc. 22, 2016 4:19:32 PM entity.ConfigWorkplace select
INFOS: FROM ConfigWorkplace bp ORDER BY workplace ASC
déc. 22, 2016 4:19:33 PM entity.ConfigSegment select
INFOS: FROM ConfigSegment bp ORDER BY segment ASC
déc. 22, 2016 4:19:33 PM entity.ConfigWorkplace select
INFOS: FROM ConfigWorkplace bp ORDER BY workplace ASC
déc. 22, 2016 4:19:39 PM entity.ConfigSegment select
INFOS: FROM ConfigSegment bp ORDER BY segment ASC
déc. 22, 2016 4:19:39 PM entity.ConfigWorkplace select
INFOS: FROM ConfigWorkplace bp ORDER BY workplace ASC
déc. 22, 2016 4:19:39 PM entity.ConfigSegment select
INFOS: FROM ConfigSegment bp ORDER BY segment ASC
déc. 22, 2016 4:19:39 PM entity.ConfigWorkplace select
INFOS: FROM ConfigWorkplace bp ORDER BY workplace ASC
déc. 22, 2016 4:19:41 PM entity.ConfigSegment select
INFOS: FROM ConfigSegment bp ORDER BY segment ASC
déc. 22, 2016 4:19:41 PM entity.ConfigWorkplace select
INFOS: FROM ConfigWorkplace bp ORDER BY workplace ASC
déc. 22, 2016 4:19:41 PM entity.ConfigSegment select
INFOS: FROM ConfigSegment bp ORDER BY segment ASC
déc. 22, 2016 4:19:41 PM entity.ConfigWorkplace select
INFOS: FROM ConfigWorkplace bp ORDER BY workplace ASC
déc. 22, 2016 4:19:42 PM entity.ConfigSegment select
INFOS: FROM ConfigSegment bp ORDER BY segment ASC
déc. 22, 2016 4:19:42 PM entity.ConfigWorkplace select
INFOS: FROM ConfigWorkplace bp ORDER BY workplace ASC
déc. 22, 2016 4:19:42 PM entity.ConfigSegment select
INFOS: FROM ConfigSegment bp ORDER BY segment ASC
déc. 22, 2016 4:19:42 PM entity.ConfigWorkplace select
INFOS: FROM ConfigWorkplace bp ORDER BY workplace ASC
déc. 22, 2016 4:19:43 PM entity.ConfigSegment select
INFOS: FROM ConfigSegment bp ORDER BY segment ASC
déc. 22, 2016 4:19:43 PM entity.ConfigWorkplace select
INFOS: FROM ConfigWorkplace bp ORDER BY workplace ASC
déc. 22, 2016 4:19:44 PM entity.ConfigSegment select
INFOS: FROM ConfigSegment bp ORDER BY segment ASC
déc. 22, 2016 4:19:44 PM entity.ConfigWorkplace select
INFOS: FROM ConfigWorkplace bp ORDER BY workplace ASC
déc. 22, 2016 4:21:33 PM helper.Helper InitDailyDestPrintDir
INFOS: Print directory [.\print\2016_12_22] already exist!
Print sub directory [.\print\2016_12_22.\open_sheet] already exist!
Print sub directory [.\print\2016_12_22.\closing_sheet] already exist!
Print sub directory [.\print\2016_12_22.\picking_label] already exist!
Print sub directory [.\print\2016_12_22.\dispatch_label] already exist!

déc. 22, 2016 4:21:35 PM gui.packaging.PACKAGING_UI0001_Main loadBarcodeConfig
INFOS: FROM ConfigBarcode cb WHERE cb.keyWord = :keyWord ORDER BY id ASC
déc. 22, 2016 4:21:35 PM entity.ConfigProject select
INFOS: FROM ConfigProject bp ORDER BY harnessType ASC
déc. 22, 2016 4:21:35 PM entity.ConfigProject select
INFOS: FROM ConfigProject bp ORDER BY harnessType ASC
déc. 22, 2016 4:21:37 PM entity.ConfigSegment select
INFOS: FROM ConfigSegment bp ORDER BY segment ASC
déc. 22, 2016 4:21:37 PM entity.ConfigSegment select
INFOS: FROM ConfigSegment bp ORDER BY segment ASC
déc. 22, 2016 4:21:37 PM entity.ConfigWorkplace select
INFOS: FROM ConfigWorkplace bp ORDER BY workplace ASC
déc. 22, 2016 4:22:16 PM entity.ConfigWorkplace selectBySegment
INFOS: FROM ConfigWorkplace bp WHERE segment = :segment ORDER BY workplace ASC
déc. 22, 2016 4:22:16 PM entity.ConfigWorkplace selectBySegment
INFOS: FROM ConfigWorkplace bp WHERE segment = :segment ORDER BY workplace ASC
déc. 22, 2016 4:22:16 PM entity.ConfigWorkplace selectBySegment
INFOS: FROM ConfigWorkplace bp WHERE segment = :segment ORDER BY workplace ASC
déc. 22, 2016 4:22:16 PM entity.ConfigWorkplace selectBySegment
INFOS: FROM ConfigWorkplace bp WHERE segment = :segment ORDER BY workplace ASC
déc. 22, 2016 4:22:16 PM entity.ConfigWorkplace selectBySegment
INFOS: FROM ConfigWorkplace bp WHERE segment = :segment ORDER BY workplace ASC
déc. 22, 2016 4:22:16 PM entity.ConfigWorkplace selectBySegment
INFOS: FROM ConfigWorkplace bp WHERE segment = :segment ORDER BY workplace ASC
déc. 22, 2016 4:22:53 PM entity.ConfigWorkplace selectBySegment
INFOS: FROM ConfigWorkplace bp WHERE segment = :segment ORDER BY workplace ASC
déc. 22, 2016 4:23:00 PM entity.ConfigWorkplace selectBySegment
INFOS: FROM ConfigWorkplace bp WHERE segment = :segment ORDER BY workplace ASC
