mai 01, 2017 6:49:03 PM helper.Helper InitDailyDestPrintDir
INFOS: Print directory [.\print\2017_05_01] is created!
Print sub directory [.\print\2017_05_01.\open_sheet] is created!
Print sub directory [.\print\2017_05_01.\closing_sheet] is created!
Print sub directory [.\print\2017_05_01.\picking_label] is created!
Print sub directory [.\print\2017_05_01.\dispatch_label] is created!

mai 01, 2017 6:49:41 PM gui.warehouse_dispatch.WAREHOUSE_DISPATCH_UI0003_PasswordRequest connect
INFOS: User Admin   / 9999 connected to host O-EZZIOURI at 2017-05-01 18:49:41 Dispatch interface : .
mai 01, 2017 6:50:53 PM helper.Helper InitDailyDestPrintDir
INFOS: Print directory [.\print\2017_05_01] already exist!
Print sub directory [.\print\2017_05_01.\open_sheet] already exist!
Print sub directory [.\print\2017_05_01.\closing_sheet] already exist!
Print sub directory [.\print\2017_05_01.\picking_label] already exist!
Print sub directory [.\print\2017_05_01.\dispatch_label] already exist!

mai 01, 2017 6:50:58 PM gui.warehouse_dispatch.WAREHOUSE_DISPATCH_UI0003_PasswordRequest connect
INFOS: User Admin   / 9999 connected to host O-EZZIOURI at 2017-05-01 18:50:58 Dispatch interface : .
mai 01, 2017 6:53:06 PM helper.Helper InitDailyDestPrintDir
INFOS: Print directory [.\print\2017_05_01] already exist!
Print sub directory [.\print\2017_05_01.\open_sheet] already exist!
Print sub directory [.\print\2017_05_01.\closing_sheet] already exist!
Print sub directory [.\print\2017_05_01.\picking_label] already exist!
Print sub directory [.\print\2017_05_01.\dispatch_label] already exist!

mai 01, 2017 6:53:14 PM gui.warehouse_dispatch.WAREHOUSE_DISPATCH_UI0003_PasswordRequest connect
INFOS: User Admin   / 9999 connected to host O-EZZIOURI at 2017-05-01 18:53:14 Dispatch interface : .
mai 01, 2017 7:13:11 PM helper.Helper InitDailyDestPrintDir
INFOS: Print directory [.\print\2017_05_01] already exist!
Print sub directory [.\print\2017_05_01.\open_sheet] already exist!
Print sub directory [.\print\2017_05_01.\closing_sheet] already exist!
Print sub directory [.\print\2017_05_01.\picking_label] already exist!
Print sub directory [.\print\2017_05_01.\dispatch_label] already exist!

mai 01, 2017 7:13:31 PM gui.warehouse_dispatch.WAREHOUSE_DISPATCH_UI0003_PasswordRequest connect
INFOS: User Admin   / 9999 connected to host O-EZZIOURI at 2017-05-01 19:13:31 Dispatch interface : .
mai 01, 2017 7:34:52 PM helper.Helper InitDailyDestPrintDir
INFOS: Print directory [.\print\2017_05_01] already exist!
Print sub directory [.\print\2017_05_01.\open_sheet] already exist!
Print sub directory [.\print\2017_05_01.\closing_sheet] already exist!
Print sub directory [.\print\2017_05_01.\picking_label] already exist!
Print sub directory [.\print\2017_05_01.\dispatch_label] already exist!

mai 01, 2017 7:35:29 PM gui.warehouse_dispatch.WAREHOUSE_DISPATCH_UI0003_PasswordRequest connect
INFOS: User Admin   / 9999 connected to host O-EZZIOURI at 2017-05-01 19:35:29 Dispatch interface : .
mai 01, 2017 8:13:56 PM helper.Helper InitDailyDestPrintDir
INFOS: Print directory [.\print\2017_05_01] already exist!
Print sub directory [.\print\2017_05_01.\open_sheet] already exist!
Print sub directory [.\print\2017_05_01.\closing_sheet] already exist!
Print sub directory [.\print\2017_05_01.\picking_label] already exist!
Print sub directory [.\print\2017_05_01.\dispatch_label] already exist!

mai 01, 2017 8:14:27 PM gui.warehouse_dispatch.WAREHOUSE_DISPATCH_UI0003_PasswordRequest connect
INFOS: User Admin   / 9999 connected to host O-EZZIOURI at 2017-05-01 20:14:27 Dispatch interface : .
mai 01, 2017 8:26:49 PM helper.Helper InitDailyDestPrintDir
INFOS: Print directory [.\print\2017_05_01] already exist!
Print sub directory [.\print\2017_05_01.\open_sheet] already exist!
Print sub directory [.\print\2017_05_01.\closing_sheet] already exist!
Print sub directory [.\print\2017_05_01.\picking_label] already exist!
Print sub directory [.\print\2017_05_01.\dispatch_label] already exist!

mai 01, 2017 8:57:02 PM gui.warehouse_dispatch.WAREHOUSE_DISPATCH_UI0003_PasswordRequest connect
INFOS: User Admin   / 9999 connected to host O-EZZIOURI at 2017-05-01 20:57:02 Dispatch interface : .
