oct. 20, 2017 12:05:55 PM helper.Helper InitDailyDestPrintDir
INFOS: File 2017_10_20.log created !Print directory [.\print\2017_10_20] created !
Print sub directory [.\print\2017_10_20.\open_sheet] created !
Print sub directory [.\print\2017_10_20.\closing_sheet] created !
Print sub directory [.\print\2017_10_20.\picking_label] created !
Print sub directory [.\print\2017_10_20.\dispatch_label] created !

oct. 20, 2017 12:05:58 PM entity.ConfigProject select
INFOS: FROM ConfigProject bp ORDER BY harnessType ASC
oct. 20, 2017 12:05:58 PM entity.ConfigProject select
INFOS: FROM ConfigProject bp ORDER BY harnessType ASC
oct. 20, 2017 12:06:03 PM gui.packaging.state.S010_UserCodeScan doAction
INFOS: Invalid matricule number or account locked !
oct. 20, 2017 12:06:06 PM gui.packaging.PACKAGING_UI0002_PasswordRequest connect
INFOS: User EZZIOURI OUSSAMA / mdep connected to host WSMA7040 at 2017-10-20 12:06:06 Project : MDEP.
oct. 20, 2017 12:06:06 PM gui.packaging.PACKAGING_UI0002_PasswordRequest loadDotMatrixCodePatterns
INFOS: FROM ConfigBarcode cb WHERE cb.keyWord = :keyWord AND cb.harness_type = :harnessType ORDER BY id ASC
oct. 20, 2017 12:06:06 PM gui.packaging.PACKAGING_UI0002_PasswordRequest loadPartNumberCodePatterns
INFOS: FROM ConfigBarcode cb WHERE cb.keyWord = :keyWord AND cb.harness_type = :harnessType ORDER BY id ASC
oct. 20, 2017 12:06:30 PM gui.packaging.PACKAGING_UI9001_DropContainerConfirmation ok_btnActionPerformed
INFOS: Droping harness list...23
oct. 20, 2017 12:15:56 PM helper.Helper InitDailyDestPrintDir
INFOS: File 2017_10_20.log already exists.Print directory [.\print\2017_10_20] already exist!
Print sub directory [.\print\2017_10_20.\open_sheet] already exist!
Print sub directory [.\print\2017_10_20.\closing_sheet] already exist!
Print sub directory [.\print\2017_10_20.\picking_label] already exist!
Print sub directory [.\print\2017_10_20.\dispatch_label] already exist!

oct. 20, 2017 12:16:24 PM entity.ConfigProject select
INFOS: FROM ConfigProject bp ORDER BY harnessType ASC
oct. 20, 2017 12:16:24 PM entity.ConfigProject select
INFOS: FROM ConfigProject bp ORDER BY harnessType ASC
oct. 20, 2017 12:16:28 PM gui.packaging.state.S010_UserCodeScan doAction
INFOS: Invalid matricule number or account locked !
oct. 20, 2017 12:16:31 PM gui.packaging.PACKAGING_UI0002_PasswordRequest connect
INFOS: User EZZIOURI OUSSAMA / ezou1001 connected to host WSMA7040 at 2017-10-20 12:16:31 Project : MDEP.
oct. 20, 2017 12:16:31 PM gui.packaging.PACKAGING_UI0002_PasswordRequest loadDotMatrixCodePatterns
INFOS: FROM ConfigBarcode cb WHERE cb.keyWord = :keyWord AND cb.harness_type = :harnessType ORDER BY id ASC
oct. 20, 2017 12:16:31 PM gui.packaging.PACKAGING_UI0002_PasswordRequest loadPartNumberCodePatterns
INFOS: FROM ConfigBarcode cb WHERE cb.keyWord = :keyWord AND cb.harness_type = :harnessType ORDER BY id ASC
oct. 20, 2017 12:16:33 PM entity.ConfigSegment select
INFOS: FROM ConfigSegment bp ORDER BY segment ASC
oct. 20, 2017 12:16:47 PM gui.packaging.PACKAGING_UI9001_DropContainerConfirmation ok_btnActionPerformed
INFOS: Droping harness list...23
oct. 20, 2017 2:15:02 PM entity.ConfigSegment select
INFOS: FROM ConfigSegment bp ORDER BY segment ASC
oct. 20, 2017 2:15:02 PM entity.ConfigSegment select
INFOS: FROM ConfigSegment bp ORDER BY segment ASC
oct. 20, 2017 2:15:02 PM entity.ConfigWorkplace select
INFOS: FROM ConfigWorkplace bp ORDER BY workplace ASC
oct. 20, 2017 2:15:07 PM entity.ConfigSegment select
INFOS: FROM ConfigSegment bp ORDER BY segment ASC
oct. 20, 2017 2:15:07 PM entity.ConfigWorkplace select
INFOS: FROM ConfigWorkplace bp ORDER BY workplace ASC
oct. 20, 2017 2:15:07 PM entity.ConfigSegment select
INFOS: FROM ConfigSegment bp ORDER BY segment ASC
oct. 20, 2017 2:15:07 PM entity.ConfigWorkplace select
INFOS: FROM ConfigWorkplace bp ORDER BY workplace ASC
oct. 20, 2017 2:15:08 PM entity.ConfigSegment select
INFOS: FROM ConfigSegment bp ORDER BY segment ASC
oct. 20, 2017 2:15:08 PM entity.ConfigWorkplace select
INFOS: FROM ConfigWorkplace bp ORDER BY workplace ASC
oct. 20, 2017 2:33:30 PM entity.ConfigSegment select
INFOS: FROM ConfigSegment bp ORDER BY segment ASC
oct. 20, 2017 2:33:30 PM entity.ConfigWorkplace select
INFOS: FROM ConfigWorkplace bp ORDER BY workplace ASC
oct. 20, 2017 2:35:36 PM entity.ConfigSegment select
INFOS: FROM ConfigSegment bp ORDER BY segment ASC
oct. 20, 2017 2:35:36 PM entity.ConfigSegment select
INFOS: FROM ConfigSegment bp ORDER BY segment ASC
oct. 20, 2017 2:35:36 PM entity.ConfigWorkplace select
INFOS: FROM ConfigWorkplace bp ORDER BY workplace ASC
oct. 20, 2017 2:36:00 PM entity.ConfigSegment select
INFOS: FROM ConfigSegment bp ORDER BY segment ASC
oct. 20, 2017 2:36:00 PM entity.ConfigSegment select
INFOS: FROM ConfigSegment bp ORDER BY segment ASC
oct. 20, 2017 2:36:00 PM entity.ConfigWorkplace select
INFOS: FROM ConfigWorkplace bp ORDER BY workplace ASC
oct. 20, 2017 2:36:09 PM entity.ConfigSegment select
INFOS: FROM ConfigSegment bp ORDER BY segment ASC
oct. 20, 2017 2:36:09 PM entity.ConfigWorkplace select
INFOS: FROM ConfigWorkplace bp ORDER BY workplace ASC
oct. 20, 2017 2:36:11 PM entity.ConfigSegment select
INFOS: FROM ConfigSegment bp ORDER BY segment ASC
oct. 20, 2017 2:36:11 PM entity.ConfigWorkplace select
INFOS: FROM ConfigWorkplace bp ORDER BY workplace ASC
oct. 20, 2017 2:36:11 PM entity.ConfigSegment select
INFOS: FROM ConfigSegment bp ORDER BY segment ASC
oct. 20, 2017 2:36:11 PM entity.ConfigWorkplace select
INFOS: FROM ConfigWorkplace bp ORDER BY workplace ASC
oct. 20, 2017 2:36:12 PM entity.ConfigSegment select
INFOS: FROM ConfigSegment bp ORDER BY segment ASC
oct. 20, 2017 2:36:12 PM entity.ConfigWorkplace select
INFOS: FROM ConfigWorkplace bp ORDER BY workplace ASC
oct. 20, 2017 2:36:12 PM entity.ConfigSegment select
INFOS: FROM ConfigSegment bp ORDER BY segment ASC
oct. 20, 2017 2:36:12 PM entity.ConfigWorkplace select
INFOS: FROM ConfigWorkplace bp ORDER BY workplace ASC
oct. 20, 2017 2:37:16 PM entity.ConfigProject select
INFOS: FROM ConfigProject bp ORDER BY harnessType ASC
oct. 20, 2017 2:37:25 PM entity.ConfigProject select
INFOS: FROM ConfigProject bp ORDER BY harnessType ASC
oct. 20, 2017 2:40:59 PM entity.ConfigSegment select
INFOS: FROM ConfigSegment bp ORDER BY segment ASC
