avr. 23, 2017 7:41:21 PM helper.Helper InitDailyDestPrintDir
INFOS: Print directory [.\print\2017_04_23] is created!
Print sub directory [.\print\2017_04_23.\open_sheet] is created!
Print sub directory [.\print\2017_04_23.\closing_sheet] is created!
Print sub directory [.\print\2017_04_23.\picking_label] is created!
Print sub directory [.\print\2017_04_23.\dispatch_label] is created!

avr. 23, 2017 7:41:31 PM gui.config.CONFIG_UI0000_AdminPassword checkLoginAndPass
INFOS: User Admin   / 9999 connected to host O-EZZIOURI at 2017-04-23 19:41:31 Module : Planner.
avr. 23, 2017 7:42:25 PM helper.Helper InitDailyDestPrintDir
INFOS: Print directory [.\print\2017_04_23] already exist!
Print sub directory [.\print\2017_04_23.\open_sheet] already exist!
Print sub directory [.\print\2017_04_23.\closing_sheet] already exist!
Print sub directory [.\print\2017_04_23.\picking_label] already exist!
Print sub directory [.\print\2017_04_23.\dispatch_label] already exist!

avr. 23, 2017 7:42:35 PM gui.config.CONFIG_UI0000_AdminPassword checkLoginAndPass
INFOS: User Admin   / 9999 connected to host O-EZZIOURI at 2017-04-23 19:42:35 Module : Planner.
avr. 23, 2017 7:48:10 PM helper.Helper InitDailyDestPrintDir
INFOS: Print directory [.\print\2017_04_23] already exist!
Print sub directory [.\print\2017_04_23.\open_sheet] already exist!
Print sub directory [.\print\2017_04_23.\closing_sheet] already exist!
Print sub directory [.\print\2017_04_23.\picking_label] already exist!
Print sub directory [.\print\2017_04_23.\dispatch_label] already exist!

avr. 23, 2017 7:48:18 PM gui.config.CONFIG_UI0000_AdminPassword checkLoginAndPass
INFOS: User Admin   / 9999 connected to host O-EZZIOURI at 2017-04-23 19:48:18 Module : Planner.
avr. 23, 2017 7:53:54 PM helper.Helper InitDailyDestPrintDir
INFOS: Print directory [.\print\2017_04_23] already exist!
Print sub directory [.\print\2017_04_23.\open_sheet] already exist!
Print sub directory [.\print\2017_04_23.\closing_sheet] already exist!
Print sub directory [.\print\2017_04_23.\picking_label] already exist!
Print sub directory [.\print\2017_04_23.\dispatch_label] already exist!

avr. 23, 2017 7:54:03 PM gui.config.CONFIG_UI0000_AdminPassword checkLoginAndPass
INFOS: User Admin   / 9999 connected to host O-EZZIOURI at 2017-04-23 19:54:03 Module : Planner.
avr. 23, 2017 7:58:07 PM helper.Helper InitDailyDestPrintDir
INFOS: Print directory [.\print\2017_04_23] already exist!
Print sub directory [.\print\2017_04_23.\open_sheet] already exist!
Print sub directory [.\print\2017_04_23.\closing_sheet] already exist!
Print sub directory [.\print\2017_04_23.\picking_label] already exist!
Print sub directory [.\print\2017_04_23.\dispatch_label] already exist!

avr. 23, 2017 7:58:14 PM gui.config.CONFIG_UI0000_AdminPassword checkLoginAndPass
INFOS: User Admin   / 9999 connected to host O-EZZIOURI at 2017-04-23 19:58:14 Module : Planner.
avr. 23, 2017 8:24:55 PM helper.Helper InitDailyDestPrintDir
INFOS: Print directory [.\print\2017_04_23] already exist!
Print sub directory [.\print\2017_04_23.\open_sheet] already exist!
Print sub directory [.\print\2017_04_23.\closing_sheet] already exist!
Print sub directory [.\print\2017_04_23.\picking_label] already exist!
Print sub directory [.\print\2017_04_23.\dispatch_label] already exist!

avr. 23, 2017 8:25:02 PM gui.config.CONFIG_UI0000_AdminPassword checkLoginAndPass
INFOS: User Admin   / 9999 connected to host O-EZZIOURI at 2017-04-23 20:25:02 Module : Planner.
avr. 23, 2017 8:28:07 PM helper.Helper InitDailyDestPrintDir
INFOS: Print directory [.\print\2017_04_23] already exist!
Print sub directory [.\print\2017_04_23.\open_sheet] already exist!
Print sub directory [.\print\2017_04_23.\closing_sheet] already exist!
Print sub directory [.\print\2017_04_23.\picking_label] already exist!
Print sub directory [.\print\2017_04_23.\dispatch_label] already exist!

avr. 23, 2017 8:28:19 PM gui.config.CONFIG_UI0000_AdminPassword checkLoginAndPass
INFOS: User Admin   / 9999 connected to host O-EZZIOURI at 2017-04-23 20:28:19 Module : Planner.
avr. 23, 2017 8:30:57 PM helper.Helper InitDailyDestPrintDir
INFOS: Print directory [.\print\2017_04_23] already exist!
Print sub directory [.\print\2017_04_23.\open_sheet] already exist!
Print sub directory [.\print\2017_04_23.\closing_sheet] already exist!
Print sub directory [.\print\2017_04_23.\picking_label] already exist!
Print sub directory [.\print\2017_04_23.\dispatch_label] already exist!

avr. 23, 2017 8:31:10 PM gui.config.CONFIG_UI0000_AdminPassword checkLoginAndPass
INFOS: User Admin   / 9999 connected to host O-EZZIOURI at 2017-04-23 20:31:10 Module : Planner.
avr. 23, 2017 8:31:42 PM helper.Helper InitDailyDestPrintDir
INFOS: Print directory [.\print\2017_04_23] already exist!
Print sub directory [.\print\2017_04_23.\open_sheet] already exist!
Print sub directory [.\print\2017_04_23.\closing_sheet] already exist!
Print sub directory [.\print\2017_04_23.\picking_label] already exist!
Print sub directory [.\print\2017_04_23.\dispatch_label] already exist!

avr. 23, 2017 8:31:52 PM gui.config.CONFIG_UI0000_AdminPassword checkLoginAndPass
INFOS: User Admin   / 9999 connected to host O-EZZIOURI at 2017-04-23 20:31:52 Module : Planner.
avr. 23, 2017 8:33:52 PM helper.Helper InitDailyDestPrintDir
INFOS: Print directory [.\print\2017_04_23] already exist!
Print sub directory [.\print\2017_04_23.\open_sheet] already exist!
Print sub directory [.\print\2017_04_23.\closing_sheet] already exist!
Print sub directory [.\print\2017_04_23.\picking_label] already exist!
Print sub directory [.\print\2017_04_23.\dispatch_label] already exist!

avr. 23, 2017 8:34:01 PM gui.config.CONFIG_UI0000_AdminPassword checkLoginAndPass
INFOS: User Admin   / 9999 connected to host O-EZZIOURI at 2017-04-23 20:34:01 Module : Planner.
avr. 23, 2017 8:38:24 PM helper.Helper InitDailyDestPrintDir
INFOS: Print directory [.\print\2017_04_23] already exist!
Print sub directory [.\print\2017_04_23.\open_sheet] already exist!
Print sub directory [.\print\2017_04_23.\closing_sheet] already exist!
Print sub directory [.\print\2017_04_23.\picking_label] already exist!
Print sub directory [.\print\2017_04_23.\dispatch_label] already exist!

avr. 23, 2017 8:38:32 PM gui.config.CONFIG_UI0000_AdminPassword checkLoginAndPass
INFOS: User Admin   / 9999 connected to host O-EZZIOURI at 2017-04-23 20:38:32 Module : Planner.
