mai 16, 2016 11:52:33 AM helper.Helper InitDailyDestPrintDir
INFOS: Print directory [.\print\2016_05_16] is created!
Print sub directory [.\print\2016_05_16.\open_sheet] is created!
Print sub directory [.\print\2016_05_16.\closing_sheet] is created!
Print sub directory [.\print\2016_05_16.\picking_label] is created!

mai 16, 2016 11:52:37 AM entity.ConfigProject select
INFOS: FROM ConfigProject bp ORDER BY harnessType ASC
mai 16, 2016 11:52:37 AM entity.ConfigProject select
INFOS: FROM ConfigProject bp ORDER BY harnessType ASC
mai 16, 2016 11:52:39 AM entity.ConfigProject select
INFOS: FROM ConfigProject bp ORDER BY harnessType ASC
mai 16, 2016 11:54:56 AM entity.ConfigProject select
INFOS: FROM ConfigProject bp ORDER BY harnessType ASC
mai 16, 2016 11:55:56 AM entity.ConfigProject select
INFOS: FROM ConfigProject bp ORDER BY harnessType ASC
mai 16, 2016 11:57:52 AM helper.Helper InitDailyDestPrintDir
INFOS: Print directory [.\print\2016_05_16] already exist!
Print sub directory [.\print\2016_05_16.\open_sheet] already exist!
Print sub directory [.\print\2016_05_16.\closing_sheet] already exist!
Print sub directory [.\print\2016_05_16.\picking_label] already exist!

mai 16, 2016 11:57:54 AM entity.ConfigProject select
INFOS: FROM ConfigProject bp ORDER BY harnessType ASC
mai 16, 2016 11:57:54 AM entity.ConfigProject select
INFOS: FROM ConfigProject bp ORDER BY harnessType ASC
mai 16, 2016 11:57:59 AM entity.ConfigProject select
INFOS: FROM ConfigProject bp ORDER BY harnessType ASC
mai 16, 2016 11:58:49 AM helper.Helper InitDailyDestPrintDir
INFOS: Print directory [.\print\2016_05_16] already exist!
Print sub directory [.\print\2016_05_16.\open_sheet] already exist!
Print sub directory [.\print\2016_05_16.\closing_sheet] already exist!
Print sub directory [.\print\2016_05_16.\picking_label] already exist!

mai 16, 2016 11:58:51 AM entity.ConfigProject select
INFOS: FROM ConfigProject bp ORDER BY harnessType ASC
mai 16, 2016 11:58:51 AM entity.ConfigProject select
INFOS: FROM ConfigProject bp ORDER BY harnessType ASC
mai 16, 2016 11:58:54 AM entity.ConfigProject select
INFOS: FROM ConfigProject bp ORDER BY harnessType ASC
mai 16, 2016 12:00:29 PM helper.Helper InitDailyDestPrintDir
INFOS: Print directory [.\print\2016_05_16] already exist!
Print sub directory [.\print\2016_05_16.\open_sheet] already exist!
Print sub directory [.\print\2016_05_16.\closing_sheet] already exist!
Print sub directory [.\print\2016_05_16.\picking_label] already exist!

mai 16, 2016 12:00:31 PM entity.ConfigProject select
INFOS: FROM ConfigProject bp ORDER BY harnessType ASC
mai 16, 2016 12:00:31 PM entity.ConfigProject select
INFOS: FROM ConfigProject bp ORDER BY harnessType ASC
mai 16, 2016 12:00:34 PM entity.ConfigProject select
INFOS: FROM ConfigProject bp ORDER BY harnessType ASC
mai 16, 2016 12:14:14 PM state.S010_UserCodeScan doAction
INFOS: User Admin   / 9999 connected to host WSMA7040 at 2016-05-16 12:14:14 Project : ENGINE.
mai 16, 2016 12:14:25 PM entity.ConfigUcs isHarnessPartExist
INFOS: Searching Harness part [22701793] in ConfigUCS: ENGINE
mai 16, 2016 12:14:25 PM entity.ConfigUcs isHarnessPartExist
INFOS: Harness part [22701793] found for project [ENGINE].
mai 16, 2016 12:14:25 PM state.S020_HarnessPartScan doAction
INFOS: Harness Part scanned [P22701793] OK.
mai 16, 2016 12:14:47 PM entity.BaseHarness isCounterExist
INFOS: Searching Harness counter [P2270179305.02.2016;00:01:03] in BaseHarness.
mai 16, 2016 12:14:47 PM entity.BaseHarness isCounterExist
INFOS: FROM BaseHarness bh WHERE bh.counter = :counter
mai 16, 2016 12:14:47 PM state.S030_MatrixIdScan doAction
INFOS: Valid Harness Counter scanned [P2270179305.02.2016;00:01:03] OK.
mai 16, 2016 12:14:57 PM entity.BaseEngineLabel isLabelCodeExist
INFOS: Searching Engine Label code [00000000020] in BaseEngineLabel.
mai 16, 2016 12:14:57 PM entity.BaseEngineLabel isLabelCodeExist
INFOS: FROM BaseEngineLabel bel WHERE bel.labelCode = :labelCode
mai 16, 2016 12:14:57 PM entity.BaseEngineLabel isLabelCodeExist
AVERTISSEMENT: Duplicated engine label [00000000020]
mai 16, 2016 12:14:59 PM entity.BaseEngineLabel isLabelCodeExist
INFOS: Searching Engine Label code [00000000030] in BaseEngineLabel.
mai 16, 2016 12:14:59 PM entity.BaseEngineLabel isLabelCodeExist
INFOS: FROM BaseEngineLabel bel WHERE bel.labelCode = :labelCode
mai 16, 2016 12:14:59 PM entity.BaseEngineLabel isLabelCodeExist
AVERTISSEMENT: Duplicated engine label [00000000030]
mai 16, 2016 12:15:01 PM entity.BaseEngineLabel isLabelCodeExist
INFOS: Searching Engine Label code [00000000040] in BaseEngineLabel.
mai 16, 2016 12:15:01 PM entity.BaseEngineLabel isLabelCodeExist
INFOS: FROM BaseEngineLabel bel WHERE bel.labelCode = :labelCode
mai 16, 2016 12:15:01 PM entity.BaseEngineLabel isLabelCodeExist
INFOS: New label engine [00000000040]
mai 16, 2016 12:15:01 PM state.S031_EngineLabel1Scan doAction
INFOS: First Valid Engine Label scanned [00000000040] OK.
mai 16, 2016 12:15:03 PM entity.BaseEngineLabel isLabelCodeExist
INFOS: Searching Engine Label code [00000000041] in BaseEngineLabel.
mai 16, 2016 12:15:03 PM entity.BaseEngineLabel isLabelCodeExist
INFOS: FROM BaseEngineLabel bel WHERE bel.labelCode = :labelCode
mai 16, 2016 12:15:03 PM entity.BaseEngineLabel isLabelCodeExist
INFOS: New label engine [00000000041]
mai 16, 2016 12:15:03 PM state.S032_EngineLabel2Scan doAction
INFOS: Second Valid Engine Label scanned [00000000041] OK.
mai 16, 2016 12:15:08 PM state.S040_PalletChoice doAction
INFOS: Is it a new pallet ?
mai 16, 2016 12:15:08 PM state.S040_PalletChoice doAction
INFOS:  [No]
mai 16, 2016 12:15:08 PM state.S040_PalletChoice doAction
INFOS: Pallet values 
mai 16, 2016 12:15:08 PM state.S040_PalletChoice doAction
INFOS: State           :   [true]
mai 16, 2016 12:15:08 PM state.S040_PalletChoice doAction
INFOS: Qty Expected    :   [2]
mai 16, 2016 12:15:08 PM state.S040_PalletChoice doAction
INFOS: Qty Read        :   [1]
mai 16, 2016 12:15:08 PM state.S040_PalletChoice doAction
INFOS: Harness Part [22701793] = Context Harness Part [22701793]
mai 16, 2016 12:15:08 PM state.S040_PalletChoice doAction
INFOS: Harness Type [ENGINE] = Context Harness Type [ENGINE]
mai 16, 2016 12:15:08 PM state.S040_PalletChoice doAction
INFOS: Quantité terminée BaseContainer{id=754,
 createTime=2016-04-29 10:46:24.0,
 writeTime=Mon May 16 12:15:08 WEST 2016,
 createId=4,
 writeId=4,
 user=9999,
 startTime=2016-04-29 10:46:24.0,
 completeTime=null,
 workTime=null,
 palletNumber=200000482,
 harnessPart=22701793,
 harnessIndex=P01,
 supplierPartNumber=26C37100A,
 qtyExpected=2,
 qtyRead=1,
 containerState=OPEN,
 containerStateCode=1000,
 packType=3RV,
 harnessType=ENGINE,
 harnessList=[entity.BaseHarness@36daeb22, entity.BaseHarness@39978d85, entity.BaseHarness@27687019]}
mai 16, 2016 12:15:08 PM helper.Helper InitDailyDestPrintDir
INFOS: nullPrint directory [.\print\2016_05_16] already exist!
Print sub directory [.\print\2016_05_16.\open_sheet] already exist!
Print sub directory [.\print\2016_05_16.\closing_sheet] already exist!
Print sub directory [.\print\2016_05_16.\picking_label] already exist!

mai 16, 2016 12:15:09 PM helper.PrinterHelper saveAndPrintClosingSheet
INFOS: Set Closing Pallet item [711] state to [IN_PROCESS]
mai 16, 2016 12:15:09 PM print.PrintClosingPallet_A5 sentToDefaultDesktopPrinter
INFOS: Sending [.\print\2016_05_16\closing_sheet\PrintClosingPallet_A5_2016_05_16_12_15_08.pdf] to the default printer...
mai 16, 2016 12:15:09 PM print.PrintClosingPallet_A5 sentToDefaultDesktopPrinter
INFOS: File [%s] has been printed.
mai 16, 2016 12:15:09 PM helper.PrinterHelper saveAndPrintClosingSheet
INFOS: Set Closing Pallet [711] state to [PRINTED]
mai 16, 2016 12:15:26 PM state.S050_ClosingPallet doAction
AVERTISSEMENT: Invalid CLOSE PALLET barcode [CP22701793]!
mai 16, 2016 12:15:50 PM entity.ConfigProject select
INFOS: FROM ConfigProject bp ORDER BY harnessType ASC
mai 16, 2016 12:16:38 PM state.S010_UserCodeScan doAction
INFOS: User Admin   / 9999 connected to host WSMA7040 at 2016-05-16 12:16:38 Project : SMALL.
mai 16, 2016 12:16:48 PM entity.ConfigUcs isHarnessPartExist
INFOS: Searching Harness part [22205127] in ConfigUCS: SMALL
mai 16, 2016 12:16:48 PM entity.ConfigUcs isHarnessPartExist
INFOS: Harness part [22205127] found for project [SMALL].
mai 16, 2016 12:16:48 PM state.S020_HarnessPartScan doAction
INFOS: Harness Part scanned [P22205127] OK.
mai 16, 2016 12:17:13 PM entity.BaseHarness isCounterExist
INFOS: Searching Harness counter [P2220512705.02.2016;12:17:00] in BaseHarness.
mai 16, 2016 12:17:13 PM entity.BaseHarness isCounterExist
INFOS: FROM BaseHarness bh WHERE bh.counter = :counter
mai 16, 2016 12:17:13 PM state.S030_MatrixIdScan doAction
INFOS: Valid Harness Counter scanned [P2220512705.02.2016;12:17:00] OK.
mai 16, 2016 12:17:16 PM state.S040_PalletChoice doAction
INFOS: Is it a new pallet ?
mai 16, 2016 12:17:16 PM state.S040_PalletChoice doAction
INFOS:  [Yes]
mai 16, 2016 12:17:17 PM gui.packaging.PACKAGING_UI9000_ChoosePackType <init>
INFOS: Item found 22205127--26C03051A--P03--kltv-780--150
mai 16, 2016 12:17:17 PM gui.packaging.PACKAGING_UI9000_ChoosePackType <init>
INFOS: 1 UCS founds for Harness Part[22205127].
mai 16, 2016 12:17:17 PM gui.packaging.PACKAGING_UI9000_ChoosePackType mappingContextVals
INFOS: Selected pack type : 22205127--26C03051A--P03--kltv-780--150 
mai 16, 2016 12:17:17 PM helper.Helper InitDailyDestPrintDir
INFOS: nullPrint directory [.\print\2016_05_16] already exist!
Print sub directory [.\print\2016_05_16.\open_sheet] already exist!
Print sub directory [.\print\2016_05_16.\closing_sheet] already exist!
Print sub directory [.\print\2016_05_16.\picking_label] already exist!

mai 16, 2016 12:17:17 PM helper.PrinterHelper saveAndPrintOpenSheet
INFOS: Set Pallet [200000486] state to [IN_PROCESS]
mai 16, 2016 12:17:17 PM print.PrintOpenPallet_A5 sentToDefaultDesktopPrinter
INFOS: Sending [.\print\2016_05_16\open_sheet\PrintOpenPallet_A5_2016_05_16_12_17_17_200000486.pdf] to the default printer...
mai 16, 2016 12:17:17 PM print.PrintOpenPallet_A5 sentToDefaultDesktopPrinter
INFOS: File [%s] has been printed.
mai 16, 2016 12:17:17 PM helper.PrinterHelper saveAndPrintOpenSheet
INFOS: Set Pallet [200000486] state to [PRINTED]
mai 16, 2016 12:17:17 PM gui.packaging.PACKAGING_UI9000_ChoosePackType items_listKeyPressed
INFOS: Openning new container for first harness part [22205127].
mai 16, 2016 12:17:22 PM state.S041_NewPalletScan doAction
INFOS: Scanned Pallet number [200000486] OK.
mai 16, 2016 12:17:22 PM state.S041_NewPalletScan doAction
INFOS: BaseContainer created BaseContainer{id=758,
 createTime=Mon May 16 12:17:22 WEST 2016,
 writeTime=Mon May 16 12:17:22 WEST 2016,
 createId=3,
 writeId=3,
 user=9999,
 startTime=Mon May 16 12:17:22 WEST 2016,
 completeTime=null,
 workTime=null,
 palletNumber=200000486,
 harnessPart=22205127,
 harnessIndex=P03,
 supplierPartNumber=26C03051A,
 qtyExpected=150,
 qtyRead=1,
 containerState=OPEN,
 containerStateCode=1000,
 packType=kltv-780,
 harnessType=SMALL,
 harnessList=[]} 
mai 16, 2016 12:18:03 PM entity.ConfigUcs isHarnessPartExist
INFOS: Searching Harness part [22205127] in ConfigUCS: SMALL
mai 16, 2016 12:18:03 PM entity.ConfigUcs isHarnessPartExist
INFOS: Harness part [22205127] found for project [SMALL].
mai 16, 2016 12:18:03 PM state.S020_HarnessPartScan doAction
INFOS: Harness Part scanned [P22205127] OK.
mai 16, 2016 12:18:12 PM entity.BaseHarness isCounterExist
INFOS: Searching Harness counter [P2220512705.02.2016;12:18:00] in BaseHarness.
mai 16, 2016 12:18:12 PM entity.BaseHarness isCounterExist
INFOS: FROM BaseHarness bh WHERE bh.counter = :counter
mai 16, 2016 12:18:12 PM state.S030_MatrixIdScan doAction
INFOS: Valid Harness Counter scanned [P2220512705.02.2016;12:18:00] OK.
mai 16, 2016 12:18:15 PM state.S040_PalletChoice doAction
INFOS: Is it a new pallet ?
mai 16, 2016 12:18:15 PM state.S040_PalletChoice doAction
INFOS:  [No]
mai 16, 2016 12:18:15 PM state.S040_PalletChoice doAction
INFOS: Pallet values 
mai 16, 2016 12:18:15 PM state.S040_PalletChoice doAction
INFOS: State           :   [true]
mai 16, 2016 12:18:15 PM state.S040_PalletChoice doAction
INFOS: Qty Expected    :   [3]
mai 16, 2016 12:18:15 PM state.S040_PalletChoice doAction
INFOS: Qty Read        :   [1]
mai 16, 2016 12:18:15 PM state.S040_PalletChoice doAction
INFOS: Harness Part [22205127] = Context Harness Part [22205127]
mai 16, 2016 12:18:15 PM state.S040_PalletChoice doAction
INFOS: Harness Type [SMALL] = Context Harness Type [SMALL]
mai 16, 2016 12:18:20 PM entity.ConfigUcs isHarnessPartExist
INFOS: Searching Harness part [22205127] in ConfigUCS: SMALL
mai 16, 2016 12:18:20 PM entity.ConfigUcs isHarnessPartExist
INFOS: Harness part [22205127] found for project [SMALL].
mai 16, 2016 12:18:20 PM state.S020_HarnessPartScan doAction
INFOS: Harness Part scanned [P22205127] OK.
mai 16, 2016 12:18:27 PM entity.BaseHarness isCounterExist
INFOS: Searching Harness counter [P2220512705.02.2016;12:19:00] in BaseHarness.
mai 16, 2016 12:18:27 PM entity.BaseHarness isCounterExist
INFOS: FROM BaseHarness bh WHERE bh.counter = :counter
mai 16, 2016 12:18:27 PM state.S030_MatrixIdScan doAction
INFOS: Valid Harness Counter scanned [P2220512705.02.2016;12:19:00] OK.
mai 16, 2016 12:18:30 PM state.S040_PalletChoice doAction
INFOS: Is it a new pallet ?
mai 16, 2016 12:18:30 PM state.S040_PalletChoice doAction
INFOS:  [No]
mai 16, 2016 12:18:30 PM state.S040_PalletChoice doAction
INFOS: Pallet values 
mai 16, 2016 12:18:30 PM state.S040_PalletChoice doAction
INFOS: State           :   [true]
mai 16, 2016 12:18:30 PM state.S040_PalletChoice doAction
INFOS: Qty Expected    :   [3]
mai 16, 2016 12:18:30 PM state.S040_PalletChoice doAction
INFOS: Qty Read        :   [2]
mai 16, 2016 12:18:30 PM state.S040_PalletChoice doAction
INFOS: Harness Part [22205127] = Context Harness Part [22205127]
mai 16, 2016 12:18:30 PM state.S040_PalletChoice doAction
INFOS: Harness Type [SMALL] = Context Harness Type [SMALL]
mai 16, 2016 12:18:30 PM state.S040_PalletChoice doAction
INFOS: Quantité terminée BaseContainer{id=758,
 createTime=2016-05-16 12:17:22.0,
 writeTime=Mon May 16 12:18:30 WEST 2016,
 createId=3,
 writeId=3,
 user=9999,
 startTime=2016-05-16 12:17:22.0,
 completeTime=null,
 workTime=null,
 palletNumber=200000486,
 harnessPart=22205127,
 harnessIndex=P03,
 supplierPartNumber=26C03051A,
 qtyExpected=3,
 qtyRead=2,
 containerState=OPEN,
 containerStateCode=1000,
 packType=kltv-780,
 harnessType=SMALL,
 harnessList=[entity.BaseHarness@6b20ec31, entity.BaseHarness@6437693, entity.BaseHarness@13e04e00]}
mai 16, 2016 12:18:30 PM helper.Helper InitDailyDestPrintDir
INFOS: nullPrint directory [.\print\2016_05_16] already exist!
Print sub directory [.\print\2016_05_16.\open_sheet] already exist!
Print sub directory [.\print\2016_05_16.\closing_sheet] already exist!
Print sub directory [.\print\2016_05_16.\picking_label] already exist!

mai 16, 2016 12:18:30 PM helper.PrinterHelper saveAndPrintClosingSheet
INFOS: Set Closing Pallet item [712] state to [IN_PROCESS]
mai 16, 2016 12:18:30 PM print.PrintClosingPallet_A5 sentToDefaultDesktopPrinter
INFOS: Sending [.\print\2016_05_16\closing_sheet\PrintClosingPallet_A5_2016_05_16_12_18_30.pdf] to the default printer...
mai 16, 2016 12:18:30 PM print.PrintClosingPallet_A5 sentToDefaultDesktopPrinter
INFOS: File [%s] has been printed.
mai 16, 2016 12:18:30 PM helper.PrinterHelper saveAndPrintClosingSheet
INFOS: Set Closing Pallet [712] state to [PRINTED]
mai 16, 2016 12:19:00 PM state.S050_ClosingPallet doAction
AVERTISSEMENT: Invalid CLOSE PALLET barcode [CP20000486]!
mai 16, 2016 12:19:09 PM entity.ConfigProject select
INFOS: FROM ConfigProject bp ORDER BY harnessType ASC
mai 16, 2016 12:23:44 PM helper.Helper InitDailyDestPrintDir
INFOS: Print directory [.\print\2016_05_16] already exist!
Print sub directory [.\print\2016_05_16.\open_sheet] already exist!
Print sub directory [.\print\2016_05_16.\closing_sheet] already exist!
Print sub directory [.\print\2016_05_16.\picking_label] already exist!

mai 16, 2016 12:23:46 PM entity.ConfigProject select
INFOS: FROM ConfigProject bp ORDER BY harnessType ASC
mai 16, 2016 12:23:46 PM entity.ConfigProject select
INFOS: FROM ConfigProject bp ORDER BY harnessType ASC
mai 16, 2016 12:23:50 PM entity.ConfigProject select
INFOS: FROM ConfigProject bp ORDER BY harnessType ASC
mai 16, 2016 12:25:12 PM helper.Helper InitDailyDestPrintDir
INFOS: Print directory [.\print\2016_05_16] already exist!
Print sub directory [.\print\2016_05_16.\open_sheet] already exist!
Print sub directory [.\print\2016_05_16.\closing_sheet] already exist!
Print sub directory [.\print\2016_05_16.\picking_label] already exist!

mai 16, 2016 12:25:17 PM entity.ConfigProject select
INFOS: FROM ConfigProject bp ORDER BY harnessType ASC
mai 16, 2016 12:25:17 PM entity.ConfigProject select
INFOS: FROM ConfigProject bp ORDER BY harnessType ASC
mai 16, 2016 12:38:23 PM helper.Helper InitDailyDestPrintDir
INFOS: Print directory [.\print\2016_05_16] already exist!
Print sub directory [.\print\2016_05_16.\open_sheet] already exist!
Print sub directory [.\print\2016_05_16.\closing_sheet] already exist!
Print sub directory [.\print\2016_05_16.\picking_label] already exist!

mai 16, 2016 1:58:02 PM entity.ConfigProject select
INFOS: FROM ConfigProject bp ORDER BY harnessType ASC
mai 16, 2016 1:58:02 PM entity.ConfigProject select
INFOS: FROM ConfigProject bp ORDER BY harnessType ASC
mai 16, 2016 1:58:12 PM entity.ConfigProject select
INFOS: FROM ConfigProject bp ORDER BY harnessType ASC
