avr. 25, 2016 8:11:35 AM helper.Helper InitDailyDestPrintDir
INFOS: Print directory [.\print\2016_04_25] is created!
Print sub directory [.\print\2016_04_25.\open_sheet] is created!
Print sub directory [.\print\2016_04_25.\closing_sheet] is created!
Print sub directory [.\print\2016_04_25.\picking_label] is created!

avr. 25, 2016 8:11:37 AM entity.ConfigProject select
INFOS: FROM ConfigProject bp ORDER BY harnessType ASC
avr. 25, 2016 8:11:37 AM entity.ConfigProject select
INFOS: FROM ConfigProject bp ORDER BY harnessType ASC
avr. 25, 2016 8:11:43 AM state.S010_UserCodeScan doAction
INFOS: User Admin   / 9999 connected to host WSMA7040 at 2016-04-25 08:11:43 Project : ENGINE.
avr. 25, 2016 8:12:18 AM entity.BaseHarness checkHarnessPartFormat
INFOS: Invalid Harness Part scanned [P2270179305.02.2016;00:00:00] !
avr. 25, 2016 8:12:18 AM state.S020_HarnessPartScan doAction
AVERTISSEMENT: Invalid Harness Part scanned [P2270179305.02.2016;00:00:00] !
avr. 25, 2016 8:12:22 AM entity.ConfigUcs isHarnessPartExist
INFOS: Searching Harness part [22701793] in ConfigUCS: ENGINE
avr. 25, 2016 8:12:22 AM entity.ConfigUcs isHarnessPartExist
INFOS: Harness part [22701793] found for project [ENGINE].
avr. 25, 2016 8:12:22 AM state.S020_HarnessPartScan doAction
INFOS: Harness Part scanned [P22701793] OK.
avr. 25, 2016 8:12:24 AM entity.BaseHarness isCounterExist
INFOS: Searching Harness counter [P2270179305.02.2016;00:00:00] in BaseHarness.
avr. 25, 2016 8:12:24 AM entity.BaseHarness isCounterExist
INFOS: FROM BaseHarness bh WHERE bh.counter = :counter
avr. 25, 2016 8:12:25 AM state.S030_MatrixIdScan doAction
INFOS: Valid Harness Counter scanned [P2270179305.02.2016;00:00:00] OK.
avr. 25, 2016 8:12:35 AM entity.BaseEngineLabel isLabelCodeExist
INFOS: Searching Engine Label code [00000000001] in BaseEngineLabel.
avr. 25, 2016 8:12:35 AM entity.BaseEngineLabel isLabelCodeExist
INFOS: FROM BaseEngineLabel bel WHERE bel.labelCode = :labelCode
avr. 25, 2016 8:12:35 AM entity.BaseEngineLabel isLabelCodeExist
INFOS: New label engine [00000000001]
avr. 25, 2016 8:12:35 AM state.S031_EngineLabel1Scan doAction
INFOS: First Valid Engine Label scanned [00000000001] OK.
avr. 25, 2016 8:12:36 AM entity.BaseEngineLabel isLabelCodeExist
INFOS: Searching Engine Label code [00000000002] in BaseEngineLabel.
avr. 25, 2016 8:12:36 AM entity.BaseEngineLabel isLabelCodeExist
INFOS: FROM BaseEngineLabel bel WHERE bel.labelCode = :labelCode
avr. 25, 2016 8:12:36 AM entity.BaseEngineLabel isLabelCodeExist
INFOS: New label engine [00000000002]
avr. 25, 2016 8:12:36 AM state.S032_EngineLabel2Scan doAction
INFOS: Second Valid Engine Label scanned [00000000002] OK.
avr. 25, 2016 8:12:39 AM state.S040_PalletChoice doAction
INFOS: Is it a new pallet ?
avr. 25, 2016 8:12:39 AM state.S040_PalletChoice doAction
INFOS:  [Yes]
avr. 25, 2016 8:12:39 AM gui.packaging.PACKAGING_UI9000_ChoosePackType <init>
INFOS: Item found 22701793--26C37100A--P01--3RV--24
avr. 25, 2016 8:12:39 AM gui.packaging.PACKAGING_UI9000_ChoosePackType <init>
INFOS: 1 UCS founds for Harness Part[22701793].
avr. 25, 2016 8:12:41 AM gui.packaging.PACKAGING_UI9000_ChoosePackType mappingContextVals
INFOS: Selected pack type : 22701793--26C37100A--P01--3RV--24 
avr. 25, 2016 8:12:41 AM helper.Helper InitDailyDestPrintDir
INFOS: nullPrint directory [.\print\2016_04_25] already exist!
Print sub directory [.\print\2016_04_25.\open_sheet] already exist!
Print sub directory [.\print\2016_04_25.\closing_sheet] already exist!
Print sub directory [.\print\2016_04_25.\picking_label] already exist!

avr. 25, 2016 8:12:42 AM helper.PrinterHelper saveAndPrintOpenSheet
INFOS: Set Pallet [200000480] state to [IN_PROCESS]
avr. 25, 2016 8:12:42 AM print.PrintOpenPallet_A5 sentToDefaultDesktopPrinter
INFOS: Sending [.\print\2016_04_25\open_sheet\PrintOpenPallet_A5_2016_04_25_08_12_42_200000480.pdf] to the default printer...
avr. 25, 2016 8:12:42 AM print.PrintOpenPallet_A5 sentToDefaultDesktopPrinter
INFOS: File [%s] has been printed.
avr. 25, 2016 8:12:42 AM helper.PrinterHelper saveAndPrintOpenSheet
INFOS: Set Pallet [200000480] state to [PRINTED]
avr. 25, 2016 8:12:42 AM gui.packaging.PACKAGING_UI9000_ChoosePackType items_listKeyPressed
INFOS: Openning new container for first harness part [22701793].
avr. 25, 2016 8:12:51 AM state.S041_NewPalletScan doAction
INFOS: Scanned Pallet number [200000480] OK.
avr. 25, 2016 8:12:51 AM state.S041_NewPalletScan doAction
INFOS: BaseContainer created BaseContainer{id=752,
 createTime=Mon Apr 25 08:12:51 WEST 2016,
 writeTime=Mon Apr 25 08:12:51 WEST 2016,
 createId=4,
 writeId=4,
 user=9999,
 startTime=Mon Apr 25 08:12:51 WEST 2016,
 completeTime=null,
 workTime=null,
 palletNumber=200000480,
 harnessPart=22701793,
 harnessIndex=P01,
 supplierPartNumber=26C37100A,
 qtyExpected=24,
 qtyRead=1,
 containerState=OPEN,
 containerStateCode=1000,
 packType=3RV,
 harnessType=ENGINE,
 harnessList=[]} 
avr. 25, 2016 8:13:06 AM entity.ConfigUcs isHarnessPartExist
INFOS: Searching Harness part [22701793] in ConfigUCS: ENGINE
avr. 25, 2016 8:13:06 AM entity.ConfigUcs isHarnessPartExist
INFOS: Harness part [22701793] found for project [ENGINE].
avr. 25, 2016 8:13:06 AM state.S020_HarnessPartScan doAction
INFOS: Harness Part scanned [P22701793] OK.
avr. 25, 2016 8:13:08 AM entity.BaseHarness isCounterExist
INFOS: Searching Harness counter [P2270179305.02.2016;00:00:01] in BaseHarness.
avr. 25, 2016 8:13:08 AM entity.BaseHarness isCounterExist
INFOS: FROM BaseHarness bh WHERE bh.counter = :counter
avr. 25, 2016 8:13:08 AM state.S030_MatrixIdScan doAction
INFOS: Valid Harness Counter scanned [P2270179305.02.2016;00:00:01] OK.
avr. 25, 2016 8:13:14 AM entity.BaseEngineLabel isLabelCodeExist
INFOS: Searching Engine Label code [00000000002] in BaseEngineLabel.
avr. 25, 2016 8:13:14 AM entity.BaseEngineLabel isLabelCodeExist
INFOS: FROM BaseEngineLabel bel WHERE bel.labelCode = :labelCode
avr. 25, 2016 8:13:14 AM entity.BaseEngineLabel isLabelCodeExist
AVERTISSEMENT: Duplicated engine label [00000000002]
avr. 25, 2016 8:13:17 AM entity.BaseEngineLabel isLabelCodeExist
INFOS: Searching Engine Label code [00000000003] in BaseEngineLabel.
avr. 25, 2016 8:13:17 AM entity.BaseEngineLabel isLabelCodeExist
INFOS: FROM BaseEngineLabel bel WHERE bel.labelCode = :labelCode
avr. 25, 2016 8:13:17 AM entity.BaseEngineLabel isLabelCodeExist
INFOS: New label engine [00000000003]
avr. 25, 2016 8:13:17 AM state.S031_EngineLabel1Scan doAction
INFOS: First Valid Engine Label scanned [00000000003] OK.
avr. 25, 2016 8:13:18 AM entity.BaseEngineLabel isLabelCodeExist
INFOS: Searching Engine Label code [00000000004] in BaseEngineLabel.
avr. 25, 2016 8:13:18 AM entity.BaseEngineLabel isLabelCodeExist
INFOS: FROM BaseEngineLabel bel WHERE bel.labelCode = :labelCode
avr. 25, 2016 8:13:18 AM entity.BaseEngineLabel isLabelCodeExist
INFOS: New label engine [00000000004]
avr. 25, 2016 8:13:18 AM state.S032_EngineLabel2Scan doAction
INFOS: Second Valid Engine Label scanned [00000000004] OK.
avr. 25, 2016 8:13:21 AM state.S040_PalletChoice doAction
INFOS: Is it a new pallet ?
avr. 25, 2016 8:13:21 AM state.S040_PalletChoice doAction
INFOS:  [Yes]
avr. 25, 2016 8:13:21 AM gui.packaging.PACKAGING_UI9000_ChoosePackType <init>
INFOS: Item found 22701793--26C37100A--P01--3RV--24
avr. 25, 2016 8:13:21 AM gui.packaging.PACKAGING_UI9000_ChoosePackType <init>
INFOS: 1 UCS founds for Harness Part[22701793].
avr. 25, 2016 8:13:21 AM gui.packaging.PACKAGING_UI9000_ChoosePackType mappingContextVals
INFOS: Selected pack type : 22701793--26C37100A--P01--3RV--24 
avr. 25, 2016 8:13:21 AM helper.Helper InitDailyDestPrintDir
INFOS: nullPrint directory [.\print\2016_04_25] already exist!
Print sub directory [.\print\2016_04_25.\open_sheet] already exist!
Print sub directory [.\print\2016_04_25.\closing_sheet] already exist!
Print sub directory [.\print\2016_04_25.\picking_label] already exist!

avr. 25, 2016 8:13:21 AM helper.PrinterHelper saveAndPrintOpenSheet
INFOS: Set Pallet [200000481] state to [IN_PROCESS]
avr. 25, 2016 8:13:21 AM print.PrintOpenPallet_A5 sentToDefaultDesktopPrinter
INFOS: Sending [.\print\2016_04_25\open_sheet\PrintOpenPallet_A5_2016_04_25_08_13_21_200000481.pdf] to the default printer...
avr. 25, 2016 8:13:21 AM print.PrintOpenPallet_A5 sentToDefaultDesktopPrinter
INFOS: File [%s] has been printed.
avr. 25, 2016 8:13:21 AM helper.PrinterHelper saveAndPrintOpenSheet
INFOS: Set Pallet [200000481] state to [PRINTED]
avr. 25, 2016 8:13:21 AM gui.packaging.PACKAGING_UI9000_ChoosePackType items_listKeyPressed
INFOS: Openning new container for first harness part [22701793].
avr. 25, 2016 8:13:35 AM state.S041_NewPalletScan doAction
INFOS: Scanned Pallet number [200000481] OK.
avr. 25, 2016 8:13:35 AM state.S041_NewPalletScan doAction
INFOS: BaseContainer created BaseContainer{id=753,
 createTime=Mon Apr 25 08:13:35 WEST 2016,
 writeTime=Mon Apr 25 08:13:35 WEST 2016,
 createId=4,
 writeId=4,
 user=9999,
 startTime=Mon Apr 25 08:13:35 WEST 2016,
 completeTime=null,
 workTime=null,
 palletNumber=200000481,
 harnessPart=22701793,
 harnessIndex=P01,
 supplierPartNumber=26C37100A,
 qtyExpected=24,
 qtyRead=1,
 containerState=OPEN,
 containerStateCode=1000,
 packType=3RV,
 harnessType=ENGINE,
 harnessList=[]} 
avr. 25, 2016 8:13:46 AM entity.BaseHarness checkHarnessPartFormat
INFOS: Invalid Harness Part scanned [P2270179305.02.2016;00:00:02] !
avr. 25, 2016 8:13:46 AM state.S020_HarnessPartScan doAction
AVERTISSEMENT: Invalid Harness Part scanned [P2270179305.02.2016;00:00:02] !
avr. 25, 2016 8:13:49 AM entity.BaseHarness checkHarnessPartFormat
INFOS: Invalid Harness Part scanned [P2270179305.02.2016;00:00:03] !
avr. 25, 2016 8:13:49 AM state.S020_HarnessPartScan doAction
AVERTISSEMENT: Invalid Harness Part scanned [P2270179305.02.2016;00:00:03] !
avr. 25, 2016 8:13:53 AM entity.ConfigUcs isHarnessPartExist
INFOS: Searching Harness part [22701793] in ConfigUCS: ENGINE
avr. 25, 2016 8:13:53 AM entity.ConfigUcs isHarnessPartExist
INFOS: Harness part [22701793] found for project [ENGINE].
avr. 25, 2016 8:13:53 AM state.S020_HarnessPartScan doAction
INFOS: Harness Part scanned [P22701793] OK.
avr. 25, 2016 8:13:55 AM entity.BaseHarness isCounterExist
INFOS: Searching Harness counter [P2270179305.02.2016;00:00:02] in BaseHarness.
avr. 25, 2016 8:13:55 AM entity.BaseHarness isCounterExist
INFOS: FROM BaseHarness bh WHERE bh.counter = :counter
avr. 25, 2016 8:13:55 AM state.S030_MatrixIdScan doAction
INFOS: Valid Harness Counter scanned [P2270179305.02.2016;00:00:02] OK.
avr. 25, 2016 8:13:58 AM entity.BaseEngineLabel isLabelCodeExist
INFOS: Searching Engine Label code [00000000001] in BaseEngineLabel.
avr. 25, 2016 8:13:58 AM entity.BaseEngineLabel isLabelCodeExist
INFOS: FROM BaseEngineLabel bel WHERE bel.labelCode = :labelCode
avr. 25, 2016 8:13:58 AM entity.BaseEngineLabel isLabelCodeExist
AVERTISSEMENT: Duplicated engine label [00000000001]
avr. 25, 2016 8:14:03 AM entity.BaseEngineLabel isLabelCodeExist
INFOS: Searching Engine Label code [00000000005] in BaseEngineLabel.
avr. 25, 2016 8:14:03 AM entity.BaseEngineLabel isLabelCodeExist
INFOS: FROM BaseEngineLabel bel WHERE bel.labelCode = :labelCode
avr. 25, 2016 8:14:03 AM entity.BaseEngineLabel isLabelCodeExist
INFOS: New label engine [00000000005]
avr. 25, 2016 8:14:03 AM state.S031_EngineLabel1Scan doAction
INFOS: First Valid Engine Label scanned [00000000005] OK.
avr. 25, 2016 8:14:04 AM entity.BaseEngineLabel isLabelCodeExist
INFOS: Searching Engine Label code [00000000006] in BaseEngineLabel.
avr. 25, 2016 8:14:04 AM entity.BaseEngineLabel isLabelCodeExist
INFOS: FROM BaseEngineLabel bel WHERE bel.labelCode = :labelCode
avr. 25, 2016 8:14:04 AM entity.BaseEngineLabel isLabelCodeExist
INFOS: New label engine [00000000006]
avr. 25, 2016 8:14:04 AM state.S032_EngineLabel2Scan doAction
INFOS: Second Valid Engine Label scanned [00000000006] OK.
avr. 25, 2016 8:14:10 AM state.S040_PalletChoice doAction
INFOS: Is it a new pallet ?
avr. 25, 2016 8:14:10 AM state.S040_PalletChoice doAction
INFOS:  [No]
avr. 25, 2016 8:14:10 AM state.S040_PalletChoice doAction
INFOS: Pallet values 
avr. 25, 2016 8:14:10 AM state.S040_PalletChoice doAction
INFOS: State           :   [true]
avr. 25, 2016 8:14:10 AM state.S040_PalletChoice doAction
INFOS: Qty Expected    :   [24]
avr. 25, 2016 8:14:10 AM state.S040_PalletChoice doAction
INFOS: Qty Read        :   [1]
avr. 25, 2016 8:14:10 AM state.S040_PalletChoice doAction
INFOS: Harness Part [22701793] = Context Harness Part [22701793]
avr. 25, 2016 8:14:10 AM state.S040_PalletChoice doAction
INFOS: Harness Type [ENGINE] = Context Harness Type [ENGINE]
avr. 25, 2016 8:14:38 AM helper.Helper InitDailyDestPrintDir
INFOS: Print directory [.\print\2016_04_25] already exist!
Print sub directory [.\print\2016_04_25.\open_sheet] already exist!
Print sub directory [.\print\2016_04_25.\closing_sheet] already exist!
Print sub directory [.\print\2016_04_25.\picking_label] already exist!

avr. 25, 2016 8:14:39 AM entity.ConfigProject select
INFOS: FROM ConfigProject bp ORDER BY harnessType ASC
avr. 25, 2016 8:14:39 AM entity.ConfigProject select
INFOS: FROM ConfigProject bp ORDER BY harnessType ASC
avr. 25, 2016 8:14:42 AM state.S010_UserCodeScan doAction
INFOS: User Admin   / 9999 connected to host WSMA7040 at 2016-04-25 08:14:42 Project : ENGINE.
avr. 25, 2016 8:14:55 AM entity.ConfigUcs isHarnessPartExist
INFOS: Searching Harness part [22701793] in ConfigUCS: ENGINE
avr. 25, 2016 8:14:55 AM entity.ConfigUcs isHarnessPartExist
INFOS: Harness part [22701793] found for project [ENGINE].
avr. 25, 2016 8:14:55 AM state.S020_HarnessPartScan doAction
INFOS: Harness Part scanned [P22701793] OK.
avr. 25, 2016 8:14:58 AM entity.BaseHarness isCounterExist
INFOS: Searching Harness counter [P2270179305.02.2016;00:00:03] in BaseHarness.
avr. 25, 2016 8:14:58 AM entity.BaseHarness isCounterExist
INFOS: FROM BaseHarness bh WHERE bh.counter = :counter
avr. 25, 2016 8:14:58 AM state.S030_MatrixIdScan doAction
INFOS: Valid Harness Counter scanned [P2270179305.02.2016;00:00:03] OK.
avr. 25, 2016 8:15:14 AM entity.BaseEngineLabel isLabelCodeExist
INFOS: Searching Engine Label code [00000000007] in BaseEngineLabel.
avr. 25, 2016 8:15:14 AM entity.BaseEngineLabel isLabelCodeExist
INFOS: FROM BaseEngineLabel bel WHERE bel.labelCode = :labelCode
avr. 25, 2016 8:15:14 AM entity.BaseEngineLabel isLabelCodeExist
INFOS: New label engine [00000000007]
avr. 25, 2016 8:15:14 AM state.S031_EngineLabel1Scan doAction
INFOS: First Valid Engine Label scanned [00000000007] OK.
avr. 25, 2016 8:15:16 AM entity.BaseEngineLabel isLabelCodeExist
INFOS: Searching Engine Label code [00000000008] in BaseEngineLabel.
avr. 25, 2016 8:15:16 AM entity.BaseEngineLabel isLabelCodeExist
INFOS: FROM BaseEngineLabel bel WHERE bel.labelCode = :labelCode
avr. 25, 2016 8:15:16 AM entity.BaseEngineLabel isLabelCodeExist
INFOS: New label engine [00000000008]
avr. 25, 2016 8:15:16 AM state.S032_EngineLabel2Scan doAction
INFOS: Second Valid Engine Label scanned [00000000008] OK.
avr. 25, 2016 8:15:28 AM state.S040_PalletChoice doAction
INFOS: Is it a new pallet ?
avr. 25, 2016 8:15:28 AM state.S040_PalletChoice doAction
INFOS:  [No]
avr. 25, 2016 8:15:28 AM state.S040_PalletChoice doAction
INFOS: Pallet values 
avr. 25, 2016 8:15:28 AM state.S040_PalletChoice doAction
INFOS: State           :   [true]
avr. 25, 2016 8:15:28 AM state.S040_PalletChoice doAction
INFOS: Qty Expected    :   [24]
avr. 25, 2016 8:15:28 AM state.S040_PalletChoice doAction
INFOS: Qty Read        :   [2]
avr. 25, 2016 8:15:28 AM state.S040_PalletChoice doAction
INFOS: Harness Part [22701793] = Context Harness Part [22701793]
avr. 25, 2016 8:15:28 AM state.S040_PalletChoice doAction
INFOS: Harness Type [ENGINE] = Context Harness Type [ENGINE]
avr. 25, 2016 8:15:31 AM entity.ConfigProject select
INFOS: FROM ConfigProject bp ORDER BY harnessType ASC
avr. 25, 2016 8:17:10 AM helper.Helper InitDailyDestPrintDir
INFOS: Print directory [.\print\2016_04_25] already exist!
Print sub directory [.\print\2016_04_25.\open_sheet] already exist!
Print sub directory [.\print\2016_04_25.\closing_sheet] already exist!
Print sub directory [.\print\2016_04_25.\picking_label] already exist!

avr. 25, 2016 8:17:12 AM entity.ConfigProject select
INFOS: FROM ConfigProject bp ORDER BY harnessType ASC
avr. 25, 2016 8:17:12 AM entity.ConfigProject select
INFOS: FROM ConfigProject bp ORDER BY harnessType ASC
avr. 25, 2016 8:17:14 AM state.S010_UserCodeScan doAction
INFOS: User Admin   / 9999 connected to host WSMA7040 at 2016-04-25 08:17:14 Project : ENGINE.
avr. 25, 2016 8:17:34 AM gui.packaging.PACKAGING_UI9001_DropPalletConfirmation ok_btnActionPerformed
INFOS: Droping harness list...1
avr. 25, 2016 8:17:39 AM entity.ConfigProject select
INFOS: FROM ConfigProject bp ORDER BY harnessType ASC
avr. 25, 2016 8:18:11 AM helper.Helper InitDailyDestPrintDir
INFOS: Print directory [.\print\2016_04_25] already exist!
Print sub directory [.\print\2016_04_25.\open_sheet] already exist!
Print sub directory [.\print\2016_04_25.\closing_sheet] already exist!
Print sub directory [.\print\2016_04_25.\picking_label] already exist!

avr. 25, 2016 7:01:09 PM helper.Helper InitDailyDestPrintDir
INFOS: Print directory [.\print\2016_04_25] already exist!
Print sub directory [.\print\2016_04_25.\open_sheet] already exist!
Print sub directory [.\print\2016_04_25.\closing_sheet] already exist!
Print sub directory [.\print\2016_04_25.\picking_label] already exist!

avr. 25, 2016 7:03:25 PM entity.ConfigProject select
INFOS: FROM ConfigProject bp ORDER BY harnessType ASC
avr. 25, 2016 7:03:25 PM entity.ConfigProject select
INFOS: FROM ConfigProject bp ORDER BY harnessType ASC
avr. 25, 2016 7:05:11 PM state.S010_UserCodeScan doAction
INFOS: User Admin   / 9999 connected to host WSMA7040 at 2016-04-25 19:05:11 Project : ENGINE.
avr. 25, 2016 7:05:24 PM entity.ConfigUcs isHarnessPartExist
INFOS: Searching Harness part [22701793] in ConfigUCS: ENGINE
avr. 25, 2016 7:05:24 PM entity.ConfigUcs isHarnessPartExist
INFOS: Harness part [22701793] found for project [ENGINE].
avr. 25, 2016 7:05:24 PM state.S020_HarnessPartScan doAction
INFOS: Harness Part scanned [P22701793] OK.
avr. 25, 2016 7:05:29 PM entity.ConfigProject select
INFOS: FROM ConfigProject bp ORDER BY harnessType ASC
avr. 25, 2016 7:05:37 PM entity.BaseHarness isCounterExist
INFOS: Searching Harness counter [P2270179305.02.2016;00:00:01] in BaseHarness.
avr. 25, 2016 7:05:37 PM entity.BaseHarness isCounterExist
INFOS: FROM BaseHarness bh WHERE bh.counter = :counter
avr. 25, 2016 7:05:37 PM state.S030_MatrixIdScan doAction
INFOS: Valid Harness Counter scanned [P2270179305.02.2016;00:00:01] OK.
avr. 25, 2016 7:05:41 PM entity.ConfigProject select
INFOS: FROM ConfigProject bp ORDER BY harnessType ASC
avr. 25, 2016 7:05:58 PM entity.BaseEngineLabel isLabelCodeExist
INFOS: Searching Engine Label code [00000000009] in BaseEngineLabel.
avr. 25, 2016 7:05:58 PM entity.BaseEngineLabel isLabelCodeExist
INFOS: FROM BaseEngineLabel bel WHERE bel.labelCode = :labelCode
avr. 25, 2016 7:05:58 PM entity.BaseEngineLabel isLabelCodeExist
INFOS: New label engine [00000000009]
avr. 25, 2016 7:05:58 PM state.S031_EngineLabel1Scan doAction
INFOS: First Valid Engine Label scanned [00000000009] OK.
avr. 25, 2016 7:06:00 PM entity.BaseEngineLabel isLabelCodeExist
INFOS: Searching Engine Label code [00000000010] in BaseEngineLabel.
avr. 25, 2016 7:06:00 PM entity.BaseEngineLabel isLabelCodeExist
INFOS: FROM BaseEngineLabel bel WHERE bel.labelCode = :labelCode
avr. 25, 2016 7:06:00 PM entity.BaseEngineLabel isLabelCodeExist
INFOS: New label engine [00000000010]
avr. 25, 2016 7:06:00 PM state.S032_EngineLabel2Scan doAction
INFOS: Second Valid Engine Label scanned [00000000010] OK.
avr. 25, 2016 7:06:07 PM state.S040_PalletChoice doAction
INFOS: Is it a new pallet ?
avr. 25, 2016 7:06:07 PM state.S040_PalletChoice doAction
INFOS:  [No]
avr. 25, 2016 7:06:07 PM state.S040_PalletChoice doAction
INFOS: Pallet values 
avr. 25, 2016 7:06:07 PM state.S040_PalletChoice doAction
INFOS: State           :   [true]
avr. 25, 2016 7:06:07 PM state.S040_PalletChoice doAction
INFOS: Qty Expected    :   [24]
avr. 25, 2016 7:06:07 PM state.S040_PalletChoice doAction
INFOS: Qty Read        :   [3]
avr. 25, 2016 7:06:07 PM state.S040_PalletChoice doAction
INFOS: Harness Part [22701793] = Context Harness Part [22701793]
avr. 25, 2016 7:06:07 PM state.S040_PalletChoice doAction
INFOS: Harness Type [ENGINE] = Context Harness Type [ENGINE]
avr. 25, 2016 7:06:09 PM entity.ConfigProject select
INFOS: FROM ConfigProject bp ORDER BY harnessType ASC
avr. 25, 2016 7:06:34 PM entity.BaseHarness checkHarnessPartFormat
INFOS: Invalid Harness Part scanned [P2270179305.02.2016;00:00:05] !
avr. 25, 2016 7:06:34 PM state.S020_HarnessPartScan doAction
AVERTISSEMENT: Invalid Harness Part scanned [P2270179305.02.2016;00:00:05] !
avr. 25, 2016 7:06:41 PM entity.ConfigUcs isHarnessPartExist
INFOS: Searching Harness part [22701793] in ConfigUCS: ENGINE
avr. 25, 2016 7:06:41 PM entity.ConfigUcs isHarnessPartExist
INFOS: Harness part [22701793] found for project [ENGINE].
avr. 25, 2016 7:06:41 PM state.S020_HarnessPartScan doAction
INFOS: Harness Part scanned [P22701793] OK.
avr. 25, 2016 7:06:42 PM entity.BaseHarness isCounterExist
INFOS: Searching Harness counter [P2270179305.02.2016;00:00:05] in BaseHarness.
avr. 25, 2016 7:06:42 PM entity.BaseHarness isCounterExist
INFOS: FROM BaseHarness bh WHERE bh.counter = :counter
avr. 25, 2016 7:06:42 PM state.S030_MatrixIdScan doAction
INFOS: Valid Harness Counter scanned [P2270179305.02.2016;00:00:05] OK.
avr. 25, 2016 7:06:47 PM entity.BaseEngineLabel isLabelCodeExist
INFOS: Searching Engine Label code [00000000011] in BaseEngineLabel.
avr. 25, 2016 7:06:47 PM entity.BaseEngineLabel isLabelCodeExist
INFOS: FROM BaseEngineLabel bel WHERE bel.labelCode = :labelCode
avr. 25, 2016 7:06:47 PM entity.BaseEngineLabel isLabelCodeExist
INFOS: New label engine [00000000011]
avr. 25, 2016 7:06:47 PM state.S031_EngineLabel1Scan doAction
INFOS: First Valid Engine Label scanned [00000000011] OK.
avr. 25, 2016 7:06:49 PM entity.BaseEngineLabel isLabelCodeExist
INFOS: Searching Engine Label code [00000000012] in BaseEngineLabel.
avr. 25, 2016 7:06:49 PM entity.BaseEngineLabel isLabelCodeExist
INFOS: FROM BaseEngineLabel bel WHERE bel.labelCode = :labelCode
avr. 25, 2016 7:06:49 PM entity.BaseEngineLabel isLabelCodeExist
INFOS: New label engine [00000000012]
avr. 25, 2016 7:06:49 PM state.S032_EngineLabel2Scan doAction
INFOS: Second Valid Engine Label scanned [00000000012] OK.
avr. 25, 2016 7:06:52 PM state.S040_PalletChoice doAction
INFOS: Is it a new pallet ?
avr. 25, 2016 7:06:52 PM state.S040_PalletChoice doAction
INFOS:  [No]
avr. 25, 2016 7:06:52 PM state.S040_PalletChoice doAction
INFOS: Pallet values 
avr. 25, 2016 7:06:52 PM state.S040_PalletChoice doAction
INFOS: State           :   [true]
avr. 25, 2016 7:06:52 PM state.S040_PalletChoice doAction
INFOS: Qty Expected    :   [24]
avr. 25, 2016 7:06:52 PM state.S040_PalletChoice doAction
INFOS: Qty Read        :   [4]
avr. 25, 2016 7:06:52 PM state.S040_PalletChoice doAction
INFOS: Harness Part [22701793] = Context Harness Part [22701793]
avr. 25, 2016 7:06:53 PM state.S040_PalletChoice doAction
INFOS: Harness Type [ENGINE] = Context Harness Type [ENGINE]
