avr. 09, 2017 1:19:33 PM helper.Helper InitDailyDestPrintDir
INFOS: Print directory [.\print\2017_04_09] is created!
Print sub directory [.\print\2017_04_09.\open_sheet] is created!
Print sub directory [.\print\2017_04_09.\closing_sheet] is created!
Print sub directory [.\print\2017_04_09.\picking_label] is created!
Print sub directory [.\print\2017_04_09.\dispatch_label] is created!

avr. 09, 2017 1:19:49 PM gui.packaging.PACKAGING_UI0001_Main loadBarcodeConfig
INFOS: FROM ConfigBarcode cb WHERE cb.keyWord = :keyWord ORDER BY id ASC
avr. 09, 2017 1:19:49 PM entity.ConfigProject select
INFOS: FROM ConfigProject bp ORDER BY harnessType ASC
avr. 09, 2017 1:19:49 PM entity.ConfigProject select
INFOS: FROM ConfigProject bp ORDER BY harnessType ASC
avr. 09, 2017 1:21:05 PM state.S010_UserCodeScan doAction
INFOS: Invalid matricule number or account locked !
avr. 09, 2017 1:21:08 PM gui.packaging.PACKAGING_UI0002_PasswordRequest connect
INFOS: User Admin   / 9999 connected to host O-EZZIOURI at 2017-04-09 13:21:08 Project : ENGINE.
avr. 09, 2017 1:24:23 PM entity.ConfigUcs isHarnessPartExist
INFOS: Searching Harness part [22630882] in ConfigUCS: ENGINE
avr. 09, 2017 1:24:23 PM entity.ConfigUcs isHarnessPartExist
INFOS: Harness part [22630882] found for project [ENGINE].
avr. 09, 2017 1:24:23 PM state.S020_HarnessPartScan doAction
INFOS: Harness Part scanned [P22630882] OK.
avr. 09, 2017 1:24:50 PM entity.BaseHarness checkCounterFormat
INFOS: Invalid Counter scanned format [mqjkshfshfmkhqmet]!
avr. 09, 2017 1:25:53 PM entity.BaseHarness checkCounterFormat
INFOS: Invalid Counter scanned format [P2263088220170000]!
avr. 09, 2017 1:26:33 PM entity.BaseHarness isCounterExist
INFOS: Searching Harness counter [P2263088220170409000000] in BaseHarness.
avr. 09, 2017 1:26:33 PM entity.BaseHarness isCounterExist
INFOS: FROM BaseHarness bh WHERE bh.counter = :counter
avr. 09, 2017 1:26:34 PM state.S030_MatrixIdScan doAction
INFOS: Valid Harness Counter scanned [P2263088220170409000000] OK.
avr. 09, 2017 1:33:58 PM entity.BaseEngineLabel isLabelCodeExist
INFOS: Searching Engine Label code [00000000001] in BaseEngineLabel.
avr. 09, 2017 1:33:58 PM entity.BaseEngineLabel isLabelCodeExist
INFOS: FROM BaseEngineLabel bel WHERE bel.labelCode = :labelCode
avr. 09, 2017 1:33:58 PM entity.BaseEngineLabel isLabelCodeExist
INFOS: New label engine [00000000001]
avr. 09, 2017 1:33:58 PM state.S031_PlasticBagScan doAction
INFOS: First Valid Engine Label scanned [00000000001] OK.
avr. 09, 2017 1:34:06 PM entity.BaseEngineLabel isLabelCodeExist
INFOS: Searching Engine Label code [00000000002] in BaseEngineLabel.
avr. 09, 2017 1:34:06 PM entity.BaseEngineLabel isLabelCodeExist
INFOS: FROM BaseEngineLabel bel WHERE bel.labelCode = :labelCode
avr. 09, 2017 1:34:06 PM entity.BaseEngineLabel isLabelCodeExist
INFOS: New label engine [00000000002]
avr. 09, 2017 1:35:51 PM state.S040_PalletChoice doAction
INFOS: Is it a new pallet ?
avr. 09, 2017 1:35:51 PM state.S040_PalletChoice doAction
AVERTISSEMENT: Vous êtes dans le poste O-EZZIOURI. Vous devez scanner le faisceau dans le poste WSP28C07 !
avr. 09, 2017 1:42:13 PM state.S040_PalletChoice doAction
INFOS: Is it a new pallet ?
avr. 09, 2017 1:43:59 PM gui.packaging.PACKAGING_UI0001_Main loadBarcodeConfig
INFOS: FROM ConfigBarcode cb WHERE cb.keyWord = :keyWord ORDER BY id ASC
avr. 09, 2017 1:43:59 PM entity.ConfigProject select
INFOS: FROM ConfigProject bp ORDER BY harnessType ASC
avr. 09, 2017 1:43:59 PM entity.ConfigProject select
INFOS: FROM ConfigProject bp ORDER BY harnessType ASC
avr. 09, 2017 1:44:05 PM state.S010_UserCodeScan doAction
INFOS: Invalid matricule number or account locked !
avr. 09, 2017 1:44:06 PM gui.packaging.PACKAGING_UI0002_PasswordRequest connect
INFOS: User Admin   / 9999 connected to host O-EZZIOURI at 2017-04-09 13:44:06 Project : ENGINE.
avr. 09, 2017 1:44:20 PM entity.BaseHarness checkHarnessPartFormat
INFOS: Invalid Harness Part scanned [lkqjfkljwsdf] !
avr. 09, 2017 1:44:20 PM state.S020_HarnessPartScan doAction
AVERTISSEMENT: Invalid Harness Part scanned [lkqjfkljwsdf] !
avr. 09, 2017 1:44:29 PM entity.ConfigUcs isHarnessPartExist
INFOS: Searching Harness part [22630882] in ConfigUCS: ENGINE
avr. 09, 2017 1:44:29 PM entity.ConfigUcs isHarnessPartExist
INFOS: Harness part [22630882] found for project [ENGINE].
avr. 09, 2017 1:44:29 PM state.S020_HarnessPartScan doAction
INFOS: Harness Part scanned [P22630882] OK.
avr. 09, 2017 1:44:39 PM entity.BaseHarness isCounterExist
INFOS: Searching Harness counter [P2263088200000000000001] in BaseHarness.
avr. 09, 2017 1:44:39 PM entity.BaseHarness isCounterExist
INFOS: FROM BaseHarness bh WHERE bh.counter = :counter
avr. 09, 2017 1:44:39 PM state.S030_MatrixIdScan doAction
INFOS: Valid Harness Counter scanned [P2263088200000000000001] OK.
avr. 09, 2017 1:44:56 PM entity.BaseEngineLabel isLabelCodeExist
INFOS: Searching Engine Label code [00000000001] in BaseEngineLabel.
avr. 09, 2017 1:44:56 PM entity.BaseEngineLabel isLabelCodeExist
INFOS: FROM BaseEngineLabel bel WHERE bel.labelCode = :labelCode
avr. 09, 2017 1:44:56 PM entity.BaseEngineLabel isLabelCodeExist
INFOS: New label engine [00000000001]
avr. 09, 2017 1:44:56 PM state.S031_PlasticBagScan doAction
INFOS: First Valid Engine Label scanned [00000000001] OK.
avr. 09, 2017 1:45:00 PM entity.BaseEngineLabel isLabelCodeExist
INFOS: Searching Engine Label code [00000000002] in BaseEngineLabel.
avr. 09, 2017 1:45:00 PM entity.BaseEngineLabel isLabelCodeExist
INFOS: FROM BaseEngineLabel bel WHERE bel.labelCode = :labelCode
avr. 09, 2017 1:45:00 PM entity.BaseEngineLabel isLabelCodeExist
INFOS: New label engine [00000000002]
avr. 09, 2017 1:45:16 PM state.S040_PalletChoice doAction
INFOS: Is it a new pallet ?
avr. 09, 2017 1:45:16 PM state.S040_PalletChoice doAction
AVERTISSEMENT: Invalid OPEN PALLET barcode [200020905]!
avr. 09, 2017 1:46:12 PM state.S040_PalletChoice doAction
INFOS: Is it a new pallet ?
avr. 09, 2017 1:46:12 PM state.S040_PalletChoice doAction
AVERTISSEMENT: Vous êtes dans le poste O-EZZIOURI. Vous devez scanner le faisceau dans le poste WSP28C05 !
avr. 09, 2017 1:47:25 PM state.S040_PalletChoice doAction
INFOS: Is it a new pallet ?
avr. 09, 2017 1:47:53 PM state.S040_PalletChoice doAction
INFOS: Is it a new pallet ?
avr. 09, 2017 1:51:26 PM state.S040_PalletChoice doAction
INFOS: Is it a new pallet ?
avr. 09, 2017 1:51:32 PM state.S040_PalletChoice doAction
INFOS: Is it a new pallet ?
avr. 09, 2017 1:52:14 PM helper.Helper InitDailyDestPrintDir
INFOS: Print directory [.\print\2017_04_09] already exist!
Print sub directory [.\print\2017_04_09.\open_sheet] already exist!
Print sub directory [.\print\2017_04_09.\closing_sheet] already exist!
Print sub directory [.\print\2017_04_09.\picking_label] already exist!
Print sub directory [.\print\2017_04_09.\dispatch_label] already exist!

avr. 09, 2017 1:52:16 PM gui.packaging.PACKAGING_UI0001_Main loadBarcodeConfig
INFOS: FROM ConfigBarcode cb WHERE cb.keyWord = :keyWord ORDER BY id ASC
avr. 09, 2017 1:52:16 PM entity.ConfigProject select
INFOS: FROM ConfigProject bp ORDER BY harnessType ASC
avr. 09, 2017 1:52:16 PM entity.ConfigProject select
INFOS: FROM ConfigProject bp ORDER BY harnessType ASC
avr. 09, 2017 1:52:20 PM state.S010_UserCodeScan doAction
INFOS: Invalid matricule number or account locked !
avr. 09, 2017 1:52:22 PM gui.packaging.PACKAGING_UI0002_PasswordRequest connect
INFOS: User Admin   / 9999 connected to host O-EZZIOURI at 2017-04-09 13:52:22 Project : ENGINE.
avr. 09, 2017 1:52:29 PM entity.ConfigUcs isHarnessPartExist
INFOS: Searching Harness part [22630882] in ConfigUCS: ENGINE
avr. 09, 2017 1:52:29 PM entity.ConfigUcs isHarnessPartExist
INFOS: Harness part [22630882] found for project [ENGINE].
avr. 09, 2017 1:52:29 PM state.S020_HarnessPartScan doAction
INFOS: Harness Part scanned [P22630882] OK.
avr. 09, 2017 1:52:32 PM entity.BaseHarness isCounterExist
INFOS: Searching Harness counter [P2263088200000000000001] in BaseHarness.
avr. 09, 2017 1:52:32 PM entity.BaseHarness isCounterExist
INFOS: FROM BaseHarness bh WHERE bh.counter = :counter
avr. 09, 2017 1:52:32 PM state.S030_MatrixIdScan doAction
INFOS: Valid Harness Counter scanned [P2263088200000000000001] OK.
avr. 09, 2017 1:52:36 PM entity.BaseEngineLabel isLabelCodeExist
INFOS: Searching Engine Label code [00000000001] in BaseEngineLabel.
avr. 09, 2017 1:52:36 PM entity.BaseEngineLabel isLabelCodeExist
INFOS: FROM BaseEngineLabel bel WHERE bel.labelCode = :labelCode
avr. 09, 2017 1:52:36 PM entity.BaseEngineLabel isLabelCodeExist
INFOS: New label engine [00000000001]
avr. 09, 2017 1:52:36 PM state.S031_PlasticBagScan doAction
INFOS: First Valid Engine Label scanned [00000000001] OK.
avr. 09, 2017 1:52:40 PM entity.BaseEngineLabel isLabelCodeExist
INFOS: Searching Engine Label code [00000000002] in BaseEngineLabel.
avr. 09, 2017 1:52:40 PM entity.BaseEngineLabel isLabelCodeExist
INFOS: FROM BaseEngineLabel bel WHERE bel.labelCode = :labelCode
avr. 09, 2017 1:52:40 PM entity.BaseEngineLabel isLabelCodeExist
INFOS: New label engine [00000000002]
avr. 09, 2017 1:52:49 PM state.S040_PalletChoice doAction
INFOS: Is it a new pallet ?
avr. 09, 2017 1:52:49 PM state.S040_PalletChoice doAction
INFOS:  [No]
avr. 09, 2017 1:52:49 PM state.S040_PalletChoice doAction
INFOS: Pallet values 
avr. 09, 2017 1:52:49 PM state.S040_PalletChoice doAction
INFOS: State           :   [true]
avr. 09, 2017 1:52:49 PM state.S040_PalletChoice doAction
INFOS: Qty Expected    :   [24]
avr. 09, 2017 1:52:49 PM state.S040_PalletChoice doAction
INFOS: Qty Read        :   [20]
avr. 09, 2017 1:52:49 PM state.S040_PalletChoice doAction
INFOS: Std Time        :   [1.69]
avr. 09, 2017 1:52:49 PM state.S040_PalletChoice doAction
INFOS: Harness Part [22630882] = Context Harness Part [22630882]
avr. 09, 2017 1:52:49 PM state.S040_PalletChoice doAction
INFOS: Harness Type [ENGINE] = Context Harness Type [ENGINE]
avr. 09, 2017 2:30:52 PM gui.config.CONFIG_UI0000_AdminPassword checkLoginAndPass
INFOS: User Admin   / 9999 connected to host O-EZZIOURI at 2017-04-09 14:30:52 Module : Planner.
avr. 09, 2017 9:48:41 PM helper.Helper InitDailyDestPrintDir
INFOS: Print directory [.\print\2017_04_09] already exist!
Print sub directory [.\print\2017_04_09.\open_sheet] already exist!
Print sub directory [.\print\2017_04_09.\closing_sheet] already exist!
Print sub directory [.\print\2017_04_09.\picking_label] already exist!
Print sub directory [.\print\2017_04_09.\dispatch_label] already exist!

avr. 09, 2017 9:49:54 PM helper.Helper InitDailyDestPrintDir
INFOS: Print directory [.\print\2017_04_09] already exist!
Print sub directory [.\print\2017_04_09.\open_sheet] already exist!
Print sub directory [.\print\2017_04_09.\closing_sheet] already exist!
Print sub directory [.\print\2017_04_09.\picking_label] already exist!
Print sub directory [.\print\2017_04_09.\dispatch_label] already exist!

avr. 09, 2017 11:17:50 PM helper.Helper InitDailyDestPrintDir
INFOS: Print directory [.\print\2017_04_09] already exist!
Print sub directory [.\print\2017_04_09.\open_sheet] already exist!
Print sub directory [.\print\2017_04_09.\closing_sheet] already exist!
Print sub directory [.\print\2017_04_09.\picking_label] already exist!
Print sub directory [.\print\2017_04_09.\dispatch_label] already exist!

avr. 09, 2017 11:18:21 PM helper.Helper InitDailyDestPrintDir
INFOS: Print directory [.\print\2017_04_09] already exist!
Print sub directory [.\print\2017_04_09.\open_sheet] already exist!
Print sub directory [.\print\2017_04_09.\closing_sheet] already exist!
Print sub directory [.\print\2017_04_09.\picking_label] already exist!
Print sub directory [.\print\2017_04_09.\dispatch_label] already exist!

avr. 09, 2017 11:37:43 PM helper.Helper InitDailyDestPrintDir
INFOS: Print directory [.\print\2017_04_09] already exist!
Print sub directory [.\print\2017_04_09.\open_sheet] already exist!
Print sub directory [.\print\2017_04_09.\closing_sheet] already exist!
Print sub directory [.\print\2017_04_09.\picking_label] already exist!
Print sub directory [.\print\2017_04_09.\dispatch_label] already exist!

avr. 09, 2017 11:41:26 PM helper.Helper InitDailyDestPrintDir
INFOS: Print directory [.\print\2017_04_09] already exist!
Print sub directory [.\print\2017_04_09.\open_sheet] already exist!
Print sub directory [.\print\2017_04_09.\closing_sheet] already exist!
Print sub directory [.\print\2017_04_09.\picking_label] already exist!
Print sub directory [.\print\2017_04_09.\dispatch_label] already exist!

avr. 09, 2017 11:47:15 PM helper.Helper InitDailyDestPrintDir
INFOS: Print directory [.\print\2017_04_09] already exist!
Print sub directory [.\print\2017_04_09.\open_sheet] already exist!
Print sub directory [.\print\2017_04_09.\closing_sheet] already exist!
Print sub directory [.\print\2017_04_09.\picking_label] already exist!
Print sub directory [.\print\2017_04_09.\dispatch_label] already exist!

avr. 09, 2017 11:59:27 PM helper.Helper InitDailyDestPrintDir
INFOS: Print directory [.\print\2017_04_09] already exist!
Print sub directory [.\print\2017_04_09.\open_sheet] already exist!
Print sub directory [.\print\2017_04_09.\closing_sheet] already exist!
Print sub directory [.\print\2017_04_09.\picking_label] already exist!
Print sub directory [.\print\2017_04_09.\dispatch_label] already exist!

avr. 09, 2017 11:59:59 PM helper.Helper InitDailyDestPrintDir
INFOS: Print directory [.\print\2017_04_09] already exist!
Print sub directory [.\print\2017_04_09.\open_sheet] already exist!
Print sub directory [.\print\2017_04_09.\closing_sheet] already exist!
Print sub directory [.\print\2017_04_09.\picking_label] already exist!
Print sub directory [.\print\2017_04_09.\dispatch_label] already exist!

