mai 10, 2017 12:01:10 AM helper.Helper InitDailyDestPrintDir
INFOS: Print directory [.\print\2017_05_10] is created!
Print sub directory [.\print\2017_05_10.\open_sheet] is created!
Print sub directory [.\print\2017_05_10.\closing_sheet] is created!
Print sub directory [.\print\2017_05_10.\picking_label] is created!
Print sub directory [.\print\2017_05_10.\dispatch_label] is created!

mai 10, 2017 12:01:15 AM gui.warehouse_dispatch.WAREHOUSE_DISPATCH_UI0003_PasswordRequest connect
INFOS: User Admin   / 9999 connected to host O-EZZIOURI at 2017-05-10 00:01:15 Dispatch interface : .
mai 10, 2017 12:02:19 AM helper.Helper InitDailyDestPrintDir
INFOS: Print directory [.\print\2017_05_10] already exist!
Print sub directory [.\print\2017_05_10.\open_sheet] already exist!
Print sub directory [.\print\2017_05_10.\closing_sheet] already exist!
Print sub directory [.\print\2017_05_10.\picking_label] already exist!
Print sub directory [.\print\2017_05_10.\dispatch_label] already exist!

mai 10, 2017 12:02:23 AM gui.warehouse_dispatch.WAREHOUSE_DISPATCH_UI0003_PasswordRequest connect
INFOS: User Admin   / 9999 connected to host O-EZZIOURI at 2017-05-10 00:02:23 Dispatch interface : .
mai 10, 2017 12:04:15 AM helper.Helper InitDailyDestPrintDir
INFOS: Print directory [.\print\2017_05_10] already exist!
Print sub directory [.\print\2017_05_10.\open_sheet] already exist!
Print sub directory [.\print\2017_05_10.\closing_sheet] already exist!
Print sub directory [.\print\2017_05_10.\picking_label] already exist!
Print sub directory [.\print\2017_05_10.\dispatch_label] already exist!

mai 10, 2017 12:04:18 AM gui.warehouse_dispatch.WAREHOUSE_DISPATCH_UI0003_PasswordRequest connect
INFOS: User Admin   / 9999 connected to host O-EZZIOURI at 2017-05-10 00:04:18 Dispatch interface : .
mai 10, 2017 12:06:21 AM helper.Helper InitDailyDestPrintDir
INFOS: Print directory [.\print\2017_05_10] already exist!
Print sub directory [.\print\2017_05_10.\open_sheet] already exist!
Print sub directory [.\print\2017_05_10.\closing_sheet] already exist!
Print sub directory [.\print\2017_05_10.\picking_label] already exist!
Print sub directory [.\print\2017_05_10.\dispatch_label] already exist!

mai 10, 2017 12:06:25 AM gui.warehouse_dispatch.WAREHOUSE_DISPATCH_UI0003_PasswordRequest connect
INFOS: User Admin   / 9999 connected to host O-EZZIOURI at 2017-05-10 00:06:25 Dispatch interface : .
mai 10, 2017 12:11:31 AM helper.Helper InitDailyDestPrintDir
INFOS: Print directory [.\print\2017_05_10] already exist!
Print sub directory [.\print\2017_05_10.\open_sheet] already exist!
Print sub directory [.\print\2017_05_10.\closing_sheet] already exist!
Print sub directory [.\print\2017_05_10.\picking_label] already exist!
Print sub directory [.\print\2017_05_10.\dispatch_label] already exist!

mai 10, 2017 12:11:34 AM gui.warehouse_dispatch.WAREHOUSE_DISPATCH_UI0003_PasswordRequest connect
INFOS: User Admin   / 9999 connected to host O-EZZIOURI at 2017-05-10 00:11:34 Dispatch interface : .
mai 10, 2017 12:14:51 AM helper.Helper InitDailyDestPrintDir
INFOS: Print directory [.\print\2017_05_10] already exist!
Print sub directory [.\print\2017_05_10.\open_sheet] already exist!
Print sub directory [.\print\2017_05_10.\closing_sheet] already exist!
Print sub directory [.\print\2017_05_10.\picking_label] already exist!
Print sub directory [.\print\2017_05_10.\dispatch_label] already exist!

mai 10, 2017 12:15:01 AM gui.warehouse_dispatch.WAREHOUSE_DISPATCH_UI0003_PasswordRequest connect
INFOS: User Admin   / 9999 connected to host O-EZZIOURI at 2017-05-10 00:15:01 Dispatch interface : .
mai 10, 2017 12:20:06 AM helper.Helper InitDailyDestPrintDir
INFOS: Print directory [.\print\2017_05_10] already exist!
Print sub directory [.\print\2017_05_10.\open_sheet] already exist!
Print sub directory [.\print\2017_05_10.\closing_sheet] already exist!
Print sub directory [.\print\2017_05_10.\picking_label] already exist!
Print sub directory [.\print\2017_05_10.\dispatch_label] already exist!

mai 10, 2017 12:20:13 AM gui.warehouse_dispatch.WAREHOUSE_DISPATCH_UI0003_PasswordRequest connect
INFOS: User Admin   / 9999 connected to host O-EZZIOURI at 2017-05-10 00:20:13 Dispatch interface : .
mai 10, 2017 12:21:47 AM helper.Helper InitDailyDestPrintDir
INFOS: Print directory [.\print\2017_05_10] already exist!
Print sub directory [.\print\2017_05_10.\open_sheet] already exist!
Print sub directory [.\print\2017_05_10.\closing_sheet] already exist!
Print sub directory [.\print\2017_05_10.\picking_label] already exist!
Print sub directory [.\print\2017_05_10.\dispatch_label] already exist!

mai 10, 2017 12:21:51 AM gui.warehouse_dispatch.WAREHOUSE_DISPATCH_UI0003_PasswordRequest connect
INFOS: User Admin   / 9999 connected to host O-EZZIOURI at 2017-05-10 00:21:51 Dispatch interface : .
mai 10, 2017 12:23:10 AM helper.Helper InitDailyDestPrintDir
INFOS: Print directory [.\print\2017_05_10] already exist!
Print sub directory [.\print\2017_05_10.\open_sheet] already exist!
Print sub directory [.\print\2017_05_10.\closing_sheet] already exist!
Print sub directory [.\print\2017_05_10.\picking_label] already exist!
Print sub directory [.\print\2017_05_10.\dispatch_label] already exist!

mai 10, 2017 12:23:24 AM gui.warehouse_dispatch.WAREHOUSE_DISPATCH_UI0003_PasswordRequest connect
INFOS: User Admin   / 9999 connected to host O-EZZIOURI at 2017-05-10 00:23:24 Dispatch interface : .
mai 10, 2017 12:25:57 AM helper.Helper InitDailyDestPrintDir
INFOS: Print directory [.\print\2017_05_10] already exist!
Print sub directory [.\print\2017_05_10.\open_sheet] already exist!
Print sub directory [.\print\2017_05_10.\closing_sheet] already exist!
Print sub directory [.\print\2017_05_10.\picking_label] already exist!
Print sub directory [.\print\2017_05_10.\dispatch_label] already exist!

mai 10, 2017 12:26:44 AM gui.warehouse_dispatch.WAREHOUSE_DISPATCH_UI0003_PasswordRequest connect
INFOS: User Admin   / 9999 connected to host O-EZZIOURI at 2017-05-10 00:26:44 Dispatch interface : .
mai 10, 2017 11:14:30 AM helper.Helper InitDailyDestPrintDir
INFOS: Print directory [.\print\2017_05_10] already exist!
Print sub directory [.\print\2017_05_10.\open_sheet] already exist!
Print sub directory [.\print\2017_05_10.\closing_sheet] already exist!
Print sub directory [.\print\2017_05_10.\picking_label] already exist!
Print sub directory [.\print\2017_05_10.\dispatch_label] already exist!

mai 10, 2017 11:14:36 AM gui.warehouse_dispatch.WAREHOUSE_DISPATCH_UI0003_PasswordRequest connect
INFOS: User Admin   / 9999 connected to host WSMA7040 at 2017-05-10 11:14:36 Dispatch interface : .
mai 10, 2017 11:15:42 AM gui.warehouse_dispatch.WAREHOUSE_DISPATCH_UI0003_PasswordRequest connect
INFOS: User Admin   / 9999 connected to host WSMA7040 at 2017-05-10 11:15:42 Dispatch interface : .
mai 10, 2017 11:17:11 AM helper.Helper InitDailyDestPrintDir
INFOS: Print directory [.\print\2017_05_10] already exist!
Print sub directory [.\print\2017_05_10.\open_sheet] already exist!
Print sub directory [.\print\2017_05_10.\closing_sheet] already exist!
Print sub directory [.\print\2017_05_10.\picking_label] already exist!
Print sub directory [.\print\2017_05_10.\dispatch_label] already exist!

mai 10, 2017 11:17:32 AM gui.warehouse_dispatch.WAREHOUSE_DISPATCH_UI0003_PasswordRequest connect
INFOS: User Admin   / 9999 connected to host WSMA7040 at 2017-05-10 11:17:32 Dispatch interface : .
mai 10, 2017 11:17:52 AM helper.Helper InitDailyDestPrintDir
INFOS: Print directory [.\print\2017_05_10] already exist!
Print sub directory [.\print\2017_05_10.\open_sheet] already exist!
Print sub directory [.\print\2017_05_10.\closing_sheet] already exist!
Print sub directory [.\print\2017_05_10.\picking_label] already exist!
Print sub directory [.\print\2017_05_10.\dispatch_label] already exist!

mai 10, 2017 11:17:57 AM gui.warehouse_dispatch.WAREHOUSE_DISPATCH_UI0003_PasswordRequest connect
INFOS: User Admin   / 9999 connected to host WSMA7040 at 2017-05-10 11:17:57 Dispatch interface : .
mai 10, 2017 11:19:25 AM helper.Helper InitDailyDestPrintDir
INFOS: Print directory [.\print\2017_05_10] already exist!
Print sub directory [.\print\2017_05_10.\open_sheet] already exist!
Print sub directory [.\print\2017_05_10.\closing_sheet] already exist!
Print sub directory [.\print\2017_05_10.\picking_label] already exist!
Print sub directory [.\print\2017_05_10.\dispatch_label] already exist!

mai 10, 2017 11:19:28 AM gui.warehouse_dispatch.WAREHOUSE_DISPATCH_UI0003_PasswordRequest connect
INFOS: User Admin   / 9999 connected to host WSMA7040 at 2017-05-10 11:19:28 Dispatch interface : .
mai 10, 2017 11:19:43 AM gui.warehouse_dispatch.WAREHOUSE_DISPATCH_UI0003_PasswordRequest connect
INFOS: User Admin   / 9999 connected to host WSMA7040 at 2017-05-10 11:19:43 Dispatch interface : .
mai 10, 2017 11:20:23 AM helper.Helper InitDailyDestPrintDir
INFOS: Print directory [.\print\2017_05_10] already exist!
Print sub directory [.\print\2017_05_10.\open_sheet] already exist!
Print sub directory [.\print\2017_05_10.\closing_sheet] already exist!
Print sub directory [.\print\2017_05_10.\picking_label] already exist!
Print sub directory [.\print\2017_05_10.\dispatch_label] already exist!

mai 10, 2017 11:20:26 AM gui.warehouse_dispatch.WAREHOUSE_DISPATCH_UI0003_PasswordRequest connect
INFOS: User Admin   / 9999 connected to host WSMA7040 at 2017-05-10 11:20:26 Dispatch interface : .
mai 10, 2017 11:21:13 AM helper.Helper InitDailyDestPrintDir
INFOS: Print directory [.\print\2017_05_10] already exist!
Print sub directory [.\print\2017_05_10.\open_sheet] already exist!
Print sub directory [.\print\2017_05_10.\closing_sheet] already exist!
Print sub directory [.\print\2017_05_10.\picking_label] already exist!
Print sub directory [.\print\2017_05_10.\dispatch_label] already exist!

mai 10, 2017 11:21:35 AM gui.warehouse_dispatch.WAREHOUSE_DISPATCH_UI0003_PasswordRequest connect
INFOS: User Admin   / 9999 connected to host WSMA7040 at 2017-05-10 11:21:35 Dispatch interface : .
mai 10, 2017 11:31:12 AM helper.Helper InitDailyDestPrintDir
INFOS: Print directory [.\print\2017_05_10] already exist!
Print sub directory [.\print\2017_05_10.\open_sheet] already exist!
Print sub directory [.\print\2017_05_10.\closing_sheet] already exist!
Print sub directory [.\print\2017_05_10.\picking_label] already exist!
Print sub directory [.\print\2017_05_10.\dispatch_label] already exist!

mai 10, 2017 11:31:17 AM gui.warehouse_dispatch.WAREHOUSE_DISPATCH_UI0003_PasswordRequest connect
INFOS: User Admin   / 9999 connected to host WSMA7040 at 2017-05-10 11:31:17 Dispatch interface : .
mai 10, 2017 11:37:07 AM helper.Helper InitDailyDestPrintDir
INFOS: Print directory [.\print\2017_05_10] already exist!
Print sub directory [.\print\2017_05_10.\open_sheet] already exist!
Print sub directory [.\print\2017_05_10.\closing_sheet] already exist!
Print sub directory [.\print\2017_05_10.\picking_label] already exist!
Print sub directory [.\print\2017_05_10.\dispatch_label] already exist!

mai 10, 2017 11:37:10 AM gui.warehouse_dispatch.WAREHOUSE_DISPATCH_UI0003_PasswordRequest connect
INFOS: User Admin   / 9999 connected to host WSMA7040 at 2017-05-10 11:37:10 Dispatch interface : .
mai 10, 2017 11:41:37 AM helper.Helper InitDailyDestPrintDir
INFOS: Print directory [.\print\2017_05_10] already exist!
Print sub directory [.\print\2017_05_10.\open_sheet] already exist!
Print sub directory [.\print\2017_05_10.\closing_sheet] already exist!
Print sub directory [.\print\2017_05_10.\picking_label] already exist!
Print sub directory [.\print\2017_05_10.\dispatch_label] already exist!

mai 10, 2017 11:41:41 AM gui.warehouse_dispatch.WAREHOUSE_DISPATCH_UI0003_PasswordRequest connect
INFOS: User Admin   / 9999 connected to host WSMA7040 at 2017-05-10 11:41:41 Dispatch interface : .
mai 10, 2017 11:41:56 AM helper.Helper InitDailyDestPrintDir
INFOS: Print directory [.\print\2017_05_10] already exist!
Print sub directory [.\print\2017_05_10.\open_sheet] already exist!
Print sub directory [.\print\2017_05_10.\closing_sheet] already exist!
Print sub directory [.\print\2017_05_10.\picking_label] already exist!
Print sub directory [.\print\2017_05_10.\dispatch_label] already exist!

mai 10, 2017 11:41:59 AM gui.warehouse_dispatch.WAREHOUSE_DISPATCH_UI0003_PasswordRequest connect
INFOS: User Admin   / 9999 connected to host WSMA7040 at 2017-05-10 11:41:59 Dispatch interface : .
mai 10, 2017 11:42:49 AM helper.Helper InitDailyDestPrintDir
INFOS: Print directory [.\print\2017_05_10] already exist!
Print sub directory [.\print\2017_05_10.\open_sheet] already exist!
Print sub directory [.\print\2017_05_10.\closing_sheet] already exist!
Print sub directory [.\print\2017_05_10.\picking_label] already exist!
Print sub directory [.\print\2017_05_10.\dispatch_label] already exist!

mai 10, 2017 11:42:51 AM gui.warehouse_dispatch.WAREHOUSE_DISPATCH_UI0003_PasswordRequest connect
INFOS: User Admin   / 9999 connected to host WSMA7040 at 2017-05-10 11:42:51 Dispatch interface : .
mai 10, 2017 11:45:56 AM helper.Helper InitDailyDestPrintDir
INFOS: Print directory [.\print\2017_05_10] already exist!
Print sub directory [.\print\2017_05_10.\open_sheet] already exist!
Print sub directory [.\print\2017_05_10.\closing_sheet] already exist!
Print sub directory [.\print\2017_05_10.\picking_label] already exist!
Print sub directory [.\print\2017_05_10.\dispatch_label] already exist!

mai 10, 2017 11:45:59 AM gui.warehouse_dispatch.WAREHOUSE_DISPATCH_UI0003_PasswordRequest connect
INFOS: User Admin   / 9999 connected to host WSMA7040 at 2017-05-10 11:45:59 Dispatch interface : .
mai 10, 2017 11:50:15 AM helper.Helper InitDailyDestPrintDir
INFOS: Print directory [.\print\2017_05_10] already exist!
Print sub directory [.\print\2017_05_10.\open_sheet] already exist!
Print sub directory [.\print\2017_05_10.\closing_sheet] already exist!
Print sub directory [.\print\2017_05_10.\picking_label] already exist!
Print sub directory [.\print\2017_05_10.\dispatch_label] already exist!

mai 10, 2017 11:50:19 AM gui.warehouse_dispatch.WAREHOUSE_DISPATCH_UI0003_PasswordRequest connect
INFOS: User Admin   / 9999 connected to host WSMA7040 at 2017-05-10 11:50:19 Dispatch interface : .
mai 10, 2017 11:57:37 AM helper.Helper InitDailyDestPrintDir
INFOS: Print directory [.\print\2017_05_10] already exist!
Print sub directory [.\print\2017_05_10.\open_sheet] already exist!
Print sub directory [.\print\2017_05_10.\closing_sheet] already exist!
Print sub directory [.\print\2017_05_10.\picking_label] already exist!
Print sub directory [.\print\2017_05_10.\dispatch_label] already exist!

mai 10, 2017 11:57:41 AM gui.warehouse_dispatch.WAREHOUSE_DISPATCH_UI0003_PasswordRequest connect
INFOS: User Admin   / 9999 connected to host WSMA7040 at 2017-05-10 11:57:41 Dispatch interface : .
mai 10, 2017 12:03:33 PM gui.packaging.PACKAGING_UI0001_Main loadBarcodeConfig
INFOS: FROM ConfigBarcode cb WHERE cb.keyWord = :keyWord ORDER BY id ASC
mai 10, 2017 12:03:33 PM entity.ConfigProject select
INFOS: FROM ConfigProject bp ORDER BY harnessType ASC
mai 10, 2017 12:03:33 PM entity.ConfigProject select
INFOS: FROM ConfigProject bp ORDER BY harnessType ASC
mai 10, 2017 12:03:35 PM entity.ConfigSegment select
INFOS: FROM ConfigSegment bp ORDER BY segment ASC
mai 10, 2017 12:08:47 PM helper.Helper InitDailyDestPrintDir
INFOS: Print directory [.\print\2017_05_10] already exist!
Print sub directory [.\print\2017_05_10.\open_sheet] already exist!
Print sub directory [.\print\2017_05_10.\closing_sheet] already exist!
Print sub directory [.\print\2017_05_10.\picking_label] already exist!
Print sub directory [.\print\2017_05_10.\dispatch_label] already exist!

mai 10, 2017 12:08:51 PM gui.warehouse_dispatch.WAREHOUSE_DISPATCH_UI0003_PasswordRequest connect
INFOS: User Admin   / 9999 connected to host WSMA7040 at 2017-05-10 12:08:51 Dispatch interface : .
mai 10, 2017 2:39:15 PM helper.Helper InitDailyDestPrintDir
INFOS: Print directory [.\print\2017_05_10] already exist!
Print sub directory [.\print\2017_05_10.\open_sheet] already exist!
Print sub directory [.\print\2017_05_10.\closing_sheet] already exist!
Print sub directory [.\print\2017_05_10.\picking_label] already exist!
Print sub directory [.\print\2017_05_10.\dispatch_label] already exist!

mai 10, 2017 2:39:45 PM gui.warehouse_dispatch.WAREHOUSE_DISPATCH_UI0003_PasswordRequest connect
INFOS: User Admin   / 9999 connected to host WSMA7040 at 2017-05-10 14:39:45 Dispatch interface : .
mai 10, 2017 2:39:59 PM gui.packaging.PACKAGING_UI0001_Main loadBarcodeConfig
INFOS: FROM ConfigBarcode cb WHERE cb.keyWord = :keyWord ORDER BY id ASC
mai 10, 2017 2:39:59 PM entity.ConfigProject select
INFOS: FROM ConfigProject bp ORDER BY harnessType ASC
mai 10, 2017 2:39:59 PM entity.ConfigProject select
INFOS: FROM ConfigProject bp ORDER BY harnessType ASC
mai 10, 2017 2:40:02 PM state.S010_UserCodeScan doAction
INFOS: Invalid matricule number or account locked !
mai 10, 2017 2:40:02 PM gui.packaging.PACKAGING_UI0002_PasswordRequest connect
INFOS: User Admin   / 9999 connected to host WSMA7040 at 2017-05-10 14:40:02 Project : ENGINE.
mai 10, 2017 2:40:07 PM entity.ConfigSegment select
INFOS: FROM ConfigSegment bp ORDER BY segment ASC
mai 10, 2017 2:40:10 PM entity.ConfigSegment select
INFOS: FROM ConfigSegment bp ORDER BY segment ASC
mai 10, 2017 2:40:10 PM entity.ConfigWorkplace select
INFOS: FROM ConfigWorkplace bp ORDER BY workplace ASC
mai 10, 2017 2:40:10 PM entity.ConfigSegment select
INFOS: FROM ConfigSegment bp ORDER BY segment ASC
mai 10, 2017 2:40:10 PM entity.ConfigWorkplace select
INFOS: FROM ConfigWorkplace bp ORDER BY workplace ASC
mai 10, 2017 2:40:14 PM entity.ConfigSegment select
INFOS: FROM ConfigSegment bp ORDER BY segment ASC
mai 10, 2017 2:40:14 PM entity.ConfigWorkplace select
INFOS: FROM ConfigWorkplace bp ORDER BY workplace ASC
mai 10, 2017 2:40:24 PM helper.Helper InitDailyDestPrintDir
INFOS: nullPrint directory [.\print\2017_05_10] already exist!
Print sub directory [.\print\2017_05_10.\open_sheet] already exist!
Print sub directory [.\print\2017_05_10.\closing_sheet] already exist!
Print sub directory [.\print\2017_05_10.\picking_label] already exist!
Print sub directory [.\print\2017_05_10.\dispatch_label] already exist!

mai 10, 2017 2:40:25 PM helper.PrinterHelper saveAndPrintClosingSheet
INFOS: Set Closing Pallet item [14199] state to [IN_PROCESS]
mai 10, 2017 2:40:25 PM print.PrintClosingPallet_A5 sentToDefaultDesktopPrinter
INFOS: Sending [.\print\2017_05_10\closing_sheet\PrintClosingPallet_A5_22347220_2017_05_10_14_40_24.pdf] to the default printer...
mai 10, 2017 2:40:25 PM print.PrintClosingPallet_A5 sentToDefaultDesktopPrinter
INFOS: File [%s] has been printed.
mai 10, 2017 2:40:25 PM helper.PrinterHelper saveAndPrintClosingSheet
INFOS: Set Closing Pallet [14199] state to [PRINTED]
mai 10, 2017 2:44:03 PM helper.Helper InitDailyDestPrintDir
INFOS: Print directory [.\print\2017_05_10] already exist!
Print sub directory [.\print\2017_05_10.\open_sheet] already exist!
Print sub directory [.\print\2017_05_10.\closing_sheet] already exist!
Print sub directory [.\print\2017_05_10.\picking_label] already exist!
Print sub directory [.\print\2017_05_10.\dispatch_label] already exist!

mai 10, 2017 2:45:05 PM gui.packaging.PACKAGING_UI0001_Main loadBarcodeConfig
INFOS: FROM ConfigBarcode cb WHERE cb.keyWord = :keyWord ORDER BY id ASC
mai 10, 2017 2:45:05 PM entity.ConfigProject select
INFOS: FROM ConfigProject bp ORDER BY harnessType ASC
mai 10, 2017 2:45:05 PM entity.ConfigProject select
INFOS: FROM ConfigProject bp ORDER BY harnessType ASC
mai 10, 2017 2:45:08 PM state.S010_UserCodeScan doAction
INFOS: Invalid matricule number or account locked !
mai 10, 2017 2:45:09 PM state.S010_UserCodeScan doAction
INFOS: Invalid matricule number or account locked !
mai 10, 2017 2:45:10 PM state.S010_UserCodeScan doAction
INFOS: Invalid matricule number or account locked !
mai 10, 2017 2:45:10 PM gui.packaging.PACKAGING_UI0002_PasswordRequest connect
INFOS: User Admin   / 9999 connected to host WSMA7040 at 2017-05-10 14:45:10 Project : ENGINE.
mai 10, 2017 2:45:13 PM entity.ConfigSegment select
INFOS: FROM ConfigSegment bp ORDER BY segment ASC
mai 10, 2017 2:45:16 PM entity.ConfigSegment select
INFOS: FROM ConfigSegment bp ORDER BY segment ASC
mai 10, 2017 2:45:16 PM entity.ConfigWorkplace select
INFOS: FROM ConfigWorkplace bp ORDER BY workplace ASC
mai 10, 2017 2:45:16 PM entity.ConfigSegment select
INFOS: FROM ConfigSegment bp ORDER BY segment ASC
mai 10, 2017 2:45:16 PM entity.ConfigWorkplace select
INFOS: FROM ConfigWorkplace bp ORDER BY workplace ASC
mai 10, 2017 2:45:16 PM entity.ConfigSegment select
INFOS: FROM ConfigSegment bp ORDER BY segment ASC
mai 10, 2017 2:45:16 PM entity.ConfigWorkplace select
INFOS: FROM ConfigWorkplace bp ORDER BY workplace ASC
mai 10, 2017 2:45:20 PM helper.Helper InitDailyDestPrintDir
INFOS: nullPrint directory [.\print\2017_05_10] already exist!
Print sub directory [.\print\2017_05_10.\open_sheet] already exist!
Print sub directory [.\print\2017_05_10.\closing_sheet] already exist!
Print sub directory [.\print\2017_05_10.\picking_label] already exist!
Print sub directory [.\print\2017_05_10.\dispatch_label] already exist!

mai 10, 2017 2:45:20 PM helper.PrinterHelper saveAndPrintClosingSheet
INFOS: Set Closing Pallet item [14199] state to [IN_PROCESS]
mai 10, 2017 2:45:20 PM print.PrintClosingPallet_A5 sentToDefaultDesktopPrinter
INFOS: Sending [.\print\2017_05_10\closing_sheet\PrintClosingPallet_A5_22347220_2017_05_10_14_45_20.pdf] to the default printer...
mai 10, 2017 2:45:20 PM print.PrintClosingPallet_A5 sentToDefaultDesktopPrinter
INFOS: File [%s] has been printed.
mai 10, 2017 2:45:20 PM helper.PrinterHelper saveAndPrintClosingSheet
INFOS: Set Closing Pallet [14199] state to [PRINTED]
mai 10, 2017 2:46:01 PM helper.Helper InitDailyDestPrintDir
INFOS: Print directory [.\print\2017_05_10] already exist!
Print sub directory [.\print\2017_05_10.\open_sheet] already exist!
Print sub directory [.\print\2017_05_10.\closing_sheet] already exist!
Print sub directory [.\print\2017_05_10.\picking_label] already exist!
Print sub directory [.\print\2017_05_10.\dispatch_label] already exist!

mai 10, 2017 2:46:18 PM gui.packaging.PACKAGING_UI0001_Main loadBarcodeConfig
INFOS: FROM ConfigBarcode cb WHERE cb.keyWord = :keyWord ORDER BY id ASC
mai 10, 2017 2:46:18 PM entity.ConfigProject select
INFOS: FROM ConfigProject bp ORDER BY harnessType ASC
mai 10, 2017 2:46:18 PM entity.ConfigProject select
INFOS: FROM ConfigProject bp ORDER BY harnessType ASC
mai 10, 2017 2:46:55 PM state.S010_UserCodeScan doAction
INFOS: Invalid matricule number or account locked !
mai 10, 2017 2:46:56 PM gui.packaging.PACKAGING_UI0002_PasswordRequest connect
INFOS: User Admin   / 9999 connected to host WSMA7040 at 2017-05-10 14:46:56 Project : ENGINE.
mai 10, 2017 2:47:12 PM helper.Helper InitDailyDestPrintDir
INFOS: nullPrint directory [.\print\2017_05_10] already exist!
Print sub directory [.\print\2017_05_10.\open_sheet] already exist!
Print sub directory [.\print\2017_05_10.\closing_sheet] already exist!
Print sub directory [.\print\2017_05_10.\picking_label] already exist!
Print sub directory [.\print\2017_05_10.\dispatch_label] already exist!

mai 10, 2017 2:47:13 PM helper.PrinterHelper saveAndPrintClosingSheet
INFOS: Set Closing Pallet item [14199] state to [IN_PROCESS]
mai 10, 2017 2:47:13 PM print.PrintClosingPallet_A5 sentToDefaultDesktopPrinter
INFOS: Sending [.\print\2017_05_10\closing_sheet\PrintClosingPallet_A5_22347220_2017_05_10_14_47_12.pdf] to the default printer...
mai 10, 2017 2:47:13 PM print.PrintClosingPallet_A5 sentToDefaultDesktopPrinter
INFOS: File [%s] has been printed.
mai 10, 2017 2:47:13 PM helper.PrinterHelper saveAndPrintClosingSheet
INFOS: Set Closing Pallet [14199] state to [PRINTED]
mai 10, 2017 2:47:40 PM helper.Helper InitDailyDestPrintDir
INFOS: Print directory [.\print\2017_05_10] already exist!
Print sub directory [.\print\2017_05_10.\open_sheet] already exist!
Print sub directory [.\print\2017_05_10.\closing_sheet] already exist!
Print sub directory [.\print\2017_05_10.\picking_label] already exist!
Print sub directory [.\print\2017_05_10.\dispatch_label] already exist!

mai 10, 2017 2:47:43 PM gui.packaging.PACKAGING_UI0001_Main loadBarcodeConfig
INFOS: FROM ConfigBarcode cb WHERE cb.keyWord = :keyWord ORDER BY id ASC
mai 10, 2017 2:47:43 PM entity.ConfigProject select
INFOS: FROM ConfigProject bp ORDER BY harnessType ASC
mai 10, 2017 2:47:43 PM entity.ConfigProject select
INFOS: FROM ConfigProject bp ORDER BY harnessType ASC
mai 10, 2017 2:47:46 PM state.S010_UserCodeScan doAction
INFOS: Invalid matricule number or account locked !
mai 10, 2017 2:47:46 PM gui.packaging.PACKAGING_UI0002_PasswordRequest connect
INFOS: User Admin   / 9999 connected to host WSMA7040 at 2017-05-10 14:47:46 Project : ENGINE.
mai 10, 2017 2:47:47 PM entity.ConfigSegment select
INFOS: FROM ConfigSegment bp ORDER BY segment ASC
mai 10, 2017 2:47:53 PM helper.Helper InitDailyDestPrintDir
INFOS: nullPrint directory [.\print\2017_05_10] already exist!
Print sub directory [.\print\2017_05_10.\open_sheet] already exist!
Print sub directory [.\print\2017_05_10.\closing_sheet] already exist!
Print sub directory [.\print\2017_05_10.\picking_label] already exist!
Print sub directory [.\print\2017_05_10.\dispatch_label] already exist!

mai 10, 2017 2:47:53 PM helper.PrinterHelper saveAndPrintClosingSheet
INFOS: Set Closing Pallet item [14199] state to [IN_PROCESS]
mai 10, 2017 2:47:53 PM print.PrintClosingPallet_A5 sentToDefaultDesktopPrinter
INFOS: Sending [.\print\2017_05_10\closing_sheet\PrintClosingPallet_A5_22347220_2017_05_10_14_47_53.pdf] to the default printer...
mai 10, 2017 2:47:53 PM print.PrintClosingPallet_A5 sentToDefaultDesktopPrinter
INFOS: File [%s] has been printed.
mai 10, 2017 2:47:53 PM helper.PrinterHelper saveAndPrintClosingSheet
INFOS: Set Closing Pallet [14199] state to [PRINTED]
mai 10, 2017 2:48:33 PM helper.Helper InitDailyDestPrintDir
INFOS: Print directory [.\print\2017_05_10] already exist!
Print sub directory [.\print\2017_05_10.\open_sheet] already exist!
Print sub directory [.\print\2017_05_10.\closing_sheet] already exist!
Print sub directory [.\print\2017_05_10.\picking_label] already exist!
Print sub directory [.\print\2017_05_10.\dispatch_label] already exist!

mai 10, 2017 2:48:36 PM gui.packaging.PACKAGING_UI0001_Main loadBarcodeConfig
INFOS: FROM ConfigBarcode cb WHERE cb.keyWord = :keyWord ORDER BY id ASC
mai 10, 2017 2:48:36 PM entity.ConfigProject select
INFOS: FROM ConfigProject bp ORDER BY harnessType ASC
mai 10, 2017 2:48:36 PM entity.ConfigProject select
INFOS: FROM ConfigProject bp ORDER BY harnessType ASC
mai 10, 2017 2:48:38 PM state.S010_UserCodeScan doAction
INFOS: Invalid matricule number or account locked !
mai 10, 2017 2:48:38 PM state.S010_UserCodeScan doAction
INFOS: Invalid matricule number or account locked !
mai 10, 2017 2:48:40 PM state.S010_UserCodeScan doAction
INFOS: Invalid matricule number or account locked !
mai 10, 2017 2:48:40 PM gui.packaging.PACKAGING_UI0002_PasswordRequest connect
INFOS: User Admin   / 9999 connected to host WSMA7040 at 2017-05-10 14:48:40 Project : ENGINE.
mai 10, 2017 2:48:47 PM helper.Helper InitDailyDestPrintDir
INFOS: nullPrint directory [.\print\2017_05_10] already exist!
Print sub directory [.\print\2017_05_10.\open_sheet] already exist!
Print sub directory [.\print\2017_05_10.\closing_sheet] already exist!
Print sub directory [.\print\2017_05_10.\picking_label] already exist!
Print sub directory [.\print\2017_05_10.\dispatch_label] already exist!

mai 10, 2017 2:48:48 PM helper.PrinterHelper saveAndPrintClosingSheet
INFOS: Set Closing Pallet item [14199] state to [IN_PROCESS]
mai 10, 2017 2:48:48 PM print.PrintClosingPallet_A5 sentToDefaultDesktopPrinter
INFOS: Sending [.\print\2017_05_10\closing_sheet\PrintClosingPallet_A5_22347220_2017_05_10_14_48_47.pdf] to the default printer...
mai 10, 2017 2:48:48 PM print.PrintClosingPallet_A5 sentToDefaultDesktopPrinter
INFOS: File [%s] has been printed.
mai 10, 2017 2:48:48 PM helper.PrinterHelper saveAndPrintClosingSheet
INFOS: Set Closing Pallet [14199] state to [PRINTED]
mai 10, 2017 2:49:05 PM helper.Helper InitDailyDestPrintDir
INFOS: Print directory [.\print\2017_05_10] already exist!
Print sub directory [.\print\2017_05_10.\open_sheet] already exist!
Print sub directory [.\print\2017_05_10.\closing_sheet] already exist!
Print sub directory [.\print\2017_05_10.\picking_label] already exist!
Print sub directory [.\print\2017_05_10.\dispatch_label] already exist!

mai 10, 2017 2:49:08 PM gui.packaging.PACKAGING_UI0001_Main loadBarcodeConfig
INFOS: FROM ConfigBarcode cb WHERE cb.keyWord = :keyWord ORDER BY id ASC
mai 10, 2017 2:49:08 PM entity.ConfigProject select
INFOS: FROM ConfigProject bp ORDER BY harnessType ASC
mai 10, 2017 2:49:08 PM entity.ConfigProject select
INFOS: FROM ConfigProject bp ORDER BY harnessType ASC
mai 10, 2017 2:49:10 PM state.S010_UserCodeScan doAction
INFOS: Invalid matricule number or account locked !
mai 10, 2017 2:49:11 PM gui.packaging.PACKAGING_UI0002_PasswordRequest connect
INFOS: User Admin   / 9999 connected to host WSMA7040 at 2017-05-10 14:49:11 Project : ENGINE.
mai 10, 2017 2:49:12 PM entity.ConfigSegment select
INFOS: FROM ConfigSegment bp ORDER BY segment ASC
mai 10, 2017 2:49:19 PM helper.Helper InitDailyDestPrintDir
INFOS: nullPrint directory [.\print\2017_05_10] already exist!
Print sub directory [.\print\2017_05_10.\open_sheet] already exist!
Print sub directory [.\print\2017_05_10.\closing_sheet] already exist!
Print sub directory [.\print\2017_05_10.\picking_label] already exist!
Print sub directory [.\print\2017_05_10.\dispatch_label] already exist!

mai 10, 2017 2:49:19 PM helper.PrinterHelper saveAndPrintClosingSheet
INFOS: Set Closing Pallet item [14199] state to [IN_PROCESS]
mai 10, 2017 2:49:19 PM print.PrintClosingPallet_A5 sentToDefaultDesktopPrinter
INFOS: Sending [.\print\2017_05_10\closing_sheet\PrintClosingPallet_A5_22347220_2017_05_10_14_49_19.pdf] to the default printer...
mai 10, 2017 2:49:19 PM print.PrintClosingPallet_A5 sentToDefaultDesktopPrinter
INFOS: File [%s] has been printed.
mai 10, 2017 2:49:19 PM helper.PrinterHelper saveAndPrintClosingSheet
INFOS: Set Closing Pallet [14199] state to [PRINTED]
mai 10, 2017 2:49:43 PM helper.Helper InitDailyDestPrintDir
INFOS: Print directory [.\print\2017_05_10] already exist!
Print sub directory [.\print\2017_05_10.\open_sheet] already exist!
Print sub directory [.\print\2017_05_10.\closing_sheet] already exist!
Print sub directory [.\print\2017_05_10.\picking_label] already exist!
Print sub directory [.\print\2017_05_10.\dispatch_label] already exist!

mai 10, 2017 2:49:47 PM gui.packaging.PACKAGING_UI0001_Main loadBarcodeConfig
INFOS: FROM ConfigBarcode cb WHERE cb.keyWord = :keyWord ORDER BY id ASC
mai 10, 2017 2:49:47 PM entity.ConfigProject select
INFOS: FROM ConfigProject bp ORDER BY harnessType ASC
mai 10, 2017 2:49:47 PM entity.ConfigProject select
INFOS: FROM ConfigProject bp ORDER BY harnessType ASC
mai 10, 2017 2:49:50 PM state.S010_UserCodeScan doAction
INFOS: Invalid matricule number or account locked !
mai 10, 2017 2:49:50 PM state.S010_UserCodeScan doAction
INFOS: Invalid matricule number or account locked !
mai 10, 2017 2:49:52 PM state.S010_UserCodeScan doAction
INFOS: Invalid matricule number or account locked !
mai 10, 2017 2:49:52 PM gui.packaging.PACKAGING_UI0002_PasswordRequest connect
INFOS: User Admin   / 9999 connected to host WSMA7040 at 2017-05-10 14:49:52 Project : ENGINE.
mai 10, 2017 2:49:56 PM helper.Helper InitDailyDestPrintDir
INFOS: nullPrint directory [.\print\2017_05_10] already exist!
Print sub directory [.\print\2017_05_10.\open_sheet] already exist!
Print sub directory [.\print\2017_05_10.\closing_sheet] already exist!
Print sub directory [.\print\2017_05_10.\picking_label] already exist!
Print sub directory [.\print\2017_05_10.\dispatch_label] already exist!

mai 10, 2017 2:49:56 PM helper.PrinterHelper saveAndPrintClosingSheet
INFOS: Set Closing Pallet item [14199] state to [IN_PROCESS]
mai 10, 2017 2:49:56 PM print.PrintClosingPallet_A5 sentToDefaultDesktopPrinter
INFOS: Sending [.\print\2017_05_10\closing_sheet\PrintClosingPallet_A5_22347220_2017_05_10_14_49_56.pdf] to the default printer...
mai 10, 2017 2:49:56 PM print.PrintClosingPallet_A5 sentToDefaultDesktopPrinter
INFOS: File [%s] has been printed.
mai 10, 2017 2:49:56 PM helper.PrinterHelper saveAndPrintClosingSheet
INFOS: Set Closing Pallet [14199] state to [PRINTED]
mai 10, 2017 2:51:43 PM helper.Helper InitDailyDestPrintDir
INFOS: Print directory [.\print\2017_05_10] already exist!
Print sub directory [.\print\2017_05_10.\open_sheet] already exist!
Print sub directory [.\print\2017_05_10.\closing_sheet] already exist!
Print sub directory [.\print\2017_05_10.\picking_label] already exist!
Print sub directory [.\print\2017_05_10.\dispatch_label] already exist!

mai 10, 2017 2:51:44 PM gui.packaging.PACKAGING_UI0001_Main loadBarcodeConfig
INFOS: FROM ConfigBarcode cb WHERE cb.keyWord = :keyWord ORDER BY id ASC
mai 10, 2017 2:51:44 PM entity.ConfigProject select
INFOS: FROM ConfigProject bp ORDER BY harnessType ASC
mai 10, 2017 2:51:44 PM entity.ConfigProject select
INFOS: FROM ConfigProject bp ORDER BY harnessType ASC
mai 10, 2017 2:51:46 PM state.S010_UserCodeScan doAction
INFOS: Invalid matricule number or account locked !
mai 10, 2017 2:51:47 PM gui.packaging.PACKAGING_UI0002_PasswordRequest connect
INFOS: User Admin   / 9999 connected to host WSMA7040 at 2017-05-10 14:51:47 Project : ENGINE.
mai 10, 2017 2:51:49 PM entity.ConfigSegment select
INFOS: FROM ConfigSegment bp ORDER BY segment ASC
mai 10, 2017 2:52:05 PM helper.Helper InitDailyDestPrintDir
INFOS: nullPrint directory [.\print\2017_05_10] already exist!
Print sub directory [.\print\2017_05_10.\open_sheet] already exist!
Print sub directory [.\print\2017_05_10.\closing_sheet] already exist!
Print sub directory [.\print\2017_05_10.\picking_label] already exist!
Print sub directory [.\print\2017_05_10.\dispatch_label] already exist!

mai 10, 2017 2:52:05 PM helper.PrinterHelper saveAndPrintClosingSheet
INFOS: Set Closing Pallet item [14199] state to [IN_PROCESS]
mai 10, 2017 2:52:05 PM print.PrintClosingPallet_A5 sentToDefaultDesktopPrinter
INFOS: Sending [.\print\2017_05_10\closing_sheet\PrintClosingPallet_A5_22347220_2017_05_10_14_52_05.pdf] to the default printer...
mai 10, 2017 2:52:05 PM print.PrintClosingPallet_A5 sentToDefaultDesktopPrinter
INFOS: File [%s] has been printed.
mai 10, 2017 2:52:05 PM helper.PrinterHelper saveAndPrintClosingSheet
INFOS: Set Closing Pallet [14199] state to [PRINTED]
mai 10, 2017 2:52:39 PM helper.Helper InitDailyDestPrintDir
INFOS: Print directory [.\print\2017_05_10] already exist!
Print sub directory [.\print\2017_05_10.\open_sheet] already exist!
Print sub directory [.\print\2017_05_10.\closing_sheet] already exist!
Print sub directory [.\print\2017_05_10.\picking_label] already exist!
Print sub directory [.\print\2017_05_10.\dispatch_label] already exist!

mai 10, 2017 2:52:41 PM gui.packaging.PACKAGING_UI0001_Main loadBarcodeConfig
INFOS: FROM ConfigBarcode cb WHERE cb.keyWord = :keyWord ORDER BY id ASC
mai 10, 2017 2:52:41 PM entity.ConfigProject select
INFOS: FROM ConfigProject bp ORDER BY harnessType ASC
mai 10, 2017 2:52:41 PM entity.ConfigProject select
INFOS: FROM ConfigProject bp ORDER BY harnessType ASC
mai 10, 2017 2:52:43 PM state.S010_UserCodeScan doAction
INFOS: Invalid matricule number or account locked !
mai 10, 2017 2:52:44 PM gui.packaging.PACKAGING_UI0002_PasswordRequest connect
INFOS: User Admin   / 9999 connected to host WSMA7040 at 2017-05-10 14:52:44 Project : ENGINE.
mai 10, 2017 2:52:51 PM helper.Helper InitDailyDestPrintDir
INFOS: nullPrint directory [.\print\2017_05_10] already exist!
Print sub directory [.\print\2017_05_10.\open_sheet] already exist!
Print sub directory [.\print\2017_05_10.\closing_sheet] already exist!
Print sub directory [.\print\2017_05_10.\picking_label] already exist!
Print sub directory [.\print\2017_05_10.\dispatch_label] already exist!

mai 10, 2017 2:52:51 PM helper.PrinterHelper saveAndPrintClosingSheet
INFOS: Set Closing Pallet item [14199] state to [IN_PROCESS]
mai 10, 2017 2:52:51 PM print.PrintClosingPallet_A5 sentToDefaultDesktopPrinter
INFOS: Sending [.\print\2017_05_10\closing_sheet\PrintClosingPallet_A5_22347220_2017_05_10_14_52_51.pdf] to the default printer...
mai 10, 2017 2:52:51 PM print.PrintClosingPallet_A5 sentToDefaultDesktopPrinter
INFOS: File [%s] has been printed.
mai 10, 2017 2:52:51 PM helper.PrinterHelper saveAndPrintClosingSheet
INFOS: Set Closing Pallet [14199] state to [PRINTED]
mai 10, 2017 2:53:02 PM helper.Helper InitDailyDestPrintDir
INFOS: Print directory [.\print\2017_05_10] already exist!
Print sub directory [.\print\2017_05_10.\open_sheet] already exist!
Print sub directory [.\print\2017_05_10.\closing_sheet] already exist!
Print sub directory [.\print\2017_05_10.\picking_label] already exist!
Print sub directory [.\print\2017_05_10.\dispatch_label] already exist!

mai 10, 2017 2:53:04 PM gui.packaging.PACKAGING_UI0001_Main loadBarcodeConfig
INFOS: FROM ConfigBarcode cb WHERE cb.keyWord = :keyWord ORDER BY id ASC
mai 10, 2017 2:53:04 PM entity.ConfigProject select
INFOS: FROM ConfigProject bp ORDER BY harnessType ASC
mai 10, 2017 2:53:04 PM entity.ConfigProject select
INFOS: FROM ConfigProject bp ORDER BY harnessType ASC
mai 10, 2017 2:53:06 PM state.S010_UserCodeScan doAction
INFOS: Invalid matricule number or account locked !
mai 10, 2017 2:53:07 PM gui.packaging.PACKAGING_UI0002_PasswordRequest connect
INFOS: User Admin   / 9999 connected to host WSMA7040 at 2017-05-10 14:53:07 Project : ENGINE.
mai 10, 2017 2:53:24 PM entity.ConfigSegment select
INFOS: FROM ConfigSegment bp ORDER BY segment ASC
mai 10, 2017 2:53:27 PM entity.ConfigSegment select
INFOS: FROM ConfigSegment bp ORDER BY segment ASC
mai 10, 2017 2:53:27 PM entity.ConfigWorkplace select
INFOS: FROM ConfigWorkplace bp ORDER BY workplace ASC
mai 10, 2017 2:53:29 PM entity.ConfigSegment select
INFOS: FROM ConfigSegment bp ORDER BY segment ASC
mai 10, 2017 2:53:29 PM entity.ConfigWorkplace select
INFOS: FROM ConfigWorkplace bp ORDER BY workplace ASC
mai 10, 2017 2:54:14 PM entity.ConfigSegment select
INFOS: FROM ConfigSegment bp ORDER BY segment ASC
mai 10, 2017 2:54:21 PM helper.Helper InitDailyDestPrintDir
INFOS: nullPrint directory [.\print\2017_05_10] already exist!
Print sub directory [.\print\2017_05_10.\open_sheet] already exist!
Print sub directory [.\print\2017_05_10.\closing_sheet] already exist!
Print sub directory [.\print\2017_05_10.\picking_label] already exist!
Print sub directory [.\print\2017_05_10.\dispatch_label] already exist!

mai 10, 2017 2:54:22 PM helper.PrinterHelper saveAndPrintClosingSheet
INFOS: Set Closing Pallet item [14199] state to [IN_PROCESS]
mai 10, 2017 2:54:22 PM print.PrintClosingPallet_A5 sentToDefaultDesktopPrinter
INFOS: Sending [.\print\2017_05_10\closing_sheet\PrintClosingPallet_A5_22347220_2017_05_10_14_54_21.pdf] to the default printer...
mai 10, 2017 2:54:22 PM print.PrintClosingPallet_A5 sentToDefaultDesktopPrinter
INFOS: File [%s] has been printed.
mai 10, 2017 2:54:22 PM helper.PrinterHelper saveAndPrintClosingSheet
INFOS: Set Closing Pallet [14199] state to [PRINTED]
mai 10, 2017 3:11:40 PM entity.ConfigSegment select
INFOS: FROM ConfigSegment bp ORDER BY segment ASC
mai 10, 2017 3:11:42 PM entity.ConfigSegment select
INFOS: FROM ConfigSegment bp ORDER BY segment ASC
mai 10, 2017 3:11:42 PM entity.ConfigWorkplace select
INFOS: FROM ConfigWorkplace bp ORDER BY workplace ASC
mai 10, 2017 3:11:42 PM entity.ConfigSegment select
INFOS: FROM ConfigSegment bp ORDER BY segment ASC
mai 10, 2017 3:11:42 PM entity.ConfigWorkplace select
INFOS: FROM ConfigWorkplace bp ORDER BY workplace ASC
mai 10, 2017 3:11:42 PM entity.ConfigSegment select
INFOS: FROM ConfigSegment bp ORDER BY segment ASC
mai 10, 2017 3:11:42 PM entity.ConfigWorkplace select
INFOS: FROM ConfigWorkplace bp ORDER BY workplace ASC
mai 10, 2017 3:17:34 PM helper.Helper InitDailyDestPrintDir
INFOS: Print directory [.\print\2017_05_10] already exist!
Print sub directory [.\print\2017_05_10.\open_sheet] already exist!
Print sub directory [.\print\2017_05_10.\closing_sheet] already exist!
Print sub directory [.\print\2017_05_10.\picking_label] already exist!
Print sub directory [.\print\2017_05_10.\dispatch_label] already exist!

mai 10, 2017 3:23:54 PM gui.packaging.PACKAGING_UI0001_Main loadBarcodeConfig
INFOS: FROM ConfigBarcode cb WHERE cb.keyWord = :keyWord ORDER BY id ASC
mai 10, 2017 3:23:54 PM entity.ConfigProject select
INFOS: FROM ConfigProject bp ORDER BY harnessType ASC
mai 10, 2017 3:23:54 PM entity.ConfigProject select
INFOS: FROM ConfigProject bp ORDER BY harnessType ASC
mai 10, 2017 3:23:57 PM entity.ConfigSegment select
INFOS: FROM ConfigSegment bp ORDER BY segment ASC
mai 10, 2017 3:24:00 PM entity.ConfigSegment select
INFOS: FROM ConfigSegment bp ORDER BY segment ASC
mai 10, 2017 3:24:00 PM entity.ConfigWorkplace select
INFOS: FROM ConfigWorkplace bp ORDER BY workplace ASC
mai 10, 2017 3:24:00 PM entity.ConfigSegment select
INFOS: FROM ConfigSegment bp ORDER BY segment ASC
mai 10, 2017 3:24:00 PM entity.ConfigWorkplace select
INFOS: FROM ConfigWorkplace bp ORDER BY workplace ASC
mai 10, 2017 3:24:00 PM entity.ConfigSegment select
INFOS: FROM ConfigSegment bp ORDER BY segment ASC
mai 10, 2017 3:24:00 PM entity.ConfigWorkplace select
INFOS: FROM ConfigWorkplace bp ORDER BY workplace ASC
mai 10, 2017 3:24:49 PM state.S010_UserCodeScan doAction
INFOS: Invalid matricule number or account locked !
mai 10, 2017 3:24:49 PM gui.packaging.PACKAGING_UI0002_PasswordRequest connect
INFOS: User Admin   / 9999 connected to host WSMA7040 at 2017-05-10 15:24:49 Project : ENGINE.
mai 10, 2017 3:24:52 PM entity.ConfigSegment select
INFOS: FROM ConfigSegment bp ORDER BY segment ASC
mai 10, 2017 3:25:13 PM helper.Helper InitDailyDestPrintDir
INFOS: nullPrint directory [.\print\2017_05_10] already exist!
Print sub directory [.\print\2017_05_10.\open_sheet] already exist!
Print sub directory [.\print\2017_05_10.\closing_sheet] already exist!
Print sub directory [.\print\2017_05_10.\picking_label] already exist!
Print sub directory [.\print\2017_05_10.\dispatch_label] already exist!

mai 10, 2017 3:25:14 PM helper.PrinterHelper saveAndPrintClosingSheet
INFOS: Set Closing Pallet item [14199] state to [IN_PROCESS]
mai 10, 2017 3:25:14 PM print.PrintClosingPallet_A5 sentToDefaultDesktopPrinter
INFOS: Sending [.\print\2017_05_10\closing_sheet\PrintClosingPallet_A5_22347220_2017_05_10_15_25_13.pdf] to the default printer...
mai 10, 2017 3:25:14 PM print.PrintClosingPallet_A5 sentToDefaultDesktopPrinter
INFOS: File [%s] has been printed.
mai 10, 2017 3:25:14 PM helper.PrinterHelper saveAndPrintClosingSheet
INFOS: Set Closing Pallet [14199] state to [PRINTED]
mai 10, 2017 3:28:16 PM helper.Helper InitDailyDestPrintDir
INFOS: Print directory [.\print\2017_05_10] already exist!
Print sub directory [.\print\2017_05_10.\open_sheet] already exist!
Print sub directory [.\print\2017_05_10.\closing_sheet] already exist!
Print sub directory [.\print\2017_05_10.\picking_label] already exist!
Print sub directory [.\print\2017_05_10.\dispatch_label] already exist!

mai 10, 2017 3:29:36 PM gui.packaging.PACKAGING_UI0001_Main loadBarcodeConfig
INFOS: FROM ConfigBarcode cb WHERE cb.keyWord = :keyWord ORDER BY id ASC
mai 10, 2017 3:29:36 PM entity.ConfigProject select
INFOS: FROM ConfigProject bp ORDER BY harnessType ASC
mai 10, 2017 3:29:36 PM entity.ConfigProject select
INFOS: FROM ConfigProject bp ORDER BY harnessType ASC
mai 10, 2017 3:29:38 PM state.S010_UserCodeScan doAction
INFOS: Invalid matricule number or account locked !
mai 10, 2017 3:29:38 PM gui.packaging.PACKAGING_UI0002_PasswordRequest connect
INFOS: User Admin   / 9999 connected to host WSMA7040 at 2017-05-10 15:29:38 Project : ENGINE.
mai 10, 2017 3:29:43 PM entity.ConfigSegment select
INFOS: FROM ConfigSegment bp ORDER BY segment ASC
mai 10, 2017 3:30:11 PM helper.Helper InitDailyDestPrintDir
INFOS: nullPrint directory [.\print\2017_05_10] already exist!
Print sub directory [.\print\2017_05_10.\open_sheet] already exist!
Print sub directory [.\print\2017_05_10.\closing_sheet] already exist!
Print sub directory [.\print\2017_05_10.\picking_label] already exist!
Print sub directory [.\print\2017_05_10.\dispatch_label] already exist!

mai 10, 2017 3:30:11 PM helper.PrinterHelper saveAndPrintClosingSheet
INFOS: Set Closing Pallet item [14199] state to [IN_PROCESS]
mai 10, 2017 3:30:11 PM print.PrintClosingPallet_A5 sentToDefaultDesktopPrinter
INFOS: Sending [.\print\2017_05_10\closing_sheet\PrintClosingPallet_A5_22347220_2017_05_10_15_30_11.pdf] to the default printer...
mai 10, 2017 3:30:11 PM print.PrintClosingPallet_A5 sentToDefaultDesktopPrinter
INFOS: File [%s] has been printed.
mai 10, 2017 3:30:11 PM helper.PrinterHelper saveAndPrintClosingSheet
INFOS: Set Closing Pallet [14199] state to [PRINTED]
mai 10, 2017 3:33:36 PM helper.Helper InitDailyDestPrintDir
INFOS: Print directory [.\print\2017_05_10] already exist!
Print sub directory [.\print\2017_05_10.\open_sheet] already exist!
Print sub directory [.\print\2017_05_10.\closing_sheet] already exist!
Print sub directory [.\print\2017_05_10.\picking_label] already exist!
Print sub directory [.\print\2017_05_10.\dispatch_label] already exist!

mai 10, 2017 3:36:31 PM gui.packaging.PACKAGING_UI0001_Main loadBarcodeConfig
INFOS: FROM ConfigBarcode cb WHERE cb.keyWord = :keyWord ORDER BY id ASC
mai 10, 2017 3:36:31 PM entity.ConfigProject select
INFOS: FROM ConfigProject bp ORDER BY harnessType ASC
mai 10, 2017 3:36:31 PM entity.ConfigProject select
INFOS: FROM ConfigProject bp ORDER BY harnessType ASC
mai 10, 2017 3:36:33 PM state.S010_UserCodeScan doAction
INFOS: Invalid matricule number or account locked !
mai 10, 2017 3:36:33 PM gui.packaging.PACKAGING_UI0002_PasswordRequest connect
INFOS: User Admin   / 9999 connected to host WSMA7040 at 2017-05-10 15:36:33 Project : ENGINE.
mai 10, 2017 3:36:41 PM entity.ConfigSegment select
INFOS: FROM ConfigSegment bp ORDER BY segment ASC
mai 10, 2017 3:36:43 PM entity.ConfigSegment select
INFOS: FROM ConfigSegment bp ORDER BY segment ASC
mai 10, 2017 3:36:43 PM entity.ConfigWorkplace select
INFOS: FROM ConfigWorkplace bp ORDER BY workplace ASC
mai 10, 2017 3:36:43 PM entity.ConfigSegment select
INFOS: FROM ConfigSegment bp ORDER BY segment ASC
mai 10, 2017 3:36:44 PM entity.ConfigWorkplace select
INFOS: FROM ConfigWorkplace bp ORDER BY workplace ASC
mai 10, 2017 3:36:44 PM entity.ConfigSegment select
INFOS: FROM ConfigSegment bp ORDER BY segment ASC
mai 10, 2017 3:36:44 PM entity.ConfigWorkplace select
INFOS: FROM ConfigWorkplace bp ORDER BY workplace ASC
mai 10, 2017 3:36:47 PM helper.Helper InitDailyDestPrintDir
INFOS: nullPrint directory [.\print\2017_05_10] already exist!
Print sub directory [.\print\2017_05_10.\open_sheet] already exist!
Print sub directory [.\print\2017_05_10.\closing_sheet] already exist!
Print sub directory [.\print\2017_05_10.\picking_label] already exist!
Print sub directory [.\print\2017_05_10.\dispatch_label] already exist!

mai 10, 2017 3:36:48 PM helper.PrinterHelper saveAndPrintClosingSheet
INFOS: Set Closing Pallet item [14199] state to [IN_PROCESS]
mai 10, 2017 3:36:48 PM print.PrintClosingPallet_A5 sentToDefaultDesktopPrinter
INFOS: Sending [.\print\2017_05_10\closing_sheet\PrintClosingPallet_A5_22347220_2017_05_10_15_36_47.pdf] to the default printer...
mai 10, 2017 3:36:48 PM print.PrintClosingPallet_A5 sentToDefaultDesktopPrinter
INFOS: File [%s] has been printed.
mai 10, 2017 3:36:48 PM helper.PrinterHelper saveAndPrintClosingSheet
INFOS: Set Closing Pallet [14199] state to [PRINTED]
mai 10, 2017 3:39:07 PM helper.Helper InitDailyDestPrintDir
INFOS: Print directory [.\print\2017_05_10] already exist!
Print sub directory [.\print\2017_05_10.\open_sheet] already exist!
Print sub directory [.\print\2017_05_10.\closing_sheet] already exist!
Print sub directory [.\print\2017_05_10.\picking_label] already exist!
Print sub directory [.\print\2017_05_10.\dispatch_label] already exist!

mai 10, 2017 3:39:08 PM gui.packaging.PACKAGING_UI0001_Main loadBarcodeConfig
INFOS: FROM ConfigBarcode cb WHERE cb.keyWord = :keyWord ORDER BY id ASC
mai 10, 2017 3:39:08 PM entity.ConfigProject select
INFOS: FROM ConfigProject bp ORDER BY harnessType ASC
mai 10, 2017 3:39:08 PM entity.ConfigProject select
INFOS: FROM ConfigProject bp ORDER BY harnessType ASC
mai 10, 2017 3:39:10 PM state.S010_UserCodeScan doAction
INFOS: Invalid matricule number or account locked !
mai 10, 2017 3:39:11 PM gui.packaging.PACKAGING_UI0002_PasswordRequest connect
INFOS: User Admin   / 9999 connected to host WSMA7040 at 2017-05-10 15:39:11 Project : ENGINE.
mai 10, 2017 3:39:13 PM entity.ConfigSegment select
INFOS: FROM ConfigSegment bp ORDER BY segment ASC
mai 10, 2017 3:39:15 PM entity.ConfigSegment select
INFOS: FROM ConfigSegment bp ORDER BY segment ASC
mai 10, 2017 3:39:15 PM entity.ConfigWorkplace select
INFOS: FROM ConfigWorkplace bp ORDER BY workplace ASC
mai 10, 2017 3:39:23 PM helper.Helper InitDailyDestPrintDir
INFOS: nullPrint directory [.\print\2017_05_10] already exist!
Print sub directory [.\print\2017_05_10.\open_sheet] already exist!
Print sub directory [.\print\2017_05_10.\closing_sheet] already exist!
Print sub directory [.\print\2017_05_10.\picking_label] already exist!
Print sub directory [.\print\2017_05_10.\dispatch_label] already exist!

mai 10, 2017 3:39:23 PM helper.PrinterHelper saveAndPrintClosingSheet
INFOS: Set Closing Pallet item [14199] state to [IN_PROCESS]
mai 10, 2017 3:39:23 PM print.PrintClosingPallet_A5 sentToDefaultDesktopPrinter
INFOS: Sending [.\print\2017_05_10\closing_sheet\PrintClosingPallet_A5_22347220_2017_05_10_15_39_23.pdf] to the default printer...
mai 10, 2017 3:39:24 PM print.PrintClosingPallet_A5 sentToDefaultDesktopPrinter
INFOS: File [%s] has been printed.
mai 10, 2017 3:39:24 PM helper.PrinterHelper saveAndPrintClosingSheet
INFOS: Set Closing Pallet [14199] state to [PRINTED]
mai 10, 2017 3:39:45 PM helper.Helper InitDailyDestPrintDir
INFOS: Print directory [.\print\2017_05_10] already exist!
Print sub directory [.\print\2017_05_10.\open_sheet] already exist!
Print sub directory [.\print\2017_05_10.\closing_sheet] already exist!
Print sub directory [.\print\2017_05_10.\picking_label] already exist!
Print sub directory [.\print\2017_05_10.\dispatch_label] already exist!

mai 10, 2017 3:39:46 PM gui.packaging.PACKAGING_UI0001_Main loadBarcodeConfig
INFOS: FROM ConfigBarcode cb WHERE cb.keyWord = :keyWord ORDER BY id ASC
mai 10, 2017 3:39:46 PM entity.ConfigProject select
INFOS: FROM ConfigProject bp ORDER BY harnessType ASC
mai 10, 2017 3:39:46 PM entity.ConfigProject select
INFOS: FROM ConfigProject bp ORDER BY harnessType ASC
mai 10, 2017 3:39:49 PM state.S010_UserCodeScan doAction
INFOS: Invalid matricule number or account locked !
mai 10, 2017 3:39:49 PM gui.packaging.PACKAGING_UI0002_PasswordRequest connect
INFOS: User Admin   / 9999 connected to host WSMA7040 at 2017-05-10 15:39:49 Project : ENGINE.
mai 10, 2017 3:39:52 PM entity.ConfigSegment select
INFOS: FROM ConfigSegment bp ORDER BY segment ASC
mai 10, 2017 3:39:53 PM entity.ConfigSegment select
INFOS: FROM ConfigSegment bp ORDER BY segment ASC
mai 10, 2017 3:39:53 PM entity.ConfigWorkplace select
INFOS: FROM ConfigWorkplace bp ORDER BY workplace ASC
mai 10, 2017 3:39:56 PM helper.Helper InitDailyDestPrintDir
INFOS: nullPrint directory [.\print\2017_05_10] already exist!
Print sub directory [.\print\2017_05_10.\open_sheet] already exist!
Print sub directory [.\print\2017_05_10.\closing_sheet] already exist!
Print sub directory [.\print\2017_05_10.\picking_label] already exist!
Print sub directory [.\print\2017_05_10.\dispatch_label] already exist!

mai 10, 2017 3:39:56 PM helper.PrinterHelper saveAndPrintClosingSheet
INFOS: Set Closing Pallet item [14199] state to [IN_PROCESS]
mai 10, 2017 3:39:56 PM print.PrintClosingPallet_A5 sentToDefaultDesktopPrinter
INFOS: Sending [.\print\2017_05_10\closing_sheet\PrintClosingPallet_A5_22347220_2017_05_10_15_39_56.pdf] to the default printer...
mai 10, 2017 3:39:56 PM print.PrintClosingPallet_A5 sentToDefaultDesktopPrinter
INFOS: File [%s] has been printed.
mai 10, 2017 3:39:56 PM helper.PrinterHelper saveAndPrintClosingSheet
INFOS: Set Closing Pallet [14199] state to [PRINTED]
mai 10, 2017 3:40:30 PM helper.Helper InitDailyDestPrintDir
INFOS: Print directory [.\print\2017_05_10] already exist!
Print sub directory [.\print\2017_05_10.\open_sheet] already exist!
Print sub directory [.\print\2017_05_10.\closing_sheet] already exist!
Print sub directory [.\print\2017_05_10.\picking_label] already exist!
Print sub directory [.\print\2017_05_10.\dispatch_label] already exist!

mai 10, 2017 3:40:31 PM gui.packaging.PACKAGING_UI0001_Main loadBarcodeConfig
INFOS: FROM ConfigBarcode cb WHERE cb.keyWord = :keyWord ORDER BY id ASC
mai 10, 2017 3:40:31 PM entity.ConfigProject select
INFOS: FROM ConfigProject bp ORDER BY harnessType ASC
mai 10, 2017 3:40:31 PM entity.ConfigProject select
INFOS: FROM ConfigProject bp ORDER BY harnessType ASC
mai 10, 2017 3:40:34 PM state.S010_UserCodeScan doAction
INFOS: Invalid matricule number or account locked !
mai 10, 2017 3:40:35 PM gui.packaging.PACKAGING_UI0002_PasswordRequest connect
INFOS: User Admin   / 9999 connected to host WSMA7040 at 2017-05-10 15:40:35 Project : ENGINE.
mai 10, 2017 3:40:38 PM entity.ConfigSegment select
INFOS: FROM ConfigSegment bp ORDER BY segment ASC
mai 10, 2017 3:40:39 PM entity.ConfigSegment select
INFOS: FROM ConfigSegment bp ORDER BY segment ASC
mai 10, 2017 3:40:39 PM entity.ConfigWorkplace select
INFOS: FROM ConfigWorkplace bp ORDER BY workplace ASC
mai 10, 2017 3:40:42 PM helper.Helper InitDailyDestPrintDir
INFOS: nullPrint directory [.\print\2017_05_10] already exist!
Print sub directory [.\print\2017_05_10.\open_sheet] already exist!
Print sub directory [.\print\2017_05_10.\closing_sheet] already exist!
Print sub directory [.\print\2017_05_10.\picking_label] already exist!
Print sub directory [.\print\2017_05_10.\dispatch_label] already exist!

mai 10, 2017 3:40:42 PM helper.PrinterHelper saveAndPrintClosingSheet
INFOS: Set Closing Pallet item [14199] state to [IN_PROCESS]
mai 10, 2017 3:40:42 PM print.PrintClosingPallet_A5 sentToDefaultDesktopPrinter
INFOS: Sending [.\print\2017_05_10\closing_sheet\PrintClosingPallet_A5_22347220_2017_05_10_15_40_42.pdf] to the default printer...
mai 10, 2017 3:40:42 PM print.PrintClosingPallet_A5 sentToDefaultDesktopPrinter
INFOS: File [%s] has been printed.
mai 10, 2017 3:40:42 PM helper.PrinterHelper saveAndPrintClosingSheet
INFOS: Set Closing Pallet [14199] state to [PRINTED]
mai 10, 2017 3:40:56 PM helper.Helper InitDailyDestPrintDir
INFOS: Print directory [.\print\2017_05_10] already exist!
Print sub directory [.\print\2017_05_10.\open_sheet] already exist!
Print sub directory [.\print\2017_05_10.\closing_sheet] already exist!
Print sub directory [.\print\2017_05_10.\picking_label] already exist!
Print sub directory [.\print\2017_05_10.\dispatch_label] already exist!

mai 10, 2017 3:40:58 PM gui.packaging.PACKAGING_UI0001_Main loadBarcodeConfig
INFOS: FROM ConfigBarcode cb WHERE cb.keyWord = :keyWord ORDER BY id ASC
mai 10, 2017 3:40:58 PM entity.ConfigProject select
INFOS: FROM ConfigProject bp ORDER BY harnessType ASC
mai 10, 2017 3:40:58 PM entity.ConfigProject select
INFOS: FROM ConfigProject bp ORDER BY harnessType ASC
mai 10, 2017 3:41:04 PM state.S010_UserCodeScan doAction
INFOS: Invalid matricule number or account locked !
mai 10, 2017 3:41:05 PM gui.packaging.PACKAGING_UI0002_PasswordRequest connect
INFOS: User Admin   / 9999 connected to host WSMA7040 at 2017-05-10 15:41:05 Project : ENGINE.
mai 10, 2017 3:41:09 PM entity.ConfigSegment select
INFOS: FROM ConfigSegment bp ORDER BY segment ASC
mai 10, 2017 3:41:10 PM entity.ConfigSegment select
INFOS: FROM ConfigSegment bp ORDER BY segment ASC
mai 10, 2017 3:41:10 PM entity.ConfigWorkplace select
INFOS: FROM ConfigWorkplace bp ORDER BY workplace ASC
mai 10, 2017 3:41:12 PM helper.Helper InitDailyDestPrintDir
INFOS: nullPrint directory [.\print\2017_05_10] already exist!
Print sub directory [.\print\2017_05_10.\open_sheet] already exist!
Print sub directory [.\print\2017_05_10.\closing_sheet] already exist!
Print sub directory [.\print\2017_05_10.\picking_label] already exist!
Print sub directory [.\print\2017_05_10.\dispatch_label] already exist!

mai 10, 2017 3:41:12 PM helper.PrinterHelper saveAndPrintClosingSheet
INFOS: Set Closing Pallet item [14199] state to [IN_PROCESS]
mai 10, 2017 3:41:12 PM print.PrintClosingPallet_A5 sentToDefaultDesktopPrinter
INFOS: Sending [.\print\2017_05_10\closing_sheet\PrintClosingPallet_A5_22347220_2017_05_10_15_41_12.pdf] to the default printer...
mai 10, 2017 3:41:12 PM print.PrintClosingPallet_A5 sentToDefaultDesktopPrinter
INFOS: File [%s] has been printed.
mai 10, 2017 3:41:12 PM helper.PrinterHelper saveAndPrintClosingSheet
INFOS: Set Closing Pallet [14199] state to [PRINTED]
mai 10, 2017 3:41:28 PM helper.Helper InitDailyDestPrintDir
INFOS: Print directory [.\print\2017_05_10] already exist!
Print sub directory [.\print\2017_05_10.\open_sheet] already exist!
Print sub directory [.\print\2017_05_10.\closing_sheet] already exist!
Print sub directory [.\print\2017_05_10.\picking_label] already exist!
Print sub directory [.\print\2017_05_10.\dispatch_label] already exist!

mai 10, 2017 3:41:29 PM gui.packaging.PACKAGING_UI0001_Main loadBarcodeConfig
INFOS: FROM ConfigBarcode cb WHERE cb.keyWord = :keyWord ORDER BY id ASC
mai 10, 2017 3:41:29 PM entity.ConfigProject select
INFOS: FROM ConfigProject bp ORDER BY harnessType ASC
mai 10, 2017 3:41:29 PM entity.ConfigProject select
INFOS: FROM ConfigProject bp ORDER BY harnessType ASC
mai 10, 2017 3:41:32 PM state.S010_UserCodeScan doAction
INFOS: Invalid matricule number or account locked !
mai 10, 2017 3:41:33 PM gui.packaging.PACKAGING_UI0002_PasswordRequest connect
INFOS: User Admin   / 9999 connected to host WSMA7040 at 2017-05-10 15:41:33 Project : ENGINE.
mai 10, 2017 3:41:34 PM entity.ConfigSegment select
INFOS: FROM ConfigSegment bp ORDER BY segment ASC
mai 10, 2017 3:41:36 PM entity.ConfigSegment select
INFOS: FROM ConfigSegment bp ORDER BY segment ASC
mai 10, 2017 3:41:36 PM entity.ConfigWorkplace select
INFOS: FROM ConfigWorkplace bp ORDER BY workplace ASC
mai 10, 2017 3:41:38 PM helper.Helper InitDailyDestPrintDir
INFOS: nullPrint directory [.\print\2017_05_10] already exist!
Print sub directory [.\print\2017_05_10.\open_sheet] already exist!
Print sub directory [.\print\2017_05_10.\closing_sheet] already exist!
Print sub directory [.\print\2017_05_10.\picking_label] already exist!
Print sub directory [.\print\2017_05_10.\dispatch_label] already exist!

mai 10, 2017 3:41:38 PM helper.PrinterHelper saveAndPrintClosingSheet
INFOS: Set Closing Pallet item [14199] state to [IN_PROCESS]
mai 10, 2017 3:41:38 PM print.PrintClosingPallet_A5 sentToDefaultDesktopPrinter
INFOS: Sending [.\print\2017_05_10\closing_sheet\PrintClosingPallet_A5_22347220_2017_05_10_15_41_38.pdf] to the default printer...
mai 10, 2017 3:41:38 PM print.PrintClosingPallet_A5 sentToDefaultDesktopPrinter
INFOS: File [%s] has been printed.
mai 10, 2017 3:41:38 PM helper.PrinterHelper saveAndPrintClosingSheet
INFOS: Set Closing Pallet [14199] state to [PRINTED]
mai 10, 2017 3:41:55 PM helper.Helper InitDailyDestPrintDir
INFOS: Print directory [.\print\2017_05_10] already exist!
Print sub directory [.\print\2017_05_10.\open_sheet] already exist!
Print sub directory [.\print\2017_05_10.\closing_sheet] already exist!
Print sub directory [.\print\2017_05_10.\picking_label] already exist!
Print sub directory [.\print\2017_05_10.\dispatch_label] already exist!

mai 10, 2017 3:41:56 PM gui.packaging.PACKAGING_UI0001_Main loadBarcodeConfig
INFOS: FROM ConfigBarcode cb WHERE cb.keyWord = :keyWord ORDER BY id ASC
mai 10, 2017 3:41:56 PM entity.ConfigProject select
INFOS: FROM ConfigProject bp ORDER BY harnessType ASC
mai 10, 2017 3:41:56 PM entity.ConfigProject select
INFOS: FROM ConfigProject bp ORDER BY harnessType ASC
mai 10, 2017 3:41:59 PM state.S010_UserCodeScan doAction
INFOS: Invalid matricule number or account locked !
mai 10, 2017 3:42:00 PM gui.packaging.PACKAGING_UI0002_PasswordRequest connect
INFOS: User Admin   / 9999 connected to host WSMA7040 at 2017-05-10 15:42:00 Project : ENGINE.
mai 10, 2017 3:42:02 PM entity.ConfigSegment select
INFOS: FROM ConfigSegment bp ORDER BY segment ASC
mai 10, 2017 3:42:04 PM entity.ConfigSegment select
INFOS: FROM ConfigSegment bp ORDER BY segment ASC
mai 10, 2017 3:42:04 PM entity.ConfigWorkplace select
INFOS: FROM ConfigWorkplace bp ORDER BY workplace ASC
mai 10, 2017 3:42:06 PM helper.Helper InitDailyDestPrintDir
INFOS: nullPrint directory [.\print\2017_05_10] already exist!
Print sub directory [.\print\2017_05_10.\open_sheet] already exist!
Print sub directory [.\print\2017_05_10.\closing_sheet] already exist!
Print sub directory [.\print\2017_05_10.\picking_label] already exist!
Print sub directory [.\print\2017_05_10.\dispatch_label] already exist!

mai 10, 2017 3:42:06 PM helper.PrinterHelper saveAndPrintClosingSheet
INFOS: Set Closing Pallet item [14199] state to [IN_PROCESS]
mai 10, 2017 3:42:06 PM print.PrintClosingPallet_A5 sentToDefaultDesktopPrinter
INFOS: Sending [.\print\2017_05_10\closing_sheet\PrintClosingPallet_A5_22347220_2017_05_10_15_42_06.pdf] to the default printer...
mai 10, 2017 3:42:07 PM print.PrintClosingPallet_A5 sentToDefaultDesktopPrinter
INFOS: File [%s] has been printed.
mai 10, 2017 3:42:07 PM helper.PrinterHelper saveAndPrintClosingSheet
INFOS: Set Closing Pallet [14199] state to [PRINTED]
mai 10, 2017 3:42:25 PM helper.Helper InitDailyDestPrintDir
INFOS: Print directory [.\print\2017_05_10] already exist!
Print sub directory [.\print\2017_05_10.\open_sheet] already exist!
Print sub directory [.\print\2017_05_10.\closing_sheet] already exist!
Print sub directory [.\print\2017_05_10.\picking_label] already exist!
Print sub directory [.\print\2017_05_10.\dispatch_label] already exist!

mai 10, 2017 3:42:27 PM gui.packaging.PACKAGING_UI0001_Main loadBarcodeConfig
INFOS: FROM ConfigBarcode cb WHERE cb.keyWord = :keyWord ORDER BY id ASC
mai 10, 2017 3:42:27 PM entity.ConfigProject select
INFOS: FROM ConfigProject bp ORDER BY harnessType ASC
mai 10, 2017 3:42:27 PM entity.ConfigProject select
INFOS: FROM ConfigProject bp ORDER BY harnessType ASC
mai 10, 2017 3:42:29 PM state.S010_UserCodeScan doAction
INFOS: Invalid matricule number or account locked !
mai 10, 2017 3:42:30 PM gui.packaging.PACKAGING_UI0002_PasswordRequest connect
INFOS: User Admin   / 9999 connected to host WSMA7040 at 2017-05-10 15:42:30 Project : ENGINE.
mai 10, 2017 3:42:32 PM entity.ConfigSegment select
INFOS: FROM ConfigSegment bp ORDER BY segment ASC
mai 10, 2017 3:42:33 PM entity.ConfigSegment select
INFOS: FROM ConfigSegment bp ORDER BY segment ASC
mai 10, 2017 3:42:33 PM entity.ConfigWorkplace select
INFOS: FROM ConfigWorkplace bp ORDER BY workplace ASC
mai 10, 2017 3:42:35 PM helper.Helper InitDailyDestPrintDir
INFOS: nullPrint directory [.\print\2017_05_10] already exist!
Print sub directory [.\print\2017_05_10.\open_sheet] already exist!
Print sub directory [.\print\2017_05_10.\closing_sheet] already exist!
Print sub directory [.\print\2017_05_10.\picking_label] already exist!
Print sub directory [.\print\2017_05_10.\dispatch_label] already exist!

mai 10, 2017 3:42:35 PM helper.PrinterHelper saveAndPrintClosingSheet
INFOS: Set Closing Pallet item [14199] state to [IN_PROCESS]
mai 10, 2017 3:42:35 PM print.PrintClosingPallet_A5 sentToDefaultDesktopPrinter
INFOS: Sending [.\print\2017_05_10\closing_sheet\PrintClosingPallet_A5_22347220_2017_05_10_15_42_35.pdf] to the default printer...
mai 10, 2017 3:42:35 PM print.PrintClosingPallet_A5 sentToDefaultDesktopPrinter
INFOS: File [%s] has been printed.
mai 10, 2017 3:42:35 PM helper.PrinterHelper saveAndPrintClosingSheet
INFOS: Set Closing Pallet [14199] state to [PRINTED]
mai 10, 2017 3:42:48 PM helper.Helper InitDailyDestPrintDir
INFOS: Print directory [.\print\2017_05_10] already exist!
Print sub directory [.\print\2017_05_10.\open_sheet] already exist!
Print sub directory [.\print\2017_05_10.\closing_sheet] already exist!
Print sub directory [.\print\2017_05_10.\picking_label] already exist!
Print sub directory [.\print\2017_05_10.\dispatch_label] already exist!

mai 10, 2017 3:49:08 PM gui.packaging.PACKAGING_UI0001_Main loadBarcodeConfig
INFOS: FROM ConfigBarcode cb WHERE cb.keyWord = :keyWord ORDER BY id ASC
mai 10, 2017 3:49:08 PM entity.ConfigProject select
INFOS: FROM ConfigProject bp ORDER BY harnessType ASC
mai 10, 2017 3:49:08 PM entity.ConfigProject select
INFOS: FROM ConfigProject bp ORDER BY harnessType ASC
mai 10, 2017 3:49:12 PM state.S010_UserCodeScan doAction
INFOS: Invalid matricule number or account locked !
mai 10, 2017 3:49:12 PM state.S010_UserCodeScan doAction
INFOS: Invalid matricule number or account locked !
mai 10, 2017 3:49:14 PM state.S010_UserCodeScan doAction
INFOS: Invalid matricule number or account locked !
mai 10, 2017 3:49:14 PM gui.packaging.PACKAGING_UI0002_PasswordRequest connect
INFOS: User Admin   / 9999 connected to host WSMA7040 at 2017-05-10 15:49:14 Project : ENGINE.
mai 10, 2017 3:49:16 PM entity.ConfigSegment select
INFOS: FROM ConfigSegment bp ORDER BY segment ASC
mai 10, 2017 3:49:17 PM entity.ConfigSegment select
INFOS: FROM ConfigSegment bp ORDER BY segment ASC
mai 10, 2017 3:49:17 PM entity.ConfigWorkplace select
INFOS: FROM ConfigWorkplace bp ORDER BY workplace ASC
mai 10, 2017 3:49:19 PM helper.Helper InitDailyDestPrintDir
INFOS: nullPrint directory [.\print\2017_05_10] already exist!
Print sub directory [.\print\2017_05_10.\open_sheet] already exist!
Print sub directory [.\print\2017_05_10.\closing_sheet] already exist!
Print sub directory [.\print\2017_05_10.\picking_label] already exist!
Print sub directory [.\print\2017_05_10.\dispatch_label] already exist!

mai 10, 2017 3:49:20 PM helper.PrinterHelper saveAndPrintClosingSheet
INFOS: Set Closing Pallet item [14199] state to [IN_PROCESS]
mai 10, 2017 3:49:20 PM print.PrintClosingPallet_A5 sentToDefaultDesktopPrinter
INFOS: Sending [.\print\2017_05_10\closing_sheet\PrintClosingPallet_A5_22347220_2017_05_10_15_49_19.pdf] to the default printer...
mai 10, 2017 3:49:20 PM print.PrintClosingPallet_A5 sentToDefaultDesktopPrinter
INFOS: File [%s] has been printed.
mai 10, 2017 3:49:20 PM helper.PrinterHelper saveAndPrintClosingSheet
INFOS: Set Closing Pallet [14199] state to [PRINTED]
mai 10, 2017 3:50:34 PM helper.Helper InitDailyDestPrintDir
INFOS: Print directory [.\print\2017_05_10] already exist!
Print sub directory [.\print\2017_05_10.\open_sheet] already exist!
Print sub directory [.\print\2017_05_10.\closing_sheet] already exist!
Print sub directory [.\print\2017_05_10.\picking_label] already exist!
Print sub directory [.\print\2017_05_10.\dispatch_label] already exist!

mai 10, 2017 3:50:35 PM gui.packaging.PACKAGING_UI0001_Main loadBarcodeConfig
INFOS: FROM ConfigBarcode cb WHERE cb.keyWord = :keyWord ORDER BY id ASC
mai 10, 2017 3:50:35 PM entity.ConfigProject select
INFOS: FROM ConfigProject bp ORDER BY harnessType ASC
mai 10, 2017 3:50:35 PM entity.ConfigProject select
INFOS: FROM ConfigProject bp ORDER BY harnessType ASC
mai 10, 2017 3:50:37 PM state.S010_UserCodeScan doAction
INFOS: Invalid matricule number or account locked !
mai 10, 2017 3:50:37 PM gui.packaging.PACKAGING_UI0002_PasswordRequest connect
INFOS: User Admin   / 9999 connected to host WSMA7040 at 2017-05-10 15:50:37 Project : ENGINE.
mai 10, 2017 3:50:39 PM entity.ConfigSegment select
INFOS: FROM ConfigSegment bp ORDER BY segment ASC
mai 10, 2017 3:50:41 PM entity.ConfigSegment select
INFOS: FROM ConfigSegment bp ORDER BY segment ASC
mai 10, 2017 3:50:41 PM entity.ConfigWorkplace select
INFOS: FROM ConfigWorkplace bp ORDER BY workplace ASC
mai 10, 2017 3:50:47 PM helper.Helper InitDailyDestPrintDir
INFOS: nullPrint directory [.\print\2017_05_10] already exist!
Print sub directory [.\print\2017_05_10.\open_sheet] already exist!
Print sub directory [.\print\2017_05_10.\closing_sheet] already exist!
Print sub directory [.\print\2017_05_10.\picking_label] already exist!
Print sub directory [.\print\2017_05_10.\dispatch_label] already exist!

mai 10, 2017 3:50:48 PM helper.PrinterHelper saveAndPrintClosingSheet
INFOS: Set Closing Pallet item [14199] state to [IN_PROCESS]
mai 10, 2017 3:50:48 PM print.PrintClosingPallet_A5 sentToDefaultDesktopPrinter
INFOS: Sending [.\print\2017_05_10\closing_sheet\PrintClosingPallet_A5_22347220_2017_05_10_15_50_47.pdf] to the default printer...
mai 10, 2017 3:50:48 PM print.PrintClosingPallet_A5 sentToDefaultDesktopPrinter
INFOS: File [%s] has been printed.
mai 10, 2017 3:50:48 PM helper.PrinterHelper saveAndPrintClosingSheet
INFOS: Set Closing Pallet [14199] state to [PRINTED]
mai 10, 2017 3:51:13 PM helper.Helper InitDailyDestPrintDir
INFOS: Print directory [.\print\2017_05_10] already exist!
Print sub directory [.\print\2017_05_10.\open_sheet] already exist!
Print sub directory [.\print\2017_05_10.\closing_sheet] already exist!
Print sub directory [.\print\2017_05_10.\picking_label] already exist!
Print sub directory [.\print\2017_05_10.\dispatch_label] already exist!

mai 10, 2017 3:51:14 PM gui.packaging.PACKAGING_UI0001_Main loadBarcodeConfig
INFOS: FROM ConfigBarcode cb WHERE cb.keyWord = :keyWord ORDER BY id ASC
mai 10, 2017 3:51:14 PM entity.ConfigProject select
INFOS: FROM ConfigProject bp ORDER BY harnessType ASC
mai 10, 2017 3:51:14 PM entity.ConfigProject select
INFOS: FROM ConfigProject bp ORDER BY harnessType ASC
mai 10, 2017 3:51:16 PM state.S010_UserCodeScan doAction
INFOS: Invalid matricule number or account locked !
mai 10, 2017 3:51:16 PM gui.packaging.PACKAGING_UI0002_PasswordRequest connect
INFOS: User Admin   / 9999 connected to host WSMA7040 at 2017-05-10 15:51:16 Project : ENGINE.
mai 10, 2017 3:51:18 PM entity.ConfigSegment select
INFOS: FROM ConfigSegment bp ORDER BY segment ASC
mai 10, 2017 3:51:19 PM entity.ConfigSegment select
INFOS: FROM ConfigSegment bp ORDER BY segment ASC
mai 10, 2017 3:51:19 PM entity.ConfigWorkplace select
INFOS: FROM ConfigWorkplace bp ORDER BY workplace ASC
mai 10, 2017 3:51:24 PM helper.Helper InitDailyDestPrintDir
INFOS: nullPrint directory [.\print\2017_05_10] already exist!
Print sub directory [.\print\2017_05_10.\open_sheet] already exist!
Print sub directory [.\print\2017_05_10.\closing_sheet] already exist!
Print sub directory [.\print\2017_05_10.\picking_label] already exist!
Print sub directory [.\print\2017_05_10.\dispatch_label] already exist!

mai 10, 2017 3:51:24 PM helper.PrinterHelper saveAndPrintClosingSheet
INFOS: Set Closing Pallet item [14199] state to [IN_PROCESS]
mai 10, 2017 3:51:24 PM print.PrintClosingPallet_A5 sentToDefaultDesktopPrinter
INFOS: Sending [.\print\2017_05_10\closing_sheet\PrintClosingPallet_A5_22347220_2017_05_10_15_51_24.pdf] to the default printer...
mai 10, 2017 3:51:24 PM print.PrintClosingPallet_A5 sentToDefaultDesktopPrinter
INFOS: File [%s] has been printed.
mai 10, 2017 3:51:24 PM helper.PrinterHelper saveAndPrintClosingSheet
INFOS: Set Closing Pallet [14199] state to [PRINTED]
mai 10, 2017 3:51:40 PM helper.Helper InitDailyDestPrintDir
INFOS: Print directory [.\print\2017_05_10] already exist!
Print sub directory [.\print\2017_05_10.\open_sheet] already exist!
Print sub directory [.\print\2017_05_10.\closing_sheet] already exist!
Print sub directory [.\print\2017_05_10.\picking_label] already exist!
Print sub directory [.\print\2017_05_10.\dispatch_label] already exist!

mai 10, 2017 3:51:41 PM gui.packaging.PACKAGING_UI0001_Main loadBarcodeConfig
INFOS: FROM ConfigBarcode cb WHERE cb.keyWord = :keyWord ORDER BY id ASC
mai 10, 2017 3:51:41 PM entity.ConfigProject select
INFOS: FROM ConfigProject bp ORDER BY harnessType ASC
mai 10, 2017 3:51:41 PM entity.ConfigProject select
INFOS: FROM ConfigProject bp ORDER BY harnessType ASC
mai 10, 2017 3:51:44 PM state.S010_UserCodeScan doAction
INFOS: Invalid matricule number or account locked !
mai 10, 2017 3:51:44 PM gui.packaging.PACKAGING_UI0002_PasswordRequest connect
INFOS: User Admin   / 9999 connected to host WSMA7040 at 2017-05-10 15:51:44 Project : ENGINE.
mai 10, 2017 3:51:46 PM entity.ConfigSegment select
INFOS: FROM ConfigSegment bp ORDER BY segment ASC
mai 10, 2017 3:51:46 PM entity.ConfigSegment select
INFOS: FROM ConfigSegment bp ORDER BY segment ASC
mai 10, 2017 3:51:46 PM entity.ConfigWorkplace select
INFOS: FROM ConfigWorkplace bp ORDER BY workplace ASC
mai 10, 2017 3:51:49 PM helper.Helper InitDailyDestPrintDir
INFOS: nullPrint directory [.\print\2017_05_10] already exist!
Print sub directory [.\print\2017_05_10.\open_sheet] already exist!
Print sub directory [.\print\2017_05_10.\closing_sheet] already exist!
Print sub directory [.\print\2017_05_10.\picking_label] already exist!
Print sub directory [.\print\2017_05_10.\dispatch_label] already exist!

mai 10, 2017 3:51:49 PM helper.PrinterHelper saveAndPrintClosingSheet
INFOS: Set Closing Pallet item [14199] state to [IN_PROCESS]
mai 10, 2017 3:51:49 PM print.PrintClosingPallet_A5 sentToDefaultDesktopPrinter
INFOS: Sending [.\print\2017_05_10\closing_sheet\PrintClosingPallet_A5_22347220_2017_05_10_15_51_49.pdf] to the default printer...
mai 10, 2017 3:51:49 PM print.PrintClosingPallet_A5 sentToDefaultDesktopPrinter
INFOS: File [%s] has been printed.
mai 10, 2017 3:51:49 PM helper.PrinterHelper saveAndPrintClosingSheet
INFOS: Set Closing Pallet [14199] state to [PRINTED]
mai 10, 2017 3:58:19 PM helper.Helper InitDailyDestPrintDir
INFOS: Print directory [.\print\2017_05_10] already exist!
Print sub directory [.\print\2017_05_10.\open_sheet] already exist!
Print sub directory [.\print\2017_05_10.\closing_sheet] already exist!
Print sub directory [.\print\2017_05_10.\picking_label] already exist!
Print sub directory [.\print\2017_05_10.\dispatch_label] already exist!

mai 10, 2017 3:58:31 PM gui.warehouse_dispatch.WAREHOUSE_DISPATCH_UI0003_PasswordRequest connect
INFOS: User Admin   / 9999 connected to host WSMA7040 at 2017-05-10 15:58:31 Dispatch interface : .
mai 10, 2017 4:02:14 PM helper.Helper InitDailyDestPrintDir
INFOS: Print directory [.\print\2017_05_10] already exist!
Print sub directory [.\print\2017_05_10.\open_sheet] already exist!
Print sub directory [.\print\2017_05_10.\closing_sheet] already exist!
Print sub directory [.\print\2017_05_10.\picking_label] already exist!
Print sub directory [.\print\2017_05_10.\dispatch_label] already exist!

mai 10, 2017 4:02:18 PM gui.warehouse_dispatch.WAREHOUSE_DISPATCH_UI0003_PasswordRequest connect
INFOS: User Admin   / 9999 connected to host WSMA7040 at 2017-05-10 16:02:18 Dispatch interface : .
mai 10, 2017 4:02:42 PM helper.Helper InitDailyDestPrintDir
INFOS: Print directory [.\print\2017_05_10] already exist!
Print sub directory [.\print\2017_05_10.\open_sheet] already exist!
Print sub directory [.\print\2017_05_10.\closing_sheet] already exist!
Print sub directory [.\print\2017_05_10.\picking_label] already exist!
Print sub directory [.\print\2017_05_10.\dispatch_label] already exist!

mai 10, 2017 4:02:46 PM gui.warehouse_dispatch.WAREHOUSE_DISPATCH_UI0003_PasswordRequest connect
INFOS: User Admin   / 9999 connected to host WSMA7040 at 2017-05-10 16:02:46 Dispatch interface : .
mai 10, 2017 4:28:17 PM helper.Helper InitDailyDestPrintDir
INFOS: Print directory [.\print\2017_05_10] already exist!
Print sub directory [.\print\2017_05_10.\open_sheet] already exist!
Print sub directory [.\print\2017_05_10.\closing_sheet] already exist!
Print sub directory [.\print\2017_05_10.\picking_label] already exist!
Print sub directory [.\print\2017_05_10.\dispatch_label] already exist!

mai 10, 2017 4:28:19 PM gui.packaging.PACKAGING_UI0001_Main loadBarcodeConfig
INFOS: FROM ConfigBarcode cb WHERE cb.keyWord = :keyWord ORDER BY id ASC
mai 10, 2017 4:28:19 PM entity.ConfigProject select
INFOS: FROM ConfigProject bp ORDER BY harnessType ASC
mai 10, 2017 4:28:19 PM entity.ConfigProject select
INFOS: FROM ConfigProject bp ORDER BY harnessType ASC
mai 10, 2017 4:28:21 PM state.S010_UserCodeScan doAction
INFOS: Invalid matricule number or account locked !
mai 10, 2017 4:28:23 PM gui.packaging.PACKAGING_UI0002_PasswordRequest connect
INFOS: User Admin   / 9999 connected to host WSMA7040 at 2017-05-10 16:28:23 Project : ENGINE.
mai 10, 2017 4:28:27 PM gui.warehouse_dispatch.WAREHOUSE_DISPATCH_UI0003_PasswordRequest connect
INFOS: User Admin   / 9999 connected to host WSMA7040 at 2017-05-10 16:28:27 Dispatch interface : .
mai 10, 2017 4:30:21 PM helper.Helper InitDailyDestPrintDir
INFOS: Print directory [.\print\2017_05_10] already exist!
Print sub directory [.\print\2017_05_10.\open_sheet] already exist!
Print sub directory [.\print\2017_05_10.\closing_sheet] already exist!
Print sub directory [.\print\2017_05_10.\picking_label] already exist!
Print sub directory [.\print\2017_05_10.\dispatch_label] already exist!

mai 10, 2017 4:30:23 PM gui.packaging.PACKAGING_UI0001_Main loadBarcodeConfig
INFOS: FROM ConfigBarcode cb WHERE cb.keyWord = :keyWord ORDER BY id ASC
mai 10, 2017 4:30:23 PM entity.ConfigProject select
INFOS: FROM ConfigProject bp ORDER BY harnessType ASC
mai 10, 2017 4:30:23 PM entity.ConfigProject select
INFOS: FROM ConfigProject bp ORDER BY harnessType ASC
mai 10, 2017 4:30:30 PM gui.warehouse_dispatch.WAREHOUSE_DISPATCH_UI0003_PasswordRequest connect
INFOS: User Admin   / 9999 connected to host WSMA7040 at 2017-05-10 16:30:30 Dispatch interface : .
mai 10, 2017 4:35:50 PM helper.Helper InitDailyDestPrintDir
INFOS: Print directory [.\print\2017_05_10] already exist!
Print sub directory [.\print\2017_05_10.\open_sheet] already exist!
Print sub directory [.\print\2017_05_10.\closing_sheet] already exist!
Print sub directory [.\print\2017_05_10.\picking_label] already exist!
Print sub directory [.\print\2017_05_10.\dispatch_label] already exist!

mai 10, 2017 4:35:53 PM gui.warehouse_dispatch.WAREHOUSE_DISPATCH_UI0003_PasswordRequest connect
INFOS: User Admin   / 9999 connected to host WSMA7040 at 2017-05-10 16:35:53 Dispatch interface : .
mai 10, 2017 4:37:13 PM helper.Helper InitDailyDestPrintDir
INFOS: Print directory [.\print\2017_05_10] already exist!
Print sub directory [.\print\2017_05_10.\open_sheet] already exist!
Print sub directory [.\print\2017_05_10.\closing_sheet] already exist!
Print sub directory [.\print\2017_05_10.\picking_label] already exist!
Print sub directory [.\print\2017_05_10.\dispatch_label] already exist!

mai 10, 2017 4:37:21 PM gui.warehouse_dispatch.WAREHOUSE_DISPATCH_UI0003_PasswordRequest connect
INFOS: User Admin   / 9999 connected to host WSMA7040 at 2017-05-10 16:37:21 Dispatch interface : .
mai 10, 2017 4:38:42 PM helper.Helper InitDailyDestPrintDir
INFOS: Print directory [.\print\2017_05_10] already exist!
Print sub directory [.\print\2017_05_10.\open_sheet] already exist!
Print sub directory [.\print\2017_05_10.\closing_sheet] already exist!
Print sub directory [.\print\2017_05_10.\picking_label] already exist!
Print sub directory [.\print\2017_05_10.\dispatch_label] already exist!

mai 10, 2017 4:38:46 PM gui.warehouse_dispatch.WAREHOUSE_DISPATCH_UI0003_PasswordRequest connect
INFOS: User Admin   / 9999 connected to host WSMA7040 at 2017-05-10 16:38:46 Dispatch interface : .
mai 10, 2017 4:41:11 PM helper.Helper InitDailyDestPrintDir
INFOS: Print directory [.\print\2017_05_10] already exist!
Print sub directory [.\print\2017_05_10.\open_sheet] already exist!
Print sub directory [.\print\2017_05_10.\closing_sheet] already exist!
Print sub directory [.\print\2017_05_10.\picking_label] already exist!
Print sub directory [.\print\2017_05_10.\dispatch_label] already exist!

mai 10, 2017 4:41:14 PM gui.warehouse_dispatch.WAREHOUSE_DISPATCH_UI0003_PasswordRequest connect
INFOS: User Admin   / 9999 connected to host WSMA7040 at 2017-05-10 16:41:14 Dispatch interface : .
mai 10, 2017 4:45:12 PM helper.Helper InitDailyDestPrintDir
INFOS: Print directory [.\print\2017_05_10] already exist!
Print sub directory [.\print\2017_05_10.\open_sheet] already exist!
Print sub directory [.\print\2017_05_10.\closing_sheet] already exist!
Print sub directory [.\print\2017_05_10.\picking_label] already exist!
Print sub directory [.\print\2017_05_10.\dispatch_label] already exist!

mai 10, 2017 4:45:18 PM gui.warehouse_dispatch.WAREHOUSE_DISPATCH_UI0003_PasswordRequest connect
INFOS: User Admin   / 9999 connected to host WSMA7040 at 2017-05-10 16:45:18 Dispatch interface : .
mai 10, 2017 4:46:56 PM helper.Helper InitDailyDestPrintDir
INFOS: Print directory [.\print\2017_05_10] already exist!
Print sub directory [.\print\2017_05_10.\open_sheet] already exist!
Print sub directory [.\print\2017_05_10.\closing_sheet] already exist!
Print sub directory [.\print\2017_05_10.\picking_label] already exist!
Print sub directory [.\print\2017_05_10.\dispatch_label] already exist!

mai 10, 2017 4:47:01 PM gui.warehouse_dispatch.WAREHOUSE_DISPATCH_UI0003_PasswordRequest connect
INFOS: User Admin   / 9999 connected to host WSMA7040 at 2017-05-10 16:47:01 Dispatch interface : .
mai 10, 2017 5:02:32 PM helper.Helper InitDailyDestPrintDir
INFOS: Print directory [.\print\2017_05_10] already exist!
Print sub directory [.\print\2017_05_10.\open_sheet] already exist!
Print sub directory [.\print\2017_05_10.\closing_sheet] already exist!
Print sub directory [.\print\2017_05_10.\picking_label] already exist!
Print sub directory [.\print\2017_05_10.\dispatch_label] already exist!

mai 10, 2017 5:02:35 PM gui.warehouse_dispatch.WAREHOUSE_DISPATCH_UI0003_PasswordRequest connect
INFOS: User Admin   / 9999 connected to host WSMA7040 at 2017-05-10 17:02:35 Dispatch interface : .
mai 10, 2017 5:04:12 PM helper.Helper InitDailyDestPrintDir
INFOS: Print directory [.\print\2017_05_10] already exist!
Print sub directory [.\print\2017_05_10.\open_sheet] already exist!
Print sub directory [.\print\2017_05_10.\closing_sheet] already exist!
Print sub directory [.\print\2017_05_10.\picking_label] already exist!
Print sub directory [.\print\2017_05_10.\dispatch_label] already exist!

mai 10, 2017 5:04:17 PM gui.warehouse_dispatch.WAREHOUSE_DISPATCH_UI0003_PasswordRequest connect
INFOS: User Admin   / 9999 connected to host WSMA7040 at 2017-05-10 17:04:17 Dispatch interface : .
mai 10, 2017 5:05:20 PM helper.Helper InitDailyDestPrintDir
INFOS: Print directory [.\print\2017_05_10] already exist!
Print sub directory [.\print\2017_05_10.\open_sheet] already exist!
Print sub directory [.\print\2017_05_10.\closing_sheet] already exist!
Print sub directory [.\print\2017_05_10.\picking_label] already exist!
Print sub directory [.\print\2017_05_10.\dispatch_label] already exist!

mai 10, 2017 5:05:25 PM gui.warehouse_dispatch.WAREHOUSE_DISPATCH_UI0003_PasswordRequest connect
INFOS: User Admin   / 9999 connected to host WSMA7040 at 2017-05-10 17:05:25 Dispatch interface : .
mai 10, 2017 5:06:02 PM helper.Helper InitDailyDestPrintDir
INFOS: Print directory [.\print\2017_05_10] already exist!
Print sub directory [.\print\2017_05_10.\open_sheet] already exist!
Print sub directory [.\print\2017_05_10.\closing_sheet] already exist!
Print sub directory [.\print\2017_05_10.\picking_label] already exist!
Print sub directory [.\print\2017_05_10.\dispatch_label] already exist!

mai 10, 2017 5:06:07 PM gui.warehouse_dispatch.WAREHOUSE_DISPATCH_UI0003_PasswordRequest connect
INFOS: User Admin   / 9999 connected to host WSMA7040 at 2017-05-10 17:06:07 Dispatch interface : .
mai 10, 2017 5:06:34 PM helper.Helper InitDailyDestPrintDir
INFOS: Print directory [.\print\2017_05_10] already exist!
Print sub directory [.\print\2017_05_10.\open_sheet] already exist!
Print sub directory [.\print\2017_05_10.\closing_sheet] already exist!
Print sub directory [.\print\2017_05_10.\picking_label] already exist!
Print sub directory [.\print\2017_05_10.\dispatch_label] already exist!

mai 10, 2017 5:06:37 PM gui.warehouse_dispatch.WAREHOUSE_DISPATCH_UI0003_PasswordRequest connect
INFOS: User Admin   / 9999 connected to host WSMA7040 at 2017-05-10 17:06:37 Dispatch interface : .
mai 10, 2017 5:07:12 PM helper.Helper InitDailyDestPrintDir
INFOS: Print directory [.\print\2017_05_10] already exist!
Print sub directory [.\print\2017_05_10.\open_sheet] already exist!
Print sub directory [.\print\2017_05_10.\closing_sheet] already exist!
Print sub directory [.\print\2017_05_10.\picking_label] already exist!
Print sub directory [.\print\2017_05_10.\dispatch_label] already exist!

mai 10, 2017 5:07:17 PM gui.warehouse_dispatch.WAREHOUSE_DISPATCH_UI0003_PasswordRequest connect
INFOS: User Admin   / 9999 connected to host WSMA7040 at 2017-05-10 17:07:17 Dispatch interface : .
mai 10, 2017 5:16:38 PM helper.Helper InitDailyDestPrintDir
INFOS: Print directory [.\print\2017_05_10] already exist!
Print sub directory [.\print\2017_05_10.\open_sheet] already exist!
Print sub directory [.\print\2017_05_10.\closing_sheet] already exist!
Print sub directory [.\print\2017_05_10.\picking_label] already exist!
Print sub directory [.\print\2017_05_10.\dispatch_label] already exist!

mai 10, 2017 5:16:48 PM gui.warehouse_dispatch.WAREHOUSE_DISPATCH_UI0003_PasswordRequest connect
INFOS: User Admin   / 9999 connected to host WSMA7040 at 2017-05-10 17:16:48 Dispatch interface : .
mai 10, 2017 11:29:26 PM helper.Helper InitDailyDestPrintDir
INFOS: Print directory [.\print\2017_05_10] already exist!
Print sub directory [.\print\2017_05_10.\open_sheet] already exist!
Print sub directory [.\print\2017_05_10.\closing_sheet] already exist!
Print sub directory [.\print\2017_05_10.\picking_label] already exist!
Print sub directory [.\print\2017_05_10.\dispatch_label] already exist!

mai 10, 2017 11:30:06 PM helper.Helper InitDailyDestPrintDir
INFOS: Print directory [.\print\2017_05_10] already exist!
Print sub directory [.\print\2017_05_10.\open_sheet] already exist!
Print sub directory [.\print\2017_05_10.\closing_sheet] already exist!
Print sub directory [.\print\2017_05_10.\picking_label] already exist!
Print sub directory [.\print\2017_05_10.\dispatch_label] already exist!

mai 10, 2017 11:30:13 PM gui.warehouse_dispatch.WAREHOUSE_DISPATCH_UI0003_PasswordRequest connect
INFOS: User Admin   / 9999 connected to host O-EZZIOURI at 2017-05-10 23:30:13 Dispatch interface : .
mai 10, 2017 11:31:49 PM helper.Helper InitDailyDestPrintDir
INFOS: Print directory [.\print\2017_05_10] already exist!
Print sub directory [.\print\2017_05_10.\open_sheet] already exist!
Print sub directory [.\print\2017_05_10.\closing_sheet] already exist!
Print sub directory [.\print\2017_05_10.\picking_label] already exist!
Print sub directory [.\print\2017_05_10.\dispatch_label] already exist!

mai 10, 2017 11:35:19 PM gui.warehouse_dispatch.WAREHOUSE_DISPATCH_UI0003_PasswordRequest connect
INFOS: User Admin   / 9999 connected to host O-EZZIOURI at 2017-05-10 23:35:19 Dispatch interface : .
mai 10, 2017 11:42:10 PM helper.Helper InitDailyDestPrintDir
INFOS: Print directory [.\print\2017_05_10] already exist!
Print sub directory [.\print\2017_05_10.\open_sheet] already exist!
Print sub directory [.\print\2017_05_10.\closing_sheet] already exist!
Print sub directory [.\print\2017_05_10.\picking_label] already exist!
Print sub directory [.\print\2017_05_10.\dispatch_label] already exist!

mai 10, 2017 11:42:14 PM gui.warehouse_dispatch.WAREHOUSE_DISPATCH_UI0003_PasswordRequest connect
INFOS: User Admin   / 9999 connected to host O-EZZIOURI at 2017-05-10 23:42:14 Dispatch interface : .
mai 10, 2017 11:44:11 PM helper.Helper InitDailyDestPrintDir
INFOS: Print directory [.\print\2017_05_10] already exist!
Print sub directory [.\print\2017_05_10.\open_sheet] already exist!
Print sub directory [.\print\2017_05_10.\closing_sheet] already exist!
Print sub directory [.\print\2017_05_10.\picking_label] already exist!
Print sub directory [.\print\2017_05_10.\dispatch_label] already exist!

mai 10, 2017 11:44:16 PM gui.warehouse_dispatch.WAREHOUSE_DISPATCH_UI0003_PasswordRequest connect
INFOS: User Admin   / 9999 connected to host O-EZZIOURI at 2017-05-10 23:44:16 Dispatch interface : .
mai 10, 2017 11:51:03 PM helper.Helper InitDailyDestPrintDir
INFOS: Print directory [.\print\2017_05_10] already exist!
Print sub directory [.\print\2017_05_10.\open_sheet] already exist!
Print sub directory [.\print\2017_05_10.\closing_sheet] already exist!
Print sub directory [.\print\2017_05_10.\picking_label] already exist!
Print sub directory [.\print\2017_05_10.\dispatch_label] already exist!

mai 10, 2017 11:51:53 PM gui.warehouse_dispatch.WAREHOUSE_DISPATCH_UI0003_PasswordRequest connect
INFOS: User Admin   / 9999 connected to host O-EZZIOURI at 2017-05-10 23:51:53 Dispatch interface : .
mai 10, 2017 11:53:35 PM helper.Helper InitDailyDestPrintDir
INFOS: Print directory [.\print\2017_05_10] already exist!
Print sub directory [.\print\2017_05_10.\open_sheet] already exist!
Print sub directory [.\print\2017_05_10.\closing_sheet] already exist!
Print sub directory [.\print\2017_05_10.\picking_label] already exist!
Print sub directory [.\print\2017_05_10.\dispatch_label] already exist!

mai 10, 2017 11:53:46 PM gui.warehouse_dispatch.WAREHOUSE_DISPATCH_UI0003_PasswordRequest connect
INFOS: User Admin   / 9999 connected to host O-EZZIOURI at 2017-05-10 23:53:46 Dispatch interface : .
mai 10, 2017 11:55:12 PM helper.Helper InitDailyDestPrintDir
INFOS: Print directory [.\print\2017_05_10] already exist!
Print sub directory [.\print\2017_05_10.\open_sheet] already exist!
Print sub directory [.\print\2017_05_10.\closing_sheet] already exist!
Print sub directory [.\print\2017_05_10.\picking_label] already exist!
Print sub directory [.\print\2017_05_10.\dispatch_label] already exist!

mai 10, 2017 11:57:33 PM gui.warehouse_dispatch.WAREHOUSE_DISPATCH_UI0003_PasswordRequest connect
INFOS: User Admin   / 9999 connected to host O-EZZIOURI at 2017-05-10 23:57:33 Dispatch interface : .
