juil. 20, 2017 4:00:30 PM helper.Helper InitDailyDestPrintDir
INFOS: Print directory [.\print\2017_07_20] is created!
Print sub directory [.\print\2017_07_20.\open_sheet] is created!
Print sub directory [.\print\2017_07_20.\closing_sheet] is created!
Print sub directory [.\print\2017_07_20.\picking_label] is created!
Print sub directory [.\print\2017_07_20.\dispatch_label] is created!

juil. 20, 2017 4:10:03 PM helper.Helper InitDailyDestPrintDir
INFOS: Print directory [.\print\2017_07_20] already exist!
Print sub directory [.\print\2017_07_20.\open_sheet] already exist!
Print sub directory [.\print\2017_07_20.\closing_sheet] already exist!
Print sub directory [.\print\2017_07_20.\picking_label] already exist!
Print sub directory [.\print\2017_07_20.\dispatch_label] already exist!

juil. 20, 2017 4:14:39 PM helper.Helper InitDailyDestPrintDir
INFOS: Print directory [.\print\2017_07_20] already exist!
Print sub directory [.\print\2017_07_20.\open_sheet] already exist!
Print sub directory [.\print\2017_07_20.\closing_sheet] already exist!
Print sub directory [.\print\2017_07_20.\picking_label] already exist!
Print sub directory [.\print\2017_07_20.\dispatch_label] already exist!

juil. 20, 2017 4:26:11 PM helper.Helper InitDailyDestPrintDir
INFOS: Print directory [.\print\2017_07_20] already exist!
Print sub directory [.\print\2017_07_20.\open_sheet] already exist!
Print sub directory [.\print\2017_07_20.\closing_sheet] already exist!
Print sub directory [.\print\2017_07_20.\picking_label] already exist!
Print sub directory [.\print\2017_07_20.\dispatch_label] already exist!

