janv. 03, 2017 8:59:56 AM helper.Helper InitDailyDestPrintDir
INFOS: Print directory [.\print\2017_01_03] is created!
Print sub directory [.\print\2017_01_03.\open_sheet] is created!
Print sub directory [.\print\2017_01_03.\closing_sheet] is created!
Print sub directory [.\print\2017_01_03.\picking_label] is created!
Print sub directory [.\print\2017_01_03.\dispatch_label] is created!

janv. 03, 2017 9:02:33 AM helper.Helper InitDailyDestPrintDir
INFOS: Print directory [.\print\2017_01_03] already exist!
Print sub directory [.\print\2017_01_03.\open_sheet] already exist!
Print sub directory [.\print\2017_01_03.\closing_sheet] already exist!
Print sub directory [.\print\2017_01_03.\picking_label] already exist!
Print sub directory [.\print\2017_01_03.\dispatch_label] already exist!

janv. 03, 2017 9:02:37 AM gui.packaging.PACKAGING_UI0001_Main loadBarcodeConfig
INFOS: FROM ConfigBarcode cb WHERE cb.keyWord = :keyWord ORDER BY id ASC
janv. 03, 2017 9:02:37 AM entity.ConfigProject select
INFOS: FROM ConfigProject bp ORDER BY harnessType ASC
janv. 03, 2017 9:02:37 AM entity.ConfigProject select
INFOS: FROM ConfigProject bp ORDER BY harnessType ASC
janv. 03, 2017 9:02:53 AM gui.packaging.PACKAGING_UI0001_Main loadBarcodeConfig
INFOS: FROM ConfigBarcode cb WHERE cb.keyWord = :keyWord ORDER BY id ASC
janv. 03, 2017 9:02:53 AM entity.ConfigProject select
INFOS: FROM ConfigProject bp ORDER BY harnessType ASC
janv. 03, 2017 9:02:53 AM entity.ConfigProject select
INFOS: FROM ConfigProject bp ORDER BY harnessType ASC
janv. 03, 2017 9:04:56 AM helper.Helper InitDailyDestPrintDir
INFOS: Print directory [.\print\2017_01_03] already exist!
Print sub directory [.\print\2017_01_03.\open_sheet] already exist!
Print sub directory [.\print\2017_01_03.\closing_sheet] already exist!
Print sub directory [.\print\2017_01_03.\picking_label] already exist!
Print sub directory [.\print\2017_01_03.\dispatch_label] already exist!

janv. 03, 2017 9:04:58 AM gui.packaging.PACKAGING_UI0001_Main loadBarcodeConfig
INFOS: FROM ConfigBarcode cb WHERE cb.keyWord = :keyWord ORDER BY id ASC
janv. 03, 2017 9:04:58 AM entity.ConfigProject select
INFOS: FROM ConfigProject bp ORDER BY harnessType ASC
janv. 03, 2017 9:04:58 AM entity.ConfigProject select
INFOS: FROM ConfigProject bp ORDER BY harnessType ASC
janv. 03, 2017 9:19:48 AM helper.Helper InitDailyDestPrintDir
INFOS: Print directory [.\print\2017_01_03] already exist!
Print sub directory [.\print\2017_01_03.\open_sheet] already exist!
Print sub directory [.\print\2017_01_03.\closing_sheet] already exist!
Print sub directory [.\print\2017_01_03.\picking_label] already exist!
Print sub directory [.\print\2017_01_03.\dispatch_label] already exist!

janv. 03, 2017 9:19:50 AM gui.packaging.PACKAGING_UI0001_Main loadBarcodeConfig
INFOS: FROM ConfigBarcode cb WHERE cb.keyWord = :keyWord ORDER BY id ASC
janv. 03, 2017 9:19:50 AM entity.ConfigProject select
INFOS: FROM ConfigProject bp ORDER BY harnessType ASC
janv. 03, 2017 9:19:50 AM entity.ConfigProject select
INFOS: FROM ConfigProject bp ORDER BY harnessType ASC
janv. 03, 2017 9:23:31 AM helper.Helper InitDailyDestPrintDir
INFOS: Print directory [.\print\2017_01_03] already exist!
Print sub directory [.\print\2017_01_03.\open_sheet] already exist!
Print sub directory [.\print\2017_01_03.\closing_sheet] already exist!
Print sub directory [.\print\2017_01_03.\picking_label] already exist!
Print sub directory [.\print\2017_01_03.\dispatch_label] already exist!

janv. 03, 2017 9:23:39 AM gui.packaging.PACKAGING_UI0001_Main loadBarcodeConfig
INFOS: FROM ConfigBarcode cb WHERE cb.keyWord = :keyWord ORDER BY id ASC
janv. 03, 2017 9:23:39 AM entity.ConfigProject select
INFOS: FROM ConfigProject bp ORDER BY harnessType ASC
janv. 03, 2017 9:23:39 AM entity.ConfigProject select
INFOS: FROM ConfigProject bp ORDER BY harnessType ASC
janv. 03, 2017 9:27:42 AM helper.Helper InitDailyDestPrintDir
INFOS: Print directory [.\print\2017_01_03] already exist!
Print sub directory [.\print\2017_01_03.\open_sheet] already exist!
Print sub directory [.\print\2017_01_03.\closing_sheet] already exist!
Print sub directory [.\print\2017_01_03.\picking_label] already exist!
Print sub directory [.\print\2017_01_03.\dispatch_label] already exist!

janv. 03, 2017 9:27:49 AM gui.packaging.PACKAGING_UI0001_Main loadBarcodeConfig
INFOS: FROM ConfigBarcode cb WHERE cb.keyWord = :keyWord ORDER BY id ASC
janv. 03, 2017 9:27:49 AM entity.ConfigProject select
INFOS: FROM ConfigProject bp ORDER BY harnessType ASC
janv. 03, 2017 9:27:49 AM entity.ConfigProject select
INFOS: FROM ConfigProject bp ORDER BY harnessType ASC
janv. 03, 2017 9:30:29 AM helper.Helper InitDailyDestPrintDir
INFOS: Print directory [.\print\2017_01_03] already exist!
Print sub directory [.\print\2017_01_03.\open_sheet] already exist!
Print sub directory [.\print\2017_01_03.\closing_sheet] already exist!
Print sub directory [.\print\2017_01_03.\picking_label] already exist!
Print sub directory [.\print\2017_01_03.\dispatch_label] already exist!

janv. 03, 2017 9:30:30 AM gui.packaging.PACKAGING_UI0001_Main loadBarcodeConfig
INFOS: FROM ConfigBarcode cb WHERE cb.keyWord = :keyWord ORDER BY id ASC
janv. 03, 2017 9:30:30 AM entity.ConfigProject select
INFOS: FROM ConfigProject bp ORDER BY harnessType ASC
janv. 03, 2017 9:30:30 AM entity.ConfigProject select
INFOS: FROM ConfigProject bp ORDER BY harnessType ASC
janv. 03, 2017 10:10:54 AM helper.Helper InitDailyDestPrintDir
INFOS: Print directory [.\print\2017_01_03] already exist!
Print sub directory [.\print\2017_01_03.\open_sheet] already exist!
Print sub directory [.\print\2017_01_03.\closing_sheet] already exist!
Print sub directory [.\print\2017_01_03.\picking_label] already exist!
Print sub directory [.\print\2017_01_03.\dispatch_label] already exist!

janv. 03, 2017 10:12:09 AM gui.config.CONFIG_UI0000_AdminPassword checkLoginAndPass
INFOS: User Admin   / 9999 connected to host O-EZZIOURI at 2017-01-03 10:12:09 Module : Planner.
janv. 03, 2017 10:13:56 AM helper.Helper InitDailyDestPrintDir
INFOS: Print directory [.\print\2017_01_03] already exist!
Print sub directory [.\print\2017_01_03.\open_sheet] already exist!
Print sub directory [.\print\2017_01_03.\closing_sheet] already exist!
Print sub directory [.\print\2017_01_03.\picking_label] already exist!
Print sub directory [.\print\2017_01_03.\dispatch_label] already exist!

janv. 03, 2017 10:14:03 AM gui.config.CONFIG_UI0000_AdminPassword checkLoginAndPass
INFOS: User Admin   / 9999 connected to host O-EZZIOURI at 2017-01-03 10:14:03 Module : Planner.
janv. 03, 2017 10:16:00 AM helper.Helper InitDailyDestPrintDir
INFOS: Print directory [.\print\2017_01_03] already exist!
Print sub directory [.\print\2017_01_03.\open_sheet] already exist!
Print sub directory [.\print\2017_01_03.\closing_sheet] already exist!
Print sub directory [.\print\2017_01_03.\picking_label] already exist!
Print sub directory [.\print\2017_01_03.\dispatch_label] already exist!

janv. 03, 2017 10:16:11 AM gui.config.CONFIG_UI0000_AdminPassword checkLoginAndPass
INFOS: User Admin   / 9999 connected to host O-EZZIOURI at 2017-01-03 10:16:11 Module : Planner.
janv. 03, 2017 10:27:20 AM helper.Helper InitDailyDestPrintDir
INFOS: Print directory [.\print\2017_01_03] already exist!
Print sub directory [.\print\2017_01_03.\open_sheet] already exist!
Print sub directory [.\print\2017_01_03.\closing_sheet] already exist!
Print sub directory [.\print\2017_01_03.\picking_label] already exist!
Print sub directory [.\print\2017_01_03.\dispatch_label] already exist!

janv. 03, 2017 10:27:23 AM gui.packaging.PACKAGING_UI0001_Main loadBarcodeConfig
INFOS: FROM ConfigBarcode cb WHERE cb.keyWord = :keyWord ORDER BY id ASC
janv. 03, 2017 10:27:23 AM entity.ConfigProject select
INFOS: FROM ConfigProject bp ORDER BY harnessType ASC
janv. 03, 2017 10:27:23 AM entity.ConfigProject select
INFOS: FROM ConfigProject bp ORDER BY harnessType ASC
janv. 03, 2017 10:27:42 AM gui.config.CONFIG_UI0000_AdminPassword checkLoginAndPass
INFOS: User Admin   / 9999 connected to host O-EZZIOURI at 2017-01-03 10:27:42 Module : Planner.
janv. 03, 2017 12:14:29 PM helper.Helper InitDailyDestPrintDir
INFOS: Print directory [.\print\2017_01_03] already exist!
Print sub directory [.\print\2017_01_03.\open_sheet] already exist!
Print sub directory [.\print\2017_01_03.\closing_sheet] already exist!
Print sub directory [.\print\2017_01_03.\picking_label] already exist!
Print sub directory [.\print\2017_01_03.\dispatch_label] already exist!

janv. 03, 2017 12:14:34 PM gui.packaging.PACKAGING_UI0001_Main loadBarcodeConfig
INFOS: FROM ConfigBarcode cb WHERE cb.keyWord = :keyWord ORDER BY id ASC
janv. 03, 2017 12:14:34 PM entity.ConfigProject select
INFOS: FROM ConfigProject bp ORDER BY harnessType ASC
janv. 03, 2017 12:14:34 PM entity.ConfigProject select
INFOS: FROM ConfigProject bp ORDER BY harnessType ASC
janv. 03, 2017 12:14:46 PM gui.config.CONFIG_UI0000_AdminPassword checkLoginAndPass
INFOS: User Admin   / 9999 connected to host O-EZZIOURI at 2017-01-03 12:14:46 Module : Planner.
janv. 03, 2017 12:33:45 PM helper.Helper InitDailyDestPrintDir
INFOS: Print directory [.\print\2017_01_03] already exist!
Print sub directory [.\print\2017_01_03.\open_sheet] already exist!
Print sub directory [.\print\2017_01_03.\closing_sheet] already exist!
Print sub directory [.\print\2017_01_03.\picking_label] already exist!
Print sub directory [.\print\2017_01_03.\dispatch_label] already exist!

janv. 03, 2017 12:33:53 PM gui.config.CONFIG_UI0000_AdminPassword checkLoginAndPass
INFOS: User Admin   / 9999 connected to host O-EZZIOURI at 2017-01-03 12:33:53 Module : Planner.
janv. 03, 2017 12:36:37 PM helper.Helper InitDailyDestPrintDir
INFOS: Print directory [.\print\2017_01_03] already exist!
Print sub directory [.\print\2017_01_03.\open_sheet] already exist!
Print sub directory [.\print\2017_01_03.\closing_sheet] already exist!
Print sub directory [.\print\2017_01_03.\picking_label] already exist!
Print sub directory [.\print\2017_01_03.\dispatch_label] already exist!

janv. 03, 2017 12:36:45 PM gui.config.CONFIG_UI0000_AdminPassword checkLoginAndPass
INFOS: User Admin   / 9999 connected to host O-EZZIOURI at 2017-01-03 12:36:45 Module : Planner.
janv. 03, 2017 12:38:38 PM helper.Helper InitDailyDestPrintDir
INFOS: Print directory [.\print\2017_01_03] already exist!
Print sub directory [.\print\2017_01_03.\open_sheet] already exist!
Print sub directory [.\print\2017_01_03.\closing_sheet] already exist!
Print sub directory [.\print\2017_01_03.\picking_label] already exist!
Print sub directory [.\print\2017_01_03.\dispatch_label] already exist!

janv. 03, 2017 12:38:45 PM gui.config.CONFIG_UI0000_AdminPassword checkLoginAndPass
INFOS: User Admin   / 9999 connected to host O-EZZIOURI at 2017-01-03 12:38:45 Module : Planner.
janv. 03, 2017 12:45:11 PM helper.Helper InitDailyDestPrintDir
INFOS: Print directory [.\print\2017_01_03] already exist!
Print sub directory [.\print\2017_01_03.\open_sheet] already exist!
Print sub directory [.\print\2017_01_03.\closing_sheet] already exist!
Print sub directory [.\print\2017_01_03.\picking_label] already exist!
Print sub directory [.\print\2017_01_03.\dispatch_label] already exist!

janv. 03, 2017 12:45:13 PM gui.packaging.PACKAGING_UI0001_Main loadBarcodeConfig
INFOS: FROM ConfigBarcode cb WHERE cb.keyWord = :keyWord ORDER BY id ASC
janv. 03, 2017 12:45:13 PM entity.ConfigProject select
INFOS: FROM ConfigProject bp ORDER BY harnessType ASC
janv. 03, 2017 12:45:13 PM entity.ConfigProject select
INFOS: FROM ConfigProject bp ORDER BY harnessType ASC
janv. 03, 2017 12:45:27 PM gui.config.CONFIG_UI0000_AdminPassword checkLoginAndPass
INFOS: User Admin   / 9999 connected to host O-EZZIOURI at 2017-01-03 12:45:27 Module : Planner.
