mai 05, 2016 8:26:21 AM helper.Helper InitDailyDestPrintDir
INFOS: Print directory [.\print\2016_05_05] is created!
Print sub directory [.\print\2016_05_05.\open_sheet] is created!
Print sub directory [.\print\2016_05_05.\closing_sheet] is created!
Print sub directory [.\print\2016_05_05.\picking_label] is created!

mai 05, 2016 8:26:24 AM entity.ConfigProject select
INFOS: FROM ConfigProject bp ORDER BY harnessType ASC
mai 05, 2016 8:26:24 AM entity.ConfigProject select
INFOS: FROM ConfigProject bp ORDER BY harnessType ASC
mai 05, 2016 8:26:29 AM state.S010_UserCodeScan doAction
INFOS: User Admin   / 9999 connected to host WSMA7040 at 2016-05-05 08:26:29 Project : ENGINE.
mai 05, 2016 8:28:00 AM entity.ConfigProject select
INFOS: FROM ConfigProject bp ORDER BY harnessType ASC
mai 05, 2016 8:28:43 AM entity.BaseHarness checkHarnessPartFormat
INFOS: Invalid Harness Part scanned [P2270179300.00.0000;00:00:20] !
mai 05, 2016 8:28:43 AM state.S020_HarnessPartScan doAction
AVERTISSEMENT: Invalid Harness Part scanned [P2270179300.00.0000;00:00:20] !
mai 05, 2016 8:28:47 AM entity.ConfigUcs isHarnessPartExist
INFOS: Searching Harness part [22701793] in ConfigUCS: ENGINE
mai 05, 2016 8:28:47 AM entity.ConfigUcs isHarnessPartExist
INFOS: Harness part [22701793] found for project [ENGINE].
mai 05, 2016 8:28:47 AM state.S020_HarnessPartScan doAction
INFOS: Harness Part scanned [P22701793] OK.
mai 05, 2016 8:28:50 AM entity.BaseHarness isCounterExist
INFOS: Searching Harness counter [P2270179300.00.0000;00:00:20] in BaseHarness.
mai 05, 2016 8:28:50 AM entity.BaseHarness isCounterExist
INFOS: FROM BaseHarness bh WHERE bh.counter = :counter
mai 05, 2016 8:28:50 AM state.S030_MatrixIdScan doAction
INFOS: Valid Harness Counter scanned [P2270179300.00.0000;00:00:20] OK.
mai 05, 2016 8:29:01 AM entity.BaseEngineLabel isLabelCodeExist
INFOS: Searching Engine Label code [00000000010] in BaseEngineLabel.
mai 05, 2016 8:29:01 AM entity.BaseEngineLabel isLabelCodeExist
INFOS: FROM BaseEngineLabel bel WHERE bel.labelCode = :labelCode
mai 05, 2016 8:29:01 AM entity.BaseEngineLabel isLabelCodeExist
AVERTISSEMENT: Duplicated engine label [00000000010]
mai 05, 2016 8:29:03 AM entity.BaseEngineLabel isLabelCodeExist
INFOS: Searching Engine Label code [00000000020] in BaseEngineLabel.
mai 05, 2016 8:29:03 AM entity.BaseEngineLabel isLabelCodeExist
INFOS: FROM BaseEngineLabel bel WHERE bel.labelCode = :labelCode
mai 05, 2016 8:29:03 AM entity.BaseEngineLabel isLabelCodeExist
AVERTISSEMENT: Duplicated engine label [00000000020]
mai 05, 2016 8:29:07 AM entity.BaseEngineLabel isLabelCodeExist
INFOS: Searching Engine Label code [00000000018] in BaseEngineLabel.
mai 05, 2016 8:29:07 AM entity.BaseEngineLabel isLabelCodeExist
INFOS: FROM BaseEngineLabel bel WHERE bel.labelCode = :labelCode
mai 05, 2016 8:29:07 AM entity.BaseEngineLabel isLabelCodeExist
AVERTISSEMENT: Duplicated engine label [00000000018]
mai 05, 2016 8:29:10 AM entity.BaseEngineLabel isLabelCodeExist
INFOS: Searching Engine Label code [00000000030] in BaseEngineLabel.
mai 05, 2016 8:29:10 AM entity.BaseEngineLabel isLabelCodeExist
INFOS: FROM BaseEngineLabel bel WHERE bel.labelCode = :labelCode
mai 05, 2016 8:29:10 AM entity.BaseEngineLabel isLabelCodeExist
INFOS: New label engine [00000000030]
mai 05, 2016 8:29:10 AM state.S031_EngineLabel1Scan doAction
INFOS: First Valid Engine Label scanned [00000000030] OK.
mai 05, 2016 8:29:13 AM entity.BaseEngineLabel isLabelCodeExist
INFOS: Searching Engine Label code [00000000031] in BaseEngineLabel.
mai 05, 2016 8:29:13 AM entity.BaseEngineLabel isLabelCodeExist
INFOS: FROM BaseEngineLabel bel WHERE bel.labelCode = :labelCode
mai 05, 2016 8:29:13 AM entity.BaseEngineLabel isLabelCodeExist
INFOS: New label engine [00000000031]
mai 05, 2016 8:29:13 AM state.S032_EngineLabel2Scan doAction
INFOS: Second Valid Engine Label scanned [00000000031] OK.
mai 05, 2016 8:29:17 AM state.S040_PalletChoice doAction
INFOS: Is it a new pallet ?
mai 05, 2016 8:29:17 AM state.S040_PalletChoice doAction
INFOS:  [No]
mai 05, 2016 8:29:17 AM state.S040_PalletChoice doAction
INFOS: Pallet values 
mai 05, 2016 8:29:17 AM state.S040_PalletChoice doAction
INFOS: State           :   [true]
mai 05, 2016 8:29:17 AM state.S040_PalletChoice doAction
INFOS: Qty Expected    :   [2]
mai 05, 2016 8:29:17 AM state.S040_PalletChoice doAction
INFOS: Qty Read        :   [0]
mai 05, 2016 8:29:17 AM state.S040_PalletChoice doAction
INFOS: Harness Part [22701793] = Context Harness Part [22701793]
mai 05, 2016 8:29:17 AM state.S040_PalletChoice doAction
INFOS: Harness Type [ENGINE] = Context Harness Type [ENGINE]
mai 05, 2016 8:29:19 AM entity.ConfigProject select
INFOS: FROM ConfigProject bp ORDER BY harnessType ASC
mai 05, 2016 10:24:23 AM entity.ConfigUcs isHarnessPartExist
INFOS: Searching Harness part [22205127] in ConfigUCS: ENGINE
mai 05, 2016 10:24:24 AM entity.ConfigUcs isHarnessPartExist
INFOS: Harness part [22205127] NOT found.
mai 05, 2016 10:24:24 AM state.S020_HarnessPartScan doAction
AVERTISSEMENT: Harness part [P22205127] NOT found in UCS [ENGINE].
mai 05, 2016 10:26:17 AM helper.Helper InitDailyDestPrintDir
INFOS: Print directory [.\print\2016_05_05] already exist!
Print sub directory [.\print\2016_05_05.\open_sheet] already exist!
Print sub directory [.\print\2016_05_05.\closing_sheet] already exist!
Print sub directory [.\print\2016_05_05.\picking_label] already exist!

mai 05, 2016 10:26:19 AM entity.ConfigProject select
INFOS: FROM ConfigProject bp ORDER BY harnessType ASC
mai 05, 2016 10:26:19 AM entity.ConfigProject select
INFOS: FROM ConfigProject bp ORDER BY harnessType ASC
mai 05, 2016 10:26:24 AM state.S010_UserCodeScan doAction
INFOS: User Mohamed Ramali / 14228 connected to host WSMA7040 at 2016-05-05 10:26:24 Project : ENGINE.
mai 05, 2016 10:27:05 AM state.S010_UserCodeScan doAction
INFOS: User Admin   / 9999 connected to host WSMA7040 at 2016-05-05 10:27:05 Project : SMALL.
mai 05, 2016 10:28:07 AM helper.Helper InitDailyDestPrintDir
INFOS: Print directory [.\print\2016_05_05] already exist!
Print sub directory [.\print\2016_05_05.\open_sheet] already exist!
Print sub directory [.\print\2016_05_05.\closing_sheet] already exist!
Print sub directory [.\print\2016_05_05.\picking_label] already exist!

mai 05, 2016 10:28:24 AM entity.ConfigProject select
INFOS: FROM ConfigProject bp ORDER BY harnessType ASC
mai 05, 2016 10:28:24 AM entity.ConfigProject select
INFOS: FROM ConfigProject bp ORDER BY harnessType ASC
mai 05, 2016 10:28:29 AM state.S010_UserCodeScan doAction
INFOS: User Admin   / 9999 connected to host WSMA7040 at 2016-05-05 10:28:29 Project : SMALL.
mai 05, 2016 10:28:48 AM entity.ConfigUcs isHarnessPartExist
INFOS: Searching Harness part [22205127] in ConfigUCS: SMALL
mai 05, 2016 10:28:48 AM entity.ConfigUcs isHarnessPartExist
INFOS: Harness part [22205127] found for project [SMALL].
mai 05, 2016 10:28:48 AM state.S020_HarnessPartScan doAction
INFOS: Harness Part scanned [P22205127] OK.
mai 05, 2016 10:29:09 AM entity.BaseHarness isCounterExist
INFOS: Searching Harness counter [P2220512700.00.0000;00:00:00] in BaseHarness.
mai 05, 2016 10:29:09 AM entity.BaseHarness isCounterExist
INFOS: FROM BaseHarness bh WHERE bh.counter = :counter
mai 05, 2016 10:29:09 AM state.S030_MatrixIdScan doAction
INFOS: Valid Harness Counter scanned [P2220512700.00.0000;00:00:00] OK.
mai 05, 2016 10:29:12 AM state.S040_PalletChoice doAction
INFOS: Is it a new pallet ?
mai 05, 2016 10:29:12 AM state.S040_PalletChoice doAction
INFOS:  [Yes]
mai 05, 2016 10:29:12 AM gui.packaging.PACKAGING_UI9000_ChoosePackType <init>
INFOS: Item found 22205127--26C03051A--P03--kltv-780--150
mai 05, 2016 10:29:12 AM gui.packaging.PACKAGING_UI9000_ChoosePackType <init>
INFOS: 1 UCS founds for Harness Part[22205127].
mai 05, 2016 10:29:16 AM gui.packaging.PACKAGING_UI9000_ChoosePackType mappingContextVals
INFOS: Selected pack type : 22205127--26C03051A--P03--kltv-780--150 
mai 05, 2016 10:29:16 AM helper.Helper InitDailyDestPrintDir
INFOS: nullPrint directory [.\print\2016_05_05] already exist!
Print sub directory [.\print\2016_05_05.\open_sheet] already exist!
Print sub directory [.\print\2016_05_05.\closing_sheet] already exist!
Print sub directory [.\print\2016_05_05.\picking_label] already exist!

mai 05, 2016 10:29:17 AM helper.PrinterHelper saveAndPrintOpenSheet
INFOS: Set Pallet [200000483] state to [IN_PROCESS]
mai 05, 2016 10:29:17 AM print.PrintOpenPallet_A5 sentToDefaultDesktopPrinter
INFOS: Sending [.\print\2016_05_05\open_sheet\PrintOpenPallet_A5_2016_05_05_10_29_16_200000483.pdf] to the default printer...
mai 05, 2016 10:29:17 AM print.PrintOpenPallet_A5 sentToDefaultDesktopPrinter
INFOS: File [%s] has been printed.
mai 05, 2016 10:29:17 AM helper.PrinterHelper saveAndPrintOpenSheet
INFOS: Set Pallet [200000483] state to [PRINTED]
mai 05, 2016 10:29:17 AM gui.packaging.PACKAGING_UI9000_ChoosePackType items_listKeyPressed
INFOS: Openning new container for first harness part [22205127].
mai 05, 2016 10:29:36 AM state.S041_NewPalletScan doAction
INFOS: Scanned Pallet number [200000483] OK.
mai 05, 2016 10:29:36 AM state.S041_NewPalletScan doAction
INFOS: BaseContainer created BaseContainer{id=755,
 createTime=Thu May 05 10:29:36 WEST 2016,
 writeTime=Thu May 05 10:29:36 WEST 2016,
 createId=3,
 writeId=3,
 user=9999,
 startTime=Thu May 05 10:29:36 WEST 2016,
 completeTime=null,
 workTime=null,
 palletNumber=200000483,
 harnessPart=22205127,
 harnessIndex=P03,
 supplierPartNumber=26C03051A,
 qtyExpected=150,
 qtyRead=1,
 containerState=OPEN,
 containerStateCode=1000,
 packType=kltv-780,
 harnessType=SMALL,
 harnessList=[]} 
mai 05, 2016 10:29:46 AM entity.ConfigUcs isHarnessPartExist
INFOS: Searching Harness part [22205127] in ConfigUCS: SMALL
mai 05, 2016 10:29:46 AM entity.ConfigUcs isHarnessPartExist
INFOS: Harness part [22205127] found for project [SMALL].
mai 05, 2016 10:29:46 AM state.S020_HarnessPartScan doAction
INFOS: Harness Part scanned [P22205127] OK.
mai 05, 2016 10:29:48 AM entity.BaseHarness isCounterExist
INFOS: Searching Harness counter [P2220512700.00.0000;00:00:01] in BaseHarness.
mai 05, 2016 10:29:48 AM entity.BaseHarness isCounterExist
INFOS: FROM BaseHarness bh WHERE bh.counter = :counter
mai 05, 2016 10:29:48 AM state.S030_MatrixIdScan doAction
INFOS: Valid Harness Counter scanned [P2220512700.00.0000;00:00:01] OK.
mai 05, 2016 10:29:52 AM state.S040_PalletChoice doAction
INFOS: Is it a new pallet ?
mai 05, 2016 10:29:52 AM state.S040_PalletChoice doAction
AVERTISSEMENT: Invalid OPEN PALLET barcode [2000000483]!
mai 05, 2016 10:29:55 AM state.S040_PalletChoice doAction
INFOS: Is it a new pallet ?
mai 05, 2016 10:29:55 AM state.S040_PalletChoice doAction
INFOS:  [No]
mai 05, 2016 10:29:55 AM state.S040_PalletChoice doAction
INFOS: Pallet values 
mai 05, 2016 10:29:55 AM state.S040_PalletChoice doAction
INFOS: State           :   [true]
mai 05, 2016 10:29:55 AM state.S040_PalletChoice doAction
INFOS: Qty Expected    :   [150]
mai 05, 2016 10:29:55 AM state.S040_PalletChoice doAction
INFOS: Qty Read        :   [1]
mai 05, 2016 10:29:55 AM state.S040_PalletChoice doAction
INFOS: Harness Part [22205127] = Context Harness Part [22205127]
mai 05, 2016 10:29:55 AM state.S040_PalletChoice doAction
INFOS: Harness Type [SMALL] = Context Harness Type [SMALL]
mai 05, 2016 10:29:59 AM entity.ConfigUcs isHarnessPartExist
INFOS: Searching Harness part [22205127] in ConfigUCS: SMALL
mai 05, 2016 10:29:59 AM entity.ConfigUcs isHarnessPartExist
INFOS: Harness part [22205127] found for project [SMALL].
mai 05, 2016 10:29:59 AM state.S020_HarnessPartScan doAction
INFOS: Harness Part scanned [P22205127] OK.
mai 05, 2016 10:30:00 AM entity.BaseHarness isCounterExist
INFOS: Searching Harness counter [P2220512700.00.0000;00:00:02] in BaseHarness.
mai 05, 2016 10:30:00 AM entity.BaseHarness isCounterExist
INFOS: FROM BaseHarness bh WHERE bh.counter = :counter
mai 05, 2016 10:30:00 AM state.S030_MatrixIdScan doAction
INFOS: Valid Harness Counter scanned [P2220512700.00.0000;00:00:02] OK.
mai 05, 2016 10:30:05 AM state.S040_PalletChoice doAction
INFOS: Is it a new pallet ?
mai 05, 2016 10:30:05 AM state.S040_PalletChoice doAction
INFOS:  [No]
mai 05, 2016 10:30:05 AM state.S040_PalletChoice doAction
INFOS: Pallet values 
mai 05, 2016 10:30:05 AM state.S040_PalletChoice doAction
INFOS: State           :   [true]
mai 05, 2016 10:30:05 AM state.S040_PalletChoice doAction
INFOS: Qty Expected    :   [150]
mai 05, 2016 10:30:05 AM state.S040_PalletChoice doAction
INFOS: Qty Read        :   [2]
mai 05, 2016 10:30:05 AM state.S040_PalletChoice doAction
INFOS: Harness Part [22205127] = Context Harness Part [22205127]
mai 05, 2016 10:30:05 AM state.S040_PalletChoice doAction
INFOS: Harness Type [SMALL] = Context Harness Type [SMALL]
mai 05, 2016 10:32:21 AM entity.ConfigProject select
INFOS: FROM ConfigProject bp ORDER BY harnessType ASC
mai 05, 2016 10:34:14 AM entity.ConfigUcs isHarnessPartExist
INFOS: Searching Harness part [22205127] in ConfigUCS: SMALL
mai 05, 2016 10:34:14 AM entity.ConfigUcs isHarnessPartExist
INFOS: Harness part [22205127] found for project [SMALL].
mai 05, 2016 10:34:14 AM state.S020_HarnessPartScan doAction
INFOS: Harness Part scanned [P22205127] OK.
mai 05, 2016 10:34:15 AM entity.BaseHarness isCounterExist
INFOS: Searching Harness counter [P2220512700.00.0000;00:00:00] in BaseHarness.
mai 05, 2016 10:34:15 AM entity.BaseHarness isCounterExist
INFOS: FROM BaseHarness bh WHERE bh.counter = :counter
mai 05, 2016 10:34:15 AM state.S030_MatrixIdScan doAction
INFOS: Valid Harness Counter scanned [P2220512700.00.0000;00:00:00] OK.
mai 05, 2016 10:34:19 AM state.S040_PalletChoice doAction
INFOS: Is it a new pallet ?
mai 05, 2016 10:34:19 AM state.S040_PalletChoice doAction
INFOS:  [No]
mai 05, 2016 10:34:19 AM state.S040_PalletChoice doAction
INFOS: Pallet values 
mai 05, 2016 10:34:19 AM state.S040_PalletChoice doAction
INFOS: State           :   [true]
mai 05, 2016 10:34:19 AM state.S040_PalletChoice doAction
INFOS: Qty Expected    :   [150]
mai 05, 2016 10:34:19 AM state.S040_PalletChoice doAction
INFOS: Qty Read        :   [2]
mai 05, 2016 10:34:19 AM state.S040_PalletChoice doAction
INFOS: Harness Part [22205127] = Context Harness Part [22205127]
mai 05, 2016 10:34:19 AM state.S040_PalletChoice doAction
INFOS: Harness Type [SMALL] = Context Harness Type [SMALL]
mai 05, 2016 10:40:57 AM helper.Helper InitDailyDestPrintDir
INFOS: Print directory [.\print\2016_05_05] already exist!
Print sub directory [.\print\2016_05_05.\open_sheet] already exist!
Print sub directory [.\print\2016_05_05.\closing_sheet] already exist!
Print sub directory [.\print\2016_05_05.\picking_label] already exist!

