déc. 15, 2016 2:40:06 PM helper.Helper InitDailyDestPrintDir
INFOS: Print directory [.\print\2016_12_15] is created!
Print sub directory [.\print\2016_12_15.\open_sheet] is created!
Print sub directory [.\print\2016_12_15.\closing_sheet] is created!
Print sub directory [.\print\2016_12_15.\picking_label] is created!
Print sub directory [.\print\2016_12_15.\dispatch_label] is created!

déc. 15, 2016 2:40:08 PM gui.packaging.PACKAGING_UI0001_Main loadBarcodeConfig
INFOS: FROM ConfigBarcode cb WHERE cb.keyWord = :keyWord ORDER BY id ASC
déc. 15, 2016 2:40:08 PM entity.ConfigProject select
INFOS: FROM ConfigProject bp ORDER BY harnessType ASC
déc. 15, 2016 2:40:08 PM entity.ConfigProject select
INFOS: FROM ConfigProject bp ORDER BY harnessType ASC
déc. 15, 2016 2:40:14 PM entity.ConfigProject select
INFOS: FROM ConfigProject bp ORDER BY harnessType ASC
déc. 15, 2016 2:40:14 PM entity.ConfigSegment select
INFOS: FROM ConfigSegment bp ORDER BY segment ASC
déc. 15, 2016 2:40:24 PM entity.ConfigProject select
INFOS: FROM ConfigProject bp ORDER BY harnessType ASC
déc. 15, 2016 2:40:24 PM entity.ConfigSegment select
INFOS: FROM ConfigSegment bp ORDER BY segment ASC
déc. 15, 2016 2:41:10 PM helper.Helper InitDailyDestPrintDir
INFOS: Print directory [.\print\2016_12_15] already exist!
Print sub directory [.\print\2016_12_15.\open_sheet] already exist!
Print sub directory [.\print\2016_12_15.\closing_sheet] already exist!
Print sub directory [.\print\2016_12_15.\picking_label] already exist!
Print sub directory [.\print\2016_12_15.\dispatch_label] already exist!

déc. 15, 2016 2:41:35 PM gui.packaging.PACKAGING_UI0001_Main loadBarcodeConfig
INFOS: FROM ConfigBarcode cb WHERE cb.keyWord = :keyWord ORDER BY id ASC
déc. 15, 2016 2:41:35 PM entity.ConfigProject select
INFOS: FROM ConfigProject bp ORDER BY harnessType ASC
déc. 15, 2016 2:41:35 PM entity.ConfigProject select
INFOS: FROM ConfigProject bp ORDER BY harnessType ASC
déc. 15, 2016 2:41:37 PM entity.ConfigProject select
INFOS: FROM ConfigProject bp ORDER BY harnessType ASC
déc. 15, 2016 2:41:37 PM entity.ConfigSegment select
INFOS: FROM ConfigSegment bp ORDER BY segment ASC
déc. 15, 2016 2:41:47 PM entity.ConfigWorkplace selectBySegment
INFOS: FROM ConfigWorkplace bp WHERE segment = :segment ORDER BY workplace ASC
déc. 15, 2016 2:41:47 PM entity.ConfigWorkplace selectBySegment
INFOS: FROM ConfigWorkplace bp WHERE segment = :segment ORDER BY workplace ASC
déc. 15, 2016 2:41:49 PM entity.ConfigWorkplace selectBySegment
INFOS: FROM ConfigWorkplace bp WHERE segment = :segment ORDER BY workplace ASC
déc. 15, 2016 2:41:49 PM entity.ConfigWorkplace selectBySegment
INFOS: FROM ConfigWorkplace bp WHERE segment = :segment ORDER BY workplace ASC
déc. 15, 2016 2:41:59 PM entity.ConfigWorkplace selectBySegment
INFOS: FROM ConfigWorkplace bp WHERE segment = :segment ORDER BY workplace ASC
déc. 15, 2016 2:41:59 PM entity.ConfigWorkplace selectBySegment
INFOS: FROM ConfigWorkplace bp WHERE segment = :segment ORDER BY workplace ASC
déc. 15, 2016 2:42:07 PM entity.ConfigWorkplace selectBySegment
INFOS: FROM ConfigWorkplace bp WHERE segment = :segment ORDER BY workplace ASC
déc. 15, 2016 2:42:07 PM entity.ConfigWorkplace selectBySegment
INFOS: FROM ConfigWorkplace bp WHERE segment = :segment ORDER BY workplace ASC
déc. 15, 2016 2:43:39 PM helper.Helper InitDailyDestPrintDir
INFOS: Print directory [.\print\2016_12_15] already exist!
Print sub directory [.\print\2016_12_15.\open_sheet] already exist!
Print sub directory [.\print\2016_12_15.\closing_sheet] already exist!
Print sub directory [.\print\2016_12_15.\picking_label] already exist!
Print sub directory [.\print\2016_12_15.\dispatch_label] already exist!

déc. 15, 2016 2:43:40 PM gui.packaging.PACKAGING_UI0001_Main loadBarcodeConfig
INFOS: FROM ConfigBarcode cb WHERE cb.keyWord = :keyWord ORDER BY id ASC
déc. 15, 2016 2:43:40 PM entity.ConfigProject select
INFOS: FROM ConfigProject bp ORDER BY harnessType ASC
déc. 15, 2016 2:43:40 PM entity.ConfigProject select
INFOS: FROM ConfigProject bp ORDER BY harnessType ASC
déc. 15, 2016 2:43:42 PM entity.ConfigProject select
INFOS: FROM ConfigProject bp ORDER BY harnessType ASC
déc. 15, 2016 2:43:42 PM entity.ConfigSegment select
INFOS: FROM ConfigSegment bp ORDER BY segment ASC
déc. 15, 2016 2:43:44 PM entity.ConfigWorkplace selectBySegment
INFOS: FROM ConfigWorkplace bp WHERE segment = :segment ORDER BY workplace ASC
déc. 15, 2016 2:43:44 PM entity.ConfigWorkplace selectBySegment
INFOS: FROM ConfigWorkplace bp WHERE segment = :segment ORDER BY workplace ASC
déc. 15, 2016 2:43:46 PM entity.ConfigWorkplace selectBySegment
INFOS: FROM ConfigWorkplace bp WHERE segment = :segment ORDER BY workplace ASC
déc. 15, 2016 2:43:46 PM entity.ConfigWorkplace selectBySegment
INFOS: FROM ConfigWorkplace bp WHERE segment = :segment ORDER BY workplace ASC
déc. 15, 2016 3:00:10 PM helper.Helper InitDailyDestPrintDir
INFOS: Print directory [.\print\2016_12_15] already exist!
Print sub directory [.\print\2016_12_15.\open_sheet] already exist!
Print sub directory [.\print\2016_12_15.\closing_sheet] already exist!
Print sub directory [.\print\2016_12_15.\picking_label] already exist!
Print sub directory [.\print\2016_12_15.\dispatch_label] already exist!

déc. 15, 2016 3:00:12 PM gui.packaging.PACKAGING_UI0001_Main loadBarcodeConfig
INFOS: FROM ConfigBarcode cb WHERE cb.keyWord = :keyWord ORDER BY id ASC
déc. 15, 2016 3:00:12 PM entity.ConfigProject select
INFOS: FROM ConfigProject bp ORDER BY harnessType ASC
déc. 15, 2016 3:00:12 PM entity.ConfigProject select
INFOS: FROM ConfigProject bp ORDER BY harnessType ASC
déc. 15, 2016 3:00:14 PM entity.ConfigProject select
INFOS: FROM ConfigProject bp ORDER BY harnessType ASC
déc. 15, 2016 3:00:14 PM entity.ConfigSegment select
INFOS: FROM ConfigSegment bp ORDER BY segment ASC
déc. 15, 2016 3:00:15 PM entity.ConfigWorkplace selectBySegment
INFOS: FROM ConfigWorkplace bp WHERE segment = :segment ORDER BY workplace ASC
déc. 15, 2016 3:00:15 PM entity.ConfigWorkplace selectBySegment
INFOS: FROM ConfigWorkplace bp WHERE segment = :segment ORDER BY workplace ASC
déc. 15, 2016 3:00:17 PM entity.ConfigWorkplace selectBySegment
INFOS: FROM ConfigWorkplace bp WHERE segment = :segment ORDER BY workplace ASC
déc. 15, 2016 3:00:17 PM entity.ConfigWorkplace selectBySegment
INFOS: FROM ConfigWorkplace bp WHERE segment = :segment ORDER BY workplace ASC
déc. 15, 2016 3:00:18 PM entity.ConfigWorkplace selectBySegment
INFOS: FROM ConfigWorkplace bp WHERE segment = :segment ORDER BY workplace ASC
déc. 15, 2016 3:00:18 PM entity.ConfigWorkplace selectBySegment
INFOS: FROM ConfigWorkplace bp WHERE segment = :segment ORDER BY workplace ASC
déc. 15, 2016 3:00:23 PM entity.ConfigWorkplace selectBySegment
INFOS: FROM ConfigWorkplace bp WHERE segment = :segment ORDER BY workplace ASC
déc. 15, 2016 3:00:23 PM entity.ConfigWorkplace selectBySegment
INFOS: FROM ConfigWorkplace bp WHERE segment = :segment ORDER BY workplace ASC
