nov. 18, 2016 7:58:26 PM helper.Helper InitDailyDestPrintDir
INFOS: Print directory [.\print\2016_11_18] is created!
Print sub directory [.\print\2016_11_18.\open_sheet] is created!
Print sub directory [.\print\2016_11_18.\closing_sheet] is created!
Print sub directory [.\print\2016_11_18.\picking_label] is created!
Print sub directory [.\print\2016_11_18.\dispatch_label] is created!

nov. 18, 2016 8:07:12 PM helper.Helper InitDailyDestPrintDir
INFOS: Print directory [.\print\2016_11_18] already exist!
Print sub directory [.\print\2016_11_18.\open_sheet] already exist!
Print sub directory [.\print\2016_11_18.\closing_sheet] already exist!
Print sub directory [.\print\2016_11_18.\picking_label] already exist!
Print sub directory [.\print\2016_11_18.\dispatch_label] already exist!

nov. 18, 2016 8:07:32 PM gui.warehouse_output.WAREHOUSE_OUT_UI0003_PasswordRequest connect
INFOS: User Admin ENGINE / 9999 connected to host O-EZZIOURI at 2016-11-18 20:07:32 Dispatch interface : .
nov. 18, 2016 8:22:10 PM helper.Helper InitDailyDestPrintDir
INFOS: Print directory [.\print\2016_11_18] already exist!
Print sub directory [.\print\2016_11_18.\open_sheet] already exist!
Print sub directory [.\print\2016_11_18.\closing_sheet] already exist!
Print sub directory [.\print\2016_11_18.\picking_label] already exist!
Print sub directory [.\print\2016_11_18.\dispatch_label] already exist!

nov. 18, 2016 8:22:18 PM gui.warehouse_output.state.S010_DispatchUserCodeScan doAction
INFOS: Invalid matricule number or account locked !
nov. 18, 2016 8:22:22 PM gui.warehouse_output.state.S010_DispatchUserCodeScan doAction
INFOS: Invalid matricule number or account locked !
nov. 18, 2016 8:22:31 PM gui.warehouse_output.WAREHOUSE_OUT_UI0003_PasswordRequest connect
INFOS: User Admin ENGINE / 9999 connected to host O-EZZIOURI at 2016-11-18 20:22:31 Dispatch interface : .
nov. 18, 2016 8:23:24 PM gui.warehouse_output.state.S010_DispatchUserCodeScan doAction
INFOS: Invalid matricule number or account locked !
nov. 18, 2016 8:23:28 PM gui.warehouse_output.WAREHOUSE_OUT_UI0003_PasswordRequest connect
INFOS: User Admin ENGINE / 9999 connected to host O-EZZIOURI at 2016-11-18 20:23:28 Dispatch interface : .
nov. 18, 2016 8:26:34 PM helper.Helper InitDailyDestPrintDir
INFOS: Print directory [.\print\2016_11_18] already exist!
Print sub directory [.\print\2016_11_18.\open_sheet] already exist!
Print sub directory [.\print\2016_11_18.\closing_sheet] already exist!
Print sub directory [.\print\2016_11_18.\picking_label] already exist!
Print sub directory [.\print\2016_11_18.\dispatch_label] already exist!

nov. 18, 2016 8:37:58 PM helper.Helper InitDailyDestPrintDir
INFOS: Print directory [.\print\2016_11_18] already exist!
Print sub directory [.\print\2016_11_18.\open_sheet] already exist!
Print sub directory [.\print\2016_11_18.\closing_sheet] already exist!
Print sub directory [.\print\2016_11_18.\picking_label] already exist!
Print sub directory [.\print\2016_11_18.\dispatch_label] already exist!

nov. 18, 2016 8:38:47 PM helper.Helper InitDailyDestPrintDir
INFOS: Print directory [.\print\2016_11_18] already exist!
Print sub directory [.\print\2016_11_18.\open_sheet] already exist!
Print sub directory [.\print\2016_11_18.\closing_sheet] already exist!
Print sub directory [.\print\2016_11_18.\picking_label] already exist!
Print sub directory [.\print\2016_11_18.\dispatch_label] already exist!

nov. 18, 2016 8:40:29 PM helper.Helper InitDailyDestPrintDir
INFOS: Print directory [.\print\2016_11_18] already exist!
Print sub directory [.\print\2016_11_18.\open_sheet] already exist!
Print sub directory [.\print\2016_11_18.\closing_sheet] already exist!
Print sub directory [.\print\2016_11_18.\picking_label] already exist!
Print sub directory [.\print\2016_11_18.\dispatch_label] already exist!

nov. 18, 2016 8:42:39 PM helper.Helper InitDailyDestPrintDir
INFOS: Print directory [.\print\2016_11_18] already exist!
Print sub directory [.\print\2016_11_18.\open_sheet] already exist!
Print sub directory [.\print\2016_11_18.\closing_sheet] already exist!
Print sub directory [.\print\2016_11_18.\picking_label] already exist!
Print sub directory [.\print\2016_11_18.\dispatch_label] already exist!

nov. 18, 2016 8:42:49 PM gui.warehouse_output.WAREHOUSE_OUT_UI0003_PasswordRequest connect
INFOS: User Admin ENGINE / 9999 connected to host O-EZZIOURI at 2016-11-18 20:42:49 Dispatch interface : .
nov. 18, 2016 8:50:31 PM helper.Helper InitDailyDestPrintDir
INFOS: Print directory [.\print\2016_11_18] already exist!
Print sub directory [.\print\2016_11_18.\open_sheet] already exist!
Print sub directory [.\print\2016_11_18.\closing_sheet] already exist!
Print sub directory [.\print\2016_11_18.\picking_label] already exist!
Print sub directory [.\print\2016_11_18.\dispatch_label] already exist!

nov. 18, 2016 8:50:40 PM gui.warehouse_output.state.S010_DispatchUserCodeScan doAction
INFOS: Invalid matricule number or account locked !
nov. 18, 2016 8:51:53 PM helper.Helper InitDailyDestPrintDir
INFOS: Print directory [.\print\2016_11_18] already exist!
Print sub directory [.\print\2016_11_18.\open_sheet] already exist!
Print sub directory [.\print\2016_11_18.\closing_sheet] already exist!
Print sub directory [.\print\2016_11_18.\picking_label] already exist!
Print sub directory [.\print\2016_11_18.\dispatch_label] already exist!

nov. 18, 2016 8:51:58 PM gui.warehouse_output.state.S010_DispatchUserCodeScan doAction
INFOS: Invalid matricule number or account locked !
nov. 18, 2016 9:29:49 PM helper.Helper InitDailyDestPrintDir
INFOS: Print directory [.\print\2016_11_18] already exist!
Print sub directory [.\print\2016_11_18.\open_sheet] already exist!
Print sub directory [.\print\2016_11_18.\closing_sheet] already exist!
Print sub directory [.\print\2016_11_18.\picking_label] already exist!
Print sub directory [.\print\2016_11_18.\dispatch_label] already exist!

nov. 18, 2016 9:30:32 PM gui.warehouse_output.state.S010_DispatchUserCodeScan doAction
INFOS: Invalid matricule number or account locked !
nov. 18, 2016 9:30:34 PM gui.warehouse_output.state.S010_DispatchUserCodeScan doAction
INFOS: Invalid matricule number or account locked !
nov. 18, 2016 9:30:35 PM gui.warehouse_output.state.S010_DispatchUserCodeScan doAction
INFOS: Invalid matricule number or account locked !
nov. 18, 2016 9:44:39 PM helper.Helper InitDailyDestPrintDir
INFOS: Print directory [.\print\2016_11_18] already exist!
Print sub directory [.\print\2016_11_18.\open_sheet] already exist!
Print sub directory [.\print\2016_11_18.\closing_sheet] already exist!
Print sub directory [.\print\2016_11_18.\picking_label] already exist!
Print sub directory [.\print\2016_11_18.\dispatch_label] already exist!

nov. 18, 2016 9:44:45 PM gui.warehouse_output.WAREHOUSE_OUT_UI0003_PasswordRequest connect
INFOS: User Admin ENGINE / 9999 connected to host O-EZZIOURI at 2016-11-18 21:44:45 Dispatch interface : .
nov. 18, 2016 9:46:00 PM helper.Helper InitDailyDestPrintDir
INFOS: Print directory [.\print\2016_11_18] already exist!
Print sub directory [.\print\2016_11_18.\open_sheet] already exist!
Print sub directory [.\print\2016_11_18.\closing_sheet] already exist!
Print sub directory [.\print\2016_11_18.\picking_label] already exist!
Print sub directory [.\print\2016_11_18.\dispatch_label] already exist!

nov. 18, 2016 9:46:04 PM gui.warehouse_output.state.S010_DispatchUserCodeScan doAction
INFOS: Invalid matricule number or account locked !
nov. 18, 2016 9:46:07 PM gui.warehouse_output.WAREHOUSE_OUT_UI0003_PasswordRequest connect
INFOS: User Admin ENGINE / 9999 connected to host O-EZZIOURI at 2016-11-18 21:46:07 Dispatch interface : .
nov. 18, 2016 9:46:37 PM gui.warehouse_output.WAREHOUSE_OUT_UI0003_PasswordRequest connect
INFOS: User Admin ENGINE / 9999 connected to host O-EZZIOURI at 2016-11-18 21:46:37 Dispatch interface : .
nov. 18, 2016 9:48:22 PM helper.Helper InitDailyDestPrintDir
INFOS: Print directory [.\print\2016_11_18] already exist!
Print sub directory [.\print\2016_11_18.\open_sheet] already exist!
Print sub directory [.\print\2016_11_18.\closing_sheet] already exist!
Print sub directory [.\print\2016_11_18.\picking_label] already exist!
Print sub directory [.\print\2016_11_18.\dispatch_label] already exist!

nov. 18, 2016 9:48:28 PM gui.warehouse_output.WAREHOUSE_OUT_UI0003_PasswordRequest connect
INFOS: User Admin ENGINE / 9999 connected to host O-EZZIOURI at 2016-11-18 21:48:28 Dispatch interface : .
nov. 18, 2016 10:08:39 PM helper.Helper InitDailyDestPrintDir
INFOS: Print directory [.\print\2016_11_18] already exist!
Print sub directory [.\print\2016_11_18.\open_sheet] already exist!
Print sub directory [.\print\2016_11_18.\closing_sheet] already exist!
Print sub directory [.\print\2016_11_18.\picking_label] already exist!
Print sub directory [.\print\2016_11_18.\dispatch_label] already exist!

nov. 18, 2016 10:08:59 PM gui.warehouse_output.WAREHOUSE_OUT_UI0003_PasswordRequest connect
INFOS: User Admin ENGINE / 9999 connected to host O-EZZIOURI at 2016-11-18 22:08:59 Dispatch interface : .
nov. 18, 2016 10:12:22 PM helper.Helper InitDailyDestPrintDir
INFOS: Print directory [.\print\2016_11_18] already exist!
Print sub directory [.\print\2016_11_18.\open_sheet] already exist!
Print sub directory [.\print\2016_11_18.\closing_sheet] already exist!
Print sub directory [.\print\2016_11_18.\picking_label] already exist!
Print sub directory [.\print\2016_11_18.\dispatch_label] already exist!

nov. 18, 2016 10:12:28 PM gui.warehouse_output.state.S010_DispatchUserCodeScan doAction
INFOS: Invalid matricule number or account locked !
nov. 18, 2016 10:12:33 PM gui.warehouse_output.WAREHOUSE_OUT_UI0003_PasswordRequest connect
INFOS: User Admin ENGINE / 9999 connected to host O-EZZIOURI at 2016-11-18 22:12:33 Dispatch interface : .
nov. 18, 2016 10:16:24 PM helper.Helper InitDailyDestPrintDir
INFOS: Print directory [.\print\2016_11_18] already exist!
Print sub directory [.\print\2016_11_18.\open_sheet] already exist!
Print sub directory [.\print\2016_11_18.\closing_sheet] already exist!
Print sub directory [.\print\2016_11_18.\picking_label] already exist!
Print sub directory [.\print\2016_11_18.\dispatch_label] already exist!

nov. 18, 2016 10:16:33 PM gui.warehouse_output.WAREHOUSE_OUT_UI0003_PasswordRequest connect
INFOS: User Admin ENGINE / 9999 connected to host O-EZZIOURI at 2016-11-18 22:16:33 Dispatch interface : .
nov. 18, 2016 10:36:17 PM helper.Helper InitDailyDestPrintDir
INFOS: Print directory [.\print\2016_11_18] already exist!
Print sub directory [.\print\2016_11_18.\open_sheet] already exist!
Print sub directory [.\print\2016_11_18.\closing_sheet] already exist!
Print sub directory [.\print\2016_11_18.\picking_label] already exist!
Print sub directory [.\print\2016_11_18.\dispatch_label] already exist!

nov. 18, 2016 10:36:22 PM gui.warehouse_output.WAREHOUSE_OUT_UI0003_PasswordRequest connect
INFOS: User Admin ENGINE / 9999 connected to host O-EZZIOURI at 2016-11-18 22:36:22 Dispatch interface : .
nov. 18, 2016 10:39:42 PM helper.Helper InitDailyDestPrintDir
INFOS: Print directory [.\print\2016_11_18] already exist!
Print sub directory [.\print\2016_11_18.\open_sheet] already exist!
Print sub directory [.\print\2016_11_18.\closing_sheet] already exist!
Print sub directory [.\print\2016_11_18.\picking_label] already exist!
Print sub directory [.\print\2016_11_18.\dispatch_label] already exist!

nov. 18, 2016 10:39:48 PM gui.warehouse_output.WAREHOUSE_OUT_UI0003_PasswordRequest connect
INFOS: User Admin ENGINE / 9999 connected to host O-EZZIOURI at 2016-11-18 22:39:48 Dispatch interface : .
nov. 18, 2016 10:46:06 PM helper.Helper InitDailyDestPrintDir
INFOS: Print directory [.\print\2016_11_18] already exist!
Print sub directory [.\print\2016_11_18.\open_sheet] already exist!
Print sub directory [.\print\2016_11_18.\closing_sheet] already exist!
Print sub directory [.\print\2016_11_18.\picking_label] already exist!
Print sub directory [.\print\2016_11_18.\dispatch_label] already exist!

nov. 18, 2016 10:46:15 PM gui.warehouse_output.WAREHOUSE_OUT_UI0003_PasswordRequest connect
INFOS: User Admin ENGINE / 9999 connected to host O-EZZIOURI at 2016-11-18 22:46:15 Dispatch interface : .
nov. 18, 2016 10:57:03 PM helper.Helper InitDailyDestPrintDir
INFOS: Print directory [.\print\2016_11_18] already exist!
Print sub directory [.\print\2016_11_18.\open_sheet] already exist!
Print sub directory [.\print\2016_11_18.\closing_sheet] already exist!
Print sub directory [.\print\2016_11_18.\picking_label] already exist!
Print sub directory [.\print\2016_11_18.\dispatch_label] already exist!

nov. 18, 2016 10:57:13 PM gui.warehouse_output.WAREHOUSE_OUT_UI0003_PasswordRequest connect
INFOS: User Admin ENGINE / 9999 connected to host O-EZZIOURI at 2016-11-18 22:57:13 Dispatch interface : .
nov. 18, 2016 10:58:37 PM helper.Helper InitDailyDestPrintDir
INFOS: Print directory [.\print\2016_11_18] already exist!
Print sub directory [.\print\2016_11_18.\open_sheet] already exist!
Print sub directory [.\print\2016_11_18.\closing_sheet] already exist!
Print sub directory [.\print\2016_11_18.\picking_label] already exist!
Print sub directory [.\print\2016_11_18.\dispatch_label] already exist!

nov. 18, 2016 10:58:45 PM gui.warehouse_output.WAREHOUSE_OUT_UI0003_PasswordRequest connect
INFOS: User Admin ENGINE / 9999 connected to host O-EZZIOURI at 2016-11-18 22:58:45 Dispatch interface : .
nov. 18, 2016 11:03:48 PM helper.Helper InitDailyDestPrintDir
INFOS: Print directory [.\print\2016_11_18] already exist!
Print sub directory [.\print\2016_11_18.\open_sheet] already exist!
Print sub directory [.\print\2016_11_18.\closing_sheet] already exist!
Print sub directory [.\print\2016_11_18.\picking_label] already exist!
Print sub directory [.\print\2016_11_18.\dispatch_label] already exist!

nov. 18, 2016 11:04:13 PM gui.warehouse_output.WAREHOUSE_OUT_UI0003_PasswordRequest connect
INFOS: User Admin ENGINE / 9999 connected to host O-EZZIOURI at 2016-11-18 23:04:13 Dispatch interface : .
nov. 18, 2016 11:07:30 PM helper.Helper InitDailyDestPrintDir
INFOS: Print directory [.\print\2016_11_18] already exist!
Print sub directory [.\print\2016_11_18.\open_sheet] already exist!
Print sub directory [.\print\2016_11_18.\closing_sheet] already exist!
Print sub directory [.\print\2016_11_18.\picking_label] already exist!
Print sub directory [.\print\2016_11_18.\dispatch_label] already exist!

nov. 18, 2016 11:11:02 PM helper.Helper InitDailyDestPrintDir
INFOS: Print directory [.\print\2016_11_18] already exist!
Print sub directory [.\print\2016_11_18.\open_sheet] already exist!
Print sub directory [.\print\2016_11_18.\closing_sheet] already exist!
Print sub directory [.\print\2016_11_18.\picking_label] already exist!
Print sub directory [.\print\2016_11_18.\dispatch_label] already exist!

nov. 18, 2016 11:11:09 PM gui.warehouse_output.WAREHOUSE_OUT_UI0003_PasswordRequest connect
INFOS: User Admin ENGINE / 9999 connected to host O-EZZIOURI at 2016-11-18 23:11:09 Dispatch interface : .
nov. 18, 2016 11:22:12 PM helper.Helper InitDailyDestPrintDir
INFOS: Print directory [.\print\2016_11_18] already exist!
Print sub directory [.\print\2016_11_18.\open_sheet] already exist!
Print sub directory [.\print\2016_11_18.\closing_sheet] already exist!
Print sub directory [.\print\2016_11_18.\picking_label] already exist!
Print sub directory [.\print\2016_11_18.\dispatch_label] already exist!

nov. 18, 2016 11:22:17 PM gui.warehouse_output.WAREHOUSE_OUT_UI0003_PasswordRequest connect
INFOS: User Admin ENGINE / 9999 connected to host O-EZZIOURI at 2016-11-18 23:22:17 Dispatch interface : .
nov. 18, 2016 11:25:17 PM helper.Helper InitDailyDestPrintDir
INFOS: Print directory [.\print\2016_11_18] already exist!
Print sub directory [.\print\2016_11_18.\open_sheet] already exist!
Print sub directory [.\print\2016_11_18.\closing_sheet] already exist!
Print sub directory [.\print\2016_11_18.\picking_label] already exist!
Print sub directory [.\print\2016_11_18.\dispatch_label] already exist!

nov. 18, 2016 11:25:22 PM gui.warehouse_output.state.S010_DispatchUserCodeScan doAction
INFOS: Invalid matricule number or account locked !
nov. 18, 2016 11:25:25 PM gui.warehouse_output.WAREHOUSE_OUT_UI0003_PasswordRequest connect
INFOS: User Admin ENGINE / 9999 connected to host O-EZZIOURI at 2016-11-18 23:25:25 Dispatch interface : .
nov. 18, 2016 11:28:01 PM helper.Helper InitDailyDestPrintDir
INFOS: Print directory [.\print\2016_11_18] already exist!
Print sub directory [.\print\2016_11_18.\open_sheet] already exist!
Print sub directory [.\print\2016_11_18.\closing_sheet] already exist!
Print sub directory [.\print\2016_11_18.\picking_label] already exist!
Print sub directory [.\print\2016_11_18.\dispatch_label] already exist!

nov. 18, 2016 11:28:09 PM gui.warehouse_output.WAREHOUSE_OUT_UI0003_PasswordRequest connect
INFOS: User Admin ENGINE / 9999 connected to host O-EZZIOURI at 2016-11-18 23:28:09 Dispatch interface : .
nov. 18, 2016 11:31:26 PM helper.Helper InitDailyDestPrintDir
INFOS: Print directory [.\print\2016_11_18] already exist!
Print sub directory [.\print\2016_11_18.\open_sheet] already exist!
Print sub directory [.\print\2016_11_18.\closing_sheet] already exist!
Print sub directory [.\print\2016_11_18.\picking_label] already exist!
Print sub directory [.\print\2016_11_18.\dispatch_label] already exist!

nov. 18, 2016 11:31:32 PM gui.warehouse_output.WAREHOUSE_OUT_UI0003_PasswordRequest connect
INFOS: User Admin ENGINE / 9999 connected to host O-EZZIOURI at 2016-11-18 23:31:32 Dispatch interface : .
