août 30, 2016 12:11:39 PM helper.Helper InitDailyDestPrintDir
INFOS: Print directory [.\print\2016_08_30] is created!
Print sub directory [.\print\2016_08_30.\open_sheet] is created!
Print sub directory [.\print\2016_08_30.\closing_sheet] is created!
Print sub directory [.\print\2016_08_30.\picking_label] is created!

août 30, 2016 12:12:23 PM gui.packaging.PACKAGING_UI0001_Main <init>
INFOS: FROM ConfigBarcode cb WHERE cb.keyWord = :keyWord ORDER BY id ASC
août 30, 2016 12:13:34 PM helper.Helper InitDailyDestPrintDir
INFOS: Print directory [.\print\2016_08_30] already exist!
Print sub directory [.\print\2016_08_30.\open_sheet] already exist!
Print sub directory [.\print\2016_08_30.\closing_sheet] already exist!
Print sub directory [.\print\2016_08_30.\picking_label] already exist!

août 30, 2016 12:13:35 PM gui.packaging.PACKAGING_UI0001_Main <init>
INFOS: FROM ConfigBarcode cb WHERE cb.keyWord = :keyWord ORDER BY id ASC
août 30, 2016 12:14:16 PM helper.Helper InitDailyDestPrintDir
INFOS: Print directory [.\print\2016_08_30] already exist!
Print sub directory [.\print\2016_08_30.\open_sheet] already exist!
Print sub directory [.\print\2016_08_30.\closing_sheet] already exist!
Print sub directory [.\print\2016_08_30.\picking_label] already exist!

août 30, 2016 12:14:17 PM gui.packaging.PACKAGING_UI0001_Main <init>
INFOS: FROM ConfigBarcode cb WHERE cb.keyWord = :keyWord ORDER BY id ASC
août 30, 2016 12:15:36 PM helper.Helper InitDailyDestPrintDir
INFOS: Print directory [.\print\2016_08_30] already exist!
Print sub directory [.\print\2016_08_30.\open_sheet] already exist!
Print sub directory [.\print\2016_08_30.\closing_sheet] already exist!
Print sub directory [.\print\2016_08_30.\picking_label] already exist!

août 30, 2016 12:15:37 PM gui.packaging.PACKAGING_UI0001_Main <init>
INFOS: FROM ConfigBarcode cb WHERE cb.keyWord = :keyWord ORDER BY id ASC
août 30, 2016 12:16:42 PM helper.Helper InitDailyDestPrintDir
INFOS: Print directory [.\print\2016_08_30] already exist!
Print sub directory [.\print\2016_08_30.\open_sheet] already exist!
Print sub directory [.\print\2016_08_30.\closing_sheet] already exist!
Print sub directory [.\print\2016_08_30.\picking_label] already exist!

août 30, 2016 12:16:44 PM gui.packaging.PACKAGING_UI0001_Main <init>
INFOS: FROM ConfigBarcode cb WHERE cb.keyWord = :keyWord ORDER BY id ASC
août 30, 2016 12:21:55 PM helper.Helper InitDailyDestPrintDir
INFOS: Print directory [.\print\2016_08_30] already exist!
Print sub directory [.\print\2016_08_30.\open_sheet] already exist!
Print sub directory [.\print\2016_08_30.\closing_sheet] already exist!
Print sub directory [.\print\2016_08_30.\picking_label] already exist!

août 30, 2016 12:22:03 PM gui.packaging.PACKAGING_UI0001_Main <init>
INFOS: FROM ConfigBarcode cb WHERE cb.keyWord = :keyWord ORDER BY id ASC
août 30, 2016 12:23:03 PM helper.Helper InitDailyDestPrintDir
INFOS: Print directory [.\print\2016_08_30] already exist!
Print sub directory [.\print\2016_08_30.\open_sheet] already exist!
Print sub directory [.\print\2016_08_30.\closing_sheet] already exist!
Print sub directory [.\print\2016_08_30.\picking_label] already exist!

août 30, 2016 12:23:04 PM gui.packaging.PACKAGING_UI0001_Main <init>
INFOS: FROM ConfigBarcode cb WHERE cb.keyWord = :keyWord ORDER BY id ASC
août 30, 2016 12:23:43 PM helper.Helper InitDailyDestPrintDir
INFOS: Print directory [.\print\2016_08_30] already exist!
Print sub directory [.\print\2016_08_30.\open_sheet] already exist!
Print sub directory [.\print\2016_08_30.\closing_sheet] already exist!
Print sub directory [.\print\2016_08_30.\picking_label] already exist!

août 30, 2016 12:23:44 PM gui.packaging.PACKAGING_UI0001_Main <init>
INFOS: FROM ConfigBarcode cb WHERE cb.keyWord = :keyWord ORDER BY id ASC
août 30, 2016 12:23:44 PM entity.ConfigProject select
INFOS: FROM ConfigProject bp ORDER BY harnessType ASC
août 30, 2016 12:23:44 PM entity.ConfigProject select
INFOS: FROM ConfigProject bp ORDER BY harnessType ASC
août 30, 2016 12:25:10 PM helper.Helper InitDailyDestPrintDir
INFOS: Print directory [.\print\2016_08_30] already exist!
Print sub directory [.\print\2016_08_30.\open_sheet] already exist!
Print sub directory [.\print\2016_08_30.\closing_sheet] already exist!
Print sub directory [.\print\2016_08_30.\picking_label] already exist!

août 30, 2016 12:25:14 PM gui.packaging.PACKAGING_UI0001_Main <init>
INFOS: FROM ConfigBarcode cb WHERE cb.keyWord = :keyWord ORDER BY id ASC
août 30, 2016 12:28:03 PM helper.Helper InitDailyDestPrintDir
INFOS: Print directory [.\print\2016_08_30] already exist!
Print sub directory [.\print\2016_08_30.\open_sheet] already exist!
Print sub directory [.\print\2016_08_30.\closing_sheet] already exist!
Print sub directory [.\print\2016_08_30.\picking_label] already exist!

août 30, 2016 12:28:05 PM gui.packaging.PACKAGING_UI0001_Main <init>
INFOS: FROM ConfigBarcode cb WHERE cb.keyWord = :keyWord ORDER BY id ASC
août 30, 2016 12:28:56 PM helper.Helper InitDailyDestPrintDir
INFOS: Print directory [.\print\2016_08_30] already exist!
Print sub directory [.\print\2016_08_30.\open_sheet] already exist!
Print sub directory [.\print\2016_08_30.\closing_sheet] already exist!
Print sub directory [.\print\2016_08_30.\picking_label] already exist!

août 30, 2016 12:28:57 PM gui.packaging.PACKAGING_UI0001_Main <init>
INFOS: FROM ConfigBarcode cb WHERE cb.keyWord = :keyWord ORDER BY id ASC
août 30, 2016 12:36:18 PM helper.Helper InitDailyDestPrintDir
INFOS: Print directory [.\print\2016_08_30] already exist!
Print sub directory [.\print\2016_08_30.\open_sheet] already exist!
Print sub directory [.\print\2016_08_30.\closing_sheet] already exist!
Print sub directory [.\print\2016_08_30.\picking_label] already exist!

août 30, 2016 12:36:25 PM gui.packaging.PACKAGING_UI0001_Main <init>
INFOS: FROM ConfigBarcode cb WHERE cb.keyWord = :keyWord ORDER BY id ASC
août 30, 2016 12:36:25 PM entity.ConfigProject select
INFOS: FROM ConfigProject bp ORDER BY harnessType ASC
août 30, 2016 12:36:25 PM entity.ConfigProject select
INFOS: FROM ConfigProject bp ORDER BY harnessType ASC
août 30, 2016 2:00:06 PM helper.Helper InitDailyDestPrintDir
INFOS: Print directory [.\print\2016_08_30] already exist!
Print sub directory [.\print\2016_08_30.\open_sheet] already exist!
Print sub directory [.\print\2016_08_30.\closing_sheet] already exist!
Print sub directory [.\print\2016_08_30.\picking_label] already exist!

août 30, 2016 2:00:08 PM gui.packaging.PACKAGING_UI0001_Main loadDataMatrixList
INFOS: FROM ConfigBarcode cb WHERE cb.keyWord = :keyWord ORDER BY id ASC
août 30, 2016 2:00:08 PM entity.ConfigProject select
INFOS: FROM ConfigProject bp ORDER BY harnessType ASC
août 30, 2016 2:00:08 PM entity.ConfigProject select
INFOS: FROM ConfigProject bp ORDER BY harnessType ASC
août 30, 2016 2:04:14 PM gui.packaging.PACKAGING_UI0002_PasswordRequest admin_password_txtboxKeyPressed
INFOS: User Saliha Mouhib / 3333 connected to host WSMA7040 at 2016-08-30 14:04:14 Project : ENGINE.
août 30, 2016 2:04:25 PM entity.ConfigUcs isHarnessPartExist
INFOS: Searching Harness part [22701793] in ConfigUCS: ENGINE
août 30, 2016 2:04:25 PM entity.ConfigUcs isHarnessPartExist
INFOS: Harness part [22701793] found for project [ENGINE].
août 30, 2016 2:04:25 PM state.S020_HarnessPartScan doAction
INFOS: Harness Part scanned [P22701793] OK.
août 30, 2016 2:05:12 PM entity.BaseHarness checkCounterFormat
INFOS: Invalid Counter scanned format [P2270179330082016140500]!
août 30, 2016 2:08:05 PM helper.Helper InitDailyDestPrintDir
INFOS: Print directory [.\print\2016_08_30] already exist!
Print sub directory [.\print\2016_08_30.\open_sheet] already exist!
Print sub directory [.\print\2016_08_30.\closing_sheet] already exist!
Print sub directory [.\print\2016_08_30.\picking_label] already exist!

août 30, 2016 2:14:36 PM helper.Helper InitDailyDestPrintDir
INFOS: Print directory [.\print\2016_08_30] already exist!
Print sub directory [.\print\2016_08_30.\open_sheet] already exist!
Print sub directory [.\print\2016_08_30.\closing_sheet] already exist!
Print sub directory [.\print\2016_08_30.\picking_label] already exist!

août 30, 2016 2:14:37 PM gui.packaging.PACKAGING_UI0001_Main loadDataMatrixList
INFOS: FROM ConfigBarcode cb WHERE cb.keyWord = :keyWord ORDER BY id ASC
août 30, 2016 2:14:37 PM entity.ConfigProject select
INFOS: FROM ConfigProject bp ORDER BY harnessType ASC
août 30, 2016 2:14:37 PM entity.ConfigProject select
INFOS: FROM ConfigProject bp ORDER BY harnessType ASC
août 30, 2016 2:15:23 PM helper.Helper InitDailyDestPrintDir
INFOS: Print directory [.\print\2016_08_30] already exist!
Print sub directory [.\print\2016_08_30.\open_sheet] already exist!
Print sub directory [.\print\2016_08_30.\closing_sheet] already exist!
Print sub directory [.\print\2016_08_30.\picking_label] already exist!

août 30, 2016 2:15:25 PM gui.packaging.PACKAGING_UI0001_Main loadDataMatrixList
INFOS: FROM ConfigBarcode cb WHERE cb.keyWord = :keyWord ORDER BY id ASC
août 30, 2016 2:15:25 PM entity.ConfigProject select
INFOS: FROM ConfigProject bp ORDER BY harnessType ASC
août 30, 2016 2:15:25 PM entity.ConfigProject select
INFOS: FROM ConfigProject bp ORDER BY harnessType ASC
août 30, 2016 2:18:30 PM helper.Helper InitDailyDestPrintDir
INFOS: Print directory [.\print\2016_08_30] already exist!
Print sub directory [.\print\2016_08_30.\open_sheet] already exist!
Print sub directory [.\print\2016_08_30.\closing_sheet] already exist!
Print sub directory [.\print\2016_08_30.\picking_label] already exist!

août 30, 2016 2:18:32 PM gui.packaging.PACKAGING_UI0001_Main loadDataMatrixList
INFOS: FROM ConfigBarcode cb WHERE cb.keyWord = :keyWord ORDER BY id ASC
août 30, 2016 2:18:32 PM entity.ConfigProject select
INFOS: FROM ConfigProject bp ORDER BY harnessType ASC
août 30, 2016 2:18:32 PM entity.ConfigProject select
INFOS: FROM ConfigProject bp ORDER BY harnessType ASC
août 30, 2016 2:18:45 PM gui.packaging.PACKAGING_UI0002_PasswordRequest admin_password_txtboxKeyPressed
INFOS: User Saliha Mouhib / 3333 connected to host WSMA7040 at 2016-08-30 14:18:45 Project : ENGINE.
août 30, 2016 2:18:52 PM entity.ConfigUcs isHarnessPartExist
INFOS: Searching Harness part [22701793] in ConfigUCS: ENGINE
août 30, 2016 2:18:52 PM entity.ConfigUcs isHarnessPartExist
INFOS: Harness part [22701793] found for project [ENGINE].
août 30, 2016 2:18:52 PM state.S020_HarnessPartScan doAction
INFOS: Harness Part scanned [P22701793] OK.
août 30, 2016 2:19:01 PM entity.BaseHarness checkCounterFormat
INFOS: Invalid Counter scanned format [P2270179330082016141800]!
août 30, 2016 2:21:11 PM gui.packaging.PACKAGING_UI0001_Main loadDataMatrixList
INFOS: FROM ConfigBarcode cb WHERE cb.keyWord = :keyWord ORDER BY id ASC
août 30, 2016 2:21:11 PM entity.ConfigProject select
INFOS: FROM ConfigProject bp ORDER BY harnessType ASC
août 30, 2016 2:21:11 PM entity.ConfigProject select
INFOS: FROM ConfigProject bp ORDER BY harnessType ASC
août 30, 2016 2:21:26 PM gui.packaging.PACKAGING_UI0002_PasswordRequest admin_password_txtboxKeyPressed
INFOS: User Saliha Mouhib / 3333 connected to host WSMA7040 at 2016-08-30 14:21:26 Project : ENGINE.
août 30, 2016 2:21:32 PM entity.ConfigUcs isHarnessPartExist
INFOS: Searching Harness part [22701793] in ConfigUCS: ENGINE
août 30, 2016 2:21:32 PM entity.ConfigUcs isHarnessPartExist
INFOS: Harness part [22701793] found for project [ENGINE].
août 30, 2016 2:21:32 PM state.S020_HarnessPartScan doAction
INFOS: Harness Part scanned [P22701793] OK.
août 30, 2016 2:21:49 PM entity.BaseHarness checkCounterFormat
INFOS: Invalid Counter scanned format [P2270179330082016142100]!
août 30, 2016 2:24:05 PM helper.Helper InitDailyDestPrintDir
INFOS: Print directory [.\print\2016_08_30] already exist!
Print sub directory [.\print\2016_08_30.\open_sheet] already exist!
Print sub directory [.\print\2016_08_30.\closing_sheet] already exist!
Print sub directory [.\print\2016_08_30.\picking_label] already exist!

août 30, 2016 2:24:06 PM gui.packaging.PACKAGING_UI0001_Main loadDataMatrixList
INFOS: FROM ConfigBarcode cb WHERE cb.keyWord = :keyWord ORDER BY id ASC
août 30, 2016 2:24:06 PM entity.ConfigProject select
INFOS: FROM ConfigProject bp ORDER BY harnessType ASC
août 30, 2016 2:24:06 PM entity.ConfigProject select
INFOS: FROM ConfigProject bp ORDER BY harnessType ASC
août 30, 2016 2:24:16 PM gui.packaging.PACKAGING_UI0002_PasswordRequest admin_password_txtboxKeyPressed
INFOS: User Admin   / 9999 connected to host WSMA7040 at 2016-08-30 14:24:16 Project : ENGINE.
août 30, 2016 2:24:50 PM entity.ConfigUcs isHarnessPartExist
INFOS: Searching Harness part [22701793] in ConfigUCS: ENGINE
août 30, 2016 2:24:50 PM entity.ConfigUcs isHarnessPartExist
INFOS: Harness part [22701793] found for project [ENGINE].
août 30, 2016 2:24:50 PM state.S020_HarnessPartScan doAction
INFOS: Harness Part scanned [P22701793] OK.
août 30, 2016 2:24:52 PM entity.BaseHarness checkCounterFormat
INFOS: Invalid Counter scanned format [P2270179330082016142400]!
août 30, 2016 2:25:46 PM helper.Helper InitDailyDestPrintDir
INFOS: Print directory [.\print\2016_08_30] already exist!
Print sub directory [.\print\2016_08_30.\open_sheet] already exist!
Print sub directory [.\print\2016_08_30.\closing_sheet] already exist!
Print sub directory [.\print\2016_08_30.\picking_label] already exist!

août 30, 2016 2:25:48 PM gui.packaging.PACKAGING_UI0001_Main loadDataMatrixList
INFOS: FROM ConfigBarcode cb WHERE cb.keyWord = :keyWord ORDER BY id ASC
août 30, 2016 2:25:48 PM entity.ConfigProject select
INFOS: FROM ConfigProject bp ORDER BY harnessType ASC
août 30, 2016 2:25:48 PM entity.ConfigProject select
INFOS: FROM ConfigProject bp ORDER BY harnessType ASC
août 30, 2016 2:25:53 PM gui.packaging.PACKAGING_UI0002_PasswordRequest admin_password_txtboxKeyPressed
INFOS: User Saliha Mouhib / 3333 connected to host WSMA7040 at 2016-08-30 14:25:53 Project : ENGINE.
août 30, 2016 2:26:03 PM entity.ConfigUcs isHarnessPartExist
INFOS: Searching Harness part [22701793] in ConfigUCS: ENGINE
août 30, 2016 2:26:03 PM entity.ConfigUcs isHarnessPartExist
INFOS: Harness part [22701793] found for project [ENGINE].
août 30, 2016 2:26:03 PM state.S020_HarnessPartScan doAction
INFOS: Harness Part scanned [P22701793] OK.
août 30, 2016 2:26:21 PM entity.BaseHarness checkCounterFormat
INFOS: Invalid Counter scanned format [P2270179330082016142600]!
août 30, 2016 2:28:55 PM helper.Helper InitDailyDestPrintDir
INFOS: Print directory [.\print\2016_08_30] already exist!
Print sub directory [.\print\2016_08_30.\open_sheet] already exist!
Print sub directory [.\print\2016_08_30.\closing_sheet] already exist!
Print sub directory [.\print\2016_08_30.\picking_label] already exist!

août 30, 2016 2:28:56 PM gui.packaging.PACKAGING_UI0001_Main loadDataMatrixList
INFOS: FROM ConfigBarcode cb WHERE cb.keyWord = :keyWord ORDER BY id ASC
août 30, 2016 2:28:56 PM entity.ConfigProject select
INFOS: FROM ConfigProject bp ORDER BY harnessType ASC
août 30, 2016 2:28:56 PM entity.ConfigProject select
INFOS: FROM ConfigProject bp ORDER BY harnessType ASC
août 30, 2016 2:29:03 PM gui.packaging.PACKAGING_UI0002_PasswordRequest admin_password_txtboxKeyPressed
INFOS: User Saliha Mouhib / 3333 connected to host WSMA7040 at 2016-08-30 14:29:03 Project : ENGINE.
août 30, 2016 2:29:13 PM entity.ConfigUcs isHarnessPartExist
INFOS: Searching Harness part [22701793] in ConfigUCS: ENGINE
août 30, 2016 2:29:13 PM entity.ConfigUcs isHarnessPartExist
INFOS: Harness part [22701793] found for project [ENGINE].
août 30, 2016 2:29:13 PM state.S020_HarnessPartScan doAction
INFOS: Harness Part scanned [P22701793] OK.
août 30, 2016 2:29:20 PM entity.BaseHarness checkCounterFormat
INFOS: Invalid Counter scanned format [P2270179330082016142600]!
août 30, 2016 2:31:26 PM helper.Helper InitDailyDestPrintDir
INFOS: Print directory [.\print\2016_08_30] already exist!
Print sub directory [.\print\2016_08_30.\open_sheet] already exist!
Print sub directory [.\print\2016_08_30.\closing_sheet] already exist!
Print sub directory [.\print\2016_08_30.\picking_label] already exist!

août 30, 2016 2:31:27 PM gui.packaging.PACKAGING_UI0001_Main loadDataMatrixList
INFOS: FROM ConfigBarcode cb WHERE cb.keyWord = :keyWord ORDER BY id ASC
août 30, 2016 2:31:27 PM entity.ConfigProject select
INFOS: FROM ConfigProject bp ORDER BY harnessType ASC
août 30, 2016 2:31:27 PM entity.ConfigProject select
INFOS: FROM ConfigProject bp ORDER BY harnessType ASC
août 30, 2016 2:31:31 PM gui.packaging.PACKAGING_UI0002_PasswordRequest admin_password_txtboxKeyPressed
INFOS: User Saliha Mouhib / 3333 connected to host WSMA7040 at 2016-08-30 14:31:31 Project : ENGINE.
août 30, 2016 2:31:38 PM entity.ConfigUcs isHarnessPartExist
INFOS: Searching Harness part [22701793] in ConfigUCS: ENGINE
août 30, 2016 2:31:38 PM entity.ConfigUcs isHarnessPartExist
INFOS: Harness part [22701793] found for project [ENGINE].
août 30, 2016 2:31:38 PM state.S020_HarnessPartScan doAction
INFOS: Harness Part scanned [P22701793] OK.
août 30, 2016 2:31:39 PM entity.BaseHarness isCounterExist
INFOS: Searching Harness counter [P2270179330082016142600] in BaseHarness.
août 30, 2016 2:31:39 PM entity.BaseHarness isCounterExist
INFOS: FROM BaseHarness bh WHERE bh.counter = :counter
août 30, 2016 2:31:39 PM state.S030_MatrixIdScan doAction
INFOS: Valid Harness Counter scanned [P2270179330082016142600] OK.
août 30, 2016 2:33:07 PM state.S040_PalletChoice doAction
INFOS: Is it a new pallet ?
août 30, 2016 2:33:07 PM state.S040_PalletChoice doAction
INFOS:  [No]
août 30, 2016 2:33:07 PM state.S040_PalletChoice doAction
INFOS: Pallet values 
août 30, 2016 2:33:07 PM state.S040_PalletChoice doAction
INFOS: State           :   [true]
août 30, 2016 2:33:07 PM state.S040_PalletChoice doAction
INFOS: Qty Expected    :   [24]
août 30, 2016 2:33:07 PM state.S040_PalletChoice doAction
INFOS: Qty Read        :   [0]
août 30, 2016 2:33:07 PM state.S040_PalletChoice doAction
INFOS: Std Time        :   [0.390057633333333]
août 30, 2016 2:33:07 PM state.S040_PalletChoice doAction
INFOS: Harness Part [22701793] = Context Harness Part [22701793]
août 30, 2016 2:33:07 PM state.S040_PalletChoice doAction
INFOS: Harness Type [ENGINE] = Context Harness Type [ENGINE]
août 30, 2016 2:33:09 PM entity.ConfigProject select
INFOS: FROM ConfigProject bp ORDER BY harnessType ASC
août 30, 2016 5:50:45 PM helper.Helper InitDailyDestPrintDir
INFOS: Print directory [.\print\2016_08_30] already exist!
Print sub directory [.\print\2016_08_30.\open_sheet] already exist!
Print sub directory [.\print\2016_08_30.\closing_sheet] already exist!
Print sub directory [.\print\2016_08_30.\picking_label] already exist!

août 30, 2016 5:50:48 PM gui.packaging.PACKAGING_UI0001_Main loadDataMatrixList
INFOS: FROM ConfigBarcode cb WHERE cb.keyWord = :keyWord ORDER BY id ASC
août 30, 2016 5:50:48 PM entity.ConfigProject select
INFOS: FROM ConfigProject bp ORDER BY harnessType ASC
août 30, 2016 5:50:48 PM entity.ConfigProject select
INFOS: FROM ConfigProject bp ORDER BY harnessType ASC
août 30, 2016 5:50:55 PM gui.packaging.PACKAGING_UI0002_PasswordRequest admin_password_txtboxKeyPressed
INFOS: User Saliha Mouhib / 3333 connected to host WSMA7040 at 2016-08-30 17:50:55 Project : ENGINE.
août 30, 2016 5:51:12 PM entity.ConfigUcs isHarnessPartExist
INFOS: Searching Harness part [22701793] in ConfigUCS: ENGINE
août 30, 2016 5:51:12 PM entity.ConfigUcs isHarnessPartExist
INFOS: Harness part [22701793] found for project [ENGINE].
août 30, 2016 5:51:12 PM state.S020_HarnessPartScan doAction
INFOS: Harness Part scanned [P22701793] OK.
août 30, 2016 5:51:14 PM entity.BaseHarness checkCounterFormat
INFOS: Invalid Counter scanned format [P22701793P0226C36540A300820160522222]!
août 30, 2016 5:52:24 PM gui.packaging.PACKAGING_UI0001_Main loadDataMatrixList
INFOS: FROM ConfigBarcode cb WHERE cb.keyWord = :keyWord ORDER BY id ASC
août 30, 2016 5:52:24 PM entity.ConfigProject select
INFOS: FROM ConfigProject bp ORDER BY harnessType ASC
août 30, 2016 5:52:24 PM entity.ConfigProject select
INFOS: FROM ConfigProject bp ORDER BY harnessType ASC
août 30, 2016 5:52:54 PM gui.packaging.PACKAGING_UI0002_PasswordRequest admin_password_txtboxKeyPressed
INFOS: User Saliha Mouhib / 3333 connected to host WSMA7040 at 2016-08-30 17:52:54 Project : ENGINE.
août 30, 2016 5:53:04 PM entity.ConfigUcs isHarnessPartExist
INFOS: Searching Harness part [22701793] in ConfigUCS: ENGINE
août 30, 2016 5:53:04 PM entity.ConfigUcs isHarnessPartExist
INFOS: Harness part [22701793] found for project [ENGINE].
août 30, 2016 5:53:04 PM state.S020_HarnessPartScan doAction
INFOS: Harness Part scanned [P22701793] OK.
août 30, 2016 5:53:07 PM entity.BaseHarness checkCounterFormat
INFOS: Invalid Counter scanned format [P22701793P0226C36540A300820160522222]!
août 30, 2016 5:54:00 PM gui.packaging.PACKAGING_UI0001_Main loadDataMatrixList
INFOS: FROM ConfigBarcode cb WHERE cb.keyWord = :keyWord ORDER BY id ASC
août 30, 2016 5:54:00 PM entity.ConfigProject select
INFOS: FROM ConfigProject bp ORDER BY harnessType ASC
août 30, 2016 5:54:00 PM entity.ConfigProject select
INFOS: FROM ConfigProject bp ORDER BY harnessType ASC
août 30, 2016 5:54:17 PM gui.packaging.PACKAGING_UI0002_PasswordRequest admin_password_txtboxKeyPressed
INFOS: User Saliha Mouhib / 3333 connected to host WSMA7040 at 2016-08-30 17:54:17 Project : ENGINE.
août 30, 2016 5:54:19 PM entity.ConfigUcs isHarnessPartExist
INFOS: Searching Harness part [22701793] in ConfigUCS: ENGINE
août 30, 2016 5:54:19 PM entity.ConfigUcs isHarnessPartExist
INFOS: Harness part [22701793] found for project [ENGINE].
août 30, 2016 5:54:19 PM state.S020_HarnessPartScan doAction
INFOS: Harness Part scanned [P22701793] OK.
août 30, 2016 5:54:20 PM entity.BaseHarness isCounterExist
INFOS: Searching Harness counter [P22701793P0226C36540A300820160522222] in BaseHarness.
août 30, 2016 5:54:20 PM entity.BaseHarness isCounterExist
INFOS: FROM BaseHarness bh WHERE bh.counter = :counter
août 30, 2016 5:54:20 PM state.S030_MatrixIdScan doAction
INFOS: Valid Harness Counter scanned [P22701793P0226C36540A300820160522222] OK.
août 30, 2016 5:54:52 PM state.S040_PalletChoice doAction
INFOS: Is it a new pallet ?
août 30, 2016 5:54:52 PM state.S040_PalletChoice doAction
INFOS:  [No]
août 30, 2016 5:54:52 PM state.S040_PalletChoice doAction
INFOS: Pallet values 
août 30, 2016 5:54:52 PM state.S040_PalletChoice doAction
INFOS: State           :   [true]
août 30, 2016 5:54:52 PM state.S040_PalletChoice doAction
INFOS: Qty Expected    :   [24]
août 30, 2016 5:54:52 PM state.S040_PalletChoice doAction
INFOS: Qty Read        :   [1]
août 30, 2016 5:54:52 PM state.S040_PalletChoice doAction
INFOS: Std Time        :   [0.390057633333333]
août 30, 2016 5:54:52 PM state.S040_PalletChoice doAction
INFOS: Harness Part [22701793] = Context Harness Part [22701793]
août 30, 2016 5:54:52 PM state.S040_PalletChoice doAction
INFOS: Harness Type [ENGINE] = Context Harness Type [ENGINE]
