oct. 24, 2016 10:57:07 PM helper.Helper InitDailyDestPrintDir
INFOS: Print directory [.\print\2016_10_24] is created!
Print sub directory [.\print\2016_10_24.\open_sheet] is created!
Print sub directory [.\print\2016_10_24.\closing_sheet] is created!
Print sub directory [.\print\2016_10_24.\picking_label] is created!
Print sub directory [.\print\2016_10_24.\dispatch_label] is created!

oct. 24, 2016 10:57:18 PM gui.packaging.PACKAGING_UI0001_Main loadBarcodeConfig
INFOS: FROM ConfigBarcode cb WHERE cb.keyWord = :keyWord ORDER BY id ASC
oct. 24, 2016 10:57:18 PM entity.ConfigProject select
INFOS: FROM ConfigProject bp ORDER BY harnessType ASC
oct. 24, 2016 10:57:18 PM entity.ConfigProject select
INFOS: FROM ConfigProject bp ORDER BY harnessType ASC
oct. 24, 2016 10:57:28 PM gui.warehouse_output.WAREHOUSE_OUT_UI0002_DISPATCH_SCAN loadBarcodeConfig
INFOS: FROM ConfigBarcode cb WHERE cb.keyWord IN (:keyWords) ORDER BY id ASC
oct. 24, 2016 10:57:34 PM gui.warehouse_output.WAREHOUSE_OUT_UI0003_PasswordRequest connect
INFOS: User Admin ENGINE / 9999 connected to host O-EZZIOURI at 2016-10-24 22:57:34 Dispatch interface : .
oct. 24, 2016 10:57:35 PM gui.warehouse_output.state.WarehouseOutHelper checkAdviceNoteNumFormat
INFOS: Numéro BL invalide [].
Le numéro BL ne doit contenir que des chiffres.
oct. 24, 2016 10:57:35 PM gui.warehouse_output.state.S020_AdviceNoteNumberScan doAction
AVERTISSEMENT: Numéro BL invalide [].
Le numéro BL ne doit contenir que des chiffres.
oct. 24, 2016 10:57:36 PM gui.warehouse_output.state.WarehouseOutHelper checkAdviceNoteNumFormat
INFOS: Numéro BL invalide [].
Le numéro BL ne doit contenir que des chiffres.
oct. 24, 2016 10:57:36 PM gui.warehouse_output.state.S020_AdviceNoteNumberScan doAction
AVERTISSEMENT: Numéro BL invalide [].
Le numéro BL ne doit contenir que des chiffres.
oct. 24, 2016 10:57:37 PM gui.warehouse_output.state.WarehouseOutHelper checkAdviceNoteNumFormat
INFOS: Numéro BL invalide [].
Le numéro BL ne doit contenir que des chiffres.
oct. 24, 2016 10:57:37 PM gui.warehouse_output.state.S020_AdviceNoteNumberScan doAction
AVERTISSEMENT: Numéro BL invalide [].
Le numéro BL ne doit contenir que des chiffres.
oct. 24, 2016 10:57:49 PM gui.warehouse_output.state.WarehouseOutHelper checkAdviceNoteNumFormat
INFOS: Numéro BL invalide [N1234].
Le numéro BL ne doit contenir que des chiffres.
oct. 24, 2016 10:57:49 PM gui.warehouse_output.state.S020_AdviceNoteNumberScan doAction
AVERTISSEMENT: Numéro BL invalide [N1234].
Le numéro BL ne doit contenir que des chiffres.
oct. 24, 2016 10:59:32 PM gui.warehouse_output.WAREHOUSE_OUT_UI0002_DISPATCH_SCAN loadBarcodeConfig
INFOS: FROM ConfigBarcode cb WHERE cb.keyWord IN (:keyWords) ORDER BY id ASC
oct. 24, 2016 10:59:37 PM gui.warehouse_output.WAREHOUSE_OUT_UI0003_PasswordRequest connect
INFOS: User Admin ENGINE / 9999 connected to host O-EZZIOURI at 2016-10-24 22:59:37 Dispatch interface : .
oct. 24, 2016 10:59:42 PM gui.warehouse_output.state.WarehouseOutHelper checkAdviceNoteNumFormat
INFOS: Numéro BL invalide [121212].
Le numéro BL ne doit contenir que des chiffres.
oct. 24, 2016 10:59:42 PM gui.warehouse_output.state.S020_AdviceNoteNumberScan doAction
AVERTISSEMENT: Numéro BL invalide [121212].
Le numéro BL ne doit contenir que des chiffres.
oct. 24, 2016 10:59:53 PM gui.warehouse_output.state.WarehouseOutHelper isAdviceNoteNumberExist
INFOS: Searching advice note number [N1234].
oct. 24, 2016 10:59:53 PM gui.warehouse_output.state.WarehouseOutHelper isAdviceNoteNumberExist
INFOS: FROM DispatchNote dn WHERE dn.adviceNoteNum = :advice_note_num
oct. 24, 2016 10:59:53 PM gui.warehouse_output.state.S020_AdviceNoteNumberScan doAction
INFOS: Advice not number scanned [N1234] OK.
oct. 24, 2016 10:59:56 PM gui.warehouse_output.state.S020_FORSBlScan doAction
INFOS: FORS Advice note number scanned [N1234] OK.
oct. 24, 2016 11:00:07 PM gui.warehouse_output.state.S030_FORSHpScan doAction
INFOS: FORS label harness part scanned [P22630882] OK.
oct. 24, 2016 11:00:11 PM gui.warehouse_output.state.S040_FORSQtyScan doAction
INFOS: FORS label qty scanned [Q24] OK.
oct. 24, 2016 11:00:18 PM gui.warehouse_output.state.WarehouseOutHelper isForsLabelSerialExist
INFOS: Searching fors label with id [S640000001].
oct. 24, 2016 11:00:18 PM gui.warehouse_output.state.WarehouseOutHelper isForsLabelSerialExist
INFOS: FROM DispatchNoteLine dn WHERE dn.forsLabelId = :fors_label_id
oct. 24, 2016 11:00:18 PM gui.warehouse_output.state.S050_FORSLabelIdScan doAction
INFOS: FORS label ID scanned [S640000001] OK.
oct. 24, 2016 11:00:26 PM gui.warehouse_output.state.S060_ProdHpScan doAction
INFOS: Harness part scanned [P22630882] OK.
oct. 24, 2016 11:00:30 PM gui.warehouse_output.state.S070_ProdQtyScan doAction
AVERTISSEMENT: Quantité Galia production différente de celle du Galia FORS.
oct. 24, 2016 11:04:25 PM helper.Helper InitDailyDestPrintDir
INFOS: Print directory [.\print\2016_10_24] already exist!
Print sub directory [.\print\2016_10_24.\open_sheet] already exist!
Print sub directory [.\print\2016_10_24.\closing_sheet] already exist!
Print sub directory [.\print\2016_10_24.\picking_label] already exist!
Print sub directory [.\print\2016_10_24.\dispatch_label] already exist!

oct. 24, 2016 11:04:29 PM gui.warehouse_output.WAREHOUSE_OUT_UI0002_DISPATCH_SCAN loadBarcodeConfig
INFOS: FROM ConfigBarcode cb WHERE cb.keyWord IN (:keyWords) ORDER BY id ASC
oct. 24, 2016 11:04:38 PM gui.warehouse_output.WAREHOUSE_OUT_UI0003_PasswordRequest connect
INFOS: User Admin ENGINE / 9999 connected to host O-EZZIOURI at 2016-10-24 23:04:38 Dispatch interface : .
oct. 24, 2016 11:04:42 PM gui.warehouse_output.state.WarehouseOutHelper isAdviceNoteNumberExist
INFOS: Searching advice note number [N1234].
oct. 24, 2016 11:04:42 PM gui.warehouse_output.state.WarehouseOutHelper isAdviceNoteNumberExist
INFOS: FROM DispatchNote dn WHERE dn.adviceNoteNum = :advice_note_num
oct. 24, 2016 11:04:42 PM gui.warehouse_output.state.S020_AdviceNoteNumberScan doAction
INFOS: Advice not number scanned [N1234] OK.
oct. 24, 2016 11:04:44 PM gui.warehouse_output.state.S020_FORSBlScan doAction
INFOS: FORS Advice note number scanned [N1234] OK.
oct. 24, 2016 11:04:54 PM gui.warehouse_output.state.WarehouseOutHelper checkForsHpFormat
INFOS: Erreur Galia FORS. Référence faisceau invalide [N22630882]. !
oct. 24, 2016 11:04:54 PM gui.warehouse_output.state.S030_FORSHpScan doAction
AVERTISSEMENT: Erreur Galia FORS. Référence faisceau invalide [N22630882]. !
oct. 24, 2016 11:05:01 PM gui.warehouse_output.state.S030_FORSHpScan doAction
INFOS: FORS label harness part scanned [P22630882] OK.
oct. 24, 2016 11:05:03 PM gui.warehouse_output.state.S040_FORSQtyScan doAction
INFOS: FORS label qty scanned [Q24] OK.
oct. 24, 2016 11:05:17 PM gui.warehouse_output.state.WarehouseOutHelper isForsLabelSerialExist
INFOS: Searching fors label with id [S650000001].
oct. 24, 2016 11:05:17 PM gui.warehouse_output.state.WarehouseOutHelper isForsLabelSerialExist
INFOS: FROM DispatchNoteLine dn WHERE dn.forsLabelId = :fors_label_id
oct. 24, 2016 11:05:17 PM gui.warehouse_output.state.S050_FORSLabelIdScan doAction
INFOS: FORS label ID scanned [S650000001] OK.
oct. 24, 2016 11:05:23 PM gui.warehouse_output.state.WarehouseOutHelper checkProdcutionHpFormat
INFOS: Erreur Galia production. Référence faisceau invalide [P22630882µ]. !
oct. 24, 2016 11:05:23 PM gui.warehouse_output.state.S060_ProdHpScan doAction
AVERTISSEMENT: Erreur Galia production. Référence faisceau invalide [P22630882µ]. !
oct. 24, 2016 11:05:29 PM gui.warehouse_output.state.S060_ProdHpScan doAction
INFOS: Harness part scanned [P22630882] OK.
oct. 24, 2016 11:05:31 PM gui.warehouse_output.state.S070_ProdQtyScan doAction
AVERTISSEMENT: Quantité Galia production différente de celle du Galia FORS.
oct. 24, 2016 11:05:34 PM gui.warehouse_output.state.S070_ProdQtyScan doAction
AVERTISSEMENT: Quantité Galia production différente de celle du Galia FORS.
oct. 24, 2016 11:05:37 PM gui.warehouse_output.state.WarehouseOutHelper checkProdcutionQtyFormat
INFOS: Erreur Galia production. Quantité faisceau invalide [323].
La quantité doit commencé par la lettre Q (ex: Q50) !
oct. 24, 2016 11:05:37 PM gui.warehouse_output.state.S070_ProdQtyScan doAction
AVERTISSEMENT: Erreur Galia production. Quantité faisceau invalide [323].
La quantité doit commencé par la lettre Q (ex: Q50) !
oct. 24, 2016 11:05:39 PM gui.warehouse_output.state.WarehouseOutHelper checkProdcutionQtyFormat
INFOS: Erreur Galia production. Quantité faisceau invalide [23].
La quantité doit commencé par la lettre Q (ex: Q50) !
oct. 24, 2016 11:05:39 PM gui.warehouse_output.state.S070_ProdQtyScan doAction
AVERTISSEMENT: Erreur Galia production. Quantité faisceau invalide [23].
La quantité doit commencé par la lettre Q (ex: Q50) !
oct. 24, 2016 11:05:42 PM gui.warehouse_output.state.S070_ProdQtyScan doAction
INFOS: Production label qty scanned [Q24] OK.
oct. 24, 2016 11:06:37 PM helper.Helper InitDailyDestPrintDir
INFOS: Print directory [.\print\2016_10_24] already exist!
Print sub directory [.\print\2016_10_24.\open_sheet] already exist!
Print sub directory [.\print\2016_10_24.\closing_sheet] already exist!
Print sub directory [.\print\2016_10_24.\picking_label] already exist!
Print sub directory [.\print\2016_10_24.\dispatch_label] already exist!

oct. 24, 2016 11:06:39 PM gui.warehouse_output.WAREHOUSE_OUT_UI0002_DISPATCH_SCAN loadBarcodeConfig
INFOS: FROM ConfigBarcode cb WHERE cb.keyWord IN (:keyWords) ORDER BY id ASC
oct. 24, 2016 11:06:55 PM gui.warehouse_output.WAREHOUSE_OUT_UI0003_PasswordRequest connect
INFOS: User Admin ENGINE / 9999 connected to host O-EZZIOURI at 2016-10-24 23:06:55 Dispatch interface : .
oct. 24, 2016 11:06:58 PM gui.warehouse_output.state.WarehouseOutHelper isAdviceNoteNumberExist
INFOS: Searching advice note number [N1234].
oct. 24, 2016 11:06:58 PM gui.warehouse_output.state.WarehouseOutHelper isAdviceNoteNumberExist
INFOS: FROM DispatchNote dn WHERE dn.adviceNoteNum = :advice_note_num
oct. 24, 2016 11:06:58 PM gui.warehouse_output.state.S020_AdviceNoteNumberScan doAction
AVERTISSEMENT: N° N1234 BL déjà scanné. !
oct. 24, 2016 11:07:02 PM gui.warehouse_output.state.WarehouseOutHelper isAdviceNoteNumberExist
INFOS: Searching advice note number [N1000].
oct. 24, 2016 11:07:02 PM gui.warehouse_output.state.WarehouseOutHelper isAdviceNoteNumberExist
INFOS: FROM DispatchNote dn WHERE dn.adviceNoteNum = :advice_note_num
oct. 24, 2016 11:07:02 PM gui.warehouse_output.state.S020_AdviceNoteNumberScan doAction
INFOS: Advice not number scanned [N1000] OK.
oct. 24, 2016 11:07:05 PM gui.warehouse_output.state.S020_FORSBlScan doAction
INFOS: FORS Advice note number scanned [N1000] OK.
oct. 24, 2016 11:07:10 PM gui.warehouse_output.state.S030_FORSHpScan doAction
INFOS: FORS label harness part scanned [P22630882] OK.
oct. 24, 2016 11:07:12 PM gui.warehouse_output.state.S040_FORSQtyScan doAction
INFOS: FORS label qty scanned [Q24] OK.
oct. 24, 2016 11:07:19 PM gui.warehouse_output.state.WarehouseOutHelper isForsLabelSerialExist
INFOS: Searching fors label with id [S546600001].
oct. 24, 2016 11:07:19 PM gui.warehouse_output.state.WarehouseOutHelper isForsLabelSerialExist
INFOS: FROM DispatchNoteLine dn WHERE dn.forsLabelId = :fors_label_id
oct. 24, 2016 11:07:19 PM gui.warehouse_output.state.S050_FORSLabelIdScan doAction
INFOS: FORS label ID scanned [S546600001] OK.
oct. 24, 2016 11:07:23 PM gui.warehouse_output.state.S060_ProdHpScan doAction
INFOS: Harness part scanned [P22630882] OK.
oct. 24, 2016 11:07:25 PM gui.warehouse_output.state.S070_ProdQtyScan doAction
INFOS: Production label qty scanned [Q24] OK.
oct. 24, 2016 11:07:31 PM helper.Helper InitDailyDestPrintDir
INFOS: nullPrint directory [.\print\2016_10_24] already exist!
Print sub directory [.\print\2016_10_24.\open_sheet] already exist!
Print sub directory [.\print\2016_10_24.\closing_sheet] already exist!
Print sub directory [.\print\2016_10_24.\picking_label] already exist!
Print sub directory [.\print\2016_10_24.\dispatch_label] already exist!

oct. 24, 2016 11:07:31 PM print.PrintDispatchNote_A4 sentToDefaultDesktopPrinter
INFOS: Sending [.\print\2016_10_24\dispatch_label\PrintDispatchNote_A4_2016_10_24_23_07_31_N1000.pdf] to the default printer...
oct. 24, 2016 11:07:32 PM print.PrintDispatchNote_A4 sentToDefaultDesktopPrinter
INFOS: File [.\print\2016_10_24\dispatch_label\PrintDispatchNote_A4_2016_10_24_23_07_31_N1000.pdf] has been printed.
oct. 24, 2016 11:07:32 PM helper.PrinterHelper saveAndPrintDispatchNote
INFOS: Document printed.
oct. 24, 2016 11:25:21 PM helper.Helper InitDailyDestPrintDir
INFOS: Print directory [.\print\2016_10_24] already exist!
Print sub directory [.\print\2016_10_24.\open_sheet] already exist!
Print sub directory [.\print\2016_10_24.\closing_sheet] already exist!
Print sub directory [.\print\2016_10_24.\picking_label] already exist!
Print sub directory [.\print\2016_10_24.\dispatch_label] already exist!

oct. 24, 2016 11:25:26 PM gui.warehouse_output.WAREHOUSE_OUT_UI0002_DISPATCH_SCAN loadBarcodeConfig
INFOS: FROM ConfigBarcode cb WHERE cb.keyWord IN (:keyWords) ORDER BY id ASC
oct. 24, 2016 11:25:32 PM gui.warehouse_output.WAREHOUSE_OUT_UI0003_PasswordRequest connect
INFOS: User Admin ENGINE / 9999 connected to host O-EZZIOURI at 2016-10-24 23:25:32 Dispatch interface : .
oct. 24, 2016 11:25:38 PM gui.warehouse_output.state.WarehouseOutHelper isAdviceNoteNumberExist
INFOS: Searching advice note number [N1001].
oct. 24, 2016 11:25:38 PM gui.warehouse_output.state.WarehouseOutHelper isAdviceNoteNumberExist
INFOS: FROM DispatchNote dn WHERE dn.adviceNoteNum = :advice_note_num
oct. 24, 2016 11:25:38 PM gui.warehouse_output.state.S020_AdviceNoteNumberScan doAction
INFOS: Advice not number scanned [N1001] OK.
oct. 24, 2016 11:25:41 PM gui.warehouse_output.state.S020_FORSBlScan doAction
AVERTISSEMENT: Numéro BL différent à celui scanné au début [N1002].
oct. 24, 2016 11:25:46 PM gui.warehouse_output.state.S020_FORSBlScan doAction
INFOS: FORS Advice note number scanned [N1001] OK.
oct. 24, 2016 11:25:55 PM gui.warehouse_output.state.WarehouseOutHelper checkForsHpFormat
INFOS: Erreur Galia FORS. Référence faisceau invalide [N77777777]. !
oct. 24, 2016 11:25:55 PM gui.warehouse_output.state.S030_FORSHpScan doAction
AVERTISSEMENT: Erreur Galia FORS. Référence faisceau invalide [N77777777]. !
oct. 24, 2016 11:26:08 PM gui.warehouse_output.state.S030_FORSHpScan doAction
INFOS: FORS label harness part scanned [P98999887] OK.
oct. 24, 2016 11:27:57 PM helper.Helper InitDailyDestPrintDir
INFOS: Print directory [.\print\2016_10_24] already exist!
Print sub directory [.\print\2016_10_24.\open_sheet] already exist!
Print sub directory [.\print\2016_10_24.\closing_sheet] already exist!
Print sub directory [.\print\2016_10_24.\picking_label] already exist!
Print sub directory [.\print\2016_10_24.\dispatch_label] already exist!

oct. 24, 2016 11:27:59 PM gui.warehouse_output.WAREHOUSE_OUT_UI0002_DISPATCH_SCAN loadBarcodeConfig
INFOS: FROM ConfigBarcode cb WHERE cb.keyWord IN (:keyWords) ORDER BY id ASC
oct. 24, 2016 11:28:02 PM gui.warehouse_output.WAREHOUSE_OUT_UI0003_PasswordRequest connect
INFOS: User Admin ENGINE / 9999 connected to host O-EZZIOURI at 2016-10-24 23:28:02 Dispatch interface : .
oct. 24, 2016 11:28:05 PM gui.warehouse_output.state.WarehouseOutHelper isAdviceNoteNumberExist
INFOS: Searching advice note number [N1002].
oct. 24, 2016 11:28:05 PM gui.warehouse_output.state.WarehouseOutHelper isAdviceNoteNumberExist
INFOS: FROM DispatchNote dn WHERE dn.adviceNoteNum = :advice_note_num
oct. 24, 2016 11:28:05 PM gui.warehouse_output.state.S020_AdviceNoteNumberScan doAction
INFOS: Advice not number scanned [N1002] OK.
oct. 24, 2016 11:28:07 PM gui.warehouse_output.state.S020_FORSBlScan doAction
INFOS: FORS Advice note number scanned [N1002] OK.
oct. 24, 2016 11:28:12 PM gui.warehouse_output.state.S030_FORSHpScan doAction
INFOS: FORS label harness part scanned [P99999999] OK.
oct. 24, 2016 11:28:36 PM gui.warehouse_output.state.S040_FORSQtyScan doAction
INFOS: FORS label qty scanned [Q24] OK.
oct. 24, 2016 11:28:46 PM gui.warehouse_output.state.WarehouseOutHelper checkForsIdFormat
INFOS: Numéro BL invalide [641111110].
Le numéro BL ne doit commencé par N suivi des chiffres.
oct. 24, 2016 11:28:46 PM gui.warehouse_output.state.S050_FORSLabelIdScan doAction
AVERTISSEMENT: Erreur Galia FORS. Numéro série invalide du Galia FORS [641111110].
Le N° de série doit contenir que des chiffres !
oct. 24, 2016 11:28:55 PM gui.warehouse_output.state.WarehouseOutHelper checkForsIdFormat
INFOS: Numéro BL invalide [S60000001].
Le numéro BL ne doit commencé par N suivi des chiffres.
oct. 24, 2016 11:28:55 PM gui.warehouse_output.state.S050_FORSLabelIdScan doAction
AVERTISSEMENT: Erreur Galia FORS. Numéro série invalide du Galia FORS [S60000001].
Le N° de série doit contenir que des chiffres !
oct. 24, 2016 11:29:06 PM gui.warehouse_output.state.WarehouseOutHelper isForsLabelSerialExist
INFOS: Searching fors label with id [S600000122].
oct. 24, 2016 11:29:06 PM gui.warehouse_output.state.WarehouseOutHelper isForsLabelSerialExist
INFOS: FROM DispatchNoteLine dn WHERE dn.forsLabelId = :fors_label_id
oct. 24, 2016 11:29:06 PM gui.warehouse_output.state.S050_FORSLabelIdScan doAction
INFOS: FORS label ID scanned [S600000122] OK.
oct. 24, 2016 11:29:10 PM gui.warehouse_output.state.S060_ProdHpScan doAction
GRAVE: Erreur Galia production. La référence [P00000000] est inéxistante dans la base de données !
oct. 24, 2016 11:30:33 PM helper.Helper InitDailyDestPrintDir
INFOS: Print directory [.\print\2016_10_24] already exist!
Print sub directory [.\print\2016_10_24.\open_sheet] already exist!
Print sub directory [.\print\2016_10_24.\closing_sheet] already exist!
Print sub directory [.\print\2016_10_24.\picking_label] already exist!
Print sub directory [.\print\2016_10_24.\dispatch_label] already exist!

oct. 24, 2016 11:30:36 PM gui.warehouse_output.WAREHOUSE_OUT_UI0002_DISPATCH_SCAN loadBarcodeConfig
INFOS: FROM ConfigBarcode cb WHERE cb.keyWord IN (:keyWords) ORDER BY id ASC
oct. 24, 2016 11:30:39 PM gui.warehouse_output.WAREHOUSE_OUT_UI0003_PasswordRequest connect
INFOS: User Admin ENGINE / 9999 connected to host O-EZZIOURI at 2016-10-24 23:30:39 Dispatch interface : .
oct. 24, 2016 11:30:56 PM gui.warehouse_output.state.WarehouseOutHelper isAdviceNoteNumberExist
INFOS: Searching advice note number [N1002].
oct. 24, 2016 11:30:56 PM gui.warehouse_output.state.WarehouseOutHelper isAdviceNoteNumberExist
INFOS: FROM DispatchNote dn WHERE dn.adviceNoteNum = :advice_note_num
oct. 24, 2016 11:30:56 PM gui.warehouse_output.state.S020_AdviceNoteNumberScan doAction
INFOS: Advice not number scanned [N1002] OK.
oct. 24, 2016 11:30:58 PM gui.warehouse_output.state.S020_FORSBlScan doAction
INFOS: FORS Advice note number scanned [N1002] OK.
oct. 24, 2016 11:31:11 PM gui.warehouse_output.state.S030_FORSHpScan doAction
GRAVE: Erreur Galia production. La référence [P22630884] est inéxistante dans la base de données !
oct. 24, 2016 11:31:20 PM gui.warehouse_output.state.S030_FORSHpScan doAction
INFOS: FORS label harness part scanned [P22630882] OK.
oct. 24, 2016 11:31:22 PM gui.warehouse_output.state.S040_FORSQtyScan doAction
INFOS: FORS label qty scanned [Q24] OK.
oct. 24, 2016 11:31:29 PM gui.warehouse_output.state.WarehouseOutHelper isForsLabelSerialExist
INFOS: Searching fors label with id [S640000001].
oct. 24, 2016 11:31:29 PM gui.warehouse_output.state.WarehouseOutHelper isForsLabelSerialExist
INFOS: FROM DispatchNoteLine dn WHERE dn.forsLabelId = :fors_label_id
oct. 24, 2016 11:31:29 PM gui.warehouse_output.state.S050_FORSLabelIdScan doAction
INFOS: FORS label ID scanned [S640000001] OK.
oct. 24, 2016 11:31:36 PM gui.warehouse_output.state.S060_ProdHpScan doAction
INFOS: Harness part scanned [P22630882] OK.
oct. 24, 2016 11:31:38 PM gui.warehouse_output.state.S070_ProdQtyScan doAction
INFOS: Production label qty scanned [Q24] OK.
oct. 24, 2016 11:31:45 PM helper.Helper InitDailyDestPrintDir
INFOS: nullPrint directory [.\print\2016_10_24] already exist!
Print sub directory [.\print\2016_10_24.\open_sheet] already exist!
Print sub directory [.\print\2016_10_24.\closing_sheet] already exist!
Print sub directory [.\print\2016_10_24.\picking_label] already exist!
Print sub directory [.\print\2016_10_24.\dispatch_label] already exist!

oct. 24, 2016 11:31:45 PM print.PrintDispatchNote_A4 sentToDefaultDesktopPrinter
INFOS: Sending [.\print\2016_10_24\dispatch_label\PrintDispatchNote_A4_2016_10_24_23_31_45_N1002.pdf] to the default printer...
oct. 24, 2016 11:31:46 PM print.PrintDispatchNote_A4 sentToDefaultDesktopPrinter
INFOS: File [.\print\2016_10_24\dispatch_label\PrintDispatchNote_A4_2016_10_24_23_31_45_N1002.pdf] has been printed.
oct. 24, 2016 11:31:46 PM helper.PrinterHelper saveAndPrintDispatchNote
INFOS: Document printed.
oct. 24, 2016 11:32:08 PM helper.Helper InitDailyDestPrintDir
INFOS: Print directory [.\print\2016_10_24] already exist!
Print sub directory [.\print\2016_10_24.\open_sheet] already exist!
Print sub directory [.\print\2016_10_24.\closing_sheet] already exist!
Print sub directory [.\print\2016_10_24.\picking_label] already exist!
Print sub directory [.\print\2016_10_24.\dispatch_label] already exist!

oct. 24, 2016 11:32:11 PM gui.packaging.PACKAGING_UI0001_Main loadBarcodeConfig
INFOS: FROM ConfigBarcode cb WHERE cb.keyWord = :keyWord ORDER BY id ASC
oct. 24, 2016 11:32:11 PM entity.ConfigProject select
INFOS: FROM ConfigProject bp ORDER BY harnessType ASC
oct. 24, 2016 11:32:11 PM entity.ConfigProject select
INFOS: FROM ConfigProject bp ORDER BY harnessType ASC
oct. 24, 2016 11:37:47 PM helper.Helper InitDailyDestPrintDir
INFOS: Print directory [.\print\2016_10_24] already exist!
Print sub directory [.\print\2016_10_24.\open_sheet] already exist!
Print sub directory [.\print\2016_10_24.\closing_sheet] already exist!
Print sub directory [.\print\2016_10_24.\picking_label] already exist!
Print sub directory [.\print\2016_10_24.\dispatch_label] already exist!

oct. 24, 2016 11:38:17 PM helper.Helper InitDailyDestPrintDir
INFOS: Print directory [.\print\2016_10_24] already exist!
Print sub directory [.\print\2016_10_24.\open_sheet] already exist!
Print sub directory [.\print\2016_10_24.\closing_sheet] already exist!
Print sub directory [.\print\2016_10_24.\picking_label] already exist!
Print sub directory [.\print\2016_10_24.\dispatch_label] already exist!

oct. 24, 2016 11:38:19 PM gui.packaging.PACKAGING_UI0001_Main_Small_screen loadBarcodeConfig
INFOS: FROM ConfigBarcode cb WHERE cb.keyWord = :keyWord ORDER BY id ASC
oct. 24, 2016 11:38:19 PM entity.ConfigProject select
INFOS: FROM ConfigProject bp ORDER BY harnessType ASC
oct. 24, 2016 11:38:19 PM entity.ConfigProject select
INFOS: FROM ConfigProject bp ORDER BY harnessType ASC
oct. 24, 2016 11:41:52 PM helper.Helper InitDailyDestPrintDir
INFOS: Print directory [.\print\2016_10_24] already exist!
Print sub directory [.\print\2016_10_24.\open_sheet] already exist!
Print sub directory [.\print\2016_10_24.\closing_sheet] already exist!
Print sub directory [.\print\2016_10_24.\picking_label] already exist!
Print sub directory [.\print\2016_10_24.\dispatch_label] already exist!

oct. 24, 2016 11:41:56 PM gui.packaging.PACKAGING_UI0001_Main loadBarcodeConfig
INFOS: FROM ConfigBarcode cb WHERE cb.keyWord = :keyWord ORDER BY id ASC
oct. 24, 2016 11:41:56 PM entity.ConfigProject select
INFOS: FROM ConfigProject bp ORDER BY harnessType ASC
oct. 24, 2016 11:41:56 PM entity.ConfigProject select
INFOS: FROM ConfigProject bp ORDER BY harnessType ASC
oct. 24, 2016 11:43:51 PM helper.Helper InitDailyDestPrintDir
INFOS: Print directory [.\print\2016_10_24] already exist!
Print sub directory [.\print\2016_10_24.\open_sheet] already exist!
Print sub directory [.\print\2016_10_24.\closing_sheet] already exist!
Print sub directory [.\print\2016_10_24.\picking_label] already exist!
Print sub directory [.\print\2016_10_24.\dispatch_label] already exist!

oct. 24, 2016 11:43:53 PM gui.packaging.PACKAGING_UI0001_Main loadBarcodeConfig
INFOS: FROM ConfigBarcode cb WHERE cb.keyWord = :keyWord ORDER BY id ASC
oct. 24, 2016 11:43:53 PM entity.ConfigProject select
INFOS: FROM ConfigProject bp ORDER BY harnessType ASC
oct. 24, 2016 11:43:53 PM entity.ConfigProject select
INFOS: FROM ConfigProject bp ORDER BY harnessType ASC
oct. 24, 2016 11:45:00 PM helper.Helper InitDailyDestPrintDir
INFOS: Print directory [.\print\2016_10_24] already exist!
Print sub directory [.\print\2016_10_24.\open_sheet] already exist!
Print sub directory [.\print\2016_10_24.\closing_sheet] already exist!
Print sub directory [.\print\2016_10_24.\picking_label] already exist!
Print sub directory [.\print\2016_10_24.\dispatch_label] already exist!

oct. 24, 2016 11:45:02 PM gui.packaging.PACKAGING_UI0001_Main loadBarcodeConfig
INFOS: FROM ConfigBarcode cb WHERE cb.keyWord = :keyWord ORDER BY id ASC
oct. 24, 2016 11:45:02 PM entity.ConfigProject select
INFOS: FROM ConfigProject bp ORDER BY harnessType ASC
oct. 24, 2016 11:45:02 PM entity.ConfigProject select
INFOS: FROM ConfigProject bp ORDER BY harnessType ASC
oct. 24, 2016 11:45:09 PM state.S010_UserCodeScan doAction
INFOS: Invalid matricule number or account locked !
oct. 24, 2016 11:45:21 PM gui.packaging.PACKAGING_UI0002_PasswordRequest connect
INFOS: User Admin ENGINE / 9999 connected to host O-EZZIOURI at 2016-10-24 23:45:21 Project : ENGINE.
oct. 24, 2016 11:45:30 PM entity.ConfigUcs isHarnessPartExist
INFOS: Searching Harness part [22630882] in ConfigUCS: ENGINE
oct. 24, 2016 11:45:30 PM entity.ConfigUcs isHarnessPartExist
INFOS: Harness part [22630882] found for project [ENGINE].
oct. 24, 2016 11:45:30 PM state.S020_HarnessPartScan doAction
INFOS: Harness Part scanned [P22630882] OK.
oct. 24, 2016 11:46:24 PM entity.BaseHarness isCounterExist
INFOS: Searching Harness counter [P2263088200000000000000] in BaseHarness.
oct. 24, 2016 11:46:24 PM entity.BaseHarness isCounterExist
INFOS: FROM BaseHarness bh WHERE bh.counter = :counter
oct. 24, 2016 11:46:24 PM state.S030_MatrixIdScan doAction
INFOS: Valid Harness Counter scanned [P2263088200000000000000] OK.
oct. 24, 2016 11:46:27 PM state.S040_PalletChoice doAction
INFOS: Is it a new pallet ?
oct. 24, 2016 11:46:27 PM state.S040_PalletChoice doAction
INFOS:  [Yes]
oct. 24, 2016 11:46:27 PM gui.packaging.PACKAGING_UI9000_ChoosePackType <init>
INFOS: Item found 22630882--26C36540A--P02--3RV--24--0.0
oct. 24, 2016 11:46:27 PM gui.packaging.PACKAGING_UI9000_ChoosePackType <init>
INFOS: 1 UCS founds for Harness Part[22630882].
oct. 24, 2016 11:46:28 PM gui.packaging.PACKAGING_UI9000_ChoosePackType mappingContextVals
INFOS: Selected pack type : 22630882--26C36540A--P02--3RV--24--0.0 
oct. 24, 2016 11:46:28 PM helper.Helper InitDailyDestPrintDir
INFOS: nullPrint directory [.\print\2016_10_24] already exist!
Print sub directory [.\print\2016_10_24.\open_sheet] already exist!
Print sub directory [.\print\2016_10_24.\closing_sheet] already exist!
Print sub directory [.\print\2016_10_24.\picking_label] already exist!
Print sub directory [.\print\2016_10_24.\dispatch_label] already exist!

oct. 24, 2016 11:46:28 PM helper.PrinterHelper saveAndPrintOpenSheet
INFOS: Set Pallet [10000008] state to [IN_PROCESS]
oct. 24, 2016 11:46:28 PM print.PrintOpenPallet_A5 sentToDefaultDesktopPrinter
INFOS: Sending [.\print\2016_10_24\open_sheet\PrintOpenPallet_A5_2016_10_24_23_46_28_22630882_10000008.pdf] to the default printer...
oct. 24, 2016 11:46:28 PM print.PrintOpenPallet_A5 sentToDefaultDesktopPrinter
INFOS: File [.\print\2016_10_24\open_sheet\PrintOpenPallet_A5_2016_10_24_23_46_28_22630882_10000008.pdf] has been printed.
oct. 24, 2016 11:46:28 PM helper.PrinterHelper saveAndPrintOpenSheet
INFOS: Set Pallet [10000008] state to [PRINTED]
oct. 24, 2016 11:46:28 PM gui.packaging.PACKAGING_UI9000_ChoosePackType loadConfigUcs
INFOS: Openning new container for first harness part [22630882].
oct. 24, 2016 11:46:43 PM state.S041_NewPalletScan doAction
INFOS: Scanned Pallet number [10000008] OK.
oct. 24, 2016 11:46:43 PM state.S041_NewPalletScan doAction
INFOS: BaseContainer created BaseContainer{id=2,
 createTime=Mon Oct 24 23:46:43 WEST 2016,
 writeTime=Mon Oct 24 23:46:43 WEST 2016,
 createId=2,
 writeId=2,
 user=9999,
 startTime=Mon Oct 24 23:46:43 WEST 2016,
 completeTime=null,
 workTime=null,
 palletNumber=10000008,
 harnessPart=22630882,
 harnessIndex=P02,
 supplierPartNumber=26C36540A,
 qtyExpected=24,
 qtyRead=1,
 containerState=OPEN,
 containerStateCode=1000,
 packType=3RV,
 harnessType=ENGINE,
 harnessList=[],
 stdTime=0.0} 
oct. 24, 2016 11:47:00 PM entity.ConfigUcs isHarnessPartExist
INFOS: Searching Harness part [22630882] in ConfigUCS: ENGINE
oct. 24, 2016 11:47:00 PM entity.ConfigUcs isHarnessPartExist
INFOS: Harness part [22630882] found for project [ENGINE].
oct. 24, 2016 11:47:00 PM state.S020_HarnessPartScan doAction
INFOS: Harness Part scanned [P22630882] OK.
oct. 24, 2016 11:47:08 PM entity.BaseHarness isCounterExist
INFOS: Searching Harness counter [P2263088200000000000001] in BaseHarness.
oct. 24, 2016 11:47:08 PM entity.BaseHarness isCounterExist
INFOS: FROM BaseHarness bh WHERE bh.counter = :counter
oct. 24, 2016 11:47:08 PM state.S030_MatrixIdScan doAction
INFOS: Valid Harness Counter scanned [P2263088200000000000001] OK.
oct. 24, 2016 11:47:11 PM state.S040_PalletChoice doAction
INFOS: Is it a new pallet ?
oct. 24, 2016 11:47:11 PM state.S040_PalletChoice doAction
INFOS:  [Yes]
oct. 24, 2016 11:47:11 PM gui.packaging.PACKAGING_UI9000_ChoosePackType <init>
INFOS: Item found 22630882--26C36540A--P02--3RV--24--0.0
oct. 24, 2016 11:47:11 PM gui.packaging.PACKAGING_UI9000_ChoosePackType <init>
INFOS: 1 UCS founds for Harness Part[22630882].
oct. 24, 2016 11:47:12 PM gui.packaging.PACKAGING_UI9000_ChoosePackType mappingContextVals
INFOS: Selected pack type : 22630882--26C36540A--P02--3RV--24--0.0 
oct. 24, 2016 11:47:13 PM gui.packaging.PACKAGING_UI9000_ChoosePackType items_listKeyPressed
INFOS: Palette déjà ouverte pour la référence 22630882 !
oct. 24, 2016 11:47:58 PM entity.ConfigUcs isHarnessPartExist
INFOS: Searching Harness part [21564014] in ConfigUCS: ENGINE
oct. 24, 2016 11:47:58 PM entity.ConfigUcs isHarnessPartExist
INFOS: Harness part [21564014] found for project [ENGINE].
oct. 24, 2016 11:47:58 PM state.S020_HarnessPartScan doAction
INFOS: Harness Part scanned [P21564014] OK.
oct. 24, 2016 11:48:03 PM entity.BaseHarness isCounterExist
INFOS: Searching Harness counter [P2156401400000000000000] in BaseHarness.
oct. 24, 2016 11:48:03 PM entity.BaseHarness isCounterExist
INFOS: FROM BaseHarness bh WHERE bh.counter = :counter
oct. 24, 2016 11:48:03 PM state.S030_MatrixIdScan doAction
INFOS: Valid Harness Counter scanned [P2156401400000000000000] OK.
oct. 24, 2016 11:48:06 PM state.S040_PalletChoice doAction
INFOS: Is it a new pallet ?
oct. 24, 2016 11:48:06 PM state.S040_PalletChoice doAction
INFOS:  [Yes]
oct. 24, 2016 11:48:06 PM gui.packaging.PACKAGING_UI9000_ChoosePackType <init>
INFOS: Item found 21564014--26C43460A--P01--3RV--24--0.0
oct. 24, 2016 11:48:06 PM gui.packaging.PACKAGING_UI9000_ChoosePackType <init>
INFOS: 1 UCS founds for Harness Part[21564014].
oct. 24, 2016 11:48:07 PM gui.packaging.PACKAGING_UI9000_ChoosePackType mappingContextVals
INFOS: Selected pack type : 21564014--26C43460A--P01--3RV--24--0.0 
oct. 24, 2016 11:48:14 PM gui.packaging.PACKAGING_UI9000_ChoosePackType items_listKeyPressed
INFOS: Palette/Box déjà ouvert(e) du type 3RV dans ce poste O-EZZIOURI, pour la référence 22630882.
Solution N° 1 : - Veuillez terminer le packaging de la palette 21564014 avant d'ouvrir une nouvelle palette de type 10000008.
Solution N° 2 : - Emballer cette référence dans un autre poste packaging.
oct. 24, 2016 11:48:33 PM entity.ConfigUcs isHarnessPartExist
INFOS: Searching Harness part [21846096] in ConfigUCS: ENGINE
oct. 24, 2016 11:48:33 PM entity.ConfigUcs isHarnessPartExist
INFOS: Harness part [21846096] found for project [ENGINE].
oct. 24, 2016 11:48:33 PM state.S020_HarnessPartScan doAction
INFOS: Harness Part scanned [P21846096] OK.
oct. 24, 2016 11:48:40 PM entity.BaseHarness isCounterExist
INFOS: Searching Harness counter [P2184609600000000000000] in BaseHarness.
oct. 24, 2016 11:48:40 PM entity.BaseHarness isCounterExist
INFOS: FROM BaseHarness bh WHERE bh.counter = :counter
oct. 24, 2016 11:48:40 PM state.S030_MatrixIdScan doAction
INFOS: Valid Harness Counter scanned [P2184609600000000000000] OK.
oct. 24, 2016 11:48:42 PM state.S040_PalletChoice doAction
INFOS: Is it a new pallet ?
oct. 24, 2016 11:48:42 PM state.S040_PalletChoice doAction
INFOS:  [Yes]
oct. 24, 2016 11:48:42 PM gui.packaging.PACKAGING_UI9000_ChoosePackType <init>
INFOS: Item found 21846096--26C74402A--P05--2RV--12--0.0
oct. 24, 2016 11:48:42 PM gui.packaging.PACKAGING_UI9000_ChoosePackType <init>
INFOS: 1 UCS founds for Harness Part[21846096].
oct. 24, 2016 11:48:43 PM gui.packaging.PACKAGING_UI9000_ChoosePackType mappingContextVals
INFOS: Selected pack type : 21846096--26C74402A--P05--2RV--12--0.0 
oct. 24, 2016 11:48:43 PM helper.Helper InitDailyDestPrintDir
INFOS: nullPrint directory [.\print\2016_10_24] already exist!
Print sub directory [.\print\2016_10_24.\open_sheet] already exist!
Print sub directory [.\print\2016_10_24.\closing_sheet] already exist!
Print sub directory [.\print\2016_10_24.\picking_label] already exist!
Print sub directory [.\print\2016_10_24.\dispatch_label] already exist!

oct. 24, 2016 11:48:43 PM helper.PrinterHelper saveAndPrintOpenSheet
INFOS: Set Pallet [10000009] state to [IN_PROCESS]
oct. 24, 2016 11:48:43 PM print.PrintOpenPallet_A5 sentToDefaultDesktopPrinter
INFOS: Sending [.\print\2016_10_24\open_sheet\PrintOpenPallet_A5_2016_10_24_23_48_43_21846096_10000009.pdf] to the default printer...
oct. 24, 2016 11:48:43 PM print.PrintOpenPallet_A5 sentToDefaultDesktopPrinter
INFOS: File [.\print\2016_10_24\open_sheet\PrintOpenPallet_A5_2016_10_24_23_48_43_21846096_10000009.pdf] has been printed.
oct. 24, 2016 11:48:43 PM helper.PrinterHelper saveAndPrintOpenSheet
INFOS: Set Pallet [10000009] state to [PRINTED]
oct. 24, 2016 11:48:43 PM gui.packaging.PACKAGING_UI9000_ChoosePackType loadConfigUcs
INFOS: Openning new container for first harness part [21846096].
oct. 24, 2016 11:48:53 PM state.S041_NewPalletScan doAction
INFOS: Scanned Pallet number [10000009] OK.
oct. 24, 2016 11:48:53 PM state.S041_NewPalletScan doAction
INFOS: BaseContainer created BaseContainer{id=3,
 createTime=Mon Oct 24 23:48:53 WEST 2016,
 writeTime=Mon Oct 24 23:48:53 WEST 2016,
 createId=2,
 writeId=2,
 user=9999,
 startTime=Mon Oct 24 23:48:53 WEST 2016,
 completeTime=null,
 workTime=null,
 palletNumber=10000009,
 harnessPart=21846096,
 harnessIndex=P05,
 supplierPartNumber=26C74402A,
 qtyExpected=12,
 qtyRead=1,
 containerState=OPEN,
 containerStateCode=1000,
 packType=2RV,
 harnessType=ENGINE,
 harnessList=[],
 stdTime=0.0} 
oct. 24, 2016 11:49:54 PM entity.ConfigUcs isHarnessPartExist
INFOS: Searching Harness part [21638177] in ConfigUCS: ENGINE
oct. 24, 2016 11:49:54 PM entity.ConfigUcs isHarnessPartExist
INFOS: Harness part [21638177] found for project [ENGINE].
oct. 24, 2016 11:49:54 PM state.S020_HarnessPartScan doAction
INFOS: Harness Part scanned [P21638177] OK.
oct. 24, 2016 11:49:59 PM entity.BaseHarness checkCounterFormat
INFOS: Invalid Counter scanned format [P21638177]!
oct. 24, 2016 11:50:05 PM entity.BaseHarness isCounterExist
INFOS: Searching Harness counter [P2163817700000000000000] in BaseHarness.
oct. 24, 2016 11:50:05 PM entity.BaseHarness isCounterExist
INFOS: FROM BaseHarness bh WHERE bh.counter = :counter
oct. 24, 2016 11:50:05 PM state.S030_MatrixIdScan doAction
INFOS: Valid Harness Counter scanned [P2163817700000000000000] OK.
oct. 24, 2016 11:50:07 PM state.S040_PalletChoice doAction
INFOS: Is it a new pallet ?
oct. 24, 2016 11:50:07 PM state.S040_PalletChoice doAction
INFOS:  [Yes]
oct. 24, 2016 11:50:07 PM gui.packaging.PACKAGING_UI9000_ChoosePackType <init>
INFOS: Item found 21638177--26C49611A--P02--3RV--24--0.0
oct. 24, 2016 11:50:07 PM gui.packaging.PACKAGING_UI9000_ChoosePackType <init>
INFOS: 1 UCS founds for Harness Part[21638177].
oct. 24, 2016 11:50:08 PM gui.packaging.PACKAGING_UI9000_ChoosePackType mappingContextVals
INFOS: Selected pack type : 21638177--26C49611A--P02--3RV--24--0.0 
oct. 24, 2016 11:50:08 PM helper.Helper InitDailyDestPrintDir
INFOS: nullPrint directory [.\print\2016_10_24] already exist!
Print sub directory [.\print\2016_10_24.\open_sheet] already exist!
Print sub directory [.\print\2016_10_24.\closing_sheet] already exist!
Print sub directory [.\print\2016_10_24.\picking_label] already exist!
Print sub directory [.\print\2016_10_24.\dispatch_label] already exist!

oct. 24, 2016 11:50:08 PM helper.PrinterHelper saveAndPrintOpenSheet
INFOS: Set Pallet [10000010] state to [IN_PROCESS]
oct. 24, 2016 11:50:08 PM print.PrintOpenPallet_A5 sentToDefaultDesktopPrinter
INFOS: Sending [.\print\2016_10_24\open_sheet\PrintOpenPallet_A5_2016_10_24_23_50_08_21638177_10000010.pdf] to the default printer...
oct. 24, 2016 11:50:08 PM print.PrintOpenPallet_A5 sentToDefaultDesktopPrinter
INFOS: File [.\print\2016_10_24\open_sheet\PrintOpenPallet_A5_2016_10_24_23_50_08_21638177_10000010.pdf] has been printed.
oct. 24, 2016 11:50:08 PM helper.PrinterHelper saveAndPrintOpenSheet
INFOS: Set Pallet [10000010] state to [PRINTED]
oct. 24, 2016 11:50:08 PM gui.packaging.PACKAGING_UI9000_ChoosePackType loadConfigUcs
INFOS: Openning new container for first harness part [21638177].
oct. 24, 2016 11:50:18 PM state.S041_NewPalletScan doAction
INFOS: Scanned Pallet number [10000010] OK.
oct. 24, 2016 11:50:18 PM state.S041_NewPalletScan doAction
INFOS: BaseContainer created BaseContainer{id=4,
 createTime=Mon Oct 24 23:50:18 WEST 2016,
 writeTime=Mon Oct 24 23:50:18 WEST 2016,
 createId=2,
 writeId=2,
 user=9999,
 startTime=Mon Oct 24 23:50:18 WEST 2016,
 completeTime=null,
 workTime=null,
 palletNumber=10000010,
 harnessPart=21638177,
 harnessIndex=P02,
 supplierPartNumber=26C49611A,
 qtyExpected=24,
 qtyRead=1,
 containerState=OPEN,
 containerStateCode=1000,
 packType=3RV,
 harnessType=ENGINE,
 harnessList=[],
 stdTime=0.0} 
oct. 24, 2016 11:53:26 PM gui.packaging.PACKAGING_UI0001_Main loadBarcodeConfig
INFOS: FROM ConfigBarcode cb WHERE cb.keyWord = :keyWord ORDER BY id ASC
oct. 24, 2016 11:53:26 PM entity.ConfigProject select
INFOS: FROM ConfigProject bp ORDER BY harnessType ASC
oct. 24, 2016 11:53:26 PM entity.ConfigProject select
INFOS: FROM ConfigProject bp ORDER BY harnessType ASC
oct. 24, 2016 11:53:34 PM entity.ConfigProject select
INFOS: FROM ConfigProject bp ORDER BY harnessType ASC
