oct. 15, 2016 11:40:59 AM helper.Helper InitDailyDestPrintDir
INFOS: Print directory [.\print\2016_10_15] is created!
Print sub directory [.\print\2016_10_15.\open_sheet] is created!
Print sub directory [.\print\2016_10_15.\closing_sheet] is created!
Print sub directory [.\print\2016_10_15.\picking_label] is created!
Print sub directory [.\print\2016_10_15.\dispatch_label] is created!

oct. 15, 2016 11:41:02 AM gui.warehouse_output.WAREHOUSE_OUT_UI0002_DISPATCH_SCAN loadBarcodeConfig
INFOS: FROM ConfigBarcode cb WHERE cb.keyWord IN (:keyWords) ORDER BY id ASC
oct. 15, 2016 11:43:39 AM helper.Helper InitDailyDestPrintDir
INFOS: Print directory [.\print\2016_10_15] already exist!
Print sub directory [.\print\2016_10_15.\open_sheet] already exist!
Print sub directory [.\print\2016_10_15.\closing_sheet] already exist!
Print sub directory [.\print\2016_10_15.\picking_label] already exist!
Print sub directory [.\print\2016_10_15.\dispatch_label] already exist!

oct. 15, 2016 11:44:08 AM gui.warehouse_output.WAREHOUSE_OUT_UI0002_DISPATCH_SCAN loadBarcodeConfig
INFOS: FROM ConfigBarcode cb WHERE cb.keyWord IN (:keyWords) ORDER BY id ASC
oct. 15, 2016 11:45:03 AM gui.warehouse_output.WAREHOUSE_OUT_UI0002_DISPATCH_SCAN loadBarcodeConfig
INFOS: FROM ConfigBarcode cb WHERE cb.keyWord IN (:keyWords) ORDER BY id ASC
oct. 15, 2016 11:46:36 AM helper.Helper InitDailyDestPrintDir
INFOS: Print directory [.\print\2016_10_15] already exist!
Print sub directory [.\print\2016_10_15.\open_sheet] already exist!
Print sub directory [.\print\2016_10_15.\closing_sheet] already exist!
Print sub directory [.\print\2016_10_15.\picking_label] already exist!
Print sub directory [.\print\2016_10_15.\dispatch_label] already exist!

oct. 15, 2016 11:46:37 AM gui.warehouse_output.WAREHOUSE_OUT_UI0002_DISPATCH_SCAN loadBarcodeConfig
INFOS: FROM ConfigBarcode cb WHERE cb.keyWord IN (:keyWords) ORDER BY id ASC
oct. 15, 2016 11:47:21 AM helper.Helper InitDailyDestPrintDir
INFOS: Print directory [.\print\2016_10_15] already exist!
Print sub directory [.\print\2016_10_15.\open_sheet] already exist!
Print sub directory [.\print\2016_10_15.\closing_sheet] already exist!
Print sub directory [.\print\2016_10_15.\picking_label] already exist!
Print sub directory [.\print\2016_10_15.\dispatch_label] already exist!

oct. 15, 2016 11:47:23 AM gui.warehouse_output.WAREHOUSE_OUT_UI0002_DISPATCH_SCAN loadBarcodeConfig
INFOS: FROM ConfigBarcode cb WHERE cb.keyWord IN (:keyWords) ORDER BY id ASC
oct. 15, 2016 11:47:47 AM gui.warehouse_output.state.S010_DispatchUserCodeScan doAction
INFOS: Invalid matricule number or account locked !
oct. 15, 2016 11:50:01 AM helper.Helper InitDailyDestPrintDir
INFOS: Print directory [.\print\2016_10_15] already exist!
Print sub directory [.\print\2016_10_15.\open_sheet] already exist!
Print sub directory [.\print\2016_10_15.\closing_sheet] already exist!
Print sub directory [.\print\2016_10_15.\picking_label] already exist!
Print sub directory [.\print\2016_10_15.\dispatch_label] already exist!

oct. 15, 2016 11:50:05 AM gui.warehouse_output.WAREHOUSE_OUT_UI0002_DISPATCH_SCAN loadBarcodeConfig
INFOS: FROM ConfigBarcode cb WHERE cb.keyWord IN (:keyWords) ORDER BY id ASC
oct. 15, 2016 11:50:10 AM gui.warehouse_output.state.S010_DispatchUserCodeScan doAction
INFOS: Invalid matricule number or account locked !
oct. 15, 2016 11:51:44 AM helper.Helper InitDailyDestPrintDir
INFOS: Print directory [.\print\2016_10_15] already exist!
Print sub directory [.\print\2016_10_15.\open_sheet] already exist!
Print sub directory [.\print\2016_10_15.\closing_sheet] already exist!
Print sub directory [.\print\2016_10_15.\picking_label] already exist!
Print sub directory [.\print\2016_10_15.\dispatch_label] already exist!

oct. 15, 2016 11:51:45 AM gui.warehouse_output.WAREHOUSE_OUT_UI0002_DISPATCH_SCAN loadBarcodeConfig
INFOS: FROM ConfigBarcode cb WHERE cb.keyWord IN (:keyWords) ORDER BY id ASC
oct. 15, 2016 11:51:51 AM gui.warehouse_output.WAREHOUSE_OUT_UI0003_PasswordRequest connect
INFOS: User Admin SMALL / 9999 connected to host O-EZZIOURI at 2016-10-15 11:51:51 Dispatch interface : .
oct. 15, 2016 12:03:06 PM helper.Helper InitDailyDestPrintDir
INFOS: Print directory [.\print\2016_10_15] already exist!
Print sub directory [.\print\2016_10_15.\open_sheet] already exist!
Print sub directory [.\print\2016_10_15.\closing_sheet] already exist!
Print sub directory [.\print\2016_10_15.\picking_label] already exist!
Print sub directory [.\print\2016_10_15.\dispatch_label] already exist!

oct. 15, 2016 12:03:07 PM gui.warehouse_output.WAREHOUSE_OUT_UI0002_DISPATCH_SCAN loadBarcodeConfig
INFOS: FROM ConfigBarcode cb WHERE cb.keyWord IN (:keyWords) ORDER BY id ASC
oct. 15, 2016 12:03:13 PM gui.warehouse_output.WAREHOUSE_OUT_UI0003_PasswordRequest connect
INFOS: User Admin ENGINE / 9999 connected to host O-EZZIOURI at 2016-10-15 12:03:13 Dispatch interface : .
oct. 15, 2016 12:03:54 PM helper.Helper InitDailyDestPrintDir
INFOS: Print directory [.\print\2016_10_15] already exist!
Print sub directory [.\print\2016_10_15.\open_sheet] already exist!
Print sub directory [.\print\2016_10_15.\closing_sheet] already exist!
Print sub directory [.\print\2016_10_15.\picking_label] already exist!
Print sub directory [.\print\2016_10_15.\dispatch_label] already exist!

oct. 15, 2016 12:03:55 PM gui.warehouse_output.WAREHOUSE_OUT_UI0002_DISPATCH_SCAN loadBarcodeConfig
INFOS: FROM ConfigBarcode cb WHERE cb.keyWord IN (:keyWords) ORDER BY id ASC
oct. 15, 2016 12:03:59 PM gui.warehouse_output.WAREHOUSE_OUT_UI0003_PasswordRequest connect
INFOS: User Admin SMALL / 9999 connected to host O-EZZIOURI at 2016-10-15 12:03:59 Dispatch interface : .
oct. 15, 2016 12:13:58 PM helper.Helper InitDailyDestPrintDir
INFOS: Print directory [.\print\2016_10_15] already exist!
Print sub directory [.\print\2016_10_15.\open_sheet] already exist!
Print sub directory [.\print\2016_10_15.\closing_sheet] already exist!
Print sub directory [.\print\2016_10_15.\picking_label] already exist!
Print sub directory [.\print\2016_10_15.\dispatch_label] already exist!

oct. 15, 2016 12:14:00 PM gui.warehouse_output.WAREHOUSE_OUT_UI0002_DISPATCH_SCAN loadBarcodeConfig
INFOS: FROM ConfigBarcode cb WHERE cb.keyWord IN (:keyWords) ORDER BY id ASC
oct. 15, 2016 12:15:42 PM helper.Helper InitDailyDestPrintDir
INFOS: Print directory [.\print\2016_10_15] already exist!
Print sub directory [.\print\2016_10_15.\open_sheet] already exist!
Print sub directory [.\print\2016_10_15.\closing_sheet] already exist!
Print sub directory [.\print\2016_10_15.\picking_label] already exist!
Print sub directory [.\print\2016_10_15.\dispatch_label] already exist!

oct. 15, 2016 12:15:44 PM gui.warehouse_output.WAREHOUSE_OUT_UI0002_DISPATCH_SCAN loadBarcodeConfig
INFOS: FROM ConfigBarcode cb WHERE cb.keyWord IN (:keyWords) ORDER BY id ASC
oct. 15, 2016 12:55:45 PM helper.Helper InitDailyDestPrintDir
INFOS: Print directory [.\print\2016_10_15] already exist!
Print sub directory [.\print\2016_10_15.\open_sheet] already exist!
Print sub directory [.\print\2016_10_15.\closing_sheet] already exist!
Print sub directory [.\print\2016_10_15.\picking_label] already exist!
Print sub directory [.\print\2016_10_15.\dispatch_label] already exist!

oct. 15, 2016 12:55:47 PM gui.warehouse_output.WAREHOUSE_OUT_UI0002_DISPATCH_SCAN loadBarcodeConfig
INFOS: FROM ConfigBarcode cb WHERE cb.keyWord IN (:keyWords) ORDER BY id ASC
oct. 15, 2016 12:55:52 PM gui.warehouse_output.state.S010_DispatchUserCodeScan doAction
INFOS: Invalid matricule number or account locked !
oct. 15, 2016 12:55:57 PM gui.warehouse_output.WAREHOUSE_OUT_UI0003_PasswordRequest connect
INFOS: User Admin ENGINE / 9999 connected to host O-EZZIOURI at 2016-10-15 12:55:57 Dispatch interface : .
oct. 15, 2016 12:56:03 PM gui.warehouse_output.state.S020_AdviceNoteNumberScan doAction
INFOS: Advice not number scanned [111111] OK.
oct. 15, 2016 12:58:34 PM helper.Helper InitDailyDestPrintDir
INFOS: Print directory [.\print\2016_10_15] already exist!
Print sub directory [.\print\2016_10_15.\open_sheet] already exist!
Print sub directory [.\print\2016_10_15.\closing_sheet] already exist!
Print sub directory [.\print\2016_10_15.\picking_label] already exist!
Print sub directory [.\print\2016_10_15.\dispatch_label] already exist!

oct. 15, 2016 12:58:35 PM gui.warehouse_output.WAREHOUSE_OUT_UI0002_DISPATCH_SCAN loadBarcodeConfig
INFOS: FROM ConfigBarcode cb WHERE cb.keyWord IN (:keyWords) ORDER BY id ASC
oct. 15, 2016 12:58:41 PM gui.warehouse_output.WAREHOUSE_OUT_UI0003_PasswordRequest connect
INFOS: User Admin SMALL / 9999 connected to host O-EZZIOURI at 2016-10-15 12:58:41 Dispatch interface : .
oct. 15, 2016 12:58:48 PM gui.warehouse_output.state.WarehouseOutHelper checkAdviceNoteNumFormat
INFOS: Numéro BL invalide [LKkk] !
oct. 15, 2016 12:58:48 PM gui.warehouse_output.state.S020_AdviceNoteNumberScan doAction
AVERTISSEMENT: Numéro BL invalide [LKkk] !
oct. 15, 2016 12:59:45 PM helper.Helper InitDailyDestPrintDir
INFOS: Print directory [.\print\2016_10_15] already exist!
Print sub directory [.\print\2016_10_15.\open_sheet] already exist!
Print sub directory [.\print\2016_10_15.\closing_sheet] already exist!
Print sub directory [.\print\2016_10_15.\picking_label] already exist!
Print sub directory [.\print\2016_10_15.\dispatch_label] already exist!

oct. 15, 2016 12:59:46 PM gui.warehouse_output.WAREHOUSE_OUT_UI0002_DISPATCH_SCAN loadBarcodeConfig
INFOS: FROM ConfigBarcode cb WHERE cb.keyWord IN (:keyWords) ORDER BY id ASC
oct. 15, 2016 12:59:49 PM gui.warehouse_output.state.S010_DispatchUserCodeScan doAction
INFOS: Invalid matricule number or account locked !
oct. 15, 2016 12:59:52 PM gui.warehouse_output.WAREHOUSE_OUT_UI0003_PasswordRequest connect
INFOS: User Admin ENGINE / 9999 connected to host O-EZZIOURI at 2016-10-15 12:59:52 Dispatch interface : .
oct. 15, 2016 12:59:54 PM gui.warehouse_output.state.WarehouseOutHelper checkAdviceNoteNumFormat
INFOS: Numéro BL invalide [qsqs].
 Le numéro BL ne doit contenir des chiffres.
oct. 15, 2016 12:59:54 PM gui.warehouse_output.state.S020_AdviceNoteNumberScan doAction
AVERTISSEMENT: Numéro BL invalide [qsqs].
 Le numéro BL ne doit contenir des chiffres.
oct. 15, 2016 1:00:11 PM helper.Helper InitDailyDestPrintDir
INFOS: Print directory [.\print\2016_10_15] already exist!
Print sub directory [.\print\2016_10_15.\open_sheet] already exist!
Print sub directory [.\print\2016_10_15.\closing_sheet] already exist!
Print sub directory [.\print\2016_10_15.\picking_label] already exist!
Print sub directory [.\print\2016_10_15.\dispatch_label] already exist!

oct. 15, 2016 1:00:13 PM gui.warehouse_output.WAREHOUSE_OUT_UI0002_DISPATCH_SCAN loadBarcodeConfig
INFOS: FROM ConfigBarcode cb WHERE cb.keyWord IN (:keyWords) ORDER BY id ASC
oct. 15, 2016 1:00:17 PM gui.warehouse_output.WAREHOUSE_OUT_UI0003_PasswordRequest connect
INFOS: User Admin SMALL / 9999 connected to host O-EZZIOURI at 2016-10-15 13:00:17 Dispatch interface : .
oct. 15, 2016 1:00:19 PM gui.warehouse_output.state.WarehouseOutHelper checkAdviceNoteNumFormat
INFOS: Numéro BL invalide [qsqs].
Le numéro BL ne doit contenir que des chiffres.
oct. 15, 2016 1:00:19 PM gui.warehouse_output.state.S020_AdviceNoteNumberScan doAction
AVERTISSEMENT: Numéro BL invalide [qsqs].
Le numéro BL ne doit contenir que des chiffres.
oct. 15, 2016 1:00:28 PM gui.warehouse_output.state.WarehouseOutHelper checkAdviceNoteNumFormat
INFOS: Numéro BL invalide [qsqs].
Le numéro BL ne doit contenir que des chiffres.
oct. 15, 2016 1:00:28 PM gui.warehouse_output.state.S020_AdviceNoteNumberScan doAction
AVERTISSEMENT: Numéro BL invalide [qsqs].
Le numéro BL ne doit contenir que des chiffres.
oct. 15, 2016 1:00:32 PM gui.warehouse_output.state.WarehouseOutHelper checkAdviceNoteNumFormat
INFOS: Numéro BL invalide [qsqs].
Le numéro BL ne doit contenir que des chiffres.
oct. 15, 2016 1:00:32 PM gui.warehouse_output.state.S020_AdviceNoteNumberScan doAction
AVERTISSEMENT: Numéro BL invalide [qsqs].
Le numéro BL ne doit contenir que des chiffres.
oct. 15, 2016 1:00:34 PM gui.warehouse_output.state.WarehouseOutHelper checkAdviceNoteNumFormat
INFOS: Numéro BL invalide [qsqs].
Le numéro BL ne doit contenir que des chiffres.
oct. 15, 2016 1:00:34 PM gui.warehouse_output.state.S020_AdviceNoteNumberScan doAction
AVERTISSEMENT: Numéro BL invalide [qsqs].
Le numéro BL ne doit contenir que des chiffres.
oct. 15, 2016 1:00:39 PM gui.warehouse_output.state.S020_AdviceNoteNumberScan doAction
INFOS: Advice not number scanned [111] OK.
oct. 15, 2016 2:10:43 PM helper.Helper InitDailyDestPrintDir
INFOS: Print directory [.\print\2016_10_15] already exist!
Print sub directory [.\print\2016_10_15.\open_sheet] already exist!
Print sub directory [.\print\2016_10_15.\closing_sheet] already exist!
Print sub directory [.\print\2016_10_15.\picking_label] already exist!
Print sub directory [.\print\2016_10_15.\dispatch_label] already exist!

oct. 15, 2016 2:10:59 PM gui.packaging.PACKAGING_UI0001_Main loadBarcodeConfig
INFOS: FROM ConfigBarcode cb WHERE cb.keyWord = :keyWord ORDER BY id ASC
oct. 15, 2016 2:10:59 PM entity.ConfigProject select
INFOS: FROM ConfigProject bp ORDER BY harnessType ASC
oct. 15, 2016 2:10:59 PM entity.ConfigProject select
INFOS: FROM ConfigProject bp ORDER BY harnessType ASC
oct. 15, 2016 2:46:10 PM helper.Helper InitDailyDestPrintDir
INFOS: Print directory [.\print\2016_10_15] already exist!
Print sub directory [.\print\2016_10_15.\open_sheet] already exist!
Print sub directory [.\print\2016_10_15.\closing_sheet] already exist!
Print sub directory [.\print\2016_10_15.\picking_label] already exist!
Print sub directory [.\print\2016_10_15.\dispatch_label] already exist!

oct. 15, 2016 2:46:11 PM gui.packaging.PACKAGING_UI0001_Main loadBarcodeConfig
INFOS: FROM ConfigBarcode cb WHERE cb.keyWord = :keyWord ORDER BY id ASC
oct. 15, 2016 2:46:11 PM entity.ConfigProject select
INFOS: FROM ConfigProject bp ORDER BY harnessType ASC
oct. 15, 2016 2:46:11 PM entity.ConfigProject select
INFOS: FROM ConfigProject bp ORDER BY harnessType ASC
oct. 15, 2016 2:46:19 PM entity.ConfigProject select
INFOS: FROM ConfigProject bp ORDER BY harnessType ASC
oct. 15, 2016 2:46:22 PM entity.ConfigProject select
INFOS: FROM ConfigProject bp ORDER BY harnessType ASC
oct. 15, 2016 2:46:35 PM gui.warehouse_output.WAREHOUSE_OUT_UI0002_DISPATCH_SCAN loadBarcodeConfig
INFOS: FROM ConfigBarcode cb WHERE cb.keyWord IN (:keyWords) ORDER BY id ASC
oct. 15, 2016 2:46:44 PM gui.warehouse_output.WAREHOUSE_OUT_UI0003_PasswordRequest connect
INFOS: User Admin   / 9999 connected to host WSMA7040 at 2016-10-15 14:46:44 Dispatch interface : .
oct. 15, 2016 2:52:03 PM helper.Helper InitDailyDestPrintDir
INFOS: Print directory [.\print\2016_10_15] already exist!
Print sub directory [.\print\2016_10_15.\open_sheet] already exist!
Print sub directory [.\print\2016_10_15.\closing_sheet] already exist!
Print sub directory [.\print\2016_10_15.\picking_label] already exist!
Print sub directory [.\print\2016_10_15.\dispatch_label] already exist!

oct. 15, 2016 2:52:05 PM gui.warehouse_output.WAREHOUSE_OUT_UI0002_DISPATCH_SCAN loadBarcodeConfig
INFOS: FROM ConfigBarcode cb WHERE cb.keyWord IN (:keyWords) ORDER BY id ASC
oct. 15, 2016 2:52:11 PM gui.warehouse_output.WAREHOUSE_OUT_UI0003_PasswordRequest connect
INFOS: User Admin   / 9999 connected to host WSMA7040 at 2016-10-15 14:52:11 Dispatch interface : .
oct. 15, 2016 2:55:39 PM helper.Helper InitDailyDestPrintDir
INFOS: Print directory [.\print\2016_10_15] already exist!
Print sub directory [.\print\2016_10_15.\open_sheet] already exist!
Print sub directory [.\print\2016_10_15.\closing_sheet] already exist!
Print sub directory [.\print\2016_10_15.\picking_label] already exist!
Print sub directory [.\print\2016_10_15.\dispatch_label] already exist!

oct. 15, 2016 2:55:41 PM gui.warehouse_output.WAREHOUSE_OUT_UI0002_DISPATCH_SCAN loadBarcodeConfig
INFOS: FROM ConfigBarcode cb WHERE cb.keyWord IN (:keyWords) ORDER BY id ASC
oct. 15, 2016 2:56:21 PM helper.Helper InitDailyDestPrintDir
INFOS: Print directory [.\print\2016_10_15] already exist!
Print sub directory [.\print\2016_10_15.\open_sheet] already exist!
Print sub directory [.\print\2016_10_15.\closing_sheet] already exist!
Print sub directory [.\print\2016_10_15.\picking_label] already exist!
Print sub directory [.\print\2016_10_15.\dispatch_label] already exist!

oct. 15, 2016 2:56:22 PM gui.warehouse_output.WAREHOUSE_OUT_UI0002_DISPATCH_SCAN loadBarcodeConfig
INFOS: FROM ConfigBarcode cb WHERE cb.keyWord IN (:keyWords) ORDER BY id ASC
oct. 15, 2016 2:57:15 PM helper.Helper InitDailyDestPrintDir
INFOS: Print directory [.\print\2016_10_15] already exist!
Print sub directory [.\print\2016_10_15.\open_sheet] already exist!
Print sub directory [.\print\2016_10_15.\closing_sheet] already exist!
Print sub directory [.\print\2016_10_15.\picking_label] already exist!
Print sub directory [.\print\2016_10_15.\dispatch_label] already exist!

oct. 15, 2016 2:57:16 PM gui.warehouse_output.WAREHOUSE_OUT_UI0002_DISPATCH_SCAN loadBarcodeConfig
INFOS: FROM ConfigBarcode cb WHERE cb.keyWord IN (:keyWords) ORDER BY id ASC
oct. 15, 2016 2:57:30 PM gui.warehouse_output.WAREHOUSE_OUT_UI0003_PasswordRequest connect
INFOS: User Admin   / 9999 connected to host WSMA7040 at 2016-10-15 14:57:30 Dispatch interface : .
oct. 15, 2016 2:57:56 PM helper.Helper InitDailyDestPrintDir
INFOS: Print directory [.\print\2016_10_15] already exist!
Print sub directory [.\print\2016_10_15.\open_sheet] already exist!
Print sub directory [.\print\2016_10_15.\closing_sheet] already exist!
Print sub directory [.\print\2016_10_15.\picking_label] already exist!
Print sub directory [.\print\2016_10_15.\dispatch_label] already exist!

oct. 15, 2016 2:57:56 PM gui.warehouse_output.WAREHOUSE_OUT_UI0002_DISPATCH_SCAN loadBarcodeConfig
INFOS: FROM ConfigBarcode cb WHERE cb.keyWord IN (:keyWords) ORDER BY id ASC
oct. 15, 2016 2:58:31 PM helper.Helper InitDailyDestPrintDir
INFOS: Print directory [.\print\2016_10_15] already exist!
Print sub directory [.\print\2016_10_15.\open_sheet] already exist!
Print sub directory [.\print\2016_10_15.\closing_sheet] already exist!
Print sub directory [.\print\2016_10_15.\picking_label] already exist!
Print sub directory [.\print\2016_10_15.\dispatch_label] already exist!

oct. 15, 2016 2:58:33 PM gui.warehouse_output.WAREHOUSE_OUT_UI0002_DISPATCH_SCAN loadBarcodeConfig
INFOS: FROM ConfigBarcode cb WHERE cb.keyWord IN (:keyWords) ORDER BY id ASC
oct. 15, 2016 2:59:10 PM helper.Helper InitDailyDestPrintDir
INFOS: Print directory [.\print\2016_10_15] already exist!
Print sub directory [.\print\2016_10_15.\open_sheet] already exist!
Print sub directory [.\print\2016_10_15.\closing_sheet] already exist!
Print sub directory [.\print\2016_10_15.\picking_label] already exist!
Print sub directory [.\print\2016_10_15.\dispatch_label] already exist!

oct. 15, 2016 2:59:11 PM gui.warehouse_output.WAREHOUSE_OUT_UI0002_DISPATCH_SCAN loadBarcodeConfig
INFOS: FROM ConfigBarcode cb WHERE cb.keyWord IN (:keyWords) ORDER BY id ASC
oct. 15, 2016 2:59:19 PM gui.warehouse_output.WAREHOUSE_OUT_UI0003_PasswordRequest connect
INFOS: User Admin   / 9999 connected to host WSMA7040 at 2016-10-15 14:59:19 Dispatch interface : .
oct. 15, 2016 2:59:34 PM gui.warehouse_output.state.WarehouseOutHelper checkAdviceNoteNumFormat
INFOS: Numéro BL invalide [qsd].
Le numéro BL ne doit contenir que des chiffres.
oct. 15, 2016 2:59:34 PM gui.warehouse_output.state.S020_AdviceNoteNumberScan doAction
AVERTISSEMENT: Numéro BL invalide [qsd].
Le numéro BL ne doit contenir que des chiffres.
oct. 15, 2016 2:59:37 PM gui.warehouse_output.state.WarehouseOutHelper checkAdviceNoteNumFormat
INFOS: Numéro BL invalide [qsdqsdqsd].
Le numéro BL ne doit contenir que des chiffres.
oct. 15, 2016 2:59:37 PM gui.warehouse_output.state.S020_AdviceNoteNumberScan doAction
AVERTISSEMENT: Numéro BL invalide [qsdqsdqsd].
Le numéro BL ne doit contenir que des chiffres.
oct. 15, 2016 2:59:40 PM gui.warehouse_output.state.WarehouseOutHelper checkAdviceNoteNumFormat
INFOS: Numéro BL invalide [1qsd].
Le numéro BL ne doit contenir que des chiffres.
oct. 15, 2016 2:59:40 PM gui.warehouse_output.state.S020_AdviceNoteNumberScan doAction
AVERTISSEMENT: Numéro BL invalide [1qsd].
Le numéro BL ne doit contenir que des chiffres.
oct. 15, 2016 2:59:43 PM gui.warehouse_output.state.S020_AdviceNoteNumberScan doAction
INFOS: Advice not number scanned [123456] OK.
oct. 15, 2016 3:38:02 PM helper.Helper InitDailyDestPrintDir
INFOS: Print directory [.\print\2016_10_15] already exist!
Print sub directory [.\print\2016_10_15.\open_sheet] already exist!
Print sub directory [.\print\2016_10_15.\closing_sheet] already exist!
Print sub directory [.\print\2016_10_15.\picking_label] already exist!
Print sub directory [.\print\2016_10_15.\dispatch_label] already exist!

oct. 15, 2016 3:38:03 PM gui.warehouse_output.WAREHOUSE_OUT_UI0002_DISPATCH_SCAN loadBarcodeConfig
INFOS: FROM ConfigBarcode cb WHERE cb.keyWord IN (:keyWords) ORDER BY id ASC
oct. 15, 2016 3:39:48 PM helper.Helper InitDailyDestPrintDir
INFOS: Print directory [.\print\2016_10_15] already exist!
Print sub directory [.\print\2016_10_15.\open_sheet] already exist!
Print sub directory [.\print\2016_10_15.\closing_sheet] already exist!
Print sub directory [.\print\2016_10_15.\picking_label] already exist!
Print sub directory [.\print\2016_10_15.\dispatch_label] already exist!

oct. 15, 2016 3:40:53 PM helper.Helper InitDailyDestPrintDir
INFOS: Print directory [.\print\2016_10_15] already exist!
Print sub directory [.\print\2016_10_15.\open_sheet] already exist!
Print sub directory [.\print\2016_10_15.\closing_sheet] already exist!
Print sub directory [.\print\2016_10_15.\picking_label] already exist!
Print sub directory [.\print\2016_10_15.\dispatch_label] already exist!

oct. 15, 2016 3:40:54 PM gui.warehouse_output.WAREHOUSE_OUT_UI0002_DISPATCH_SCAN loadBarcodeConfig
INFOS: FROM ConfigBarcode cb WHERE cb.keyWord IN (:keyWords) ORDER BY id ASC
oct. 15, 2016 3:41:29 PM helper.Helper InitDailyDestPrintDir
INFOS: Print directory [.\print\2016_10_15] already exist!
Print sub directory [.\print\2016_10_15.\open_sheet] already exist!
Print sub directory [.\print\2016_10_15.\closing_sheet] already exist!
Print sub directory [.\print\2016_10_15.\picking_label] already exist!
Print sub directory [.\print\2016_10_15.\dispatch_label] already exist!

oct. 15, 2016 3:41:30 PM gui.warehouse_output.WAREHOUSE_OUT_UI0002_DISPATCH_SCAN loadBarcodeConfig
INFOS: FROM ConfigBarcode cb WHERE cb.keyWord IN (:keyWords) ORDER BY id ASC
oct. 15, 2016 3:41:44 PM helper.Helper InitDailyDestPrintDir
INFOS: Print directory [.\print\2016_10_15] already exist!
Print sub directory [.\print\2016_10_15.\open_sheet] already exist!
Print sub directory [.\print\2016_10_15.\closing_sheet] already exist!
Print sub directory [.\print\2016_10_15.\picking_label] already exist!
Print sub directory [.\print\2016_10_15.\dispatch_label] already exist!

oct. 15, 2016 3:41:45 PM gui.warehouse_output.WAREHOUSE_OUT_UI0002_DISPATCH_SCAN loadBarcodeConfig
INFOS: FROM ConfigBarcode cb WHERE cb.keyWord IN (:keyWords) ORDER BY id ASC
oct. 15, 2016 4:00:29 PM helper.Helper InitDailyDestPrintDir
INFOS: Print directory [.\print\2016_10_15] already exist!
Print sub directory [.\print\2016_10_15.\open_sheet] already exist!
Print sub directory [.\print\2016_10_15.\closing_sheet] already exist!
Print sub directory [.\print\2016_10_15.\picking_label] already exist!
Print sub directory [.\print\2016_10_15.\dispatch_label] already exist!

oct. 15, 2016 4:00:30 PM gui.warehouse_output.WAREHOUSE_OUT_UI0002_DISPATCH_SCAN loadBarcodeConfig
INFOS: FROM ConfigBarcode cb WHERE cb.keyWord IN (:keyWords) ORDER BY id ASC
oct. 15, 2016 4:00:32 PM gui.warehouse_output.WAREHOUSE_OUT_UI0003_PasswordRequest connect
INFOS: User Admin   / 9999 connected to host WSMA7040 at 2016-10-15 16:00:32 Dispatch interface : .
oct. 15, 2016 4:01:07 PM gui.warehouse_output.state.S020_AdviceNoteNumberScan doAction
INFOS: Advice not number scanned [5555] OK.
oct. 15, 2016 4:01:12 PM gui.warehouse_output.state.S020_FORSBlScan doAction
INFOS: FORS Advice note number scanned [12356] OK.
oct. 15, 2016 4:01:17 PM gui.warehouse_output.state.S030_FORSHpScan doAction
INFOS: FORS label harness part scanned [6565] OK.
oct. 15, 2016 4:01:26 PM gui.warehouse_output.state.WarehouseOutHelper checkAdviceNoteNumFormat
INFOS: Numéro BL invalide [sdfsdf].
Le numéro BL ne doit contenir que des chiffres.
oct. 15, 2016 4:01:26 PM gui.warehouse_output.state.S040_FORSQtyScan doAction
AVERTISSEMENT: Erreur Galia FORS. Quantité faisceau invalide [sdfsdf].
La quantité doit contenir que des chiffres !
oct. 15, 2016 4:01:35 PM gui.warehouse_output.state.S040_FORSQtyScan doAction
INFOS: FORS label qty scanned [4] OK.
oct. 15, 2016 4:01:37 PM gui.warehouse_output.state.WarehouseOutHelper checkAdviceNoteNumFormat
INFOS: Numéro BL invalide [sdfsdfsdf].
Le numéro BL ne doit contenir que des chiffres.
oct. 15, 2016 4:01:37 PM gui.warehouse_output.state.S050_FORSLabelIdScan doAction
AVERTISSEMENT: Erreur Galia FORS. Numéro série invalide du Galia FORS [sdfsdfsdf].
Le N° de série doit contenir que des chiffres !
oct. 15, 2016 4:01:43 PM gui.warehouse_output.state.WarehouseOutHelper checkAdviceNoteNumFormat
INFOS: Numéro BL invalide [sdfsdfsdfsdf].
Le numéro BL ne doit contenir que des chiffres.
oct. 15, 2016 4:01:43 PM gui.warehouse_output.state.S050_FORSLabelIdScan doAction
AVERTISSEMENT: Erreur Galia FORS. Numéro série invalide du Galia FORS [sdfsdfsdfsdf].
Le N° de série doit contenir que des chiffres !
oct. 15, 2016 4:01:48 PM gui.warehouse_output.state.WarehouseOutHelper checkAdviceNoteNumFormat
INFOS: Numéro BL invalide [sdfsdfsdfsdf].
Le numéro BL ne doit contenir que des chiffres.
oct. 15, 2016 4:01:48 PM gui.warehouse_output.state.S050_FORSLabelIdScan doAction
AVERTISSEMENT: Erreur Galia FORS. Numéro série invalide du Galia FORS [sdfsdfsdfsdf].
Le N° de série doit contenir que des chiffres !
oct. 15, 2016 4:01:50 PM gui.warehouse_output.state.S050_FORSLabelIdScan doAction
INFOS: FORS label ID scanned [4] OK.
oct. 15, 2016 4:02:34 PM helper.Helper InitDailyDestPrintDir
INFOS: Print directory [.\print\2016_10_15] already exist!
Print sub directory [.\print\2016_10_15.\open_sheet] already exist!
Print sub directory [.\print\2016_10_15.\closing_sheet] already exist!
Print sub directory [.\print\2016_10_15.\picking_label] already exist!
Print sub directory [.\print\2016_10_15.\dispatch_label] already exist!

oct. 15, 2016 4:02:42 PM gui.packaging.PACKAGING_UI0001_Main loadBarcodeConfig
INFOS: FROM ConfigBarcode cb WHERE cb.keyWord = :keyWord ORDER BY id ASC
oct. 15, 2016 4:02:42 PM entity.ConfigProject select
INFOS: FROM ConfigProject bp ORDER BY harnessType ASC
oct. 15, 2016 4:02:42 PM entity.ConfigProject select
INFOS: FROM ConfigProject bp ORDER BY harnessType ASC
oct. 15, 2016 4:09:21 PM helper.Helper InitDailyDestPrintDir
INFOS: Print directory [.\print\2016_10_15] already exist!
Print sub directory [.\print\2016_10_15.\open_sheet] already exist!
Print sub directory [.\print\2016_10_15.\closing_sheet] already exist!
Print sub directory [.\print\2016_10_15.\picking_label] already exist!
Print sub directory [.\print\2016_10_15.\dispatch_label] already exist!

oct. 15, 2016 4:09:24 PM gui.warehouse_output.WAREHOUSE_OUT_UI0002_DISPATCH_SCAN loadBarcodeConfig
INFOS: FROM ConfigBarcode cb WHERE cb.keyWord IN (:keyWords) ORDER BY id ASC
oct. 15, 2016 4:09:46 PM helper.Helper InitDailyDestPrintDir
INFOS: Print directory [.\print\2016_10_15] already exist!
Print sub directory [.\print\2016_10_15.\open_sheet] already exist!
Print sub directory [.\print\2016_10_15.\closing_sheet] already exist!
Print sub directory [.\print\2016_10_15.\picking_label] already exist!
Print sub directory [.\print\2016_10_15.\dispatch_label] already exist!

oct. 15, 2016 4:09:47 PM gui.warehouse_output.WAREHOUSE_OUT_UI0002_DISPATCH_SCAN loadBarcodeConfig
INFOS: FROM ConfigBarcode cb WHERE cb.keyWord IN (:keyWords) ORDER BY id ASC
oct. 15, 2016 4:11:25 PM helper.Helper InitDailyDestPrintDir
INFOS: Print directory [.\print\2016_10_15] already exist!
Print sub directory [.\print\2016_10_15.\open_sheet] already exist!
Print sub directory [.\print\2016_10_15.\closing_sheet] already exist!
Print sub directory [.\print\2016_10_15.\picking_label] already exist!
Print sub directory [.\print\2016_10_15.\dispatch_label] already exist!

oct. 15, 2016 4:11:26 PM gui.warehouse_output.WAREHOUSE_OUT_UI0002_DISPATCH_SCAN loadBarcodeConfig
INFOS: FROM ConfigBarcode cb WHERE cb.keyWord IN (:keyWords) ORDER BY id ASC
oct. 15, 2016 4:11:28 PM gui.warehouse_output.WAREHOUSE_OUT_UI0002_DISPATCH_SCAN loadBarcodeConfig
INFOS: FROM ConfigBarcode cb WHERE cb.keyWord IN (:keyWords) ORDER BY id ASC
oct. 15, 2016 4:11:31 PM gui.warehouse_output.WAREHOUSE_OUT_UI0002_DISPATCH_SCAN loadBarcodeConfig
INFOS: FROM ConfigBarcode cb WHERE cb.keyWord IN (:keyWords) ORDER BY id ASC
oct. 15, 2016 4:11:34 PM gui.warehouse_output.WAREHOUSE_OUT_UI0003_PasswordRequest connect
INFOS: User Admin   / 9999 connected to host WSMA7040 at 2016-10-15 16:11:34 Dispatch interface : .
oct. 15, 2016 4:11:38 PM gui.warehouse_output.state.S020_AdviceNoteNumberScan doAction
INFOS: Advice not number scanned [22321] OK.
oct. 15, 2016 4:11:51 PM gui.warehouse_output.state.S020_FORSBlScan doAction
INFOS: FORS Advice note number scanned [32121] OK.
oct. 15, 2016 4:11:54 PM gui.warehouse_output.state.S030_FORSHpScan doAction
INFOS: FORS label harness part scanned [32321321] OK.
oct. 15, 2016 4:11:55 PM gui.warehouse_output.state.WarehouseOutHelper checkAdviceNoteNumFormat
INFOS: Numéro BL invalide [rty].
Le numéro BL ne doit contenir que des chiffres.
oct. 15, 2016 4:11:55 PM gui.warehouse_output.state.S040_FORSQtyScan doAction
AVERTISSEMENT: Erreur Galia FORS. Quantité faisceau invalide [rty].
La quantité doit contenir que des chiffres !
oct. 15, 2016 4:11:57 PM gui.warehouse_output.state.WarehouseOutHelper checkAdviceNoteNumFormat
INFOS: Numéro BL invalide [].
Le numéro BL ne doit contenir que des chiffres.
oct. 15, 2016 4:11:57 PM gui.warehouse_output.state.S040_FORSQtyScan doAction
AVERTISSEMENT: Erreur Galia FORS. Quantité faisceau invalide [].
La quantité doit contenir que des chiffres !
oct. 15, 2016 4:11:58 PM gui.warehouse_output.state.S040_FORSQtyScan doAction
INFOS: FORS label qty scanned [321] OK.
oct. 15, 2016 4:12:00 PM gui.warehouse_output.state.WarehouseOutHelper checkAdviceNoteNumFormat
INFOS: Numéro BL invalide [rtyrty].
Le numéro BL ne doit contenir que des chiffres.
oct. 15, 2016 4:12:00 PM gui.warehouse_output.state.S050_FORSLabelIdScan doAction
AVERTISSEMENT: Erreur Galia FORS. Numéro série invalide du Galia FORS [rtyrty].
Le N° de série doit contenir que des chiffres !
oct. 15, 2016 4:12:04 PM gui.warehouse_output.state.WarehouseOutHelper checkAdviceNoteNumFormat
INFOS: Numéro BL invalide [].
Le numéro BL ne doit contenir que des chiffres.
oct. 15, 2016 4:12:04 PM gui.warehouse_output.state.S050_FORSLabelIdScan doAction
AVERTISSEMENT: Erreur Galia FORS. Numéro série invalide du Galia FORS [].
Le N° de série doit contenir que des chiffres !
oct. 15, 2016 4:12:07 PM gui.warehouse_output.state.WarehouseOutHelper checkAdviceNoteNumFormat
INFOS: Numéro BL invalide [rtyrtyrty].
Le numéro BL ne doit contenir que des chiffres.
oct. 15, 2016 4:12:07 PM gui.warehouse_output.state.S050_FORSLabelIdScan doAction
AVERTISSEMENT: Erreur Galia FORS. Numéro série invalide du Galia FORS [rtyrtyrty].
Le N° de série doit contenir que des chiffres !
oct. 15, 2016 4:12:10 PM gui.warehouse_output.state.S050_FORSLabelIdScan doAction
INFOS: FORS label ID scanned [32132131] OK.
oct. 15, 2016 4:12:18 PM gui.warehouse_output.state.WarehouseOutHelper checkAdviceNoteNumFormat
INFOS: Numéro BL invalide [azeaze].
Le numéro BL ne doit contenir que des chiffres.
oct. 15, 2016 4:12:18 PM gui.warehouse_output.state.S060_ProdHpScan doAction
AVERTISSEMENT: Erreur Galia production. Référence faisceau invalide [azeaze]. !
oct. 15, 2016 4:12:23 PM gui.warehouse_output.state.S060_ProdHpScan doAction
INFOS: Harness part scanned [321] OK.
oct. 15, 2016 4:12:30 PM gui.warehouse_output.state.S070_ProdQtyScan doAction
INFOS: Production label qty scanned [32123321] OK.
oct. 15, 2016 4:12:40 PM gui.warehouse_output.WAREHOUSE_OUT_UI0002_DISPATCH_SCAN loadBarcodeConfig
INFOS: FROM ConfigBarcode cb WHERE cb.keyWord IN (:keyWords) ORDER BY id ASC
oct. 15, 2016 4:18:47 PM helper.Helper InitDailyDestPrintDir
INFOS: Print directory [.\print\2016_10_15] already exist!
Print sub directory [.\print\2016_10_15.\open_sheet] already exist!
Print sub directory [.\print\2016_10_15.\closing_sheet] already exist!
Print sub directory [.\print\2016_10_15.\picking_label] already exist!
Print sub directory [.\print\2016_10_15.\dispatch_label] already exist!

oct. 15, 2016 4:18:48 PM gui.warehouse_output.WAREHOUSE_OUT_UI0002_DISPATCH_SCAN loadBarcodeConfig
INFOS: FROM ConfigBarcode cb WHERE cb.keyWord IN (:keyWords) ORDER BY id ASC
oct. 15, 2016 4:19:03 PM gui.warehouse_output.WAREHOUSE_OUT_UI0003_PasswordRequest connect
INFOS: User Admin   / 9999 connected to host WSMA7040 at 2016-10-15 16:19:03 Dispatch interface : .
oct. 15, 2016 4:20:53 PM helper.Helper InitDailyDestPrintDir
INFOS: Print directory [.\print\2016_10_15] already exist!
Print sub directory [.\print\2016_10_15.\open_sheet] already exist!
Print sub directory [.\print\2016_10_15.\closing_sheet] already exist!
Print sub directory [.\print\2016_10_15.\picking_label] already exist!
Print sub directory [.\print\2016_10_15.\dispatch_label] already exist!

oct. 15, 2016 4:20:54 PM gui.warehouse_output.WAREHOUSE_OUT_UI0002_DISPATCH_SCAN loadBarcodeConfig
INFOS: FROM ConfigBarcode cb WHERE cb.keyWord IN (:keyWords) ORDER BY id ASC
oct. 15, 2016 4:20:57 PM gui.warehouse_output.WAREHOUSE_OUT_UI0003_PasswordRequest connect
INFOS: User Admin   / 9999 connected to host WSMA7040 at 2016-10-15 16:20:57 Dispatch interface : .
oct. 15, 2016 4:21:02 PM gui.warehouse_output.state.S010_DispatchUserCodeScan doAction
INFOS: Invalid matricule number or account locked !
oct. 15, 2016 4:21:04 PM gui.warehouse_output.state.S010_DispatchUserCodeScan doAction
INFOS: Invalid matricule number or account locked !
oct. 15, 2016 4:21:05 PM gui.warehouse_output.state.S010_DispatchUserCodeScan doAction
INFOS: Invalid matricule number or account locked !
oct. 15, 2016 4:21:07 PM gui.warehouse_output.WAREHOUSE_OUT_UI0003_PasswordRequest connect
INFOS: User Admin   / 9999 connected to host WSMA7040 at 2016-10-15 16:21:07 Dispatch interface : .
oct. 15, 2016 4:21:12 PM gui.warehouse_output.state.S020_AdviceNoteNumberScan doAction
INFOS: Advice not number scanned [12354] OK.
oct. 15, 2016 4:39:18 PM helper.Helper InitDailyDestPrintDir
INFOS: Print directory [.\print\2016_10_15] already exist!
Print sub directory [.\print\2016_10_15.\open_sheet] already exist!
Print sub directory [.\print\2016_10_15.\closing_sheet] already exist!
Print sub directory [.\print\2016_10_15.\picking_label] already exist!
Print sub directory [.\print\2016_10_15.\dispatch_label] already exist!

oct. 15, 2016 4:39:19 PM gui.warehouse_output.WAREHOUSE_OUT_UI0002_DISPATCH_SCAN loadBarcodeConfig
INFOS: FROM ConfigBarcode cb WHERE cb.keyWord IN (:keyWords) ORDER BY id ASC
oct. 15, 2016 4:39:36 PM gui.warehouse_output.WAREHOUSE_OUT_UI0003_PasswordRequest connect
INFOS: User Admin   / 9999 connected to host WSMA7040 at 2016-10-15 16:39:36 Dispatch interface : .
oct. 15, 2016 4:39:38 PM gui.warehouse_output.state.S020_AdviceNoteNumberScan doAction
INFOS: Advice not number scanned [32] OK.
oct. 15, 2016 4:39:48 PM gui.warehouse_output.state.S020_FORSBlScan doAction
INFOS: FORS Advice note number scanned [32131123] OK.
oct. 15, 2016 4:39:51 PM gui.warehouse_output.state.S030_FORSHpScan doAction
INFOS: FORS label harness part scanned [3216584] OK.
oct. 15, 2016 4:39:53 PM gui.warehouse_output.state.S040_FORSQtyScan doAction
INFOS: FORS label qty scanned [32111321] OK.
oct. 15, 2016 4:39:55 PM gui.warehouse_output.state.S050_FORSLabelIdScan doAction
INFOS: FORS label ID scanned [654654] OK.
oct. 15, 2016 4:39:57 PM gui.warehouse_output.state.S060_ProdHpScan doAction
INFOS: Harness part scanned [321321] OK.
oct. 15, 2016 4:39:59 PM gui.warehouse_output.state.S070_ProdQtyScan doAction
INFOS: Production label qty scanned [3211] OK.
oct. 15, 2016 4:40:02 PM gui.warehouse_output.state.S020_AdviceNoteNumberScan doAction
INFOS: Advice not number scanned [1321231] OK.
oct. 15, 2016 4:40:04 PM gui.warehouse_output.state.S020_FORSBlScan doAction
INFOS: FORS Advice note number scanned [3213] OK.
oct. 15, 2016 4:40:05 PM gui.warehouse_output.state.S030_FORSHpScan doAction
INFOS: FORS label harness part scanned [31] OK.
oct. 15, 2016 4:40:06 PM gui.warehouse_output.state.S040_FORSQtyScan doAction
INFOS: FORS label qty scanned [321] OK.
oct. 15, 2016 4:40:07 PM gui.warehouse_output.state.S050_FORSLabelIdScan doAction
INFOS: FORS label ID scanned [321] OK.
oct. 15, 2016 4:40:08 PM gui.warehouse_output.state.WarehouseOutHelper checkAdviceNoteNumFormat
INFOS: Numéro BL invalide [].
Le numéro BL ne doit contenir que des chiffres.
oct. 15, 2016 4:40:08 PM gui.warehouse_output.state.S060_ProdHpScan doAction
AVERTISSEMENT: Erreur Galia production. Référence faisceau invalide []. !
oct. 15, 2016 4:40:10 PM gui.warehouse_output.state.WarehouseOutHelper checkAdviceNoteNumFormat
INFOS: Numéro BL invalide [].
Le numéro BL ne doit contenir que des chiffres.
oct. 15, 2016 4:40:10 PM gui.warehouse_output.state.S060_ProdHpScan doAction
AVERTISSEMENT: Erreur Galia production. Référence faisceau invalide []. !
oct. 15, 2016 4:40:11 PM gui.warehouse_output.state.WarehouseOutHelper checkAdviceNoteNumFormat
INFOS: Numéro BL invalide [].
Le numéro BL ne doit contenir que des chiffres.
oct. 15, 2016 4:40:11 PM gui.warehouse_output.state.S060_ProdHpScan doAction
AVERTISSEMENT: Erreur Galia production. Référence faisceau invalide []. !
oct. 15, 2016 4:40:11 PM gui.warehouse_output.state.WarehouseOutHelper checkAdviceNoteNumFormat
INFOS: Numéro BL invalide [].
Le numéro BL ne doit contenir que des chiffres.
oct. 15, 2016 4:40:11 PM gui.warehouse_output.state.S060_ProdHpScan doAction
AVERTISSEMENT: Erreur Galia production. Référence faisceau invalide []. !
oct. 15, 2016 4:40:13 PM gui.warehouse_output.state.WarehouseOutHelper checkAdviceNoteNumFormat
INFOS: Numéro BL invalide [].
Le numéro BL ne doit contenir que des chiffres.
oct. 15, 2016 4:40:13 PM gui.warehouse_output.state.S060_ProdHpScan doAction
AVERTISSEMENT: Erreur Galia production. Référence faisceau invalide []. !
oct. 15, 2016 4:40:14 PM gui.warehouse_output.state.WarehouseOutHelper checkAdviceNoteNumFormat
INFOS: Numéro BL invalide [].
Le numéro BL ne doit contenir que des chiffres.
oct. 15, 2016 4:40:14 PM gui.warehouse_output.state.S060_ProdHpScan doAction
AVERTISSEMENT: Erreur Galia production. Référence faisceau invalide []. !
oct. 15, 2016 4:40:14 PM gui.warehouse_output.state.WarehouseOutHelper checkAdviceNoteNumFormat
INFOS: Numéro BL invalide [].
Le numéro BL ne doit contenir que des chiffres.
oct. 15, 2016 4:40:14 PM gui.warehouse_output.state.S060_ProdHpScan doAction
AVERTISSEMENT: Erreur Galia production. Référence faisceau invalide []. !
oct. 15, 2016 4:43:32 PM helper.Helper InitDailyDestPrintDir
INFOS: Print directory [.\print\2016_10_15] already exist!
Print sub directory [.\print\2016_10_15.\open_sheet] already exist!
Print sub directory [.\print\2016_10_15.\closing_sheet] already exist!
Print sub directory [.\print\2016_10_15.\picking_label] already exist!
Print sub directory [.\print\2016_10_15.\dispatch_label] already exist!

oct. 15, 2016 4:43:33 PM gui.warehouse_output.WAREHOUSE_OUT_UI0002_DISPATCH_SCAN loadBarcodeConfig
INFOS: FROM ConfigBarcode cb WHERE cb.keyWord IN (:keyWords) ORDER BY id ASC
oct. 15, 2016 4:43:42 PM gui.warehouse_output.state.S010_DispatchUserCodeScan doAction
INFOS: Invalid matricule number or account locked !
oct. 15, 2016 4:43:43 PM gui.warehouse_output.WAREHOUSE_OUT_UI0003_PasswordRequest connect
INFOS: User Admin   / 9999 connected to host WSMA7040 at 2016-10-15 16:43:43 Dispatch interface : .
oct. 15, 2016 6:59:40 PM helper.Helper InitDailyDestPrintDir
INFOS: Print directory [.\print\2016_10_15] already exist!
Print sub directory [.\print\2016_10_15.\open_sheet] already exist!
Print sub directory [.\print\2016_10_15.\closing_sheet] already exist!
Print sub directory [.\print\2016_10_15.\picking_label] already exist!
Print sub directory [.\print\2016_10_15.\dispatch_label] already exist!

oct. 15, 2016 6:59:45 PM gui.warehouse_output.WAREHOUSE_OUT_UI0002_DISPATCH_SCAN loadBarcodeConfig
INFOS: FROM ConfigBarcode cb WHERE cb.keyWord IN (:keyWords) ORDER BY id ASC
oct. 15, 2016 7:00:04 PM helper.Helper InitDailyDestPrintDir
INFOS: Print directory [.\print\2016_10_15] already exist!
Print sub directory [.\print\2016_10_15.\open_sheet] already exist!
Print sub directory [.\print\2016_10_15.\closing_sheet] already exist!
Print sub directory [.\print\2016_10_15.\picking_label] already exist!
Print sub directory [.\print\2016_10_15.\dispatch_label] already exist!

oct. 15, 2016 7:00:06 PM gui.warehouse_output.WAREHOUSE_OUT_UI0002_DISPATCH_SCAN loadBarcodeConfig
INFOS: FROM ConfigBarcode cb WHERE cb.keyWord IN (:keyWords) ORDER BY id ASC
oct. 15, 2016 7:00:12 PM gui.warehouse_output.WAREHOUSE_OUT_UI0003_PasswordRequest connect
INFOS: User Admin SMALL / 9999 connected to host O-EZZIOURI at 2016-10-15 19:00:12 Dispatch interface : .
oct. 15, 2016 7:51:02 PM gui.warehouse_output.WAREHOUSE_OUT_UI0002_DISPATCH_SCAN loadBarcodeConfig
INFOS: FROM ConfigBarcode cb WHERE cb.keyWord IN (:keyWords) ORDER BY id ASC
oct. 15, 2016 7:51:38 PM gui.warehouse_output.WAREHOUSE_OUT_UI0003_PasswordRequest connect
INFOS: User Admin ENGINE / 9999 connected to host O-EZZIOURI at 2016-10-15 19:51:38 Dispatch interface : .
oct. 15, 2016 7:51:39 PM gui.warehouse_output.state.S020_AdviceNoteNumberScan doAction
INFOS: Advice not number scanned [0] OK.
oct. 15, 2016 7:51:41 PM gui.warehouse_output.state.S020_FORSBlScan doAction
INFOS: FORS Advice note number scanned [321] OK.
oct. 15, 2016 7:51:43 PM gui.warehouse_output.state.S030_FORSHpScan doAction
INFOS: FORS label harness part scanned [321] OK.
oct. 15, 2016 7:51:43 PM gui.warehouse_output.state.WarehouseOutHelper checkAdviceNoteNumFormat
INFOS: Numéro BL invalide [].
Le numéro BL ne doit contenir que des chiffres.
oct. 15, 2016 7:51:43 PM gui.warehouse_output.state.S040_FORSQtyScan doAction
AVERTISSEMENT: Erreur Galia FORS. Quantité faisceau invalide [].
La quantité doit contenir que des chiffres !
oct. 15, 2016 7:51:45 PM gui.warehouse_output.state.S040_FORSQtyScan doAction
INFOS: FORS label qty scanned [1111] OK.
oct. 15, 2016 7:51:47 PM gui.warehouse_output.state.S050_FORSLabelIdScan doAction
INFOS: FORS label ID scanned [11111] OK.
oct. 15, 2016 7:51:49 PM gui.warehouse_output.state.S060_ProdHpScan doAction
INFOS: Harness part scanned [5465] OK.
oct. 15, 2016 7:51:50 PM gui.warehouse_output.state.S070_ProdQtyScan doAction
INFOS: Production label qty scanned [9684] OK.
oct. 15, 2016 7:51:52 PM gui.warehouse_output.state.S020_AdviceNoteNumberScan doAction
INFOS: Advice not number scanned [321] OK.
oct. 15, 2016 7:51:53 PM gui.warehouse_output.state.S020_FORSBlScan doAction
INFOS: FORS Advice note number scanned [321] OK.
oct. 15, 2016 7:51:54 PM gui.warehouse_output.state.S030_FORSHpScan doAction
INFOS: FORS label harness part scanned [654] OK.
oct. 15, 2016 7:51:55 PM gui.warehouse_output.state.S040_FORSQtyScan doAction
INFOS: FORS label qty scanned [684] OK.
oct. 15, 2016 7:51:57 PM gui.warehouse_output.state.S050_FORSLabelIdScan doAction
INFOS: FORS label ID scanned [9648] OK.
oct. 15, 2016 7:51:58 PM gui.warehouse_output.state.S060_ProdHpScan doAction
INFOS: Harness part scanned [321] OK.
oct. 15, 2016 7:51:59 PM gui.warehouse_output.state.S070_ProdQtyScan doAction
INFOS: Production label qty scanned [321] OK.
oct. 15, 2016 7:52:03 PM gui.warehouse_output.state.S020_AdviceNoteNumberScan doAction
INFOS: Advice not number scanned [4864] OK.
oct. 15, 2016 8:30:44 PM helper.Helper InitDailyDestPrintDir
INFOS: Print directory [.\print\2016_10_15] already exist!
Print sub directory [.\print\2016_10_15.\open_sheet] already exist!
Print sub directory [.\print\2016_10_15.\closing_sheet] already exist!
Print sub directory [.\print\2016_10_15.\picking_label] already exist!
Print sub directory [.\print\2016_10_15.\dispatch_label] already exist!

oct. 15, 2016 8:30:48 PM gui.warehouse_output.WAREHOUSE_OUT_UI0002_DISPATCH_SCAN loadBarcodeConfig
INFOS: FROM ConfigBarcode cb WHERE cb.keyWord IN (:keyWords) ORDER BY id ASC
oct. 15, 2016 8:30:52 PM helper.Helper InitDailyDestPrintDir
INFOS: nullPrint directory [.\print\2016_10_15] already exist!
Print sub directory [.\print\2016_10_15.\open_sheet] already exist!
Print sub directory [.\print\2016_10_15.\closing_sheet] already exist!
Print sub directory [.\print\2016_10_15.\picking_label] already exist!
Print sub directory [.\print\2016_10_15.\dispatch_label] already exist!

oct. 15, 2016 8:30:52 PM print.PrintDispatchNote_A4 sentToDefaultDesktopPrinter
INFOS: Sending [.\print\2016_10_15\.\dispatch_label\\PrintDispatchNote_A4_2016_10_15_20_30_52_1234.pdf] to the default printer...
oct. 15, 2016 8:30:54 PM print.PrintDispatchNote_A4 sentToDefaultDesktopPrinter
INFOS: File [.\print\2016_10_15\.\dispatch_label\\PrintDispatchNote_A4_2016_10_15_20_30_52_1234.pdf] has been printed.
oct. 15, 2016 8:30:54 PM helper.PrinterHelper saveAndPrintDispatchNote
INFOS: Document printed.
oct. 15, 2016 10:38:20 PM helper.Helper InitDailyDestPrintDir
INFOS: Print directory [.\print\2016_10_15] already exist!
Print sub directory [.\print\2016_10_15.\open_sheet] already exist!
Print sub directory [.\print\2016_10_15.\closing_sheet] already exist!
Print sub directory [.\print\2016_10_15.\picking_label] already exist!
Print sub directory [.\print\2016_10_15.\dispatch_label] already exist!

oct. 15, 2016 10:38:23 PM gui.warehouse_output.WAREHOUSE_OUT_UI0002_DISPATCH_SCAN loadBarcodeConfig
INFOS: FROM ConfigBarcode cb WHERE cb.keyWord IN (:keyWords) ORDER BY id ASC
oct. 15, 2016 10:38:29 PM gui.warehouse_output.WAREHOUSE_OUT_UI0003_PasswordRequest connect
INFOS: User Admin SMALL / 9999 connected to host O-EZZIOURI at 2016-10-15 22:38:29 Dispatch interface : .
oct. 15, 2016 10:38:36 PM gui.warehouse_output.state.S020_AdviceNoteNumberScan doAction
INFOS: Advice not number scanned [1845] OK.
oct. 15, 2016 10:39:18 PM helper.Helper InitDailyDestPrintDir
INFOS: Print directory [.\print\2016_10_15] already exist!
Print sub directory [.\print\2016_10_15.\open_sheet] already exist!
Print sub directory [.\print\2016_10_15.\closing_sheet] already exist!
Print sub directory [.\print\2016_10_15.\picking_label] already exist!
Print sub directory [.\print\2016_10_15.\dispatch_label] already exist!

oct. 15, 2016 10:39:19 PM gui.warehouse_output.WAREHOUSE_OUT_UI0002_DISPATCH_SCAN loadBarcodeConfig
INFOS: FROM ConfigBarcode cb WHERE cb.keyWord IN (:keyWords) ORDER BY id ASC
oct. 15, 2016 10:39:23 PM gui.warehouse_output.WAREHOUSE_OUT_UI0003_PasswordRequest connect
INFOS: User Admin ENGINE / 9999 connected to host O-EZZIOURI at 2016-10-15 22:39:23 Dispatch interface : .
oct. 15, 2016 10:39:28 PM gui.warehouse_output.state.S020_AdviceNoteNumberScan doAction
INFOS: Advice not number scanned [1845] OK.
oct. 15, 2016 10:39:32 PM gui.warehouse_output.state.S020_FORSBlScan doAction
AVERTISSEMENT: Numéro BL différence à celui scanné au début [3333].
oct. 15, 2016 10:39:38 PM gui.warehouse_output.state.S020_FORSBlScan doAction
AVERTISSEMENT: Numéro BL différence à celui scanné au début [313543].
oct. 15, 2016 10:39:40 PM gui.warehouse_output.state.WarehouseOutHelper checkAdviceNoteNumFormat
INFOS: Numéro BL invalide [Qxqsx].
Le numéro BL ne doit contenir que des chiffres.
oct. 15, 2016 10:39:40 PM gui.warehouse_output.state.S020_FORSBlScan doAction
AVERTISSEMENT: Numéro BL invalide [Qxqsx].
Le numéro BL ne doit contenir que des chiffres.
oct. 15, 2016 10:39:46 PM gui.warehouse_output.state.S020_FORSBlScan doAction
AVERTISSEMENT: Numéro BL différence à celui scanné au début [1845].
oct. 15, 2016 10:40:04 PM gui.warehouse_output.state.S020_FORSBlScan doAction
AVERTISSEMENT: Numéro BL différence à celui scanné au début [1845].
oct. 15, 2016 10:40:57 PM helper.Helper InitDailyDestPrintDir
INFOS: Print directory [.\print\2016_10_15] already exist!
Print sub directory [.\print\2016_10_15.\open_sheet] already exist!
Print sub directory [.\print\2016_10_15.\closing_sheet] already exist!
Print sub directory [.\print\2016_10_15.\picking_label] already exist!
Print sub directory [.\print\2016_10_15.\dispatch_label] already exist!

oct. 15, 2016 10:40:58 PM gui.warehouse_output.WAREHOUSE_OUT_UI0002_DISPATCH_SCAN loadBarcodeConfig
INFOS: FROM ConfigBarcode cb WHERE cb.keyWord IN (:keyWords) ORDER BY id ASC
oct. 15, 2016 10:41:01 PM gui.warehouse_output.WAREHOUSE_OUT_UI0003_PasswordRequest connect
INFOS: User Admin SMALL / 9999 connected to host O-EZZIOURI at 2016-10-15 22:41:01 Dispatch interface : .
oct. 15, 2016 10:41:07 PM gui.warehouse_output.state.S020_AdviceNoteNumberScan doAction
INFOS: Advice not number scanned [1845] OK.
oct. 15, 2016 10:41:10 PM gui.warehouse_output.state.S020_FORSBlScan doAction
AVERTISSEMENT: Numéro BL différence à celui scanné au début [1845].
oct. 15, 2016 10:42:17 PM helper.Helper InitDailyDestPrintDir
INFOS: Print directory [.\print\2016_10_15] already exist!
Print sub directory [.\print\2016_10_15.\open_sheet] already exist!
Print sub directory [.\print\2016_10_15.\closing_sheet] already exist!
Print sub directory [.\print\2016_10_15.\picking_label] already exist!
Print sub directory [.\print\2016_10_15.\dispatch_label] already exist!

oct. 15, 2016 10:42:19 PM gui.warehouse_output.WAREHOUSE_OUT_UI0002_DISPATCH_SCAN loadBarcodeConfig
INFOS: FROM ConfigBarcode cb WHERE cb.keyWord IN (:keyWords) ORDER BY id ASC
oct. 15, 2016 10:42:24 PM gui.warehouse_output.WAREHOUSE_OUT_UI0003_PasswordRequest connect
INFOS: User Admin ENGINE / 9999 connected to host O-EZZIOURI at 2016-10-15 22:42:24 Dispatch interface : .
oct. 15, 2016 10:42:27 PM gui.warehouse_output.state.S020_AdviceNoteNumberScan doAction
INFOS: Advice not number scanned [1845] OK.
oct. 15, 2016 10:42:29 PM gui.warehouse_output.state.S020_FORSBlScan doAction
AVERTISSEMENT: Numéro BL différence à celui scanné au début [1485].
oct. 15, 2016 10:42:32 PM gui.warehouse_output.state.S020_FORSBlScan doAction
AVERTISSEMENT: Numéro BL différence à celui scanné au début [1845].
oct. 15, 2016 10:43:49 PM helper.Helper InitDailyDestPrintDir
INFOS: Print directory [.\print\2016_10_15] already exist!
Print sub directory [.\print\2016_10_15.\open_sheet] already exist!
Print sub directory [.\print\2016_10_15.\closing_sheet] already exist!
Print sub directory [.\print\2016_10_15.\picking_label] already exist!
Print sub directory [.\print\2016_10_15.\dispatch_label] already exist!

oct. 15, 2016 10:43:50 PM gui.warehouse_output.WAREHOUSE_OUT_UI0002_DISPATCH_SCAN loadBarcodeConfig
INFOS: FROM ConfigBarcode cb WHERE cb.keyWord IN (:keyWords) ORDER BY id ASC
oct. 15, 2016 10:43:56 PM gui.warehouse_output.WAREHOUSE_OUT_UI0003_PasswordRequest connect
INFOS: User Admin SMALL / 9999 connected to host O-EZZIOURI at 2016-10-15 22:43:56 Dispatch interface : .
oct. 15, 2016 10:44:15 PM gui.warehouse_output.state.S020_AdviceNoteNumberScan doAction
INFOS: Advice not number scanned [1845] OK.
oct. 15, 2016 10:44:16 PM gui.warehouse_output.state.S020_FORSBlScan doAction
AVERTISSEMENT: Numéro BL différence à celui scanné au début [1845].
oct. 15, 2016 10:46:17 PM helper.Helper InitDailyDestPrintDir
INFOS: Print directory [.\print\2016_10_15] already exist!
Print sub directory [.\print\2016_10_15.\open_sheet] already exist!
Print sub directory [.\print\2016_10_15.\closing_sheet] already exist!
Print sub directory [.\print\2016_10_15.\picking_label] already exist!
Print sub directory [.\print\2016_10_15.\dispatch_label] already exist!

oct. 15, 2016 10:46:19 PM gui.warehouse_output.WAREHOUSE_OUT_UI0002_DISPATCH_SCAN loadBarcodeConfig
INFOS: FROM ConfigBarcode cb WHERE cb.keyWord IN (:keyWords) ORDER BY id ASC
oct. 15, 2016 10:46:23 PM gui.warehouse_output.WAREHOUSE_OUT_UI0003_PasswordRequest connect
INFOS: User Admin ENGINE / 9999 connected to host O-EZZIOURI at 2016-10-15 22:46:23 Dispatch interface : .
oct. 15, 2016 10:46:26 PM gui.warehouse_output.state.S020_AdviceNoteNumberScan doAction
INFOS: Advice not number scanned [1845] OK.
oct. 15, 2016 10:46:46 PM gui.warehouse_output.state.S020_FORSBlScan doAction
AVERTISSEMENT: Numéro BL différence à celui scanné au début [1845].
oct. 15, 2016 10:48:41 PM helper.Helper InitDailyDestPrintDir
INFOS: Print directory [.\print\2016_10_15] already exist!
Print sub directory [.\print\2016_10_15.\open_sheet] already exist!
Print sub directory [.\print\2016_10_15.\closing_sheet] already exist!
Print sub directory [.\print\2016_10_15.\picking_label] already exist!
Print sub directory [.\print\2016_10_15.\dispatch_label] already exist!

oct. 15, 2016 11:03:52 PM helper.Helper InitDailyDestPrintDir
INFOS: Print directory [.\print\2016_10_15] already exist!
Print sub directory [.\print\2016_10_15.\open_sheet] already exist!
Print sub directory [.\print\2016_10_15.\closing_sheet] already exist!
Print sub directory [.\print\2016_10_15.\picking_label] already exist!
Print sub directory [.\print\2016_10_15.\dispatch_label] already exist!

oct. 15, 2016 11:03:54 PM gui.warehouse_output.WAREHOUSE_OUT_UI0002_DISPATCH_SCAN loadBarcodeConfig
INFOS: FROM ConfigBarcode cb WHERE cb.keyWord IN (:keyWords) ORDER BY id ASC
oct. 15, 2016 11:03:57 PM gui.warehouse_output.WAREHOUSE_OUT_UI0003_PasswordRequest connect
INFOS: User Admin SMALL / 9999 connected to host O-EZZIOURI at 2016-10-15 23:03:57 Dispatch interface : .
oct. 15, 2016 11:03:59 PM gui.warehouse_output.state.S020_AdviceNoteNumberScan doAction
INFOS: Advice not number scanned [1845] OK.
oct. 15, 2016 11:04:02 PM gui.warehouse_output.state.S020_FORSBlScan doAction
AVERTISSEMENT: Numéro BL différence à celui scanné au début [1845].
oct. 15, 2016 11:05:43 PM helper.Helper InitDailyDestPrintDir
INFOS: Print directory [.\print\2016_10_15] already exist!
Print sub directory [.\print\2016_10_15.\open_sheet] already exist!
Print sub directory [.\print\2016_10_15.\closing_sheet] already exist!
Print sub directory [.\print\2016_10_15.\picking_label] already exist!
Print sub directory [.\print\2016_10_15.\dispatch_label] already exist!

oct. 15, 2016 11:05:44 PM gui.warehouse_output.WAREHOUSE_OUT_UI0002_DISPATCH_SCAN loadBarcodeConfig
INFOS: FROM ConfigBarcode cb WHERE cb.keyWord IN (:keyWords) ORDER BY id ASC
oct. 15, 2016 11:05:49 PM gui.warehouse_output.WAREHOUSE_OUT_UI0003_PasswordRequest connect
INFOS: User Admin ENGINE / 9999 connected to host O-EZZIOURI at 2016-10-15 23:05:49 Dispatch interface : .
oct. 15, 2016 11:05:53 PM gui.warehouse_output.state.S020_AdviceNoteNumberScan doAction
INFOS: Advice not number scanned [1845] OK.
oct. 15, 2016 11:05:56 PM gui.warehouse_output.state.S020_FORSBlScan doAction
AVERTISSEMENT: Numéro BL différence à celui scanné au début [1845].
oct. 15, 2016 11:06:04 PM gui.warehouse_output.state.S020_FORSBlScan doAction
AVERTISSEMENT: Numéro BL différence à celui scanné au début [1845].
oct. 15, 2016 11:06:53 PM helper.Helper InitDailyDestPrintDir
INFOS: Print directory [.\print\2016_10_15] already exist!
Print sub directory [.\print\2016_10_15.\open_sheet] already exist!
Print sub directory [.\print\2016_10_15.\closing_sheet] already exist!
Print sub directory [.\print\2016_10_15.\picking_label] already exist!
Print sub directory [.\print\2016_10_15.\dispatch_label] already exist!

oct. 15, 2016 11:06:54 PM gui.warehouse_output.WAREHOUSE_OUT_UI0002_DISPATCH_SCAN loadBarcodeConfig
INFOS: FROM ConfigBarcode cb WHERE cb.keyWord IN (:keyWords) ORDER BY id ASC
oct. 15, 2016 11:06:56 PM gui.warehouse_output.WAREHOUSE_OUT_UI0003_PasswordRequest connect
INFOS: User Admin SMALL / 9999 connected to host O-EZZIOURI at 2016-10-15 23:06:56 Dispatch interface : .
oct. 15, 2016 11:06:58 PM gui.warehouse_output.state.S020_AdviceNoteNumberScan doAction
INFOS: Advice not number scanned [1845] OK.
oct. 15, 2016 11:06:59 PM gui.warehouse_output.state.S020_FORSBlScan doAction
INFOS: FORS Advice note number scanned [1845] OK.
oct. 15, 2016 11:08:08 PM helper.Helper InitDailyDestPrintDir
INFOS: Print directory [.\print\2016_10_15] already exist!
Print sub directory [.\print\2016_10_15.\open_sheet] already exist!
Print sub directory [.\print\2016_10_15.\closing_sheet] already exist!
Print sub directory [.\print\2016_10_15.\picking_label] already exist!
Print sub directory [.\print\2016_10_15.\dispatch_label] already exist!

oct. 15, 2016 11:08:10 PM gui.warehouse_output.WAREHOUSE_OUT_UI0002_DISPATCH_SCAN loadBarcodeConfig
INFOS: FROM ConfigBarcode cb WHERE cb.keyWord IN (:keyWords) ORDER BY id ASC
oct. 15, 2016 11:08:18 PM gui.warehouse_output.WAREHOUSE_OUT_UI0003_PasswordRequest connect
INFOS: User Admin ENGINE / 9999 connected to host O-EZZIOURI at 2016-10-15 23:08:18 Dispatch interface : .
oct. 15, 2016 11:08:20 PM gui.warehouse_output.state.S020_AdviceNoteNumberScan doAction
INFOS: Advice not number scanned [1845] OK.
oct. 15, 2016 11:08:22 PM gui.warehouse_output.state.S020_FORSBlScan doAction
INFOS: FORS Advice note number scanned [1845] OK.
oct. 15, 2016 11:12:09 PM helper.Helper InitDailyDestPrintDir
INFOS: Print directory [.\print\2016_10_15] already exist!
Print sub directory [.\print\2016_10_15.\open_sheet] already exist!
Print sub directory [.\print\2016_10_15.\closing_sheet] already exist!
Print sub directory [.\print\2016_10_15.\picking_label] already exist!
Print sub directory [.\print\2016_10_15.\dispatch_label] already exist!

oct. 15, 2016 11:12:24 PM gui.warehouse_output.WAREHOUSE_OUT_UI0002_DISPATCH_SCAN loadBarcodeConfig
INFOS: FROM ConfigBarcode cb WHERE cb.keyWord IN (:keyWords) ORDER BY id ASC
oct. 15, 2016 11:12:35 PM gui.warehouse_output.WAREHOUSE_OUT_UI0003_PasswordRequest connect
INFOS: User Admin SMALL / 9999 connected to host O-EZZIOURI at 2016-10-15 23:12:35 Dispatch interface : .
oct. 15, 2016 11:12:37 PM gui.warehouse_output.state.S020_AdviceNoteNumberScan doAction
INFOS: Advice not number scanned [1845] OK.
oct. 15, 2016 11:12:39 PM gui.warehouse_output.state.S020_FORSBlScan doAction
AVERTISSEMENT: Numéro BL différence à celui scanné au début [22].
oct. 15, 2016 11:12:41 PM gui.warehouse_output.state.WarehouseOutHelper checkAdviceNoteNumFormat
INFOS: Numéro BL invalide [mlkm].
Le numéro BL ne doit contenir que des chiffres.
oct. 15, 2016 11:12:41 PM gui.warehouse_output.state.S020_FORSBlScan doAction
AVERTISSEMENT: Numéro BL invalide [mlkm].
Le numéro BL ne doit contenir que des chiffres.
oct. 15, 2016 11:12:44 PM gui.warehouse_output.state.S020_FORSBlScan doAction
INFOS: FORS Advice note number scanned [1845] OK.
oct. 15, 2016 11:12:52 PM gui.warehouse_output.state.WarehouseOutHelper checkForsHpFormat
INFOS: Erreur Galia FORS. Référence faisceau invalide [wsdwsd]. !
oct. 15, 2016 11:12:52 PM gui.warehouse_output.state.S030_FORSHpScan doAction
AVERTISSEMENT: Erreur Galia FORS. Référence faisceau invalide [wsdwsd]. !
oct. 15, 2016 11:12:55 PM gui.warehouse_output.state.WarehouseOutHelper checkForsHpFormat
INFOS: Erreur Galia FORS. Référence faisceau invalide [1231]. !
oct. 15, 2016 11:12:55 PM gui.warehouse_output.state.S030_FORSHpScan doAction
AVERTISSEMENT: Erreur Galia FORS. Référence faisceau invalide [1231]. !
oct. 15, 2016 11:13:01 PM gui.warehouse_output.state.S030_FORSHpScan doAction
INFOS: FORS label harness part scanned [12345678] OK.
oct. 15, 2016 11:13:04 PM gui.warehouse_output.state.WarehouseOutHelper checkForsQtyFormat
INFOS: Erreur Galia FORS. Quantité faisceau invalide [qsq].
La quantité doit contenir que des chiffres !
oct. 15, 2016 11:13:04 PM gui.warehouse_output.state.S040_FORSQtyScan doAction
AVERTISSEMENT: Erreur Galia FORS. Quantité faisceau invalide [qsq].
La quantité doit contenir que des chiffres !
oct. 15, 2016 11:13:07 PM gui.warehouse_output.state.WarehouseOutHelper checkForsQtyFormat
INFOS: Erreur Galia FORS. Quantité faisceau invalide [qsdqsd].
La quantité doit contenir que des chiffres !
oct. 15, 2016 11:13:08 PM gui.warehouse_output.state.S040_FORSQtyScan doAction
AVERTISSEMENT: Erreur Galia FORS. Quantité faisceau invalide [qsdqsd].
La quantité doit contenir que des chiffres !
oct. 15, 2016 11:13:10 PM gui.warehouse_output.state.S040_FORSQtyScan doAction
INFOS: FORS label qty scanned [6] OK.
oct. 15, 2016 11:13:12 PM gui.warehouse_output.state.WarehouseOutHelper checkForsIdFormat
INFOS: Numéro BL invalide [3232].
Le numéro BL ne doit contenir que des chiffres.
oct. 15, 2016 11:13:12 PM gui.warehouse_output.state.S050_FORSLabelIdScan doAction
AVERTISSEMENT: Erreur Galia FORS. Numéro série invalide du Galia FORS [3232].
Le N° de série doit contenir que des chiffres !
oct. 15, 2016 11:13:14 PM gui.warehouse_output.state.WarehouseOutHelper checkForsIdFormat
INFOS: Numéro BL invalide [qsqs].
Le numéro BL ne doit contenir que des chiffres.
oct. 15, 2016 11:13:14 PM gui.warehouse_output.state.S050_FORSLabelIdScan doAction
AVERTISSEMENT: Erreur Galia FORS. Numéro série invalide du Galia FORS [qsqs].
Le N° de série doit contenir que des chiffres !
oct. 15, 2016 11:13:17 PM gui.warehouse_output.state.WarehouseOutHelper checkForsIdFormat
INFOS: Numéro BL invalide [123q].
Le numéro BL ne doit contenir que des chiffres.
oct. 15, 2016 11:13:17 PM gui.warehouse_output.state.S050_FORSLabelIdScan doAction
AVERTISSEMENT: Erreur Galia FORS. Numéro série invalide du Galia FORS [123q].
Le N° de série doit contenir que des chiffres !
oct. 15, 2016 11:13:21 PM gui.warehouse_output.state.S050_FORSLabelIdScan doAction
INFOS: FORS label ID scanned [123456789] OK.
oct. 15, 2016 11:13:28 PM gui.warehouse_output.state.S060_ProdHpScan doAction
AVERTISSEMENT: Référence faisceau Galia production différente de celle du Galia FORS.
oct. 15, 2016 11:13:41 PM gui.warehouse_output.state.WarehouseOutHelper checkProdcutionHpFormat
INFOS: Erreur Galia production. Référence faisceau invalide [12345678q]. !
oct. 15, 2016 11:13:41 PM gui.warehouse_output.state.S060_ProdHpScan doAction
AVERTISSEMENT: Erreur Galia production. Référence faisceau invalide [12345678q]. !
oct. 15, 2016 11:13:43 PM gui.warehouse_output.state.S060_ProdHpScan doAction
AVERTISSEMENT: Référence faisceau Galia production différente de celle du Galia FORS.
oct. 15, 2016 11:13:54 PM gui.warehouse_output.state.WarehouseOutHelper checkProdcutionHpFormat
INFOS: Erreur Galia production. Référence faisceau invalide [123456789]. !
oct. 15, 2016 11:13:54 PM gui.warehouse_output.state.S060_ProdHpScan doAction
AVERTISSEMENT: Erreur Galia production. Référence faisceau invalide [123456789]. !
oct. 15, 2016 11:13:58 PM gui.warehouse_output.state.S060_ProdHpScan doAction
AVERTISSEMENT: Référence faisceau Galia production différente de celle du Galia FORS.
oct. 15, 2016 11:14:55 PM helper.Helper InitDailyDestPrintDir
INFOS: Print directory [.\print\2016_10_15] already exist!
Print sub directory [.\print\2016_10_15.\open_sheet] already exist!
Print sub directory [.\print\2016_10_15.\closing_sheet] already exist!
Print sub directory [.\print\2016_10_15.\picking_label] already exist!
Print sub directory [.\print\2016_10_15.\dispatch_label] already exist!

oct. 15, 2016 11:14:56 PM gui.warehouse_output.WAREHOUSE_OUT_UI0002_DISPATCH_SCAN loadBarcodeConfig
INFOS: FROM ConfigBarcode cb WHERE cb.keyWord IN (:keyWords) ORDER BY id ASC
oct. 15, 2016 11:15:00 PM gui.warehouse_output.WAREHOUSE_OUT_UI0003_PasswordRequest connect
INFOS: User Admin ENGINE / 9999 connected to host O-EZZIOURI at 2016-10-15 23:15:00 Dispatch interface : .
oct. 15, 2016 11:15:05 PM gui.warehouse_output.state.S020_AdviceNoteNumberScan doAction
INFOS: Advice not number scanned [1845] OK.
oct. 15, 2016 11:15:08 PM gui.warehouse_output.state.S020_FORSBlScan doAction
INFOS: FORS Advice note number scanned [1845] OK.
oct. 15, 2016 11:15:11 PM gui.warehouse_output.state.WarehouseOutHelper checkForsHpFormat
INFOS: Erreur Galia FORS. Référence faisceau invalide [321654]. !
oct. 15, 2016 11:15:11 PM gui.warehouse_output.state.S030_FORSHpScan doAction
AVERTISSEMENT: Erreur Galia FORS. Référence faisceau invalide [321654]. !
oct. 15, 2016 11:15:13 PM gui.warehouse_output.state.S030_FORSHpScan doAction
INFOS: FORS label harness part scanned [12345678] OK.
oct. 15, 2016 11:15:15 PM gui.warehouse_output.state.S040_FORSQtyScan doAction
INFOS: FORS label qty scanned [5] OK.
oct. 15, 2016 11:15:18 PM gui.warehouse_output.state.S050_FORSLabelIdScan doAction
INFOS: FORS label ID scanned [123456789] OK.
oct. 15, 2016 11:15:20 PM gui.warehouse_output.state.S060_ProdHpScan doAction
INFOS: Harness part scanned [12345678] OK.
oct. 15, 2016 11:15:23 PM gui.warehouse_output.state.WarehouseOutHelper checkProdcutionQtyFormat
INFOS: Erreur Galia production. Quantité faisceau invalide [qsqsqs].
La quantité doit commencé par la lettre Q (ex: Q50) !
oct. 15, 2016 11:15:23 PM gui.warehouse_output.state.S070_ProdQtyScan doAction
AVERTISSEMENT: Erreur Galia production. Quantité faisceau invalide [qsqsqs].
La quantité doit commencé par la lettre Q (ex: Q50) !
oct. 15, 2016 11:15:25 PM gui.warehouse_output.state.WarehouseOutHelper checkProdcutionQtyFormat
INFOS: Erreur Galia production. Quantité faisceau invalide [qsqs].
La quantité doit commencé par la lettre Q (ex: Q50) !
oct. 15, 2016 11:15:25 PM gui.warehouse_output.state.S070_ProdQtyScan doAction
AVERTISSEMENT: Erreur Galia production. Quantité faisceau invalide [qsqs].
La quantité doit commencé par la lettre Q (ex: Q50) !
oct. 15, 2016 11:15:30 PM gui.warehouse_output.state.S070_ProdQtyScan doAction
INFOS: Production label qty scanned [Q24] OK.
oct. 15, 2016 11:17:31 PM helper.Helper InitDailyDestPrintDir
INFOS: Print directory [.\print\2016_10_15] already exist!
Print sub directory [.\print\2016_10_15.\open_sheet] already exist!
Print sub directory [.\print\2016_10_15.\closing_sheet] already exist!
Print sub directory [.\print\2016_10_15.\picking_label] already exist!
Print sub directory [.\print\2016_10_15.\dispatch_label] already exist!

oct. 15, 2016 11:17:32 PM gui.warehouse_output.WAREHOUSE_OUT_UI0002_DISPATCH_SCAN loadBarcodeConfig
INFOS: FROM ConfigBarcode cb WHERE cb.keyWord IN (:keyWords) ORDER BY id ASC
oct. 15, 2016 11:17:34 PM gui.warehouse_output.WAREHOUSE_OUT_UI0003_PasswordRequest connect
INFOS: User Admin SMALL / 9999 connected to host O-EZZIOURI at 2016-10-15 23:17:34 Dispatch interface : .
oct. 15, 2016 11:17:37 PM gui.warehouse_output.state.S020_AdviceNoteNumberScan doAction
INFOS: Advice not number scanned [2222] OK.
oct. 15, 2016 11:17:38 PM gui.warehouse_output.state.S020_FORSBlScan doAction
INFOS: FORS Advice note number scanned [2222] OK.
oct. 15, 2016 11:17:41 PM gui.warehouse_output.state.S030_FORSHpScan doAction
INFOS: FORS label harness part scanned [11111111] OK.
oct. 15, 2016 11:17:46 PM gui.warehouse_output.state.WarehouseOutHelper checkForsQtyFormat
INFOS: Erreur Galia FORS. Quantité faisceau invalide [m].
La quantité doit contenir que des chiffres !
oct. 15, 2016 11:17:46 PM gui.warehouse_output.state.S040_FORSQtyScan doAction
AVERTISSEMENT: Erreur Galia FORS. Quantité faisceau invalide [m].
La quantité doit contenir que des chiffres !
oct. 15, 2016 11:17:50 PM gui.warehouse_output.state.WarehouseOutHelper checkForsQtyFormat
INFOS: Erreur Galia FORS. Quantité faisceau invalide [.].
La quantité doit contenir que des chiffres !
oct. 15, 2016 11:17:50 PM gui.warehouse_output.state.S040_FORSQtyScan doAction
AVERTISSEMENT: Erreur Galia FORS. Quantité faisceau invalide [.].
La quantité doit contenir que des chiffres !
oct. 15, 2016 11:17:52 PM gui.warehouse_output.state.S040_FORSQtyScan doAction
INFOS: FORS label qty scanned [100] OK.
oct. 15, 2016 11:17:59 PM gui.warehouse_output.state.WarehouseOutHelper checkForsIdFormat
INFOS: Numéro BL invalide [6547987987].
Le numéro BL ne doit contenir que des chiffres.
oct. 15, 2016 11:17:59 PM gui.warehouse_output.state.S050_FORSLabelIdScan doAction
AVERTISSEMENT: Erreur Galia FORS. Numéro série invalide du Galia FORS [6547987987].
Le N° de série doit contenir que des chiffres !
oct. 15, 2016 11:18:02 PM gui.warehouse_output.state.S050_FORSLabelIdScan doAction
INFOS: FORS label ID scanned [132456789] OK.
oct. 15, 2016 11:18:13 PM gui.warehouse_output.state.S060_ProdHpScan doAction
INFOS: Harness part scanned [11111111] OK.
oct. 15, 2016 11:18:17 PM gui.warehouse_output.state.WarehouseOutHelper checkProdcutionQtyFormat
INFOS: Erreur Galia production. Quantité faisceau invalide [q24].
La quantité doit commencé par la lettre Q (ex: Q50) !
oct. 15, 2016 11:18:17 PM gui.warehouse_output.state.S070_ProdQtyScan doAction
AVERTISSEMENT: Erreur Galia production. Quantité faisceau invalide [q24].
La quantité doit commencé par la lettre Q (ex: Q50) !
oct. 15, 2016 11:18:22 PM gui.warehouse_output.state.S070_ProdQtyScan doAction
INFOS: Production label qty scanned [Q24] OK.
oct. 15, 2016 11:37:31 PM helper.Helper InitDailyDestPrintDir
INFOS: Print directory [.\print\2016_10_15] already exist!
Print sub directory [.\print\2016_10_15.\open_sheet] already exist!
Print sub directory [.\print\2016_10_15.\closing_sheet] already exist!
Print sub directory [.\print\2016_10_15.\picking_label] already exist!
Print sub directory [.\print\2016_10_15.\dispatch_label] already exist!

oct. 15, 2016 11:37:33 PM gui.warehouse_output.WAREHOUSE_OUT_UI0002_DISPATCH_SCAN loadBarcodeConfig
INFOS: FROM ConfigBarcode cb WHERE cb.keyWord IN (:keyWords) ORDER BY id ASC
oct. 15, 2016 11:37:50 PM gui.warehouse_output.WAREHOUSE_OUT_UI0003_PasswordRequest connect
INFOS: User Admin ENGINE / 9999 connected to host O-EZZIOURI at 2016-10-15 23:37:50 Dispatch interface : .
oct. 15, 2016 11:37:56 PM gui.warehouse_output.state.S020_AdviceNoteNumberScan doAction
INFOS: Advice not number scanned [1845] OK.
oct. 15, 2016 11:38:02 PM gui.warehouse_output.state.S020_FORSBlScan doAction
AVERTISSEMENT: Numéro BL différence à celui scanné au début [5648].
oct. 15, 2016 11:38:05 PM gui.warehouse_output.state.S020_FORSBlScan doAction
INFOS: FORS Advice note number scanned [1845] OK.
oct. 15, 2016 11:38:15 PM gui.warehouse_output.state.WarehouseOutHelper checkForsHpFormat
INFOS: Erreur Galia FORS. Référence faisceau invalide [1845]. !
oct. 15, 2016 11:38:15 PM gui.warehouse_output.state.S030_FORSHpScan doAction
AVERTISSEMENT: Erreur Galia FORS. Référence faisceau invalide [1845]. !
oct. 15, 2016 11:40:58 PM helper.Helper InitDailyDestPrintDir
INFOS: Print directory [.\print\2016_10_15] already exist!
Print sub directory [.\print\2016_10_15.\open_sheet] already exist!
Print sub directory [.\print\2016_10_15.\closing_sheet] already exist!
Print sub directory [.\print\2016_10_15.\picking_label] already exist!
Print sub directory [.\print\2016_10_15.\dispatch_label] already exist!

oct. 15, 2016 11:40:59 PM gui.warehouse_output.WAREHOUSE_OUT_UI0002_DISPATCH_SCAN loadBarcodeConfig
INFOS: FROM ConfigBarcode cb WHERE cb.keyWord IN (:keyWords) ORDER BY id ASC
oct. 15, 2016 11:41:03 PM gui.warehouse_output.WAREHOUSE_OUT_UI0003_PasswordRequest connect
INFOS: User Admin SMALL / 9999 connected to host O-EZZIOURI at 2016-10-15 23:41:03 Dispatch interface : .
oct. 15, 2016 11:41:06 PM gui.warehouse_output.state.S020_AdviceNoteNumberScan doAction
INFOS: Advice not number scanned [5555] OK.
oct. 15, 2016 11:41:10 PM gui.warehouse_output.state.S020_FORSBlScan doAction
INFOS: FORS Advice note number scanned [5555] OK.
oct. 15, 2016 11:41:15 PM gui.warehouse_output.state.S020_FORSBlScan doAction
INFOS: FORS Advice note number scanned [5555] OK.
oct. 15, 2016 11:41:20 PM gui.warehouse_output.state.WarehouseOutHelper checkForsHpFormat
INFOS: Erreur Galia FORS. Référence faisceau invalide [987987]. !
oct. 15, 2016 11:41:20 PM gui.warehouse_output.state.S030_FORSHpScan doAction
AVERTISSEMENT: Erreur Galia FORS. Référence faisceau invalide [987987]. !
oct. 15, 2016 11:41:29 PM gui.warehouse_output.state.S020_FORSBlScan doAction
INFOS: FORS Advice note number scanned [5555] OK.
oct. 15, 2016 11:41:36 PM gui.warehouse_output.state.S030_FORSHpScan doAction
INFOS: FORS label harness part scanned [12345678] OK.
oct. 15, 2016 11:41:40 PM gui.warehouse_output.state.S020_FORSBlScan doAction
INFOS: FORS Advice note number scanned [5555] OK.
oct. 15, 2016 11:46:09 PM helper.Helper InitDailyDestPrintDir
INFOS: Print directory [.\print\2016_10_15] already exist!
Print sub directory [.\print\2016_10_15.\open_sheet] already exist!
Print sub directory [.\print\2016_10_15.\closing_sheet] already exist!
Print sub directory [.\print\2016_10_15.\picking_label] already exist!
Print sub directory [.\print\2016_10_15.\dispatch_label] already exist!

oct. 15, 2016 11:46:11 PM gui.warehouse_output.WAREHOUSE_OUT_UI0002_DISPATCH_SCAN loadBarcodeConfig
INFOS: FROM ConfigBarcode cb WHERE cb.keyWord IN (:keyWords) ORDER BY id ASC
oct. 15, 2016 11:47:04 PM helper.Helper InitDailyDestPrintDir
INFOS: Print directory [.\print\2016_10_15] already exist!
Print sub directory [.\print\2016_10_15.\open_sheet] already exist!
Print sub directory [.\print\2016_10_15.\closing_sheet] already exist!
Print sub directory [.\print\2016_10_15.\picking_label] already exist!
Print sub directory [.\print\2016_10_15.\dispatch_label] already exist!

oct. 15, 2016 11:47:06 PM gui.warehouse_output.WAREHOUSE_OUT_UI0002_DISPATCH_SCAN loadBarcodeConfig
INFOS: FROM ConfigBarcode cb WHERE cb.keyWord IN (:keyWords) ORDER BY id ASC
oct. 15, 2016 11:47:10 PM gui.warehouse_output.WAREHOUSE_OUT_UI0003_PasswordRequest connect
INFOS: User Admin ENGINE / 9999 connected to host O-EZZIOURI at 2016-10-15 23:47:10 Dispatch interface : .
oct. 15, 2016 11:47:18 PM gui.warehouse_output.WAREHOUSE_OUT_UI0003_PasswordRequest connect
INFOS: User Admin SMALL / 9999 connected to host O-EZZIOURI at 2016-10-15 23:47:18 Dispatch interface : .
oct. 15, 2016 11:47:23 PM gui.warehouse_output.state.S020_AdviceNoteNumberScan doAction
INFOS: Advice not number scanned [5555] OK.
oct. 15, 2016 11:47:26 PM gui.warehouse_output.state.S020_FORSBlScan doAction
INFOS: FORS Advice note number scanned [5555] OK.
oct. 15, 2016 11:47:29 PM gui.warehouse_output.state.S030_FORSHpScan doAction
INFOS: FORS label harness part scanned [12345678] OK.
oct. 15, 2016 11:47:32 PM gui.warehouse_output.state.S040_FORSQtyScan doAction
INFOS: FORS label qty scanned [6] OK.
oct. 15, 2016 11:47:34 PM gui.warehouse_output.state.S050_FORSLabelIdScan doAction
INFOS: FORS label ID scanned [123456789] OK.
oct. 15, 2016 11:47:38 PM gui.warehouse_output.state.S060_ProdHpScan doAction
AVERTISSEMENT: Référence faisceau Galia production différente de celle du Galia FORS.
oct. 15, 2016 11:47:41 PM gui.warehouse_output.state.S060_ProdHpScan doAction
INFOS: Harness part scanned [12345678] OK.
oct. 15, 2016 11:47:45 PM gui.warehouse_output.state.WarehouseOutHelper checkProdcutionQtyFormat
INFOS: Erreur Galia production. Quantité faisceau invalide [6].
La quantité doit commencé par la lettre Q (ex: Q50) !
oct. 15, 2016 11:47:45 PM gui.warehouse_output.state.S070_ProdQtyScan doAction
AVERTISSEMENT: Erreur Galia production. Quantité faisceau invalide [6].
La quantité doit commencé par la lettre Q (ex: Q50) !
oct. 15, 2016 11:47:52 PM gui.warehouse_output.state.S070_ProdQtyScan doAction
INFOS: Production label qty scanned [Q50] OK.
oct. 15, 2016 11:49:12 PM helper.Helper InitDailyDestPrintDir
INFOS: Print directory [.\print\2016_10_15] already exist!
Print sub directory [.\print\2016_10_15.\open_sheet] already exist!
Print sub directory [.\print\2016_10_15.\closing_sheet] already exist!
Print sub directory [.\print\2016_10_15.\picking_label] already exist!
Print sub directory [.\print\2016_10_15.\dispatch_label] already exist!

oct. 15, 2016 11:49:14 PM gui.warehouse_output.WAREHOUSE_OUT_UI0002_DISPATCH_SCAN loadBarcodeConfig
INFOS: FROM ConfigBarcode cb WHERE cb.keyWord IN (:keyWords) ORDER BY id ASC
oct. 15, 2016 11:49:17 PM gui.warehouse_output.WAREHOUSE_OUT_UI0003_PasswordRequest connect
INFOS: User Admin ENGINE / 9999 connected to host O-EZZIOURI at 2016-10-15 23:49:17 Dispatch interface : .
oct. 15, 2016 11:49:19 PM gui.warehouse_output.state.S020_AdviceNoteNumberScan doAction
INFOS: Advice not number scanned [1234] OK.
oct. 15, 2016 11:49:21 PM gui.warehouse_output.state.S020_FORSBlScan doAction
INFOS: FORS Advice note number scanned [1234] OK.
oct. 15, 2016 11:49:23 PM gui.warehouse_output.state.S030_FORSHpScan doAction
INFOS: FORS label harness part scanned [13245678] OK.
oct. 15, 2016 11:49:25 PM gui.warehouse_output.state.S040_FORSQtyScan doAction
INFOS: FORS label qty scanned [6] OK.
oct. 15, 2016 11:49:28 PM gui.warehouse_output.state.S050_FORSLabelIdScan doAction
INFOS: FORS label ID scanned [123456789] OK.
oct. 15, 2016 11:49:32 PM gui.warehouse_output.state.S060_ProdHpScan doAction
INFOS: Harness part scanned [13245678] OK.
oct. 15, 2016 11:49:37 PM gui.warehouse_output.state.S070_ProdQtyScan doAction
AVERTISSEMENT: Quantité Galia production différente de celle du Galia FORS.
oct. 15, 2016 11:49:41 PM gui.warehouse_output.state.S070_ProdQtyScan doAction
INFOS: Production label qty scanned [Q6] OK.
