févr. 04, 2016 7:05:29 AM classes.Helper InitDailyDestPrintDir
INFOS: Print directory [.\print\2016_04_02] is created!
Print sub directory [.\print\2016_04_02.\pallet] is created!
Print sub directory [.\print\2016_04_02.\galia] is created!

févr. 04, 2016 7:26:04 AM classes.Helper InitDailyDestPrintDir
INFOS: Print directory [.\print\2016_04_02] already exist!
Print sub directory [.\print\2016_04_02.\pallet] already exist!
Print sub directory [.\print\2016_04_02.\galia] already exist!

févr. 04, 2016 7:27:30 AM classes.Helper InitDailyDestPrintDir
INFOS: Print directory [.\print\2016_04_02] already exist!
Print sub directory [.\print\2016_04_02.\pallet] already exist!
Print sub directory [.\print\2016_04_02.\galia] already exist!

févr. 04, 2016 7:27:58 AM classes.Helper InitDailyDestPrintDir
INFOS: Print directory [.\print\2016_04_02] already exist!
Print sub directory [.\print\2016_04_02.\pallet] already exist!
Print sub directory [.\print\2016_04_02.\galia] already exist!

févr. 04, 2016 7:28:10 AM classes.Helper InitDailyDestPrintDir
INFOS: Print directory [.\print\2016_04_02] already exist!
Print sub directory [.\print\2016_04_02.\pallet] already exist!
Print sub directory [.\print\2016_04_02.\galia] already exist!

févr. 04, 2016 7:28:55 AM classes.Helper InitDailyDestPrintDir
INFOS: Print directory [.\print\2016_04_02] already exist!
Print sub directory [.\print\2016_04_02.\pallet] already exist!
Print sub directory [.\print\2016_04_02.\galia] already exist!

févr. 04, 2016 7:30:14 AM classes.Helper InitDailyDestPrintDir
INFOS: Print directory [.\print\2016_04_02] already exist!
Print sub directory [.\print\2016_04_02.\pallet] already exist!
Print sub directory [.\print\2016_04_02.\galia] already exist!

févr. 04, 2016 7:35:17 AM classes.Helper InitDailyDestPrintDir
INFOS: Print directory [.\print\2016_04_02] already exist!
Print sub directory [.\print\2016_04_02.\pallet] already exist!
Print sub directory [.\print\2016_04_02.\galia] already exist!

févr. 04, 2016 7:35:23 AM gui.UI0000_Login scan_txtboxKeyPressed
DÉSACTIVÉ: FROM BaseUser bu WHERE bu.login = :login
févr. 04, 2016 7:35:23 AM gui.UI0000_Login scan_txtboxKeyPressed
INFOS: User Oussama EZZIOURI / 1001 connected to host user-PC at 2016-04-02 07:35:17.
févr. 04, 2016 7:38:17 AM classes.Helper InitDailyDestPrintDir
INFOS: Print directory [.\print\2016_04_02] already exist!
Print sub directory [.\print\2016_04_02.\pallet] already exist!
Print sub directory [.\print\2016_04_02.\galia] already exist!

févr. 04, 2016 7:38:22 AM gui.UI0000_Login scan_txtboxKeyPressed
DÉSACTIVÉ: FROM BaseUser bu WHERE bu.login = :login
févr. 04, 2016 7:38:22 AM gui.UI0000_Login scan_txtboxKeyPressed
INFOS: User Oussama EZZIOURI / 1001 connected to host user-PC at 2016-04-02 07:38:17.
févr. 04, 2016 8:05:16 AM classes.Helper InitDailyDestPrintDir
INFOS: Print directory [.\print\2016_04_02] already exist!
Print sub directory [.\print\2016_04_02.\pallet] already exist!
Print sub directory [.\print\2016_04_02.\galia] already exist!

févr. 04, 2016 8:05:22 AM gui.UI0000_Login scan_txtboxKeyPressed
DÉSACTIVÉ: FROM BaseUser bu WHERE bu.login = :login
févr. 04, 2016 8:05:22 AM gui.UI0000_Login scan_txtboxKeyPressed
INFOS: User Oussama EZZIOURI / 1001 connected to host user-PC at 2016-04-02 08:05:16.
févr. 04, 2016 8:06:01 AM classes.Helper InitDailyDestPrintDir
INFOS: Print directory [.\print\2016_04_02] already exist!
Print sub directory [.\print\2016_04_02.\pallet] already exist!
Print sub directory [.\print\2016_04_02.\galia] already exist!

févr. 04, 2016 8:06:07 AM gui.UI0000_Login scan_txtboxKeyPressed
DÉSACTIVÉ: FROM BaseUser bu WHERE bu.login = :login
févr. 04, 2016 8:06:07 AM gui.UI0000_Login scan_txtboxKeyPressed
INFOS: User Oussama EZZIOURI / 1001 connected to host user-PC at 2016-04-02 08:06:01.
févr. 04, 2016 4:45:17 PM classes.Helper InitDailyDestPrintDir
INFOS: Print directory [.\print\2016_04_02] already exist!
Print sub directory [.\print\2016_04_02.\pallet] already exist!
Print sub directory [.\print\2016_04_02.\galia] already exist!

févr. 04, 2016 4:48:46 PM classes.Helper InitDailyDestPrintDir
INFOS: Print directory [.\print\2016_04_02] already exist!
Print sub directory [.\print\2016_04_02.\pallet] already exist!
Print sub directory [.\print\2016_04_02.\galia] already exist!

févr. 04, 2016 5:08:38 PM classes.Helper InitDailyDestPrintDir
INFOS: Print directory [.\print\2016_04_02] already exist!
Print sub directory [.\print\2016_04_02.\pallet] already exist!
Print sub directory [.\print\2016_04_02.\galia] already exist!

févr. 04, 2016 5:10:54 PM classes.Helper InitDailyDestPrintDir
INFOS: Print directory [.\print\2016_04_02] already exist!
Print sub directory [.\print\2016_04_02.\pallet] already exist!
Print sub directory [.\print\2016_04_02.\galia] already exist!

févr. 04, 2016 5:10:58 PM gui.UI0000_Login scan_txtboxKeyPressed
DÉSACTIVÉ: FROM BaseUser bu WHERE bu.login = :login
févr. 04, 2016 5:10:59 PM gui.UI0000_Login scan_txtboxKeyPressed
INFOS: User Oussama EZZIOURI / 1001 connected to host WSMA7165 at 2016-04-02 17:10:53.
févr. 04, 2016 5:49:03 PM classes.Helper InitDailyDestPrintDir
INFOS: Print directory [.\print\2016_04_02] already exist!
Print sub directory [.\print\2016_04_02.\pallet] already exist!
Print sub directory [.\print\2016_04_02.\galia] already exist!

févr. 04, 2016 5:54:29 PM classes.Helper InitDailyDestPrintDir
INFOS: Print directory [.\print\2016_04_02] already exist!
Print sub directory [.\print\2016_04_02.\pallet] already exist!
Print sub directory [.\print\2016_04_02.\galia] already exist!

févr. 04, 2016 5:56:01 PM classes.Helper InitDailyDestPrintDir
INFOS: Print directory [.\print\2016_04_02] already exist!
Print sub directory [.\print\2016_04_02.\pallet] already exist!
Print sub directory [.\print\2016_04_02.\galia] already exist!

févr. 04, 2016 5:56:15 PM classes.Helper InitDailyDestPrintDir
INFOS: Print directory [.\print\2016_04_02] already exist!
Print sub directory [.\print\2016_04_02.\pallet] already exist!
Print sub directory [.\print\2016_04_02.\galia] already exist!

févr. 04, 2016 5:56:42 PM classes.Helper InitDailyDestPrintDir
INFOS: Print directory [.\print\2016_04_02] already exist!
Print sub directory [.\print\2016_04_02.\pallet] already exist!
Print sub directory [.\print\2016_04_02.\galia] already exist!

févr. 04, 2016 5:58:26 PM classes.Helper InitDailyDestPrintDir
INFOS: Print directory [.\print\2016_04_02] already exist!
Print sub directory [.\print\2016_04_02.\pallet] already exist!
Print sub directory [.\print\2016_04_02.\galia] already exist!

févr. 04, 2016 5:59:16 PM classes.Helper InitDailyDestPrintDir
INFOS: Print directory [.\print\2016_04_02] already exist!
Print sub directory [.\print\2016_04_02.\pallet] already exist!
Print sub directory [.\print\2016_04_02.\galia] already exist!

févr. 04, 2016 6:00:02 PM classes.Helper InitDailyDestPrintDir
INFOS: Print directory [.\print\2016_04_02] already exist!
Print sub directory [.\print\2016_04_02.\pallet] already exist!
Print sub directory [.\print\2016_04_02.\galia] already exist!

févr. 04, 2016 6:00:52 PM classes.Helper InitDailyDestPrintDir
INFOS: Print directory [.\print\2016_04_02] already exist!
Print sub directory [.\print\2016_04_02.\pallet] already exist!
Print sub directory [.\print\2016_04_02.\galia] already exist!

févr. 04, 2016 6:01:23 PM classes.Helper InitDailyDestPrintDir
INFOS: Print directory [.\print\2016_04_02] already exist!
Print sub directory [.\print\2016_04_02.\pallet] already exist!
Print sub directory [.\print\2016_04_02.\galia] already exist!

févr. 04, 2016 6:02:36 PM classes.Helper InitDailyDestPrintDir
INFOS: Print directory [.\print\2016_04_02] already exist!
Print sub directory [.\print\2016_04_02.\pallet] already exist!
Print sub directory [.\print\2016_04_02.\galia] already exist!

févr. 04, 2016 6:02:48 PM classes.Helper InitDailyDestPrintDir
INFOS: Print directory [.\print\2016_04_02] already exist!
Print sub directory [.\print\2016_04_02.\pallet] already exist!
Print sub directory [.\print\2016_04_02.\galia] already exist!

févr. 04, 2016 6:03:13 PM classes.Helper InitDailyDestPrintDir
INFOS: Print directory [.\print\2016_04_02] already exist!
Print sub directory [.\print\2016_04_02.\pallet] already exist!
Print sub directory [.\print\2016_04_02.\galia] already exist!

févr. 04, 2016 6:03:29 PM classes.Helper InitDailyDestPrintDir
INFOS: Print directory [.\print\2016_04_02] already exist!
Print sub directory [.\print\2016_04_02.\pallet] already exist!
Print sub directory [.\print\2016_04_02.\galia] already exist!

févr. 04, 2016 6:03:32 PM gui.UI0000_Login scan_txtboxKeyPressed
DÉSACTIVÉ: FROM BaseUser bu WHERE bu.login = :login
févr. 04, 2016 6:03:32 PM gui.UI0000_Login scan_txtboxKeyPressed
INFOS: User Oussama EZZIOURI / 1001 connected to host WSMA7165 at 2016-04-02 18:03:28.
févr. 04, 2016 6:05:30 PM classes.Helper InitDailyDestPrintDir
INFOS: Print directory [.\print\2016_04_02] already exist!
Print sub directory [.\print\2016_04_02.\pallet] already exist!
Print sub directory [.\print\2016_04_02.\galia] already exist!

févr. 04, 2016 6:05:36 PM gui.UI0000_Login scan_txtboxKeyPressed
DÉSACTIVÉ: FROM BaseUser bu WHERE bu.login = :login
févr. 04, 2016 6:05:36 PM gui.UI0000_Login scan_txtboxKeyPressed
INFOS: User Oussama EZZIOURI / 1001 connected to host WSMA7165 at 2016-04-02 18:05:30.
févr. 04, 2016 6:08:25 PM classes.Helper InitDailyDestPrintDir
INFOS: Print directory [.\print\2016_04_02] already exist!
Print sub directory [.\print\2016_04_02.\pallet] already exist!
Print sub directory [.\print\2016_04_02.\galia] already exist!

févr. 04, 2016 6:08:39 PM gui.UI0000_Login scan_txtboxKeyPressed
DÉSACTIVÉ: FROM BaseUser bu WHERE bu.login = :login
févr. 04, 2016 6:08:39 PM gui.UI0000_Login scan_txtboxKeyPressed
INFOS: User Oussama EZZIOURI / 1001 connected to host WSMA7165 at 2016-04-02 18:08:25.
févr. 04, 2016 6:10:15 PM classes.Helper InitDailyDestPrintDir
INFOS: Print directory [.\print\2016_04_02] already exist!
Print sub directory [.\print\2016_04_02.\pallet] already exist!
Print sub directory [.\print\2016_04_02.\galia] already exist!

févr. 04, 2016 6:11:59 PM classes.Helper InitDailyDestPrintDir
INFOS: Print directory [.\print\2016_04_02] already exist!
Print sub directory [.\print\2016_04_02.\pallet] already exist!
Print sub directory [.\print\2016_04_02.\galia] already exist!

févr. 04, 2016 6:13:10 PM classes.Helper InitDailyDestPrintDir
INFOS: Print directory [.\print\2016_04_02] already exist!
Print sub directory [.\print\2016_04_02.\pallet] already exist!
Print sub directory [.\print\2016_04_02.\galia] already exist!

févr. 04, 2016 6:13:16 PM gui.UI0000_Login scan_txtboxKeyPressed
DÉSACTIVÉ: FROM BaseUser bu WHERE bu.login = :login
févr. 04, 2016 6:13:16 PM gui.UI0000_Login scan_txtboxKeyPressed
INFOS: User Oussama EZZIOURI / 1001 connected to host WSMA7165 at 2016-04-02 18:13:10.
févr. 04, 2016 6:13:40 PM classes.Helper InitDailyDestPrintDir
INFOS: Print directory [.\print\2016_04_02] already exist!
Print sub directory [.\print\2016_04_02.\pallet] already exist!
Print sub directory [.\print\2016_04_02.\galia] already exist!

févr. 04, 2016 6:13:49 PM classes.Helper InitDailyDestPrintDir
INFOS: Print directory [.\print\2016_04_02] already exist!
Print sub directory [.\print\2016_04_02.\pallet] already exist!
Print sub directory [.\print\2016_04_02.\galia] already exist!

févr. 04, 2016 6:14:19 PM classes.Helper InitDailyDestPrintDir
INFOS: Print directory [.\print\2016_04_02] already exist!
Print sub directory [.\print\2016_04_02.\pallet] already exist!
Print sub directory [.\print\2016_04_02.\galia] already exist!

févr. 04, 2016 6:15:45 PM classes.Helper InitDailyDestPrintDir
INFOS: Print directory [.\print\2016_04_02] already exist!
Print sub directory [.\print\2016_04_02.\pallet] already exist!
Print sub directory [.\print\2016_04_02.\galia] already exist!

févr. 04, 2016 6:16:24 PM classes.Helper InitDailyDestPrintDir
INFOS: Print directory [.\print\2016_04_02] already exist!
Print sub directory [.\print\2016_04_02.\pallet] already exist!
Print sub directory [.\print\2016_04_02.\galia] already exist!

févr. 04, 2016 6:16:29 PM gui.UI0000_Login scan_txtboxKeyPressed
DÉSACTIVÉ: FROM BaseUser bu WHERE bu.login = :login
févr. 04, 2016 6:16:29 PM gui.UI0000_Login scan_txtboxKeyPressed
INFOS: User Oussama EZZIOURI / 1001 connected to host WSMA7165 at 2016-04-02 18:16:24.
févr. 04, 2016 6:16:41 PM classes.Helper InitDailyDestPrintDir
INFOS: Print directory [.\print\2016_04_02] already exist!
Print sub directory [.\print\2016_04_02.\pallet] already exist!
Print sub directory [.\print\2016_04_02.\galia] already exist!

févr. 04, 2016 6:16:53 PM classes.Helper InitDailyDestPrintDir
INFOS: Print directory [.\print\2016_04_02] already exist!
Print sub directory [.\print\2016_04_02.\pallet] already exist!
Print sub directory [.\print\2016_04_02.\galia] already exist!

févr. 04, 2016 6:16:59 PM gui.UI0000_Login scan_txtboxKeyPressed
DÉSACTIVÉ: FROM BaseUser bu WHERE bu.login = :login
févr. 04, 2016 6:16:59 PM gui.UI0000_Login scan_txtboxKeyPressed
INFOS: User Oussama EZZIOURI / 1001 connected to host WSMA7165 at 2016-04-02 18:16:53.
févr. 04, 2016 6:17:38 PM classes.Helper InitDailyDestPrintDir
INFOS: Print directory [.\print\2016_04_02] already exist!
Print sub directory [.\print\2016_04_02.\pallet] already exist!
Print sub directory [.\print\2016_04_02.\galia] already exist!

févr. 04, 2016 6:18:10 PM classes.Helper InitDailyDestPrintDir
INFOS: Print directory [.\print\2016_04_02] already exist!
Print sub directory [.\print\2016_04_02.\pallet] already exist!
Print sub directory [.\print\2016_04_02.\galia] already exist!

févr. 04, 2016 6:18:30 PM classes.Helper InitDailyDestPrintDir
INFOS: Print directory [.\print\2016_04_02] already exist!
Print sub directory [.\print\2016_04_02.\pallet] already exist!
Print sub directory [.\print\2016_04_02.\galia] already exist!

févr. 04, 2016 6:19:07 PM classes.Helper InitDailyDestPrintDir
INFOS: Print directory [.\print\2016_04_02] already exist!
Print sub directory [.\print\2016_04_02.\pallet] already exist!
Print sub directory [.\print\2016_04_02.\galia] already exist!

févr. 04, 2016 6:19:41 PM classes.Helper InitDailyDestPrintDir
INFOS: Print directory [.\print\2016_04_02] already exist!
Print sub directory [.\print\2016_04_02.\pallet] already exist!
Print sub directory [.\print\2016_04_02.\galia] already exist!

févr. 04, 2016 6:21:47 PM classes.Helper InitDailyDestPrintDir
INFOS: Print directory [.\print\2016_04_02] already exist!
Print sub directory [.\print\2016_04_02.\pallet] already exist!
Print sub directory [.\print\2016_04_02.\galia] already exist!

févr. 04, 2016 6:22:16 PM classes.Helper InitDailyDestPrintDir
INFOS: Print directory [.\print\2016_04_02] already exist!
Print sub directory [.\print\2016_04_02.\pallet] already exist!
Print sub directory [.\print\2016_04_02.\galia] already exist!

févr. 04, 2016 6:22:26 PM classes.Helper InitDailyDestPrintDir
INFOS: Print directory [.\print\2016_04_02] already exist!
Print sub directory [.\print\2016_04_02.\pallet] already exist!
Print sub directory [.\print\2016_04_02.\galia] already exist!

févr. 04, 2016 6:23:43 PM classes.Helper InitDailyDestPrintDir
INFOS: Print directory [.\print\2016_04_02] already exist!
Print sub directory [.\print\2016_04_02.\pallet] already exist!
Print sub directory [.\print\2016_04_02.\galia] already exist!

févr. 04, 2016 6:25:52 PM classes.Helper InitDailyDestPrintDir
INFOS: Print directory [.\print\2016_04_02] already exist!
Print sub directory [.\print\2016_04_02.\pallet] already exist!
Print sub directory [.\print\2016_04_02.\galia] already exist!

févr. 04, 2016 6:26:32 PM classes.Helper InitDailyDestPrintDir
INFOS: Print directory [.\print\2016_04_02] already exist!
Print sub directory [.\print\2016_04_02.\pallet] already exist!
Print sub directory [.\print\2016_04_02.\galia] already exist!

févr. 04, 2016 6:27:26 PM classes.Helper InitDailyDestPrintDir
INFOS: Print directory [.\print\2016_04_02] already exist!
Print sub directory [.\print\2016_04_02.\pallet] already exist!
Print sub directory [.\print\2016_04_02.\galia] already exist!

févr. 04, 2016 6:28:08 PM classes.Helper InitDailyDestPrintDir
INFOS: Print directory [.\print\2016_04_02] already exist!
Print sub directory [.\print\2016_04_02.\pallet] already exist!
Print sub directory [.\print\2016_04_02.\galia] already exist!

févr. 04, 2016 6:28:33 PM classes.Helper InitDailyDestPrintDir
INFOS: Print directory [.\print\2016_04_02] already exist!
Print sub directory [.\print\2016_04_02.\pallet] already exist!
Print sub directory [.\print\2016_04_02.\galia] already exist!

févr. 04, 2016 6:28:43 PM classes.Helper InitDailyDestPrintDir
INFOS: Print directory [.\print\2016_04_02] already exist!
Print sub directory [.\print\2016_04_02.\pallet] already exist!
Print sub directory [.\print\2016_04_02.\galia] already exist!

févr. 04, 2016 6:28:54 PM classes.Helper InitDailyDestPrintDir
INFOS: Print directory [.\print\2016_04_02] already exist!
Print sub directory [.\print\2016_04_02.\pallet] already exist!
Print sub directory [.\print\2016_04_02.\galia] already exist!

févr. 04, 2016 6:29:33 PM classes.Helper InitDailyDestPrintDir
INFOS: Print directory [.\print\2016_04_02] already exist!
Print sub directory [.\print\2016_04_02.\pallet] already exist!
Print sub directory [.\print\2016_04_02.\galia] already exist!

févr. 04, 2016 6:30:26 PM classes.Helper InitDailyDestPrintDir
INFOS: Print directory [.\print\2016_04_02] already exist!
Print sub directory [.\print\2016_04_02.\pallet] already exist!
Print sub directory [.\print\2016_04_02.\galia] already exist!

févr. 04, 2016 6:40:05 PM classes.Helper InitDailyDestPrintDir
INFOS: Print directory [.\print\2016_04_02] already exist!
Print sub directory [.\print\2016_04_02.\pallet] already exist!
Print sub directory [.\print\2016_04_02.\galia] already exist!

févr. 04, 2016 6:40:10 PM gui.UI0000_Login scan_txtboxKeyPressed
DÉSACTIVÉ: FROM BaseUser bu WHERE bu.login = :login
févr. 04, 2016 6:40:10 PM gui.UI0000_Login scan_txtboxKeyPressed
INFOS: User Oussama EZZIOURI / 1001 connected to host WSMA7165 at 2016-04-02 18:40:05.
févr. 04, 2016 6:50:45 PM classes.Helper InitDailyDestPrintDir
INFOS: Print directory [.\print\2016_04_02] already exist!
Print sub directory [.\print\2016_04_02.\pallet] already exist!
Print sub directory [.\print\2016_04_02.\galia] already exist!

févr. 04, 2016 6:58:29 PM classes.Helper InitDailyDestPrintDir
INFOS: Print directory [.\print\2016_04_02] already exist!
Print sub directory [.\print\2016_04_02.\pallet] already exist!
Print sub directory [.\print\2016_04_02.\galia] already exist!

févr. 04, 2016 6:59:17 PM classes.Helper InitDailyDestPrintDir
INFOS: Print directory [.\print\2016_04_02] already exist!
Print sub directory [.\print\2016_04_02.\pallet] already exist!
Print sub directory [.\print\2016_04_02.\galia] already exist!

févr. 04, 2016 7:03:46 PM classes.Helper InitDailyDestPrintDir
INFOS: Print directory [.\print\2016_04_02] already exist!
Print sub directory [.\print\2016_04_02.\pallet] already exist!
Print sub directory [.\print\2016_04_02.\galia] already exist!

févr. 04, 2016 8:10:52 PM classes.Helper InitDailyDestPrintDir
INFOS: Print directory [.\print\2016_04_02] already exist!
Print sub directory [.\print\2016_04_02.\pallet] already exist!
Print sub directory [.\print\2016_04_02.\galia] already exist!

févr. 04, 2016 8:11:44 PM classes.Helper InitDailyDestPrintDir
INFOS: Print directory [.\print\2016_04_02] already exist!
Print sub directory [.\print\2016_04_02.\pallet] already exist!
Print sub directory [.\print\2016_04_02.\galia] already exist!

févr. 04, 2016 8:12:27 PM classes.Helper InitDailyDestPrintDir
INFOS: Print directory [.\print\2016_04_02] already exist!
Print sub directory [.\print\2016_04_02.\pallet] already exist!
Print sub directory [.\print\2016_04_02.\galia] already exist!

févr. 04, 2016 8:13:57 PM classes.Helper InitDailyDestPrintDir
INFOS: Print directory [.\print\2016_04_02] already exist!
Print sub directory [.\print\2016_04_02.\pallet] already exist!
Print sub directory [.\print\2016_04_02.\galia] already exist!

févr. 04, 2016 8:14:12 PM classes.Helper InitDailyDestPrintDir
INFOS: Print directory [.\print\2016_04_02] already exist!
Print sub directory [.\print\2016_04_02.\pallet] already exist!
Print sub directory [.\print\2016_04_02.\galia] already exist!

févr. 04, 2016 8:15:05 PM classes.Helper InitDailyDestPrintDir
INFOS: Print directory [.\print\2016_04_02] already exist!
Print sub directory [.\print\2016_04_02.\pallet] already exist!
Print sub directory [.\print\2016_04_02.\galia] already exist!

févr. 04, 2016 8:31:46 PM classes.Helper InitDailyDestPrintDir
INFOS: Print directory [.\print\2016_04_02] already exist!
Print sub directory [.\print\2016_04_02.\pallet] already exist!
Print sub directory [.\print\2016_04_02.\galia] already exist!

févr. 04, 2016 8:32:01 PM classes.Helper InitDailyDestPrintDir
INFOS: Print directory [.\print\2016_04_02] already exist!
Print sub directory [.\print\2016_04_02.\pallet] already exist!
Print sub directory [.\print\2016_04_02.\galia] already exist!

févr. 04, 2016 8:32:27 PM classes.Helper InitDailyDestPrintDir
INFOS: Print directory [.\print\2016_04_02] already exist!
Print sub directory [.\print\2016_04_02.\pallet] already exist!
Print sub directory [.\print\2016_04_02.\galia] already exist!

févr. 04, 2016 8:32:53 PM classes.Helper InitDailyDestPrintDir
INFOS: Print directory [.\print\2016_04_02] already exist!
Print sub directory [.\print\2016_04_02.\pallet] already exist!
Print sub directory [.\print\2016_04_02.\galia] already exist!

févr. 04, 2016 8:34:10 PM classes.Helper InitDailyDestPrintDir
INFOS: Print directory [.\print\2016_04_02] already exist!
Print sub directory [.\print\2016_04_02.\pallet] already exist!
Print sub directory [.\print\2016_04_02.\galia] already exist!

févr. 04, 2016 8:35:23 PM classes.Helper InitDailyDestPrintDir
INFOS: Print directory [.\print\2016_04_02] already exist!
Print sub directory [.\print\2016_04_02.\pallet] already exist!
Print sub directory [.\print\2016_04_02.\galia] already exist!

févr. 04, 2016 8:36:13 PM classes.Helper InitDailyDestPrintDir
INFOS: Print directory [.\print\2016_04_02] already exist!
Print sub directory [.\print\2016_04_02.\pallet] already exist!
Print sub directory [.\print\2016_04_02.\galia] already exist!

févr. 04, 2016 8:36:18 PM gui.UI0000_Login scan_txtboxKeyPressed
DÉSACTIVÉ: FROM BaseUser bu WHERE bu.login = :login
févr. 04, 2016 8:36:18 PM gui.UI0000_Login scan_txtboxKeyPressed
INFOS: User Oussama EZZIOURI / 1001 connected to host WSMA7165 at 2016-04-02 20:36:13.
févr. 04, 2016 8:37:11 PM classes.Helper InitDailyDestPrintDir
INFOS: Print directory [.\print\2016_04_02] already exist!
Print sub directory [.\print\2016_04_02.\pallet] already exist!
Print sub directory [.\print\2016_04_02.\galia] already exist!

févr. 04, 2016 8:37:27 PM classes.Helper InitDailyDestPrintDir
INFOS: Print directory [.\print\2016_04_02] already exist!
Print sub directory [.\print\2016_04_02.\pallet] already exist!
Print sub directory [.\print\2016_04_02.\galia] already exist!

févr. 04, 2016 8:38:12 PM classes.Helper InitDailyDestPrintDir
INFOS: Print directory [.\print\2016_04_02] already exist!
Print sub directory [.\print\2016_04_02.\pallet] already exist!
Print sub directory [.\print\2016_04_02.\galia] already exist!

févr. 04, 2016 8:38:56 PM classes.Helper InitDailyDestPrintDir
INFOS: Print directory [.\print\2016_04_02] already exist!
Print sub directory [.\print\2016_04_02.\pallet] already exist!
Print sub directory [.\print\2016_04_02.\galia] already exist!

févr. 04, 2016 8:39:10 PM classes.Helper InitDailyDestPrintDir
INFOS: Print directory [.\print\2016_04_02] already exist!
Print sub directory [.\print\2016_04_02.\pallet] already exist!
Print sub directory [.\print\2016_04_02.\galia] already exist!

févr. 04, 2016 8:39:22 PM classes.Helper InitDailyDestPrintDir
INFOS: Print directory [.\print\2016_04_02] already exist!
Print sub directory [.\print\2016_04_02.\pallet] already exist!
Print sub directory [.\print\2016_04_02.\galia] already exist!

févr. 04, 2016 8:46:53 PM classes.Helper InitDailyDestPrintDir
INFOS: Print directory [.\print\2016_04_02] already exist!
Print sub directory [.\print\2016_04_02.\pallet] already exist!
Print sub directory [.\print\2016_04_02.\galia] already exist!

févr. 04, 2016 8:46:58 PM gui.UI0000_Login scan_txtboxKeyPressed
DÉSACTIVÉ: FROM BaseUser bu WHERE bu.login = :login
févr. 04, 2016 8:46:58 PM gui.UI0000_Login scan_txtboxKeyPressed
INFOS: User Oussama EZZIOURI / 1001 connected to host WSMA7165 at 2016-04-02 20:46:53.
févr. 04, 2016 8:58:12 PM classes.Helper InitDailyDestPrintDir
INFOS: Print directory [.\print\2016_04_02] already exist!
Print sub directory [.\print\2016_04_02.\pallet] already exist!
Print sub directory [.\print\2016_04_02.\galia] already exist!

févr. 04, 2016 8:58:15 PM gui.UI0000_Login scan_txtboxKeyPressed
DÉSACTIVÉ: FROM BaseUser bu WHERE bu.login = :login
févr. 04, 2016 8:58:17 PM gui.UI0000_Login scan_txtboxKeyPressed
INFOS: Invalid matricule number !
févr. 04, 2016 8:58:21 PM gui.UI0000_Login scan_txtboxKeyPressed
DÉSACTIVÉ: FROM BaseUser bu WHERE bu.login = :login
févr. 04, 2016 8:58:21 PM gui.UI0000_Login scan_txtboxKeyPressed
INFOS: User Oussama EZZIOURI / 1001 connected to host WSMA7165 at 2016-04-02 20:58:12.
févr. 04, 2016 9:19:56 PM classes.Helper InitDailyDestPrintDir
INFOS: Print directory [.\print\2016_04_02] already exist!
Print sub directory [.\print\2016_04_02.\pallet] already exist!
Print sub directory [.\print\2016_04_02.\galia] already exist!

févr. 04, 2016 9:20:00 PM gui.UI0000_Login scan_txtboxKeyPressed
DÉSACTIVÉ: FROM BaseUser bu WHERE bu.login = :login
févr. 04, 2016 9:20:00 PM gui.UI0000_Login scan_txtboxKeyPressed
INFOS: User Oussama EZZIOURI / 1001 connected to host WSMA7165 at 2016-04-02 21:19:56.
févr. 04, 2016 9:20:25 PM classes.Helper InitDailyDestPrintDir
INFOS: Print directory [.\print\2016_04_02] already exist!
Print sub directory [.\print\2016_04_02.\pallet] already exist!
Print sub directory [.\print\2016_04_02.\galia] already exist!

févr. 04, 2016 9:21:34 PM classes.Helper InitDailyDestPrintDir
INFOS: Print directory [.\print\2016_04_02] already exist!
Print sub directory [.\print\2016_04_02.\pallet] already exist!
Print sub directory [.\print\2016_04_02.\galia] already exist!

févr. 04, 2016 9:21:37 PM gui.UI0000_Login scan_txtboxKeyPressed
DÉSACTIVÉ: FROM BaseUser bu WHERE bu.login = :login
févr. 04, 2016 9:21:37 PM gui.UI0000_Login scan_txtboxKeyPressed
INFOS: User Oussama EZZIOURI / 1001 connected to host WSMA7165 at 2016-04-02 21:21:34.
févr. 04, 2016 9:23:05 PM classes.Helper InitDailyDestPrintDir
INFOS: Print directory [.\print\2016_04_02] already exist!
Print sub directory [.\print\2016_04_02.\pallet] already exist!
Print sub directory [.\print\2016_04_02.\galia] already exist!

févr. 04, 2016 9:23:07 PM gui.UI0000_Login scan_txtboxKeyPressed
DÉSACTIVÉ: FROM BaseUser bu WHERE bu.login = :login
févr. 04, 2016 9:23:07 PM gui.UI0000_Login scan_txtboxKeyPressed
INFOS: User Oussama EZZIOURI / 1001 connected to host WSMA7165 at 2016-04-02 21:23:05.
févr. 04, 2016 9:24:01 PM classes.Helper InitDailyDestPrintDir
INFOS: Print directory [.\print\2016_04_02] already exist!
Print sub directory [.\print\2016_04_02.\pallet] already exist!
Print sub directory [.\print\2016_04_02.\galia] already exist!

févr. 04, 2016 9:24:18 PM classes.Helper InitDailyDestPrintDir
INFOS: Print directory [.\print\2016_04_02] already exist!
Print sub directory [.\print\2016_04_02.\pallet] already exist!
Print sub directory [.\print\2016_04_02.\galia] already exist!

févr. 04, 2016 9:24:21 PM gui.UI0000_Login scan_txtboxKeyPressed
DÉSACTIVÉ: FROM BaseUser bu WHERE bu.login = :login
févr. 04, 2016 9:24:21 PM gui.UI0000_Login scan_txtboxKeyPressed
INFOS: User Oussama EZZIOURI / 1001 connected to host WSMA7165 at 2016-04-02 21:24:18.
févr. 04, 2016 9:26:05 PM classes.Helper InitDailyDestPrintDir
INFOS: Print directory [.\print\2016_04_02] already exist!
Print sub directory [.\print\2016_04_02.\pallet] already exist!
Print sub directory [.\print\2016_04_02.\galia] already exist!

févr. 04, 2016 9:26:08 PM gui.UI0000_Login scan_txtboxKeyPressed
DÉSACTIVÉ: FROM BaseUser bu WHERE bu.login = :login
févr. 04, 2016 9:26:08 PM gui.UI0000_Login scan_txtboxKeyPressed
INFOS: User Oussama EZZIOURI / 1001 connected to host WSMA7165 at 2016-04-02 21:26:05.
févr. 04, 2016 9:27:14 PM classes.Helper InitDailyDestPrintDir
INFOS: Print directory [.\print\2016_04_02] already exist!
Print sub directory [.\print\2016_04_02.\pallet] already exist!
Print sub directory [.\print\2016_04_02.\galia] already exist!

févr. 04, 2016 9:27:16 PM gui.UI0000_Login scan_txtboxKeyPressed
DÉSACTIVÉ: FROM BaseUser bu WHERE bu.login = :login
févr. 04, 2016 9:27:16 PM gui.UI0000_Login scan_txtboxKeyPressed
INFOS: User Oussama EZZIOURI / 1001 connected to host WSMA7165 at 2016-04-02 21:27:14.
févr. 04, 2016 9:28:41 PM classes.Helper InitDailyDestPrintDir
INFOS: Print directory [.\print\2016_04_02] already exist!
Print sub directory [.\print\2016_04_02.\pallet] already exist!
Print sub directory [.\print\2016_04_02.\galia] already exist!

févr. 04, 2016 9:28:45 PM gui.UI0000_Login scan_txtboxKeyPressed
DÉSACTIVÉ: FROM BaseUser bu WHERE bu.login = :login
févr. 04, 2016 9:28:45 PM gui.UI0000_Login scan_txtboxKeyPressed
INFOS: User Oussama EZZIOURI / 1001 connected to host WSMA7165 at 2016-04-02 21:28:41.
févr. 04, 2016 9:28:45 PM entity.BaseContainer select
INFOS: FROM BaseContainer bc
févr. 04, 2016 9:34:47 PM classes.Helper InitDailyDestPrintDir
INFOS: Print directory [.\print\2016_04_02] already exist!
Print sub directory [.\print\2016_04_02.\pallet] already exist!
Print sub directory [.\print\2016_04_02.\galia] already exist!

févr. 04, 2016 9:34:50 PM gui.UI0000_Login scan_txtboxKeyPressed
DÉSACTIVÉ: FROM BaseUser bu WHERE bu.login = :login
févr. 04, 2016 9:34:50 PM gui.UI0000_Login scan_txtboxKeyPressed
INFOS: User Yassine HADDANI / 1002 connected to host WSMA7165 at 2016-04-02 21:34:47.
févr. 04, 2016 9:34:50 PM entity.BaseContainer select
INFOS: FROM BaseContainer bc
févr. 04, 2016 9:50:29 PM classes.Helper InitDailyDestPrintDir
INFOS: Print directory [.\print\2016_04_02] already exist!
Print sub directory [.\print\2016_04_02.\pallet] already exist!
Print sub directory [.\print\2016_04_02.\galia] already exist!

févr. 04, 2016 9:51:27 PM classes.Helper InitDailyDestPrintDir
INFOS: Print directory [.\print\2016_04_02] already exist!
Print sub directory [.\print\2016_04_02.\pallet] already exist!
Print sub directory [.\print\2016_04_02.\galia] already exist!

févr. 04, 2016 9:52:52 PM classes.Helper InitDailyDestPrintDir
INFOS: Print directory [.\print\2016_04_02] already exist!
Print sub directory [.\print\2016_04_02.\pallet] already exist!
Print sub directory [.\print\2016_04_02.\galia] already exist!

févr. 04, 2016 9:52:54 PM state.S01_UserCodeScan authentication
DÉSACTIVÉ: FROM BaseUser bu WHERE bu.login = :login
févr. 04, 2016 9:52:54 PM state.S01_UserCodeScan authentication
INFOS: User Oussama EZZIOURI / 1001 connected to host WSMA7165 at 2016-04-02 21:52:52.
févr. 04, 2016 9:52:54 PM entity.BaseContainer select
INFOS: FROM BaseContainer bc
févr. 04, 2016 10:01:15 PM classes.Helper InitDailyDestPrintDir
INFOS: Print directory [.\print\2016_04_02] already exist!
Print sub directory [.\print\2016_04_02.\pallet] already exist!
Print sub directory [.\print\2016_04_02.\galia] already exist!

févr. 04, 2016 10:01:18 PM state.S01_UserCodeScan authentication
DÉSACTIVÉ: FROM BaseUser bu WHERE bu.login = :login
févr. 04, 2016 10:01:18 PM state.S01_UserCodeScan authentication
INFOS: User Oussama EZZIOURI / 1001 connected to host WSMA7165 at 2016-04-02 22:01:15.
févr. 04, 2016 10:01:18 PM entity.BaseContainer select
INFOS: FROM BaseContainer bc
avr. 02, 2016 11:07:45 AM helper.Helper InitDailyDestPrintDir
INFOS: Print directory [.\print\2016_04_02] is created!
Print sub directory [.\print\2016_04_02.\open_sheet] is created!
Print sub directory [.\print\2016_04_02.\closing_sheet] is created!
Print sub directory [.\print\2016_04_02.\picking_label] is created!

avr. 02, 2016 11:10:25 AM helper.Helper InitDailyDestPrintDir
INFOS: Print directory [.\print\2016_04_02] already exist!
Print sub directory [.\print\2016_04_02.\open_sheet] already exist!
Print sub directory [.\print\2016_04_02.\closing_sheet] already exist!
Print sub directory [.\print\2016_04_02.\picking_label] already exist!

avr. 02, 2016 11:11:42 AM helper.Helper InitDailyDestPrintDir
INFOS: Print directory [.\print\2016_04_02] already exist!
Print sub directory [.\print\2016_04_02.\open_sheet] already exist!
Print sub directory [.\print\2016_04_02.\closing_sheet] already exist!
Print sub directory [.\print\2016_04_02.\picking_label] already exist!

avr. 02, 2016 11:14:44 AM helper.Helper InitDailyDestPrintDir
INFOS: Print directory [.\print\2016_04_02] already exist!
Print sub directory [.\print\2016_04_02.\open_sheet] already exist!
Print sub directory [.\print\2016_04_02.\closing_sheet] already exist!
Print sub directory [.\print\2016_04_02.\picking_label] already exist!

avr. 02, 2016 11:15:42 AM helper.Helper InitDailyDestPrintDir
INFOS: Print directory [.\print\2016_04_02] already exist!
Print sub directory [.\print\2016_04_02.\open_sheet] already exist!
Print sub directory [.\print\2016_04_02.\closing_sheet] already exist!
Print sub directory [.\print\2016_04_02.\picking_label] already exist!

avr. 02, 2016 11:18:20 AM helper.Helper InitDailyDestPrintDir
INFOS: Print directory [.\print\2016_04_02] already exist!
Print sub directory [.\print\2016_04_02.\open_sheet] already exist!
Print sub directory [.\print\2016_04_02.\closing_sheet] already exist!
Print sub directory [.\print\2016_04_02.\picking_label] already exist!

avr. 02, 2016 11:19:13 AM helper.Helper InitDailyDestPrintDir
INFOS: Print directory [.\print\2016_04_02] already exist!
Print sub directory [.\print\2016_04_02.\open_sheet] already exist!
Print sub directory [.\print\2016_04_02.\closing_sheet] already exist!
Print sub directory [.\print\2016_04_02.\picking_label] already exist!

avr. 02, 2016 11:19:55 AM helper.Helper InitDailyDestPrintDir
INFOS: Print directory [.\print\2016_04_02] already exist!
Print sub directory [.\print\2016_04_02.\open_sheet] already exist!
Print sub directory [.\print\2016_04_02.\closing_sheet] already exist!
Print sub directory [.\print\2016_04_02.\picking_label] already exist!

avr. 02, 2016 11:20:42 AM helper.Helper InitDailyDestPrintDir
INFOS: Print directory [.\print\2016_04_02] already exist!
Print sub directory [.\print\2016_04_02.\open_sheet] already exist!
Print sub directory [.\print\2016_04_02.\closing_sheet] already exist!
Print sub directory [.\print\2016_04_02.\picking_label] already exist!

avr. 02, 2016 11:28:03 AM helper.Helper InitDailyDestPrintDir
INFOS: Print directory [.\print\2016_04_02] already exist!
Print sub directory [.\print\2016_04_02.\open_sheet] already exist!
Print sub directory [.\print\2016_04_02.\closing_sheet] already exist!
Print sub directory [.\print\2016_04_02.\picking_label] already exist!

avr. 02, 2016 11:41:24 AM helper.Helper InitDailyDestPrintDir
INFOS: Print directory [.\print\2016_04_02] already exist!
Print sub directory [.\print\2016_04_02.\open_sheet] already exist!
Print sub directory [.\print\2016_04_02.\closing_sheet] already exist!
Print sub directory [.\print\2016_04_02.\picking_label] already exist!

avr. 02, 2016 11:45:50 AM helper.Helper InitDailyDestPrintDir
INFOS: Print directory [.\print\2016_04_02] already exist!
Print sub directory [.\print\2016_04_02.\open_sheet] already exist!
Print sub directory [.\print\2016_04_02.\closing_sheet] already exist!
Print sub directory [.\print\2016_04_02.\picking_label] already exist!

avr. 02, 2016 11:46:04 AM helper.Helper InitDailyDestPrintDir
INFOS: Print directory [.\print\2016_04_02] already exist!
Print sub directory [.\print\2016_04_02.\open_sheet] already exist!
Print sub directory [.\print\2016_04_02.\closing_sheet] already exist!
Print sub directory [.\print\2016_04_02.\picking_label] already exist!

avr. 02, 2016 1:35:31 PM helper.Helper InitDailyDestPrintDir
INFOS: Print directory [.\print\2016_04_02] already exist!
Print sub directory [.\print\2016_04_02.\open_sheet] already exist!
Print sub directory [.\print\2016_04_02.\closing_sheet] already exist!
Print sub directory [.\print\2016_04_02.\picking_label] already exist!

avr. 02, 2016 1:36:05 PM helper.Helper InitDailyDestPrintDir
INFOS: Print directory [.\print\2016_04_02] already exist!
Print sub directory [.\print\2016_04_02.\open_sheet] already exist!
Print sub directory [.\print\2016_04_02.\closing_sheet] already exist!
Print sub directory [.\print\2016_04_02.\picking_label] already exist!

avr. 02, 2016 1:36:55 PM helper.Helper InitDailyDestPrintDir
INFOS: Print directory [.\print\2016_04_02] already exist!
Print sub directory [.\print\2016_04_02.\open_sheet] already exist!
Print sub directory [.\print\2016_04_02.\closing_sheet] already exist!
Print sub directory [.\print\2016_04_02.\picking_label] already exist!

avr. 02, 2016 1:37:18 PM helper.Helper InitDailyDestPrintDir
INFOS: Print directory [.\print\2016_04_02] already exist!
Print sub directory [.\print\2016_04_02.\open_sheet] already exist!
Print sub directory [.\print\2016_04_02.\closing_sheet] already exist!
Print sub directory [.\print\2016_04_02.\picking_label] already exist!

avr. 02, 2016 1:37:42 PM helper.Helper InitDailyDestPrintDir
INFOS: Print directory [.\print\2016_04_02] already exist!
Print sub directory [.\print\2016_04_02.\open_sheet] already exist!
Print sub directory [.\print\2016_04_02.\closing_sheet] already exist!
Print sub directory [.\print\2016_04_02.\picking_label] already exist!

