avr. 07, 2016 10:43:38 AM helper.Helper InitDailyDestPrintDir
INFOS: Print directory [.\print\2016_04_07] is created!
Print sub directory [.\print\2016_04_07.\open_sheet] is created!
Print sub directory [.\print\2016_04_07.\closing_sheet] is created!
Print sub directory [.\print\2016_04_07.\picking_label] is created!

avr. 07, 2016 10:43:41 AM entity.ConfigProject select
INFOS: FROM ConfigProject bp ORDER BY harnessType ASC
avr. 07, 2016 10:45:49 AM helper.Helper InitDailyDestPrintDir
INFOS: Print directory [.\print\2016_04_07] already exist!
Print sub directory [.\print\2016_04_07.\open_sheet] already exist!
Print sub directory [.\print\2016_04_07.\closing_sheet] already exist!
Print sub directory [.\print\2016_04_07.\picking_label] already exist!

avr. 07, 2016 10:45:55 AM entity.ConfigProject select
INFOS: FROM ConfigProject bp ORDER BY harnessType ASC
avr. 07, 2016 10:49:27 AM helper.Helper InitDailyDestPrintDir
INFOS: Print directory [.\print\2016_04_07] already exist!
Print sub directory [.\print\2016_04_07.\open_sheet] already exist!
Print sub directory [.\print\2016_04_07.\closing_sheet] already exist!
Print sub directory [.\print\2016_04_07.\picking_label] already exist!

avr. 07, 2016 10:49:31 AM entity.ConfigProject select
INFOS: FROM ConfigProject bp ORDER BY harnessType ASC
avr. 07, 2016 5:33:15 PM helper.Helper InitDailyDestPrintDir
INFOS: Print directory [.\print\2016_04_07] already exist!
Print sub directory [.\print\2016_04_07.\open_sheet] already exist!
Print sub directory [.\print\2016_04_07.\closing_sheet] already exist!
Print sub directory [.\print\2016_04_07.\picking_label] already exist!

avr. 07, 2016 5:33:18 PM entity.ConfigProject select
INFOS: FROM ConfigProject bp ORDER BY harnessType ASC
avr. 07, 2016 5:37:34 PM helper.Helper InitDailyDestPrintDir
INFOS: Print directory [.\print\2016_04_07] already exist!
Print sub directory [.\print\2016_04_07.\open_sheet] already exist!
Print sub directory [.\print\2016_04_07.\closing_sheet] already exist!
Print sub directory [.\print\2016_04_07.\picking_label] already exist!

avr. 07, 2016 5:37:36 PM entity.ConfigProject select
INFOS: FROM ConfigProject bp ORDER BY harnessType ASC
avr. 07, 2016 5:37:55 PM helper.Helper InitDailyDestPrintDir
INFOS: Print directory [.\print\2016_04_07] already exist!
Print sub directory [.\print\2016_04_07.\open_sheet] already exist!
Print sub directory [.\print\2016_04_07.\closing_sheet] already exist!
Print sub directory [.\print\2016_04_07.\picking_label] already exist!

avr. 07, 2016 5:37:57 PM entity.ConfigProject select
INFOS: FROM ConfigProject bp ORDER BY harnessType ASC
avr. 07, 2016 5:39:01 PM helper.Helper InitDailyDestPrintDir
INFOS: Print directory [.\print\2016_04_07] already exist!
Print sub directory [.\print\2016_04_07.\open_sheet] already exist!
Print sub directory [.\print\2016_04_07.\closing_sheet] already exist!
Print sub directory [.\print\2016_04_07.\picking_label] already exist!

avr. 07, 2016 5:39:04 PM entity.ConfigProject select
INFOS: FROM ConfigProject bp ORDER BY harnessType ASC
avr. 07, 2016 5:40:55 PM entity.BaseContainer checkContainerByState
INFOS: Searching Container [200000207] in BaseContainer.
avr. 07, 2016 5:40:55 PM entity.BaseContainer checkContainerByState
INFOS: FROM BaseContainer bc WHERE bc.palletNumber = :palletNumber AND bc.containerState = :state
avr. 07, 2016 5:41:01 PM entity.ConfigProject select
INFOS: FROM ConfigProject bp ORDER BY harnessType ASC
