janv. 09, 2017 8:14:59 AM helper.Helper InitDailyDestPrintDir
INFOS: Print directory [.\print\2017_01_09] is created!
Print sub directory [.\print\2017_01_09.\open_sheet] is created!
Print sub directory [.\print\2017_01_09.\closing_sheet] is created!
Print sub directory [.\print\2017_01_09.\picking_label] is created!
Print sub directory [.\print\2017_01_09.\dispatch_label] is created!

janv. 09, 2017 8:15:13 AM gui.packaging.PACKAGING_UI0001_Main loadBarcodeConfig
INFOS: FROM ConfigBarcode cb WHERE cb.keyWord = :keyWord ORDER BY id ASC
janv. 09, 2017 8:15:13 AM entity.ConfigProject select
INFOS: FROM ConfigProject bp ORDER BY harnessType ASC
janv. 09, 2017 8:15:13 AM entity.ConfigProject select
INFOS: FROM ConfigProject bp ORDER BY harnessType ASC
janv. 09, 2017 8:15:27 AM entity.ConfigSegment select
INFOS: FROM ConfigSegment bp ORDER BY segment ASC
janv. 09, 2017 8:15:27 AM entity.ConfigSegment select
INFOS: FROM ConfigSegment bp ORDER BY segment ASC
janv. 09, 2017 8:15:27 AM entity.ConfigWorkplace select
INFOS: FROM ConfigWorkplace bp ORDER BY workplace ASC
janv. 09, 2017 8:16:08 AM entity.ConfigSegment select
INFOS: FROM ConfigSegment bp ORDER BY segment ASC
janv. 09, 2017 8:16:08 AM entity.ConfigWorkplace select
INFOS: FROM ConfigWorkplace bp ORDER BY workplace ASC
janv. 09, 2017 8:16:46 AM entity.ConfigSegment select
INFOS: FROM ConfigSegment bp ORDER BY segment ASC
janv. 09, 2017 8:16:46 AM entity.ConfigWorkplace select
INFOS: FROM ConfigWorkplace bp ORDER BY workplace ASC
janv. 09, 2017 8:18:24 AM entity.ConfigSegment select
INFOS: FROM ConfigSegment bp ORDER BY segment ASC
janv. 09, 2017 8:18:24 AM entity.ConfigWorkplace select
INFOS: FROM ConfigWorkplace bp ORDER BY workplace ASC
janv. 09, 2017 8:18:34 AM entity.ConfigSegment select
INFOS: FROM ConfigSegment bp ORDER BY segment ASC
janv. 09, 2017 8:18:34 AM entity.ConfigWorkplace select
INFOS: FROM ConfigWorkplace bp ORDER BY workplace ASC
janv. 09, 2017 8:20:00 AM entity.ConfigSegment select
INFOS: FROM ConfigSegment bp ORDER BY segment ASC
janv. 09, 2017 8:20:00 AM entity.ConfigWorkplace select
INFOS: FROM ConfigWorkplace bp ORDER BY workplace ASC
janv. 09, 2017 8:22:01 AM entity.ConfigSegment select
INFOS: FROM ConfigSegment bp ORDER BY segment ASC
janv. 09, 2017 8:22:01 AM entity.ConfigWorkplace select
INFOS: FROM ConfigWorkplace bp ORDER BY workplace ASC
janv. 09, 2017 8:22:19 AM entity.ConfigSegment select
INFOS: FROM ConfigSegment bp ORDER BY segment ASC
janv. 09, 2017 8:22:53 AM entity.ConfigSegment select
INFOS: FROM ConfigSegment bp ORDER BY segment ASC
janv. 09, 2017 8:22:53 AM entity.ConfigWorkplace select
INFOS: FROM ConfigWorkplace bp ORDER BY workplace ASC
janv. 09, 2017 8:23:20 AM entity.ConfigSegment select
INFOS: FROM ConfigSegment bp ORDER BY segment ASC
janv. 09, 2017 8:23:20 AM entity.ConfigSegment select
INFOS: FROM ConfigSegment bp ORDER BY segment ASC
janv. 09, 2017 8:23:20 AM entity.ConfigWorkplace select
INFOS: FROM ConfigWorkplace bp ORDER BY workplace ASC
janv. 09, 2017 8:23:47 AM entity.ConfigSegment select
INFOS: FROM ConfigSegment bp ORDER BY segment ASC
janv. 09, 2017 8:23:47 AM entity.ConfigWorkplace select
INFOS: FROM ConfigWorkplace bp ORDER BY workplace ASC
janv. 09, 2017 8:23:53 AM entity.ConfigSegment select
INFOS: FROM ConfigSegment bp ORDER BY segment ASC
janv. 09, 2017 8:23:53 AM entity.ConfigWorkplace select
INFOS: FROM ConfigWorkplace bp ORDER BY workplace ASC
janv. 09, 2017 8:23:53 AM entity.ConfigSegment select
INFOS: FROM ConfigSegment bp ORDER BY segment ASC
janv. 09, 2017 8:23:53 AM entity.ConfigWorkplace select
INFOS: FROM ConfigWorkplace bp ORDER BY workplace ASC
janv. 09, 2017 8:23:53 AM entity.ConfigSegment select
INFOS: FROM ConfigSegment bp ORDER BY segment ASC
janv. 09, 2017 8:23:53 AM entity.ConfigWorkplace select
INFOS: FROM ConfigWorkplace bp ORDER BY workplace ASC
janv. 09, 2017 8:23:54 AM entity.ConfigSegment select
INFOS: FROM ConfigSegment bp ORDER BY segment ASC
janv. 09, 2017 8:23:54 AM entity.ConfigWorkplace select
INFOS: FROM ConfigWorkplace bp ORDER BY workplace ASC
janv. 09, 2017 8:23:54 AM entity.ConfigSegment select
INFOS: FROM ConfigSegment bp ORDER BY segment ASC
janv. 09, 2017 8:23:54 AM entity.ConfigWorkplace select
INFOS: FROM ConfigWorkplace bp ORDER BY workplace ASC
janv. 09, 2017 8:24:01 AM entity.ConfigSegment select
INFOS: FROM ConfigSegment bp ORDER BY segment ASC
janv. 09, 2017 8:24:01 AM entity.ConfigWorkplace select
INFOS: FROM ConfigWorkplace bp ORDER BY workplace ASC
janv. 09, 2017 8:24:02 AM entity.ConfigSegment select
INFOS: FROM ConfigSegment bp ORDER BY segment ASC
janv. 09, 2017 8:24:02 AM entity.ConfigWorkplace select
INFOS: FROM ConfigWorkplace bp ORDER BY workplace ASC
janv. 09, 2017 8:24:02 AM entity.ConfigSegment select
INFOS: FROM ConfigSegment bp ORDER BY segment ASC
janv. 09, 2017 8:24:02 AM entity.ConfigWorkplace select
INFOS: FROM ConfigWorkplace bp ORDER BY workplace ASC
janv. 09, 2017 8:24:09 AM entity.ConfigSegment select
INFOS: FROM ConfigSegment bp ORDER BY segment ASC
janv. 09, 2017 8:24:09 AM entity.ConfigWorkplace select
INFOS: FROM ConfigWorkplace bp ORDER BY workplace ASC
janv. 09, 2017 8:24:15 AM entity.ConfigSegment select
INFOS: FROM ConfigSegment bp ORDER BY segment ASC
janv. 09, 2017 8:24:15 AM entity.ConfigWorkplace select
INFOS: FROM ConfigWorkplace bp ORDER BY workplace ASC
janv. 09, 2017 8:28:44 AM entity.ConfigWorkplace selectBySegment
INFOS: FROM ConfigWorkplace bp WHERE segment = :segment ORDER BY workplace ASC
janv. 09, 2017 8:28:44 AM entity.ConfigWorkplace selectBySegment
INFOS: FROM ConfigWorkplace bp WHERE segment = :segment ORDER BY workplace ASC
janv. 09, 2017 8:28:44 AM entity.ConfigWorkplace selectBySegment
INFOS: FROM ConfigWorkplace bp WHERE segment = :segment ORDER BY workplace ASC
janv. 09, 2017 8:28:44 AM entity.ConfigWorkplace selectBySegment
INFOS: FROM ConfigWorkplace bp WHERE segment = :segment ORDER BY workplace ASC
janv. 09, 2017 8:28:44 AM entity.ConfigWorkplace selectBySegment
INFOS: FROM ConfigWorkplace bp WHERE segment = :segment ORDER BY workplace ASC
janv. 09, 2017 8:28:44 AM entity.ConfigWorkplace selectBySegment
INFOS: FROM ConfigWorkplace bp WHERE segment = :segment ORDER BY workplace ASC
janv. 09, 2017 8:28:46 AM entity.ConfigWorkplace selectBySegment
INFOS: FROM ConfigWorkplace bp WHERE segment = :segment ORDER BY workplace ASC
janv. 09, 2017 8:28:46 AM entity.ConfigWorkplace selectBySegment
INFOS: FROM ConfigWorkplace bp WHERE segment = :segment ORDER BY workplace ASC
janv. 09, 2017 8:28:46 AM entity.ConfigWorkplace selectBySegment
INFOS: FROM ConfigWorkplace bp WHERE segment = :segment ORDER BY workplace ASC
janv. 09, 2017 8:28:46 AM entity.ConfigWorkplace selectBySegment
INFOS: FROM ConfigWorkplace bp WHERE segment = :segment ORDER BY workplace ASC
janv. 09, 2017 8:28:46 AM entity.ConfigWorkplace selectBySegment
INFOS: FROM ConfigWorkplace bp WHERE segment = :segment ORDER BY workplace ASC
janv. 09, 2017 8:28:46 AM entity.ConfigWorkplace selectBySegment
INFOS: FROM ConfigWorkplace bp WHERE segment = :segment ORDER BY workplace ASC
janv. 09, 2017 9:03:05 AM entity.ConfigSegment select
INFOS: FROM ConfigSegment bp ORDER BY segment ASC
janv. 09, 2017 9:03:37 AM gui.config.CONFIG_UI0000_AdminPassword checkLoginAndPass
INFOS: User Admin   / 9999 connected to host WSMA7040 at 2017-01-09 09:03:37 Module : Planner.
janv. 09, 2017 9:18:59 AM entity.ConfigSegment select
INFOS: FROM ConfigSegment bp ORDER BY segment ASC
janv. 09, 2017 10:13:19 AM gui.packaging.PACKAGING_UI0001_Main loadBarcodeConfig
INFOS: FROM ConfigBarcode cb WHERE cb.keyWord = :keyWord ORDER BY id ASC
janv. 09, 2017 10:13:19 AM entity.ConfigProject select
INFOS: FROM ConfigProject bp ORDER BY harnessType ASC
janv. 09, 2017 10:13:19 AM entity.ConfigProject select
INFOS: FROM ConfigProject bp ORDER BY harnessType ASC
janv. 09, 2017 10:13:40 AM entity.ConfigSegment select
INFOS: FROM ConfigSegment bp ORDER BY segment ASC
janv. 09, 2017 10:13:52 AM entity.ConfigSegment select
INFOS: FROM ConfigSegment bp ORDER BY segment ASC
janv. 09, 2017 10:13:52 AM entity.ConfigSegment select
INFOS: FROM ConfigSegment bp ORDER BY segment ASC
janv. 09, 2017 10:13:52 AM entity.ConfigWorkplace select
INFOS: FROM ConfigWorkplace bp ORDER BY workplace ASC
janv. 09, 2017 10:13:54 AM entity.ConfigSegment select
INFOS: FROM ConfigSegment bp ORDER BY segment ASC
janv. 09, 2017 10:13:54 AM entity.ConfigWorkplace select
INFOS: FROM ConfigWorkplace bp ORDER BY workplace ASC
janv. 09, 2017 10:13:54 AM entity.ConfigSegment select
INFOS: FROM ConfigSegment bp ORDER BY segment ASC
janv. 09, 2017 10:13:54 AM entity.ConfigWorkplace select
INFOS: FROM ConfigWorkplace bp ORDER BY workplace ASC
janv. 09, 2017 10:14:04 AM entity.ConfigSegment select
INFOS: FROM ConfigSegment bp ORDER BY segment ASC
janv. 09, 2017 10:14:04 AM entity.ConfigWorkplace select
INFOS: FROM ConfigWorkplace bp ORDER BY workplace ASC
janv. 09, 2017 10:14:04 AM entity.ConfigSegment select
INFOS: FROM ConfigSegment bp ORDER BY segment ASC
janv. 09, 2017 10:14:04 AM entity.ConfigWorkplace select
INFOS: FROM ConfigWorkplace bp ORDER BY workplace ASC
janv. 09, 2017 10:14:06 AM entity.ConfigSegment select
INFOS: FROM ConfigSegment bp ORDER BY segment ASC
janv. 09, 2017 10:14:06 AM entity.ConfigWorkplace select
INFOS: FROM ConfigWorkplace bp ORDER BY workplace ASC
janv. 09, 2017 10:14:06 AM entity.ConfigSegment select
INFOS: FROM ConfigSegment bp ORDER BY segment ASC
janv. 09, 2017 10:14:06 AM entity.ConfigWorkplace select
INFOS: FROM ConfigWorkplace bp ORDER BY workplace ASC
janv. 09, 2017 10:14:11 AM entity.ConfigSegment select
INFOS: FROM ConfigSegment bp ORDER BY segment ASC
janv. 09, 2017 10:14:11 AM entity.ConfigWorkplace select
INFOS: FROM ConfigWorkplace bp ORDER BY workplace ASC
janv. 09, 2017 10:14:11 AM entity.ConfigSegment select
INFOS: FROM ConfigSegment bp ORDER BY segment ASC
janv. 09, 2017 10:14:11 AM entity.ConfigWorkplace select
INFOS: FROM ConfigWorkplace bp ORDER BY workplace ASC
janv. 09, 2017 10:14:19 AM entity.ConfigSegment select
INFOS: FROM ConfigSegment bp ORDER BY segment ASC
janv. 09, 2017 10:14:21 AM entity.ConfigWorkplace selectBySegment
INFOS: FROM ConfigWorkplace bp WHERE segment = :segment ORDER BY workplace ASC
janv. 09, 2017 10:14:21 AM entity.ConfigWorkplace selectBySegment
INFOS: FROM ConfigWorkplace bp WHERE segment = :segment ORDER BY workplace ASC
janv. 09, 2017 10:14:43 AM entity.ConfigWorkplace selectBySegment
INFOS: FROM ConfigWorkplace bp WHERE segment = :segment ORDER BY workplace ASC
janv. 09, 2017 10:15:46 AM entity.ConfigWorkplace selectBySegment
INFOS: FROM ConfigWorkplace bp WHERE segment = :segment ORDER BY workplace ASC
janv. 09, 2017 10:16:14 AM helper.Helper InitDailyDestPrintDir
INFOS: Print directory [.\print\2017_01_09] already exist!
Print sub directory [.\print\2017_01_09.\open_sheet] already exist!
Print sub directory [.\print\2017_01_09.\closing_sheet] already exist!
Print sub directory [.\print\2017_01_09.\picking_label] already exist!
Print sub directory [.\print\2017_01_09.\dispatch_label] already exist!

janv. 09, 2017 10:16:16 AM gui.packaging.PACKAGING_UI0001_Main loadBarcodeConfig
INFOS: FROM ConfigBarcode cb WHERE cb.keyWord = :keyWord ORDER BY id ASC
janv. 09, 2017 10:16:16 AM entity.ConfigProject select
INFOS: FROM ConfigProject bp ORDER BY harnessType ASC
janv. 09, 2017 10:16:16 AM entity.ConfigProject select
INFOS: FROM ConfigProject bp ORDER BY harnessType ASC
janv. 09, 2017 10:16:18 AM entity.ConfigSegment select
INFOS: FROM ConfigSegment bp ORDER BY segment ASC
janv. 09, 2017 10:16:28 AM entity.ConfigSegment select
INFOS: FROM ConfigSegment bp ORDER BY segment ASC
janv. 09, 2017 10:16:28 AM entity.ConfigWorkplace select
INFOS: FROM ConfigWorkplace bp ORDER BY workplace ASC
janv. 09, 2017 10:16:38 AM entity.ConfigSegment select
INFOS: FROM ConfigSegment bp ORDER BY segment ASC
janv. 09, 2017 10:16:38 AM entity.ConfigWorkplace select
INFOS: FROM ConfigWorkplace bp ORDER BY workplace ASC
janv. 09, 2017 10:16:48 AM entity.ConfigSegment select
INFOS: FROM ConfigSegment bp ORDER BY segment ASC
janv. 09, 2017 10:16:48 AM entity.ConfigWorkplace select
INFOS: FROM ConfigWorkplace bp ORDER BY workplace ASC
janv. 09, 2017 10:16:56 AM entity.ConfigSegment select
INFOS: FROM ConfigSegment bp ORDER BY segment ASC
janv. 09, 2017 10:16:56 AM entity.ConfigWorkplace select
INFOS: FROM ConfigWorkplace bp ORDER BY workplace ASC
janv. 09, 2017 10:50:02 AM entity.ConfigSegment select
INFOS: FROM ConfigSegment bp ORDER BY segment ASC
janv. 09, 2017 10:50:36 AM gui.config.CONFIG_UI0000_AdminPassword checkLoginAndPass
INFOS: User Admin   / 9999 connected to host WSMA7040 at 2017-01-09 10:50:36 Module : Planner.
janv. 09, 2017 11:42:09 AM entity.ConfigSegment select
INFOS: FROM ConfigSegment bp ORDER BY segment ASC
janv. 09, 2017 11:42:09 AM entity.ConfigSegment select
INFOS: FROM ConfigSegment bp ORDER BY segment ASC
janv. 09, 2017 11:42:09 AM entity.ConfigWorkplace select
INFOS: FROM ConfigWorkplace bp ORDER BY workplace ASC
janv. 09, 2017 11:42:17 AM entity.ConfigSegment select
INFOS: FROM ConfigSegment bp ORDER BY segment ASC
janv. 09, 2017 11:42:17 AM entity.ConfigWorkplace select
INFOS: FROM ConfigWorkplace bp ORDER BY workplace ASC
janv. 09, 2017 11:42:18 AM entity.ConfigSegment select
INFOS: FROM ConfigSegment bp ORDER BY segment ASC
janv. 09, 2017 11:42:18 AM entity.ConfigWorkplace select
INFOS: FROM ConfigWorkplace bp ORDER BY workplace ASC
janv. 09, 2017 11:42:18 AM entity.ConfigSegment select
INFOS: FROM ConfigSegment bp ORDER BY segment ASC
janv. 09, 2017 11:42:18 AM entity.ConfigWorkplace select
INFOS: FROM ConfigWorkplace bp ORDER BY workplace ASC
janv. 09, 2017 11:42:20 AM entity.ConfigSegment select
INFOS: FROM ConfigSegment bp ORDER BY segment ASC
janv. 09, 2017 11:42:20 AM entity.ConfigWorkplace select
INFOS: FROM ConfigWorkplace bp ORDER BY workplace ASC
janv. 09, 2017 11:42:20 AM entity.ConfigSegment select
INFOS: FROM ConfigSegment bp ORDER BY segment ASC
janv. 09, 2017 11:42:20 AM entity.ConfigWorkplace select
INFOS: FROM ConfigWorkplace bp ORDER BY workplace ASC
janv. 09, 2017 11:44:49 AM gui.packaging.PACKAGING_UI0002_PasswordRequest connect
INFOS: User Admin   / 9999 connected to host WSMA7040 at 2017-01-09 11:44:49 Project : ENGINE.
janv. 09, 2017 11:45:42 AM gui.packaging.PACKAGING_UI9001_DropContainerConfirmation ok_btnActionPerformed
INFOS: Droping harness list...3
janv. 09, 2017 12:01:39 PM helper.Helper InitDailyDestPrintDir
INFOS: Print directory [.\print\2017_01_09] already exist!
Print sub directory [.\print\2017_01_09.\open_sheet] already exist!
Print sub directory [.\print\2017_01_09.\closing_sheet] already exist!
Print sub directory [.\print\2017_01_09.\picking_label] already exist!
Print sub directory [.\print\2017_01_09.\dispatch_label] already exist!

janv. 09, 2017 12:01:43 PM gui.packaging.PACKAGING_UI0001_Main loadBarcodeConfig
INFOS: FROM ConfigBarcode cb WHERE cb.keyWord = :keyWord ORDER BY id ASC
janv. 09, 2017 12:01:43 PM entity.ConfigProject select
INFOS: FROM ConfigProject bp ORDER BY harnessType ASC
janv. 09, 2017 12:01:43 PM entity.ConfigProject select
INFOS: FROM ConfigProject bp ORDER BY harnessType ASC
janv. 09, 2017 12:19:45 PM entity.ConfigSegment select
INFOS: FROM ConfigSegment bp ORDER BY segment ASC
janv. 09, 2017 12:19:45 PM entity.ConfigSegment select
INFOS: FROM ConfigSegment bp ORDER BY segment ASC
janv. 09, 2017 12:19:45 PM entity.ConfigWorkplace select
INFOS: FROM ConfigWorkplace bp ORDER BY workplace ASC
janv. 09, 2017 12:19:48 PM entity.ConfigWorkplace selectBySegment
INFOS: FROM ConfigWorkplace bp WHERE segment = :segment ORDER BY workplace ASC
janv. 09, 2017 12:19:48 PM entity.ConfigWorkplace selectBySegment
INFOS: FROM ConfigWorkplace bp WHERE segment = :segment ORDER BY workplace ASC
janv. 09, 2017 12:19:48 PM entity.ConfigWorkplace selectBySegment
INFOS: FROM ConfigWorkplace bp WHERE segment = :segment ORDER BY workplace ASC
janv. 09, 2017 12:19:48 PM entity.ConfigWorkplace selectBySegment
INFOS: FROM ConfigWorkplace bp WHERE segment = :segment ORDER BY workplace ASC
janv. 09, 2017 12:19:49 PM entity.ConfigWorkplace selectBySegment
INFOS: FROM ConfigWorkplace bp WHERE segment = :segment ORDER BY workplace ASC
janv. 09, 2017 12:19:49 PM entity.ConfigWorkplace selectBySegment
INFOS: FROM ConfigWorkplace bp WHERE segment = :segment ORDER BY workplace ASC
janv. 09, 2017 12:19:55 PM entity.ConfigWorkplace selectBySegment
INFOS: FROM ConfigWorkplace bp WHERE segment = :segment ORDER BY workplace ASC
janv. 09, 2017 12:20:25 PM entity.ConfigSegment select
INFOS: FROM ConfigSegment bp ORDER BY segment ASC
janv. 09, 2017 12:20:25 PM entity.ConfigSegment select
INFOS: FROM ConfigSegment bp ORDER BY segment ASC
janv. 09, 2017 12:20:25 PM entity.ConfigWorkplace select
INFOS: FROM ConfigWorkplace bp ORDER BY workplace ASC
janv. 09, 2017 12:37:25 PM entity.ConfigSegment select
INFOS: FROM ConfigSegment bp ORDER BY segment ASC
janv. 09, 2017 12:37:25 PM entity.ConfigSegment select
INFOS: FROM ConfigSegment bp ORDER BY segment ASC
janv. 09, 2017 12:37:25 PM entity.ConfigWorkplace select
INFOS: FROM ConfigWorkplace bp ORDER BY workplace ASC
janv. 09, 2017 12:37:34 PM entity.ConfigSegment select
INFOS: FROM ConfigSegment bp ORDER BY segment ASC
janv. 09, 2017 12:37:34 PM entity.ConfigWorkplace select
INFOS: FROM ConfigWorkplace bp ORDER BY workplace ASC
janv. 09, 2017 12:37:40 PM entity.ConfigWorkplace selectBySegment
INFOS: FROM ConfigWorkplace bp WHERE segment = :segment ORDER BY workplace ASC
janv. 09, 2017 12:37:40 PM entity.ConfigWorkplace selectBySegment
INFOS: FROM ConfigWorkplace bp WHERE segment = :segment ORDER BY workplace ASC
janv. 09, 2017 12:37:40 PM entity.ConfigWorkplace selectBySegment
INFOS: FROM ConfigWorkplace bp WHERE segment = :segment ORDER BY workplace ASC
janv. 09, 2017 12:37:40 PM entity.ConfigWorkplace selectBySegment
INFOS: FROM ConfigWorkplace bp WHERE segment = :segment ORDER BY workplace ASC
janv. 09, 2017 12:37:40 PM entity.ConfigWorkplace selectBySegment
INFOS: FROM ConfigWorkplace bp WHERE segment = :segment ORDER BY workplace ASC
janv. 09, 2017 12:37:40 PM entity.ConfigWorkplace selectBySegment
INFOS: FROM ConfigWorkplace bp WHERE segment = :segment ORDER BY workplace ASC
janv. 09, 2017 12:37:42 PM entity.ConfigWorkplace selectBySegment
INFOS: FROM ConfigWorkplace bp WHERE segment = :segment ORDER BY workplace ASC
janv. 09, 2017 12:37:42 PM entity.ConfigWorkplace selectBySegment
INFOS: FROM ConfigWorkplace bp WHERE segment = :segment ORDER BY workplace ASC
janv. 09, 2017 12:37:44 PM entity.ConfigWorkplace selectBySegment
INFOS: FROM ConfigWorkplace bp WHERE segment = :segment ORDER BY workplace ASC
janv. 09, 2017 12:37:44 PM entity.ConfigWorkplace selectBySegment
INFOS: FROM ConfigWorkplace bp WHERE segment = :segment ORDER BY workplace ASC
janv. 09, 2017 12:52:41 PM entity.ConfigSegment select
INFOS: FROM ConfigSegment bp ORDER BY segment ASC
janv. 09, 2017 12:52:53 PM entity.ConfigSegment select
INFOS: FROM ConfigSegment bp ORDER BY segment ASC
janv. 09, 2017 12:52:53 PM entity.ConfigWorkplace select
INFOS: FROM ConfigWorkplace bp ORDER BY workplace ASC
janv. 09, 2017 12:52:57 PM entity.ConfigSegment select
INFOS: FROM ConfigSegment bp ORDER BY segment ASC
janv. 09, 2017 12:52:57 PM entity.ConfigWorkplace select
INFOS: FROM ConfigWorkplace bp ORDER BY workplace ASC
janv. 09, 2017 12:53:01 PM entity.ConfigSegment select
INFOS: FROM ConfigSegment bp ORDER BY segment ASC
janv. 09, 2017 12:53:01 PM entity.ConfigWorkplace select
INFOS: FROM ConfigWorkplace bp ORDER BY workplace ASC
janv. 09, 2017 12:53:26 PM entity.ConfigSegment select
INFOS: FROM ConfigSegment bp ORDER BY segment ASC
janv. 09, 2017 12:53:26 PM entity.ConfigWorkplace select
INFOS: FROM ConfigWorkplace bp ORDER BY workplace ASC
janv. 09, 2017 12:53:29 PM entity.ConfigSegment select
INFOS: FROM ConfigSegment bp ORDER BY segment ASC
janv. 09, 2017 12:53:29 PM entity.ConfigWorkplace select
INFOS: FROM ConfigWorkplace bp ORDER BY workplace ASC
janv. 09, 2017 12:53:32 PM entity.ConfigSegment select
INFOS: FROM ConfigSegment bp ORDER BY segment ASC
janv. 09, 2017 12:53:32 PM entity.ConfigWorkplace select
INFOS: FROM ConfigWorkplace bp ORDER BY workplace ASC
janv. 09, 2017 12:53:42 PM entity.ConfigSegment select
INFOS: FROM ConfigSegment bp ORDER BY segment ASC
janv. 09, 2017 12:53:42 PM entity.ConfigWorkplace select
INFOS: FROM ConfigWorkplace bp ORDER BY workplace ASC
janv. 09, 2017 12:53:45 PM entity.ConfigSegment select
INFOS: FROM ConfigSegment bp ORDER BY segment ASC
janv. 09, 2017 12:53:45 PM entity.ConfigWorkplace select
INFOS: FROM ConfigWorkplace bp ORDER BY workplace ASC
janv. 09, 2017 12:53:48 PM entity.ConfigSegment select
INFOS: FROM ConfigSegment bp ORDER BY segment ASC
janv. 09, 2017 12:53:48 PM entity.ConfigWorkplace select
INFOS: FROM ConfigWorkplace bp ORDER BY workplace ASC
janv. 09, 2017 12:56:40 PM gui.config.CONFIG_UI0000_AdminPassword checkLoginAndPass
INFOS: User Admin   / 9999 connected to host WSMA7040 at 2017-01-09 12:56:40 Module : Planner.
janv. 09, 2017 12:57:55 PM entity.ConfigSegment select
INFOS: FROM ConfigSegment bp ORDER BY segment ASC
janv. 09, 2017 12:57:55 PM entity.ConfigSegment select
INFOS: FROM ConfigSegment bp ORDER BY segment ASC
janv. 09, 2017 12:57:55 PM entity.ConfigWorkplace select
INFOS: FROM ConfigWorkplace bp ORDER BY workplace ASC
janv. 09, 2017 12:57:59 PM entity.ConfigSegment select
INFOS: FROM ConfigSegment bp ORDER BY segment ASC
janv. 09, 2017 12:57:59 PM entity.ConfigWorkplace select
INFOS: FROM ConfigWorkplace bp ORDER BY workplace ASC
janv. 09, 2017 12:58:05 PM entity.ConfigSegment select
INFOS: FROM ConfigSegment bp ORDER BY segment ASC
janv. 09, 2017 12:58:09 PM entity.ConfigSegment select
INFOS: FROM ConfigSegment bp ORDER BY segment ASC
janv. 09, 2017 12:58:09 PM entity.ConfigWorkplace select
INFOS: FROM ConfigWorkplace bp ORDER BY workplace ASC
janv. 09, 2017 12:58:13 PM entity.ConfigSegment select
INFOS: FROM ConfigSegment bp ORDER BY segment ASC
janv. 09, 2017 12:58:13 PM entity.ConfigWorkplace select
INFOS: FROM ConfigWorkplace bp ORDER BY workplace ASC
janv. 09, 2017 12:58:32 PM entity.ConfigSegment select
INFOS: FROM ConfigSegment bp ORDER BY segment ASC
janv. 09, 2017 12:58:32 PM entity.ConfigSegment select
INFOS: FROM ConfigSegment bp ORDER BY segment ASC
janv. 09, 2017 12:58:32 PM entity.ConfigWorkplace select
INFOS: FROM ConfigWorkplace bp ORDER BY workplace ASC
janv. 09, 2017 12:58:38 PM entity.ConfigSegment select
INFOS: FROM ConfigSegment bp ORDER BY segment ASC
janv. 09, 2017 12:58:38 PM entity.ConfigWorkplace select
INFOS: FROM ConfigWorkplace bp ORDER BY workplace ASC
janv. 09, 2017 12:58:40 PM entity.ConfigSegment select
INFOS: FROM ConfigSegment bp ORDER BY segment ASC
janv. 09, 2017 12:58:40 PM entity.ConfigWorkplace select
INFOS: FROM ConfigWorkplace bp ORDER BY workplace ASC
janv. 09, 2017 12:58:40 PM entity.ConfigSegment select
INFOS: FROM ConfigSegment bp ORDER BY segment ASC
janv. 09, 2017 12:58:40 PM entity.ConfigWorkplace select
INFOS: FROM ConfigWorkplace bp ORDER BY workplace ASC
janv. 09, 2017 12:58:43 PM entity.ConfigWorkplace selectBySegment
INFOS: FROM ConfigWorkplace bp WHERE segment = :segment ORDER BY workplace ASC
janv. 09, 2017 12:58:43 PM entity.ConfigWorkplace selectBySegment
INFOS: FROM ConfigWorkplace bp WHERE segment = :segment ORDER BY workplace ASC
janv. 09, 2017 12:58:43 PM entity.ConfigWorkplace selectBySegment
INFOS: FROM ConfigWorkplace bp WHERE segment = :segment ORDER BY workplace ASC
janv. 09, 2017 12:58:43 PM entity.ConfigWorkplace selectBySegment
INFOS: FROM ConfigWorkplace bp WHERE segment = :segment ORDER BY workplace ASC
janv. 09, 2017 12:58:43 PM entity.ConfigWorkplace selectBySegment
INFOS: FROM ConfigWorkplace bp WHERE segment = :segment ORDER BY workplace ASC
janv. 09, 2017 12:58:43 PM entity.ConfigWorkplace selectBySegment
INFOS: FROM ConfigWorkplace bp WHERE segment = :segment ORDER BY workplace ASC
janv. 09, 2017 12:58:48 PM entity.ConfigWorkplace selectBySegment
INFOS: FROM ConfigWorkplace bp WHERE segment = :segment ORDER BY workplace ASC
janv. 09, 2017 12:58:49 PM entity.ConfigWorkplace selectBySegment
INFOS: FROM ConfigWorkplace bp WHERE segment = :segment ORDER BY workplace ASC
janv. 09, 2017 3:03:34 PM helper.Helper InitDailyDestPrintDir
INFOS: Print directory [.\print\2017_01_09] already exist!
Print sub directory [.\print\2017_01_09.\open_sheet] already exist!
Print sub directory [.\print\2017_01_09.\closing_sheet] already exist!
Print sub directory [.\print\2017_01_09.\picking_label] already exist!
Print sub directory [.\print\2017_01_09.\dispatch_label] already exist!

janv. 09, 2017 3:03:35 PM gui.packaging.PACKAGING_UI0001_Main loadBarcodeConfig
INFOS: FROM ConfigBarcode cb WHERE cb.keyWord = :keyWord ORDER BY id ASC
janv. 09, 2017 3:03:35 PM entity.ConfigProject select
INFOS: FROM ConfigProject bp ORDER BY harnessType ASC
janv. 09, 2017 3:03:35 PM entity.ConfigProject select
INFOS: FROM ConfigProject bp ORDER BY harnessType ASC
janv. 09, 2017 3:04:18 PM entity.ConfigSegment select
INFOS: FROM ConfigSegment bp ORDER BY segment ASC
janv. 09, 2017 3:04:18 PM entity.ConfigSegment select
INFOS: FROM ConfigSegment bp ORDER BY segment ASC
janv. 09, 2017 3:04:18 PM entity.ConfigWorkplace select
INFOS: FROM ConfigWorkplace bp ORDER BY workplace ASC
janv. 09, 2017 3:04:21 PM entity.ConfigSegment select
INFOS: FROM ConfigSegment bp ORDER BY segment ASC
janv. 09, 2017 3:04:21 PM entity.ConfigWorkplace select
INFOS: FROM ConfigWorkplace bp ORDER BY workplace ASC
janv. 09, 2017 3:04:21 PM entity.ConfigSegment select
INFOS: FROM ConfigSegment bp ORDER BY segment ASC
janv. 09, 2017 3:04:21 PM entity.ConfigWorkplace select
INFOS: FROM ConfigWorkplace bp ORDER BY workplace ASC
janv. 09, 2017 3:04:24 PM entity.ConfigSegment select
INFOS: FROM ConfigSegment bp ORDER BY segment ASC
janv. 09, 2017 3:04:24 PM entity.ConfigWorkplace select
INFOS: FROM ConfigWorkplace bp ORDER BY workplace ASC
janv. 09, 2017 3:04:37 PM entity.ConfigSegment select
INFOS: FROM ConfigSegment bp ORDER BY segment ASC
janv. 09, 2017 3:04:40 PM entity.ConfigWorkplace selectBySegment
INFOS: FROM ConfigWorkplace bp WHERE segment = :segment ORDER BY workplace ASC
janv. 09, 2017 3:04:40 PM entity.ConfigWorkplace selectBySegment
INFOS: FROM ConfigWorkplace bp WHERE segment = :segment ORDER BY workplace ASC
janv. 09, 2017 3:04:40 PM entity.ConfigWorkplace selectBySegment
INFOS: FROM ConfigWorkplace bp WHERE segment = :segment ORDER BY workplace ASC
janv. 09, 2017 3:04:40 PM entity.ConfigWorkplace selectBySegment
INFOS: FROM ConfigWorkplace bp WHERE segment = :segment ORDER BY workplace ASC
janv. 09, 2017 3:04:40 PM entity.ConfigWorkplace selectBySegment
INFOS: FROM ConfigWorkplace bp WHERE segment = :segment ORDER BY workplace ASC
janv. 09, 2017 3:04:40 PM entity.ConfigWorkplace selectBySegment
INFOS: FROM ConfigWorkplace bp WHERE segment = :segment ORDER BY workplace ASC
janv. 09, 2017 3:04:42 PM entity.ConfigSegment select
INFOS: FROM ConfigSegment bp ORDER BY segment ASC
janv. 09, 2017 3:04:42 PM entity.ConfigWorkplace select
INFOS: FROM ConfigWorkplace bp ORDER BY workplace ASC
janv. 09, 2017 3:04:42 PM entity.ConfigSegment select
INFOS: FROM ConfigSegment bp ORDER BY segment ASC
janv. 09, 2017 3:04:42 PM entity.ConfigWorkplace select
INFOS: FROM ConfigWorkplace bp ORDER BY workplace ASC
janv. 09, 2017 3:04:45 PM entity.ConfigSegment select
INFOS: FROM ConfigSegment bp ORDER BY segment ASC
janv. 09, 2017 3:04:45 PM entity.ConfigWorkplace select
INFOS: FROM ConfigWorkplace bp ORDER BY workplace ASC
janv. 09, 2017 3:04:48 PM entity.ConfigSegment select
INFOS: FROM ConfigSegment bp ORDER BY segment ASC
janv. 09, 2017 3:04:48 PM entity.ConfigWorkplace select
INFOS: FROM ConfigWorkplace bp ORDER BY workplace ASC
janv. 09, 2017 3:04:48 PM entity.ConfigSegment select
INFOS: FROM ConfigSegment bp ORDER BY segment ASC
janv. 09, 2017 3:04:48 PM entity.ConfigWorkplace select
INFOS: FROM ConfigWorkplace bp ORDER BY workplace ASC
janv. 09, 2017 3:08:25 PM entity.ConfigSegment select
INFOS: FROM ConfigSegment bp ORDER BY segment ASC
janv. 09, 2017 3:08:25 PM entity.ConfigSegment select
INFOS: FROM ConfigSegment bp ORDER BY segment ASC
janv. 09, 2017 3:08:25 PM entity.ConfigWorkplace select
INFOS: FROM ConfigWorkplace bp ORDER BY workplace ASC
janv. 09, 2017 3:08:26 PM entity.ConfigSegment select
INFOS: FROM ConfigSegment bp ORDER BY segment ASC
janv. 09, 2017 3:08:26 PM entity.ConfigWorkplace select
INFOS: FROM ConfigWorkplace bp ORDER BY workplace ASC
janv. 09, 2017 3:08:28 PM entity.ConfigSegment select
INFOS: FROM ConfigSegment bp ORDER BY segment ASC
janv. 09, 2017 3:08:28 PM entity.ConfigWorkplace select
INFOS: FROM ConfigWorkplace bp ORDER BY workplace ASC
janv. 09, 2017 3:08:28 PM entity.ConfigSegment select
INFOS: FROM ConfigSegment bp ORDER BY segment ASC
janv. 09, 2017 3:08:28 PM entity.ConfigWorkplace select
INFOS: FROM ConfigWorkplace bp ORDER BY workplace ASC
janv. 09, 2017 3:08:29 PM entity.ConfigSegment select
INFOS: FROM ConfigSegment bp ORDER BY segment ASC
janv. 09, 2017 3:08:29 PM entity.ConfigWorkplace select
INFOS: FROM ConfigWorkplace bp ORDER BY workplace ASC
janv. 09, 2017 3:08:29 PM entity.ConfigSegment select
INFOS: FROM ConfigSegment bp ORDER BY segment ASC
janv. 09, 2017 3:08:29 PM entity.ConfigWorkplace select
INFOS: FROM ConfigWorkplace bp ORDER BY workplace ASC
janv. 09, 2017 3:08:36 PM entity.ConfigSegment select
INFOS: FROM ConfigSegment bp ORDER BY segment ASC
janv. 09, 2017 3:08:36 PM entity.ConfigWorkplace select
INFOS: FROM ConfigWorkplace bp ORDER BY workplace ASC
janv. 09, 2017 5:09:16 PM gui.config.CONFIG_UI0000_AdminPassword checkLoginAndPass
INFOS: User Admin   / 9999 connected to host WSMA7040 at 2017-01-09 17:09:16 Module : Planner.
janv. 10, 2017 8:17:35 AM entity.ConfigSegment select
INFOS: FROM ConfigSegment bp ORDER BY segment ASC
janv. 10, 2017 8:17:35 AM entity.ConfigSegment select
INFOS: FROM ConfigSegment bp ORDER BY segment ASC
janv. 10, 2017 8:17:35 AM entity.ConfigWorkplace select
INFOS: FROM ConfigWorkplace bp ORDER BY workplace ASC
janv. 10, 2017 8:17:46 AM entity.ConfigSegment select
INFOS: FROM ConfigSegment bp ORDER BY segment ASC
janv. 10, 2017 8:17:46 AM entity.ConfigWorkplace select
INFOS: FROM ConfigWorkplace bp ORDER BY workplace ASC
janv. 10, 2017 8:17:55 AM entity.ConfigSegment select
INFOS: FROM ConfigSegment bp ORDER BY segment ASC
janv. 10, 2017 8:17:55 AM entity.ConfigWorkplace select
INFOS: FROM ConfigWorkplace bp ORDER BY workplace ASC
janv. 10, 2017 8:17:55 AM entity.ConfigSegment select
INFOS: FROM ConfigSegment bp ORDER BY segment ASC
janv. 10, 2017 8:17:55 AM entity.ConfigWorkplace select
INFOS: FROM ConfigWorkplace bp ORDER BY workplace ASC
janv. 10, 2017 8:18:09 AM entity.ConfigSegment select
INFOS: FROM ConfigSegment bp ORDER BY segment ASC
janv. 10, 2017 8:18:09 AM entity.ConfigWorkplace select
INFOS: FROM ConfigWorkplace bp ORDER BY workplace ASC
janv. 10, 2017 8:18:09 AM entity.ConfigSegment select
INFOS: FROM ConfigSegment bp ORDER BY segment ASC
janv. 10, 2017 8:18:09 AM entity.ConfigWorkplace select
INFOS: FROM ConfigWorkplace bp ORDER BY workplace ASC
janv. 10, 2017 10:35:11 AM entity.ConfigSegment select
INFOS: FROM ConfigSegment bp ORDER BY segment ASC
janv. 10, 2017 10:35:11 AM entity.ConfigSegment select
INFOS: FROM ConfigSegment bp ORDER BY segment ASC
janv. 10, 2017 10:35:12 AM entity.ConfigWorkplace select
INFOS: FROM ConfigWorkplace bp ORDER BY workplace ASC
janv. 10, 2017 10:35:17 AM entity.ConfigSegment select
INFOS: FROM ConfigSegment bp ORDER BY segment ASC
janv. 10, 2017 10:35:17 AM entity.ConfigWorkplace select
INFOS: FROM ConfigWorkplace bp ORDER BY workplace ASC
janv. 10, 2017 10:35:21 AM entity.ConfigWorkplace selectBySegment
INFOS: FROM ConfigWorkplace bp WHERE segment = :segment ORDER BY workplace ASC
janv. 10, 2017 10:35:21 AM entity.ConfigWorkplace selectBySegment
INFOS: FROM ConfigWorkplace bp WHERE segment = :segment ORDER BY workplace ASC
janv. 10, 2017 10:35:21 AM entity.ConfigWorkplace selectBySegment
INFOS: FROM ConfigWorkplace bp WHERE segment = :segment ORDER BY workplace ASC
janv. 10, 2017 10:35:21 AM entity.ConfigWorkplace selectBySegment
INFOS: FROM ConfigWorkplace bp WHERE segment = :segment ORDER BY workplace ASC
janv. 10, 2017 10:35:21 AM entity.ConfigWorkplace selectBySegment
INFOS: FROM ConfigWorkplace bp WHERE segment = :segment ORDER BY workplace ASC
janv. 10, 2017 10:35:21 AM entity.ConfigWorkplace selectBySegment
INFOS: FROM ConfigWorkplace bp WHERE segment = :segment ORDER BY workplace ASC
janv. 10, 2017 10:35:22 AM entity.ConfigWorkplace selectBySegment
INFOS: FROM ConfigWorkplace bp WHERE segment = :segment ORDER BY workplace ASC
janv. 10, 2017 10:35:36 AM entity.ConfigSegment select
INFOS: FROM ConfigSegment bp ORDER BY segment ASC
janv. 10, 2017 10:35:36 AM entity.ConfigSegment select
INFOS: FROM ConfigSegment bp ORDER BY segment ASC
janv. 10, 2017 10:35:36 AM entity.ConfigWorkplace select
INFOS: FROM ConfigWorkplace bp ORDER BY workplace ASC
janv. 10, 2017 10:35:40 AM entity.ConfigSegment select
INFOS: FROM ConfigSegment bp ORDER BY segment ASC
janv. 10, 2017 10:35:40 AM entity.ConfigWorkplace select
INFOS: FROM ConfigWorkplace bp ORDER BY workplace ASC
janv. 10, 2017 10:43:16 AM entity.ConfigWorkplace selectBySegment
INFOS: FROM ConfigWorkplace bp WHERE segment = :segment ORDER BY workplace ASC
janv. 10, 2017 10:43:17 AM entity.ConfigWorkplace selectBySegment
INFOS: FROM ConfigWorkplace bp WHERE segment = :segment ORDER BY workplace ASC
janv. 10, 2017 10:43:17 AM entity.ConfigWorkplace selectBySegment
INFOS: FROM ConfigWorkplace bp WHERE segment = :segment ORDER BY workplace ASC
janv. 10, 2017 10:43:17 AM entity.ConfigWorkplace selectBySegment
INFOS: FROM ConfigWorkplace bp WHERE segment = :segment ORDER BY workplace ASC
janv. 10, 2017 10:43:17 AM entity.ConfigWorkplace selectBySegment
INFOS: FROM ConfigWorkplace bp WHERE segment = :segment ORDER BY workplace ASC
janv. 10, 2017 10:43:17 AM entity.ConfigWorkplace selectBySegment
INFOS: FROM ConfigWorkplace bp WHERE segment = :segment ORDER BY workplace ASC
janv. 10, 2017 10:43:20 AM entity.ConfigWorkplace selectBySegment
INFOS: FROM ConfigWorkplace bp WHERE segment = :segment ORDER BY workplace ASC
janv. 10, 2017 10:43:21 AM entity.ConfigWorkplace selectBySegment
INFOS: FROM ConfigWorkplace bp WHERE segment = :segment ORDER BY workplace ASC
janv. 10, 2017 10:44:02 AM entity.ConfigWorkplace selectBySegment
INFOS: FROM ConfigWorkplace bp WHERE segment = :segment ORDER BY workplace ASC
janv. 10, 2017 12:28:14 PM gui.config.CONFIG_UI0000_AdminPassword checkLoginAndPass
INFOS: User Admin   / 9999 connected to host WSMA7040 at 2017-01-10 12:28:14 Module : Planner.
janv. 10, 2017 12:30:56 PM gui.config.CONFIG_UI0000_AdminPassword checkLoginAndPass
INFOS: User Admin   / 9999 connected to host WSMA7040 at 2017-01-10 12:30:56 Module : Planner.
janv. 10, 2017 3:02:39 PM gui.config.CONFIG_UI0000_AdminPassword checkLoginAndPass
INFOS: User Admin   / 9999 connected to host WSMA7040 at 2017-01-10 15:02:39 Module : Planner.
janv. 10, 2017 4:14:52 PM gui.packaging.PACKAGING_UI0001_Main loadBarcodeConfig
INFOS: FROM ConfigBarcode cb WHERE cb.keyWord = :keyWord ORDER BY id ASC
janv. 10, 2017 4:14:52 PM entity.ConfigProject select
INFOS: FROM ConfigProject bp ORDER BY harnessType ASC
janv. 10, 2017 4:14:52 PM entity.ConfigProject select
INFOS: FROM ConfigProject bp ORDER BY harnessType ASC
janv. 10, 2017 4:36:18 PM entity.ConfigSegment select
INFOS: FROM ConfigSegment bp ORDER BY segment ASC
janv. 10, 2017 4:36:18 PM entity.ConfigSegment select
INFOS: FROM ConfigSegment bp ORDER BY segment ASC
janv. 10, 2017 4:36:18 PM entity.ConfigWorkplace select
INFOS: FROM ConfigWorkplace bp ORDER BY workplace ASC
janv. 10, 2017 4:36:25 PM entity.ConfigSegment select
INFOS: FROM ConfigSegment bp ORDER BY segment ASC
janv. 10, 2017 4:36:25 PM entity.ConfigWorkplace select
INFOS: FROM ConfigWorkplace bp ORDER BY workplace ASC
janv. 10, 2017 4:36:38 PM entity.ConfigSegment select
INFOS: FROM ConfigSegment bp ORDER BY segment ASC
janv. 10, 2017 4:36:38 PM entity.ConfigWorkplace select
INFOS: FROM ConfigWorkplace bp ORDER BY workplace ASC
janv. 10, 2017 4:38:13 PM entity.ConfigSegment select
INFOS: FROM ConfigSegment bp ORDER BY segment ASC
janv. 10, 2017 4:38:19 PM entity.ConfigSegment select
INFOS: FROM ConfigSegment bp ORDER BY segment ASC
janv. 10, 2017 4:38:19 PM entity.ConfigWorkplace select
INFOS: FROM ConfigWorkplace bp ORDER BY workplace ASC
janv. 10, 2017 4:38:24 PM entity.ConfigSegment select
INFOS: FROM ConfigSegment bp ORDER BY segment ASC
janv. 10, 2017 4:38:24 PM entity.ConfigWorkplace select
INFOS: FROM ConfigWorkplace bp ORDER BY workplace ASC
janv. 10, 2017 4:38:25 PM entity.ConfigSegment select
INFOS: FROM ConfigSegment bp ORDER BY segment ASC
janv. 10, 2017 4:38:25 PM entity.ConfigWorkplace select
INFOS: FROM ConfigWorkplace bp ORDER BY workplace ASC
janv. 10, 2017 4:38:25 PM entity.ConfigSegment select
INFOS: FROM ConfigSegment bp ORDER BY segment ASC
janv. 10, 2017 4:38:25 PM entity.ConfigWorkplace select
INFOS: FROM ConfigWorkplace bp ORDER BY workplace ASC
janv. 10, 2017 4:38:25 PM entity.ConfigSegment select
INFOS: FROM ConfigSegment bp ORDER BY segment ASC
janv. 10, 2017 4:38:25 PM entity.ConfigWorkplace select
INFOS: FROM ConfigWorkplace bp ORDER BY workplace ASC
janv. 10, 2017 4:41:52 PM entity.ConfigSegment select
INFOS: FROM ConfigSegment bp ORDER BY segment ASC
janv. 12, 2017 8:15:07 AM entity.ConfigProject select
INFOS: FROM ConfigProject bp ORDER BY harnessType ASC
janv. 12, 2017 8:15:51 AM entity.ConfigSegment select
INFOS: FROM ConfigSegment bp ORDER BY segment ASC
janv. 12, 2017 8:15:51 AM entity.ConfigSegment select
INFOS: FROM ConfigSegment bp ORDER BY segment ASC
janv. 12, 2017 8:15:51 AM entity.ConfigWorkplace select
INFOS: FROM ConfigWorkplace bp ORDER BY workplace ASC
janv. 12, 2017 8:15:54 AM entity.ConfigSegment select
INFOS: FROM ConfigSegment bp ORDER BY segment ASC
janv. 12, 2017 8:15:54 AM entity.ConfigWorkplace select
INFOS: FROM ConfigWorkplace bp ORDER BY workplace ASC
janv. 12, 2017 8:16:55 AM entity.ConfigWorkplace selectBySegment
INFOS: FROM ConfigWorkplace bp WHERE segment = :segment ORDER BY workplace ASC
janv. 12, 2017 8:16:55 AM entity.ConfigWorkplace selectBySegment
INFOS: FROM ConfigWorkplace bp WHERE segment = :segment ORDER BY workplace ASC
janv. 12, 2017 8:16:55 AM entity.ConfigWorkplace selectBySegment
INFOS: FROM ConfigWorkplace bp WHERE segment = :segment ORDER BY workplace ASC
janv. 12, 2017 8:16:55 AM entity.ConfigWorkplace selectBySegment
INFOS: FROM ConfigWorkplace bp WHERE segment = :segment ORDER BY workplace ASC
janv. 12, 2017 8:16:55 AM entity.ConfigWorkplace selectBySegment
INFOS: FROM ConfigWorkplace bp WHERE segment = :segment ORDER BY workplace ASC
janv. 12, 2017 8:16:55 AM entity.ConfigWorkplace selectBySegment
INFOS: FROM ConfigWorkplace bp WHERE segment = :segment ORDER BY workplace ASC
janv. 12, 2017 8:17:50 AM entity.ConfigSegment select
INFOS: FROM ConfigSegment bp ORDER BY segment ASC
janv. 12, 2017 8:17:50 AM entity.ConfigSegment select
INFOS: FROM ConfigSegment bp ORDER BY segment ASC
janv. 12, 2017 8:17:50 AM entity.ConfigWorkplace select
INFOS: FROM ConfigWorkplace bp ORDER BY workplace ASC
janv. 12, 2017 8:17:55 AM entity.ConfigSegment select
INFOS: FROM ConfigSegment bp ORDER BY segment ASC
janv. 12, 2017 8:17:55 AM entity.ConfigWorkplace select
INFOS: FROM ConfigWorkplace bp ORDER BY workplace ASC
janv. 12, 2017 8:18:36 AM entity.ConfigSegment select
INFOS: FROM ConfigSegment bp ORDER BY segment ASC
janv. 12, 2017 8:18:36 AM entity.ConfigWorkplace select
INFOS: FROM ConfigWorkplace bp ORDER BY workplace ASC
janv. 12, 2017 8:26:56 AM entity.ConfigWorkplace selectBySegment
INFOS: FROM ConfigWorkplace bp WHERE segment = :segment ORDER BY workplace ASC
janv. 12, 2017 8:26:56 AM entity.ConfigWorkplace selectBySegment
INFOS: FROM ConfigWorkplace bp WHERE segment = :segment ORDER BY workplace ASC
janv. 12, 2017 8:26:56 AM entity.ConfigWorkplace selectBySegment
INFOS: FROM ConfigWorkplace bp WHERE segment = :segment ORDER BY workplace ASC
janv. 12, 2017 8:26:56 AM entity.ConfigWorkplace selectBySegment
INFOS: FROM ConfigWorkplace bp WHERE segment = :segment ORDER BY workplace ASC
janv. 12, 2017 8:26:56 AM entity.ConfigWorkplace selectBySegment
INFOS: FROM ConfigWorkplace bp WHERE segment = :segment ORDER BY workplace ASC
janv. 12, 2017 8:26:56 AM entity.ConfigWorkplace selectBySegment
INFOS: FROM ConfigWorkplace bp WHERE segment = :segment ORDER BY workplace ASC
janv. 12, 2017 8:27:54 AM entity.ConfigWorkplace selectBySegment
INFOS: FROM ConfigWorkplace bp WHERE segment = :segment ORDER BY workplace ASC
janv. 12, 2017 8:27:54 AM entity.ConfigWorkplace selectBySegment
INFOS: FROM ConfigWorkplace bp WHERE segment = :segment ORDER BY workplace ASC
janv. 12, 2017 9:14:01 AM entity.ConfigSegment select
INFOS: FROM ConfigSegment bp ORDER BY segment ASC
janv. 12, 2017 9:14:01 AM entity.ConfigWorkplace select
INFOS: FROM ConfigWorkplace bp ORDER BY workplace ASC
janv. 12, 2017 9:14:01 AM entity.ConfigSegment select
INFOS: FROM ConfigSegment bp ORDER BY segment ASC
janv. 12, 2017 9:14:01 AM entity.ConfigWorkplace select
INFOS: FROM ConfigWorkplace bp ORDER BY workplace ASC
janv. 12, 2017 9:14:01 AM entity.ConfigSegment select
INFOS: FROM ConfigSegment bp ORDER BY segment ASC
janv. 12, 2017 9:14:01 AM entity.ConfigWorkplace select
INFOS: FROM ConfigWorkplace bp ORDER BY workplace ASC
janv. 12, 2017 9:14:01 AM entity.ConfigSegment select
INFOS: FROM ConfigSegment bp ORDER BY segment ASC
janv. 12, 2017 9:14:01 AM entity.ConfigWorkplace select
INFOS: FROM ConfigWorkplace bp ORDER BY workplace ASC
janv. 12, 2017 9:14:02 AM entity.ConfigSegment select
INFOS: FROM ConfigSegment bp ORDER BY segment ASC
janv. 12, 2017 9:14:02 AM entity.ConfigWorkplace select
INFOS: FROM ConfigWorkplace bp ORDER BY workplace ASC
janv. 12, 2017 9:14:17 AM gui.config.CONFIG_UI0000_AdminPassword checkLoginAndPass
INFOS: User Admin   / 9999 connected to host WSMA7040 at 2017-01-12 09:14:17 Module : Planner.
janv. 12, 2017 9:15:14 AM entity.ConfigSegment select
INFOS: FROM ConfigSegment bp ORDER BY segment ASC
janv. 12, 2017 9:15:14 AM entity.ConfigWorkplace select
INFOS: FROM ConfigWorkplace bp ORDER BY workplace ASC
janv. 12, 2017 9:15:15 AM entity.ConfigSegment select
INFOS: FROM ConfigSegment bp ORDER BY segment ASC
janv. 12, 2017 9:15:15 AM entity.ConfigWorkplace select
INFOS: FROM ConfigWorkplace bp ORDER BY workplace ASC
janv. 12, 2017 9:15:20 AM entity.ConfigWorkplace selectBySegment
INFOS: FROM ConfigWorkplace bp WHERE segment = :segment ORDER BY workplace ASC
janv. 12, 2017 9:15:20 AM entity.ConfigWorkplace selectBySegment
INFOS: FROM ConfigWorkplace bp WHERE segment = :segment ORDER BY workplace ASC
janv. 12, 2017 9:15:20 AM entity.ConfigWorkplace selectBySegment
INFOS: FROM ConfigWorkplace bp WHERE segment = :segment ORDER BY workplace ASC
janv. 12, 2017 9:15:20 AM entity.ConfigWorkplace selectBySegment
INFOS: FROM ConfigWorkplace bp WHERE segment = :segment ORDER BY workplace ASC
janv. 12, 2017 9:15:21 AM entity.ConfigWorkplace selectBySegment
INFOS: FROM ConfigWorkplace bp WHERE segment = :segment ORDER BY workplace ASC
janv. 12, 2017 9:15:21 AM entity.ConfigWorkplace selectBySegment
INFOS: FROM ConfigWorkplace bp WHERE segment = :segment ORDER BY workplace ASC
janv. 12, 2017 9:18:20 AM entity.ConfigWorkplace selectBySegment
INFOS: FROM ConfigWorkplace bp WHERE segment = :segment ORDER BY workplace ASC
janv. 12, 2017 9:20:31 AM entity.ConfigWorkplace selectBySegment
INFOS: FROM ConfigWorkplace bp WHERE segment = :segment ORDER BY workplace ASC
janv. 12, 2017 9:23:57 AM gui.config.CONFIG_UI0000_AdminPassword checkLoginAndPass
INFOS: User Admin   / 9999 connected to host WSMA7040 at 2017-01-12 09:23:57 Module : Planner.
janv. 12, 2017 9:30:08 AM gui.config.CONFIG_UI0000_AdminPassword checkLoginAndPass
INFOS: User Admin   / 9999 connected to host WSMA7040 at 2017-01-12 09:30:08 Module : Planner.
janv. 12, 2017 11:34:28 AM entity.ConfigSegment select
INFOS: FROM ConfigSegment bp ORDER BY segment ASC
janv. 12, 2017 11:35:34 AM entity.ConfigSegment select
INFOS: FROM ConfigSegment bp ORDER BY segment ASC
janv. 12, 2017 11:35:34 AM entity.ConfigSegment select
INFOS: FROM ConfigSegment bp ORDER BY segment ASC
janv. 12, 2017 11:35:34 AM entity.ConfigWorkplace select
INFOS: FROM ConfigWorkplace bp ORDER BY workplace ASC
janv. 12, 2017 11:35:37 AM entity.ConfigSegment select
INFOS: FROM ConfigSegment bp ORDER BY segment ASC
janv. 12, 2017 11:35:37 AM entity.ConfigWorkplace select
INFOS: FROM ConfigWorkplace bp ORDER BY workplace ASC
janv. 12, 2017 11:35:40 AM entity.ConfigWorkplace selectBySegment
INFOS: FROM ConfigWorkplace bp WHERE segment = :segment ORDER BY workplace ASC
janv. 12, 2017 11:35:40 AM entity.ConfigWorkplace selectBySegment
INFOS: FROM ConfigWorkplace bp WHERE segment = :segment ORDER BY workplace ASC
janv. 12, 2017 11:35:40 AM entity.ConfigWorkplace selectBySegment
INFOS: FROM ConfigWorkplace bp WHERE segment = :segment ORDER BY workplace ASC
janv. 12, 2017 11:35:40 AM entity.ConfigWorkplace selectBySegment
INFOS: FROM ConfigWorkplace bp WHERE segment = :segment ORDER BY workplace ASC
janv. 12, 2017 11:35:40 AM entity.ConfigWorkplace selectBySegment
INFOS: FROM ConfigWorkplace bp WHERE segment = :segment ORDER BY workplace ASC
janv. 12, 2017 11:35:40 AM entity.ConfigWorkplace selectBySegment
INFOS: FROM ConfigWorkplace bp WHERE segment = :segment ORDER BY workplace ASC
janv. 12, 2017 11:36:11 AM entity.ConfigSegment select
INFOS: FROM ConfigSegment bp ORDER BY segment ASC
janv. 12, 2017 11:36:16 AM entity.ConfigSegment select
INFOS: FROM ConfigSegment bp ORDER BY segment ASC
janv. 12, 2017 11:36:16 AM entity.ConfigWorkplace select
INFOS: FROM ConfigWorkplace bp ORDER BY workplace ASC
janv. 12, 2017 12:14:38 PM entity.ConfigSegment select
INFOS: FROM ConfigSegment bp ORDER BY segment ASC
janv. 12, 2017 12:14:38 PM entity.ConfigSegment select
INFOS: FROM ConfigSegment bp ORDER BY segment ASC
janv. 12, 2017 12:14:38 PM entity.ConfigWorkplace select
INFOS: FROM ConfigWorkplace bp ORDER BY workplace ASC
janv. 12, 2017 12:14:49 PM entity.ConfigSegment select
INFOS: FROM ConfigSegment bp ORDER BY segment ASC
janv. 12, 2017 12:14:49 PM entity.ConfigWorkplace select
INFOS: FROM ConfigWorkplace bp ORDER BY workplace ASC
janv. 12, 2017 2:18:51 PM entity.ConfigSegment select
INFOS: FROM ConfigSegment bp ORDER BY segment ASC
janv. 12, 2017 2:18:51 PM entity.ConfigSegment select
INFOS: FROM ConfigSegment bp ORDER BY segment ASC
janv. 12, 2017 2:18:51 PM entity.ConfigWorkplace select
INFOS: FROM ConfigWorkplace bp ORDER BY workplace ASC
janv. 12, 2017 2:18:53 PM entity.ConfigSegment select
INFOS: FROM ConfigSegment bp ORDER BY segment ASC
janv. 12, 2017 2:18:53 PM entity.ConfigWorkplace select
INFOS: FROM ConfigWorkplace bp ORDER BY workplace ASC
janv. 12, 2017 2:19:53 PM gui.packaging.PACKAGING_UI0001_Main loadBarcodeConfig
INFOS: FROM ConfigBarcode cb WHERE cb.keyWord = :keyWord ORDER BY id ASC
janv. 12, 2017 2:19:53 PM entity.ConfigProject select
INFOS: FROM ConfigProject bp ORDER BY harnessType ASC
janv. 12, 2017 2:19:53 PM entity.ConfigProject select
INFOS: FROM ConfigProject bp ORDER BY harnessType ASC
janv. 12, 2017 2:20:04 PM gui.config.CONFIG_UI0000_AdminPassword checkLoginAndPass
INFOS: User Admin   / 9999 connected to host WSMA7040 at 2017-01-12 14:20:04 Module : Planner.
janv. 12, 2017 2:21:57 PM gui.config.CONFIG_UI0000_AdminPassword checkLoginAndPass
INFOS: User Admin   / 9999 connected to host WSMA7040 at 2017-01-12 14:21:57 Module : Planner.
janv. 12, 2017 2:28:13 PM entity.ConfigWorkplace selectBySegment
INFOS: FROM ConfigWorkplace bp WHERE segment = :segment ORDER BY workplace ASC
janv. 12, 2017 2:28:13 PM entity.ConfigWorkplace selectBySegment
INFOS: FROM ConfigWorkplace bp WHERE segment = :segment ORDER BY workplace ASC
janv. 12, 2017 2:28:13 PM entity.ConfigWorkplace selectBySegment
INFOS: FROM ConfigWorkplace bp WHERE segment = :segment ORDER BY workplace ASC
janv. 12, 2017 2:28:13 PM entity.ConfigWorkplace selectBySegment
INFOS: FROM ConfigWorkplace bp WHERE segment = :segment ORDER BY workplace ASC
janv. 12, 2017 2:28:13 PM entity.ConfigWorkplace selectBySegment
INFOS: FROM ConfigWorkplace bp WHERE segment = :segment ORDER BY workplace ASC
janv. 12, 2017 2:28:13 PM entity.ConfigWorkplace selectBySegment
INFOS: FROM ConfigWorkplace bp WHERE segment = :segment ORDER BY workplace ASC
janv. 12, 2017 2:28:15 PM entity.ConfigWorkplace selectBySegment
INFOS: FROM ConfigWorkplace bp WHERE segment = :segment ORDER BY workplace ASC
janv. 12, 2017 2:28:16 PM entity.ConfigWorkplace selectBySegment
INFOS: FROM ConfigWorkplace bp WHERE segment = :segment ORDER BY workplace ASC
janv. 12, 2017 2:28:16 PM entity.ConfigWorkplace selectBySegment
INFOS: FROM ConfigWorkplace bp WHERE segment = :segment ORDER BY workplace ASC
janv. 12, 2017 2:28:16 PM entity.ConfigWorkplace selectBySegment
INFOS: FROM ConfigWorkplace bp WHERE segment = :segment ORDER BY workplace ASC
janv. 12, 2017 2:28:16 PM entity.ConfigWorkplace selectBySegment
INFOS: FROM ConfigWorkplace bp WHERE segment = :segment ORDER BY workplace ASC
janv. 12, 2017 2:28:16 PM entity.ConfigWorkplace selectBySegment
INFOS: FROM ConfigWorkplace bp WHERE segment = :segment ORDER BY workplace ASC
janv. 12, 2017 2:29:16 PM gui.config.CONFIG_UI0000_AdminPassword checkLoginAndPass
INFOS: User Admin   / 9999 connected to host WSMA7040 at 2017-01-12 14:29:16 Module : Planner.
janv. 12, 2017 2:37:44 PM gui.packaging.PACKAGING_UI0001_Main loadBarcodeConfig
INFOS: FROM ConfigBarcode cb WHERE cb.keyWord = :keyWord ORDER BY id ASC
janv. 12, 2017 2:37:44 PM entity.ConfigProject select
INFOS: FROM ConfigProject bp ORDER BY harnessType ASC
janv. 12, 2017 2:37:44 PM entity.ConfigProject select
INFOS: FROM ConfigProject bp ORDER BY harnessType ASC
janv. 12, 2017 2:37:48 PM entity.ConfigSegment select
INFOS: FROM ConfigSegment bp ORDER BY segment ASC
janv. 12, 2017 2:37:48 PM entity.ConfigSegment select
INFOS: FROM ConfigSegment bp ORDER BY segment ASC
janv. 12, 2017 2:37:48 PM entity.ConfigWorkplace select
INFOS: FROM ConfigWorkplace bp ORDER BY workplace ASC
janv. 12, 2017 2:37:51 PM entity.ConfigSegment select
INFOS: FROM ConfigSegment bp ORDER BY segment ASC
janv. 12, 2017 2:37:51 PM entity.ConfigWorkplace select
INFOS: FROM ConfigWorkplace bp ORDER BY workplace ASC
janv. 12, 2017 2:37:53 PM entity.ConfigWorkplace selectBySegment
INFOS: FROM ConfigWorkplace bp WHERE segment = :segment ORDER BY workplace ASC
janv. 12, 2017 2:37:54 PM entity.ConfigWorkplace selectBySegment
INFOS: FROM ConfigWorkplace bp WHERE segment = :segment ORDER BY workplace ASC
janv. 12, 2017 2:37:54 PM entity.ConfigWorkplace selectBySegment
INFOS: FROM ConfigWorkplace bp WHERE segment = :segment ORDER BY workplace ASC
janv. 12, 2017 2:37:54 PM entity.ConfigWorkplace selectBySegment
INFOS: FROM ConfigWorkplace bp WHERE segment = :segment ORDER BY workplace ASC
janv. 12, 2017 2:37:54 PM entity.ConfigWorkplace selectBySegment
INFOS: FROM ConfigWorkplace bp WHERE segment = :segment ORDER BY workplace ASC
janv. 12, 2017 2:37:54 PM entity.ConfigWorkplace selectBySegment
INFOS: FROM ConfigWorkplace bp WHERE segment = :segment ORDER BY workplace ASC
janv. 12, 2017 2:37:58 PM entity.ConfigSegment select
INFOS: FROM ConfigSegment bp ORDER BY segment ASC
janv. 12, 2017 2:37:58 PM entity.ConfigWorkplace select
INFOS: FROM ConfigWorkplace bp ORDER BY workplace ASC
janv. 12, 2017 2:37:58 PM entity.ConfigSegment select
INFOS: FROM ConfigSegment bp ORDER BY segment ASC
janv. 12, 2017 2:37:58 PM entity.ConfigWorkplace select
INFOS: FROM ConfigWorkplace bp ORDER BY workplace ASC
janv. 12, 2017 2:37:59 PM entity.ConfigSegment select
INFOS: FROM ConfigSegment bp ORDER BY segment ASC
janv. 12, 2017 2:37:59 PM entity.ConfigWorkplace select
INFOS: FROM ConfigWorkplace bp ORDER BY workplace ASC
janv. 12, 2017 2:38:02 PM entity.ConfigSegment select
INFOS: FROM ConfigSegment bp ORDER BY segment ASC
janv. 12, 2017 2:38:02 PM entity.ConfigWorkplace select
INFOS: FROM ConfigWorkplace bp ORDER BY workplace ASC
janv. 12, 2017 2:38:02 PM entity.ConfigSegment select
INFOS: FROM ConfigSegment bp ORDER BY segment ASC
janv. 12, 2017 2:38:02 PM entity.ConfigWorkplace select
INFOS: FROM ConfigWorkplace bp ORDER BY workplace ASC
janv. 12, 2017 2:38:04 PM entity.ConfigSegment select
INFOS: FROM ConfigSegment bp ORDER BY segment ASC
janv. 12, 2017 2:38:04 PM entity.ConfigWorkplace select
INFOS: FROM ConfigWorkplace bp ORDER BY workplace ASC
janv. 12, 2017 2:38:04 PM entity.ConfigSegment select
INFOS: FROM ConfigSegment bp ORDER BY segment ASC
janv. 12, 2017 2:38:04 PM entity.ConfigWorkplace select
INFOS: FROM ConfigWorkplace bp ORDER BY workplace ASC
janv. 12, 2017 4:35:43 PM entity.ConfigSegment select
INFOS: FROM ConfigSegment bp ORDER BY segment ASC
janv. 12, 2017 4:36:19 PM gui.config.CONFIG_UI0000_AdminPassword checkLoginAndPass
INFOS: User Admin   / 9999 connected to host WSMA7040 at 2017-01-12 16:36:19 Module : Planner.
janv. 12, 2017 4:39:19 PM gui.config.CONFIG_UI0000_AdminPassword checkLoginAndPass
INFOS: User Admin   / 9999 connected to host WSMA7040 at 2017-01-12 16:39:19 Module : Planner.
janv. 12, 2017 4:41:07 PM gui.packaging.PACKAGING_UI0002_PasswordRequest connect
INFOS: User Talsaoui Mohammed / 17090 connected to host WSMA7040 at 2017-01-12 16:41:07 Project : ENGINE.
janv. 12, 2017 4:42:13 PM gui.config.CONFIG_UI0000_AdminPassword checkLoginAndPass
INFOS: User Admin   / 9999 connected to host WSMA7040 at 2017-01-12 16:42:13 Module : Planner.
janv. 12, 2017 4:43:47 PM entity.ConfigUcs isHarnessPartExist
INFOS: Searching Harness part [22831251] in ConfigUCS: ENGINE
janv. 12, 2017 4:43:47 PM entity.ConfigUcs isHarnessPartExist
INFOS: Harness part [22831251] NOT found.
janv. 12, 2017 4:43:47 PM state.S020_HarnessPartScan doAction
AVERTISSEMENT: Harness part [P22831251] NOT found in UCS [ENGINE].
janv. 13, 2017 8:05:04 AM entity.ConfigSegment select
INFOS: FROM ConfigSegment bp ORDER BY segment ASC
janv. 13, 2017 8:05:04 AM entity.ConfigSegment select
INFOS: FROM ConfigSegment bp ORDER BY segment ASC
janv. 13, 2017 8:05:04 AM entity.ConfigWorkplace select
INFOS: FROM ConfigWorkplace bp ORDER BY workplace ASC
janv. 13, 2017 8:05:08 AM entity.ConfigSegment select
INFOS: FROM ConfigSegment bp ORDER BY segment ASC
janv. 13, 2017 8:05:08 AM entity.ConfigWorkplace select
INFOS: FROM ConfigWorkplace bp ORDER BY workplace ASC
janv. 13, 2017 8:05:23 AM entity.ConfigWorkplace selectBySegment
INFOS: FROM ConfigWorkplace bp WHERE segment = :segment ORDER BY workplace ASC
janv. 13, 2017 8:05:23 AM entity.ConfigWorkplace selectBySegment
INFOS: FROM ConfigWorkplace bp WHERE segment = :segment ORDER BY workplace ASC
janv. 13, 2017 8:05:23 AM entity.ConfigWorkplace selectBySegment
INFOS: FROM ConfigWorkplace bp WHERE segment = :segment ORDER BY workplace ASC
janv. 13, 2017 8:05:23 AM entity.ConfigWorkplace selectBySegment
INFOS: FROM ConfigWorkplace bp WHERE segment = :segment ORDER BY workplace ASC
janv. 13, 2017 8:05:23 AM entity.ConfigWorkplace selectBySegment
INFOS: FROM ConfigWorkplace bp WHERE segment = :segment ORDER BY workplace ASC
janv. 13, 2017 8:05:23 AM entity.ConfigWorkplace selectBySegment
INFOS: FROM ConfigWorkplace bp WHERE segment = :segment ORDER BY workplace ASC
janv. 13, 2017 8:05:47 AM entity.ConfigWorkplace selectBySegment
INFOS: FROM ConfigWorkplace bp WHERE segment = :segment ORDER BY workplace ASC
janv. 13, 2017 8:05:47 AM entity.ConfigWorkplace selectBySegment
INFOS: FROM ConfigWorkplace bp WHERE segment = :segment ORDER BY workplace ASC
janv. 13, 2017 8:06:26 AM entity.ConfigWorkplace selectBySegment
INFOS: FROM ConfigWorkplace bp WHERE segment = :segment ORDER BY workplace ASC
janv. 13, 2017 8:07:55 AM entity.ConfigSegment select
INFOS: FROM ConfigSegment bp ORDER BY segment ASC
janv. 13, 2017 8:07:55 AM entity.ConfigSegment select
INFOS: FROM ConfigSegment bp ORDER BY segment ASC
janv. 13, 2017 8:07:55 AM entity.ConfigWorkplace select
INFOS: FROM ConfigWorkplace bp ORDER BY workplace ASC
janv. 13, 2017 8:08:04 AM entity.ConfigSegment select
INFOS: FROM ConfigSegment bp ORDER BY segment ASC
janv. 13, 2017 8:08:04 AM entity.ConfigWorkplace select
INFOS: FROM ConfigWorkplace bp ORDER BY workplace ASC
janv. 13, 2017 8:09:52 AM entity.ConfigSegment select
INFOS: FROM ConfigSegment bp ORDER BY segment ASC
janv. 13, 2017 8:20:41 AM entity.ConfigSegment select
INFOS: FROM ConfigSegment bp ORDER BY segment ASC
janv. 13, 2017 8:20:41 AM entity.ConfigSegment select
INFOS: FROM ConfigSegment bp ORDER BY segment ASC
janv. 13, 2017 8:20:41 AM entity.ConfigWorkplace select
INFOS: FROM ConfigWorkplace bp ORDER BY workplace ASC
janv. 13, 2017 8:20:45 AM entity.ConfigSegment select
INFOS: FROM ConfigSegment bp ORDER BY segment ASC
janv. 13, 2017 8:20:45 AM entity.ConfigWorkplace select
INFOS: FROM ConfigWorkplace bp ORDER BY workplace ASC
janv. 13, 2017 8:20:56 AM entity.ConfigSegment select
INFOS: FROM ConfigSegment bp ORDER BY segment ASC
janv. 13, 2017 8:20:56 AM entity.ConfigSegment select
INFOS: FROM ConfigSegment bp ORDER BY segment ASC
janv. 13, 2017 8:20:56 AM entity.ConfigWorkplace select
INFOS: FROM ConfigWorkplace bp ORDER BY workplace ASC
janv. 13, 2017 8:21:06 AM entity.ConfigSegment select
INFOS: FROM ConfigSegment bp ORDER BY segment ASC
janv. 13, 2017 8:21:06 AM entity.ConfigWorkplace select
INFOS: FROM ConfigWorkplace bp ORDER BY workplace ASC
janv. 13, 2017 8:21:08 AM entity.ConfigWorkplace selectBySegment
INFOS: FROM ConfigWorkplace bp WHERE segment = :segment ORDER BY workplace ASC
janv. 13, 2017 8:21:08 AM entity.ConfigWorkplace selectBySegment
INFOS: FROM ConfigWorkplace bp WHERE segment = :segment ORDER BY workplace ASC
janv. 13, 2017 8:21:08 AM entity.ConfigWorkplace selectBySegment
INFOS: FROM ConfigWorkplace bp WHERE segment = :segment ORDER BY workplace ASC
janv. 13, 2017 8:21:09 AM entity.ConfigWorkplace selectBySegment
INFOS: FROM ConfigWorkplace bp WHERE segment = :segment ORDER BY workplace ASC
janv. 13, 2017 8:21:09 AM entity.ConfigWorkplace selectBySegment
INFOS: FROM ConfigWorkplace bp WHERE segment = :segment ORDER BY workplace ASC
janv. 13, 2017 8:21:09 AM entity.ConfigWorkplace selectBySegment
INFOS: FROM ConfigWorkplace bp WHERE segment = :segment ORDER BY workplace ASC
janv. 13, 2017 9:51:38 AM entity.ConfigSegment select
INFOS: FROM ConfigSegment bp ORDER BY segment ASC
janv. 13, 2017 12:57:00 PM entity.ConfigSegment select
INFOS: FROM ConfigSegment bp ORDER BY segment ASC
janv. 13, 2017 4:45:27 PM entity.ConfigSegment select
INFOS: FROM ConfigSegment bp ORDER BY segment ASC
janv. 13, 2017 4:45:27 PM entity.ConfigSegment select
INFOS: FROM ConfigSegment bp ORDER BY segment ASC
janv. 13, 2017 4:45:27 PM entity.ConfigWorkplace select
INFOS: FROM ConfigWorkplace bp ORDER BY workplace ASC
janv. 13, 2017 4:45:32 PM entity.ConfigSegment select
INFOS: FROM ConfigSegment bp ORDER BY segment ASC
janv. 13, 2017 4:45:32 PM entity.ConfigWorkplace select
INFOS: FROM ConfigWorkplace bp ORDER BY workplace ASC
