mai 06, 2016 8:10:44 AM helper.Helper InitDailyDestPrintDir
INFOS: Print directory [.\print\2016_05_06] is created!
Print sub directory [.\print\2016_05_06.\open_sheet] is created!
Print sub directory [.\print\2016_05_06.\closing_sheet] is created!
Print sub directory [.\print\2016_05_06.\picking_label] is created!

mai 06, 2016 8:10:45 AM entity.ConfigProject select
INFOS: FROM ConfigProject bp ORDER BY harnessType ASC
mai 06, 2016 8:10:45 AM entity.ConfigProject select
INFOS: FROM ConfigProject bp ORDER BY harnessType ASC
mai 06, 2016 8:11:35 AM entity.ConfigProject select
INFOS: FROM ConfigProject bp ORDER BY harnessType ASC
mai 06, 2016 8:13:11 AM helper.Helper InitDailyDestPrintDir
INFOS: Print directory [.\print\2016_05_06] already exist!
Print sub directory [.\print\2016_05_06.\open_sheet] already exist!
Print sub directory [.\print\2016_05_06.\closing_sheet] already exist!
Print sub directory [.\print\2016_05_06.\picking_label] already exist!

mai 06, 2016 8:17:19 AM entity.ConfigProject select
INFOS: FROM ConfigProject bp ORDER BY harnessType ASC
mai 06, 2016 8:17:19 AM entity.ConfigProject select
INFOS: FROM ConfigProject bp ORDER BY harnessType ASC
mai 06, 2016 8:17:23 AM entity.ConfigProject select
INFOS: FROM ConfigProject bp ORDER BY harnessType ASC
mai 06, 2016 9:11:04 AM entity.ConfigProject select
INFOS: FROM ConfigProject bp ORDER BY harnessType ASC
mai 06, 2016 11:07:24 AM helper.Helper InitDailyDestPrintDir
INFOS: Print directory [.\print\2016_05_06] already exist!
Print sub directory [.\print\2016_05_06.\open_sheet] already exist!
Print sub directory [.\print\2016_05_06.\closing_sheet] already exist!
Print sub directory [.\print\2016_05_06.\picking_label] already exist!

mai 06, 2016 11:07:31 AM entity.ConfigProject select
INFOS: FROM ConfigProject bp ORDER BY harnessType ASC
mai 06, 2016 11:07:31 AM entity.ConfigProject select
INFOS: FROM ConfigProject bp ORDER BY harnessType ASC
mai 06, 2016 11:07:37 AM entity.ConfigProject select
INFOS: FROM ConfigProject bp ORDER BY harnessType ASC
mai 06, 2016 11:08:50 AM helper.Helper InitDailyDestPrintDir
INFOS: Print directory [.\print\2016_05_06] already exist!
Print sub directory [.\print\2016_05_06.\open_sheet] already exist!
Print sub directory [.\print\2016_05_06.\closing_sheet] already exist!
Print sub directory [.\print\2016_05_06.\picking_label] already exist!

mai 06, 2016 11:08:58 AM entity.ConfigProject select
INFOS: FROM ConfigProject bp ORDER BY harnessType ASC
mai 06, 2016 11:09:01 AM entity.ConfigProject select
INFOS: FROM ConfigProject bp ORDER BY harnessType ASC
mai 06, 2016 11:09:01 AM entity.ConfigProject select
INFOS: FROM ConfigProject bp ORDER BY harnessType ASC
mai 06, 2016 11:09:03 AM entity.ConfigProject select
INFOS: FROM ConfigProject bp ORDER BY harnessType ASC
mai 06, 2016 5:12:07 PM helper.Helper InitDailyDestPrintDir
INFOS: Print directory [.\print\2016_05_06] already exist!
Print sub directory [.\print\2016_05_06.\open_sheet] already exist!
Print sub directory [.\print\2016_05_06.\closing_sheet] already exist!
Print sub directory [.\print\2016_05_06.\picking_label] already exist!

mai 06, 2016 5:12:09 PM entity.ConfigProject select
INFOS: FROM ConfigProject bp ORDER BY harnessType ASC
mai 06, 2016 5:12:09 PM entity.ConfigProject select
INFOS: FROM ConfigProject bp ORDER BY harnessType ASC
mai 06, 2016 5:12:19 PM entity.ConfigProject select
INFOS: FROM ConfigProject bp ORDER BY harnessType ASC
mai 06, 2016 5:12:25 PM state.S010_UserCodeScan doAction
INFOS: User Admin   / 9999 connected to host WSMA7040 at 2016-05-06 17:12:25 Project : ENGINE.
mai 06, 2016 5:14:05 PM entity.ConfigProject select
INFOS: FROM ConfigProject bp ORDER BY harnessType ASC
mai 06, 2016 5:14:08 PM entity.ConfigProject select
INFOS: FROM ConfigProject bp ORDER BY harnessType ASC
mai 06, 2016 5:14:29 PM gui.packaging.PACKAGING_UI9001_DropPalletConfirmation ok_btnActionPerformed
INFOS: Droping harness list...3
mai 06, 2016 5:16:23 PM entity.ConfigProject select
INFOS: FROM ConfigProject bp ORDER BY harnessType ASC
mai 06, 2016 5:16:39 PM entity.ConfigProject select
INFOS: FROM ConfigProject bp ORDER BY harnessType ASC
mai 06, 2016 5:16:43 PM entity.ConfigUcs isHarnessPartExist
INFOS: Searching Harness part [22205127] in ConfigUCS: ENGINE
mai 06, 2016 5:16:43 PM entity.ConfigUcs isHarnessPartExist
INFOS: Harness part [22205127] NOT found.
mai 06, 2016 5:16:43 PM state.S020_HarnessPartScan doAction
AVERTISSEMENT: Harness part [P22205127] NOT found in UCS [ENGINE].
mai 06, 2016 5:16:52 PM state.S010_UserCodeScan doAction
INFOS: Invalid matricule number or account locked !
mai 06, 2016 5:16:58 PM state.S010_UserCodeScan doAction
INFOS: User Mohamed Ramali / 14228 connected to host WSMA7040 at 2016-05-06 17:16:58 Project : SMALL.
mai 06, 2016 5:17:01 PM entity.BaseHarness checkHarnessPartFormat
INFOS: Invalid Harness Part scanned [22205127] !
mai 06, 2016 5:17:01 PM state.S020_HarnessPartScan doAction
AVERTISSEMENT: Invalid Harness Part scanned [22205127] !
mai 06, 2016 5:17:02 PM entity.ConfigUcs isHarnessPartExist
INFOS: Searching Harness part [22205127] in ConfigUCS: SMALL
mai 06, 2016 5:17:02 PM entity.ConfigUcs isHarnessPartExist
INFOS: Harness part [22205127] found for project [SMALL].
mai 06, 2016 5:17:02 PM state.S020_HarnessPartScan doAction
INFOS: Harness Part scanned [P22205127] OK.
mai 06, 2016 5:17:21 PM entity.BaseHarness isCounterExist
INFOS: Searching Harness counter [P2220512705.02.2016;00:00:02] in BaseHarness.
mai 06, 2016 5:17:21 PM entity.BaseHarness isCounterExist
INFOS: FROM BaseHarness bh WHERE bh.counter = :counter
mai 06, 2016 5:17:21 PM state.S030_MatrixIdScan doAction
INFOS: Valid Harness Counter scanned [P2220512705.02.2016;00:00:02] OK.
mai 06, 2016 5:17:25 PM state.S040_PalletChoice doAction
INFOS: Is it a new pallet ?
mai 06, 2016 5:17:25 PM state.S040_PalletChoice doAction
INFOS:  [Yes]
mai 06, 2016 5:17:25 PM gui.packaging.PACKAGING_UI9000_ChoosePackType <init>
INFOS: Item found 22205127--26C03051A--P03--kltv-780--150
mai 06, 2016 5:17:25 PM gui.packaging.PACKAGING_UI9000_ChoosePackType <init>
INFOS: 1 UCS founds for Harness Part[22205127].
mai 06, 2016 5:17:28 PM gui.packaging.PACKAGING_UI9000_ChoosePackType mappingContextVals
INFOS: Selected pack type : 22205127--26C03051A--P03--kltv-780--150 
mai 06, 2016 5:17:28 PM helper.Helper InitDailyDestPrintDir
INFOS: nullPrint directory [.\print\2016_05_06] already exist!
Print sub directory [.\print\2016_05_06.\open_sheet] already exist!
Print sub directory [.\print\2016_05_06.\closing_sheet] already exist!
Print sub directory [.\print\2016_05_06.\picking_label] already exist!

mai 06, 2016 5:17:29 PM helper.PrinterHelper saveAndPrintOpenSheet
INFOS: Set Pallet [200000484] state to [IN_PROCESS]
mai 06, 2016 5:17:29 PM print.PrintOpenPallet_A5 sentToDefaultDesktopPrinter
INFOS: Sending [.\print\2016_05_06\open_sheet\PrintOpenPallet_A5_2016_05_06_17_17_29_200000484.pdf] to the default printer...
mai 06, 2016 5:17:29 PM print.PrintOpenPallet_A5 sentToDefaultDesktopPrinter
INFOS: File [%s] has been printed.
mai 06, 2016 5:17:29 PM helper.PrinterHelper saveAndPrintOpenSheet
INFOS: Set Pallet [200000484] state to [PRINTED]
mai 06, 2016 5:17:29 PM gui.packaging.PACKAGING_UI9000_ChoosePackType items_listKeyPressed
INFOS: Openning new container for first harness part [22205127].
mai 06, 2016 5:17:38 PM state.S041_NewPalletScan doAction
INFOS: Scanned Pallet number [200000484] OK.
mai 06, 2016 5:17:38 PM state.S041_NewPalletScan doAction
INFOS: BaseContainer created BaseContainer{id=756,
 createTime=Fri May 06 17:17:38 WEST 2016,
 writeTime=Fri May 06 17:17:38 WEST 2016,
 createId=6,
 writeId=6,
 user=14228,
 startTime=Fri May 06 17:17:38 WEST 2016,
 completeTime=null,
 workTime=null,
 palletNumber=200000484,
 harnessPart=22205127,
 harnessIndex=P03,
 supplierPartNumber=26C03051A,
 qtyExpected=150,
 qtyRead=1,
 containerState=OPEN,
 containerStateCode=1000,
 packType=kltv-780,
 harnessType=SMALL,
 harnessList=[]} 
mai 06, 2016 5:17:40 PM entity.ConfigProject select
INFOS: FROM ConfigProject bp ORDER BY harnessType ASC
mai 06, 2016 5:18:19 PM entity.ConfigUcs isHarnessPartExist
INFOS: Searching Harness part [22205127] in ConfigUCS: SMALL
mai 06, 2016 5:18:19 PM entity.ConfigUcs isHarnessPartExist
INFOS: Harness part [22205127] found for project [SMALL].
mai 06, 2016 5:18:19 PM state.S020_HarnessPartScan doAction
INFOS: Harness Part scanned [P22205127] OK.
mai 06, 2016 5:18:21 PM entity.BaseHarness isCounterExist
INFOS: Searching Harness counter [P2220512700.00.0000;00:00:02] in BaseHarness.
mai 06, 2016 5:18:21 PM entity.BaseHarness isCounterExist
INFOS: FROM BaseHarness bh WHERE bh.counter = :counter
mai 06, 2016 5:18:21 PM state.S030_MatrixIdScan doAction
INFOS: Valid Harness Counter scanned [P2220512700.00.0000;00:00:02] OK.
mai 06, 2016 5:18:24 PM state.S040_PalletChoice doAction
INFOS: Is it a new pallet ?
mai 06, 2016 5:18:24 PM state.S040_PalletChoice doAction
INFOS:  [No]
mai 06, 2016 5:18:24 PM state.S040_PalletChoice doAction
INFOS: Pallet values 
mai 06, 2016 5:18:24 PM state.S040_PalletChoice doAction
INFOS: State           :   [true]
mai 06, 2016 5:18:24 PM state.S040_PalletChoice doAction
INFOS: Qty Expected    :   [150]
mai 06, 2016 5:18:24 PM state.S040_PalletChoice doAction
INFOS: Qty Read        :   [1]
mai 06, 2016 5:18:24 PM state.S040_PalletChoice doAction
INFOS: Harness Part [22205127] = Context Harness Part [22205127]
mai 06, 2016 5:18:24 PM state.S040_PalletChoice doAction
INFOS: Harness Type [SMALL] = Context Harness Type [SMALL]
mai 06, 2016 5:18:27 PM entity.ConfigProject select
INFOS: FROM ConfigProject bp ORDER BY harnessType ASC
mai 06, 2016 5:19:26 PM entity.ConfigUcs isHarnessPartExist
INFOS: Searching Harness part [22205127] in ConfigUCS: SMALL
mai 06, 2016 5:19:26 PM entity.ConfigUcs isHarnessPartExist
INFOS: Harness part [22205127] found for project [SMALL].
mai 06, 2016 5:19:26 PM state.S020_HarnessPartScan doAction
INFOS: Harness Part scanned [P22205127] OK.
mai 06, 2016 5:19:27 PM entity.BaseHarness isCounterExist
INFOS: Searching Harness counter [P2220512700.00.0000;00:00:00] in BaseHarness.
mai 06, 2016 5:19:27 PM entity.BaseHarness isCounterExist
INFOS: FROM BaseHarness bh WHERE bh.counter = :counter
mai 06, 2016 5:19:27 PM state.S030_MatrixIdScan doAction
INFOS: Valid Harness Counter scanned [P2220512700.00.0000;00:00:00] OK.
mai 06, 2016 5:19:31 PM state.S040_PalletChoice doAction
INFOS: Is it a new pallet ?
mai 06, 2016 5:19:31 PM state.S040_PalletChoice doAction
INFOS:  [No]
mai 06, 2016 5:19:31 PM state.S040_PalletChoice doAction
INFOS: Pallet values 
mai 06, 2016 5:19:31 PM state.S040_PalletChoice doAction
INFOS: State           :   [true]
mai 06, 2016 5:19:31 PM state.S040_PalletChoice doAction
INFOS: Qty Expected    :   [150]
mai 06, 2016 5:19:31 PM state.S040_PalletChoice doAction
INFOS: Qty Read        :   [2]
mai 06, 2016 5:19:31 PM state.S040_PalletChoice doAction
INFOS: Harness Part [22205127] = Context Harness Part [22205127]
mai 06, 2016 5:19:31 PM state.S040_PalletChoice doAction
INFOS: Harness Type [SMALL] = Context Harness Type [SMALL]
mai 06, 2016 5:19:34 PM entity.ConfigProject select
INFOS: FROM ConfigProject bp ORDER BY harnessType ASC
mai 06, 2016 5:19:52 PM entity.ConfigUcs isHarnessPartExist
INFOS: Searching Harness part [22205127] in ConfigUCS: SMALL
mai 06, 2016 5:19:52 PM entity.ConfigUcs isHarnessPartExist
INFOS: Harness part [22205127] found for project [SMALL].
mai 06, 2016 5:19:52 PM state.S020_HarnessPartScan doAction
INFOS: Harness Part scanned [P22205127] OK.
mai 06, 2016 5:19:54 PM entity.BaseHarness isCounterExist
INFOS: Searching Harness counter [P2220512700.00.0000;00:00:01] in BaseHarness.
mai 06, 2016 5:19:54 PM entity.BaseHarness isCounterExist
INFOS: FROM BaseHarness bh WHERE bh.counter = :counter
mai 06, 2016 5:19:54 PM state.S030_MatrixIdScan doAction
INFOS: Valid Harness Counter scanned [P2220512700.00.0000;00:00:01] OK.
mai 06, 2016 5:19:57 PM state.S040_PalletChoice doAction
INFOS: Is it a new pallet ?
mai 06, 2016 5:19:57 PM state.S040_PalletChoice doAction
INFOS:  [No]
mai 06, 2016 5:19:57 PM state.S040_PalletChoice doAction
INFOS: Pallet values 
mai 06, 2016 5:19:57 PM state.S040_PalletChoice doAction
INFOS: State           :   [true]
mai 06, 2016 5:19:57 PM state.S040_PalletChoice doAction
INFOS: Qty Expected    :   [150]
mai 06, 2016 5:19:57 PM state.S040_PalletChoice doAction
INFOS: Qty Read        :   [3]
mai 06, 2016 5:19:57 PM state.S040_PalletChoice doAction
INFOS: Harness Part [22205127] = Context Harness Part [22205127]
mai 06, 2016 5:19:57 PM state.S040_PalletChoice doAction
INFOS: Harness Type [SMALL] = Context Harness Type [SMALL]
mai 06, 2016 5:19:59 PM entity.ConfigProject select
INFOS: FROM ConfigProject bp ORDER BY harnessType ASC
mai 06, 2016 5:21:01 PM entity.ConfigProject select
INFOS: FROM ConfigProject bp ORDER BY harnessType ASC
mai 06, 2016 5:25:07 PM entity.ConfigProject select
INFOS: FROM ConfigProject bp ORDER BY harnessType ASC
mai 06, 2016 5:29:16 PM helper.Helper InitDailyDestPrintDir
INFOS: Print directory [.\print\2016_05_06] already exist!
Print sub directory [.\print\2016_05_06.\open_sheet] already exist!
Print sub directory [.\print\2016_05_06.\closing_sheet] already exist!
Print sub directory [.\print\2016_05_06.\picking_label] already exist!

mai 06, 2016 5:29:18 PM entity.ConfigProject select
INFOS: FROM ConfigProject bp ORDER BY harnessType ASC
mai 06, 2016 5:29:18 PM entity.ConfigProject select
INFOS: FROM ConfigProject bp ORDER BY harnessType ASC
mai 06, 2016 5:29:27 PM entity.ConfigProject select
INFOS: FROM ConfigProject bp ORDER BY harnessType ASC
mai 06, 2016 5:29:32 PM entity.ConfigProject select
INFOS: FROM ConfigProject bp ORDER BY harnessType ASC
mai 06, 2016 5:30:47 PM entity.ConfigProject select
INFOS: FROM ConfigProject bp ORDER BY harnessType ASC
mai 06, 2016 5:30:50 PM entity.ConfigProject select
INFOS: FROM ConfigProject bp ORDER BY harnessType ASC
mai 06, 2016 5:32:23 PM state.S010_UserCodeScan doAction
INFOS: User Admin   / 9999 connected to host WSMA7040 at 2016-05-06 17:32:23 Project : SMALL.
mai 06, 2016 5:32:32 PM entity.ConfigUcs isHarnessPartExist
INFOS: Searching Harness part [22205127] in ConfigUCS: SMALL
mai 06, 2016 5:32:32 PM entity.ConfigUcs isHarnessPartExist
INFOS: Harness part [22205127] found for project [SMALL].
mai 06, 2016 5:32:32 PM state.S020_HarnessPartScan doAction
INFOS: Harness Part scanned [P22205127] OK.
mai 06, 2016 5:32:39 PM entity.BaseHarness isCounterExist
INFOS: Searching Harness counter [P2220512705.02.2016;00:00:04] in BaseHarness.
mai 06, 2016 5:32:39 PM entity.BaseHarness isCounterExist
INFOS: FROM BaseHarness bh WHERE bh.counter = :counter
mai 06, 2016 5:32:39 PM state.S030_MatrixIdScan doAction
INFOS: Valid Harness Counter scanned [P2220512705.02.2016;00:00:04] OK.
mai 06, 2016 5:32:44 PM state.S040_PalletChoice doAction
INFOS: Is it a new pallet ?
mai 06, 2016 5:32:44 PM state.S040_PalletChoice doAction
INFOS:  [No]
mai 06, 2016 5:32:44 PM state.S040_PalletChoice doAction
INFOS: Pallet values 
mai 06, 2016 5:32:44 PM state.S040_PalletChoice doAction
INFOS: State           :   [true]
mai 06, 2016 5:32:44 PM state.S040_PalletChoice doAction
INFOS: Qty Expected    :   [150]
mai 06, 2016 5:32:44 PM state.S040_PalletChoice doAction
INFOS: Qty Read        :   [4]
mai 06, 2016 5:32:44 PM state.S040_PalletChoice doAction
INFOS: Harness Part [22205127] = Context Harness Part [22205127]
mai 06, 2016 5:32:44 PM state.S040_PalletChoice doAction
INFOS: Harness Type [SMALL] = Context Harness Type [SMALL]
mai 06, 2016 5:33:04 PM entity.ConfigUcs isHarnessPartExist
INFOS: Searching Harness part [22205127] in ConfigUCS: SMALL
mai 06, 2016 5:33:04 PM entity.ConfigUcs isHarnessPartExist
INFOS: Harness part [22205127] found for project [SMALL].
mai 06, 2016 5:33:04 PM state.S020_HarnessPartScan doAction
INFOS: Harness Part scanned [P22205127] OK.
mai 06, 2016 5:33:08 PM entity.BaseHarness isCounterExist
INFOS: Searching Harness counter [P2220512705.02.2016;00:00:03] in BaseHarness.
mai 06, 2016 5:33:08 PM entity.BaseHarness isCounterExist
INFOS: FROM BaseHarness bh WHERE bh.counter = :counter
mai 06, 2016 5:33:08 PM state.S030_MatrixIdScan doAction
INFOS: Valid Harness Counter scanned [P2220512705.02.2016;00:00:03] OK.
mai 06, 2016 5:33:13 PM state.S040_PalletChoice doAction
INFOS: Is it a new pallet ?
mai 06, 2016 5:33:13 PM state.S040_PalletChoice doAction
INFOS:  [No]
mai 06, 2016 5:33:13 PM state.S040_PalletChoice doAction
INFOS: Pallet values 
mai 06, 2016 5:33:13 PM state.S040_PalletChoice doAction
INFOS: State           :   [true]
mai 06, 2016 5:33:13 PM state.S040_PalletChoice doAction
INFOS: Qty Expected    :   [6]
mai 06, 2016 5:33:13 PM state.S040_PalletChoice doAction
INFOS: Qty Read        :   [5]
mai 06, 2016 5:33:13 PM state.S040_PalletChoice doAction
INFOS: Harness Part [22205127] = Context Harness Part [22205127]
mai 06, 2016 5:33:13 PM state.S040_PalletChoice doAction
INFOS: Harness Type [SMALL] = Context Harness Type [SMALL]
mai 06, 2016 5:33:13 PM state.S040_PalletChoice doAction
INFOS: Quantité terminée BaseContainer{id=756,
 createTime=2016-05-06 17:17:38.0,
 writeTime=Fri May 06 17:33:13 WEST 2016,
 createId=6,
 writeId=3,
 user=14228,
 startTime=2016-05-06 17:17:38.0,
 completeTime=null,
 workTime=null,
 palletNumber=200000484,
 harnessPart=22205127,
 harnessIndex=P03,
 supplierPartNumber=26C03051A,
 qtyExpected=6,
 qtyRead=5,
 containerState=OPEN,
 containerStateCode=1000,
 packType=kltv-780,
 harnessType=SMALL,
 harnessList=[entity.BaseHarness@59d1fa78, entity.BaseHarness@2395afc1, entity.BaseHarness@68930a59, entity.BaseHarness@69c0734d, entity.BaseHarness@3845ba27, entity.BaseHarness@77ce5f8d]}
mai 06, 2016 5:33:13 PM helper.Helper InitDailyDestPrintDir
INFOS: nullPrint directory [.\print\2016_05_06] already exist!
Print sub directory [.\print\2016_05_06.\open_sheet] already exist!
Print sub directory [.\print\2016_05_06.\closing_sheet] already exist!
Print sub directory [.\print\2016_05_06.\picking_label] already exist!

mai 06, 2016 5:33:14 PM helper.PrinterHelper saveAndPrintClosingSheet
INFOS: Set Closing Pallet item [709] state to [IN_PROCESS]
mai 06, 2016 5:33:14 PM print.PrintClosingPallet_A5 sentToDefaultDesktopPrinter
INFOS: Sending [.\print\2016_05_06\closing_sheet\PrintClosingPallet_A5_2016_05_06_17_33_14.pdf] to the default printer...
mai 06, 2016 5:33:14 PM print.PrintClosingPallet_A5 sentToDefaultDesktopPrinter
INFOS: File [%s] has been printed.
mai 06, 2016 5:33:14 PM helper.PrinterHelper saveAndPrintClosingSheet
INFOS: Set Closing Pallet [709] state to [PRINTED]
mai 06, 2016 5:33:17 PM entity.ConfigProject select
INFOS: FROM ConfigProject bp ORDER BY harnessType ASC
mai 06, 2016 5:33:22 PM entity.ConfigProject select
INFOS: FROM ConfigProject bp ORDER BY harnessType ASC
mai 06, 2016 5:33:39 PM entity.ConfigProject select
INFOS: FROM ConfigProject bp ORDER BY harnessType ASC
