mars 10, 2016 11:03:21 AM helper.Helper InitDailyDestPrintDir
INFOS: Print directory [.\print\2016_03_10] is created!
Print sub directory [.\print\2016_03_10.\pallet] is created!
Print sub directory [.\print\2016_03_10.\closing_pallet] is created!

mars 10, 2016 11:03:22 AM entity.ConfigProject select
INFOS: FROM ConfigProject bp ORDER BY harnessType ASC
mars 10, 2016 11:03:22 AM entity.ConfigProject select
INFOS: FROM ConfigProject bp ORDER BY harnessType ASC
mars 10, 2016 11:05:28 AM helper.Helper InitDailyDestPrintDir
INFOS: Print directory [.\print\2016_03_10] already exist!
Print sub directory [.\print\2016_03_10.\pallet] already exist!
Print sub directory [.\print\2016_03_10.\closing_pallet] already exist!

mars 10, 2016 11:05:28 AM entity.ConfigProject select
INFOS: FROM ConfigProject bp ORDER BY harnessType ASC
mars 10, 2016 11:05:28 AM entity.ConfigProject select
INFOS: FROM ConfigProject bp ORDER BY harnessType ASC
mars 10, 2016 12:22:19 PM helper.Helper InitDailyDestPrintDir
INFOS: Print directory [.\print\2016_03_10] already exist!
Print sub directory [.\print\2016_03_10.\pallet] already exist!
Print sub directory [.\print\2016_03_10.\closing_pallet] already exist!

mars 10, 2016 12:22:19 PM entity.ConfigProject select
INFOS: FROM ConfigProject bp ORDER BY harnessType ASC
mars 10, 2016 12:22:19 PM entity.ConfigProject select
INFOS: FROM ConfigProject bp ORDER BY harnessType ASC
mars 10, 2016 12:24:39 PM helper.Helper InitDailyDestPrintDir
INFOS: Print directory [.\print\2016_03_10] already exist!
Print sub directory [.\print\2016_03_10.\pallet] already exist!
Print sub directory [.\print\2016_03_10.\closing_pallet] already exist!

mars 10, 2016 12:24:40 PM entity.ConfigProject select
INFOS: FROM ConfigProject bp ORDER BY harnessType ASC
mars 10, 2016 12:24:40 PM entity.ConfigProject select
INFOS: FROM ConfigProject bp ORDER BY harnessType ASC
mars 10, 2016 12:24:43 PM state.S010_UserCodeScan doAction
INFOS: User Mohammed RIMALI / 1002 connected to host WSMA7040 at 2016-03-10 12:24:43 Project : SMALL.
mars 10, 2016 12:26:09 PM helper.Helper InitDailyDestPrintDir
INFOS: Print directory [.\print\2016_03_10] already exist!
Print sub directory [.\print\2016_03_10.\pallet] already exist!
Print sub directory [.\print\2016_03_10.\closing_pallet] already exist!

mars 10, 2016 12:26:09 PM entity.ConfigProject select
INFOS: FROM ConfigProject bp ORDER BY harnessType ASC
mars 10, 2016 12:26:09 PM entity.ConfigProject select
INFOS: FROM ConfigProject bp ORDER BY harnessType ASC
mars 10, 2016 12:26:13 PM state.S010_UserCodeScan doAction
INFOS: User Mohammed RIMALI / 1002 connected to host WSMA7040 at 2016-03-10 12:26:13 Project : SMALL.
mars 10, 2016 12:26:23 PM entity.ConfigUcs isHarnessPartExist
INFOS: Searching Harness part [22205127] in ConfigUCS: SMALL
mars 10, 2016 12:26:23 PM entity.ConfigUcs isHarnessPartExist
INFOS: Harness part [22205127] found for project [SMALL].
mars 10, 2016 12:26:23 PM state.S020_HarnessPartScan doAction
INFOS: Harness Part scanned [P22205127] OK.
mars 10, 2016 12:26:40 PM entity.BaseHarness isCounterExist
INFOS: Searching Harness counter [P2220512705.02.2016;00:00:08] in BaseHarness.
mars 10, 2016 12:26:40 PM entity.BaseHarness isCounterExist
INFOS: FROM BaseHarness bh WHERE bh.counter = :counter
mars 10, 2016 12:26:40 PM state.S030_QRCodeScan doAction
INFOS: Valid Harness Counter scanned [P2220512705.02.2016;00:00:08] OK.
mars 10, 2016 12:26:57 PM state.S010_UserCodeScan doAction
INFOS: User Jawad HAMID / 1003 connected to host WSMA7040 at 2016-03-10 12:26:57 Project : ENGINE.
mars 10, 2016 12:27:16 PM entity.ConfigUcs isHarnessPartExist
INFOS: Searching Harness part [22225311] in ConfigUCS: ENGINE
mars 10, 2016 12:27:16 PM entity.ConfigUcs isHarnessPartExist
INFOS: Harness part [22225311] found for project [ENGINE].
mars 10, 2016 12:27:16 PM state.S020_HarnessPartScan doAction
INFOS: Harness Part scanned [P22225311] OK.
mars 10, 2016 12:27:18 PM entity.BaseHarness isCounterExist
INFOS: Searching Harness counter [P2222531105.02.2016;00:00:01] in BaseHarness.
mars 10, 2016 12:27:18 PM entity.BaseHarness isCounterExist
INFOS: FROM BaseHarness bh WHERE bh.counter = :counter
mars 10, 2016 12:27:18 PM state.S030_QRCodeScan doAction
INFOS: Valid Harness Counter scanned [P2222531105.02.2016;00:00:01] OK.
mars 10, 2016 12:27:34 PM entity.BaseEngineLabel isLabelCodeExist
INFOS: Searching Engine Label code [00000000001] in BaseEngineLabel.
mars 10, 2016 12:27:34 PM entity.BaseEngineLabel isLabelCodeExist
INFOS: FROM BaseEngineLabel bel WHERE bel.labelCode = :labelCode
mars 10, 2016 12:27:34 PM entity.BaseEngineLabel isLabelCodeExist
INFOS: New label engine [00000000001]
mars 10, 2016 12:27:34 PM state.S031_EngineLabel1Scan doAction
INFOS: First Valid Engine Label scanned [00000000001] OK.
mars 10, 2016 12:27:35 PM entity.BaseEngineLabel isLabelCodeExist
INFOS: Searching Engine Label code [00000000002] in BaseEngineLabel.
mars 10, 2016 12:27:35 PM entity.BaseEngineLabel isLabelCodeExist
INFOS: FROM BaseEngineLabel bel WHERE bel.labelCode = :labelCode
mars 10, 2016 12:27:35 PM entity.BaseEngineLabel isLabelCodeExist
INFOS: New label engine [00000000002]
mars 10, 2016 12:27:35 PM state.S032_EngineLabel2Scan doAction
INFOS: Second Valid Engine Label scanned [00000000002] OK.
mars 10, 2016 12:27:37 PM gui.UI9000_ChooseContainerType <init>
INFOS: Item found 22225311--26C14121A--P02--kltv-780--1
mars 10, 2016 12:27:37 PM gui.UI9000_ChooseContainerType <init>
INFOS: Item found 22225311--26C14122A--P03--kltv-780--1
mars 10, 2016 12:27:37 PM gui.UI9000_ChooseContainerType <init>
INFOS: 2 item(s) found for Harness Part[22225311].
mars 10, 2016 12:27:38 PM gui.UI9000_ChooseContainerType mappingContextVals
INFOS: Selected pack type : 22225311--26C14121A--P02--kltv-780--1 
mars 10, 2016 12:27:38 PM gui.UI9000_ChooseContainerType items_listKeyPressed
DÉSACTIVÉ: FROM ConfigUcs cu WHERE cu.supplierPartNumber = :supplierPartNumber AND cu.harnessIndex = :harnessIndex
mars 10, 2016 12:27:39 PM gui.UI9000_ChooseContainerType items_listKeyPressed
INFOS: Set Pallet [100000009] state to [IN_PROCESS]
mars 10, 2016 12:27:39 PM print.PrintOpenPallet_A5 sentToDefaultDesktopPrinter
INFOS: Sending [.\print\2016_03_10\pallet\PrintOpenPallet_A5_2016_03_10_12_27_38.pdf] to the default printer...
mars 10, 2016 12:27:39 PM print.PrintOpenPallet_A5 sentToDefaultDesktopPrinter
INFOS: File [%s] has been printed.
mars 10, 2016 12:27:39 PM gui.UI9000_ChooseContainerType items_listKeyPressed
INFOS: Set Pallet [100000009] state to [PRINTED]
mars 10, 2016 12:27:39 PM gui.UI9000_ChooseContainerType items_listKeyPressed
INFOS: Openning new container for first harness part [22225311].
mars 10, 2016 12:28:09 PM state.S041_NewPalletScan doAction
INFOS: Scanned Pallet number [100000009] OK.
mars 10, 2016 12:28:09 PM state.S041_NewPalletScan doAction
INFOS: BaseContainer created BaseContainer{id=8, createTime=Thu Mar 10 12:28:09 WET 2016, writeTime=Thu Mar 10 12:28:09 WET 2016, createId=1, writeId=1, user=1003, startTime=Thu Mar 10 12:28:09 WET 2016, completeTime=null, workTime=null, palletNumber=100000009, harnessPart=22225311, harnessIndex=P02, supplierPartNumber=26C14121A, qtyExpected=1, qtyRead=1, state=OPEN, packType=kltv-780} 
mars 10, 2016 12:28:09 PM helper.PrinterHelper saveAndPrintGalia
INFOS: Set Closing Pallet item [2] state to [IN_PROCESS]
mars 10, 2016 12:28:09 PM print.PrintClosingPallet_A5 sentToDefaultDesktopPrinter
INFOS: Sending [.\print\2016_03_10\closing_pallet\PrintClosingPallet_A5_2016_03_10_12_28_09.pdf] to the default printer...
mars 10, 2016 12:28:09 PM print.PrintClosingPallet_A5 sentToDefaultDesktopPrinter
INFOS: File [%s] has been printed.
mars 10, 2016 12:28:09 PM helper.PrinterHelper saveAndPrintGalia
INFOS: Set Closing Pallet [2] state to [PRINTED]
mars 10, 2016 1:50:26 PM state.S010_UserCodeScan doAction
INFOS: User Jawad HAMID / 1003 connected to host WSMA7040 at 2016-03-10 13:50:26 Project : ENGINE.
mars 10, 2016 1:53:39 PM helper.Helper InitDailyDestPrintDir
INFOS: Print directory [.\print\2016_03_10] already exist!
Print sub directory [.\print\2016_03_10.\pallet] already exist!
Print sub directory [.\print\2016_03_10.\closing_pallet] already exist!

mars 10, 2016 1:53:40 PM entity.ConfigProject select
INFOS: FROM ConfigProject bp ORDER BY harnessType ASC
mars 10, 2016 1:53:40 PM entity.ConfigProject select
INFOS: FROM ConfigProject bp ORDER BY harnessType ASC
mars 10, 2016 1:54:32 PM state.S010_UserCodeScan doAction
INFOS: User Mohammed RIMALI / 1002 connected to host WSMA7040 at 2016-03-10 13:54:32 Project : SMALL.
mars 10, 2016 2:01:09 PM helper.Helper InitDailyDestPrintDir
INFOS: Print directory [.\print\2016_03_10] already exist!
Print sub directory [.\print\2016_03_10.\pallet] already exist!
Print sub directory [.\print\2016_03_10.\closing_pallet] already exist!

mars 10, 2016 2:01:10 PM entity.ConfigProject select
INFOS: FROM ConfigProject bp ORDER BY harnessType ASC
mars 10, 2016 2:01:10 PM entity.ConfigProject select
INFOS: FROM ConfigProject bp ORDER BY harnessType ASC
mars 10, 2016 2:01:14 PM state.S010_UserCodeScan doAction
INFOS: User Mohammed RIMALI / 1002 connected to host WSMA7040 at 2016-03-10 14:01:14 Project : SMALL.
mars 10, 2016 2:01:20 PM state.S010_UserCodeScan doAction
INFOS: User Oussama EZZIOURI / 1009 connected to host WSMA7040 at 2016-03-10 14:01:20 Project : ENGINE.
mars 10, 2016 2:44:03 PM helper.Helper InitDailyDestPrintDir
INFOS: Print directory [.\print\2016_03_10] already exist!
Print sub directory [.\print\2016_03_10.\pallet] already exist!
Print sub directory [.\print\2016_03_10.\closing_pallet] already exist!

mars 10, 2016 2:44:03 PM entity.ConfigProject select
INFOS: FROM ConfigProject bp ORDER BY harnessType ASC
mars 10, 2016 2:44:03 PM entity.ConfigProject select
INFOS: FROM ConfigProject bp ORDER BY harnessType ASC
mars 10, 2016 2:44:09 PM state.S010_UserCodeScan doAction
INFOS: Invalid matricule number or account locked !
mars 10, 2016 2:44:17 PM state.S010_UserCodeScan doAction
INFOS: User Admin   / 1009 connected to host WSMA7040 at 2016-03-10 14:44:17 Project : SMALL.
mars 10, 2016 3:54:29 PM helper.Helper InitDailyDestPrintDir
INFOS: Print directory [.\print\2016_03_10] already exist!
Print sub directory [.\print\2016_03_10.\pallet] already exist!
Print sub directory [.\print\2016_03_10.\closing_pallet] already exist!

mars 10, 2016 3:54:30 PM entity.ConfigProject select
INFOS: FROM ConfigProject bp ORDER BY harnessType ASC
mars 10, 2016 3:54:30 PM entity.ConfigProject select
INFOS: FROM ConfigProject bp ORDER BY harnessType ASC
mars 10, 2016 3:54:47 PM state.S010_UserCodeScan doAction
INFOS: User Jawad HAMID / 1003 connected to host WSMA7040 at 2016-03-10 15:54:47 Project : ENGINE.
mars 10, 2016 3:55:06 PM entity.BaseHarness checkHarnessPartFormat
INFOS: Invalid Harness Part scanned [P2222531105.02.2016;00:00:00] !
mars 10, 2016 3:55:06 PM state.S020_HarnessPartScan doAction
AVERTISSEMENT: Invalid Harness Part scanned [P2222531105.02.2016;00:00:00] !
mars 10, 2016 3:55:10 PM entity.ConfigUcs isHarnessPartExist
INFOS: Searching Harness part [22225311] in ConfigUCS: ENGINE
mars 10, 2016 3:55:10 PM entity.ConfigUcs isHarnessPartExist
INFOS: Harness part [22225311] found for project [ENGINE].
mars 10, 2016 3:55:10 PM state.S020_HarnessPartScan doAction
INFOS: Harness Part scanned [P22225311] OK.
mars 10, 2016 3:55:11 PM entity.BaseHarness isCounterExist
INFOS: Searching Harness counter [P2222531105.02.2016;00:00:00] in BaseHarness.
mars 10, 2016 3:55:11 PM entity.BaseHarness isCounterExist
INFOS: FROM BaseHarness bh WHERE bh.counter = :counter
mars 10, 2016 3:55:11 PM state.S030_QRCodeScan doAction
INFOS: Valid Harness Counter scanned [P2222531105.02.2016;00:00:00] OK.
mars 10, 2016 3:55:26 PM entity.BaseEngineLabel isLabelCodeExist
INFOS: Searching Engine Label code [00000000000] in BaseEngineLabel.
mars 10, 2016 3:55:26 PM entity.BaseEngineLabel isLabelCodeExist
INFOS: FROM BaseEngineLabel bel WHERE bel.labelCode = :labelCode
mars 10, 2016 3:55:26 PM entity.BaseEngineLabel isLabelCodeExist
INFOS: New label engine [00000000000]
mars 10, 2016 3:55:26 PM state.S031_EngineLabel1Scan doAction
INFOS: First Valid Engine Label scanned [00000000000] OK.
mars 10, 2016 3:56:55 PM entity.BaseEngineLabel checkLabelFormat
INFOS: Invalid Engine Label scanned format [0000000001]
mars 10, 2016 3:57:03 PM entity.BaseEngineLabel isLabelCodeExist
INFOS: Searching Engine Label code [00000000001] in BaseEngineLabel.
mars 10, 2016 3:57:03 PM entity.BaseEngineLabel isLabelCodeExist
INFOS: FROM BaseEngineLabel bel WHERE bel.labelCode = :labelCode
mars 10, 2016 3:57:03 PM entity.BaseEngineLabel isLabelCodeExist
INFOS: New label engine [00000000001]
mars 10, 2016 3:57:03 PM state.S031_EngineLabel1Scan doAction
INFOS: First Valid Engine Label scanned [00000000001] OK.
mars 10, 2016 3:58:18 PM helper.Helper InitDailyDestPrintDir
INFOS: Print directory [.\print\2016_03_10] already exist!
Print sub directory [.\print\2016_03_10.\pallet] already exist!
Print sub directory [.\print\2016_03_10.\closing_pallet] already exist!

mars 10, 2016 3:58:18 PM entity.ConfigProject select
INFOS: FROM ConfigProject bp ORDER BY harnessType ASC
mars 10, 2016 3:58:18 PM entity.ConfigProject select
INFOS: FROM ConfigProject bp ORDER BY harnessType ASC
mars 10, 2016 3:58:53 PM helper.Helper InitDailyDestPrintDir
INFOS: Print directory [.\print\2016_03_10] already exist!
Print sub directory [.\print\2016_03_10.\pallet] already exist!
Print sub directory [.\print\2016_03_10.\closing_pallet] already exist!

mars 10, 2016 3:58:54 PM entity.ConfigProject select
INFOS: FROM ConfigProject bp ORDER BY harnessType ASC
mars 10, 2016 3:58:54 PM entity.ConfigProject select
INFOS: FROM ConfigProject bp ORDER BY harnessType ASC
mars 10, 2016 3:59:10 PM state.S010_UserCodeScan doAction
INFOS: User Jawad HAMID / 1003 connected to host WSMA7040 at 2016-03-10 15:59:10 Project : ENGINE.
mars 10, 2016 3:59:23 PM entity.BaseHarness checkHarnessPartFormat
INFOS: Invalid Harness Part scanned [P2222531105.02.2016;00:00:00] !
mars 10, 2016 3:59:23 PM state.S020_HarnessPartScan doAction
AVERTISSEMENT: Invalid Harness Part scanned [P2222531105.02.2016;00:00:00] !
mars 10, 2016 3:59:26 PM entity.ConfigUcs isHarnessPartExist
INFOS: Searching Harness part [22225311] in ConfigUCS: ENGINE
mars 10, 2016 3:59:26 PM entity.ConfigUcs isHarnessPartExist
INFOS: Harness part [22225311] found for project [ENGINE].
mars 10, 2016 3:59:26 PM state.S020_HarnessPartScan doAction
INFOS: Harness Part scanned [P22225311] OK.
mars 10, 2016 3:59:27 PM entity.BaseHarness isCounterExist
INFOS: Searching Harness counter [P2222531105.02.2016;00:00:00] in BaseHarness.
mars 10, 2016 3:59:28 PM entity.BaseHarness isCounterExist
INFOS: FROM BaseHarness bh WHERE bh.counter = :counter
mars 10, 2016 3:59:28 PM state.S030_QRCodeScan doAction
INFOS: Valid Harness Counter scanned [P2222531105.02.2016;00:00:00] OK.
mars 10, 2016 3:59:35 PM entity.BaseEngineLabel isLabelCodeExist
INFOS: Searching Engine Label code [00000000001] in BaseEngineLabel.
mars 10, 2016 3:59:35 PM entity.BaseEngineLabel isLabelCodeExist
INFOS: FROM BaseEngineLabel bel WHERE bel.labelCode = :labelCode
mars 10, 2016 3:59:35 PM entity.BaseEngineLabel isLabelCodeExist
INFOS: New label engine [00000000001]
mars 10, 2016 3:59:35 PM state.S031_EngineLabel1Scan doAction
INFOS: First Valid Engine Label scanned [00000000001] OK.
mars 10, 2016 4:00:34 PM helper.Helper InitDailyDestPrintDir
INFOS: Print directory [.\print\2016_03_10] already exist!
Print sub directory [.\print\2016_03_10.\pallet] already exist!
Print sub directory [.\print\2016_03_10.\closing_pallet] already exist!

mars 10, 2016 4:00:35 PM entity.ConfigProject select
INFOS: FROM ConfigProject bp ORDER BY harnessType ASC
mars 10, 2016 4:00:35 PM entity.ConfigProject select
INFOS: FROM ConfigProject bp ORDER BY harnessType ASC
mars 10, 2016 4:01:45 PM helper.Helper InitDailyDestPrintDir
INFOS: Print directory [.\print\2016_03_10] already exist!
Print sub directory [.\print\2016_03_10.\pallet] already exist!
Print sub directory [.\print\2016_03_10.\closing_pallet] already exist!

mars 10, 2016 4:01:46 PM entity.ConfigProject select
INFOS: FROM ConfigProject bp ORDER BY harnessType ASC
mars 10, 2016 4:01:46 PM entity.ConfigProject select
INFOS: FROM ConfigProject bp ORDER BY harnessType ASC
mars 10, 2016 4:01:53 PM state.S010_UserCodeScan doAction
INFOS: User Jawad HAMID / 1003 connected to host WSMA7040 at 2016-03-10 16:01:53 Project : ENGINE.
mars 10, 2016 4:02:00 PM entity.BaseHarness checkHarnessPartFormat
INFOS: Invalid Harness Part scanned [P2222531105.02.2016;00:00:00] !
mars 10, 2016 4:02:00 PM state.S020_HarnessPartScan doAction
AVERTISSEMENT: Invalid Harness Part scanned [P2222531105.02.2016;00:00:00] !
mars 10, 2016 4:02:05 PM entity.ConfigUcs isHarnessPartExist
INFOS: Searching Harness part [22225311] in ConfigUCS: ENGINE
mars 10, 2016 4:02:05 PM entity.ConfigUcs isHarnessPartExist
INFOS: Harness part [22225311] found for project [ENGINE].
mars 10, 2016 4:02:05 PM state.S020_HarnessPartScan doAction
INFOS: Harness Part scanned [P22225311] OK.
mars 10, 2016 4:02:06 PM entity.BaseHarness isCounterExist
INFOS: Searching Harness counter [P2222531105.02.2016;00:00:00] in BaseHarness.
mars 10, 2016 4:02:06 PM entity.BaseHarness isCounterExist
INFOS: FROM BaseHarness bh WHERE bh.counter = :counter
mars 10, 2016 4:02:06 PM state.S030_QRCodeScan doAction
INFOS: Valid Harness Counter scanned [P2222531105.02.2016;00:00:00] OK.
mars 10, 2016 4:02:20 PM entity.BaseEngineLabel isLabelCodeExist
INFOS: Searching Engine Label code [00000000001] in BaseEngineLabel.
mars 10, 2016 4:02:20 PM entity.BaseEngineLabel isLabelCodeExist
INFOS: FROM BaseEngineLabel bel WHERE bel.labelCode = :labelCode
mars 10, 2016 4:02:20 PM entity.BaseEngineLabel isLabelCodeExist
INFOS: New label engine [00000000001]
mars 10, 2016 4:02:20 PM state.S031_EngineLabel1Scan doAction
INFOS: First Valid Engine Label scanned [00000000001] OK.
mars 10, 2016 4:02:29 PM entity.BaseEngineLabel isLabelCodeExist
INFOS: Searching Engine Label code [00000000002] in BaseEngineLabel.
mars 10, 2016 4:02:29 PM entity.BaseEngineLabel isLabelCodeExist
INFOS: FROM BaseEngineLabel bel WHERE bel.labelCode = :labelCode
mars 10, 2016 4:02:29 PM entity.BaseEngineLabel isLabelCodeExist
INFOS: New label engine [00000000002]
mars 10, 2016 4:02:29 PM state.S032_EngineLabel2Scan doAction
INFOS: Second Valid Engine Label scanned [00000000002] OK.
mars 10, 2016 4:02:32 PM gui.UI9000_ChooseContainerType <init>
INFOS: Item found 22225311--26C14121A--P02--kltv-780--1
mars 10, 2016 4:02:32 PM gui.UI9000_ChooseContainerType <init>
INFOS: Item found 22225311--26C14122A--P03--kltv-780--1
mars 10, 2016 4:02:32 PM gui.UI9000_ChooseContainerType <init>
INFOS: 2 item(s) found for Harness Part[22225311].
mars 10, 2016 4:02:39 PM gui.UI9000_ChooseContainerType mappingContextVals
INFOS: Selected pack type : 22225311--26C14121A--P02--kltv-780--1 
mars 10, 2016 4:02:39 PM gui.UI9000_ChooseContainerType items_listKeyPressed
DÉSACTIVÉ: FROM ConfigUcs cu WHERE cu.supplierPartNumber = :supplierPartNumber AND cu.harnessIndex = :harnessIndex
mars 10, 2016 4:02:39 PM gui.UI9000_ChooseContainerType items_listKeyPressed
INFOS: Set Pallet [100000001] state to [IN_PROCESS]
mars 10, 2016 4:02:39 PM print.PrintOpenPallet_A5 sentToDefaultDesktopPrinter
INFOS: Sending [.\print\2016_03_10\pallet\PrintOpenPallet_A5_2016_03_10_16_02_39.pdf] to the default printer...
mars 10, 2016 4:02:39 PM print.PrintOpenPallet_A5 sentToDefaultDesktopPrinter
INFOS: File [%s] has been printed.
mars 10, 2016 4:02:39 PM gui.UI9000_ChooseContainerType items_listKeyPressed
INFOS: Set Pallet [100000001] state to [PRINTED]
mars 10, 2016 4:02:39 PM gui.UI9000_ChooseContainerType items_listKeyPressed
INFOS: Openning new container for first harness part [22225311].
mars 10, 2016 4:03:40 PM state.S041_NewPalletScan doAction
INFOS: Scanned Pallet number [100000001] OK.
mars 10, 2016 4:03:40 PM state.S041_NewPalletScan doAction
INFOS: BaseContainer created BaseContainer{id=2, createTime=Thu Mar 10 16:03:40 WET 2016, writeTime=Thu Mar 10 16:03:40 WET 2016, createId=1, writeId=1, user=1003, startTime=Thu Mar 10 16:03:40 WET 2016, completeTime=null, workTime=null, palletNumber=100000001, harnessPart=22225311, harnessIndex=P02, supplierPartNumber=26C14121A, qtyExpected=1, qtyRead=1, state=OPEN, packType=kltv-780} 
mars 10, 2016 4:03:40 PM helper.PrinterHelper saveAndPrintGalia
INFOS: Set Closing Pallet item [2] state to [IN_PROCESS]
mars 10, 2016 4:03:40 PM print.PrintClosingPallet_A5 sentToDefaultDesktopPrinter
INFOS: Sending [.\print\2016_03_10\closing_pallet\PrintClosingPallet_A5_2016_03_10_16_03_40.pdf] to the default printer...
mars 10, 2016 4:03:40 PM print.PrintClosingPallet_A5 sentToDefaultDesktopPrinter
INFOS: File [%s] has been printed.
mars 10, 2016 4:03:40 PM helper.PrinterHelper saveAndPrintGalia
INFOS: Set Closing Pallet [2] state to [PRINTED]
mars 10, 2016 4:04:46 PM entity.ConfigUcs isHarnessPartExist
INFOS: Searching Harness part [22225311] in ConfigUCS: ENGINE
mars 10, 2016 4:04:46 PM entity.ConfigUcs isHarnessPartExist
INFOS: Harness part [22225311] found for project [ENGINE].
mars 10, 2016 4:04:46 PM state.S020_HarnessPartScan doAction
INFOS: Harness Part scanned [P22225311] OK.
mars 10, 2016 4:04:59 PM entity.BaseHarness isCounterExist
INFOS: Searching Harness counter [P2222531105.02.2016;00:00:01] in BaseHarness.
mars 10, 2016 4:04:59 PM entity.BaseHarness isCounterExist
INFOS: FROM BaseHarness bh WHERE bh.counter = :counter
mars 10, 2016 4:04:59 PM state.S030_QRCodeScan doAction
INFOS: Valid Harness Counter scanned [P2222531105.02.2016;00:00:01] OK.
mars 10, 2016 4:05:22 PM entity.BaseEngineLabel isLabelCodeExist
INFOS: Searching Engine Label code [00000000002] in BaseEngineLabel.
mars 10, 2016 4:05:22 PM entity.BaseEngineLabel isLabelCodeExist
INFOS: FROM BaseEngineLabel bel WHERE bel.labelCode = :labelCode
mars 10, 2016 4:05:22 PM entity.BaseEngineLabel isLabelCodeExist
AVERTISSEMENT: Duplicated engine label [00000000002]
mars 10, 2016 4:05:25 PM entity.BaseEngineLabel isLabelCodeExist
INFOS: Searching Engine Label code [00000000003] in BaseEngineLabel.
mars 10, 2016 4:05:25 PM entity.BaseEngineLabel isLabelCodeExist
INFOS: FROM BaseEngineLabel bel WHERE bel.labelCode = :labelCode
mars 10, 2016 4:05:25 PM entity.BaseEngineLabel isLabelCodeExist
INFOS: New label engine [00000000003]
mars 10, 2016 4:05:25 PM state.S031_EngineLabel1Scan doAction
INFOS: First Valid Engine Label scanned [00000000003] OK.
mars 10, 2016 4:05:27 PM entity.BaseEngineLabel isLabelCodeExist
INFOS: Searching Engine Label code [00000000004] in BaseEngineLabel.
mars 10, 2016 4:05:27 PM entity.BaseEngineLabel isLabelCodeExist
INFOS: FROM BaseEngineLabel bel WHERE bel.labelCode = :labelCode
mars 10, 2016 4:05:27 PM entity.BaseEngineLabel isLabelCodeExist
INFOS: New label engine [00000000004]
mars 10, 2016 4:05:27 PM state.S032_EngineLabel2Scan doAction
INFOS: Second Valid Engine Label scanned [00000000004] OK.
mars 10, 2016 4:05:30 PM gui.UI9000_ChooseContainerType <init>
INFOS: Item found 22225311--26C14121A--P02--kltv-780--1
mars 10, 2016 4:05:30 PM gui.UI9000_ChooseContainerType <init>
INFOS: Item found 22225311--26C14122A--P03--kltv-780--1
mars 10, 2016 4:05:30 PM gui.UI9000_ChooseContainerType <init>
INFOS: 2 item(s) found for Harness Part[22225311].
mars 10, 2016 4:05:31 PM gui.UI9000_ChooseContainerType mappingContextVals
INFOS: Selected pack type : 22225311--26C14122A--P03--kltv-780--1 
mars 10, 2016 4:05:31 PM gui.UI9000_ChooseContainerType items_listKeyPressed
DÉSACTIVÉ: FROM ConfigUcs cu WHERE cu.supplierPartNumber = :supplierPartNumber AND cu.harnessIndex = :harnessIndex
mars 10, 2016 4:05:31 PM gui.UI9000_ChooseContainerType items_listKeyPressed
INFOS: Set Pallet [100000002] state to [IN_PROCESS]
mars 10, 2016 4:05:31 PM print.PrintOpenPallet_A5 sentToDefaultDesktopPrinter
INFOS: Sending [.\print\2016_03_10\pallet\PrintOpenPallet_A5_2016_03_10_16_05_31.pdf] to the default printer...
mars 10, 2016 4:05:31 PM print.PrintOpenPallet_A5 sentToDefaultDesktopPrinter
INFOS: File [%s] has been printed.
mars 10, 2016 4:05:31 PM gui.UI9000_ChooseContainerType items_listKeyPressed
INFOS: Set Pallet [100000002] state to [PRINTED]
mars 10, 2016 4:05:31 PM gui.UI9000_ChooseContainerType items_listKeyPressed
INFOS: Openning new container for first harness part [22225311].
mars 10, 2016 4:05:42 PM state.S041_NewPalletScan doAction
INFOS: Scanned Pallet number [100000002] OK.
mars 10, 2016 4:05:42 PM state.S041_NewPalletScan doAction
INFOS: BaseContainer created BaseContainer{id=3, createTime=Thu Mar 10 16:05:42 WET 2016, writeTime=Thu Mar 10 16:05:42 WET 2016, createId=1, writeId=1, user=1003, startTime=Thu Mar 10 16:05:42 WET 2016, completeTime=null, workTime=null, palletNumber=100000002, harnessPart=22225311, harnessIndex=P03, supplierPartNumber=26C14122A, qtyExpected=1, qtyRead=1, state=OPEN, packType=kltv-780} 
mars 10, 2016 4:05:42 PM helper.PrinterHelper saveAndPrintGalia
INFOS: Set Closing Pallet item [3] state to [IN_PROCESS]
mars 10, 2016 4:05:42 PM print.PrintClosingPallet_A5 sentToDefaultDesktopPrinter
INFOS: Sending [.\print\2016_03_10\closing_pallet\PrintClosingPallet_A5_2016_03_10_16_05_42.pdf] to the default printer...
mars 10, 2016 4:05:42 PM print.PrintClosingPallet_A5 sentToDefaultDesktopPrinter
INFOS: File [%s] has been printed.
mars 10, 2016 4:05:42 PM helper.PrinterHelper saveAndPrintGalia
INFOS: Set Closing Pallet [3] state to [PRINTED]
mars 10, 2016 4:13:11 PM helper.Helper InitDailyDestPrintDir
INFOS: Print directory [.\print\2016_03_10] already exist!
Print sub directory [.\print\2016_03_10.\pallet] already exist!
Print sub directory [.\print\2016_03_10.\closing_pallet] already exist!

mars 10, 2016 4:13:12 PM entity.ConfigProject select
INFOS: FROM ConfigProject bp ORDER BY harnessType ASC
mars 10, 2016 4:13:12 PM entity.ConfigProject select
INFOS: FROM ConfigProject bp ORDER BY harnessType ASC
