oct. 06, 2016 8:17:34 AM helper.Helper InitDailyDestPrintDir
INFOS: Print directory [.\print\2016_10_06] is created!
Print sub directory [.\print\2016_10_06.\open_sheet] is created!
Print sub directory [.\print\2016_10_06.\closing_sheet] is created!
Print sub directory [.\print\2016_10_06.\picking_label] is created!

oct. 06, 2016 8:17:36 AM gui.packaging.PACKAGING_UI0001_Main loadBarcodeConfig
INFOS: FROM ConfigBarcode cb WHERE cb.keyWord = :keyWord ORDER BY id ASC
oct. 06, 2016 8:17:36 AM entity.ConfigProject select
INFOS: FROM ConfigProject bp ORDER BY harnessType ASC
oct. 06, 2016 8:17:36 AM entity.ConfigProject select
INFOS: FROM ConfigProject bp ORDER BY harnessType ASC
oct. 06, 2016 8:17:52 AM gui.config.CONFIG_UI0000_AdminPassword checkLoginAndPass
INFOS: User Admin   / 9999 connected to host WSMA7040 at 2016-10-06 08:17:52 Module : Planner.
oct. 06, 2016 8:18:47 AM helper.Helper InitDailyDestPrintDir
INFOS: Print directory [.\print\2016_10_06] already exist!
Print sub directory [.\print\2016_10_06.\open_sheet] already exist!
Print sub directory [.\print\2016_10_06.\closing_sheet] already exist!
Print sub directory [.\print\2016_10_06.\picking_label] already exist!

oct. 06, 2016 8:19:07 AM gui.config.CONFIG_UI0000_AdminPassword checkLoginAndPass
INFOS: User Admin   / 9999 connected to host WSMA7040 at 2016-10-06 08:19:07 Module : Planner.
oct. 06, 2016 8:19:26 AM helper.Helper InitDailyDestPrintDir
INFOS: Print directory [.\print\2016_10_06] already exist!
Print sub directory [.\print\2016_10_06.\open_sheet] already exist!
Print sub directory [.\print\2016_10_06.\closing_sheet] already exist!
Print sub directory [.\print\2016_10_06.\picking_label] already exist!

oct. 06, 2016 8:19:34 AM gui.config.CONFIG_UI0000_AdminPassword checkLoginAndPass
INFOS: User Admin   / 9999 connected to host WSMA7040 at 2016-10-06 08:19:34 Module : Planner.
oct. 06, 2016 8:19:53 AM helper.Helper InitDailyDestPrintDir
INFOS: Print directory [.\print\2016_10_06] already exist!
Print sub directory [.\print\2016_10_06.\open_sheet] already exist!
Print sub directory [.\print\2016_10_06.\closing_sheet] already exist!
Print sub directory [.\print\2016_10_06.\picking_label] already exist!

oct. 06, 2016 8:20:01 AM gui.config.CONFIG_UI0000_AdminPassword checkLoginAndPass
INFOS: User Admin   / 9999 connected to host WSMA7040 at 2016-10-06 08:20:01 Module : Planner.
oct. 06, 2016 8:24:08 AM helper.Helper InitDailyDestPrintDir
INFOS: Print directory [.\print\2016_10_06] already exist!
Print sub directory [.\print\2016_10_06.\open_sheet] already exist!
Print sub directory [.\print\2016_10_06.\closing_sheet] already exist!
Print sub directory [.\print\2016_10_06.\picking_label] already exist!

oct. 06, 2016 8:24:15 AM gui.config.CONFIG_UI0000_AdminPassword checkLoginAndPass
INFOS: User Admin   / 9999 connected to host WSMA7040 at 2016-10-06 08:24:15 Module : Planner.
oct. 06, 2016 8:41:37 AM helper.Helper InitDailyDestPrintDir
INFOS: Print directory [.\print\2016_10_06] already exist!
Print sub directory [.\print\2016_10_06.\open_sheet] already exist!
Print sub directory [.\print\2016_10_06.\closing_sheet] already exist!
Print sub directory [.\print\2016_10_06.\picking_label] already exist!

oct. 06, 2016 8:41:48 AM gui.config.CONFIG_UI0000_AdminPassword checkLoginAndPass
INFOS: User Admin   / 9999 connected to host WSMA7040 at 2016-10-06 08:41:48 Module : Planner.
oct. 06, 2016 8:41:49 AM entity.ConfigProject select
INFOS: FROM ConfigProject bp ORDER BY harnessType ASC
oct. 06, 2016 8:41:49 AM entity.ConfigShift select
INFOS: FROM ConfigShift cs ORDER BY startHour ASC
oct. 06, 2016 8:45:27 AM helper.Helper InitDailyDestPrintDir
INFOS: Print directory [.\print\2016_10_06] already exist!
Print sub directory [.\print\2016_10_06.\open_sheet] already exist!
Print sub directory [.\print\2016_10_06.\closing_sheet] already exist!
Print sub directory [.\print\2016_10_06.\picking_label] already exist!

oct. 06, 2016 8:46:07 AM helper.Helper InitDailyDestPrintDir
INFOS: Print directory [.\print\2016_10_06] already exist!
Print sub directory [.\print\2016_10_06.\open_sheet] already exist!
Print sub directory [.\print\2016_10_06.\closing_sheet] already exist!
Print sub directory [.\print\2016_10_06.\picking_label] already exist!

oct. 06, 2016 8:46:30 AM helper.Helper InitDailyDestPrintDir
INFOS: Print directory [.\print\2016_10_06] already exist!
Print sub directory [.\print\2016_10_06.\open_sheet] already exist!
Print sub directory [.\print\2016_10_06.\closing_sheet] already exist!
Print sub directory [.\print\2016_10_06.\picking_label] already exist!

oct. 06, 2016 8:48:12 AM helper.Helper InitDailyDestPrintDir
INFOS: Print directory [.\print\2016_10_06] already exist!
Print sub directory [.\print\2016_10_06.\open_sheet] already exist!
Print sub directory [.\print\2016_10_06.\closing_sheet] already exist!
Print sub directory [.\print\2016_10_06.\picking_label] already exist!

oct. 06, 2016 8:49:49 AM helper.Helper InitDailyDestPrintDir
INFOS: Print directory [.\print\2016_10_06] already exist!
Print sub directory [.\print\2016_10_06.\open_sheet] already exist!
Print sub directory [.\print\2016_10_06.\closing_sheet] already exist!
Print sub directory [.\print\2016_10_06.\picking_label] already exist!

oct. 06, 2016 8:50:14 AM helper.Helper InitDailyDestPrintDir
INFOS: Print directory [.\print\2016_10_06] already exist!
Print sub directory [.\print\2016_10_06.\open_sheet] already exist!
Print sub directory [.\print\2016_10_06.\closing_sheet] already exist!
Print sub directory [.\print\2016_10_06.\picking_label] already exist!

oct. 06, 2016 12:05:27 PM helper.Helper InitDailyDestPrintDir
INFOS: Print directory [.\print\2016_10_06] already exist!
Print sub directory [.\print\2016_10_06.\open_sheet] already exist!
Print sub directory [.\print\2016_10_06.\closing_sheet] already exist!
Print sub directory [.\print\2016_10_06.\picking_label] already exist!

oct. 06, 2016 12:08:54 PM helper.Helper InitDailyDestPrintDir
INFOS: Print directory [.\print\2016_10_06] already exist!
Print sub directory [.\print\2016_10_06.\open_sheet] already exist!
Print sub directory [.\print\2016_10_06.\closing_sheet] already exist!
Print sub directory [.\print\2016_10_06.\picking_label] already exist!

oct. 06, 2016 1:40:00 PM helper.Helper InitDailyDestPrintDir
INFOS: Print directory [.\print\2016_10_06] already exist!
Print sub directory [.\print\2016_10_06.\open_sheet] already exist!
Print sub directory [.\print\2016_10_06.\closing_sheet] already exist!
Print sub directory [.\print\2016_10_06.\picking_label] already exist!

oct. 06, 2016 1:41:35 PM helper.Helper InitDailyDestPrintDir
INFOS: Print directory [.\print\2016_10_06] already exist!
Print sub directory [.\print\2016_10_06.\open_sheet] already exist!
Print sub directory [.\print\2016_10_06.\closing_sheet] already exist!
Print sub directory [.\print\2016_10_06.\picking_label] already exist!

oct. 06, 2016 1:41:55 PM helper.Helper InitDailyDestPrintDir
INFOS: Print directory [.\print\2016_10_06] already exist!
Print sub directory [.\print\2016_10_06.\open_sheet] already exist!
Print sub directory [.\print\2016_10_06.\closing_sheet] already exist!
Print sub directory [.\print\2016_10_06.\picking_label] already exist!

oct. 06, 2016 1:43:35 PM helper.Helper InitDailyDestPrintDir
INFOS: Print directory [.\print\2016_10_06] already exist!
Print sub directory [.\print\2016_10_06.\open_sheet] already exist!
Print sub directory [.\print\2016_10_06.\closing_sheet] already exist!
Print sub directory [.\print\2016_10_06.\picking_label] already exist!

oct. 06, 2016 1:44:31 PM helper.Helper InitDailyDestPrintDir
INFOS: Print directory [.\print\2016_10_06] already exist!
Print sub directory [.\print\2016_10_06.\open_sheet] already exist!
Print sub directory [.\print\2016_10_06.\closing_sheet] already exist!
Print sub directory [.\print\2016_10_06.\picking_label] already exist!

oct. 06, 2016 1:45:28 PM helper.Helper InitDailyDestPrintDir
INFOS: Print directory [.\print\2016_10_06] already exist!
Print sub directory [.\print\2016_10_06.\open_sheet] already exist!
Print sub directory [.\print\2016_10_06.\closing_sheet] already exist!
Print sub directory [.\print\2016_10_06.\picking_label] already exist!

oct. 06, 2016 1:45:51 PM helper.Helper InitDailyDestPrintDir
INFOS: Print directory [.\print\2016_10_06] already exist!
Print sub directory [.\print\2016_10_06.\open_sheet] already exist!
Print sub directory [.\print\2016_10_06.\closing_sheet] already exist!
Print sub directory [.\print\2016_10_06.\picking_label] already exist!

oct. 06, 2016 1:46:58 PM helper.Helper InitDailyDestPrintDir
INFOS: Print directory [.\print\2016_10_06] already exist!
Print sub directory [.\print\2016_10_06.\open_sheet] already exist!
Print sub directory [.\print\2016_10_06.\closing_sheet] already exist!
Print sub directory [.\print\2016_10_06.\picking_label] already exist!

oct. 06, 2016 1:47:56 PM helper.Helper InitDailyDestPrintDir
INFOS: Print directory [.\print\2016_10_06] already exist!
Print sub directory [.\print\2016_10_06.\open_sheet] already exist!
Print sub directory [.\print\2016_10_06.\closing_sheet] already exist!
Print sub directory [.\print\2016_10_06.\picking_label] already exist!

oct. 06, 2016 1:48:17 PM helper.Helper InitDailyDestPrintDir
INFOS: Print directory [.\print\2016_10_06] already exist!
Print sub directory [.\print\2016_10_06.\open_sheet] already exist!
Print sub directory [.\print\2016_10_06.\closing_sheet] already exist!
Print sub directory [.\print\2016_10_06.\picking_label] already exist!

oct. 06, 2016 1:48:37 PM helper.Helper InitDailyDestPrintDir
INFOS: Print directory [.\print\2016_10_06] already exist!
Print sub directory [.\print\2016_10_06.\open_sheet] already exist!
Print sub directory [.\print\2016_10_06.\closing_sheet] already exist!
Print sub directory [.\print\2016_10_06.\picking_label] already exist!

oct. 06, 2016 1:49:12 PM helper.Helper InitDailyDestPrintDir
INFOS: Print directory [.\print\2016_10_06] already exist!
Print sub directory [.\print\2016_10_06.\open_sheet] already exist!
Print sub directory [.\print\2016_10_06.\closing_sheet] already exist!
Print sub directory [.\print\2016_10_06.\picking_label] already exist!

oct. 06, 2016 1:51:15 PM helper.Helper InitDailyDestPrintDir
INFOS: Print directory [.\print\2016_10_06] already exist!
Print sub directory [.\print\2016_10_06.\open_sheet] already exist!
Print sub directory [.\print\2016_10_06.\closing_sheet] already exist!
Print sub directory [.\print\2016_10_06.\picking_label] already exist!

oct. 06, 2016 3:49:53 PM helper.Helper InitDailyDestPrintDir
INFOS: Print directory [.\print\2016_10_06] already exist!
Print sub directory [.\print\2016_10_06.\open_sheet] already exist!
Print sub directory [.\print\2016_10_06.\closing_sheet] already exist!
Print sub directory [.\print\2016_10_06.\picking_label] already exist!

oct. 06, 2016 3:50:07 PM gui.config.CONFIG_UI0000_AdminPassword checkLoginAndPass
INFOS: User Admin   / 9999 connected to host WSMA7040 at 2016-10-06 15:50:07 Module : Planner.
oct. 06, 2016 3:50:07 PM gui.config.CONFIG_UI0000_AdminPassword checkLoginAndPass
INFOS: User Admin   / 9999 connected to host WSMA7040 at 2016-10-06 15:50:07 Module : Planner.
oct. 06, 2016 3:50:07 PM gui.config.CONFIG_UI0000_AdminPassword checkLoginAndPass
INFOS: User Admin   / 9999 connected to host WSMA7040 at 2016-10-06 15:50:07 Module : Planner.
oct. 06, 2016 3:50:07 PM gui.config.CONFIG_UI0000_AdminPassword checkLoginAndPass
INFOS: User Admin   / 9999 connected to host WSMA7040 at 2016-10-06 15:50:07 Module : Planner.
oct. 06, 2016 3:50:48 PM helper.Helper InitDailyDestPrintDir
INFOS: Print directory [.\print\2016_10_06] already exist!
Print sub directory [.\print\2016_10_06.\open_sheet] already exist!
Print sub directory [.\print\2016_10_06.\closing_sheet] already exist!
Print sub directory [.\print\2016_10_06.\picking_label] already exist!

oct. 06, 2016 3:51:23 PM helper.Helper InitDailyDestPrintDir
INFOS: Print directory [.\print\2016_10_06] already exist!
Print sub directory [.\print\2016_10_06.\open_sheet] already exist!
Print sub directory [.\print\2016_10_06.\closing_sheet] already exist!
Print sub directory [.\print\2016_10_06.\picking_label] already exist!

oct. 06, 2016 3:52:45 PM helper.Helper InitDailyDestPrintDir
INFOS: Print directory [.\print\2016_10_06] already exist!
Print sub directory [.\print\2016_10_06.\open_sheet] already exist!
Print sub directory [.\print\2016_10_06.\closing_sheet] already exist!
Print sub directory [.\print\2016_10_06.\picking_label] already exist!

oct. 06, 2016 3:53:16 PM helper.Helper InitDailyDestPrintDir
INFOS: Print directory [.\print\2016_10_06] already exist!
Print sub directory [.\print\2016_10_06.\open_sheet] already exist!
Print sub directory [.\print\2016_10_06.\closing_sheet] already exist!
Print sub directory [.\print\2016_10_06.\picking_label] already exist!

oct. 06, 2016 3:53:29 PM gui.config.CONFIG_UI0000_AdminPassword checkLoginAndPass
INFOS: User Admin   / 9999 connected to host WSMA7040 at 2016-10-06 15:53:29 Module : Planner.
oct. 06, 2016 3:53:35 PM gui.config.CONFIG_UI0000_AdminPassword checkLoginAndPass
INFOS: User Admin   / 9999 connected to host WSMA7040 at 2016-10-06 15:53:35 Module : Planner.
oct. 06, 2016 3:53:37 PM gui.config.CONFIG_UI0000_AdminPassword checkLoginAndPass
INFOS: User Admin   / 9999 connected to host WSMA7040 at 2016-10-06 15:53:37 Module : Planner.
oct. 06, 2016 3:53:39 PM gui.config.CONFIG_UI0000_AdminPassword checkLoginAndPass
INFOS: User Admin   / 9999 connected to host WSMA7040 at 2016-10-06 15:53:39 Module : Planner.
oct. 06, 2016 3:53:46 PM gui.config.CONFIG_UI0000_AdminPassword checkLoginAndPass
INFOS: User Admin   / 9999 connected to host WSMA7040 at 2016-10-06 15:53:46 Module : Planner.
oct. 06, 2016 3:54:41 PM helper.Helper InitDailyDestPrintDir
INFOS: Print directory [.\print\2016_10_06] already exist!
Print sub directory [.\print\2016_10_06.\open_sheet] already exist!
Print sub directory [.\print\2016_10_06.\closing_sheet] already exist!
Print sub directory [.\print\2016_10_06.\picking_label] already exist!

oct. 06, 2016 3:54:49 PM gui.config.CONFIG_UI0000_AdminPassword checkLoginAndPass
INFOS: User Admin   / 9999 connected to host WSMA7040 at 2016-10-06 15:54:49 Module : Planner.
oct. 06, 2016 3:54:51 PM gui.config.CONFIG_UI0000_AdminPassword checkLoginAndPass
INFOS: User Admin   / 9999 connected to host WSMA7040 at 2016-10-06 15:54:51 Module : Planner.
oct. 06, 2016 3:54:58 PM gui.config.CONFIG_UI0000_AdminPassword checkLoginAndPass
INFOS: User Admin   / 9999 connected to host WSMA7040 at 2016-10-06 15:54:58 Module : Planner.
oct. 06, 2016 3:56:10 PM helper.Helper InitDailyDestPrintDir
INFOS: Print directory [.\print\2016_10_06] already exist!
Print sub directory [.\print\2016_10_06.\open_sheet] already exist!
Print sub directory [.\print\2016_10_06.\closing_sheet] already exist!
Print sub directory [.\print\2016_10_06.\picking_label] already exist!

oct. 06, 2016 3:56:28 PM gui.config.CONFIG_UI0000_AdminPassword checkLoginAndPass
INFOS: User Admin   / 9999 connected to host WSMA7040 at 2016-10-06 15:56:28 Module : Planner.
oct. 06, 2016 3:56:28 PM gui.config.CONFIG_UI0000_AdminPassword checkLoginAndPass
INFOS: User Admin   / 9999 connected to host WSMA7040 at 2016-10-06 15:56:28 Module : Planner.
oct. 06, 2016 3:56:28 PM gui.config.CONFIG_UI0000_AdminPassword checkLoginAndPass
INFOS: User Admin   / 9999 connected to host WSMA7040 at 2016-10-06 15:56:28 Module : Planner.
oct. 06, 2016 3:56:48 PM gui.config.CONFIG_UI0000_AdminPassword checkLoginAndPass
INFOS: User Admin   / 9999 connected to host WSMA7040 at 2016-10-06 15:56:48 Module : Planner.
oct. 06, 2016 3:59:41 PM helper.Helper InitDailyDestPrintDir
INFOS: Print directory [.\print\2016_10_06] already exist!
Print sub directory [.\print\2016_10_06.\open_sheet] already exist!
Print sub directory [.\print\2016_10_06.\closing_sheet] already exist!
Print sub directory [.\print\2016_10_06.\picking_label] already exist!

oct. 06, 2016 3:59:52 PM gui.config.CONFIG_UI0000_AdminPassword checkLoginAndPass
INFOS: User Admin   / 9999 connected to host WSMA7040 at 2016-10-06 15:59:52 Module : Planner.
oct. 06, 2016 3:59:57 PM gui.config.CONFIG_UI0000_AdminPassword checkLoginAndPass
INFOS: User Admin   / 9999 connected to host WSMA7040 at 2016-10-06 15:59:57 Module : Planner.
oct. 06, 2016 4:00:00 PM gui.config.CONFIG_UI0000_AdminPassword checkLoginAndPass
INFOS: User Admin   / 9999 connected to host WSMA7040 at 2016-10-06 16:00:00 Module : Planner.
oct. 06, 2016 4:00:03 PM gui.config.CONFIG_UI0000_AdminPassword checkLoginAndPass
INFOS: User Admin   / 9999 connected to host WSMA7040 at 2016-10-06 16:00:03 Module : Planner.
oct. 06, 2016 4:00:03 PM gui.config.CONFIG_UI0000_AdminPassword checkLoginAndPass
INFOS: User Admin   / 9999 connected to host WSMA7040 at 2016-10-06 16:00:03 Module : Planner.
oct. 06, 2016 4:00:05 PM gui.config.CONFIG_UI0000_AdminPassword checkLoginAndPass
INFOS: User Admin   / 9999 connected to host WSMA7040 at 2016-10-06 16:00:05 Module : Planner.
oct. 06, 2016 4:00:06 PM gui.config.CONFIG_UI0000_AdminPassword checkLoginAndPass
INFOS: User Admin   / 9999 connected to host WSMA7040 at 2016-10-06 16:00:06 Module : Planner.
oct. 06, 2016 4:01:23 PM helper.Helper InitDailyDestPrintDir
INFOS: Print directory [.\print\2016_10_06] already exist!
Print sub directory [.\print\2016_10_06.\open_sheet] already exist!
Print sub directory [.\print\2016_10_06.\closing_sheet] already exist!
Print sub directory [.\print\2016_10_06.\picking_label] already exist!

oct. 06, 2016 4:01:33 PM gui.config.CONFIG_UI0000_AdminPassword checkLoginAndPass
INFOS: User Admin   / 9999 connected to host WSMA7040 at 2016-10-06 16:01:33 Module : Planner.
oct. 06, 2016 4:01:46 PM gui.config.CONFIG_UI0000_AdminPassword checkLoginAndPass
INFOS: User Admin   / 9999 connected to host WSMA7040 at 2016-10-06 16:01:46 Module : Planner.
oct. 06, 2016 4:02:51 PM helper.Helper InitDailyDestPrintDir
INFOS: Print directory [.\print\2016_10_06] already exist!
Print sub directory [.\print\2016_10_06.\open_sheet] already exist!
Print sub directory [.\print\2016_10_06.\closing_sheet] already exist!
Print sub directory [.\print\2016_10_06.\picking_label] already exist!

oct. 06, 2016 4:02:59 PM gui.config.CONFIG_UI0000_AdminPassword checkLoginAndPass
INFOS: User Admin   / 9999 connected to host WSMA7040 at 2016-10-06 16:02:59 Module : Planner.
oct. 06, 2016 4:03:18 PM helper.Helper InitDailyDestPrintDir
INFOS: Print directory [.\print\2016_10_06] already exist!
Print sub directory [.\print\2016_10_06.\open_sheet] already exist!
Print sub directory [.\print\2016_10_06.\closing_sheet] already exist!
Print sub directory [.\print\2016_10_06.\picking_label] already exist!

oct. 06, 2016 4:03:29 PM gui.config.CONFIG_UI0000_AdminPassword checkLoginAndPass
INFOS: User Admin   / 9999 connected to host WSMA7040 at 2016-10-06 16:03:29 Module : Planner.
oct. 06, 2016 4:03:32 PM gui.config.CONFIG_UI0000_AdminPassword checkLoginAndPass
INFOS: User Admin   / 9999 connected to host WSMA7040 at 2016-10-06 16:03:32 Module : Planner.
oct. 06, 2016 4:07:53 PM helper.Helper InitDailyDestPrintDir
INFOS: Print directory [.\print\2016_10_06] already exist!
Print sub directory [.\print\2016_10_06.\open_sheet] already exist!
Print sub directory [.\print\2016_10_06.\closing_sheet] already exist!
Print sub directory [.\print\2016_10_06.\picking_label] already exist!

oct. 06, 2016 4:07:59 PM gui.config.CONFIG_UI0000_AdminPassword checkLoginAndPass
INFOS: User Admin   / 9999 connected to host WSMA7040 at 2016-10-06 16:07:59 Module : Planner.
oct. 06, 2016 4:08:08 PM gui.config.CONFIG_UI0000_AdminPassword checkLoginAndPass
INFOS: User Admin   / 9999 connected to host WSMA7040 at 2016-10-06 16:08:08 Module : Planner.
oct. 06, 2016 4:08:13 PM gui.config.CONFIG_UI0000_AdminPassword checkLoginAndPass
INFOS: User Admin   / 9999 connected to host WSMA7040 at 2016-10-06 16:08:13 Module : Planner.
oct. 06, 2016 4:08:32 PM gui.config.CONFIG_UI0000_AdminPassword checkLoginAndPass
INFOS: User Admin   / 9999 connected to host WSMA7040 at 2016-10-06 16:08:32 Module : Planner.
oct. 06, 2016 4:08:43 PM gui.config.CONFIG_UI0000_AdminPassword checkLoginAndPass
INFOS: User Admin   / 9999 connected to host WSMA7040 at 2016-10-06 16:08:43 Module : Planner.
oct. 06, 2016 4:08:47 PM gui.config.CONFIG_UI0000_AdminPassword checkLoginAndPass
INFOS: User Admin   / 9999 connected to host WSMA7040 at 2016-10-06 16:08:47 Module : Planner.
oct. 06, 2016 4:09:00 PM gui.config.CONFIG_UI0000_AdminPassword checkLoginAndPass
INFOS: User Admin   / 9999 connected to host WSMA7040 at 2016-10-06 16:09:00 Module : Planner.
oct. 06, 2016 4:09:49 PM helper.Helper InitDailyDestPrintDir
INFOS: Print directory [.\print\2016_10_06] already exist!
Print sub directory [.\print\2016_10_06.\open_sheet] already exist!
Print sub directory [.\print\2016_10_06.\closing_sheet] already exist!
Print sub directory [.\print\2016_10_06.\picking_label] already exist!

oct. 06, 2016 4:10:04 PM gui.config.CONFIG_UI0000_AdminPassword checkLoginAndPass
INFOS: User Admin   / 9999 connected to host WSMA7040 at 2016-10-06 16:10:04 Module : Planner.
oct. 06, 2016 4:10:35 PM helper.Helper InitDailyDestPrintDir
INFOS: Print directory [.\print\2016_10_06] already exist!
Print sub directory [.\print\2016_10_06.\open_sheet] already exist!
Print sub directory [.\print\2016_10_06.\closing_sheet] already exist!
Print sub directory [.\print\2016_10_06.\picking_label] already exist!

oct. 06, 2016 4:10:46 PM gui.config.CONFIG_UI0000_AdminPassword checkLoginAndPass
INFOS: User Admin   / 9999 connected to host WSMA7040 at 2016-10-06 16:10:46 Module : Planner.
oct. 06, 2016 4:11:35 PM helper.Helper InitDailyDestPrintDir
INFOS: Print directory [.\print\2016_10_06] already exist!
Print sub directory [.\print\2016_10_06.\open_sheet] already exist!
Print sub directory [.\print\2016_10_06.\closing_sheet] already exist!
Print sub directory [.\print\2016_10_06.\picking_label] already exist!

oct. 06, 2016 4:11:40 PM gui.config.CONFIG_UI0000_AdminPassword checkLoginAndPass
INFOS: User Admin   / 9999 connected to host WSMA7040 at 2016-10-06 16:11:40 Module : Planner.
oct. 06, 2016 5:00:09 PM helper.Helper InitDailyDestPrintDir
INFOS: Print directory [.\print\2016_10_06] already exist!
Print sub directory [.\print\2016_10_06.\open_sheet] already exist!
Print sub directory [.\print\2016_10_06.\closing_sheet] already exist!
Print sub directory [.\print\2016_10_06.\picking_label] already exist!

oct. 06, 2016 5:00:23 PM gui.packaging.PACKAGING_UI0001_Main loadBarcodeConfig
INFOS: FROM ConfigBarcode cb WHERE cb.keyWord = :keyWord ORDER BY id ASC
oct. 06, 2016 5:00:23 PM entity.ConfigProject select
INFOS: FROM ConfigProject bp ORDER BY harnessType ASC
oct. 06, 2016 5:00:23 PM entity.ConfigProject select
INFOS: FROM ConfigProject bp ORDER BY harnessType ASC
oct. 06, 2016 5:00:35 PM gui.packaging.PACKAGING_UI0002_PasswordRequest admin_password_txtboxKeyPressed
INFOS: User Admin   / 9999 connected to host WSMA7040 at 2016-10-06 17:00:35 Project : ENGINE.
oct. 06, 2016 5:00:48 PM entity.ConfigUcs isHarnessPartExist
INFOS: Searching Harness part [22701793] in ConfigUCS: ENGINE
oct. 06, 2016 5:00:48 PM entity.ConfigUcs isHarnessPartExist
INFOS: Harness part [22701793] found for project [ENGINE].
oct. 06, 2016 5:00:48 PM state.S020_HarnessPartScan doAction
INFOS: Harness Part scanned [P22701793] OK.
oct. 06, 2016 5:01:03 PM entity.BaseHarness isCounterExist
INFOS: Searching Harness counter [P2270179300002016000000] in BaseHarness.
oct. 06, 2016 5:01:03 PM entity.BaseHarness isCounterExist
INFOS: FROM BaseHarness bh WHERE bh.counter = :counter
oct. 06, 2016 5:01:03 PM state.S030_MatrixIdScan doAction
INFOS: Valid Harness Counter scanned [P2270179300002016000000] OK.
oct. 06, 2016 5:01:07 PM state.S040_PalletChoice doAction
INFOS: Is it a new pallet ?
oct. 06, 2016 5:01:07 PM state.S040_PalletChoice doAction
INFOS:  [Yes]
oct. 06, 2016 5:01:21 PM state.S040_PalletChoice doAction
INFOS: Palette déjà ouverte pour la référence 22701793 !
oct. 06, 2016 5:01:27 PM state.S040_PalletChoice doAction
INFOS: Is it a new pallet ?
oct. 06, 2016 5:01:27 PM state.S040_PalletChoice doAction
INFOS:  [No]
oct. 06, 2016 5:01:27 PM state.S040_PalletChoice doAction
INFOS: Pallet values 
oct. 06, 2016 5:01:27 PM state.S040_PalletChoice doAction
INFOS: State           :   [true]
oct. 06, 2016 5:01:27 PM state.S040_PalletChoice doAction
INFOS: Qty Expected    :   [24]
oct. 06, 2016 5:01:27 PM state.S040_PalletChoice doAction
INFOS: Qty Read        :   [4]
oct. 06, 2016 5:01:27 PM state.S040_PalletChoice doAction
INFOS: Std Time        :   [0.390057633333333]
oct. 06, 2016 5:01:27 PM state.S040_PalletChoice doAction
INFOS: Harness Part [22701793] = Context Harness Part [22701793]
oct. 06, 2016 5:01:27 PM state.S040_PalletChoice doAction
INFOS: Harness Type [ENGINE] = Context Harness Type [ENGINE]
oct. 06, 2016 5:03:39 PM gui.packaging.PACKAGING_UI0001_Main loadBarcodeConfig
INFOS: FROM ConfigBarcode cb WHERE cb.keyWord = :keyWord ORDER BY id ASC
oct. 06, 2016 5:03:39 PM entity.ConfigProject select
INFOS: FROM ConfigProject bp ORDER BY harnessType ASC
oct. 06, 2016 5:03:39 PM entity.ConfigProject select
INFOS: FROM ConfigProject bp ORDER BY harnessType ASC
oct. 06, 2016 5:03:43 PM state.S010_UserCodeScan doAction
INFOS: Invalid matricule number or account locked !
oct. 06, 2016 5:03:49 PM gui.packaging.PACKAGING_UI0002_PasswordRequest admin_password_txtboxKeyPressed
INFOS: User Admin   / 9999 connected to host WSMA7040 at 2016-10-06 17:03:49 Project : ENGINE.
oct. 06, 2016 5:03:56 PM entity.ConfigUcs isHarnessPartExist
INFOS: Searching Harness part [22630882] in ConfigUCS: ENGINE
oct. 06, 2016 5:03:56 PM entity.ConfigUcs isHarnessPartExist
INFOS: Harness part [22630882] found for project [ENGINE].
oct. 06, 2016 5:03:56 PM state.S020_HarnessPartScan doAction
INFOS: Harness Part scanned [P22630882] OK.
oct. 06, 2016 5:04:06 PM entity.BaseHarness isCounterExist
INFOS: Searching Harness counter [P2263088200002016000000] in BaseHarness.
oct. 06, 2016 5:04:06 PM entity.BaseHarness isCounterExist
INFOS: FROM BaseHarness bh WHERE bh.counter = :counter
oct. 06, 2016 5:04:06 PM state.S030_MatrixIdScan doAction
INFOS: Valid Harness Counter scanned [P2263088200002016000000] OK.
oct. 06, 2016 5:04:09 PM state.S040_PalletChoice doAction
INFOS: Is it a new pallet ?
oct. 06, 2016 5:04:09 PM state.S040_PalletChoice doAction
INFOS:  [Yes]
oct. 06, 2016 5:04:09 PM gui.packaging.PACKAGING_UI9000_ChoosePackType <init>
INFOS: Item found 22630882--26C36540A--P02--3RV--24--0.0
oct. 06, 2016 5:04:09 PM gui.packaging.PACKAGING_UI9000_ChoosePackType <init>
INFOS: 1 UCS founds for Harness Part[22630882].
oct. 06, 2016 5:04:11 PM gui.packaging.PACKAGING_UI9000_ChoosePackType mappingContextVals
INFOS: Selected pack type : 22630882--26C36540A--P02--3RV--24--0.0 
oct. 06, 2016 5:04:11 PM helper.Helper InitDailyDestPrintDir
INFOS: nullPrint directory [.\print\2016_10_06] already exist!
Print sub directory [.\print\2016_10_06.\open_sheet] already exist!
Print sub directory [.\print\2016_10_06.\closing_sheet] already exist!
Print sub directory [.\print\2016_10_06.\picking_label] already exist!

oct. 06, 2016 5:04:12 PM helper.PrinterHelper saveAndPrintOpenSheet
INFOS: Set Pallet [200000495] state to [IN_PROCESS]
oct. 06, 2016 5:04:12 PM print.PrintOpenPallet_A5 sentToDefaultDesktopPrinter
INFOS: Sending [.\print\2016_10_06\open_sheet\PrintOpenPallet_A5_2016_10_06_17_04_11_200000495.pdf] to the default printer...
oct. 06, 2016 5:04:12 PM print.PrintOpenPallet_A5 sentToDefaultDesktopPrinter
INFOS: File [%s] has been printed.
oct. 06, 2016 5:04:12 PM helper.PrinterHelper saveAndPrintOpenSheet
INFOS: Set Pallet [200000495] state to [PRINTED]
oct. 06, 2016 5:04:12 PM gui.packaging.PACKAGING_UI9000_ChoosePackType items_listKeyPressed
INFOS: Openning new container for first harness part [22630882].
oct. 06, 2016 5:04:19 PM state.S041_NewPalletScan doAction
INFOS: Scanned Pallet number [200000495] OK.
oct. 06, 2016 5:04:19 PM state.S041_NewPalletScan doAction
INFOS: BaseContainer created BaseContainer{id=767,
 createTime=Thu Oct 06 17:04:19 WEST 2016,
 writeTime=Thu Oct 06 17:04:19 WEST 2016,
 createId=4,
 writeId=4,
 user=9999,
 startTime=Thu Oct 06 17:04:19 WEST 2016,
 completeTime=null,
 workTime=null,
 palletNumber=200000495,
 harnessPart=22630882,
 harnessIndex=P02,
 supplierPartNumber=26C36540A,
 qtyExpected=24,
 qtyRead=1,
 containerState=OPEN,
 containerStateCode=1000,
 packType=3RV,
 harnessType=ENGINE,
 harnessList=[],
 stdTime=0.0} 
oct. 06, 2016 5:30:56 PM helper.Helper InitDailyDestPrintDir
INFOS: Print directory [.\print\2016_10_06] already exist!
Print sub directory [.\print\2016_10_06.\open_sheet] already exist!
Print sub directory [.\print\2016_10_06.\closing_sheet] already exist!
Print sub directory [.\print\2016_10_06.\picking_label] already exist!

oct. 06, 2016 5:30:57 PM gui.packaging.PACKAGING_UI0001_Main loadBarcodeConfig
INFOS: FROM ConfigBarcode cb WHERE cb.keyWord = :keyWord ORDER BY id ASC
oct. 06, 2016 5:30:57 PM entity.ConfigProject select
INFOS: FROM ConfigProject bp ORDER BY harnessType ASC
oct. 06, 2016 5:30:57 PM entity.ConfigProject select
INFOS: FROM ConfigProject bp ORDER BY harnessType ASC
oct. 06, 2016 5:31:01 PM gui.packaging.PACKAGING_UI0002_PasswordRequest admin_password_txtboxKeyPressed
INFOS: User Admin   / 9999 connected to host WSMA7040 at 2016-10-06 17:31:01 Project : ENGINE.
oct. 06, 2016 5:31:08 PM entity.ConfigUcs isHarnessPartExist
INFOS: Searching Harness part [22630882] in ConfigUCS: ENGINE
oct. 06, 2016 5:31:08 PM entity.ConfigUcs isHarnessPartExist
INFOS: Harness part [22630882] found for project [ENGINE].
oct. 06, 2016 5:31:08 PM state.S020_HarnessPartScan doAction
INFOS: Harness Part scanned [P22630882] OK.
oct. 06, 2016 5:31:14 PM entity.BaseHarness isCounterExist
INFOS: Searching Harness counter [P2263088200002016000000] in BaseHarness.
oct. 06, 2016 5:31:14 PM entity.BaseHarness isCounterExist
INFOS: FROM BaseHarness bh WHERE bh.counter = :counter
oct. 06, 2016 5:31:14 PM entity.BaseHarness getHarnessByCounter
INFOS: FROM BaseHarness bh WHERE bh.counter = :counter
oct. 06, 2016 5:31:22 PM entity.BaseHarness isCounterExist
INFOS: Searching Harness counter [P2263088255222016221144] in BaseHarness.
oct. 06, 2016 5:31:22 PM entity.BaseHarness isCounterExist
INFOS: FROM BaseHarness bh WHERE bh.counter = :counter
oct. 06, 2016 5:31:22 PM state.S030_MatrixIdScan doAction
INFOS: Valid Harness Counter scanned [P2263088255222016221144] OK.
oct. 06, 2016 5:31:27 PM state.S040_PalletChoice doAction
INFOS: Is it a new pallet ?
oct. 06, 2016 5:31:27 PM state.S040_PalletChoice doAction
INFOS:  [Yes]
oct. 06, 2016 5:31:41 PM state.S040_PalletChoice doAction
INFOS: Palette déjà ouverte pour la référence 22630882 !
oct. 06, 2016 5:32:59 PM helper.Helper InitDailyDestPrintDir
INFOS: Print directory [.\print\2016_10_06] already exist!
Print sub directory [.\print\2016_10_06.\open_sheet] already exist!
Print sub directory [.\print\2016_10_06.\closing_sheet] already exist!
Print sub directory [.\print\2016_10_06.\picking_label] already exist!

oct. 06, 2016 5:34:10 PM helper.Helper InitDailyDestPrintDir
INFOS: Print directory [.\print\2016_10_06] already exist!
Print sub directory [.\print\2016_10_06.\open_sheet] already exist!
Print sub directory [.\print\2016_10_06.\closing_sheet] already exist!
Print sub directory [.\print\2016_10_06.\picking_label] already exist!

oct. 06, 2016 5:34:12 PM gui.packaging.PACKAGING_UI0001_Main loadBarcodeConfig
INFOS: FROM ConfigBarcode cb WHERE cb.keyWord = :keyWord ORDER BY id ASC
oct. 06, 2016 5:34:12 PM entity.ConfigProject select
INFOS: FROM ConfigProject bp ORDER BY harnessType ASC
oct. 06, 2016 5:34:12 PM entity.ConfigProject select
INFOS: FROM ConfigProject bp ORDER BY harnessType ASC
oct. 06, 2016 5:34:16 PM gui.packaging.PACKAGING_UI0002_PasswordRequest admin_password_txtboxKeyPressed
INFOS: User Admin   / 9999 connected to host WSMA7040 at 2016-10-06 17:34:16 Project : ENGINE.
oct. 06, 2016 5:34:24 PM entity.ConfigUcs isHarnessPartExist
INFOS: Searching Harness part [21564014] in ConfigUCS: ENGINE
oct. 06, 2016 5:34:24 PM entity.ConfigUcs isHarnessPartExist
INFOS: Harness part [21564014] found for project [ENGINE].
oct. 06, 2016 5:34:24 PM state.S020_HarnessPartScan doAction
INFOS: Harness Part scanned [P21564014] OK.
oct. 06, 2016 5:34:31 PM entity.BaseHarness isCounterExist
INFOS: Searching Harness counter [P2156401422002016112266] in BaseHarness.
oct. 06, 2016 5:34:31 PM entity.BaseHarness isCounterExist
INFOS: FROM BaseHarness bh WHERE bh.counter = :counter
oct. 06, 2016 5:34:31 PM state.S030_MatrixIdScan doAction
INFOS: Valid Harness Counter scanned [P2156401422002016112266] OK.
oct. 06, 2016 5:34:34 PM state.S040_PalletChoice doAction
INFOS: Is it a new pallet ?
oct. 06, 2016 5:34:34 PM state.S040_PalletChoice doAction
INFOS:  [Yes]
oct. 06, 2016 5:34:34 PM gui.packaging.PACKAGING_UI9000_ChoosePackType <init>
INFOS: Item found 21564014--26C43460A--P01--3RV--24--0.0
oct. 06, 2016 5:34:34 PM gui.packaging.PACKAGING_UI9000_ChoosePackType <init>
INFOS: 1 UCS founds for Harness Part[21564014].
oct. 06, 2016 5:34:34 PM gui.packaging.PACKAGING_UI9000_ChoosePackType mappingContextVals
INFOS: Selected pack type : 21564014--26C43460A--P01--3RV--24--0.0 
oct. 06, 2016 5:35:39 PM helper.Helper InitDailyDestPrintDir
INFOS: Print directory [.\print\2016_10_06] already exist!
Print sub directory [.\print\2016_10_06.\open_sheet] already exist!
Print sub directory [.\print\2016_10_06.\closing_sheet] already exist!
Print sub directory [.\print\2016_10_06.\picking_label] already exist!

oct. 06, 2016 5:35:41 PM gui.packaging.PACKAGING_UI0001_Main loadBarcodeConfig
INFOS: FROM ConfigBarcode cb WHERE cb.keyWord = :keyWord ORDER BY id ASC
oct. 06, 2016 5:35:41 PM entity.ConfigProject select
INFOS: FROM ConfigProject bp ORDER BY harnessType ASC
oct. 06, 2016 5:35:41 PM entity.ConfigProject select
INFOS: FROM ConfigProject bp ORDER BY harnessType ASC
oct. 06, 2016 5:35:44 PM gui.packaging.PACKAGING_UI0002_PasswordRequest admin_password_txtboxKeyPressed
INFOS: User Admin   / 9999 connected to host WSMA7040 at 2016-10-06 17:35:44 Project : ENGINE.
oct. 06, 2016 5:36:29 PM helper.Helper InitDailyDestPrintDir
INFOS: Print directory [.\print\2016_10_06] already exist!
Print sub directory [.\print\2016_10_06.\open_sheet] already exist!
Print sub directory [.\print\2016_10_06.\closing_sheet] already exist!
Print sub directory [.\print\2016_10_06.\picking_label] already exist!

oct. 06, 2016 5:36:30 PM gui.packaging.PACKAGING_UI0001_Main loadBarcodeConfig
INFOS: FROM ConfigBarcode cb WHERE cb.keyWord = :keyWord ORDER BY id ASC
oct. 06, 2016 5:36:30 PM entity.ConfigProject select
INFOS: FROM ConfigProject bp ORDER BY harnessType ASC
oct. 06, 2016 5:36:30 PM entity.ConfigProject select
INFOS: FROM ConfigProject bp ORDER BY harnessType ASC
oct. 06, 2016 5:36:33 PM gui.packaging.PACKAGING_UI0002_PasswordRequest admin_password_txtboxKeyPressed
INFOS: User Admin   / 9999 connected to host WSMA7040 at 2016-10-06 17:36:33 Project : ENGINE.
oct. 06, 2016 5:36:37 PM entity.ConfigUcs isHarnessPartExist
INFOS: Searching Harness part [21564014] in ConfigUCS: ENGINE
oct. 06, 2016 5:36:37 PM entity.ConfigUcs isHarnessPartExist
INFOS: Harness part [21564014] found for project [ENGINE].
oct. 06, 2016 5:36:37 PM state.S020_HarnessPartScan doAction
INFOS: Harness Part scanned [P21564014] OK.
oct. 06, 2016 5:36:43 PM entity.BaseHarness isCounterExist
INFOS: Searching Harness counter [P2156401422002016112233] in BaseHarness.
oct. 06, 2016 5:36:43 PM entity.BaseHarness isCounterExist
INFOS: FROM BaseHarness bh WHERE bh.counter = :counter
oct. 06, 2016 5:36:43 PM state.S030_MatrixIdScan doAction
INFOS: Valid Harness Counter scanned [P2156401422002016112233] OK.
oct. 06, 2016 5:36:48 PM state.S040_PalletChoice doAction
INFOS: Is it a new pallet ?
oct. 06, 2016 5:36:48 PM state.S040_PalletChoice doAction
INFOS:  [Yes]
oct. 06, 2016 5:36:48 PM gui.packaging.PACKAGING_UI9000_ChoosePackType <init>
INFOS: Item found 21564014--26C43460A--P01--3RV--24--0.0
oct. 06, 2016 5:36:48 PM gui.packaging.PACKAGING_UI9000_ChoosePackType <init>
INFOS: 1 UCS founds for Harness Part[21564014].
oct. 06, 2016 5:36:52 PM gui.packaging.PACKAGING_UI9000_ChoosePackType mappingContextVals
INFOS: Selected pack type : 21564014--26C43460A--P01--3RV--24--0.0 
oct. 06, 2016 5:37:06 PM gui.packaging.PACKAGING_UI9000_ChoosePackType items_listKeyPressed
INFOS: Palette/Box déjà ouvert(e) du type 3RV dans ce poste WSMA7040, pour la référence 22630882. 
 Veuillez terminer le packaging de la palette 21564014 avant d'ouvrir une nouvelle palette de type 3RV.
oct. 06, 2016 5:37:06 PM helper.Helper InitDailyDestPrintDir
INFOS: nullPrint directory [.\print\2016_10_06] already exist!
Print sub directory [.\print\2016_10_06.\open_sheet] already exist!
Print sub directory [.\print\2016_10_06.\closing_sheet] already exist!
Print sub directory [.\print\2016_10_06.\picking_label] already exist!

oct. 06, 2016 5:37:06 PM helper.PrinterHelper saveAndPrintOpenSheet
INFOS: Set Pallet [200000496] state to [IN_PROCESS]
oct. 06, 2016 5:37:06 PM print.PrintOpenPallet_A5 sentToDefaultDesktopPrinter
INFOS: Sending [.\print\2016_10_06\open_sheet\PrintOpenPallet_A5_2016_10_06_17_37_06_200000496.pdf] to the default printer...
oct. 06, 2016 5:37:06 PM print.PrintOpenPallet_A5 sentToDefaultDesktopPrinter
INFOS: File [%s] has been printed.
oct. 06, 2016 5:37:06 PM helper.PrinterHelper saveAndPrintOpenSheet
INFOS: Set Pallet [200000496] state to [PRINTED]
oct. 06, 2016 5:37:06 PM gui.packaging.PACKAGING_UI9000_ChoosePackType items_listKeyPressed
INFOS: Openning new container for first harness part [21564014].
oct. 06, 2016 5:40:17 PM helper.Helper InitDailyDestPrintDir
INFOS: Print directory [.\print\2016_10_06] already exist!
Print sub directory [.\print\2016_10_06.\open_sheet] already exist!
Print sub directory [.\print\2016_10_06.\closing_sheet] already exist!
Print sub directory [.\print\2016_10_06.\picking_label] already exist!

oct. 06, 2016 5:40:19 PM gui.packaging.PACKAGING_UI0001_Main loadBarcodeConfig
INFOS: FROM ConfigBarcode cb WHERE cb.keyWord = :keyWord ORDER BY id ASC
oct. 06, 2016 5:40:19 PM entity.ConfigProject select
INFOS: FROM ConfigProject bp ORDER BY harnessType ASC
oct. 06, 2016 5:40:19 PM entity.ConfigProject select
INFOS: FROM ConfigProject bp ORDER BY harnessType ASC
oct. 06, 2016 5:40:23 PM gui.packaging.PACKAGING_UI0002_PasswordRequest admin_password_txtboxKeyPressed
INFOS: User Admin   / 9999 connected to host WSMA7040 at 2016-10-06 17:40:23 Project : ENGINE.
oct. 06, 2016 5:40:30 PM entity.ConfigUcs isHarnessPartExist
INFOS: Searching Harness part [21564014] in ConfigUCS: ENGINE
oct. 06, 2016 5:40:30 PM entity.ConfigUcs isHarnessPartExist
INFOS: Harness part [21564014] found for project [ENGINE].
oct. 06, 2016 5:40:30 PM state.S020_HarnessPartScan doAction
INFOS: Harness Part scanned [P21564014] OK.
oct. 06, 2016 5:40:37 PM entity.BaseHarness isCounterExist
INFOS: Searching Harness counter [P2156401422112016000000] in BaseHarness.
oct. 06, 2016 5:40:37 PM entity.BaseHarness isCounterExist
INFOS: FROM BaseHarness bh WHERE bh.counter = :counter
oct. 06, 2016 5:40:37 PM state.S030_MatrixIdScan doAction
INFOS: Valid Harness Counter scanned [P2156401422112016000000] OK.
oct. 06, 2016 5:40:40 PM state.S040_PalletChoice doAction
INFOS: Is it a new pallet ?
oct. 06, 2016 5:40:40 PM state.S040_PalletChoice doAction
INFOS:  [Yes]
oct. 06, 2016 5:40:40 PM gui.packaging.PACKAGING_UI9000_ChoosePackType <init>
INFOS: Item found 21564014--26C43460A--P01--3RV--24--0.0
oct. 06, 2016 5:40:40 PM gui.packaging.PACKAGING_UI9000_ChoosePackType <init>
INFOS: 1 UCS founds for Harness Part[21564014].
oct. 06, 2016 5:40:43 PM gui.packaging.PACKAGING_UI9000_ChoosePackType mappingContextVals
INFOS: Selected pack type : 21564014--26C43460A--P01--3RV--24--0.0 
oct. 06, 2016 5:42:07 PM helper.Helper InitDailyDestPrintDir
INFOS: Print directory [.\print\2016_10_06] already exist!
Print sub directory [.\print\2016_10_06.\open_sheet] already exist!
Print sub directory [.\print\2016_10_06.\closing_sheet] already exist!
Print sub directory [.\print\2016_10_06.\picking_label] already exist!

oct. 06, 2016 5:42:08 PM gui.packaging.PACKAGING_UI0001_Main loadBarcodeConfig
INFOS: FROM ConfigBarcode cb WHERE cb.keyWord = :keyWord ORDER BY id ASC
oct. 06, 2016 5:42:08 PM entity.ConfigProject select
INFOS: FROM ConfigProject bp ORDER BY harnessType ASC
oct. 06, 2016 5:42:08 PM entity.ConfigProject select
INFOS: FROM ConfigProject bp ORDER BY harnessType ASC
oct. 06, 2016 5:42:12 PM gui.packaging.PACKAGING_UI0002_PasswordRequest admin_password_txtboxKeyPressed
INFOS: User Admin   / 9999 connected to host WSMA7040 at 2016-10-06 17:42:12 Project : ENGINE.
oct. 06, 2016 5:42:24 PM entity.ConfigUcs isHarnessPartExist
INFOS: Searching Harness part [21564014] in ConfigUCS: ENGINE
oct. 06, 2016 5:42:24 PM entity.ConfigUcs isHarnessPartExist
INFOS: Harness part [21564014] found for project [ENGINE].
oct. 06, 2016 5:42:24 PM state.S020_HarnessPartScan doAction
INFOS: Harness Part scanned [P21564014] OK.
oct. 06, 2016 5:42:30 PM entity.BaseHarness isCounterExist
INFOS: Searching Harness counter [P2156401422002016112233] in BaseHarness.
oct. 06, 2016 5:42:30 PM entity.BaseHarness isCounterExist
INFOS: FROM BaseHarness bh WHERE bh.counter = :counter
oct. 06, 2016 5:42:30 PM state.S030_MatrixIdScan doAction
INFOS: Valid Harness Counter scanned [P2156401422002016112233] OK.
oct. 06, 2016 5:42:33 PM state.S040_PalletChoice doAction
INFOS: Is it a new pallet ?
oct. 06, 2016 5:42:33 PM state.S040_PalletChoice doAction
INFOS:  [Yes]
oct. 06, 2016 5:42:33 PM gui.packaging.PACKAGING_UI9000_ChoosePackType <init>
INFOS: Item found 21564014--26C43460A--P01--3RV--24--0.0
oct. 06, 2016 5:42:33 PM gui.packaging.PACKAGING_UI9000_ChoosePackType <init>
INFOS: 1 UCS founds for Harness Part[21564014].
oct. 06, 2016 5:42:39 PM gui.packaging.PACKAGING_UI9000_ChoosePackType mappingContextVals
INFOS: Selected pack type : 21564014--26C43460A--P01--3RV--24--0.0 
oct. 06, 2016 5:42:49 PM gui.packaging.PACKAGING_UI9000_ChoosePackType items_listKeyPressed
INFOS: Palette/Box déjà ouvert(e) du type 3RV dans ce poste WSMA7040, pour la référence 22630882. 
 Veuillez terminer le packaging de la palette 21564014 avant d'ouvrir une nouvelle palette de type 200000495.
oct. 06, 2016 5:43:04 PM helper.Helper InitDailyDestPrintDir
INFOS: Print directory [.\print\2016_10_06] already exist!
Print sub directory [.\print\2016_10_06.\open_sheet] already exist!
Print sub directory [.\print\2016_10_06.\closing_sheet] already exist!
Print sub directory [.\print\2016_10_06.\picking_label] already exist!

oct. 06, 2016 5:43:05 PM gui.packaging.PACKAGING_UI0001_Main loadBarcodeConfig
INFOS: FROM ConfigBarcode cb WHERE cb.keyWord = :keyWord ORDER BY id ASC
oct. 06, 2016 5:43:05 PM entity.ConfigProject select
INFOS: FROM ConfigProject bp ORDER BY harnessType ASC
oct. 06, 2016 5:43:05 PM entity.ConfigProject select
INFOS: FROM ConfigProject bp ORDER BY harnessType ASC
oct. 06, 2016 5:43:10 PM gui.packaging.PACKAGING_UI0002_PasswordRequest admin_password_txtboxKeyPressed
INFOS: User Admin   / 9999 connected to host WSMA7040 at 2016-10-06 17:43:10 Project : ENGINE.
oct. 06, 2016 5:43:13 PM entity.ConfigUcs isHarnessPartExist
INFOS: Searching Harness part [21564014] in ConfigUCS: ENGINE
oct. 06, 2016 5:43:13 PM entity.ConfigUcs isHarnessPartExist
INFOS: Harness part [21564014] found for project [ENGINE].
oct. 06, 2016 5:43:13 PM state.S020_HarnessPartScan doAction
INFOS: Harness Part scanned [P21564014] OK.
oct. 06, 2016 5:43:18 PM entity.BaseHarness isCounterExist
INFOS: Searching Harness counter [P2156401422112016221155] in BaseHarness.
oct. 06, 2016 5:43:18 PM entity.BaseHarness isCounterExist
INFOS: FROM BaseHarness bh WHERE bh.counter = :counter
oct. 06, 2016 5:43:18 PM state.S030_MatrixIdScan doAction
INFOS: Valid Harness Counter scanned [P2156401422112016221155] OK.
oct. 06, 2016 5:43:20 PM state.S040_PalletChoice doAction
INFOS: Is it a new pallet ?
oct. 06, 2016 5:43:20 PM state.S040_PalletChoice doAction
INFOS:  [Yes]
oct. 06, 2016 5:43:20 PM gui.packaging.PACKAGING_UI9000_ChoosePackType <init>
INFOS: Item found 21564014--26C43460A--P01--3RV--24--0.0
oct. 06, 2016 5:43:20 PM gui.packaging.PACKAGING_UI9000_ChoosePackType <init>
INFOS: 1 UCS founds for Harness Part[21564014].
oct. 06, 2016 5:43:20 PM gui.packaging.PACKAGING_UI9000_ChoosePackType mappingContextVals
INFOS: Selected pack type : 21564014--26C43460A--P01--3RV--24--0.0 
oct. 06, 2016 5:43:26 PM gui.packaging.PACKAGING_UI9000_ChoosePackType items_listKeyPressed
INFOS: Palette/Box déjà ouvert(e) du type 3RV dans ce poste WSMA7040, pour la référence 22630882. 
 Veuillez terminer le packaging de la palette 21564014 avant d'ouvrir une nouvelle palette de type 200000495.
oct. 06, 2016 5:43:28 PM entity.BaseHarness checkHarnessPartFormat
INFOS: Invalid Harness Part scanned [] !
oct. 06, 2016 5:43:28 PM state.S020_HarnessPartScan doAction
AVERTISSEMENT: Invalid Harness Part scanned [] !
oct. 06, 2016 5:56:19 PM helper.Helper InitDailyDestPrintDir
INFOS: Print directory [.\print\2016_10_06] already exist!
Print sub directory [.\print\2016_10_06.\open_sheet] already exist!
Print sub directory [.\print\2016_10_06.\closing_sheet] already exist!
Print sub directory [.\print\2016_10_06.\picking_label] already exist!

oct. 06, 2016 5:56:20 PM gui.packaging.PACKAGING_UI0001_Main loadBarcodeConfig
INFOS: FROM ConfigBarcode cb WHERE cb.keyWord = :keyWord ORDER BY id ASC
oct. 06, 2016 5:56:20 PM entity.ConfigProject select
INFOS: FROM ConfigProject bp ORDER BY harnessType ASC
oct. 06, 2016 5:56:20 PM entity.ConfigProject select
INFOS: FROM ConfigProject bp ORDER BY harnessType ASC
oct. 06, 2016 5:56:24 PM gui.packaging.PACKAGING_UI0002_PasswordRequest admin_password_txtboxKeyPressed
INFOS: User Admin   / 9999 connected to host WSMA7040 at 2016-10-06 17:56:24 Project : ENGINE.
oct. 06, 2016 5:56:30 PM entity.ConfigUcs isHarnessPartExist
INFOS: Searching Harness part [21564014] in ConfigUCS: ENGINE
oct. 06, 2016 5:56:30 PM entity.ConfigUcs isHarnessPartExist
INFOS: Harness part [21564014] found for project [ENGINE].
oct. 06, 2016 5:56:30 PM state.S020_HarnessPartScan doAction
INFOS: Harness Part scanned [P21564014] OK.
oct. 06, 2016 5:56:39 PM entity.BaseHarness isCounterExist
INFOS: Searching Harness counter [P2156401422112016002266] in BaseHarness.
oct. 06, 2016 5:56:39 PM entity.BaseHarness isCounterExist
INFOS: FROM BaseHarness bh WHERE bh.counter = :counter
oct. 06, 2016 5:56:39 PM state.S030_MatrixIdScan doAction
INFOS: Valid Harness Counter scanned [P2156401422112016002266] OK.
oct. 06, 2016 5:56:41 PM state.S040_PalletChoice doAction
INFOS: Is it a new pallet ?
oct. 06, 2016 5:56:41 PM state.S040_PalletChoice doAction
INFOS:  [Yes]
oct. 06, 2016 5:56:41 PM gui.packaging.PACKAGING_UI9000_ChoosePackType <init>
INFOS: Item found 21564014--26C43460A--P01--3RV--24--0.0
oct. 06, 2016 5:56:41 PM gui.packaging.PACKAGING_UI9000_ChoosePackType <init>
INFOS: 1 UCS founds for Harness Part[21564014].
oct. 06, 2016 5:56:45 PM gui.packaging.PACKAGING_UI9000_ChoosePackType mappingContextVals
INFOS: Selected pack type : 21564014--26C43460A--P01--3RV--24--0.0 
oct. 06, 2016 5:56:55 PM gui.packaging.PACKAGING_UI9000_ChoosePackType items_listKeyPressed
INFOS: Palette/Box déjà ouvert(e) du type 3RV dans ce poste WSMA7040, pour la référence 22630882. 
 Veuillez terminer le packaging de la palette 21564014 avant d'ouvrir une nouvelle palette de type 200000495.
oct. 06, 2016 5:58:11 PM entity.ConfigUcs isHarnessPartExist
INFOS: Searching Harness part [21395078] in ConfigUCS: ENGINE
oct. 06, 2016 5:58:11 PM entity.ConfigUcs isHarnessPartExist
INFOS: Harness part [21395078] found for project [ENGINE].
oct. 06, 2016 5:58:11 PM state.S020_HarnessPartScan doAction
INFOS: Harness Part scanned [P21395078] OK.
oct. 06, 2016 5:58:21 PM entity.BaseHarness isCounterExist
INFOS: Searching Harness counter [P2139507822112016332211] in BaseHarness.
oct. 06, 2016 5:58:21 PM entity.BaseHarness isCounterExist
INFOS: FROM BaseHarness bh WHERE bh.counter = :counter
oct. 06, 2016 5:58:21 PM state.S030_MatrixIdScan doAction
INFOS: Valid Harness Counter scanned [P2139507822112016332211] OK.
oct. 06, 2016 5:58:26 PM state.S040_PalletChoice doAction
INFOS: Is it a new pallet ?
oct. 06, 2016 5:58:26 PM state.S040_PalletChoice doAction
INFOS:  [Yes]
oct. 06, 2016 5:58:26 PM gui.packaging.PACKAGING_UI9000_ChoosePackType <init>
INFOS: Item found 21395078--26C31251A--P02--1HV--3--1.7059255
oct. 06, 2016 5:58:26 PM gui.packaging.PACKAGING_UI9000_ChoosePackType <init>
INFOS: 1 UCS founds for Harness Part[21395078].
oct. 06, 2016 5:58:35 PM gui.packaging.PACKAGING_UI9000_ChoosePackType mappingContextVals
INFOS: Selected pack type : 21395078--26C31251A--P02--1HV--3--1.7059255 
oct. 06, 2016 5:58:35 PM helper.Helper InitDailyDestPrintDir
INFOS: nullPrint directory [.\print\2016_10_06] already exist!
Print sub directory [.\print\2016_10_06.\open_sheet] already exist!
Print sub directory [.\print\2016_10_06.\closing_sheet] already exist!
Print sub directory [.\print\2016_10_06.\picking_label] already exist!

oct. 06, 2016 5:58:35 PM helper.PrinterHelper saveAndPrintOpenSheet
INFOS: Set Pallet [200000497] state to [IN_PROCESS]
oct. 06, 2016 5:58:35 PM print.PrintOpenPallet_A5 sentToDefaultDesktopPrinter
INFOS: Sending [.\print\2016_10_06\open_sheet\PrintOpenPallet_A5_2016_10_06_17_58_35_200000497.pdf] to the default printer...
oct. 06, 2016 5:58:35 PM print.PrintOpenPallet_A5 sentToDefaultDesktopPrinter
INFOS: File [%s] has been printed.
oct. 06, 2016 5:58:35 PM helper.PrinterHelper saveAndPrintOpenSheet
INFOS: Set Pallet [200000497] state to [PRINTED]
oct. 06, 2016 5:58:35 PM gui.packaging.PACKAGING_UI9000_ChoosePackType items_listKeyPressed
INFOS: Openning new container for first harness part [21395078].
oct. 06, 2016 5:58:52 PM state.S041_NewPalletScan doAction
INFOS: Scanned Pallet number [200000497] OK.
oct. 06, 2016 5:58:52 PM state.S041_NewPalletScan doAction
INFOS: BaseContainer created BaseContainer{id=768,
 createTime=Thu Oct 06 17:58:52 WEST 2016,
 writeTime=Thu Oct 06 17:58:52 WEST 2016,
 createId=4,
 writeId=4,
 user=9999,
 startTime=Thu Oct 06 17:58:52 WEST 2016,
 completeTime=null,
 workTime=null,
 palletNumber=200000497,
 harnessPart=21395078,
 harnessIndex=P02,
 supplierPartNumber=26C31251A,
 qtyExpected=3,
 qtyRead=1,
 containerState=OPEN,
 containerStateCode=1000,
 packType=1HV,
 harnessType=ENGINE,
 harnessList=[],
 stdTime=1.7059255} 
oct. 06, 2016 6:02:55 PM helper.Helper InitDailyDestPrintDir
INFOS: Print directory [.\print\2016_10_06] already exist!
Print sub directory [.\print\2016_10_06.\open_sheet] already exist!
Print sub directory [.\print\2016_10_06.\closing_sheet] already exist!
Print sub directory [.\print\2016_10_06.\picking_label] already exist!

oct. 06, 2016 6:02:56 PM gui.packaging.PACKAGING_UI0001_Main loadBarcodeConfig
INFOS: FROM ConfigBarcode cb WHERE cb.keyWord = :keyWord ORDER BY id ASC
oct. 06, 2016 6:02:56 PM entity.ConfigProject select
INFOS: FROM ConfigProject bp ORDER BY harnessType ASC
oct. 06, 2016 6:02:56 PM entity.ConfigProject select
INFOS: FROM ConfigProject bp ORDER BY harnessType ASC
oct. 06, 2016 6:03:02 PM gui.packaging.PACKAGING_UI0002_PasswordRequest admin_password_txtboxKeyPressed
INFOS: User Admin   / 9999 connected to host WSMA7040 at 2016-10-06 18:03:02 Project : ENGINE.
oct. 06, 2016 6:03:15 PM gui.packaging.PACKAGING_UI9001_DropContainerConfirmation ok_btnActionPerformed
INFOS: Droping harness list...1
oct. 06, 2016 6:47:52 PM helper.Helper InitDailyDestPrintDir
INFOS: Print directory [.\print\2016_10_06] already exist!
Print sub directory [.\print\2016_10_06.\open_sheet] already exist!
Print sub directory [.\print\2016_10_06.\closing_sheet] already exist!
Print sub directory [.\print\2016_10_06.\picking_label] already exist!

oct. 06, 2016 6:47:54 PM gui.packaging.PACKAGING_UI0001_Main loadBarcodeConfig
INFOS: FROM ConfigBarcode cb WHERE cb.keyWord = :keyWord ORDER BY id ASC
oct. 06, 2016 6:47:54 PM entity.ConfigProject select
INFOS: FROM ConfigProject bp ORDER BY harnessType ASC
oct. 06, 2016 6:47:54 PM entity.ConfigProject select
INFOS: FROM ConfigProject bp ORDER BY harnessType ASC
oct. 06, 2016 6:47:58 PM state.S010_UserCodeScan doAction
INFOS: Invalid matricule number or account locked !
oct. 06, 2016 6:48:02 PM gui.packaging.PACKAGING_UI0002_PasswordRequest admin_password_txtboxKeyPressed
INFOS: User Admin   / 9999 connected to host WSMA7040 at 2016-10-06 18:48:02 Project : ENGINE.
oct. 06, 2016 6:48:13 PM entity.ConfigUcs isHarnessPartExist
INFOS: Searching Harness part [21395078] in ConfigUCS: ENGINE
oct. 06, 2016 6:48:13 PM entity.ConfigUcs isHarnessPartExist
INFOS: Harness part [21395078] found for project [ENGINE].
oct. 06, 2016 6:48:13 PM state.S020_HarnessPartScan doAction
INFOS: Harness Part scanned [P21395078] OK.
oct. 06, 2016 6:48:19 PM entity.BaseHarness isCounterExist
INFOS: Searching Harness counter [P2139507822112016114477] in BaseHarness.
oct. 06, 2016 6:48:19 PM entity.BaseHarness isCounterExist
INFOS: FROM BaseHarness bh WHERE bh.counter = :counter
oct. 06, 2016 6:48:19 PM state.S030_MatrixIdScan doAction
INFOS: Valid Harness Counter scanned [P2139507822112016114477] OK.
oct. 06, 2016 6:48:22 PM state.S040_PalletChoice doAction
INFOS: Is it a new pallet ?
oct. 06, 2016 6:48:22 PM state.S040_PalletChoice doAction
INFOS:  [Yes]
oct. 06, 2016 6:48:24 PM state.S040_PalletChoice doAction
INFOS: Palette déjà ouverte pour la référence 21395078 !
oct. 06, 2016 6:49:03 PM helper.Helper InitDailyDestPrintDir
INFOS: Print directory [.\print\2016_10_06] already exist!
Print sub directory [.\print\2016_10_06.\open_sheet] already exist!
Print sub directory [.\print\2016_10_06.\closing_sheet] already exist!
Print sub directory [.\print\2016_10_06.\picking_label] already exist!

oct. 06, 2016 6:49:04 PM gui.packaging.PACKAGING_UI0001_Main loadBarcodeConfig
INFOS: FROM ConfigBarcode cb WHERE cb.keyWord = :keyWord ORDER BY id ASC
oct. 06, 2016 6:49:04 PM entity.ConfigProject select
INFOS: FROM ConfigProject bp ORDER BY harnessType ASC
oct. 06, 2016 6:49:04 PM entity.ConfigProject select
INFOS: FROM ConfigProject bp ORDER BY harnessType ASC
oct. 06, 2016 6:49:07 PM gui.packaging.PACKAGING_UI0002_PasswordRequest admin_password_txtboxKeyPressed
INFOS: User Admin   / 9999 connected to host WSMA7040 at 2016-10-06 18:49:07 Project : ENGINE.
oct. 06, 2016 6:49:13 PM entity.ConfigUcs isHarnessPartExist
INFOS: Searching Harness part [21395078] in ConfigUCS: ENGINE
oct. 06, 2016 6:49:13 PM entity.ConfigUcs isHarnessPartExist
INFOS: Harness part [21395078] found for project [ENGINE].
oct. 06, 2016 6:49:13 PM state.S020_HarnessPartScan doAction
INFOS: Harness Part scanned [P21395078] OK.
oct. 06, 2016 6:49:19 PM entity.BaseHarness isCounterExist
INFOS: Searching Harness counter [P2139507800221111222222] in BaseHarness.
oct. 06, 2016 6:49:19 PM entity.BaseHarness isCounterExist
INFOS: FROM BaseHarness bh WHERE bh.counter = :counter
oct. 06, 2016 6:49:19 PM state.S030_MatrixIdScan doAction
INFOS: Valid Harness Counter scanned [P2139507800221111222222] OK.
oct. 06, 2016 6:49:21 PM state.S040_PalletChoice doAction
INFOS: Is it a new pallet ?
oct. 06, 2016 6:49:21 PM state.S040_PalletChoice doAction
INFOS:  [Yes]
oct. 06, 2016 6:49:21 PM gui.packaging.PACKAGING_UI9000_ChoosePackType <init>
INFOS: Item found 21395078--26C31251A--P02--1HV--3--1.7059255
oct. 06, 2016 6:49:21 PM gui.packaging.PACKAGING_UI9000_ChoosePackType <init>
INFOS: 1 UCS founds for Harness Part[21395078].
oct. 06, 2016 6:49:29 PM gui.packaging.PACKAGING_UI9000_ChoosePackType mappingContextVals
INFOS: Selected pack type : 21395078--26C31251A--P02--1HV--3--1.7059255 
oct. 06, 2016 6:49:31 PM gui.packaging.PACKAGING_UI9000_ChoosePackType items_listKeyPressed
INFOS: Palette déjà ouverte pour la référence 21395078 !
oct. 06, 2016 6:49:32 PM gui.packaging.PACKAGING_UI9000_ChoosePackType mappingContextVals
INFOS: Selected pack type : 21395078--26C31251A--P02--1HV--3--1.7059255 
oct. 06, 2016 6:49:33 PM gui.packaging.PACKAGING_UI9000_ChoosePackType items_listKeyPressed
INFOS: Palette déjà ouverte pour la référence 21395078 !
oct. 06, 2016 6:51:45 PM helper.Helper InitDailyDestPrintDir
INFOS: Print directory [.\print\2016_10_06] already exist!
Print sub directory [.\print\2016_10_06.\open_sheet] already exist!
Print sub directory [.\print\2016_10_06.\closing_sheet] already exist!
Print sub directory [.\print\2016_10_06.\picking_label] already exist!

oct. 06, 2016 6:51:47 PM gui.packaging.PACKAGING_UI0001_Main loadBarcodeConfig
INFOS: FROM ConfigBarcode cb WHERE cb.keyWord = :keyWord ORDER BY id ASC
oct. 06, 2016 6:51:47 PM entity.ConfigProject select
INFOS: FROM ConfigProject bp ORDER BY harnessType ASC
oct. 06, 2016 6:51:47 PM entity.ConfigProject select
INFOS: FROM ConfigProject bp ORDER BY harnessType ASC
oct. 06, 2016 6:52:24 PM gui.packaging.PACKAGING_UI0002_PasswordRequest admin_password_txtboxKeyPressed
INFOS: User Admin   / 9999 connected to host WSMA7040 at 2016-10-06 18:52:24 Project : ENGINE.
oct. 06, 2016 6:52:32 PM entity.ConfigUcs isHarnessPartExist
INFOS: Searching Harness part [21395078] in ConfigUCS: ENGINE
oct. 06, 2016 6:52:32 PM entity.ConfigUcs isHarnessPartExist
INFOS: Harness part [21395078] found for project [ENGINE].
oct. 06, 2016 6:52:32 PM state.S020_HarnessPartScan doAction
INFOS: Harness Part scanned [P21395078] OK.
oct. 06, 2016 6:52:38 PM entity.BaseHarness isCounterExist
INFOS: Searching Harness counter [P2139507822002016000000] in BaseHarness.
oct. 06, 2016 6:52:38 PM entity.BaseHarness isCounterExist
INFOS: FROM BaseHarness bh WHERE bh.counter = :counter
oct. 06, 2016 6:52:38 PM state.S030_MatrixIdScan doAction
INFOS: Valid Harness Counter scanned [P2139507822002016000000] OK.
oct. 06, 2016 6:52:48 PM state.S040_PalletChoice doAction
INFOS: Is it a new pallet ?
oct. 06, 2016 6:52:48 PM state.S040_PalletChoice doAction
INFOS:  [No]
oct. 06, 2016 6:52:48 PM state.S040_PalletChoice doAction
INFOS: Pallet values 
oct. 06, 2016 6:52:48 PM state.S040_PalletChoice doAction
INFOS: State           :   [true]
oct. 06, 2016 6:52:48 PM state.S040_PalletChoice doAction
INFOS: Qty Expected    :   [3]
oct. 06, 2016 6:52:48 PM state.S040_PalletChoice doAction
INFOS: Qty Read        :   [1]
oct. 06, 2016 6:52:48 PM state.S040_PalletChoice doAction
INFOS: Std Time        :   [1.7059255]
oct. 06, 2016 6:52:48 PM state.S040_PalletChoice doAction
INFOS: Harness Part [21395078] = Context Harness Part [21395078]
oct. 06, 2016 6:52:48 PM state.S040_PalletChoice doAction
INFOS: Harness Type [ENGINE] = Context Harness Type [ENGINE]
oct. 06, 2016 6:52:51 PM entity.ConfigUcs isHarnessPartExist
INFOS: Searching Harness part [21395078] in ConfigUCS: ENGINE
oct. 06, 2016 6:52:51 PM entity.ConfigUcs isHarnessPartExist
INFOS: Harness part [21395078] found for project [ENGINE].
oct. 06, 2016 6:52:51 PM state.S020_HarnessPartScan doAction
INFOS: Harness Part scanned [P21395078] OK.
oct. 06, 2016 6:52:55 PM entity.BaseHarness isCounterExist
INFOS: Searching Harness counter [P2139507822112016114455] in BaseHarness.
oct. 06, 2016 6:52:55 PM entity.BaseHarness isCounterExist
INFOS: FROM BaseHarness bh WHERE bh.counter = :counter
oct. 06, 2016 6:52:55 PM state.S030_MatrixIdScan doAction
INFOS: Valid Harness Counter scanned [P2139507822112016114455] OK.
oct. 06, 2016 6:52:58 PM state.S040_PalletChoice doAction
INFOS: Is it a new pallet ?
oct. 06, 2016 6:52:58 PM state.S040_PalletChoice doAction
INFOS:  [Yes]
oct. 06, 2016 6:52:58 PM gui.packaging.PACKAGING_UI9000_ChoosePackType <init>
INFOS: Item found 21395078--26C31251A--P02--1HV--3--1.7059255
oct. 06, 2016 6:52:58 PM gui.packaging.PACKAGING_UI9000_ChoosePackType <init>
INFOS: 1 UCS founds for Harness Part[21395078].
oct. 06, 2016 6:53:13 PM gui.packaging.PACKAGING_UI9000_ChoosePackType mappingContextVals
INFOS: Selected pack type : 21395078--26C31251A--P02--1HV--3--1.7059255 
oct. 06, 2016 6:53:19 PM gui.packaging.PACKAGING_UI9000_ChoosePackType items_listKeyPressed
INFOS: Palette déjà ouverte pour la référence 21395078 !
oct. 06, 2016 6:53:50 PM entity.ConfigUcs isHarnessPartExist
INFOS: Searching Harness part [22630882] in ConfigUCS: ENGINE
oct. 06, 2016 6:53:50 PM entity.ConfigUcs isHarnessPartExist
INFOS: Harness part [22630882] found for project [ENGINE].
oct. 06, 2016 6:53:50 PM state.S020_HarnessPartScan doAction
INFOS: Harness Part scanned [P22630882] OK.
oct. 06, 2016 6:53:55 PM entity.BaseHarness isCounterExist
INFOS: Searching Harness counter [P2263088222115555222222] in BaseHarness.
oct. 06, 2016 6:53:55 PM entity.BaseHarness isCounterExist
INFOS: FROM BaseHarness bh WHERE bh.counter = :counter
oct. 06, 2016 6:53:55 PM state.S030_MatrixIdScan doAction
INFOS: Valid Harness Counter scanned [P2263088222115555222222] OK.
oct. 06, 2016 6:54:04 PM state.S040_PalletChoice doAction
INFOS: Is it a new pallet ?
oct. 06, 2016 6:54:04 PM state.S040_PalletChoice doAction
INFOS:  [Yes]
oct. 06, 2016 6:54:04 PM gui.packaging.PACKAGING_UI9000_ChoosePackType <init>
INFOS: Item found 22630882--26C36540A--P02--3RV--24--0.0
oct. 06, 2016 6:54:04 PM gui.packaging.PACKAGING_UI9000_ChoosePackType <init>
INFOS: 1 UCS founds for Harness Part[22630882].
oct. 06, 2016 6:54:08 PM gui.packaging.PACKAGING_UI9000_ChoosePackType mappingContextVals
INFOS: Selected pack type : 22630882--26C36540A--P02--3RV--24--0.0 
oct. 06, 2016 6:54:08 PM helper.Helper InitDailyDestPrintDir
INFOS: nullPrint directory [.\print\2016_10_06] already exist!
Print sub directory [.\print\2016_10_06.\open_sheet] already exist!
Print sub directory [.\print\2016_10_06.\closing_sheet] already exist!
Print sub directory [.\print\2016_10_06.\picking_label] already exist!

oct. 06, 2016 6:54:08 PM helper.PrinterHelper saveAndPrintOpenSheet
INFOS: Set Pallet [200000498] state to [IN_PROCESS]
oct. 06, 2016 6:54:08 PM print.PrintOpenPallet_A5 sentToDefaultDesktopPrinter
INFOS: Sending [.\print\2016_10_06\open_sheet\PrintOpenPallet_A5_2016_10_06_18_54_08_200000498.pdf] to the default printer...
oct. 06, 2016 6:54:08 PM print.PrintOpenPallet_A5 sentToDefaultDesktopPrinter
INFOS: File [%s] has been printed.
oct. 06, 2016 6:54:08 PM helper.PrinterHelper saveAndPrintOpenSheet
INFOS: Set Pallet [200000498] state to [PRINTED]
oct. 06, 2016 6:54:08 PM gui.packaging.PACKAGING_UI9000_ChoosePackType items_listKeyPressed
INFOS: Openning new container for first harness part [22630882].
oct. 06, 2016 7:14:21 PM helper.Helper InitDailyDestPrintDir
INFOS: Print directory [.\print\2016_10_06] already exist!
Print sub directory [.\print\2016_10_06.\open_sheet] already exist!
Print sub directory [.\print\2016_10_06.\closing_sheet] already exist!
Print sub directory [.\print\2016_10_06.\picking_label] already exist!

oct. 06, 2016 7:14:22 PM gui.packaging.PACKAGING_UI0001_Main loadBarcodeConfig
INFOS: FROM ConfigBarcode cb WHERE cb.keyWord = :keyWord ORDER BY id ASC
oct. 06, 2016 7:14:22 PM entity.ConfigProject select
INFOS: FROM ConfigProject bp ORDER BY harnessType ASC
oct. 06, 2016 7:14:22 PM entity.ConfigProject select
INFOS: FROM ConfigProject bp ORDER BY harnessType ASC
oct. 06, 2016 7:14:25 PM gui.packaging.PACKAGING_UI0002_PasswordRequest admin_password_txtboxKeyPressed
INFOS: User Admin   / 9999 connected to host WSMA7040 at 2016-10-06 19:14:25 Project : ENGINE.
oct. 06, 2016 7:14:34 PM entity.ConfigUcs isHarnessPartExist
INFOS: Searching Harness part [22630882] in ConfigUCS: ENGINE
oct. 06, 2016 7:14:34 PM entity.ConfigUcs isHarnessPartExist
INFOS: Harness part [22630882] found for project [ENGINE].
oct. 06, 2016 7:14:34 PM state.S020_HarnessPartScan doAction
INFOS: Harness Part scanned [P22630882] OK.
oct. 06, 2016 7:14:43 PM entity.BaseHarness isCounterExist
INFOS: Searching Harness counter [P2263088255446201445588] in BaseHarness.
oct. 06, 2016 7:14:43 PM entity.BaseHarness isCounterExist
INFOS: FROM BaseHarness bh WHERE bh.counter = :counter
oct. 06, 2016 7:14:43 PM state.S030_MatrixIdScan doAction
INFOS: Valid Harness Counter scanned [P2263088255446201445588] OK.
oct. 06, 2016 7:14:45 PM state.S040_PalletChoice doAction
INFOS: Is it a new pallet ?
oct. 06, 2016 7:14:45 PM state.S040_PalletChoice doAction
INFOS:  [Yes]
oct. 06, 2016 7:14:45 PM gui.packaging.PACKAGING_UI9000_ChoosePackType <init>
INFOS: Item found 22630882--26C36540A--P02--3RV--24--0.0
oct. 06, 2016 7:14:45 PM gui.packaging.PACKAGING_UI9000_ChoosePackType <init>
INFOS: 1 UCS founds for Harness Part[22630882].
oct. 06, 2016 7:14:47 PM gui.packaging.PACKAGING_UI9000_ChoosePackType mappingContextVals
INFOS: Selected pack type : 22630882--26C36540A--P02--3RV--24--0.0 
oct. 06, 2016 7:14:48 PM helper.Helper InitDailyDestPrintDir
INFOS: nullPrint directory [.\print\2016_10_06] already exist!
Print sub directory [.\print\2016_10_06.\open_sheet] already exist!
Print sub directory [.\print\2016_10_06.\closing_sheet] already exist!
Print sub directory [.\print\2016_10_06.\picking_label] already exist!

oct. 06, 2016 7:14:48 PM helper.PrinterHelper saveAndPrintOpenSheet
INFOS: Set Pallet [200000499] state to [IN_PROCESS]
oct. 06, 2016 7:14:48 PM print.PrintOpenPallet_A5 sentToDefaultDesktopPrinter
INFOS: Sending [.\print\2016_10_06\open_sheet\PrintOpenPallet_A5_2016_10_06_19_14_48_200000499.pdf] to the default printer...
oct. 06, 2016 7:14:48 PM print.PrintOpenPallet_A5 sentToDefaultDesktopPrinter
INFOS: File [%s] has been printed.
oct. 06, 2016 7:14:48 PM helper.PrinterHelper saveAndPrintOpenSheet
INFOS: Set Pallet [200000499] state to [PRINTED]
oct. 06, 2016 7:14:48 PM gui.packaging.PACKAGING_UI9000_ChoosePackType loadConfigUcs
INFOS: Openning new container for first harness part [22630882].
oct. 06, 2016 7:16:04 PM helper.Helper InitDailyDestPrintDir
INFOS: Print directory [.\print\2016_10_06] already exist!
Print sub directory [.\print\2016_10_06.\open_sheet] already exist!
Print sub directory [.\print\2016_10_06.\closing_sheet] already exist!
Print sub directory [.\print\2016_10_06.\picking_label] already exist!

oct. 06, 2016 7:16:08 PM gui.packaging.PACKAGING_UI0001_Main loadBarcodeConfig
INFOS: FROM ConfigBarcode cb WHERE cb.keyWord = :keyWord ORDER BY id ASC
oct. 06, 2016 7:16:08 PM entity.ConfigProject select
INFOS: FROM ConfigProject bp ORDER BY harnessType ASC
oct. 06, 2016 7:16:08 PM entity.ConfigProject select
INFOS: FROM ConfigProject bp ORDER BY harnessType ASC
oct. 06, 2016 7:16:15 PM gui.packaging.PACKAGING_UI0002_PasswordRequest admin_password_txtboxKeyPressed
INFOS: User Admin   / 9999 connected to host WSMA7040 at 2016-10-06 19:16:15 Project : ENGINE.
oct. 06, 2016 7:16:26 PM entity.ConfigUcs isHarnessPartExist
INFOS: Searching Harness part [22630882] in ConfigUCS: ENGINE
oct. 06, 2016 7:16:26 PM entity.ConfigUcs isHarnessPartExist
INFOS: Harness part [22630882] found for project [ENGINE].
oct. 06, 2016 7:16:26 PM state.S020_HarnessPartScan doAction
INFOS: Harness Part scanned [P22630882] OK.
oct. 06, 2016 7:16:46 PM entity.BaseHarness isCounterExist
INFOS: Searching Harness counter [P2263088222552016112266] in BaseHarness.
oct. 06, 2016 7:16:46 PM entity.BaseHarness isCounterExist
INFOS: FROM BaseHarness bh WHERE bh.counter = :counter
oct. 06, 2016 7:16:46 PM state.S030_MatrixIdScan doAction
INFOS: Valid Harness Counter scanned [P2263088222552016112266] OK.
oct. 06, 2016 7:16:50 PM state.S040_PalletChoice doAction
INFOS: Is it a new pallet ?
oct. 06, 2016 7:16:50 PM state.S040_PalletChoice doAction
INFOS:  [Yes]
oct. 06, 2016 7:16:50 PM gui.packaging.PACKAGING_UI9000_ChoosePackType <init>
INFOS: Item found 22630882--26C36540A--P02--3RV--24--0.0
oct. 06, 2016 7:16:50 PM gui.packaging.PACKAGING_UI9000_ChoosePackType <init>
INFOS: 1 UCS founds for Harness Part[22630882].
oct. 06, 2016 7:16:51 PM gui.packaging.PACKAGING_UI9000_ChoosePackType mappingContextVals
INFOS: Selected pack type : 22630882--26C36540A--P02--3RV--24--0.0 
oct. 06, 2016 7:17:32 PM helper.Helper InitDailyDestPrintDir
INFOS: Print directory [.\print\2016_10_06] already exist!
Print sub directory [.\print\2016_10_06.\open_sheet] already exist!
Print sub directory [.\print\2016_10_06.\closing_sheet] already exist!
Print sub directory [.\print\2016_10_06.\picking_label] already exist!

oct. 06, 2016 7:17:33 PM gui.packaging.PACKAGING_UI0001_Main loadBarcodeConfig
INFOS: FROM ConfigBarcode cb WHERE cb.keyWord = :keyWord ORDER BY id ASC
oct. 06, 2016 7:17:33 PM entity.ConfigProject select
INFOS: FROM ConfigProject bp ORDER BY harnessType ASC
oct. 06, 2016 7:17:33 PM entity.ConfigProject select
INFOS: FROM ConfigProject bp ORDER BY harnessType ASC
oct. 06, 2016 7:17:36 PM gui.packaging.PACKAGING_UI0002_PasswordRequest admin_password_txtboxKeyPressed
INFOS: User Admin   / 9999 connected to host WSMA7040 at 2016-10-06 19:17:36 Project : ENGINE.
oct. 06, 2016 7:17:50 PM entity.ConfigUcs isHarnessPartExist
INFOS: Searching Harness part [22630882] in ConfigUCS: ENGINE
oct. 06, 2016 7:17:50 PM entity.ConfigUcs isHarnessPartExist
INFOS: Harness part [22630882] found for project [ENGINE].
oct. 06, 2016 7:17:50 PM state.S020_HarnessPartScan doAction
INFOS: Harness Part scanned [P22630882] OK.
oct. 06, 2016 7:17:55 PM entity.BaseHarness isCounterExist
INFOS: Searching Harness counter [P2263088211222016112233] in BaseHarness.
oct. 06, 2016 7:17:55 PM entity.BaseHarness isCounterExist
INFOS: FROM BaseHarness bh WHERE bh.counter = :counter
oct. 06, 2016 7:17:55 PM state.S030_MatrixIdScan doAction
INFOS: Valid Harness Counter scanned [P2263088211222016112233] OK.
oct. 06, 2016 7:17:57 PM state.S040_PalletChoice doAction
INFOS: Is it a new pallet ?
oct. 06, 2016 7:17:57 PM state.S040_PalletChoice doAction
INFOS:  [Yes]
oct. 06, 2016 7:17:57 PM gui.packaging.PACKAGING_UI9000_ChoosePackType <init>
INFOS: Item found 22630882--26C36540A--P02--3RV--24--0.0
oct. 06, 2016 7:17:57 PM gui.packaging.PACKAGING_UI9000_ChoosePackType <init>
INFOS: 1 UCS founds for Harness Part[22630882].
oct. 06, 2016 7:17:58 PM gui.packaging.PACKAGING_UI9000_ChoosePackType mappingContextVals
INFOS: Selected pack type : 22630882--26C36540A--P02--3RV--24--0.0 
oct. 06, 2016 7:17:58 PM helper.Helper InitDailyDestPrintDir
INFOS: nullPrint directory [.\print\2016_10_06] already exist!
Print sub directory [.\print\2016_10_06.\open_sheet] already exist!
Print sub directory [.\print\2016_10_06.\closing_sheet] already exist!
Print sub directory [.\print\2016_10_06.\picking_label] already exist!

oct. 06, 2016 7:17:59 PM helper.PrinterHelper saveAndPrintOpenSheet
INFOS: Set Pallet [200000500] state to [IN_PROCESS]
oct. 06, 2016 7:17:59 PM print.PrintOpenPallet_A5 sentToDefaultDesktopPrinter
INFOS: Sending [.\print\2016_10_06\open_sheet\PrintOpenPallet_A5_2016_10_06_19_17_58_200000500.pdf] to the default printer...
oct. 06, 2016 7:17:59 PM print.PrintOpenPallet_A5 sentToDefaultDesktopPrinter
INFOS: File [%s] has been printed.
oct. 06, 2016 7:17:59 PM helper.PrinterHelper saveAndPrintOpenSheet
INFOS: Set Pallet [200000500] state to [PRINTED]
oct. 06, 2016 7:17:59 PM gui.packaging.PACKAGING_UI9000_ChoosePackType loadConfigUcs
INFOS: Openning new container for first harness part [22630882].
