oct. 18, 2017 2:55:32 PM helper.Helper InitDailyDestPrintDir
INFOS: File 2017_10_18.log created !Print directory [.\print\2017_10_18] created !
Print sub directory [.\print\2017_10_18.\open_sheet] created !
Print sub directory [.\print\2017_10_18.\closing_sheet] created !
Print sub directory [.\print\2017_10_18.\picking_label] created !
Print sub directory [.\print\2017_10_18.\dispatch_label] created !

oct. 18, 2017 2:55:34 PM entity.ConfigProject select
INFOS: FROM ConfigProject bp ORDER BY harnessType ASC
oct. 18, 2017 2:55:34 PM entity.ConfigProject select
INFOS: FROM ConfigProject bp ORDER BY harnessType ASC
oct. 18, 2017 2:55:47 PM helper.Helper InitDailyDestPrintDir
INFOS: File 2017_10_18.log already exists.Print directory [.\print\2017_10_18] already exist!
Print sub directory [.\print\2017_10_18.\open_sheet] already exist!
Print sub directory [.\print\2017_10_18.\closing_sheet] already exist!
Print sub directory [.\print\2017_10_18.\picking_label] already exist!
Print sub directory [.\print\2017_10_18.\dispatch_label] already exist!

oct. 18, 2017 2:55:48 PM entity.ConfigProject select
INFOS: FROM ConfigProject bp ORDER BY harnessType ASC
oct. 18, 2017 2:55:49 PM entity.ConfigProject select
INFOS: FROM ConfigProject bp ORDER BY harnessType ASC
oct. 18, 2017 2:55:50 PM entity.ConfigSegment select
INFOS: FROM ConfigSegment bp ORDER BY segment ASC
oct. 18, 2017 2:55:52 PM entity.ConfigSegment select
INFOS: FROM ConfigSegment bp ORDER BY segment ASC
oct. 18, 2017 2:55:52 PM entity.ConfigWorkplace select
INFOS: FROM ConfigWorkplace bp ORDER BY workplace ASC
oct. 18, 2017 2:55:54 PM entity.ConfigWorkplace selectBySegment
INFOS: FROM ConfigWorkplace bp WHERE segment = :segment ORDER BY workplace ASC
oct. 18, 2017 2:55:54 PM entity.ConfigWorkplace selectBySegment
INFOS: FROM ConfigWorkplace bp WHERE segment = :segment ORDER BY workplace ASC
oct. 18, 2017 2:55:54 PM entity.ConfigWorkplace selectBySegment
INFOS: FROM ConfigWorkplace bp WHERE segment = :segment ORDER BY workplace ASC
oct. 18, 2017 2:55:55 PM entity.ConfigWorkplace selectBySegment
INFOS: FROM ConfigWorkplace bp WHERE segment = :segment ORDER BY workplace ASC
oct. 18, 2017 2:55:55 PM entity.ConfigWorkplace selectBySegment
INFOS: FROM ConfigWorkplace bp WHERE segment = :segment ORDER BY workplace ASC
oct. 18, 2017 2:55:55 PM entity.ConfigWorkplace selectBySegment
INFOS: FROM ConfigWorkplace bp WHERE segment = :segment ORDER BY workplace ASC
oct. 18, 2017 2:56:03 PM gui.packaging.state.S010_UserCodeScan doAction
INFOS: Invalid matricule number or account locked !
oct. 18, 2017 2:56:06 PM gui.packaging.PACKAGING_UI0002_PasswordRequest connect
INFOS: User EZZIOURI OUSSAMA / ducati connected to host WSMA7040 at 2017-10-18 14:56:06 Project : DUCATI.
oct. 18, 2017 2:56:06 PM gui.packaging.PACKAGING_UI0002_PasswordRequest loadDotMatrixCodePatterns
INFOS: FROM ConfigBarcode cb WHERE cb.keyWord = :keyWord AND cb.harness_type = :harnessType ORDER BY id ASC
oct. 18, 2017 2:56:06 PM gui.packaging.PACKAGING_UI0002_PasswordRequest loadPartNumberCodePatterns
INFOS: FROM ConfigBarcode cb WHERE cb.keyWord = :keyWord AND cb.harness_type = :harnessType ORDER BY id ASC
oct. 18, 2017 2:56:07 PM entity.ConfigSegment select
INFOS: FROM ConfigSegment bp ORDER BY segment ASC
oct. 18, 2017 2:56:09 PM entity.ConfigSegment select
INFOS: FROM ConfigSegment bp ORDER BY segment ASC
oct. 18, 2017 2:56:09 PM entity.ConfigWorkplace select
INFOS: FROM ConfigWorkplace bp ORDER BY workplace ASC
oct. 18, 2017 2:56:12 PM entity.ConfigWorkplace selectBySegment
INFOS: FROM ConfigWorkplace bp WHERE segment = :segment ORDER BY workplace ASC
oct. 18, 2017 2:56:12 PM entity.ConfigWorkplace selectBySegment
INFOS: FROM ConfigWorkplace bp WHERE segment = :segment ORDER BY workplace ASC
oct. 18, 2017 2:56:12 PM entity.ConfigWorkplace selectBySegment
INFOS: FROM ConfigWorkplace bp WHERE segment = :segment ORDER BY workplace ASC
oct. 18, 2017 2:56:12 PM entity.ConfigWorkplace selectBySegment
INFOS: FROM ConfigWorkplace bp WHERE segment = :segment ORDER BY workplace ASC
oct. 18, 2017 2:56:12 PM entity.ConfigWorkplace selectBySegment
INFOS: FROM ConfigWorkplace bp WHERE segment = :segment ORDER BY workplace ASC
oct. 18, 2017 2:56:12 PM entity.ConfigWorkplace selectBySegment
INFOS: FROM ConfigWorkplace bp WHERE segment = :segment ORDER BY workplace ASC
oct. 18, 2017 2:56:15 PM helper.Helper InitDailyDestPrintDir
INFOS: File 2017_10_18.log already exists.Print directory [.\print\2017_10_18] already exist!
Print sub directory [.\print\2017_10_18.\open_sheet] already exist!
Print sub directory [.\print\2017_10_18.\closing_sheet] already exist!
Print sub directory [.\print\2017_10_18.\picking_label] already exist!
Print sub directory [.\print\2017_10_18.\dispatch_label] already exist!
Print directory [.\print\2017_10_18] already exist!
Print sub directory [.\print\2017_10_18.\open_sheet] already exist!
Print sub directory [.\print\2017_10_18.\closing_sheet] already exist!
Print sub directory [.\print\2017_10_18.\picking_label] already exist!
Print sub directory [.\print\2017_10_18.\dispatch_label] already exist!

oct. 18, 2017 3:00:12 PM helper.Helper InitDailyDestPrintDir
INFOS: File 2017_10_18.log already exists.Print directory [.\print\2017_10_18] already exist!
Print sub directory [.\print\2017_10_18.\open_sheet] already exist!
Print sub directory [.\print\2017_10_18.\closing_sheet] already exist!
Print sub directory [.\print\2017_10_18.\picking_label] already exist!
Print sub directory [.\print\2017_10_18.\dispatch_label] already exist!
Print directory [.\print\2017_10_18] already exist!
Print sub directory [.\print\2017_10_18.\open_sheet] already exist!
Print sub directory [.\print\2017_10_18.\closing_sheet] already exist!
Print sub directory [.\print\2017_10_18.\picking_label] already exist!
Print sub directory [.\print\2017_10_18.\dispatch_label] already exist!
Print directory [.\print\2017_10_18] already exist!
Print sub directory [.\print\2017_10_18.\open_sheet] already exist!
Print sub directory [.\print\2017_10_18.\closing_sheet] already exist!
Print sub directory [.\print\2017_10_18.\picking_label] already exist!
Print sub directory [.\print\2017_10_18.\dispatch_label] already exist!

oct. 18, 2017 3:00:22 PM helper.Helper InitDailyDestPrintDir
INFOS: File 2017_10_18.log already exists.Print directory [.\print\2017_10_18] already exist!
Print sub directory [.\print\2017_10_18.\open_sheet] already exist!
Print sub directory [.\print\2017_10_18.\closing_sheet] already exist!
Print sub directory [.\print\2017_10_18.\picking_label] already exist!
Print sub directory [.\print\2017_10_18.\dispatch_label] already exist!
Print directory [.\print\2017_10_18] already exist!
Print sub directory [.\print\2017_10_18.\open_sheet] already exist!
Print sub directory [.\print\2017_10_18.\closing_sheet] already exist!
Print sub directory [.\print\2017_10_18.\picking_label] already exist!
Print sub directory [.\print\2017_10_18.\dispatch_label] already exist!
Print directory [.\print\2017_10_18] already exist!
Print sub directory [.\print\2017_10_18.\open_sheet] already exist!
Print sub directory [.\print\2017_10_18.\closing_sheet] already exist!
Print sub directory [.\print\2017_10_18.\picking_label] already exist!
Print sub directory [.\print\2017_10_18.\dispatch_label] already exist!
Print directory [.\print\2017_10_18] already exist!
Print sub directory [.\print\2017_10_18.\open_sheet] already exist!
Print sub directory [.\print\2017_10_18.\closing_sheet] already exist!
Print sub directory [.\print\2017_10_18.\picking_label] already exist!
Print sub directory [.\print\2017_10_18.\dispatch_label] already exist!

oct. 18, 2017 3:01:51 PM entity.ConfigWorkplace selectBySegment
INFOS: FROM ConfigWorkplace bp WHERE segment = :segment ORDER BY workplace ASC
oct. 18, 2017 3:01:51 PM entity.ConfigWorkplace selectBySegment
INFOS: FROM ConfigWorkplace bp WHERE segment = :segment ORDER BY workplace ASC
oct. 18, 2017 3:01:55 PM helper.Helper InitDailyDestPrintDir
INFOS: File 2017_10_18.log already exists.Print directory [.\print\2017_10_18] already exist!
Print sub directory [.\print\2017_10_18.\open_sheet] already exist!
Print sub directory [.\print\2017_10_18.\closing_sheet] already exist!
Print sub directory [.\print\2017_10_18.\picking_label] already exist!
Print sub directory [.\print\2017_10_18.\dispatch_label] already exist!
Print directory [.\print\2017_10_18] already exist!
Print sub directory [.\print\2017_10_18.\open_sheet] already exist!
Print sub directory [.\print\2017_10_18.\closing_sheet] already exist!
Print sub directory [.\print\2017_10_18.\picking_label] already exist!
Print sub directory [.\print\2017_10_18.\dispatch_label] already exist!
Print directory [.\print\2017_10_18] already exist!
Print sub directory [.\print\2017_10_18.\open_sheet] already exist!
Print sub directory [.\print\2017_10_18.\closing_sheet] already exist!
Print sub directory [.\print\2017_10_18.\picking_label] already exist!
Print sub directory [.\print\2017_10_18.\dispatch_label] already exist!
Print directory [.\print\2017_10_18] already exist!
Print sub directory [.\print\2017_10_18.\open_sheet] already exist!
Print sub directory [.\print\2017_10_18.\closing_sheet] already exist!
Print sub directory [.\print\2017_10_18.\picking_label] already exist!
Print sub directory [.\print\2017_10_18.\dispatch_label] already exist!
Print directory [.\print\2017_10_18] already exist!
Print sub directory [.\print\2017_10_18.\open_sheet] already exist!
Print sub directory [.\print\2017_10_18.\closing_sheet] already exist!
Print sub directory [.\print\2017_10_18.\picking_label] already exist!
Print sub directory [.\print\2017_10_18.\dispatch_label] already exist!

oct. 18, 2017 3:02:01 PM helper.Helper InitDailyDestPrintDir
INFOS: File 2017_10_18.log already exists.Print directory [.\print\2017_10_18] already exist!
Print sub directory [.\print\2017_10_18.\open_sheet] already exist!
Print sub directory [.\print\2017_10_18.\closing_sheet] already exist!
Print sub directory [.\print\2017_10_18.\picking_label] already exist!
Print sub directory [.\print\2017_10_18.\dispatch_label] already exist!
Print directory [.\print\2017_10_18] already exist!
Print sub directory [.\print\2017_10_18.\open_sheet] already exist!
Print sub directory [.\print\2017_10_18.\closing_sheet] already exist!
Print sub directory [.\print\2017_10_18.\picking_label] already exist!
Print sub directory [.\print\2017_10_18.\dispatch_label] already exist!
Print directory [.\print\2017_10_18] already exist!
Print sub directory [.\print\2017_10_18.\open_sheet] already exist!
Print sub directory [.\print\2017_10_18.\closing_sheet] already exist!
Print sub directory [.\print\2017_10_18.\picking_label] already exist!
Print sub directory [.\print\2017_10_18.\dispatch_label] already exist!
Print directory [.\print\2017_10_18] already exist!
Print sub directory [.\print\2017_10_18.\open_sheet] already exist!
Print sub directory [.\print\2017_10_18.\closing_sheet] already exist!
Print sub directory [.\print\2017_10_18.\picking_label] already exist!
Print sub directory [.\print\2017_10_18.\dispatch_label] already exist!
Print directory [.\print\2017_10_18] already exist!
Print sub directory [.\print\2017_10_18.\open_sheet] already exist!
Print sub directory [.\print\2017_10_18.\closing_sheet] already exist!
Print sub directory [.\print\2017_10_18.\picking_label] already exist!
Print sub directory [.\print\2017_10_18.\dispatch_label] already exist!
Print directory [.\print\2017_10_18] already exist!
Print sub directory [.\print\2017_10_18.\open_sheet] already exist!
Print sub directory [.\print\2017_10_18.\closing_sheet] already exist!
Print sub directory [.\print\2017_10_18.\picking_label] already exist!
Print sub directory [.\print\2017_10_18.\dispatch_label] already exist!

oct. 18, 2017 3:02:33 PM entity.ConfigSegment select
INFOS: FROM ConfigSegment bp ORDER BY segment ASC
oct. 18, 2017 3:02:33 PM entity.ConfigSegment select
INFOS: FROM ConfigSegment bp ORDER BY segment ASC
oct. 18, 2017 3:02:33 PM entity.ConfigWorkplace select
INFOS: FROM ConfigWorkplace bp ORDER BY workplace ASC
oct. 18, 2017 3:02:37 PM entity.ConfigWorkplace selectBySegment
INFOS: FROM ConfigWorkplace bp WHERE segment = :segment ORDER BY workplace ASC
oct. 18, 2017 3:02:37 PM entity.ConfigWorkplace selectBySegment
INFOS: FROM ConfigWorkplace bp WHERE segment = :segment ORDER BY workplace ASC
oct. 18, 2017 3:02:37 PM entity.ConfigWorkplace selectBySegment
INFOS: FROM ConfigWorkplace bp WHERE segment = :segment ORDER BY workplace ASC
oct. 18, 2017 3:02:38 PM entity.ConfigWorkplace selectBySegment
INFOS: FROM ConfigWorkplace bp WHERE segment = :segment ORDER BY workplace ASC
oct. 18, 2017 3:02:38 PM entity.ConfigWorkplace selectBySegment
INFOS: FROM ConfigWorkplace bp WHERE segment = :segment ORDER BY workplace ASC
oct. 18, 2017 3:02:38 PM entity.ConfigWorkplace selectBySegment
INFOS: FROM ConfigWorkplace bp WHERE segment = :segment ORDER BY workplace ASC
oct. 18, 2017 3:02:49 PM entity.ConfigWorkplace selectBySegment
INFOS: FROM ConfigWorkplace bp WHERE segment = :segment ORDER BY workplace ASC
oct. 18, 2017 3:02:49 PM entity.ConfigWorkplace selectBySegment
INFOS: FROM ConfigWorkplace bp WHERE segment = :segment ORDER BY workplace ASC
oct. 18, 2017 3:02:49 PM entity.ConfigWorkplace selectBySegment
INFOS: FROM ConfigWorkplace bp WHERE segment = :segment ORDER BY workplace ASC
oct. 18, 2017 3:02:49 PM entity.ConfigWorkplace selectBySegment
INFOS: FROM ConfigWorkplace bp WHERE segment = :segment ORDER BY workplace ASC
oct. 18, 2017 3:02:49 PM entity.ConfigWorkplace selectBySegment
INFOS: FROM ConfigWorkplace bp WHERE segment = :segment ORDER BY workplace ASC
oct. 18, 2017 3:02:49 PM entity.ConfigWorkplace selectBySegment
INFOS: FROM ConfigWorkplace bp WHERE segment = :segment ORDER BY workplace ASC
oct. 18, 2017 3:02:52 PM entity.ConfigWorkplace selectBySegment
INFOS: FROM ConfigWorkplace bp WHERE segment = :segment ORDER BY workplace ASC
oct. 18, 2017 3:02:52 PM entity.ConfigWorkplace selectBySegment
INFOS: FROM ConfigWorkplace bp WHERE segment = :segment ORDER BY workplace ASC
oct. 18, 2017 3:02:52 PM entity.ConfigWorkplace selectBySegment
INFOS: FROM ConfigWorkplace bp WHERE segment = :segment ORDER BY workplace ASC
oct. 18, 2017 3:04:06 PM helper.Helper InitDailyDestPrintDir
INFOS: File 2017_10_18.log already exists.Print directory [.\print\2017_10_18] already exist!
Print sub directory [.\print\2017_10_18.\open_sheet] already exist!
Print sub directory [.\print\2017_10_18.\closing_sheet] already exist!
Print sub directory [.\print\2017_10_18.\picking_label] already exist!
Print sub directory [.\print\2017_10_18.\dispatch_label] already exist!

oct. 18, 2017 3:04:09 PM entity.ConfigProject select
INFOS: FROM ConfigProject bp ORDER BY harnessType ASC
oct. 18, 2017 3:04:09 PM entity.ConfigProject select
INFOS: FROM ConfigProject bp ORDER BY harnessType ASC
oct. 18, 2017 3:04:09 PM entity.ConfigSegment select
INFOS: FROM ConfigSegment bp ORDER BY segment ASC
oct. 18, 2017 3:04:11 PM entity.ConfigSegment select
INFOS: FROM ConfigSegment bp ORDER BY segment ASC
oct. 18, 2017 3:04:11 PM entity.ConfigWorkplace select
INFOS: FROM ConfigWorkplace bp ORDER BY workplace ASC
oct. 18, 2017 3:04:11 PM entity.ConfigSegment select
INFOS: FROM ConfigSegment bp ORDER BY segment ASC
oct. 18, 2017 3:04:11 PM entity.ConfigWorkplace select
INFOS: FROM ConfigWorkplace bp ORDER BY workplace ASC
oct. 18, 2017 3:04:11 PM entity.ConfigSegment select
INFOS: FROM ConfigSegment bp ORDER BY segment ASC
oct. 18, 2017 3:04:11 PM entity.ConfigWorkplace select
INFOS: FROM ConfigWorkplace bp ORDER BY workplace ASC
oct. 18, 2017 3:04:13 PM entity.ConfigWorkplace selectBySegment
INFOS: FROM ConfigWorkplace bp WHERE segment = :segment ORDER BY workplace ASC
oct. 18, 2017 3:04:13 PM entity.ConfigWorkplace selectBySegment
INFOS: FROM ConfigWorkplace bp WHERE segment = :segment ORDER BY workplace ASC
oct. 18, 2017 3:04:13 PM entity.ConfigWorkplace selectBySegment
INFOS: FROM ConfigWorkplace bp WHERE segment = :segment ORDER BY workplace ASC
oct. 18, 2017 3:04:13 PM entity.ConfigWorkplace selectBySegment
INFOS: FROM ConfigWorkplace bp WHERE segment = :segment ORDER BY workplace ASC
oct. 18, 2017 3:04:13 PM entity.ConfigWorkplace selectBySegment
INFOS: FROM ConfigWorkplace bp WHERE segment = :segment ORDER BY workplace ASC
oct. 18, 2017 3:04:13 PM entity.ConfigWorkplace selectBySegment
INFOS: FROM ConfigWorkplace bp WHERE segment = :segment ORDER BY workplace ASC
oct. 18, 2017 3:04:20 PM gui.packaging.state.S010_UserCodeScan doAction
INFOS: Invalid matricule number or account locked !
oct. 18, 2017 3:04:23 PM gui.packaging.PACKAGING_UI0002_PasswordRequest connect
INFOS: User EZZIOURI OUSSAMA / ducati connected to host WSMA7040 at 2017-10-18 15:04:23 Project : DUCATI.
oct. 18, 2017 3:04:23 PM gui.packaging.PACKAGING_UI0002_PasswordRequest loadDotMatrixCodePatterns
INFOS: FROM ConfigBarcode cb WHERE cb.keyWord = :keyWord AND cb.harness_type = :harnessType ORDER BY id ASC
oct. 18, 2017 3:04:23 PM gui.packaging.PACKAGING_UI0002_PasswordRequest loadPartNumberCodePatterns
INFOS: FROM ConfigBarcode cb WHERE cb.keyWord = :keyWord AND cb.harness_type = :harnessType ORDER BY id ASC
oct. 18, 2017 3:04:24 PM entity.ConfigSegment select
INFOS: FROM ConfigSegment bp ORDER BY segment ASC
oct. 18, 2017 3:04:26 PM entity.ConfigSegment select
INFOS: FROM ConfigSegment bp ORDER BY segment ASC
oct. 18, 2017 3:04:26 PM entity.ConfigWorkplace select
INFOS: FROM ConfigWorkplace bp ORDER BY workplace ASC
oct. 18, 2017 3:04:27 PM entity.ConfigWorkplace selectBySegment
INFOS: FROM ConfigWorkplace bp WHERE segment = :segment ORDER BY workplace ASC
oct. 18, 2017 3:04:27 PM entity.ConfigWorkplace selectBySegment
INFOS: FROM ConfigWorkplace bp WHERE segment = :segment ORDER BY workplace ASC
oct. 18, 2017 3:04:27 PM entity.ConfigWorkplace selectBySegment
INFOS: FROM ConfigWorkplace bp WHERE segment = :segment ORDER BY workplace ASC
oct. 18, 2017 3:04:27 PM entity.ConfigWorkplace selectBySegment
INFOS: FROM ConfigWorkplace bp WHERE segment = :segment ORDER BY workplace ASC
oct. 18, 2017 3:04:27 PM entity.ConfigWorkplace selectBySegment
INFOS: FROM ConfigWorkplace bp WHERE segment = :segment ORDER BY workplace ASC
oct. 18, 2017 3:04:27 PM entity.ConfigWorkplace selectBySegment
INFOS: FROM ConfigWorkplace bp WHERE segment = :segment ORDER BY workplace ASC
oct. 18, 2017 3:04:32 PM helper.Helper InitDailyDestPrintDir
INFOS: File 2017_10_18.log already exists.Print directory [.\print\2017_10_18] already exist!
Print sub directory [.\print\2017_10_18.\open_sheet] already exist!
Print sub directory [.\print\2017_10_18.\closing_sheet] already exist!
Print sub directory [.\print\2017_10_18.\picking_label] already exist!
Print sub directory [.\print\2017_10_18.\dispatch_label] already exist!
Print directory [.\print\2017_10_18] already exist!
Print sub directory [.\print\2017_10_18.\open_sheet] already exist!
Print sub directory [.\print\2017_10_18.\closing_sheet] already exist!
Print sub directory [.\print\2017_10_18.\picking_label] already exist!
Print sub directory [.\print\2017_10_18.\dispatch_label] already exist!

oct. 18, 2017 3:07:02 PM helper.Helper InitDailyDestPrintDir
INFOS: File 2017_10_18.log already exists.Print directory [.\print\2017_10_18] already exist!
Print sub directory [.\print\2017_10_18.\open_sheet] already exist!
Print sub directory [.\print\2017_10_18.\closing_sheet] already exist!
Print sub directory [.\print\2017_10_18.\picking_label] already exist!
Print sub directory [.\print\2017_10_18.\dispatch_label] already exist!
Print directory [.\print\2017_10_18] already exist!
Print sub directory [.\print\2017_10_18.\open_sheet] already exist!
Print sub directory [.\print\2017_10_18.\closing_sheet] already exist!
Print sub directory [.\print\2017_10_18.\picking_label] already exist!
Print sub directory [.\print\2017_10_18.\dispatch_label] already exist!
Print directory [.\print\2017_10_18] already exist!
Print sub directory [.\print\2017_10_18.\open_sheet] already exist!
Print sub directory [.\print\2017_10_18.\closing_sheet] already exist!
Print sub directory [.\print\2017_10_18.\picking_label] already exist!
Print sub directory [.\print\2017_10_18.\dispatch_label] already exist!

oct. 18, 2017 3:08:47 PM entity.ConfigSegment select
INFOS: FROM ConfigSegment bp ORDER BY segment ASC
oct. 18, 2017 3:08:47 PM entity.ConfigWorkplace select
INFOS: FROM ConfigWorkplace bp ORDER BY workplace ASC
oct. 18, 2017 3:08:47 PM entity.ConfigSegment select
INFOS: FROM ConfigSegment bp ORDER BY segment ASC
oct. 18, 2017 3:08:47 PM entity.ConfigWorkplace select
INFOS: FROM ConfigWorkplace bp ORDER BY workplace ASC
oct. 18, 2017 3:08:50 PM helper.Helper InitDailyDestPrintDir
INFOS: File 2017_10_18.log already exists.Print directory [.\print\2017_10_18] already exist!
Print sub directory [.\print\2017_10_18.\open_sheet] already exist!
Print sub directory [.\print\2017_10_18.\closing_sheet] already exist!
Print sub directory [.\print\2017_10_18.\picking_label] already exist!
Print sub directory [.\print\2017_10_18.\dispatch_label] already exist!
Print directory [.\print\2017_10_18] already exist!
Print sub directory [.\print\2017_10_18.\open_sheet] already exist!
Print sub directory [.\print\2017_10_18.\closing_sheet] already exist!
Print sub directory [.\print\2017_10_18.\picking_label] already exist!
Print sub directory [.\print\2017_10_18.\dispatch_label] already exist!
Print directory [.\print\2017_10_18] already exist!
Print sub directory [.\print\2017_10_18.\open_sheet] already exist!
Print sub directory [.\print\2017_10_18.\closing_sheet] already exist!
Print sub directory [.\print\2017_10_18.\picking_label] already exist!
Print sub directory [.\print\2017_10_18.\dispatch_label] already exist!
Print directory [.\print\2017_10_18] already exist!
Print sub directory [.\print\2017_10_18.\open_sheet] already exist!
Print sub directory [.\print\2017_10_18.\closing_sheet] already exist!
Print sub directory [.\print\2017_10_18.\picking_label] already exist!
Print sub directory [.\print\2017_10_18.\dispatch_label] already exist!

oct. 18, 2017 3:08:51 PM helper.PrinterHelper saveAndPrintClosingSheet
INFOS: Set Closing Pallet item [35612] state to [IN_PROCESS]
oct. 18, 2017 3:08:51 PM print.PrintClosingPallet_A5 sentToDefaultDesktopPrinter
INFOS: Sending [.\print\2017_10_18\closing_sheet\PrintClosingPallet_A5_22709635_2017_10_18_15_08_50.pdf] to the default printer...
oct. 18, 2017 3:08:52 PM print.PrintClosingPallet_A5 sentToDefaultDesktopPrinter
INFOS: File [%s] has been printed.
oct. 18, 2017 3:08:52 PM helper.PrinterHelper saveAndPrintClosingSheet
INFOS: Set Closing Pallet [35612] state to [PRINTED]
oct. 18, 2017 3:09:05 PM entity.ConfigWorkplace selectBySegment
INFOS: FROM ConfigWorkplace bp WHERE segment = :segment ORDER BY workplace ASC
oct. 18, 2017 3:09:05 PM entity.ConfigWorkplace selectBySegment
INFOS: FROM ConfigWorkplace bp WHERE segment = :segment ORDER BY workplace ASC
oct. 18, 2017 3:09:05 PM entity.ConfigWorkplace selectBySegment
INFOS: FROM ConfigWorkplace bp WHERE segment = :segment ORDER BY workplace ASC
oct. 18, 2017 3:09:05 PM entity.ConfigWorkplace selectBySegment
INFOS: FROM ConfigWorkplace bp WHERE segment = :segment ORDER BY workplace ASC
oct. 18, 2017 3:09:05 PM entity.ConfigWorkplace selectBySegment
INFOS: FROM ConfigWorkplace bp WHERE segment = :segment ORDER BY workplace ASC
oct. 18, 2017 3:09:05 PM entity.ConfigWorkplace selectBySegment
INFOS: FROM ConfigWorkplace bp WHERE segment = :segment ORDER BY workplace ASC
oct. 18, 2017 3:09:07 PM entity.ConfigWorkplace selectBySegment
INFOS: FROM ConfigWorkplace bp WHERE segment = :segment ORDER BY workplace ASC
oct. 18, 2017 3:09:07 PM entity.ConfigWorkplace selectBySegment
INFOS: FROM ConfigWorkplace bp WHERE segment = :segment ORDER BY workplace ASC
oct. 18, 2017 3:09:09 PM helper.Helper InitDailyDestPrintDir
INFOS: File 2017_10_18.log already exists.Print directory [.\print\2017_10_18] already exist!
Print sub directory [.\print\2017_10_18.\open_sheet] already exist!
Print sub directory [.\print\2017_10_18.\closing_sheet] already exist!
Print sub directory [.\print\2017_10_18.\picking_label] already exist!
Print sub directory [.\print\2017_10_18.\dispatch_label] already exist!
Print directory [.\print\2017_10_18] already exist!
Print sub directory [.\print\2017_10_18.\open_sheet] already exist!
Print sub directory [.\print\2017_10_18.\closing_sheet] already exist!
Print sub directory [.\print\2017_10_18.\picking_label] already exist!
Print sub directory [.\print\2017_10_18.\dispatch_label] already exist!
Print directory [.\print\2017_10_18] already exist!
Print sub directory [.\print\2017_10_18.\open_sheet] already exist!
Print sub directory [.\print\2017_10_18.\closing_sheet] already exist!
Print sub directory [.\print\2017_10_18.\picking_label] already exist!
Print sub directory [.\print\2017_10_18.\dispatch_label] already exist!
Print directory [.\print\2017_10_18] already exist!
Print sub directory [.\print\2017_10_18.\open_sheet] already exist!
Print sub directory [.\print\2017_10_18.\closing_sheet] already exist!
Print sub directory [.\print\2017_10_18.\picking_label] already exist!
Print sub directory [.\print\2017_10_18.\dispatch_label] already exist!
Print directory [.\print\2017_10_18] already exist!
Print sub directory [.\print\2017_10_18.\open_sheet] already exist!
Print sub directory [.\print\2017_10_18.\closing_sheet] already exist!
Print sub directory [.\print\2017_10_18.\picking_label] already exist!
Print sub directory [.\print\2017_10_18.\dispatch_label] already exist!

oct. 18, 2017 3:15:21 PM entity.ConfigSegment select
INFOS: FROM ConfigSegment bp ORDER BY segment ASC
oct. 18, 2017 3:20:26 PM entity.ConfigSegment select
INFOS: FROM ConfigSegment bp ORDER BY segment ASC
oct. 18, 2017 3:20:26 PM entity.ConfigSegment select
INFOS: FROM ConfigSegment bp ORDER BY segment ASC
oct. 18, 2017 3:20:26 PM entity.ConfigWorkplace select
INFOS: FROM ConfigWorkplace bp ORDER BY workplace ASC
oct. 18, 2017 3:20:29 PM entity.ConfigSegment select
INFOS: FROM ConfigSegment bp ORDER BY segment ASC
oct. 18, 2017 3:20:29 PM entity.ConfigWorkplace select
INFOS: FROM ConfigWorkplace bp ORDER BY workplace ASC
oct. 18, 2017 3:20:31 PM entity.ConfigSegment select
INFOS: FROM ConfigSegment bp ORDER BY segment ASC
oct. 18, 2017 3:20:31 PM entity.ConfigWorkplace select
INFOS: FROM ConfigWorkplace bp ORDER BY workplace ASC
oct. 18, 2017 3:20:31 PM entity.ConfigSegment select
INFOS: FROM ConfigSegment bp ORDER BY segment ASC
oct. 18, 2017 3:20:31 PM entity.ConfigWorkplace select
INFOS: FROM ConfigWorkplace bp ORDER BY workplace ASC
oct. 18, 2017 3:20:32 PM entity.ConfigSegment select
INFOS: FROM ConfigSegment bp ORDER BY segment ASC
oct. 18, 2017 3:20:32 PM entity.ConfigWorkplace select
INFOS: FROM ConfigWorkplace bp ORDER BY workplace ASC
oct. 18, 2017 3:20:32 PM entity.ConfigSegment select
INFOS: FROM ConfigSegment bp ORDER BY segment ASC
oct. 18, 2017 3:20:32 PM entity.ConfigWorkplace select
INFOS: FROM ConfigWorkplace bp ORDER BY workplace ASC
oct. 18, 2017 3:20:32 PM entity.ConfigSegment select
INFOS: FROM ConfigSegment bp ORDER BY segment ASC
oct. 18, 2017 3:20:32 PM entity.ConfigWorkplace select
INFOS: FROM ConfigWorkplace bp ORDER BY workplace ASC
oct. 18, 2017 3:20:32 PM entity.ConfigSegment select
INFOS: FROM ConfigSegment bp ORDER BY segment ASC
oct. 18, 2017 3:20:32 PM entity.ConfigWorkplace select
INFOS: FROM ConfigWorkplace bp ORDER BY workplace ASC
oct. 18, 2017 3:20:33 PM entity.ConfigSegment select
INFOS: FROM ConfigSegment bp ORDER BY segment ASC
oct. 18, 2017 3:20:33 PM entity.ConfigWorkplace select
INFOS: FROM ConfigWorkplace bp ORDER BY workplace ASC
oct. 18, 2017 3:20:33 PM entity.ConfigSegment select
INFOS: FROM ConfigSegment bp ORDER BY segment ASC
oct. 18, 2017 3:20:33 PM entity.ConfigWorkplace select
INFOS: FROM ConfigWorkplace bp ORDER BY workplace ASC
oct. 18, 2017 3:20:39 PM entity.ConfigSegment select
INFOS: FROM ConfigSegment bp ORDER BY segment ASC
oct. 18, 2017 3:20:39 PM entity.ConfigWorkplace select
INFOS: FROM ConfigWorkplace bp ORDER BY workplace ASC
oct. 18, 2017 3:20:46 PM entity.ConfigSegment select
INFOS: FROM ConfigSegment bp ORDER BY segment ASC
oct. 18, 2017 3:20:46 PM entity.ConfigWorkplace select
INFOS: FROM ConfigWorkplace bp ORDER BY workplace ASC
oct. 18, 2017 3:20:51 PM entity.ConfigSegment select
INFOS: FROM ConfigSegment bp ORDER BY segment ASC
oct. 18, 2017 3:20:51 PM entity.ConfigWorkplace select
INFOS: FROM ConfigWorkplace bp ORDER BY workplace ASC
oct. 18, 2017 3:20:58 PM entity.ConfigSegment select
INFOS: FROM ConfigSegment bp ORDER BY segment ASC
oct. 18, 2017 3:20:58 PM entity.ConfigWorkplace select
INFOS: FROM ConfigWorkplace bp ORDER BY workplace ASC
oct. 18, 2017 3:21:02 PM entity.ConfigSegment select
INFOS: FROM ConfigSegment bp ORDER BY segment ASC
oct. 18, 2017 3:21:02 PM entity.ConfigWorkplace select
INFOS: FROM ConfigWorkplace bp ORDER BY workplace ASC
oct. 18, 2017 3:21:03 PM entity.ConfigSegment select
INFOS: FROM ConfigSegment bp ORDER BY segment ASC
oct. 18, 2017 3:21:03 PM entity.ConfigWorkplace select
INFOS: FROM ConfigWorkplace bp ORDER BY workplace ASC
oct. 18, 2017 3:21:04 PM entity.ConfigSegment select
INFOS: FROM ConfigSegment bp ORDER BY segment ASC
oct. 18, 2017 3:21:04 PM entity.ConfigWorkplace select
INFOS: FROM ConfigWorkplace bp ORDER BY workplace ASC
oct. 18, 2017 3:21:05 PM entity.ConfigSegment select
INFOS: FROM ConfigSegment bp ORDER BY segment ASC
oct. 18, 2017 3:21:05 PM entity.ConfigWorkplace select
INFOS: FROM ConfigWorkplace bp ORDER BY workplace ASC
oct. 18, 2017 3:21:05 PM entity.ConfigSegment select
INFOS: FROM ConfigSegment bp ORDER BY segment ASC
oct. 18, 2017 3:21:05 PM entity.ConfigWorkplace select
INFOS: FROM ConfigWorkplace bp ORDER BY workplace ASC
oct. 18, 2017 3:21:14 PM entity.ConfigSegment select
INFOS: FROM ConfigSegment bp ORDER BY segment ASC
oct. 18, 2017 3:21:14 PM entity.ConfigWorkplace select
INFOS: FROM ConfigWorkplace bp ORDER BY workplace ASC
oct. 18, 2017 3:21:18 PM entity.ConfigSegment select
INFOS: FROM ConfigSegment bp ORDER BY segment ASC
oct. 18, 2017 3:21:18 PM entity.ConfigWorkplace select
INFOS: FROM ConfigWorkplace bp ORDER BY workplace ASC
oct. 18, 2017 3:32:20 PM gui.warehouse_dispatch.WAREHOUSE_DISPATCH_UI0003_PasswordRequest connect
INFOS: User EZZIOURI OUSSAMA / ezou1001 connected to host WSMA7040 at 2017-10-18 15:32:20 Dispatch interface : .
oct. 18, 2017 3:48:39 PM entity.ConfigWorkplace selectBySegment
INFOS: FROM ConfigWorkplace bp WHERE segment = :segment ORDER BY workplace ASC
oct. 18, 2017 3:50:06 PM helper.Helper InitDailyDestPrintDir
INFOS: File 2017_10_18.log already exists.Print directory [.\print\2017_10_18] already exist!
Print sub directory [.\print\2017_10_18.\open_sheet] already exist!
Print sub directory [.\print\2017_10_18.\closing_sheet] already exist!
Print sub directory [.\print\2017_10_18.\picking_label] already exist!
Print sub directory [.\print\2017_10_18.\dispatch_label] already exist!

oct. 18, 2017 3:50:08 PM entity.ConfigProject select
INFOS: FROM ConfigProject bp ORDER BY harnessType ASC
oct. 18, 2017 3:50:08 PM entity.ConfigProject select
INFOS: FROM ConfigProject bp ORDER BY harnessType ASC
oct. 18, 2017 3:50:11 PM gui.packaging.state.S010_UserCodeScan doAction
INFOS: Invalid matricule number or account locked !
oct. 18, 2017 3:50:18 PM gui.packaging.PACKAGING_UI0002_PasswordRequest connect
INFOS: User EZZIOURI OUSSAMA / ducati connected to host WSMA7040 at 2017-10-18 15:50:18 Project : DUCATI.
oct. 18, 2017 3:50:18 PM gui.packaging.PACKAGING_UI0002_PasswordRequest loadDotMatrixCodePatterns
INFOS: FROM ConfigBarcode cb WHERE cb.keyWord = :keyWord AND cb.harness_type = :harnessType ORDER BY id ASC
oct. 18, 2017 3:50:18 PM gui.packaging.PACKAGING_UI0002_PasswordRequest loadPartNumberCodePatterns
INFOS: FROM ConfigBarcode cb WHERE cb.keyWord = :keyWord AND cb.harness_type = :harnessType ORDER BY id ASC
oct. 18, 2017 3:50:19 PM entity.ConfigSegment select
INFOS: FROM ConfigSegment bp ORDER BY segment ASC
oct. 18, 2017 3:50:21 PM entity.ConfigSegment select
INFOS: FROM ConfigSegment bp ORDER BY segment ASC
oct. 18, 2017 3:50:21 PM entity.ConfigWorkplace select
INFOS: FROM ConfigWorkplace bp ORDER BY workplace ASC
oct. 18, 2017 3:50:21 PM entity.ConfigSegment select
INFOS: FROM ConfigSegment bp ORDER BY segment ASC
oct. 18, 2017 3:50:21 PM entity.ConfigWorkplace select
INFOS: FROM ConfigWorkplace bp ORDER BY workplace ASC
oct. 18, 2017 3:50:24 PM entity.ConfigWorkplace selectBySegment
INFOS: FROM ConfigWorkplace bp WHERE segment = :segment ORDER BY workplace ASC
oct. 18, 2017 3:50:24 PM entity.ConfigWorkplace selectBySegment
INFOS: FROM ConfigWorkplace bp WHERE segment = :segment ORDER BY workplace ASC
oct. 18, 2017 3:50:24 PM entity.ConfigWorkplace selectBySegment
INFOS: FROM ConfigWorkplace bp WHERE segment = :segment ORDER BY workplace ASC
oct. 18, 2017 3:50:24 PM entity.ConfigWorkplace selectBySegment
INFOS: FROM ConfigWorkplace bp WHERE segment = :segment ORDER BY workplace ASC
oct. 18, 2017 3:50:24 PM entity.ConfigWorkplace selectBySegment
INFOS: FROM ConfigWorkplace bp WHERE segment = :segment ORDER BY workplace ASC
oct. 18, 2017 3:50:24 PM entity.ConfigWorkplace selectBySegment
INFOS: FROM ConfigWorkplace bp WHERE segment = :segment ORDER BY workplace ASC
oct. 18, 2017 4:01:28 PM helper.Helper InitDailyDestPrintDir
INFOS: File 2017_10_18.log already exists.Print directory [.\print\2017_10_18] already exist!
Print sub directory [.\print\2017_10_18.\open_sheet] already exist!
Print sub directory [.\print\2017_10_18.\closing_sheet] already exist!
Print sub directory [.\print\2017_10_18.\picking_label] already exist!
Print sub directory [.\print\2017_10_18.\dispatch_label] already exist!

oct. 18, 2017 4:01:29 PM entity.ConfigProject select
INFOS: FROM ConfigProject bp ORDER BY harnessType ASC
oct. 18, 2017 4:01:29 PM entity.ConfigProject select
INFOS: FROM ConfigProject bp ORDER BY harnessType ASC
oct. 18, 2017 4:01:30 PM entity.ConfigSegment select
INFOS: FROM ConfigSegment bp ORDER BY segment ASC
oct. 18, 2017 4:01:36 PM entity.ConfigSegment select
INFOS: FROM ConfigSegment bp ORDER BY segment ASC
oct. 18, 2017 4:01:36 PM entity.ConfigWorkplace select
INFOS: FROM ConfigWorkplace bp ORDER BY workplace ASC
oct. 18, 2017 4:01:39 PM entity.ConfigWorkplace selectBySegment
INFOS: FROM ConfigWorkplace bp WHERE segment = :segment ORDER BY workplace ASC
oct. 18, 2017 4:01:39 PM entity.ConfigWorkplace selectBySegment
INFOS: FROM ConfigWorkplace bp WHERE segment = :segment ORDER BY workplace ASC
oct. 18, 2017 4:01:39 PM entity.ConfigWorkplace selectBySegment
INFOS: FROM ConfigWorkplace bp WHERE segment = :segment ORDER BY workplace ASC
oct. 18, 2017 4:01:39 PM entity.ConfigWorkplace selectBySegment
INFOS: FROM ConfigWorkplace bp WHERE segment = :segment ORDER BY workplace ASC
oct. 18, 2017 4:01:39 PM entity.ConfigWorkplace selectBySegment
INFOS: FROM ConfigWorkplace bp WHERE segment = :segment ORDER BY workplace ASC
oct. 18, 2017 4:01:39 PM entity.ConfigWorkplace selectBySegment
INFOS: FROM ConfigWorkplace bp WHERE segment = :segment ORDER BY workplace ASC
oct. 18, 2017 4:01:40 PM entity.ConfigWorkplace selectBySegment
INFOS: FROM ConfigWorkplace bp WHERE segment = :segment ORDER BY workplace ASC
oct. 18, 2017 4:01:40 PM entity.ConfigWorkplace selectBySegment
INFOS: FROM ConfigWorkplace bp WHERE segment = :segment ORDER BY workplace ASC
oct. 18, 2017 4:01:40 PM entity.ConfigWorkplace selectBySegment
INFOS: FROM ConfigWorkplace bp WHERE segment = :segment ORDER BY workplace ASC
oct. 18, 2017 4:01:40 PM entity.ConfigWorkplace selectBySegment
INFOS: FROM ConfigWorkplace bp WHERE segment = :segment ORDER BY workplace ASC
oct. 18, 2017 4:01:40 PM entity.ConfigWorkplace selectBySegment
INFOS: FROM ConfigWorkplace bp WHERE segment = :segment ORDER BY workplace ASC
oct. 18, 2017 4:01:40 PM entity.ConfigWorkplace selectBySegment
INFOS: FROM ConfigWorkplace bp WHERE segment = :segment ORDER BY workplace ASC
oct. 18, 2017 4:02:42 PM entity.ConfigWorkplace selectBySegment
INFOS: FROM ConfigWorkplace bp WHERE segment = :segment ORDER BY workplace ASC
oct. 18, 2017 4:02:44 PM entity.ConfigWorkplace selectBySegment
INFOS: FROM ConfigWorkplace bp WHERE segment = :segment ORDER BY workplace ASC
oct. 18, 2017 4:02:45 PM entity.ConfigWorkplace selectBySegment
INFOS: FROM ConfigWorkplace bp WHERE segment = :segment ORDER BY workplace ASC
oct. 18, 2017 4:02:46 PM entity.ConfigSegment select
INFOS: FROM ConfigSegment bp ORDER BY segment ASC
oct. 18, 2017 4:02:46 PM entity.ConfigWorkplace select
INFOS: FROM ConfigWorkplace bp ORDER BY workplace ASC
oct. 18, 2017 4:02:46 PM entity.ConfigSegment select
INFOS: FROM ConfigSegment bp ORDER BY segment ASC
oct. 18, 2017 4:02:46 PM entity.ConfigWorkplace select
INFOS: FROM ConfigWorkplace bp ORDER BY workplace ASC
oct. 18, 2017 4:13:29 PM gui.packaging.state.S010_UserCodeScan doAction
INFOS: Invalid matricule number or account locked !
oct. 18, 2017 4:13:32 PM gui.packaging.PACKAGING_UI0002_PasswordRequest connect
INFOS: User EZZIOURI OUSSAMA / ducati connected to host WSMA7040 at 2017-10-18 16:13:32 Project : DUCATI.
oct. 18, 2017 4:13:32 PM gui.packaging.PACKAGING_UI0002_PasswordRequest loadDotMatrixCodePatterns
INFOS: FROM ConfigBarcode cb WHERE cb.keyWord = :keyWord AND cb.harness_type = :harnessType ORDER BY id ASC
oct. 18, 2017 4:13:32 PM gui.packaging.PACKAGING_UI0002_PasswordRequest loadPartNumberCodePatterns
INFOS: FROM ConfigBarcode cb WHERE cb.keyWord = :keyWord AND cb.harness_type = :harnessType ORDER BY id ASC
oct. 18, 2017 4:13:34 PM entity.ConfigSegment select
INFOS: FROM ConfigSegment bp ORDER BY segment ASC
oct. 18, 2017 4:13:35 PM entity.ConfigSegment select
INFOS: FROM ConfigSegment bp ORDER BY segment ASC
oct. 18, 2017 4:13:35 PM entity.ConfigWorkplace select
INFOS: FROM ConfigWorkplace bp ORDER BY workplace ASC
oct. 18, 2017 4:13:36 PM entity.ConfigWorkplace selectBySegment
INFOS: FROM ConfigWorkplace bp WHERE segment = :segment ORDER BY workplace ASC
oct. 18, 2017 4:13:36 PM entity.ConfigWorkplace selectBySegment
INFOS: FROM ConfigWorkplace bp WHERE segment = :segment ORDER BY workplace ASC
oct. 18, 2017 4:13:36 PM entity.ConfigWorkplace selectBySegment
INFOS: FROM ConfigWorkplace bp WHERE segment = :segment ORDER BY workplace ASC
oct. 18, 2017 4:13:36 PM entity.ConfigWorkplace selectBySegment
INFOS: FROM ConfigWorkplace bp WHERE segment = :segment ORDER BY workplace ASC
oct. 18, 2017 4:13:36 PM entity.ConfigWorkplace selectBySegment
INFOS: FROM ConfigWorkplace bp WHERE segment = :segment ORDER BY workplace ASC
oct. 18, 2017 4:13:36 PM entity.ConfigWorkplace selectBySegment
INFOS: FROM ConfigWorkplace bp WHERE segment = :segment ORDER BY workplace ASC
oct. 18, 2017 4:13:37 PM entity.ConfigWorkplace selectBySegment
INFOS: FROM ConfigWorkplace bp WHERE segment = :segment ORDER BY workplace ASC
oct. 18, 2017 4:14:03 PM helper.Helper InitDailyDestPrintDir
INFOS: File 2017_10_18.log already exists.Print directory [.\print\2017_10_18] already exist!
Print sub directory [.\print\2017_10_18.\open_sheet] already exist!
Print sub directory [.\print\2017_10_18.\closing_sheet] already exist!
Print sub directory [.\print\2017_10_18.\picking_label] already exist!
Print sub directory [.\print\2017_10_18.\dispatch_label] already exist!
Print directory [.\print\2017_10_18] already exist!
Print sub directory [.\print\2017_10_18.\open_sheet] already exist!
Print sub directory [.\print\2017_10_18.\closing_sheet] already exist!
Print sub directory [.\print\2017_10_18.\picking_label] already exist!
Print sub directory [.\print\2017_10_18.\dispatch_label] already exist!

oct. 18, 2017 4:14:03 PM helper.PrinterHelper saveAndPrintClosingSheet
INFOS: Set Closing Pallet item [35987] state to [IN_PROCESS]
oct. 18, 2017 4:14:03 PM print.PrintClosingPallet_A5 sentToDefaultDesktopPrinter
INFOS: Sending [.\print\2017_10_18\closing_sheet\PrintClosingPallet_A5_5101D451B_2017_10_18_16_14_03.pdf] to the default printer...
oct. 18, 2017 4:14:03 PM print.PrintClosingPallet_A5 sentToDefaultDesktopPrinter
INFOS: File [%s] has been printed.
oct. 18, 2017 4:14:03 PM helper.PrinterHelper saveAndPrintClosingSheet
INFOS: Set Closing Pallet [35987] state to [PRINTED]
oct. 18, 2017 4:14:33 PM helper.Helper InitDailyDestPrintDir
INFOS: File 2017_10_18.log already exists.Print directory [.\print\2017_10_18] already exist!
Print sub directory [.\print\2017_10_18.\open_sheet] already exist!
Print sub directory [.\print\2017_10_18.\closing_sheet] already exist!
Print sub directory [.\print\2017_10_18.\picking_label] already exist!
Print sub directory [.\print\2017_10_18.\dispatch_label] already exist!
Print directory [.\print\2017_10_18] already exist!
Print sub directory [.\print\2017_10_18.\open_sheet] already exist!
Print sub directory [.\print\2017_10_18.\closing_sheet] already exist!
Print sub directory [.\print\2017_10_18.\picking_label] already exist!
Print sub directory [.\print\2017_10_18.\dispatch_label] already exist!
Print directory [.\print\2017_10_18] already exist!
Print sub directory [.\print\2017_10_18.\open_sheet] already exist!
Print sub directory [.\print\2017_10_18.\closing_sheet] already exist!
Print sub directory [.\print\2017_10_18.\picking_label] already exist!
Print sub directory [.\print\2017_10_18.\dispatch_label] already exist!

oct. 18, 2017 4:14:34 PM helper.PrinterHelper saveAndPrintClosingSheet
INFOS: Set Closing Pallet item [35978] state to [IN_PROCESS]
oct. 18, 2017 4:14:34 PM print.PrintClosingPallet_A5 sentToDefaultDesktopPrinter
INFOS: Sending [.\print\2017_10_18\closing_sheet\PrintClosingPallet_A5_5101C381E_2017_10_18_16_14_33.pdf] to the default printer...
oct. 18, 2017 4:14:34 PM print.PrintClosingPallet_A5 sentToDefaultDesktopPrinter
INFOS: File [%s] has been printed.
oct. 18, 2017 4:14:34 PM helper.PrinterHelper saveAndPrintClosingSheet
INFOS: Set Closing Pallet [35978] state to [PRINTED]
oct. 18, 2017 4:14:47 PM helper.Helper InitDailyDestPrintDir
INFOS: File 2017_10_18.log already exists.Print directory [.\print\2017_10_18] already exist!
Print sub directory [.\print\2017_10_18.\open_sheet] already exist!
Print sub directory [.\print\2017_10_18.\closing_sheet] already exist!
Print sub directory [.\print\2017_10_18.\picking_label] already exist!
Print sub directory [.\print\2017_10_18.\dispatch_label] already exist!
Print directory [.\print\2017_10_18] already exist!
Print sub directory [.\print\2017_10_18.\open_sheet] already exist!
Print sub directory [.\print\2017_10_18.\closing_sheet] already exist!
Print sub directory [.\print\2017_10_18.\picking_label] already exist!
Print sub directory [.\print\2017_10_18.\dispatch_label] already exist!
Print directory [.\print\2017_10_18] already exist!
Print sub directory [.\print\2017_10_18.\open_sheet] already exist!
Print sub directory [.\print\2017_10_18.\closing_sheet] already exist!
Print sub directory [.\print\2017_10_18.\picking_label] already exist!
Print sub directory [.\print\2017_10_18.\dispatch_label] already exist!
Print directory [.\print\2017_10_18] already exist!
Print sub directory [.\print\2017_10_18.\open_sheet] already exist!
Print sub directory [.\print\2017_10_18.\closing_sheet] already exist!
Print sub directory [.\print\2017_10_18.\picking_label] already exist!
Print sub directory [.\print\2017_10_18.\dispatch_label] already exist!

oct. 18, 2017 4:14:47 PM helper.PrinterHelper saveAndPrintClosingSheet
INFOS: Set Closing Pallet item [35985] state to [IN_PROCESS]
oct. 18, 2017 4:14:47 PM print.PrintClosingPallet_A5 sentToDefaultDesktopPrinter
INFOS: Sending [.\print\2017_10_18\closing_sheet\PrintClosingPallet_A5_5101C391C_2017_10_18_16_14_47.pdf] to the default printer...
oct. 18, 2017 4:14:47 PM print.PrintClosingPallet_A5 sentToDefaultDesktopPrinter
INFOS: File [%s] has been printed.
oct. 18, 2017 4:14:47 PM helper.PrinterHelper saveAndPrintClosingSheet
INFOS: Set Closing Pallet [35985] state to [PRINTED]
oct. 18, 2017 4:14:56 PM helper.Helper InitDailyDestPrintDir
INFOS: File 2017_10_18.log already exists.Print directory [.\print\2017_10_18] already exist!
Print sub directory [.\print\2017_10_18.\open_sheet] already exist!
Print sub directory [.\print\2017_10_18.\closing_sheet] already exist!
Print sub directory [.\print\2017_10_18.\picking_label] already exist!
Print sub directory [.\print\2017_10_18.\dispatch_label] already exist!
Print directory [.\print\2017_10_18] already exist!
Print sub directory [.\print\2017_10_18.\open_sheet] already exist!
Print sub directory [.\print\2017_10_18.\closing_sheet] already exist!
Print sub directory [.\print\2017_10_18.\picking_label] already exist!
Print sub directory [.\print\2017_10_18.\dispatch_label] already exist!
Print directory [.\print\2017_10_18] already exist!
Print sub directory [.\print\2017_10_18.\open_sheet] already exist!
Print sub directory [.\print\2017_10_18.\closing_sheet] already exist!
Print sub directory [.\print\2017_10_18.\picking_label] already exist!
Print sub directory [.\print\2017_10_18.\dispatch_label] already exist!
Print directory [.\print\2017_10_18] already exist!
Print sub directory [.\print\2017_10_18.\open_sheet] already exist!
Print sub directory [.\print\2017_10_18.\closing_sheet] already exist!
Print sub directory [.\print\2017_10_18.\picking_label] already exist!
Print sub directory [.\print\2017_10_18.\dispatch_label] already exist!
Print directory [.\print\2017_10_18] already exist!
Print sub directory [.\print\2017_10_18.\open_sheet] already exist!
Print sub directory [.\print\2017_10_18.\closing_sheet] already exist!
Print sub directory [.\print\2017_10_18.\picking_label] already exist!
Print sub directory [.\print\2017_10_18.\dispatch_label] already exist!

oct. 18, 2017 4:14:56 PM helper.PrinterHelper saveAndPrintClosingSheet
INFOS: Set Closing Pallet item [35985] state to [IN_PROCESS]
oct. 18, 2017 4:14:56 PM print.PrintClosingPallet_A5 sentToDefaultDesktopPrinter
INFOS: Sending [.\print\2017_10_18\closing_sheet\PrintClosingPallet_A5_5101C391C_2017_10_18_16_14_56.pdf] to the default printer...
oct. 18, 2017 4:14:56 PM print.PrintClosingPallet_A5 sentToDefaultDesktopPrinter
INFOS: File [%s] has been printed.
oct. 18, 2017 4:14:56 PM helper.PrinterHelper saveAndPrintClosingSheet
INFOS: Set Closing Pallet [35985] state to [PRINTED]
oct. 18, 2017 4:15:49 PM helper.Helper InitDailyDestPrintDir
INFOS: File 2017_10_18.log already exists.Print directory [.\print\2017_10_18] already exist!
Print sub directory [.\print\2017_10_18.\open_sheet] already exist!
Print sub directory [.\print\2017_10_18.\closing_sheet] already exist!
Print sub directory [.\print\2017_10_18.\picking_label] already exist!
Print sub directory [.\print\2017_10_18.\dispatch_label] already exist!

oct. 18, 2017 4:15:51 PM entity.ConfigProject select
INFOS: FROM ConfigProject bp ORDER BY harnessType ASC
oct. 18, 2017 4:15:51 PM entity.ConfigProject select
INFOS: FROM ConfigProject bp ORDER BY harnessType ASC
oct. 18, 2017 4:15:54 PM gui.packaging.state.S010_UserCodeScan doAction
INFOS: Invalid matricule number or account locked !
oct. 18, 2017 4:15:56 PM gui.packaging.PACKAGING_UI0002_PasswordRequest connect
INFOS: User EZZIOURI OUSSAMA / ducati connected to host WSMA7040 at 2017-10-18 16:15:56 Project : DUCATI.
oct. 18, 2017 4:15:56 PM gui.packaging.PACKAGING_UI0002_PasswordRequest loadDotMatrixCodePatterns
INFOS: FROM ConfigBarcode cb WHERE cb.keyWord = :keyWord AND cb.harness_type = :harnessType ORDER BY id ASC
oct. 18, 2017 4:15:56 PM gui.packaging.PACKAGING_UI0002_PasswordRequest loadPartNumberCodePatterns
INFOS: FROM ConfigBarcode cb WHERE cb.keyWord = :keyWord AND cb.harness_type = :harnessType ORDER BY id ASC
oct. 18, 2017 4:15:58 PM entity.ConfigSegment select
INFOS: FROM ConfigSegment bp ORDER BY segment ASC
oct. 18, 2017 4:15:59 PM entity.ConfigSegment select
INFOS: FROM ConfigSegment bp ORDER BY segment ASC
oct. 18, 2017 4:15:59 PM entity.ConfigWorkplace select
INFOS: FROM ConfigWorkplace bp ORDER BY workplace ASC
oct. 18, 2017 4:16:03 PM helper.Helper InitDailyDestPrintDir
INFOS: File 2017_10_18.log already exists.Print directory [.\print\2017_10_18] already exist!
Print sub directory [.\print\2017_10_18.\open_sheet] already exist!
Print sub directory [.\print\2017_10_18.\closing_sheet] already exist!
Print sub directory [.\print\2017_10_18.\picking_label] already exist!
Print sub directory [.\print\2017_10_18.\dispatch_label] already exist!
Print directory [.\print\2017_10_18] already exist!
Print sub directory [.\print\2017_10_18.\open_sheet] already exist!
Print sub directory [.\print\2017_10_18.\closing_sheet] already exist!
Print sub directory [.\print\2017_10_18.\picking_label] already exist!
Print sub directory [.\print\2017_10_18.\dispatch_label] already exist!

oct. 18, 2017 4:16:03 PM helper.PrinterHelper saveAndPrintClosingSheet
INFOS: Set Closing Pallet item [35970] state to [IN_PROCESS]
oct. 18, 2017 4:16:03 PM print.PrintClosingPallet_A5 sentToDefaultDesktopPrinter
INFOS: Sending [.\print\2017_10_18\closing_sheet\PrintClosingPallet_A5_5101C371E_2017_10_18_16_16_03.pdf] to the default printer...
oct. 18, 2017 4:16:03 PM print.PrintClosingPallet_A5 sentToDefaultDesktopPrinter
INFOS: File [%s] has been printed.
oct. 18, 2017 4:16:03 PM helper.PrinterHelper saveAndPrintClosingSheet
INFOS: Set Closing Pallet [35970] state to [PRINTED]
oct. 18, 2017 4:16:32 PM gui.warehouse_dispatch.WAREHOUSE_DISPATCH_UI0003_PasswordRequest connect
INFOS: User EZZIOURI OUSSAMA / ezou1001 connected to host WSMA7040 at 2017-10-18 16:16:32 Dispatch interface : .
oct. 19, 2017 8:12:50 AM entity.ConfigSegment select
INFOS: FROM ConfigSegment bp ORDER BY segment ASC
oct. 19, 2017 8:12:50 AM entity.ConfigSegment select
INFOS: FROM ConfigSegment bp ORDER BY segment ASC
oct. 19, 2017 8:12:50 AM entity.ConfigWorkplace select
INFOS: FROM ConfigWorkplace bp ORDER BY workplace ASC
oct. 19, 2017 8:12:58 AM entity.ConfigSegment select
INFOS: FROM ConfigSegment bp ORDER BY segment ASC
oct. 19, 2017 8:12:58 AM entity.ConfigWorkplace select
INFOS: FROM ConfigWorkplace bp ORDER BY workplace ASC
oct. 19, 2017 8:12:59 AM entity.ConfigSegment select
INFOS: FROM ConfigSegment bp ORDER BY segment ASC
oct. 19, 2017 8:12:59 AM entity.ConfigWorkplace select
INFOS: FROM ConfigWorkplace bp ORDER BY workplace ASC
oct. 19, 2017 8:16:45 AM gui.config.CONFIG_UI0000_AUTH checkLoginAndPass
INFOS: User EZZIOURI OUSSAMA / ezou1001 connected to host WSMA7040 at 2017-10-19 08:16:45 Module : Planner.
oct. 19, 2017 8:16:45 AM entity.ConfigSegment select
INFOS: FROM ConfigSegment bp ORDER BY segment ASC
oct. 19, 2017 8:16:45 AM entity.ConfigWorkplace selectBySegment
INFOS: FROM ConfigWorkplace bp WHERE segment = :segment ORDER BY workplace ASC
oct. 19, 2017 8:16:45 AM entity.ConfigProject select
INFOS: FROM ConfigProject bp ORDER BY harnessType ASC
oct. 19, 2017 8:16:48 AM entity.ConfigWorkplace selectBySegment
INFOS: FROM ConfigWorkplace bp WHERE segment = :segment ORDER BY workplace ASC
oct. 19, 2017 8:16:48 AM entity.ConfigWorkplace selectBySegment
INFOS: FROM ConfigWorkplace bp WHERE segment = :segment ORDER BY workplace ASC
oct. 19, 2017 8:19:18 AM entity.ConfigSegment select
INFOS: FROM ConfigSegment bp ORDER BY segment ASC
oct. 19, 2017 8:19:18 AM entity.ConfigSegment select
INFOS: FROM ConfigSegment bp ORDER BY segment ASC
oct. 19, 2017 8:19:18 AM entity.ConfigWorkplace select
INFOS: FROM ConfigWorkplace bp ORDER BY workplace ASC
oct. 19, 2017 8:19:25 AM entity.ConfigSegment select
INFOS: FROM ConfigSegment bp ORDER BY segment ASC
oct. 19, 2017 8:19:25 AM entity.ConfigWorkplace select
INFOS: FROM ConfigWorkplace bp ORDER BY workplace ASC
oct. 19, 2017 8:19:25 AM entity.ConfigSegment select
INFOS: FROM ConfigSegment bp ORDER BY segment ASC
oct. 19, 2017 8:19:25 AM entity.ConfigWorkplace select
INFOS: FROM ConfigWorkplace bp ORDER BY workplace ASC
oct. 19, 2017 8:19:25 AM entity.ConfigSegment select
INFOS: FROM ConfigSegment bp ORDER BY segment ASC
oct. 19, 2017 8:19:25 AM entity.ConfigWorkplace select
INFOS: FROM ConfigWorkplace bp ORDER BY workplace ASC
oct. 19, 2017 8:21:48 AM gui.packaging_warehouse.PACKAGING_WAREHOUSE_UI0001_PasswordRequest connect
INFOS: User EZZIOURI OUSSAMA / ezou1001 connected to host WSMA7040 at 2017-10-19 08:21:48 Packaging warehouse interface : .
oct. 19, 2017 8:36:09 AM entity.ConfigSegment select
INFOS: FROM ConfigSegment bp ORDER BY segment ASC
oct. 19, 2017 8:36:10 AM entity.ConfigSegment select
INFOS: FROM ConfigSegment bp ORDER BY segment ASC
oct. 19, 2017 8:36:10 AM entity.ConfigWorkplace select
INFOS: FROM ConfigWorkplace bp ORDER BY workplace ASC
oct. 19, 2017 8:36:12 AM entity.ConfigSegment select
INFOS: FROM ConfigSegment bp ORDER BY segment ASC
oct. 19, 2017 8:36:12 AM entity.ConfigWorkplace select
INFOS: FROM ConfigWorkplace bp ORDER BY workplace ASC
oct. 19, 2017 8:36:16 AM entity.ConfigSegment select
INFOS: FROM ConfigSegment bp ORDER BY segment ASC
oct. 19, 2017 8:36:16 AM entity.ConfigWorkplace select
INFOS: FROM ConfigWorkplace bp ORDER BY workplace ASC
oct. 19, 2017 8:36:17 AM entity.ConfigSegment select
INFOS: FROM ConfigSegment bp ORDER BY segment ASC
oct. 19, 2017 8:36:17 AM entity.ConfigWorkplace select
INFOS: FROM ConfigWorkplace bp ORDER BY workplace ASC
oct. 19, 2017 8:36:19 AM entity.ConfigSegment select
INFOS: FROM ConfigSegment bp ORDER BY segment ASC
oct. 19, 2017 8:36:19 AM entity.ConfigWorkplace select
INFOS: FROM ConfigWorkplace bp ORDER BY workplace ASC
oct. 19, 2017 8:50:48 AM entity.ConfigSegment select
INFOS: FROM ConfigSegment bp ORDER BY segment ASC
oct. 19, 2017 8:50:48 AM entity.ConfigSegment select
INFOS: FROM ConfigSegment bp ORDER BY segment ASC
oct. 19, 2017 8:50:48 AM entity.ConfigWorkplace select
INFOS: FROM ConfigWorkplace bp ORDER BY workplace ASC
oct. 19, 2017 8:50:52 AM entity.ConfigSegment select
INFOS: FROM ConfigSegment bp ORDER BY segment ASC
oct. 19, 2017 8:50:52 AM entity.ConfigWorkplace select
INFOS: FROM ConfigWorkplace bp ORDER BY workplace ASC
oct. 19, 2017 8:50:54 AM entity.ConfigSegment select
INFOS: FROM ConfigSegment bp ORDER BY segment ASC
oct. 19, 2017 8:50:54 AM entity.ConfigWorkplace select
INFOS: FROM ConfigWorkplace bp ORDER BY workplace ASC
oct. 19, 2017 8:50:54 AM entity.ConfigSegment select
INFOS: FROM ConfigSegment bp ORDER BY segment ASC
oct. 19, 2017 8:50:54 AM entity.ConfigWorkplace select
INFOS: FROM ConfigWorkplace bp ORDER BY workplace ASC
oct. 19, 2017 8:51:08 AM entity.ConfigSegment select
INFOS: FROM ConfigSegment bp ORDER BY segment ASC
oct. 19, 2017 8:51:08 AM entity.ConfigWorkplace select
INFOS: FROM ConfigWorkplace bp ORDER BY workplace ASC
oct. 19, 2017 8:51:10 AM entity.ConfigSegment select
INFOS: FROM ConfigSegment bp ORDER BY segment ASC
oct. 19, 2017 8:51:10 AM entity.ConfigWorkplace select
INFOS: FROM ConfigWorkplace bp ORDER BY workplace ASC
oct. 19, 2017 8:51:10 AM entity.ConfigSegment select
INFOS: FROM ConfigSegment bp ORDER BY segment ASC
oct. 19, 2017 8:51:10 AM entity.ConfigWorkplace select
INFOS: FROM ConfigWorkplace bp ORDER BY workplace ASC
oct. 19, 2017 8:51:11 AM entity.ConfigSegment select
INFOS: FROM ConfigSegment bp ORDER BY segment ASC
oct. 19, 2017 8:51:11 AM entity.ConfigWorkplace select
INFOS: FROM ConfigWorkplace bp ORDER BY workplace ASC
oct. 19, 2017 8:51:11 AM entity.ConfigSegment select
INFOS: FROM ConfigSegment bp ORDER BY segment ASC
oct. 19, 2017 8:51:11 AM entity.ConfigWorkplace select
INFOS: FROM ConfigWorkplace bp ORDER BY workplace ASC
oct. 19, 2017 8:51:11 AM entity.ConfigSegment select
INFOS: FROM ConfigSegment bp ORDER BY segment ASC
oct. 19, 2017 8:51:11 AM entity.ConfigWorkplace select
INFOS: FROM ConfigWorkplace bp ORDER BY workplace ASC
oct. 19, 2017 8:51:14 AM entity.ConfigSegment select
INFOS: FROM ConfigSegment bp ORDER BY segment ASC
oct. 19, 2017 8:51:14 AM entity.ConfigWorkplace select
INFOS: FROM ConfigWorkplace bp ORDER BY workplace ASC
oct. 19, 2017 10:25:31 AM entity.ConfigSegment select
INFOS: FROM ConfigSegment bp ORDER BY segment ASC
oct. 19, 2017 10:25:32 AM entity.ConfigSegment select
INFOS: FROM ConfigSegment bp ORDER BY segment ASC
oct. 19, 2017 10:25:32 AM entity.ConfigWorkplace select
INFOS: FROM ConfigWorkplace bp ORDER BY workplace ASC
oct. 19, 2017 10:25:35 AM entity.ConfigSegment select
INFOS: FROM ConfigSegment bp ORDER BY segment ASC
oct. 19, 2017 10:25:35 AM entity.ConfigWorkplace select
INFOS: FROM ConfigWorkplace bp ORDER BY workplace ASC
oct. 19, 2017 10:25:38 AM entity.ConfigSegment select
INFOS: FROM ConfigSegment bp ORDER BY segment ASC
oct. 19, 2017 10:25:38 AM entity.ConfigWorkplace select
INFOS: FROM ConfigWorkplace bp ORDER BY workplace ASC
oct. 19, 2017 11:09:49 AM entity.ConfigSegment select
INFOS: FROM ConfigSegment bp ORDER BY segment ASC
oct. 19, 2017 11:09:52 AM entity.ConfigSegment select
INFOS: FROM ConfigSegment bp ORDER BY segment ASC
oct. 19, 2017 11:09:52 AM entity.ConfigWorkplace select
INFOS: FROM ConfigWorkplace bp ORDER BY workplace ASC
oct. 19, 2017 11:09:53 AM entity.ConfigSegment select
INFOS: FROM ConfigSegment bp ORDER BY segment ASC
oct. 19, 2017 11:09:53 AM entity.ConfigWorkplace select
INFOS: FROM ConfigWorkplace bp ORDER BY workplace ASC
oct. 19, 2017 11:09:53 AM entity.ConfigSegment select
INFOS: FROM ConfigSegment bp ORDER BY segment ASC
oct. 19, 2017 11:09:53 AM entity.ConfigWorkplace select
INFOS: FROM ConfigWorkplace bp ORDER BY workplace ASC
oct. 19, 2017 11:09:53 AM entity.ConfigSegment select
INFOS: FROM ConfigSegment bp ORDER BY segment ASC
oct. 19, 2017 11:09:53 AM entity.ConfigWorkplace select
INFOS: FROM ConfigWorkplace bp ORDER BY workplace ASC
oct. 19, 2017 11:09:54 AM entity.ConfigSegment select
INFOS: FROM ConfigSegment bp ORDER BY segment ASC
oct. 19, 2017 11:09:54 AM entity.ConfigWorkplace select
INFOS: FROM ConfigWorkplace bp ORDER BY workplace ASC
oct. 19, 2017 11:09:55 AM entity.ConfigSegment select
INFOS: FROM ConfigSegment bp ORDER BY segment ASC
oct. 19, 2017 11:09:55 AM entity.ConfigWorkplace select
INFOS: FROM ConfigWorkplace bp ORDER BY workplace ASC
oct. 19, 2017 11:15:59 AM entity.ConfigSegment select
INFOS: FROM ConfigSegment bp ORDER BY segment ASC
oct. 19, 2017 11:15:59 AM entity.ConfigSegment select
INFOS: FROM ConfigSegment bp ORDER BY segment ASC
oct. 19, 2017 11:15:59 AM entity.ConfigWorkplace select
INFOS: FROM ConfigWorkplace bp ORDER BY workplace ASC
oct. 19, 2017 11:16:33 AM entity.ConfigSegment select
INFOS: FROM ConfigSegment bp ORDER BY segment ASC
oct. 19, 2017 11:16:36 AM entity.ConfigSegment select
INFOS: FROM ConfigSegment bp ORDER BY segment ASC
oct. 19, 2017 11:16:36 AM entity.ConfigWorkplace select
INFOS: FROM ConfigWorkplace bp ORDER BY workplace ASC
oct. 19, 2017 11:16:37 AM entity.ConfigSegment select
INFOS: FROM ConfigSegment bp ORDER BY segment ASC
oct. 19, 2017 11:16:37 AM entity.ConfigWorkplace select
INFOS: FROM ConfigWorkplace bp ORDER BY workplace ASC
oct. 19, 2017 11:16:37 AM entity.ConfigSegment select
INFOS: FROM ConfigSegment bp ORDER BY segment ASC
oct. 19, 2017 11:16:37 AM entity.ConfigWorkplace select
INFOS: FROM ConfigWorkplace bp ORDER BY workplace ASC
oct. 19, 2017 11:16:39 AM entity.ConfigSegment select
INFOS: FROM ConfigSegment bp ORDER BY segment ASC
oct. 19, 2017 11:16:39 AM entity.ConfigWorkplace select
INFOS: FROM ConfigWorkplace bp ORDER BY workplace ASC
oct. 19, 2017 11:26:42 AM entity.ConfigSegment select
INFOS: FROM ConfigSegment bp ORDER BY segment ASC
oct. 19, 2017 11:26:45 AM entity.ConfigSegment select
INFOS: FROM ConfigSegment bp ORDER BY segment ASC
oct. 19, 2017 11:26:45 AM entity.ConfigWorkplace select
INFOS: FROM ConfigWorkplace bp ORDER BY workplace ASC
oct. 19, 2017 11:26:45 AM entity.ConfigSegment select
INFOS: FROM ConfigSegment bp ORDER BY segment ASC
oct. 19, 2017 11:26:45 AM entity.ConfigWorkplace select
INFOS: FROM ConfigWorkplace bp ORDER BY workplace ASC
oct. 19, 2017 11:26:46 AM entity.ConfigSegment select
INFOS: FROM ConfigSegment bp ORDER BY segment ASC
oct. 19, 2017 11:26:46 AM entity.ConfigWorkplace select
INFOS: FROM ConfigWorkplace bp ORDER BY workplace ASC
oct. 19, 2017 11:26:46 AM entity.ConfigSegment select
INFOS: FROM ConfigSegment bp ORDER BY segment ASC
oct. 19, 2017 11:26:46 AM entity.ConfigWorkplace select
INFOS: FROM ConfigWorkplace bp ORDER BY workplace ASC
oct. 19, 2017 11:26:46 AM entity.ConfigSegment select
INFOS: FROM ConfigSegment bp ORDER BY segment ASC
oct. 19, 2017 11:26:46 AM entity.ConfigWorkplace select
INFOS: FROM ConfigWorkplace bp ORDER BY workplace ASC
oct. 19, 2017 11:41:02 AM entity.ConfigSegment select
INFOS: FROM ConfigSegment bp ORDER BY segment ASC
oct. 19, 2017 12:08:33 PM entity.ConfigSegment select
INFOS: FROM ConfigSegment bp ORDER BY segment ASC
oct. 19, 2017 12:08:35 PM entity.ConfigSegment select
INFOS: FROM ConfigSegment bp ORDER BY segment ASC
oct. 19, 2017 12:08:35 PM entity.ConfigWorkplace select
INFOS: FROM ConfigWorkplace bp ORDER BY workplace ASC
oct. 19, 2017 12:08:38 PM entity.ConfigSegment select
INFOS: FROM ConfigSegment bp ORDER BY segment ASC
oct. 19, 2017 12:08:38 PM entity.ConfigWorkplace select
INFOS: FROM ConfigWorkplace bp ORDER BY workplace ASC
oct. 19, 2017 12:08:40 PM entity.ConfigSegment select
INFOS: FROM ConfigSegment bp ORDER BY segment ASC
oct. 19, 2017 12:08:40 PM entity.ConfigWorkplace select
INFOS: FROM ConfigWorkplace bp ORDER BY workplace ASC
oct. 19, 2017 12:09:30 PM entity.ConfigSegment select
INFOS: FROM ConfigSegment bp ORDER BY segment ASC
oct. 19, 2017 12:09:30 PM entity.ConfigWorkplace select
INFOS: FROM ConfigWorkplace bp ORDER BY workplace ASC
oct. 19, 2017 12:32:55 PM entity.ConfigSegment select
INFOS: FROM ConfigSegment bp ORDER BY segment ASC
oct. 19, 2017 12:32:57 PM entity.ConfigSegment select
INFOS: FROM ConfigSegment bp ORDER BY segment ASC
oct. 19, 2017 12:32:57 PM entity.ConfigWorkplace select
INFOS: FROM ConfigWorkplace bp ORDER BY workplace ASC
oct. 19, 2017 12:32:57 PM entity.ConfigSegment select
INFOS: FROM ConfigSegment bp ORDER BY segment ASC
oct. 19, 2017 12:32:57 PM entity.ConfigWorkplace select
INFOS: FROM ConfigWorkplace bp ORDER BY workplace ASC
oct. 19, 2017 12:43:18 PM entity.ConfigSegment select
INFOS: FROM ConfigSegment bp ORDER BY segment ASC
oct. 19, 2017 12:43:19 PM entity.ConfigSegment select
INFOS: FROM ConfigSegment bp ORDER BY segment ASC
oct. 19, 2017 12:43:19 PM entity.ConfigWorkplace select
INFOS: FROM ConfigWorkplace bp ORDER BY workplace ASC
oct. 19, 2017 12:43:19 PM entity.ConfigSegment select
INFOS: FROM ConfigSegment bp ORDER BY segment ASC
oct. 19, 2017 12:43:19 PM entity.ConfigWorkplace select
INFOS: FROM ConfigWorkplace bp ORDER BY workplace ASC
oct. 19, 2017 12:44:28 PM entity.ConfigSegment select
INFOS: FROM ConfigSegment bp ORDER BY segment ASC
oct. 19, 2017 12:45:48 PM entity.ConfigSegment select
INFOS: FROM ConfigSegment bp ORDER BY segment ASC
oct. 19, 2017 12:45:49 PM entity.ConfigSegment select
INFOS: FROM ConfigSegment bp ORDER BY segment ASC
oct. 19, 2017 12:45:49 PM entity.ConfigWorkplace select
INFOS: FROM ConfigWorkplace bp ORDER BY workplace ASC
oct. 19, 2017 12:53:57 PM entity.ConfigSegment select
INFOS: FROM ConfigSegment bp ORDER BY segment ASC
oct. 19, 2017 12:53:57 PM entity.ConfigWorkplace select
INFOS: FROM ConfigWorkplace bp ORDER BY workplace ASC
oct. 19, 2017 12:53:58 PM entity.ConfigSegment select
INFOS: FROM ConfigSegment bp ORDER BY segment ASC
oct. 19, 2017 12:53:58 PM entity.ConfigWorkplace select
INFOS: FROM ConfigWorkplace bp ORDER BY workplace ASC
oct. 19, 2017 12:53:58 PM entity.ConfigSegment select
INFOS: FROM ConfigSegment bp ORDER BY segment ASC
oct. 19, 2017 12:53:58 PM entity.ConfigWorkplace select
INFOS: FROM ConfigWorkplace bp ORDER BY workplace ASC
oct. 19, 2017 12:53:58 PM entity.ConfigSegment select
INFOS: FROM ConfigSegment bp ORDER BY segment ASC
oct. 19, 2017 12:53:58 PM entity.ConfigWorkplace select
INFOS: FROM ConfigWorkplace bp ORDER BY workplace ASC
oct. 19, 2017 12:54:02 PM entity.ConfigSegment select
INFOS: FROM ConfigSegment bp ORDER BY segment ASC
oct. 19, 2017 12:54:02 PM entity.ConfigWorkplace select
INFOS: FROM ConfigWorkplace bp ORDER BY workplace ASC
oct. 19, 2017 12:54:02 PM entity.ConfigSegment select
INFOS: FROM ConfigSegment bp ORDER BY segment ASC
oct. 19, 2017 12:54:02 PM entity.ConfigWorkplace select
INFOS: FROM ConfigWorkplace bp ORDER BY workplace ASC
oct. 19, 2017 12:54:02 PM entity.ConfigSegment select
INFOS: FROM ConfigSegment bp ORDER BY segment ASC
oct. 19, 2017 12:54:02 PM entity.ConfigWorkplace select
INFOS: FROM ConfigWorkplace bp ORDER BY workplace ASC
oct. 19, 2017 12:54:02 PM entity.ConfigSegment select
INFOS: FROM ConfigSegment bp ORDER BY segment ASC
oct. 19, 2017 12:54:02 PM entity.ConfigWorkplace select
INFOS: FROM ConfigWorkplace bp ORDER BY workplace ASC
oct. 19, 2017 12:54:02 PM entity.ConfigSegment select
INFOS: FROM ConfigSegment bp ORDER BY segment ASC
oct. 19, 2017 12:54:02 PM entity.ConfigWorkplace select
INFOS: FROM ConfigWorkplace bp ORDER BY workplace ASC
oct. 19, 2017 12:54:02 PM entity.ConfigSegment select
INFOS: FROM ConfigSegment bp ORDER BY segment ASC
oct. 19, 2017 12:54:02 PM entity.ConfigWorkplace select
INFOS: FROM ConfigWorkplace bp ORDER BY workplace ASC
oct. 19, 2017 12:54:03 PM entity.ConfigSegment select
INFOS: FROM ConfigSegment bp ORDER BY segment ASC
oct. 19, 2017 12:54:03 PM entity.ConfigWorkplace select
INFOS: FROM ConfigWorkplace bp ORDER BY workplace ASC
oct. 19, 2017 12:54:03 PM entity.ConfigSegment select
INFOS: FROM ConfigSegment bp ORDER BY segment ASC
oct. 19, 2017 12:54:03 PM entity.ConfigWorkplace select
INFOS: FROM ConfigWorkplace bp ORDER BY workplace ASC
oct. 19, 2017 12:54:03 PM entity.ConfigSegment select
INFOS: FROM ConfigSegment bp ORDER BY segment ASC
oct. 19, 2017 12:54:03 PM entity.ConfigWorkplace select
INFOS: FROM ConfigWorkplace bp ORDER BY workplace ASC
oct. 19, 2017 12:57:33 PM entity.ConfigSegment select
INFOS: FROM ConfigSegment bp ORDER BY segment ASC
oct. 19, 2017 12:57:35 PM entity.ConfigSegment select
INFOS: FROM ConfigSegment bp ORDER BY segment ASC
oct. 19, 2017 12:57:35 PM entity.ConfigWorkplace select
INFOS: FROM ConfigWorkplace bp ORDER BY workplace ASC
oct. 19, 2017 12:57:35 PM entity.ConfigSegment select
INFOS: FROM ConfigSegment bp ORDER BY segment ASC
oct. 19, 2017 12:57:35 PM entity.ConfigWorkplace select
INFOS: FROM ConfigWorkplace bp ORDER BY workplace ASC
oct. 19, 2017 12:57:36 PM entity.ConfigSegment select
INFOS: FROM ConfigSegment bp ORDER BY segment ASC
oct. 19, 2017 12:57:36 PM entity.ConfigWorkplace select
INFOS: FROM ConfigWorkplace bp ORDER BY workplace ASC
oct. 19, 2017 12:57:36 PM entity.ConfigSegment select
INFOS: FROM ConfigSegment bp ORDER BY segment ASC
oct. 19, 2017 12:57:36 PM entity.ConfigWorkplace select
INFOS: FROM ConfigWorkplace bp ORDER BY workplace ASC
oct. 19, 2017 12:57:36 PM entity.ConfigSegment select
INFOS: FROM ConfigSegment bp ORDER BY segment ASC
oct. 19, 2017 12:57:36 PM entity.ConfigWorkplace select
INFOS: FROM ConfigWorkplace bp ORDER BY workplace ASC
oct. 19, 2017 12:57:36 PM entity.ConfigSegment select
INFOS: FROM ConfigSegment bp ORDER BY segment ASC
oct. 19, 2017 12:57:36 PM entity.ConfigWorkplace select
INFOS: FROM ConfigWorkplace bp ORDER BY workplace ASC
oct. 19, 2017 12:57:36 PM entity.ConfigSegment select
INFOS: FROM ConfigSegment bp ORDER BY segment ASC
oct. 19, 2017 12:57:36 PM entity.ConfigWorkplace select
INFOS: FROM ConfigWorkplace bp ORDER BY workplace ASC
oct. 19, 2017 12:57:37 PM entity.ConfigSegment select
INFOS: FROM ConfigSegment bp ORDER BY segment ASC
oct. 19, 2017 12:57:37 PM entity.ConfigWorkplace select
INFOS: FROM ConfigWorkplace bp ORDER BY workplace ASC
oct. 19, 2017 12:57:37 PM entity.ConfigSegment select
INFOS: FROM ConfigSegment bp ORDER BY segment ASC
oct. 19, 2017 12:57:37 PM entity.ConfigWorkplace select
INFOS: FROM ConfigWorkplace bp ORDER BY workplace ASC
oct. 19, 2017 12:57:38 PM entity.ConfigSegment select
INFOS: FROM ConfigSegment bp ORDER BY segment ASC
oct. 19, 2017 12:57:38 PM entity.ConfigWorkplace select
INFOS: FROM ConfigWorkplace bp ORDER BY workplace ASC
oct. 19, 2017 1:22:41 PM entity.ConfigSegment select
INFOS: FROM ConfigSegment bp ORDER BY segment ASC
oct. 19, 2017 1:22:43 PM entity.ConfigSegment select
INFOS: FROM ConfigSegment bp ORDER BY segment ASC
oct. 19, 2017 1:22:43 PM entity.ConfigWorkplace select
INFOS: FROM ConfigWorkplace bp ORDER BY workplace ASC
oct. 19, 2017 1:22:45 PM entity.ConfigSegment select
INFOS: FROM ConfigSegment bp ORDER BY segment ASC
oct. 19, 2017 1:22:45 PM entity.ConfigWorkplace select
INFOS: FROM ConfigWorkplace bp ORDER BY workplace ASC
oct. 19, 2017 1:22:47 PM entity.ConfigSegment select
INFOS: FROM ConfigSegment bp ORDER BY segment ASC
oct. 19, 2017 1:22:47 PM entity.ConfigWorkplace select
INFOS: FROM ConfigWorkplace bp ORDER BY workplace ASC
oct. 19, 2017 1:42:18 PM entity.ConfigSegment select
INFOS: FROM ConfigSegment bp ORDER BY segment ASC
oct. 19, 2017 1:42:18 PM entity.ConfigSegment select
INFOS: FROM ConfigSegment bp ORDER BY segment ASC
oct. 19, 2017 1:42:18 PM entity.ConfigWorkplace select
INFOS: FROM ConfigWorkplace bp ORDER BY workplace ASC
oct. 19, 2017 3:25:42 PM gui.packaging.state.S010_UserCodeScan doAction
INFOS: Invalid matricule number or account locked !
oct. 19, 2017 3:25:46 PM gui.packaging.PACKAGING_UI0002_PasswordRequest connect
INFOS: User EZZIOURI OUSSAMA / ezou1001 connected to host WSMA7040 at 2017-10-19 15:25:46 Project : MDEP.
oct. 19, 2017 3:25:46 PM gui.packaging.PACKAGING_UI0002_PasswordRequest loadDotMatrixCodePatterns
INFOS: FROM ConfigBarcode cb WHERE cb.keyWord = :keyWord AND cb.harness_type = :harnessType ORDER BY id ASC
oct. 19, 2017 3:25:46 PM gui.packaging.PACKAGING_UI0002_PasswordRequest loadPartNumberCodePatterns
INFOS: FROM ConfigBarcode cb WHERE cb.keyWord = :keyWord AND cb.harness_type = :harnessType ORDER BY id ASC
oct. 19, 2017 3:25:50 PM entity.ConfigSegment select
INFOS: FROM ConfigSegment bp ORDER BY segment ASC
oct. 19, 2017 3:26:19 PM gui.packaging.PACKAGING_UI9001_DropContainerConfirmation ok_btnActionPerformed
INFOS: Droping harness list...24
oct. 19, 2017 3:26:31 PM gui.packaging.PACKAGING_UI9001_DropContainerConfirmation ok_btnActionPerformed
INFOS: Droping harness list...24
oct. 19, 2017 3:26:42 PM gui.packaging.PACKAGING_UI9001_DropContainerConfirmation ok_btnActionPerformed
INFOS: Droping harness list...24
oct. 19, 2017 3:26:57 PM gui.packaging.PACKAGING_UI9001_DropContainerConfirmation ok_btnActionPerformed
INFOS: Droping harness list...24
oct. 19, 2017 3:27:08 PM gui.packaging.PACKAGING_UI9001_DropContainerConfirmation ok_btnActionPerformed
INFOS: Droping harness list...23
oct. 19, 2017 3:27:28 PM gui.packaging.PACKAGING_UI9001_DropContainerConfirmation ok_btnActionPerformed
INFOS: Droping harness list...23
oct. 19, 2017 3:27:53 PM gui.packaging.PACKAGING_UI9001_DropContainerConfirmation ok_btnActionPerformed
INFOS: Droping harness list...23
oct. 19, 2017 4:03:57 PM entity.ConfigSegment select
INFOS: FROM ConfigSegment bp ORDER BY segment ASC
oct. 19, 2017 4:04:24 PM entity.ConfigSegment select
INFOS: FROM ConfigSegment bp ORDER BY segment ASC
oct. 20, 2017 8:22:30 AM entity.ConfigSegment select
INFOS: FROM ConfigSegment bp ORDER BY segment ASC
oct. 20, 2017 8:22:30 AM entity.ConfigSegment select
INFOS: FROM ConfigSegment bp ORDER BY segment ASC
oct. 20, 2017 8:22:30 AM entity.ConfigWorkplace select
INFOS: FROM ConfigWorkplace bp ORDER BY workplace ASC
oct. 20, 2017 8:22:37 AM entity.ConfigSegment select
INFOS: FROM ConfigSegment bp ORDER BY segment ASC
oct. 20, 2017 8:22:37 AM entity.ConfigWorkplace select
INFOS: FROM ConfigWorkplace bp ORDER BY workplace ASC
oct. 20, 2017 8:22:37 AM entity.ConfigSegment select
INFOS: FROM ConfigSegment bp ORDER BY segment ASC
oct. 20, 2017 8:22:37 AM entity.ConfigWorkplace select
INFOS: FROM ConfigWorkplace bp ORDER BY workplace ASC
oct. 20, 2017 8:22:51 AM entity.ConfigSegment select
INFOS: FROM ConfigSegment bp ORDER BY segment ASC
oct. 20, 2017 8:22:51 AM entity.ConfigSegment select
INFOS: FROM ConfigSegment bp ORDER BY segment ASC
oct. 20, 2017 8:22:51 AM entity.ConfigWorkplace select
INFOS: FROM ConfigWorkplace bp ORDER BY workplace ASC
oct. 20, 2017 8:22:58 AM entity.ConfigSegment select
INFOS: FROM ConfigSegment bp ORDER BY segment ASC
oct. 20, 2017 8:22:58 AM entity.ConfigWorkplace select
INFOS: FROM ConfigWorkplace bp ORDER BY workplace ASC
oct. 20, 2017 8:22:58 AM entity.ConfigSegment select
INFOS: FROM ConfigSegment bp ORDER BY segment ASC
oct. 20, 2017 8:22:58 AM entity.ConfigWorkplace select
INFOS: FROM ConfigWorkplace bp ORDER BY workplace ASC
oct. 20, 2017 8:28:13 AM entity.ConfigSegment select
INFOS: FROM ConfigSegment bp ORDER BY segment ASC
oct. 20, 2017 8:28:13 AM entity.ConfigWorkplace select
INFOS: FROM ConfigWorkplace bp ORDER BY workplace ASC
oct. 20, 2017 10:22:36 AM entity.ConfigSegment select
INFOS: FROM ConfigSegment bp ORDER BY segment ASC
oct. 20, 2017 10:33:06 AM entity.ConfigSegment select
INFOS: FROM ConfigSegment bp ORDER BY segment ASC
oct. 20, 2017 12:00:58 PM gui.packaging.state.S010_UserCodeScan doAction
INFOS: Invalid matricule number or account locked !
oct. 20, 2017 12:01:01 PM gui.packaging.PACKAGING_UI0002_PasswordRequest connect
INFOS: User EZZIOURI OUSSAMA / ezou1001 connected to host WSMA7040 at 2017-10-20 12:01:01 Project : MDEP.
oct. 20, 2017 12:01:01 PM gui.packaging.PACKAGING_UI0002_PasswordRequest loadDotMatrixCodePatterns
INFOS: FROM ConfigBarcode cb WHERE cb.keyWord = :keyWord AND cb.harness_type = :harnessType ORDER BY id ASC
oct. 20, 2017 12:01:01 PM gui.packaging.PACKAGING_UI0002_PasswordRequest loadPartNumberCodePatterns
INFOS: FROM ConfigBarcode cb WHERE cb.keyWord = :keyWord AND cb.harness_type = :harnessType ORDER BY id ASC
oct. 20, 2017 12:01:06 PM entity.ConfigSegment select
INFOS: FROM ConfigSegment bp ORDER BY segment ASC
oct. 20, 2017 12:01:08 PM entity.ConfigSegment select
INFOS: FROM ConfigSegment bp ORDER BY segment ASC
oct. 20, 2017 12:01:08 PM entity.ConfigWorkplace select
INFOS: FROM ConfigWorkplace bp ORDER BY workplace ASC
oct. 20, 2017 12:01:14 PM entity.ConfigSegment select
INFOS: FROM ConfigSegment bp ORDER BY segment ASC
oct. 20, 2017 12:01:14 PM entity.ConfigWorkplace select
INFOS: FROM ConfigWorkplace bp ORDER BY workplace ASC
oct. 20, 2017 12:03:13 PM gui.packaging.PACKAGING_UI9001_DropContainerConfirmation ok_btnActionPerformed
INFOS: Droping harness list...23
