mai 06, 2017 12:02:26 AM helper.Helper InitDailyDestPrintDir
INFOS: Print directory [.\print\2017_05_06] is created!
Print sub directory [.\print\2017_05_06.\open_sheet] is created!
Print sub directory [.\print\2017_05_06.\closing_sheet] is created!
Print sub directory [.\print\2017_05_06.\picking_label] is created!
Print sub directory [.\print\2017_05_06.\dispatch_label] is created!

mai 06, 2017 12:02:42 AM gui.warehouse_dispatch.WAREHOUSE_DISPATCH_UI0003_PasswordRequest connect
INFOS: User Admin   / 9999 connected to host O-EZZIOURI at 2017-05-06 00:02:42 Dispatch interface : .
mai 06, 2017 12:03:55 AM helper.Helper InitDailyDestPrintDir
INFOS: Print directory [.\print\2017_05_06] already exist!
Print sub directory [.\print\2017_05_06.\open_sheet] already exist!
Print sub directory [.\print\2017_05_06.\closing_sheet] already exist!
Print sub directory [.\print\2017_05_06.\picking_label] already exist!
Print sub directory [.\print\2017_05_06.\dispatch_label] already exist!

mai 06, 2017 12:04:07 AM gui.warehouse_dispatch.WAREHOUSE_DISPATCH_UI0003_PasswordRequest connect
INFOS: User Admin   / 9999 connected to host O-EZZIOURI at 2017-05-06 00:04:07 Dispatch interface : .
mai 06, 2017 12:04:55 AM helper.Helper InitDailyDestPrintDir
INFOS: Print directory [.\print\2017_05_06] already exist!
Print sub directory [.\print\2017_05_06.\open_sheet] already exist!
Print sub directory [.\print\2017_05_06.\closing_sheet] already exist!
Print sub directory [.\print\2017_05_06.\picking_label] already exist!
Print sub directory [.\print\2017_05_06.\dispatch_label] already exist!

mai 06, 2017 12:05:00 AM gui.warehouse_dispatch.WAREHOUSE_DISPATCH_UI0003_PasswordRequest connect
INFOS: User Admin   / 9999 connected to host O-EZZIOURI at 2017-05-06 00:05:00 Dispatch interface : .
mai 06, 2017 12:12:36 AM helper.Helper InitDailyDestPrintDir
INFOS: Print directory [.\print\2017_05_06] already exist!
Print sub directory [.\print\2017_05_06.\open_sheet] already exist!
Print sub directory [.\print\2017_05_06.\closing_sheet] already exist!
Print sub directory [.\print\2017_05_06.\picking_label] already exist!
Print sub directory [.\print\2017_05_06.\dispatch_label] already exist!

mai 06, 2017 12:12:42 AM gui.warehouse_dispatch.WAREHOUSE_DISPATCH_UI0003_PasswordRequest connect
INFOS: User Admin   / 9999 connected to host O-EZZIOURI at 2017-05-06 00:12:42 Dispatch interface : .
mai 06, 2017 12:26:59 AM helper.Helper InitDailyDestPrintDir
INFOS: Print directory [.\print\2017_05_06] already exist!
Print sub directory [.\print\2017_05_06.\open_sheet] already exist!
Print sub directory [.\print\2017_05_06.\closing_sheet] already exist!
Print sub directory [.\print\2017_05_06.\picking_label] already exist!
Print sub directory [.\print\2017_05_06.\dispatch_label] already exist!

mai 06, 2017 12:27:41 AM gui.warehouse_dispatch.WAREHOUSE_DISPATCH_UI0003_PasswordRequest connect
INFOS: User Admin   / 9999 connected to host O-EZZIOURI at 2017-05-06 00:27:41 Dispatch interface : .
mai 06, 2017 12:32:50 AM helper.Helper InitDailyDestPrintDir
INFOS: Print directory [.\print\2017_05_06] already exist!
Print sub directory [.\print\2017_05_06.\open_sheet] already exist!
Print sub directory [.\print\2017_05_06.\closing_sheet] already exist!
Print sub directory [.\print\2017_05_06.\picking_label] already exist!
Print sub directory [.\print\2017_05_06.\dispatch_label] already exist!

mai 06, 2017 12:33:35 AM gui.warehouse_dispatch.WAREHOUSE_DISPATCH_UI0003_PasswordRequest connect
INFOS: User Admin   / 9999 connected to host O-EZZIOURI at 2017-05-06 00:33:35 Dispatch interface : .
mai 06, 2017 12:35:10 AM helper.Helper InitDailyDestPrintDir
INFOS: Print directory [.\print\2017_05_06] already exist!
Print sub directory [.\print\2017_05_06.\open_sheet] already exist!
Print sub directory [.\print\2017_05_06.\closing_sheet] already exist!
Print sub directory [.\print\2017_05_06.\picking_label] already exist!
Print sub directory [.\print\2017_05_06.\dispatch_label] already exist!

mai 06, 2017 12:35:17 AM gui.warehouse_dispatch.WAREHOUSE_DISPATCH_UI0003_PasswordRequest connect
INFOS: User Admin   / 9999 connected to host O-EZZIOURI at 2017-05-06 00:35:17 Dispatch interface : .
mai 06, 2017 12:38:47 AM helper.Helper InitDailyDestPrintDir
INFOS: Print directory [.\print\2017_05_06] already exist!
Print sub directory [.\print\2017_05_06.\open_sheet] already exist!
Print sub directory [.\print\2017_05_06.\closing_sheet] already exist!
Print sub directory [.\print\2017_05_06.\picking_label] already exist!
Print sub directory [.\print\2017_05_06.\dispatch_label] already exist!

mai 06, 2017 12:41:30 AM gui.warehouse_dispatch.WAREHOUSE_DISPATCH_UI0003_PasswordRequest connect
INFOS: User Admin   / 9999 connected to host O-EZZIOURI at 2017-05-06 00:41:30 Dispatch interface : .
mai 06, 2017 12:42:30 AM helper.Helper InitDailyDestPrintDir
INFOS: Print directory [.\print\2017_05_06] already exist!
Print sub directory [.\print\2017_05_06.\open_sheet] already exist!
Print sub directory [.\print\2017_05_06.\closing_sheet] already exist!
Print sub directory [.\print\2017_05_06.\picking_label] already exist!
Print sub directory [.\print\2017_05_06.\dispatch_label] already exist!

mai 06, 2017 12:42:36 AM gui.warehouse_dispatch.WAREHOUSE_DISPATCH_UI0003_PasswordRequest connect
INFOS: User Admin   / 9999 connected to host O-EZZIOURI at 2017-05-06 00:42:36 Dispatch interface : .
mai 06, 2017 12:44:20 AM helper.Helper InitDailyDestPrintDir
INFOS: Print directory [.\print\2017_05_06] already exist!
Print sub directory [.\print\2017_05_06.\open_sheet] already exist!
Print sub directory [.\print\2017_05_06.\closing_sheet] already exist!
Print sub directory [.\print\2017_05_06.\picking_label] already exist!
Print sub directory [.\print\2017_05_06.\dispatch_label] already exist!

mai 06, 2017 12:44:43 AM gui.warehouse_dispatch.WAREHOUSE_DISPATCH_UI0003_PasswordRequest connect
INFOS: User Admin   / 9999 connected to host O-EZZIOURI at 2017-05-06 00:44:43 Dispatch interface : .
mai 06, 2017 12:46:07 AM helper.Helper InitDailyDestPrintDir
INFOS: Print directory [.\print\2017_05_06] already exist!
Print sub directory [.\print\2017_05_06.\open_sheet] already exist!
Print sub directory [.\print\2017_05_06.\closing_sheet] already exist!
Print sub directory [.\print\2017_05_06.\picking_label] already exist!
Print sub directory [.\print\2017_05_06.\dispatch_label] already exist!

mai 06, 2017 12:46:11 AM gui.warehouse_dispatch.WAREHOUSE_DISPATCH_UI0003_PasswordRequest connect
INFOS: User Admin   / 9999 connected to host O-EZZIOURI at 2017-05-06 00:46:11 Dispatch interface : .
mai 06, 2017 8:27:06 AM helper.Helper InitDailyDestPrintDir
INFOS: Print directory [.\print\2017_05_06] already exist!
Print sub directory [.\print\2017_05_06.\open_sheet] already exist!
Print sub directory [.\print\2017_05_06.\closing_sheet] already exist!
Print sub directory [.\print\2017_05_06.\picking_label] already exist!
Print sub directory [.\print\2017_05_06.\dispatch_label] already exist!

mai 06, 2017 8:27:22 AM gui.warehouse_dispatch.WAREHOUSE_DISPATCH_UI0003_PasswordRequest connect
INFOS: User Admin   / 9999 connected to host O-EZZIOURI at 2017-05-06 08:27:22 Dispatch interface : .
mai 06, 2017 8:41:13 AM helper.Helper InitDailyDestPrintDir
INFOS: Print directory [.\print\2017_05_06] already exist!
Print sub directory [.\print\2017_05_06.\open_sheet] already exist!
Print sub directory [.\print\2017_05_06.\closing_sheet] already exist!
Print sub directory [.\print\2017_05_06.\picking_label] already exist!
Print sub directory [.\print\2017_05_06.\dispatch_label] already exist!

mai 06, 2017 8:41:33 AM gui.warehouse_dispatch.WAREHOUSE_DISPATCH_UI0003_PasswordRequest connect
INFOS: User Admin   / 9999 connected to host O-EZZIOURI at 2017-05-06 08:41:33 Dispatch interface : .
mai 06, 2017 8:49:56 AM helper.Helper InitDailyDestPrintDir
INFOS: Print directory [.\print\2017_05_06] already exist!
Print sub directory [.\print\2017_05_06.\open_sheet] already exist!
Print sub directory [.\print\2017_05_06.\closing_sheet] already exist!
Print sub directory [.\print\2017_05_06.\picking_label] already exist!
Print sub directory [.\print\2017_05_06.\dispatch_label] already exist!

mai 06, 2017 8:50:00 AM gui.warehouse_dispatch.WAREHOUSE_DISPATCH_UI0003_PasswordRequest connect
INFOS: User Admin   / 9999 connected to host O-EZZIOURI at 2017-05-06 08:50:00 Dispatch interface : .
mai 06, 2017 8:50:40 AM helper.Helper InitDailyDestPrintDir
INFOS: Print directory [.\print\2017_05_06] already exist!
Print sub directory [.\print\2017_05_06.\open_sheet] already exist!
Print sub directory [.\print\2017_05_06.\closing_sheet] already exist!
Print sub directory [.\print\2017_05_06.\picking_label] already exist!
Print sub directory [.\print\2017_05_06.\dispatch_label] already exist!

mai 06, 2017 8:50:45 AM gui.warehouse_dispatch.WAREHOUSE_DISPATCH_UI0003_PasswordRequest connect
INFOS: User Admin   / 9999 connected to host O-EZZIOURI at 2017-05-06 08:50:45 Dispatch interface : .
mai 06, 2017 8:51:19 AM helper.Helper InitDailyDestPrintDir
INFOS: Print directory [.\print\2017_05_06] already exist!
Print sub directory [.\print\2017_05_06.\open_sheet] already exist!
Print sub directory [.\print\2017_05_06.\closing_sheet] already exist!
Print sub directory [.\print\2017_05_06.\picking_label] already exist!
Print sub directory [.\print\2017_05_06.\dispatch_label] already exist!

mai 06, 2017 8:51:23 AM gui.warehouse_dispatch.WAREHOUSE_DISPATCH_UI0003_PasswordRequest connect
INFOS: User Admin   / 9999 connected to host O-EZZIOURI at 2017-05-06 08:51:23 Dispatch interface : .
mai 06, 2017 8:56:33 AM helper.Helper InitDailyDestPrintDir
INFOS: Print directory [.\print\2017_05_06] already exist!
Print sub directory [.\print\2017_05_06.\open_sheet] already exist!
Print sub directory [.\print\2017_05_06.\closing_sheet] already exist!
Print sub directory [.\print\2017_05_06.\picking_label] already exist!
Print sub directory [.\print\2017_05_06.\dispatch_label] already exist!

mai 06, 2017 8:56:38 AM gui.warehouse_dispatch.WAREHOUSE_DISPATCH_UI0003_PasswordRequest connect
INFOS: User Admin   / 9999 connected to host O-EZZIOURI at 2017-05-06 08:56:38 Dispatch interface : .
mai 06, 2017 9:17:21 AM helper.Helper InitDailyDestPrintDir
INFOS: Print directory [.\print\2017_05_06] already exist!
Print sub directory [.\print\2017_05_06.\open_sheet] already exist!
Print sub directory [.\print\2017_05_06.\closing_sheet] already exist!
Print sub directory [.\print\2017_05_06.\picking_label] already exist!
Print sub directory [.\print\2017_05_06.\dispatch_label] already exist!

mai 06, 2017 9:17:30 AM gui.warehouse_dispatch.WAREHOUSE_DISPATCH_UI0003_PasswordRequest connect
INFOS: User Admin   / 9999 connected to host O-EZZIOURI at 2017-05-06 09:17:30 Dispatch interface : .
mai 06, 2017 9:19:10 AM helper.Helper InitDailyDestPrintDir
INFOS: Print directory [.\print\2017_05_06] already exist!
Print sub directory [.\print\2017_05_06.\open_sheet] already exist!
Print sub directory [.\print\2017_05_06.\closing_sheet] already exist!
Print sub directory [.\print\2017_05_06.\picking_label] already exist!
Print sub directory [.\print\2017_05_06.\dispatch_label] already exist!

mai 06, 2017 9:19:14 AM gui.warehouse_dispatch.WAREHOUSE_DISPATCH_UI0003_PasswordRequest connect
INFOS: User Admin   / 9999 connected to host O-EZZIOURI at 2017-05-06 09:19:14 Dispatch interface : .
mai 06, 2017 9:30:11 AM helper.Helper InitDailyDestPrintDir
INFOS: Print directory [.\print\2017_05_06] already exist!
Print sub directory [.\print\2017_05_06.\open_sheet] already exist!
Print sub directory [.\print\2017_05_06.\closing_sheet] already exist!
Print sub directory [.\print\2017_05_06.\picking_label] already exist!
Print sub directory [.\print\2017_05_06.\dispatch_label] already exist!

mai 06, 2017 9:30:17 AM gui.warehouse_dispatch.WAREHOUSE_DISPATCH_UI0003_PasswordRequest connect
INFOS: User Admin   / 9999 connected to host O-EZZIOURI at 2017-05-06 09:30:17 Dispatch interface : .
mai 06, 2017 11:30:23 AM helper.Helper InitDailyDestPrintDir
INFOS: Print directory [.\print\2017_05_06] already exist!
Print sub directory [.\print\2017_05_06.\open_sheet] already exist!
Print sub directory [.\print\2017_05_06.\closing_sheet] already exist!
Print sub directory [.\print\2017_05_06.\picking_label] already exist!
Print sub directory [.\print\2017_05_06.\dispatch_label] already exist!

mai 06, 2017 11:30:45 AM gui.warehouse_dispatch.WAREHOUSE_DISPATCH_UI0003_PasswordRequest connect
INFOS: User Admin   / 9999 connected to host O-EZZIOURI at 2017-05-06 11:30:45 Dispatch interface : .
mai 06, 2017 11:42:26 AM helper.Helper InitDailyDestPrintDir
INFOS: Print directory [.\print\2017_05_06] already exist!
Print sub directory [.\print\2017_05_06.\open_sheet] already exist!
Print sub directory [.\print\2017_05_06.\closing_sheet] already exist!
Print sub directory [.\print\2017_05_06.\picking_label] already exist!
Print sub directory [.\print\2017_05_06.\dispatch_label] already exist!

mai 06, 2017 11:42:31 AM gui.warehouse_dispatch.WAREHOUSE_DISPATCH_UI0003_PasswordRequest connect
INFOS: User Admin   / 9999 connected to host O-EZZIOURI at 2017-05-06 11:42:31 Dispatch interface : .
mai 06, 2017 11:43:33 AM helper.Helper InitDailyDestPrintDir
INFOS: Print directory [.\print\2017_05_06] already exist!
Print sub directory [.\print\2017_05_06.\open_sheet] already exist!
Print sub directory [.\print\2017_05_06.\closing_sheet] already exist!
Print sub directory [.\print\2017_05_06.\picking_label] already exist!
Print sub directory [.\print\2017_05_06.\dispatch_label] already exist!

mai 06, 2017 11:44:15 AM gui.warehouse_dispatch.WAREHOUSE_DISPATCH_UI0003_PasswordRequest connect
INFOS: User Admin   / 9999 connected to host O-EZZIOURI at 2017-05-06 11:44:15 Dispatch interface : .
mai 06, 2017 11:48:31 AM helper.Helper InitDailyDestPrintDir
INFOS: Print directory [.\print\2017_05_06] already exist!
Print sub directory [.\print\2017_05_06.\open_sheet] already exist!
Print sub directory [.\print\2017_05_06.\closing_sheet] already exist!
Print sub directory [.\print\2017_05_06.\picking_label] already exist!
Print sub directory [.\print\2017_05_06.\dispatch_label] already exist!

mai 06, 2017 11:48:36 AM gui.warehouse_dispatch.WAREHOUSE_DISPATCH_UI0003_PasswordRequest connect
INFOS: User Admin   / 9999 connected to host O-EZZIOURI at 2017-05-06 11:48:36 Dispatch interface : .
mai 06, 2017 11:50:49 AM helper.Helper InitDailyDestPrintDir
INFOS: Print directory [.\print\2017_05_06] already exist!
Print sub directory [.\print\2017_05_06.\open_sheet] already exist!
Print sub directory [.\print\2017_05_06.\closing_sheet] already exist!
Print sub directory [.\print\2017_05_06.\picking_label] already exist!
Print sub directory [.\print\2017_05_06.\dispatch_label] already exist!

mai 06, 2017 11:50:55 AM gui.warehouse_dispatch.WAREHOUSE_DISPATCH_UI0003_PasswordRequest connect
INFOS: User Admin   / 9999 connected to host O-EZZIOURI at 2017-05-06 11:50:55 Dispatch interface : .
mai 06, 2017 11:55:06 AM helper.Helper InitDailyDestPrintDir
INFOS: Print directory [.\print\2017_05_06] already exist!
Print sub directory [.\print\2017_05_06.\open_sheet] already exist!
Print sub directory [.\print\2017_05_06.\closing_sheet] already exist!
Print sub directory [.\print\2017_05_06.\picking_label] already exist!
Print sub directory [.\print\2017_05_06.\dispatch_label] already exist!

mai 06, 2017 11:55:16 AM gui.warehouse_dispatch.WAREHOUSE_DISPATCH_UI0003_PasswordRequest connect
INFOS: User Admin   / 9999 connected to host O-EZZIOURI at 2017-05-06 11:55:16 Dispatch interface : .
mai 06, 2017 11:59:39 AM helper.Helper InitDailyDestPrintDir
INFOS: Print directory [.\print\2017_05_06] already exist!
Print sub directory [.\print\2017_05_06.\open_sheet] already exist!
Print sub directory [.\print\2017_05_06.\closing_sheet] already exist!
Print sub directory [.\print\2017_05_06.\picking_label] already exist!
Print sub directory [.\print\2017_05_06.\dispatch_label] already exist!

mai 06, 2017 11:59:43 AM gui.warehouse_dispatch.WAREHOUSE_DISPATCH_UI0003_PasswordRequest connect
INFOS: User Admin   / 9999 connected to host O-EZZIOURI at 2017-05-06 11:59:43 Dispatch interface : .
mai 06, 2017 12:34:06 PM helper.Helper InitDailyDestPrintDir
INFOS: Print directory [.\print\2017_05_06] already exist!
Print sub directory [.\print\2017_05_06.\open_sheet] already exist!
Print sub directory [.\print\2017_05_06.\closing_sheet] already exist!
Print sub directory [.\print\2017_05_06.\picking_label] already exist!
Print sub directory [.\print\2017_05_06.\dispatch_label] already exist!

mai 06, 2017 12:34:15 PM gui.warehouse_dispatch.WAREHOUSE_DISPATCH_UI0003_PasswordRequest connect
INFOS: User Admin   / 9999 connected to host O-EZZIOURI at 2017-05-06 12:34:15 Dispatch interface : .
mai 06, 2017 12:42:47 PM helper.Helper InitDailyDestPrintDir
INFOS: Print directory [.\print\2017_05_06] already exist!
Print sub directory [.\print\2017_05_06.\open_sheet] already exist!
Print sub directory [.\print\2017_05_06.\closing_sheet] already exist!
Print sub directory [.\print\2017_05_06.\picking_label] already exist!
Print sub directory [.\print\2017_05_06.\dispatch_label] already exist!

mai 06, 2017 12:42:53 PM gui.warehouse_dispatch.WAREHOUSE_DISPATCH_UI0003_PasswordRequest connect
INFOS: User Admin   / 9999 connected to host O-EZZIOURI at 2017-05-06 12:42:53 Dispatch interface : .
mai 06, 2017 12:48:39 PM helper.Helper InitDailyDestPrintDir
INFOS: Print directory [.\print\2017_05_06] already exist!
Print sub directory [.\print\2017_05_06.\open_sheet] already exist!
Print sub directory [.\print\2017_05_06.\closing_sheet] already exist!
Print sub directory [.\print\2017_05_06.\picking_label] already exist!
Print sub directory [.\print\2017_05_06.\dispatch_label] already exist!

mai 06, 2017 12:48:51 PM gui.warehouse_dispatch.WAREHOUSE_DISPATCH_UI0003_PasswordRequest connect
INFOS: User Admin   / 9999 connected to host O-EZZIOURI at 2017-05-06 12:48:51 Dispatch interface : .
mai 06, 2017 12:51:21 PM helper.Helper InitDailyDestPrintDir
INFOS: Print directory [.\print\2017_05_06] already exist!
Print sub directory [.\print\2017_05_06.\open_sheet] already exist!
Print sub directory [.\print\2017_05_06.\closing_sheet] already exist!
Print sub directory [.\print\2017_05_06.\picking_label] already exist!
Print sub directory [.\print\2017_05_06.\dispatch_label] already exist!

mai 06, 2017 12:51:29 PM gui.warehouse_dispatch.WAREHOUSE_DISPATCH_UI0003_PasswordRequest connect
INFOS: User Admin   / 9999 connected to host O-EZZIOURI at 2017-05-06 12:51:29 Dispatch interface : .
