nov. 14, 2016 5:09:46 PM helper.Helper InitDailyDestPrintDir
INFOS: Print directory [.\print\2016_11_14] is created!
Print sub directory [.\print\2016_11_14.\open_sheet] is created!
Print sub directory [.\print\2016_11_14.\closing_sheet] is created!
Print sub directory [.\print\2016_11_14.\picking_label] is created!
Print sub directory [.\print\2016_11_14.\dispatch_label] is created!

nov. 14, 2016 5:09:49 PM gui.packaging.PACKAGING_UI0001_Main loadBarcodeConfig
INFOS: FROM ConfigBarcode cb WHERE cb.keyWord = :keyWord ORDER BY id ASC
nov. 14, 2016 5:09:50 PM entity.ConfigProject select
INFOS: FROM ConfigProject bp ORDER BY harnessType ASC
nov. 14, 2016 5:09:50 PM entity.ConfigProject select
INFOS: FROM ConfigProject bp ORDER BY harnessType ASC
nov. 14, 2016 5:09:55 PM entity.ConfigProject select
INFOS: FROM ConfigProject bp ORDER BY harnessType ASC
nov. 14, 2016 8:52:24 PM gui.packaging.PACKAGING_UI0002_PasswordRequest connect
INFOS: User Admin   / 9999 connected to host WSMA7040 at 2016-11-14 20:52:24 Project : SMALL.
nov. 14, 2016 8:53:10 PM gui.packaging.PACKAGING_UI9001_DropContainerConfirmation ok_btnActionPerformed
INFOS: Droping harness list...10
nov. 14, 2016 10:18:48 PM entity.ConfigProject select
INFOS: FROM ConfigProject bp ORDER BY harnessType ASC
nov. 15, 2016 8:07:22 AM entity.ConfigProject select
INFOS: FROM ConfigProject bp ORDER BY harnessType ASC
nov. 15, 2016 2:13:34 PM entity.ConfigProject select
INFOS: FROM ConfigProject bp ORDER BY harnessType ASC
nov. 15, 2016 3:34:39 PM gui.packaging.PACKAGING_UI9001_DropContainerConfirmation ok_btnActionPerformed
INFOS: Droping harness list...11
nov. 15, 2016 3:35:17 PM gui.packaging.PACKAGING_UI9001_DropContainerConfirmation ok_btnActionPerformed
INFOS: Droping harness list...13
nov. 16, 2016 8:13:53 AM entity.ConfigProject select
INFOS: FROM ConfigProject bp ORDER BY harnessType ASC
nov. 16, 2016 9:33:51 AM entity.ConfigProject select
INFOS: FROM ConfigProject bp ORDER BY harnessType ASC
nov. 17, 2016 8:01:20 AM entity.ConfigProject select
INFOS: FROM ConfigProject bp ORDER BY harnessType ASC
nov. 17, 2016 10:07:42 AM entity.ConfigProject select
INFOS: FROM ConfigProject bp ORDER BY harnessType ASC
nov. 17, 2016 3:05:23 PM entity.ConfigProject select
INFOS: FROM ConfigProject bp ORDER BY harnessType ASC
nov. 17, 2016 3:41:32 PM entity.ConfigProject select
INFOS: FROM ConfigProject bp ORDER BY harnessType ASC
nov. 17, 2016 9:22:28 PM entity.ConfigProject select
INFOS: FROM ConfigProject bp ORDER BY harnessType ASC
nov. 21, 2016 8:05:12 AM entity.ConfigProject select
INFOS: FROM ConfigProject bp ORDER BY harnessType ASC
nov. 21, 2016 2:26:22 PM entity.ConfigProject select
INFOS: FROM ConfigProject bp ORDER BY harnessType ASC
nov. 21, 2016 8:27:08 PM entity.BaseContainer checkContainerByState
INFOS: Searching Container [200012330] in BaseContainer.
nov. 21, 2016 8:27:08 PM entity.BaseContainer checkContainerByState
INFOS: FROM BaseContainer bc WHERE bc.palletNumber = :palletNumber AND bc.containerState = :state
nov. 21, 2016 8:50:27 PM gui.packaging.PACKAGING_UI0001_Main loadBarcodeConfig
INFOS: FROM ConfigBarcode cb WHERE cb.keyWord = :keyWord ORDER BY id ASC
nov. 21, 2016 8:50:27 PM entity.ConfigProject select
INFOS: FROM ConfigProject bp ORDER BY harnessType ASC
nov. 21, 2016 8:50:27 PM entity.ConfigProject select
INFOS: FROM ConfigProject bp ORDER BY harnessType ASC
nov. 21, 2016 8:50:28 PM entity.ConfigProject select
INFOS: FROM ConfigProject bp ORDER BY harnessType ASC
nov. 21, 2016 8:51:06 PM entity.ConfigProject select
INFOS: FROM ConfigProject bp ORDER BY harnessType ASC
nov. 21, 2016 9:57:48 PM entity.ConfigProject select
INFOS: FROM ConfigProject bp ORDER BY harnessType ASC
nov. 22, 2016 8:17:27 AM entity.ConfigProject select
INFOS: FROM ConfigProject bp ORDER BY harnessType ASC
nov. 22, 2016 10:22:01 AM entity.ConfigProject select
INFOS: FROM ConfigProject bp ORDER BY harnessType ASC
nov. 22, 2016 10:23:54 AM entity.ConfigProject select
INFOS: FROM ConfigProject bp ORDER BY harnessType ASC
nov. 22, 2016 10:28:22 AM entity.ConfigProject select
INFOS: FROM ConfigProject bp ORDER BY harnessType ASC
nov. 22, 2016 2:11:26 PM entity.ConfigProject select
INFOS: FROM ConfigProject bp ORDER BY harnessType ASC
nov. 22, 2016 2:15:46 PM entity.ConfigProject select
INFOS: FROM ConfigProject bp ORDER BY harnessType ASC
nov. 22, 2016 2:19:18 PM entity.ConfigProject select
INFOS: FROM ConfigProject bp ORDER BY harnessType ASC
nov. 22, 2016 2:19:23 PM entity.ConfigProject select
INFOS: FROM ConfigProject bp ORDER BY harnessType ASC
nov. 22, 2016 2:30:10 PM entity.ConfigProject select
INFOS: FROM ConfigProject bp ORDER BY harnessType ASC
nov. 22, 2016 2:47:15 PM entity.ConfigProject select
INFOS: FROM ConfigProject bp ORDER BY harnessType ASC
nov. 22, 2016 2:57:13 PM entity.ConfigProject select
INFOS: FROM ConfigProject bp ORDER BY harnessType ASC
nov. 22, 2016 4:09:53 PM gui.packaging.PACKAGING_UI0001_Main loadBarcodeConfig
INFOS: FROM ConfigBarcode cb WHERE cb.keyWord = :keyWord ORDER BY id ASC
nov. 22, 2016 4:09:54 PM entity.ConfigProject select
INFOS: FROM ConfigProject bp ORDER BY harnessType ASC
nov. 22, 2016 4:09:54 PM entity.ConfigProject select
INFOS: FROM ConfigProject bp ORDER BY harnessType ASC
nov. 22, 2016 4:09:57 PM entity.ConfigProject select
INFOS: FROM ConfigProject bp ORDER BY harnessType ASC
nov. 22, 2016 6:04:26 PM gui.packaging.PACKAGING_UI0001_Main loadBarcodeConfig
INFOS: FROM ConfigBarcode cb WHERE cb.keyWord = :keyWord ORDER BY id ASC
nov. 22, 2016 6:04:26 PM entity.ConfigProject select
INFOS: FROM ConfigProject bp ORDER BY harnessType ASC
nov. 22, 2016 6:04:26 PM entity.ConfigProject select
INFOS: FROM ConfigProject bp ORDER BY harnessType ASC
nov. 22, 2016 6:04:27 PM entity.ConfigProject select
INFOS: FROM ConfigProject bp ORDER BY harnessType ASC
nov. 23, 2016 8:00:32 AM entity.ConfigProject select
INFOS: FROM ConfigProject bp ORDER BY harnessType ASC
nov. 23, 2016 8:08:24 AM entity.ConfigProject select
INFOS: FROM ConfigProject bp ORDER BY harnessType ASC
nov. 23, 2016 11:54:13 AM entity.ConfigProject select
INFOS: FROM ConfigProject bp ORDER BY harnessType ASC
nov. 24, 2016 8:03:05 AM entity.ConfigProject select
INFOS: FROM ConfigProject bp ORDER BY harnessType ASC
nov. 24, 2016 9:42:22 AM entity.ConfigProject select
INFOS: FROM ConfigProject bp ORDER BY harnessType ASC
nov. 24, 2016 9:52:31 AM entity.ConfigProject select
INFOS: FROM ConfigProject bp ORDER BY harnessType ASC
nov. 24, 2016 9:55:33 AM entity.ConfigProject select
INFOS: FROM ConfigProject bp ORDER BY harnessType ASC
nov. 24, 2016 10:41:33 AM entity.ConfigProject select
INFOS: FROM ConfigProject bp ORDER BY harnessType ASC
nov. 24, 2016 10:42:30 AM gui.warehouse_output.WAREHOUSE_OUT_UI0002_DISPATCH_SCAN loadBarcodeConfig
INFOS: FROM ConfigBarcode cb WHERE cb.keyWord IN (:keyWords) ORDER BY id ASC
nov. 24, 2016 10:42:38 AM entity.BaseContainer checkContainerByState
INFOS: Searching Container [200011039] in BaseContainer.
nov. 24, 2016 10:42:38 AM entity.BaseContainer checkContainerByState
INFOS: FROM BaseContainer bc WHERE bc.palletNumber = :palletNumber AND bc.containerState = :state
nov. 24, 2016 11:18:59 AM entity.ConfigProject select
INFOS: FROM ConfigProject bp ORDER BY harnessType ASC
nov. 24, 2016 2:30:42 PM entity.ConfigProject select
INFOS: FROM ConfigProject bp ORDER BY harnessType ASC
nov. 24, 2016 3:53:45 PM entity.ConfigProject select
INFOS: FROM ConfigProject bp ORDER BY harnessType ASC
nov. 24, 2016 3:59:34 PM entity.ConfigProject select
INFOS: FROM ConfigProject bp ORDER BY harnessType ASC
nov. 25, 2016 8:13:48 AM entity.ConfigProject select
INFOS: FROM ConfigProject bp ORDER BY harnessType ASC
nov. 25, 2016 9:58:09 AM entity.ConfigProject select
INFOS: FROM ConfigProject bp ORDER BY harnessType ASC
nov. 25, 2016 10:58:06 AM entity.ConfigProject select
INFOS: FROM ConfigProject bp ORDER BY harnessType ASC
nov. 25, 2016 12:58:05 PM entity.ConfigProject select
INFOS: FROM ConfigProject bp ORDER BY harnessType ASC
nov. 25, 2016 3:37:15 PM entity.ConfigProject select
INFOS: FROM ConfigProject bp ORDER BY harnessType ASC
nov. 25, 2016 3:58:41 PM gui.packaging.PACKAGING_UI0001_Main loadBarcodeConfig
INFOS: FROM ConfigBarcode cb WHERE cb.keyWord = :keyWord ORDER BY id ASC
nov. 25, 2016 3:58:41 PM entity.ConfigProject select
INFOS: FROM ConfigProject bp ORDER BY harnessType ASC
nov. 25, 2016 3:58:41 PM entity.ConfigProject select
INFOS: FROM ConfigProject bp ORDER BY harnessType ASC
nov. 25, 2016 4:02:21 PM gui.packaging.PACKAGING_UI0002_PasswordRequest connect
INFOS: User Admin   / 9999 connected to host WSMA7040 at 2016-11-25 16:02:21 Project : SMALL.
nov. 25, 2016 4:07:06 PM entity.ConfigUcs isHarnessPartExist
INFOS: Searching Harness part [22205127] in ConfigUCS: SMALL
nov. 25, 2016 4:07:06 PM entity.ConfigUcs isHarnessPartExist
INFOS: Harness part [22205127] found for project [SMALL].
nov. 25, 2016 4:07:06 PM state.S020_HarnessPartScan doAction
INFOS: Harness Part scanned [P22205127] OK.
