nov. 24, 2016 3:20:26 PM helper.Helper InitDailyDestPrintDir
INFOS: Print directory [.\print\2016_11_24] is created!
Print sub directory [.\print\2016_11_24.\open_sheet] is created!
Print sub directory [.\print\2016_11_24.\closing_sheet] is created!
Print sub directory [.\print\2016_11_24.\picking_label] is created!
Print sub directory [.\print\2016_11_24.\dispatch_label] is created!

nov. 24, 2016 3:28:20 PM helper.Helper InitDailyDestPrintDir
INFOS: Print directory [.\print\2016_11_24] already exist!
Print sub directory [.\print\2016_11_24.\open_sheet] already exist!
Print sub directory [.\print\2016_11_24.\closing_sheet] already exist!
Print sub directory [.\print\2016_11_24.\picking_label] already exist!
Print sub directory [.\print\2016_11_24.\dispatch_label] already exist!

nov. 24, 2016 3:29:25 PM helper.Helper InitDailyDestPrintDir
INFOS: Print directory [.\print\2016_11_24] already exist!
Print sub directory [.\print\2016_11_24.\open_sheet] already exist!
Print sub directory [.\print\2016_11_24.\closing_sheet] already exist!
Print sub directory [.\print\2016_11_24.\picking_label] already exist!
Print sub directory [.\print\2016_11_24.\dispatch_label] already exist!

nov. 24, 2016 3:31:19 PM helper.Helper InitDailyDestPrintDir
INFOS: Print directory [.\print\2016_11_24] already exist!
Print sub directory [.\print\2016_11_24.\open_sheet] already exist!
Print sub directory [.\print\2016_11_24.\closing_sheet] already exist!
Print sub directory [.\print\2016_11_24.\picking_label] already exist!
Print sub directory [.\print\2016_11_24.\dispatch_label] already exist!

nov. 24, 2016 3:36:27 PM helper.Helper InitDailyDestPrintDir
INFOS: Print directory [.\print\2016_11_24] already exist!
Print sub directory [.\print\2016_11_24.\open_sheet] already exist!
Print sub directory [.\print\2016_11_24.\closing_sheet] already exist!
Print sub directory [.\print\2016_11_24.\picking_label] already exist!
Print sub directory [.\print\2016_11_24.\dispatch_label] already exist!

nov. 24, 2016 3:38:33 PM gui.warehouse_output.WAREHOUSE_OUT_UI0003_PasswordRequest connect
INFOS: User Admin ENGINE / 9999 connected to host O-EZZIOURI at 2016-11-24 15:38:33 Dispatch interface : .
nov. 24, 2016 3:43:02 PM helper.Helper InitDailyDestPrintDir
INFOS: Print directory [.\print\2016_11_24] already exist!
Print sub directory [.\print\2016_11_24.\open_sheet] already exist!
Print sub directory [.\print\2016_11_24.\closing_sheet] already exist!
Print sub directory [.\print\2016_11_24.\picking_label] already exist!
Print sub directory [.\print\2016_11_24.\dispatch_label] already exist!

nov. 24, 2016 4:06:42 PM helper.Helper InitDailyDestPrintDir
INFOS: Print directory [.\print\2016_11_24] already exist!
Print sub directory [.\print\2016_11_24.\open_sheet] already exist!
Print sub directory [.\print\2016_11_24.\closing_sheet] already exist!
Print sub directory [.\print\2016_11_24.\picking_label] already exist!
Print sub directory [.\print\2016_11_24.\dispatch_label] already exist!

nov. 24, 2016 4:07:07 PM helper.Helper InitDailyDestPrintDir
INFOS: Print directory [.\print\2016_11_24] already exist!
Print sub directory [.\print\2016_11_24.\open_sheet] already exist!
Print sub directory [.\print\2016_11_24.\closing_sheet] already exist!
Print sub directory [.\print\2016_11_24.\picking_label] already exist!
Print sub directory [.\print\2016_11_24.\dispatch_label] already exist!

nov. 24, 2016 4:09:58 PM helper.Helper InitDailyDestPrintDir
INFOS: Print directory [.\print\2016_11_24] already exist!
Print sub directory [.\print\2016_11_24.\open_sheet] already exist!
Print sub directory [.\print\2016_11_24.\closing_sheet] already exist!
Print sub directory [.\print\2016_11_24.\picking_label] already exist!
Print sub directory [.\print\2016_11_24.\dispatch_label] already exist!

nov. 24, 2016 4:10:26 PM gui.warehouse_output.WAREHOUSE_OUT_UI0003_PasswordRequest connect
INFOS: User Admin ENGINE / 9999 connected to host O-EZZIOURI at 2016-11-24 16:10:26 Dispatch interface : .
nov. 24, 2016 4:16:48 PM helper.Helper InitDailyDestPrintDir
INFOS: Print directory [.\print\2016_11_24] already exist!
Print sub directory [.\print\2016_11_24.\open_sheet] already exist!
Print sub directory [.\print\2016_11_24.\closing_sheet] already exist!
Print sub directory [.\print\2016_11_24.\picking_label] already exist!
Print sub directory [.\print\2016_11_24.\dispatch_label] already exist!

nov. 24, 2016 4:16:57 PM gui.warehouse_output.WAREHOUSE_OUT_UI0003_PasswordRequest connect
INFOS: User Admin SMALL / 9999 connected to host O-EZZIOURI at 2016-11-24 16:16:57 Dispatch interface : .
nov. 27, 2016 2:43:03 PM gui.warehouse_output.WAREHOUSE_OUT_UI0003_PasswordRequest connect
INFOS: User Admin ENGINE / 9999 connected to host O-EZZIOURI at 2016-11-27 14:43:03 Dispatch interface : .
