avr. 14, 2017 9:08:06 PM helper.Helper InitDailyDestPrintDir
INFOS: Print directory [.\print\2017_04_14] is created!
Print sub directory [.\print\2017_04_14.\open_sheet] is created!
Print sub directory [.\print\2017_04_14.\closing_sheet] is created!
Print sub directory [.\print\2017_04_14.\picking_label] is created!
Print sub directory [.\print\2017_04_14.\dispatch_label] is created!

avr. 14, 2017 9:09:17 PM helper.Helper InitDailyDestPrintDir
INFOS: Print directory [.\print\2017_04_14] already exist!
Print sub directory [.\print\2017_04_14.\open_sheet] already exist!
Print sub directory [.\print\2017_04_14.\closing_sheet] already exist!
Print sub directory [.\print\2017_04_14.\picking_label] already exist!
Print sub directory [.\print\2017_04_14.\dispatch_label] already exist!

avr. 14, 2017 9:11:12 PM helper.Helper InitDailyDestPrintDir
INFOS: Print directory [.\print\2017_04_14] already exist!
Print sub directory [.\print\2017_04_14.\open_sheet] already exist!
Print sub directory [.\print\2017_04_14.\closing_sheet] already exist!
Print sub directory [.\print\2017_04_14.\picking_label] already exist!
Print sub directory [.\print\2017_04_14.\dispatch_label] already exist!

avr. 14, 2017 9:28:14 PM helper.Helper InitDailyDestPrintDir
INFOS: Print directory [.\print\2017_04_14] already exist!
Print sub directory [.\print\2017_04_14.\open_sheet] already exist!
Print sub directory [.\print\2017_04_14.\closing_sheet] already exist!
Print sub directory [.\print\2017_04_14.\picking_label] already exist!
Print sub directory [.\print\2017_04_14.\dispatch_label] already exist!

avr. 14, 2017 10:31:52 PM helper.Helper InitDailyDestPrintDir
INFOS: Print directory [.\print\2017_04_14] already exist!
Print sub directory [.\print\2017_04_14.\open_sheet] already exist!
Print sub directory [.\print\2017_04_14.\closing_sheet] already exist!
Print sub directory [.\print\2017_04_14.\picking_label] already exist!
Print sub directory [.\print\2017_04_14.\dispatch_label] already exist!

