juin 30, 2017 12:26:52 PM helper.Helper InitDailyDestPrintDir
INFOS: Print directory [.\print\2017_06_30] is created!
Print sub directory [.\print\2017_06_30.\open_sheet] is created!
Print sub directory [.\print\2017_06_30.\closing_sheet] is created!
Print sub directory [.\print\2017_06_30.\picking_label] is created!
Print sub directory [.\print\2017_06_30.\dispatch_label] is created!

juin 30, 2017 12:27:04 PM gui.config.CONFIG_UI0000_AdminPassword checkLoginAndPass
INFOS: User OUSSAMA EZZIOURI / ezou1001 connected to host WSMA7040 at 2017-06-30 12:27:04 Module : Planner.
juin 30, 2017 12:27:04 PM entity.ConfigSegment select
INFOS: FROM ConfigSegment bp ORDER BY segment ASC
juin 30, 2017 12:27:04 PM entity.ConfigWorkplace selectBySegment
INFOS: FROM ConfigWorkplace bp WHERE segment = :segment ORDER BY workplace ASC
juin 30, 2017 12:27:04 PM entity.ConfigProject select
INFOS: FROM ConfigProject bp ORDER BY harnessType ASC
juin 30, 2017 3:30:23 PM helper.Helper InitDailyDestPrintDir
INFOS: Print directory [.\print\2017_06_30] already exist!
Print sub directory [.\print\2017_06_30.\open_sheet] already exist!
Print sub directory [.\print\2017_06_30.\closing_sheet] already exist!
Print sub directory [.\print\2017_06_30.\picking_label] already exist!
Print sub directory [.\print\2017_06_30.\dispatch_label] already exist!

juin 30, 2017 3:34:30 PM gui.warehouse_dispatch.WAREHOUSE_DISPATCH_UI0003_PasswordRequest connect
INFOS: User OUSSAMA EZZIOURI / ezou1001 connected to host WSMA7040 at 2017-06-30 15:34:30 Dispatch interface : .
