oct. 04, 2016 9:52:05 AM helper.Helper InitDailyDestPrintDir
INFOS: Print directory [.\print\2016_10_04] is created!
Print sub directory [.\print\2016_10_04.\open_sheet] is created!
Print sub directory [.\print\2016_10_04.\closing_sheet] is created!
Print sub directory [.\print\2016_10_04.\picking_label] is created!

oct. 04, 2016 9:52:07 AM gui.packaging.PACKAGING_UI0001_Main loadBarcodeConfig
INFOS: FROM ConfigBarcode cb WHERE cb.keyWord = :keyWord ORDER BY id ASC
oct. 04, 2016 9:52:07 AM entity.ConfigProject select
INFOS: FROM ConfigProject bp ORDER BY harnessType ASC
oct. 04, 2016 9:52:07 AM entity.ConfigProject select
INFOS: FROM ConfigProject bp ORDER BY harnessType ASC
oct. 04, 2016 9:52:17 AM gui.packaging.PACKAGING_UI0002_PasswordRequest admin_password_txtboxKeyPressed
INFOS: User Admin   / 9999 connected to host WSMA7040 at 2016-10-04 09:52:17 Project : ENGINE.
oct. 04, 2016 10:33:00 AM helper.Helper InitDailyDestPrintDir
INFOS: Print directory [.\print\2016_10_04] already exist!
Print sub directory [.\print\2016_10_04.\open_sheet] already exist!
Print sub directory [.\print\2016_10_04.\closing_sheet] already exist!
Print sub directory [.\print\2016_10_04.\picking_label] already exist!

oct. 04, 2016 10:33:05 AM gui.packaging.PACKAGING_UI0001_Main loadBarcodeConfig
INFOS: FROM ConfigBarcode cb WHERE cb.keyWord = :keyWord ORDER BY id ASC
oct. 04, 2016 10:33:05 AM entity.ConfigProject select
INFOS: FROM ConfigProject bp ORDER BY harnessType ASC
oct. 04, 2016 10:33:05 AM entity.ConfigProject select
INFOS: FROM ConfigProject bp ORDER BY harnessType ASC
oct. 04, 2016 10:35:45 AM helper.Helper InitDailyDestPrintDir
INFOS: Print directory [.\print\2016_10_04] already exist!
Print sub directory [.\print\2016_10_04.\open_sheet] already exist!
Print sub directory [.\print\2016_10_04.\closing_sheet] already exist!
Print sub directory [.\print\2016_10_04.\picking_label] already exist!

oct. 04, 2016 10:35:47 AM gui.packaging.PACKAGING_UI0001_Main loadBarcodeConfig
INFOS: FROM ConfigBarcode cb WHERE cb.keyWord = :keyWord ORDER BY id ASC
oct. 04, 2016 10:35:47 AM entity.ConfigProject select
INFOS: FROM ConfigProject bp ORDER BY harnessType ASC
oct. 04, 2016 10:35:47 AM entity.ConfigProject select
INFOS: FROM ConfigProject bp ORDER BY harnessType ASC
oct. 04, 2016 10:39:44 AM helper.Helper InitDailyDestPrintDir
INFOS: Print directory [.\print\2016_10_04] already exist!
Print sub directory [.\print\2016_10_04.\open_sheet] already exist!
Print sub directory [.\print\2016_10_04.\closing_sheet] already exist!
Print sub directory [.\print\2016_10_04.\picking_label] already exist!

oct. 04, 2016 10:39:47 AM gui.packaging.PACKAGING_UI0001_Main loadBarcodeConfig
INFOS: FROM ConfigBarcode cb WHERE cb.keyWord = :keyWord ORDER BY id ASC
oct. 04, 2016 10:39:47 AM entity.ConfigProject select
INFOS: FROM ConfigProject bp ORDER BY harnessType ASC
oct. 04, 2016 10:39:47 AM entity.ConfigProject select
INFOS: FROM ConfigProject bp ORDER BY harnessType ASC
oct. 04, 2016 10:40:19 AM helper.Helper InitDailyDestPrintDir
INFOS: Print directory [.\print\2016_10_04] already exist!
Print sub directory [.\print\2016_10_04.\open_sheet] already exist!
Print sub directory [.\print\2016_10_04.\closing_sheet] already exist!
Print sub directory [.\print\2016_10_04.\picking_label] already exist!

oct. 04, 2016 10:40:20 AM gui.packaging.PACKAGING_UI0001_Main loadBarcodeConfig
INFOS: FROM ConfigBarcode cb WHERE cb.keyWord = :keyWord ORDER BY id ASC
oct. 04, 2016 10:40:20 AM entity.ConfigProject select
INFOS: FROM ConfigProject bp ORDER BY harnessType ASC
oct. 04, 2016 10:40:20 AM entity.ConfigProject select
INFOS: FROM ConfigProject bp ORDER BY harnessType ASC
oct. 04, 2016 10:41:02 AM helper.Helper InitDailyDestPrintDir
INFOS: Print directory [.\print\2016_10_04] already exist!
Print sub directory [.\print\2016_10_04.\open_sheet] already exist!
Print sub directory [.\print\2016_10_04.\closing_sheet] already exist!
Print sub directory [.\print\2016_10_04.\picking_label] already exist!

oct. 04, 2016 10:41:03 AM gui.packaging.PACKAGING_UI0001_Main loadBarcodeConfig
INFOS: FROM ConfigBarcode cb WHERE cb.keyWord = :keyWord ORDER BY id ASC
oct. 04, 2016 10:41:03 AM entity.ConfigProject select
INFOS: FROM ConfigProject bp ORDER BY harnessType ASC
oct. 04, 2016 10:41:03 AM entity.ConfigProject select
INFOS: FROM ConfigProject bp ORDER BY harnessType ASC
oct. 04, 2016 10:45:52 AM helper.Helper InitDailyDestPrintDir
INFOS: Print directory [.\print\2016_10_04] already exist!
Print sub directory [.\print\2016_10_04.\open_sheet] already exist!
Print sub directory [.\print\2016_10_04.\closing_sheet] already exist!
Print sub directory [.\print\2016_10_04.\picking_label] already exist!

oct. 04, 2016 10:45:54 AM gui.packaging.PACKAGING_UI0001_Main loadBarcodeConfig
INFOS: FROM ConfigBarcode cb WHERE cb.keyWord = :keyWord ORDER BY id ASC
oct. 04, 2016 10:45:54 AM entity.ConfigProject select
INFOS: FROM ConfigProject bp ORDER BY harnessType ASC
oct. 04, 2016 10:45:54 AM entity.ConfigProject select
INFOS: FROM ConfigProject bp ORDER BY harnessType ASC
oct. 04, 2016 10:46:10 AM gui.packaging.PACKAGING_UI0002_PasswordRequest admin_password_txtboxKeyPressed
INFOS: User Admin   / 9999 connected to host WSMA7040 at 2016-10-04 10:46:10 Project : ENGINE.
oct. 04, 2016 10:46:44 AM gui.packaging.PACKAGING_UI9001_DropContainerConfirmation ok_btnActionPerformed
INFOS: Droping harness list...2
oct. 04, 2016 10:48:36 AM entity.ConfigUcs isHarnessPartExist
INFOS: Searching Harness part [22630882] in ConfigUCS: ENGINE
oct. 04, 2016 10:48:36 AM entity.ConfigUcs isHarnessPartExist
INFOS: Harness part [22630882] found for project [ENGINE].
oct. 04, 2016 10:48:36 AM state.S020_HarnessPartScan doAction
INFOS: Harness Part scanned [P22630882] OK.
oct. 04, 2016 10:48:49 AM entity.BaseHarness isCounterExist
INFOS: Searching Harness counter [P2263088211222013111111] in BaseHarness.
oct. 04, 2016 10:48:49 AM entity.BaseHarness isCounterExist
INFOS: FROM BaseHarness bh WHERE bh.counter = :counter
oct. 04, 2016 10:48:49 AM state.S030_MatrixIdScan doAction
INFOS: Valid Harness Counter scanned [P2263088211222013111111] OK.
oct. 04, 2016 10:48:58 AM entity.BaseEngineLabel isLabelCodeExist
INFOS: Searching Engine Label code [00112233445] in BaseEngineLabel.
oct. 04, 2016 10:48:58 AM entity.BaseEngineLabel isLabelCodeExist
INFOS: FROM BaseEngineLabel bel WHERE bel.labelCode = :labelCode
oct. 04, 2016 10:48:58 AM entity.BaseEngineLabel isLabelCodeExist
INFOS: New label engine [00112233445]
oct. 04, 2016 10:48:58 AM state.S031_PlasticBagScan doAction
INFOS: First Valid Engine Label scanned [00112233445] OK.
oct. 04, 2016 10:49:06 AM entity.BaseEngineLabel isLabelCodeExist
INFOS: Searching Engine Label code [00112233556] in BaseEngineLabel.
oct. 04, 2016 10:49:06 AM entity.BaseEngineLabel isLabelCodeExist
INFOS: FROM BaseEngineLabel bel WHERE bel.labelCode = :labelCode
oct. 04, 2016 10:49:06 AM entity.BaseEngineLabel isLabelCodeExist
INFOS: New label engine [00112233556]
oct. 04, 2016 10:49:13 AM state.S040_PalletChoice doAction
INFOS: Is it a new pallet ?
oct. 04, 2016 10:49:13 AM state.S040_PalletChoice doAction
INFOS:  [No]
oct. 04, 2016 10:49:13 AM state.S040_PalletChoice doAction
INFOS: Pallet values 
oct. 04, 2016 10:49:13 AM state.S040_PalletChoice doAction
INFOS: State           :   [true]
oct. 04, 2016 10:49:13 AM state.S040_PalletChoice doAction
INFOS: Qty Expected    :   [24]
oct. 04, 2016 10:49:13 AM state.S040_PalletChoice doAction
INFOS: Qty Read        :   [7]
oct. 04, 2016 10:49:13 AM state.S040_PalletChoice doAction
INFOS: Std Time        :   [0.0]
oct. 04, 2016 10:49:13 AM state.S040_PalletChoice doAction
INFOS: Harness Part [22630882] = Context Harness Part [22630882]
oct. 04, 2016 10:49:13 AM state.S040_PalletChoice doAction
INFOS: Harness Type [ENGINE] = Context Harness Type [ENGINE]
oct. 04, 2016 10:49:23 AM gui.packaging.PACKAGING_UI9001_DropContainerConfirmation ok_btnActionPerformed
INFOS: Droping harness list...8
oct. 04, 2016 10:50:42 AM helper.Helper InitDailyDestPrintDir
INFOS: Print directory [.\print\2016_10_04] already exist!
Print sub directory [.\print\2016_10_04.\open_sheet] already exist!
Print sub directory [.\print\2016_10_04.\closing_sheet] already exist!
Print sub directory [.\print\2016_10_04.\picking_label] already exist!

oct. 04, 2016 10:50:44 AM gui.packaging.PACKAGING_UI0001_Main loadBarcodeConfig
INFOS: FROM ConfigBarcode cb WHERE cb.keyWord = :keyWord ORDER BY id ASC
oct. 04, 2016 10:50:44 AM entity.ConfigProject select
INFOS: FROM ConfigProject bp ORDER BY harnessType ASC
oct. 04, 2016 10:50:44 AM entity.ConfigProject select
INFOS: FROM ConfigProject bp ORDER BY harnessType ASC
oct. 04, 2016 10:57:48 AM state.S010_UserCodeScan doAction
INFOS: Invalid matricule number or account locked !
oct. 04, 2016 10:57:54 AM gui.packaging.PACKAGING_UI0002_PasswordRequest admin_password_txtboxKeyPressed
INFOS: User Admin   / 9999 connected to host WSMA7040 at 2016-10-04 10:57:54 Project : ENGINE.
oct. 04, 2016 10:57:55 AM entity.ConfigUcs isHarnessPartExist
INFOS: Searching Harness part [22701793] in ConfigUCS: ENGINE
oct. 04, 2016 10:57:55 AM entity.ConfigUcs isHarnessPartExist
INFOS: Harness part [22701793] found for project [ENGINE].
oct. 04, 2016 10:57:55 AM state.S020_HarnessPartScan doAction
INFOS: Harness Part scanned [P22701793] OK.
oct. 04, 2016 10:57:59 AM entity.BaseHarness isCounterExist
INFOS: Searching Harness counter [P2270179311222016111111] in BaseHarness.
oct. 04, 2016 10:57:59 AM entity.BaseHarness isCounterExist
INFOS: FROM BaseHarness bh WHERE bh.counter = :counter
oct. 04, 2016 10:57:59 AM state.S030_MatrixIdScan doAction
INFOS: Valid Harness Counter scanned [P2270179311222016111111] OK.
oct. 04, 2016 10:58:05 AM state.S040_PalletChoice doAction
INFOS: Is it a new pallet ?
oct. 04, 2016 10:58:05 AM state.S040_PalletChoice doAction
INFOS:  [No]
oct. 04, 2016 10:58:05 AM state.S040_PalletChoice doAction
INFOS: Pallet values 
oct. 04, 2016 10:58:05 AM state.S040_PalletChoice doAction
INFOS: State           :   [true]
oct. 04, 2016 10:58:05 AM state.S040_PalletChoice doAction
INFOS: Qty Expected    :   [24]
oct. 04, 2016 10:58:05 AM state.S040_PalletChoice doAction
INFOS: Qty Read        :   [2]
oct. 04, 2016 10:58:05 AM state.S040_PalletChoice doAction
INFOS: Std Time        :   [0.390057633333333]
oct. 04, 2016 10:58:05 AM state.S040_PalletChoice doAction
INFOS: Harness Part [22701793] = Context Harness Part [22701793]
oct. 04, 2016 10:58:05 AM state.S040_PalletChoice doAction
INFOS: Harness Type [ENGINE] = Context Harness Type [ENGINE]
oct. 04, 2016 10:58:14 AM entity.ConfigUcs isHarnessPartExist
INFOS: Searching Harness part [22630882] in ConfigUCS: ENGINE
oct. 04, 2016 10:58:14 AM entity.ConfigUcs isHarnessPartExist
INFOS: Harness part [22630882] found for project [ENGINE].
oct. 04, 2016 10:58:14 AM state.S020_HarnessPartScan doAction
INFOS: Harness Part scanned [P22630882] OK.
oct. 04, 2016 10:58:19 AM entity.BaseHarness isCounterExist
INFOS: Searching Harness counter [P2263088211222016111111] in BaseHarness.
oct. 04, 2016 10:58:19 AM entity.BaseHarness isCounterExist
INFOS: FROM BaseHarness bh WHERE bh.counter = :counter
oct. 04, 2016 10:58:19 AM state.S030_MatrixIdScan doAction
INFOS: Valid Harness Counter scanned [P2263088211222016111111] OK.
oct. 04, 2016 10:58:23 AM entity.BaseEngineLabel isLabelCodeExist
INFOS: Searching Engine Label code [00221144556] in BaseEngineLabel.
oct. 04, 2016 10:58:23 AM entity.BaseEngineLabel isLabelCodeExist
INFOS: FROM BaseEngineLabel bel WHERE bel.labelCode = :labelCode
oct. 04, 2016 10:58:23 AM entity.BaseEngineLabel isLabelCodeExist
INFOS: New label engine [00221144556]
oct. 04, 2016 10:58:23 AM state.S031_PlasticBagScan doAction
INFOS: First Valid Engine Label scanned [00221144556] OK.
oct. 04, 2016 10:58:28 AM entity.BaseEngineLabel checkLabelFormat
INFOS: Invalid Counter scanned format [002233554]!
oct. 04, 2016 10:58:32 AM entity.BaseEngineLabel checkLabelFormat
INFOS: Invalid Counter scanned format [222222225]!
oct. 04, 2016 10:58:37 AM entity.BaseEngineLabel checkLabelFormat
INFOS: Invalid Counter scanned format [0022115562]!
oct. 04, 2016 10:58:42 AM entity.BaseEngineLabel isLabelCodeExist
INFOS: Searching Engine Label code [00221155662] in BaseEngineLabel.
oct. 04, 2016 10:58:42 AM entity.BaseEngineLabel isLabelCodeExist
INFOS: FROM BaseEngineLabel bel WHERE bel.labelCode = :labelCode
oct. 04, 2016 10:58:42 AM entity.BaseEngineLabel isLabelCodeExist
INFOS: New label engine [00221155662]
oct. 04, 2016 10:58:45 AM state.S040_PalletChoice doAction
INFOS: Is it a new pallet ?
oct. 04, 2016 10:58:45 AM state.S040_PalletChoice doAction
INFOS:  [Yes]
oct. 04, 2016 10:58:45 AM gui.packaging.PACKAGING_UI9000_ChoosePackType <init>
INFOS: Item found 22630882--26C36540A--P02--3RV--24--0.0
oct. 04, 2016 10:58:45 AM gui.packaging.PACKAGING_UI9000_ChoosePackType <init>
INFOS: 1 UCS founds for Harness Part[22630882].
oct. 04, 2016 10:58:46 AM gui.packaging.PACKAGING_UI9000_ChoosePackType mappingContextVals
INFOS: Selected pack type : 22630882--26C36540A--P02--3RV--24--0.0 
oct. 04, 2016 10:58:46 AM helper.Helper InitDailyDestPrintDir
INFOS: nullPrint directory [.\print\2016_10_04] already exist!
Print sub directory [.\print\2016_10_04.\open_sheet] already exist!
Print sub directory [.\print\2016_10_04.\closing_sheet] already exist!
Print sub directory [.\print\2016_10_04.\picking_label] already exist!

oct. 04, 2016 10:58:46 AM helper.PrinterHelper saveAndPrintOpenSheet
INFOS: Set Pallet [200000494] state to [IN_PROCESS]
oct. 04, 2016 10:58:46 AM print.PrintOpenPallet_A5 sentToDefaultDesktopPrinter
INFOS: Sending [.\print\2016_10_04\open_sheet\PrintOpenPallet_A5_2016_10_04_10_58_46_200000494.pdf] to the default printer...
oct. 04, 2016 10:58:47 AM print.PrintOpenPallet_A5 sentToDefaultDesktopPrinter
INFOS: File [%s] has been printed.
oct. 04, 2016 10:58:47 AM helper.PrinterHelper saveAndPrintOpenSheet
INFOS: Set Pallet [200000494] state to [PRINTED]
oct. 04, 2016 10:58:47 AM gui.packaging.PACKAGING_UI9000_ChoosePackType items_listKeyPressed
INFOS: Openning new container for first harness part [22630882].
oct. 04, 2016 10:58:48 AM state.S041_NewPalletScan doAction
AVERTISSEMENT: Incorrect pallet number []
oct. 04, 2016 10:58:52 AM state.S041_NewPalletScan doAction
INFOS: Scanned Pallet number [200000494] OK.
oct. 04, 2016 10:58:52 AM state.S041_NewPalletScan doAction
INFOS: BaseContainer created BaseContainer{id=766,
 createTime=Tue Oct 04 10:58:52 WEST 2016,
 writeTime=Tue Oct 04 10:58:52 WEST 2016,
 createId=4,
 writeId=4,
 user=9999,
 startTime=Tue Oct 04 10:58:52 WEST 2016,
 completeTime=null,
 workTime=null,
 palletNumber=200000494,
 harnessPart=22630882,
 harnessIndex=P02,
 supplierPartNumber=26C36540A,
 qtyExpected=24,
 qtyRead=1,
 containerState=OPEN,
 containerStateCode=1000,
 packType=3RV,
 harnessType=ENGINE,
 harnessList=[],
 stdTime=0.0} 
oct. 04, 2016 10:59:56 AM gui.packaging.PACKAGING_UI9001_DropContainerConfirmation ok_btnActionPerformed
INFOS: Droping harness list...1
oct. 04, 2016 11:19:40 AM helper.Helper InitDailyDestPrintDir
INFOS: Print directory [.\print\2016_10_04] already exist!
Print sub directory [.\print\2016_10_04.\open_sheet] already exist!
Print sub directory [.\print\2016_10_04.\closing_sheet] already exist!
Print sub directory [.\print\2016_10_04.\picking_label] already exist!

oct. 04, 2016 11:19:41 AM gui.packaging.PACKAGING_UI0001_Main loadBarcodeConfig
INFOS: FROM ConfigBarcode cb WHERE cb.keyWord = :keyWord ORDER BY id ASC
oct. 04, 2016 11:19:41 AM entity.ConfigProject select
INFOS: FROM ConfigProject bp ORDER BY harnessType ASC
oct. 04, 2016 11:19:41 AM entity.ConfigProject select
INFOS: FROM ConfigProject bp ORDER BY harnessType ASC
oct. 04, 2016 11:19:45 AM gui.packaging.PACKAGING_UI0002_PasswordRequest admin_password_txtboxKeyPressed
INFOS: User Admin   / 9999 connected to host WSMA7040 at 2016-10-04 11:19:45 Project : ENGINE.
oct. 04, 2016 11:19:52 AM entity.ConfigUcs isHarnessPartExist
INFOS: Searching Harness part [22701793] in ConfigUCS: ENGINE
oct. 04, 2016 11:19:52 AM entity.ConfigUcs isHarnessPartExist
INFOS: Harness part [22701793] found for project [ENGINE].
oct. 04, 2016 11:19:52 AM state.S020_HarnessPartScan doAction
INFOS: Harness Part scanned [P22701793] OK.
oct. 04, 2016 11:20:06 AM entity.BaseHarness isCounterExist
INFOS: Searching Harness counter [P2270179311222016112233] in BaseHarness.
oct. 04, 2016 11:20:06 AM entity.BaseHarness isCounterExist
INFOS: FROM BaseHarness bh WHERE bh.counter = :counter
oct. 04, 2016 11:20:06 AM state.S030_MatrixIdScan doAction
INFOS: Valid Harness Counter scanned [P2270179311222016112233] OK.
oct. 04, 2016 11:20:17 AM state.S040_PalletChoice doAction
INFOS: Is it a new pallet ?
oct. 04, 2016 11:20:17 AM state.S040_PalletChoice doAction
INFOS:  [Yes]
oct. 04, 2016 11:20:18 AM state.S040_PalletChoice doAction
INFOS: Is it a new pallet ?
oct. 04, 2016 11:20:18 AM state.S040_PalletChoice doAction
INFOS:  [Yes]
oct. 04, 2016 11:21:48 AM helper.Helper InitDailyDestPrintDir
INFOS: Print directory [.\print\2016_10_04] already exist!
Print sub directory [.\print\2016_10_04.\open_sheet] already exist!
Print sub directory [.\print\2016_10_04.\closing_sheet] already exist!
Print sub directory [.\print\2016_10_04.\picking_label] already exist!

oct. 04, 2016 11:21:50 AM gui.packaging.PACKAGING_UI0001_Main loadBarcodeConfig
INFOS: FROM ConfigBarcode cb WHERE cb.keyWord = :keyWord ORDER BY id ASC
oct. 04, 2016 11:21:50 AM entity.ConfigProject select
INFOS: FROM ConfigProject bp ORDER BY harnessType ASC
oct. 04, 2016 11:21:50 AM entity.ConfigProject select
INFOS: FROM ConfigProject bp ORDER BY harnessType ASC
oct. 04, 2016 11:21:55 AM gui.packaging.PACKAGING_UI0002_PasswordRequest admin_password_txtboxKeyPressed
INFOS: User Admin   / 9999 connected to host WSMA7040 at 2016-10-04 11:21:55 Project : ENGINE.
oct. 04, 2016 11:22:02 AM entity.ConfigUcs isHarnessPartExist
INFOS: Searching Harness part [22701793] in ConfigUCS: ENGINE
oct. 04, 2016 11:22:02 AM entity.ConfigUcs isHarnessPartExist
INFOS: Harness part [22701793] found for project [ENGINE].
oct. 04, 2016 11:22:02 AM state.S020_HarnessPartScan doAction
INFOS: Harness Part scanned [P22701793] OK.
oct. 04, 2016 11:22:11 AM entity.BaseHarness isCounterExist
INFOS: Searching Harness counter [P2270179311222016041011] in BaseHarness.
oct. 04, 2016 11:22:11 AM entity.BaseHarness isCounterExist
INFOS: FROM BaseHarness bh WHERE bh.counter = :counter
oct. 04, 2016 11:22:11 AM state.S030_MatrixIdScan doAction
INFOS: Valid Harness Counter scanned [P2270179311222016041011] OK.
oct. 04, 2016 11:22:14 AM state.S040_PalletChoice doAction
INFOS: Is it a new pallet ?
oct. 04, 2016 11:22:14 AM state.S040_PalletChoice doAction
INFOS:  [Yes]
oct. 04, 2016 11:22:59 AM helper.Helper InitDailyDestPrintDir
INFOS: Print directory [.\print\2016_10_04] already exist!
Print sub directory [.\print\2016_10_04.\open_sheet] already exist!
Print sub directory [.\print\2016_10_04.\closing_sheet] already exist!
Print sub directory [.\print\2016_10_04.\picking_label] already exist!

oct. 04, 2016 11:23:00 AM gui.packaging.PACKAGING_UI0001_Main loadBarcodeConfig
INFOS: FROM ConfigBarcode cb WHERE cb.keyWord = :keyWord ORDER BY id ASC
oct. 04, 2016 11:23:00 AM entity.ConfigProject select
INFOS: FROM ConfigProject bp ORDER BY harnessType ASC
oct. 04, 2016 11:23:00 AM entity.ConfigProject select
INFOS: FROM ConfigProject bp ORDER BY harnessType ASC
oct. 04, 2016 11:23:03 AM gui.packaging.PACKAGING_UI0002_PasswordRequest admin_password_txtboxKeyPressed
INFOS: User Admin   / 9999 connected to host WSMA7040 at 2016-10-04 11:23:03 Project : ENGINE.
oct. 04, 2016 11:23:12 AM entity.ConfigUcs isHarnessPartExist
INFOS: Searching Harness part [22701793] in ConfigUCS: ENGINE
oct. 04, 2016 11:23:12 AM entity.ConfigUcs isHarnessPartExist
INFOS: Harness part [22701793] found for project [ENGINE].
oct. 04, 2016 11:23:12 AM state.S020_HarnessPartScan doAction
INFOS: Harness Part scanned [P22701793] OK.
oct. 04, 2016 11:23:17 AM entity.BaseHarness isCounterExist
INFOS: Searching Harness counter [P2270179311222016112211] in BaseHarness.
oct. 04, 2016 11:23:17 AM entity.BaseHarness isCounterExist
INFOS: FROM BaseHarness bh WHERE bh.counter = :counter
oct. 04, 2016 11:23:17 AM state.S030_MatrixIdScan doAction
INFOS: Valid Harness Counter scanned [P2270179311222016112211] OK.
oct. 04, 2016 11:23:20 AM state.S040_PalletChoice doAction
INFOS: Is it a new pallet ?
oct. 04, 2016 11:23:20 AM state.S040_PalletChoice doAction
INFOS:  [Yes]
oct. 04, 2016 11:23:20 AM gui.packaging.PACKAGING_UI9000_ChoosePackType <init>
INFOS: Item found 22701793--26C37100A--P01--3RV--24--0.390057633333333
oct. 04, 2016 11:23:20 AM gui.packaging.PACKAGING_UI9000_ChoosePackType <init>
INFOS: 1 UCS founds for Harness Part[22701793].
oct. 04, 2016 11:23:53 AM helper.Helper InitDailyDestPrintDir
INFOS: Print directory [.\print\2016_10_04] already exist!
Print sub directory [.\print\2016_10_04.\open_sheet] already exist!
Print sub directory [.\print\2016_10_04.\closing_sheet] already exist!
Print sub directory [.\print\2016_10_04.\picking_label] already exist!

oct. 04, 2016 11:23:54 AM gui.packaging.PACKAGING_UI0001_Main loadBarcodeConfig
INFOS: FROM ConfigBarcode cb WHERE cb.keyWord = :keyWord ORDER BY id ASC
oct. 04, 2016 11:23:54 AM entity.ConfigProject select
INFOS: FROM ConfigProject bp ORDER BY harnessType ASC
oct. 04, 2016 11:23:54 AM entity.ConfigProject select
INFOS: FROM ConfigProject bp ORDER BY harnessType ASC
oct. 04, 2016 11:23:57 AM state.S010_UserCodeScan doAction
INFOS: Invalid matricule number or account locked !
oct. 04, 2016 11:24:03 AM gui.packaging.PACKAGING_UI0002_PasswordRequest admin_password_txtboxKeyPressed
INFOS: User Admin   / 9999 connected to host WSMA7040 at 2016-10-04 11:24:03 Project : ENGINE.
oct. 04, 2016 11:24:09 AM entity.ConfigUcs isHarnessPartExist
INFOS: Searching Harness part [22701793] in ConfigUCS: ENGINE
oct. 04, 2016 11:24:09 AM entity.ConfigUcs isHarnessPartExist
INFOS: Harness part [22701793] found for project [ENGINE].
oct. 04, 2016 11:24:09 AM state.S020_HarnessPartScan doAction
INFOS: Harness Part scanned [P22701793] OK.
oct. 04, 2016 11:24:13 AM entity.BaseHarness isCounterExist
INFOS: Searching Harness counter [P2270179311222016112233] in BaseHarness.
oct. 04, 2016 11:24:13 AM entity.BaseHarness isCounterExist
INFOS: FROM BaseHarness bh WHERE bh.counter = :counter
oct. 04, 2016 11:24:14 AM state.S030_MatrixIdScan doAction
INFOS: Valid Harness Counter scanned [P2270179311222016112233] OK.
oct. 04, 2016 11:24:17 AM state.S040_PalletChoice doAction
INFOS: Is it a new pallet ?
oct. 04, 2016 11:24:17 AM state.S040_PalletChoice doAction
INFOS:  [Yes]
oct. 04, 2016 11:25:26 AM helper.Helper InitDailyDestPrintDir
INFOS: Print directory [.\print\2016_10_04] already exist!
Print sub directory [.\print\2016_10_04.\open_sheet] already exist!
Print sub directory [.\print\2016_10_04.\closing_sheet] already exist!
Print sub directory [.\print\2016_10_04.\picking_label] already exist!

oct. 04, 2016 11:25:27 AM gui.packaging.PACKAGING_UI0001_Main loadBarcodeConfig
INFOS: FROM ConfigBarcode cb WHERE cb.keyWord = :keyWord ORDER BY id ASC
oct. 04, 2016 11:25:27 AM entity.ConfigProject select
INFOS: FROM ConfigProject bp ORDER BY harnessType ASC
oct. 04, 2016 11:25:27 AM entity.ConfigProject select
INFOS: FROM ConfigProject bp ORDER BY harnessType ASC
oct. 04, 2016 11:25:31 AM gui.packaging.PACKAGING_UI0002_PasswordRequest admin_password_txtboxKeyPressed
INFOS: User Admin   / 9999 connected to host WSMA7040 at 2016-10-04 11:25:31 Project : ENGINE.
oct. 04, 2016 11:25:40 AM entity.ConfigUcs isHarnessPartExist
INFOS: Searching Harness part [22701793] in ConfigUCS: ENGINE
oct. 04, 2016 11:25:40 AM entity.ConfigUcs isHarnessPartExist
INFOS: Harness part [22701793] found for project [ENGINE].
oct. 04, 2016 11:25:40 AM state.S020_HarnessPartScan doAction
INFOS: Harness Part scanned [P22701793] OK.
oct. 04, 2016 11:25:48 AM entity.BaseHarness checkCounterFormat
INFOS: Invalid Counter scanned format [P227017931122201604102016]!
oct. 04, 2016 11:26:01 AM entity.BaseHarness isCounterExist
INFOS: Searching Harness counter [P2270179322222016112255] in BaseHarness.
oct. 04, 2016 11:26:01 AM entity.BaseHarness isCounterExist
INFOS: FROM BaseHarness bh WHERE bh.counter = :counter
oct. 04, 2016 11:26:01 AM state.S030_MatrixIdScan doAction
INFOS: Valid Harness Counter scanned [P2270179322222016112255] OK.
oct. 04, 2016 11:26:04 AM state.S040_PalletChoice doAction
INFOS: Is it a new pallet ?
oct. 04, 2016 11:26:04 AM state.S040_PalletChoice doAction
INFOS:  [Yes]
oct. 04, 2016 11:26:10 AM state.S040_PalletChoice doAction
INFOS: Is it a new pallet ?
oct. 04, 2016 11:26:10 AM state.S040_PalletChoice doAction
INFOS:  [No]
oct. 04, 2016 11:26:10 AM state.S040_PalletChoice doAction
INFOS: Pallet values 
oct. 04, 2016 11:26:10 AM state.S040_PalletChoice doAction
INFOS: State           :   [true]
oct. 04, 2016 11:26:10 AM state.S040_PalletChoice doAction
INFOS: Qty Expected    :   [24]
oct. 04, 2016 11:26:10 AM state.S040_PalletChoice doAction
INFOS: Qty Read        :   [3]
oct. 04, 2016 11:26:10 AM state.S040_PalletChoice doAction
INFOS: Std Time        :   [0.390057633333333]
oct. 04, 2016 11:26:10 AM state.S040_PalletChoice doAction
INFOS: Harness Part [22701793] = Context Harness Part [22701793]
oct. 04, 2016 11:26:10 AM state.S040_PalletChoice doAction
INFOS: Harness Type [ENGINE] = Context Harness Type [ENGINE]
