avr. 19, 2017 11:38:58 PM helper.Helper InitDailyDestPrintDir
INFOS: Print directory [.\print\2017_04_19] is created!
Print sub directory [.\print\2017_04_19.\open_sheet] is created!
Print sub directory [.\print\2017_04_19.\closing_sheet] is created!
Print sub directory [.\print\2017_04_19.\picking_label] is created!
Print sub directory [.\print\2017_04_19.\dispatch_label] is created!

avr. 19, 2017 11:43:11 PM helper.Helper InitDailyDestPrintDir
INFOS: Print directory [.\print\2017_04_19] already exist!
Print sub directory [.\print\2017_04_19.\open_sheet] already exist!
Print sub directory [.\print\2017_04_19.\closing_sheet] already exist!
Print sub directory [.\print\2017_04_19.\picking_label] already exist!
Print sub directory [.\print\2017_04_19.\dispatch_label] already exist!

avr. 19, 2017 11:43:25 PM gui.config.CONFIG_UI0000_AdminPassword checkLoginAndPass
INFOS: User Admin   / 9999 connected to host O-EZZIOURI at 2017-04-19 23:43:25 Module : Planner.
avr. 19, 2017 11:43:49 PM helper.Helper InitDailyDestPrintDir
INFOS: Print directory [.\print\2017_04_19] already exist!
Print sub directory [.\print\2017_04_19.\open_sheet] already exist!
Print sub directory [.\print\2017_04_19.\closing_sheet] already exist!
Print sub directory [.\print\2017_04_19.\picking_label] already exist!
Print sub directory [.\print\2017_04_19.\dispatch_label] already exist!

avr. 19, 2017 11:43:57 PM gui.config.CONFIG_UI0000_AdminPassword checkLoginAndPass
INFOS: User Admin   / 9999 connected to host O-EZZIOURI at 2017-04-19 23:43:57 Module : Planner.
avr. 19, 2017 11:48:04 PM helper.Helper InitDailyDestPrintDir
INFOS: Print directory [.\print\2017_04_19] already exist!
Print sub directory [.\print\2017_04_19.\open_sheet] already exist!
Print sub directory [.\print\2017_04_19.\closing_sheet] already exist!
Print sub directory [.\print\2017_04_19.\picking_label] already exist!
Print sub directory [.\print\2017_04_19.\dispatch_label] already exist!

avr. 19, 2017 11:48:11 PM gui.config.CONFIG_UI0000_AdminPassword checkLoginAndPass
INFOS: User Admin   / 9999 connected to host O-EZZIOURI at 2017-04-19 23:48:11 Module : Planner.
avr. 19, 2017 11:48:54 PM gui.config.CONFIG_UI0000_AdminPassword checkLoginAndPass
INFOS: User Admin   / 9999 connected to host O-EZZIOURI at 2017-04-19 23:48:54 Module : Planner.
avr. 19, 2017 11:51:27 PM helper.Helper InitDailyDestPrintDir
INFOS: Print directory [.\print\2017_04_19] already exist!
Print sub directory [.\print\2017_04_19.\open_sheet] already exist!
Print sub directory [.\print\2017_04_19.\closing_sheet] already exist!
Print sub directory [.\print\2017_04_19.\picking_label] already exist!
Print sub directory [.\print\2017_04_19.\dispatch_label] already exist!

avr. 19, 2017 11:51:33 PM gui.config.CONFIG_UI0000_AdminPassword checkLoginAndPass
INFOS: User Admin   / 9999 connected to host O-EZZIOURI at 2017-04-19 23:51:33 Module : Planner.
