févr. 27, 2017 8:19:54 AM helper.Helper InitDailyDestPrintDir
INFOS: Print directory [.\print\2017_02_27] is created!
Print sub directory [.\print\2017_02_27.\open_sheet] is created!
Print sub directory [.\print\2017_02_27.\closing_sheet] is created!
Print sub directory [.\print\2017_02_27.\picking_label] is created!
Print sub directory [.\print\2017_02_27.\dispatch_label] is created!

févr. 27, 2017 8:20:02 AM gui.packaging.PACKAGING_UI0001_Main loadBarcodeConfig
INFOS: FROM ConfigBarcode cb WHERE cb.keyWord = :keyWord ORDER BY id ASC
févr. 27, 2017 8:20:02 AM entity.ConfigProject select
INFOS: FROM ConfigProject bp ORDER BY harnessType ASC
févr. 27, 2017 8:20:02 AM entity.ConfigProject select
INFOS: FROM ConfigProject bp ORDER BY harnessType ASC
févr. 27, 2017 8:20:06 AM entity.ConfigSegment select
INFOS: FROM ConfigSegment bp ORDER BY segment ASC
févr. 27, 2017 8:20:07 AM entity.ConfigSegment select
INFOS: FROM ConfigSegment bp ORDER BY segment ASC
févr. 27, 2017 8:20:07 AM entity.ConfigWorkplace select
INFOS: FROM ConfigWorkplace bp ORDER BY workplace ASC
févr. 27, 2017 8:21:28 AM entity.ConfigSegment select
INFOS: FROM ConfigSegment bp ORDER BY segment ASC
févr. 27, 2017 8:21:28 AM entity.ConfigWorkplace select
INFOS: FROM ConfigWorkplace bp ORDER BY workplace ASC
févr. 27, 2017 8:22:41 AM entity.ConfigSegment select
INFOS: FROM ConfigSegment bp ORDER BY segment ASC
févr. 27, 2017 8:22:41 AM entity.ConfigWorkplace select
INFOS: FROM ConfigWorkplace bp ORDER BY workplace ASC
févr. 27, 2017 1:49:09 PM entity.ConfigSegment select
INFOS: FROM ConfigSegment bp ORDER BY segment ASC
févr. 27, 2017 1:49:09 PM entity.ConfigSegment select
INFOS: FROM ConfigSegment bp ORDER BY segment ASC
févr. 27, 2017 1:49:09 PM entity.ConfigWorkplace select
INFOS: FROM ConfigWorkplace bp ORDER BY workplace ASC
févr. 27, 2017 1:49:11 PM entity.ConfigWorkplace selectBySegment
INFOS: FROM ConfigWorkplace bp WHERE segment = :segment ORDER BY workplace ASC
févr. 27, 2017 1:49:11 PM entity.ConfigWorkplace selectBySegment
INFOS: FROM ConfigWorkplace bp WHERE segment = :segment ORDER BY workplace ASC
févr. 27, 2017 1:49:11 PM entity.ConfigWorkplace selectBySegment
INFOS: FROM ConfigWorkplace bp WHERE segment = :segment ORDER BY workplace ASC
févr. 27, 2017 1:49:12 PM entity.ConfigWorkplace selectBySegment
INFOS: FROM ConfigWorkplace bp WHERE segment = :segment ORDER BY workplace ASC
févr. 27, 2017 1:49:12 PM entity.ConfigWorkplace selectBySegment
INFOS: FROM ConfigWorkplace bp WHERE segment = :segment ORDER BY workplace ASC
févr. 27, 2017 1:49:12 PM entity.ConfigWorkplace selectBySegment
INFOS: FROM ConfigWorkplace bp WHERE segment = :segment ORDER BY workplace ASC
févr. 27, 2017 1:54:16 PM entity.ConfigSegment select
INFOS: FROM ConfigSegment bp ORDER BY segment ASC
févr. 27, 2017 1:54:50 PM entity.ConfigSegment select
INFOS: FROM ConfigSegment bp ORDER BY segment ASC
févr. 27, 2017 1:54:50 PM entity.ConfigSegment select
INFOS: FROM ConfigSegment bp ORDER BY segment ASC
févr. 27, 2017 1:54:50 PM entity.ConfigWorkplace select
INFOS: FROM ConfigWorkplace bp ORDER BY workplace ASC
févr. 27, 2017 1:54:53 PM entity.ConfigWorkplace selectBySegment
INFOS: FROM ConfigWorkplace bp WHERE segment = :segment ORDER BY workplace ASC
févr. 27, 2017 1:54:53 PM entity.ConfigWorkplace selectBySegment
INFOS: FROM ConfigWorkplace bp WHERE segment = :segment ORDER BY workplace ASC
févr. 27, 2017 1:54:53 PM entity.ConfigWorkplace selectBySegment
INFOS: FROM ConfigWorkplace bp WHERE segment = :segment ORDER BY workplace ASC
févr. 27, 2017 1:54:53 PM entity.ConfigWorkplace selectBySegment
INFOS: FROM ConfigWorkplace bp WHERE segment = :segment ORDER BY workplace ASC
févr. 27, 2017 1:54:53 PM entity.ConfigWorkplace selectBySegment
INFOS: FROM ConfigWorkplace bp WHERE segment = :segment ORDER BY workplace ASC
févr. 27, 2017 1:54:53 PM entity.ConfigWorkplace selectBySegment
INFOS: FROM ConfigWorkplace bp WHERE segment = :segment ORDER BY workplace ASC
févr. 27, 2017 1:56:06 PM entity.ConfigSegment select
INFOS: FROM ConfigSegment bp ORDER BY segment ASC
févr. 27, 2017 1:56:06 PM entity.ConfigSegment select
INFOS: FROM ConfigSegment bp ORDER BY segment ASC
févr. 27, 2017 1:56:06 PM entity.ConfigWorkplace select
INFOS: FROM ConfigWorkplace bp ORDER BY workplace ASC
févr. 27, 2017 1:56:07 PM entity.ConfigSegment select
INFOS: FROM ConfigSegment bp ORDER BY segment ASC
févr. 27, 2017 1:56:07 PM entity.ConfigWorkplace select
INFOS: FROM ConfigWorkplace bp ORDER BY workplace ASC
févr. 27, 2017 2:08:22 PM entity.ConfigSegment select
INFOS: FROM ConfigSegment bp ORDER BY segment ASC
févr. 27, 2017 4:49:41 PM entity.ConfigSegment select
INFOS: FROM ConfigSegment bp ORDER BY segment ASC
févr. 27, 2017 4:49:41 PM entity.ConfigSegment select
INFOS: FROM ConfigSegment bp ORDER BY segment ASC
févr. 27, 2017 4:49:41 PM entity.ConfigWorkplace select
INFOS: FROM ConfigWorkplace bp ORDER BY workplace ASC
févr. 27, 2017 4:49:43 PM entity.ConfigWorkplace selectBySegment
INFOS: FROM ConfigWorkplace bp WHERE segment = :segment ORDER BY workplace ASC
févr. 27, 2017 4:49:44 PM entity.ConfigWorkplace selectBySegment
INFOS: FROM ConfigWorkplace bp WHERE segment = :segment ORDER BY workplace ASC
févr. 27, 2017 4:49:44 PM entity.ConfigWorkplace selectBySegment
INFOS: FROM ConfigWorkplace bp WHERE segment = :segment ORDER BY workplace ASC
févr. 27, 2017 4:49:44 PM entity.ConfigWorkplace selectBySegment
INFOS: FROM ConfigWorkplace bp WHERE segment = :segment ORDER BY workplace ASC
févr. 27, 2017 4:49:44 PM entity.ConfigWorkplace selectBySegment
INFOS: FROM ConfigWorkplace bp WHERE segment = :segment ORDER BY workplace ASC
févr. 27, 2017 4:49:44 PM entity.ConfigWorkplace selectBySegment
INFOS: FROM ConfigWorkplace bp WHERE segment = :segment ORDER BY workplace ASC
févr. 27, 2017 4:57:09 PM entity.ConfigSegment select
INFOS: FROM ConfigSegment bp ORDER BY segment ASC
févr. 27, 2017 4:57:09 PM entity.ConfigSegment select
INFOS: FROM ConfigSegment bp ORDER BY segment ASC
févr. 27, 2017 4:57:09 PM entity.ConfigWorkplace select
INFOS: FROM ConfigWorkplace bp ORDER BY workplace ASC
févr. 27, 2017 4:57:47 PM gui.config.CONFIG_UI0000_AdminPassword checkLoginAndPass
INFOS: User Admin   / 9999 connected to host WSMA7040 at 2017-02-27 16:57:47 Module : Planner.
févr. 27, 2017 5:04:57 PM entity.ConfigSegment select
INFOS: FROM ConfigSegment bp ORDER BY segment ASC
févr. 27, 2017 5:04:57 PM entity.ConfigSegment select
INFOS: FROM ConfigSegment bp ORDER BY segment ASC
févr. 27, 2017 5:04:57 PM entity.ConfigWorkplace select
INFOS: FROM ConfigWorkplace bp ORDER BY workplace ASC
févr. 27, 2017 5:05:01 PM entity.ConfigSegment select
INFOS: FROM ConfigSegment bp ORDER BY segment ASC
févr. 27, 2017 5:05:04 PM entity.ConfigSegment select
INFOS: FROM ConfigSegment bp ORDER BY segment ASC
févr. 27, 2017 5:05:04 PM entity.ConfigWorkplace select
INFOS: FROM ConfigWorkplace bp ORDER BY workplace ASC
févr. 27, 2017 5:05:08 PM entity.ConfigSegment select
INFOS: FROM ConfigSegment bp ORDER BY segment ASC
févr. 27, 2017 5:05:08 PM entity.ConfigWorkplace select
INFOS: FROM ConfigWorkplace bp ORDER BY workplace ASC
févr. 27, 2017 5:05:15 PM entity.ConfigSegment select
INFOS: FROM ConfigSegment bp ORDER BY segment ASC
févr. 27, 2017 5:05:15 PM entity.ConfigWorkplace select
INFOS: FROM ConfigWorkplace bp ORDER BY workplace ASC
févr. 27, 2017 5:05:22 PM entity.ConfigSegment select
INFOS: FROM ConfigSegment bp ORDER BY segment ASC
févr. 27, 2017 5:05:22 PM entity.ConfigWorkplace select
INFOS: FROM ConfigWorkplace bp ORDER BY workplace ASC
févr. 28, 2017 7:58:05 AM entity.ConfigSegment select
INFOS: FROM ConfigSegment bp ORDER BY segment ASC
févr. 28, 2017 7:58:05 AM entity.ConfigSegment select
INFOS: FROM ConfigSegment bp ORDER BY segment ASC
févr. 28, 2017 7:58:05 AM entity.ConfigWorkplace select
INFOS: FROM ConfigWorkplace bp ORDER BY workplace ASC
févr. 28, 2017 8:11:42 AM entity.ConfigSegment select
INFOS: FROM ConfigSegment bp ORDER BY segment ASC
févr. 28, 2017 8:11:42 AM entity.ConfigSegment select
INFOS: FROM ConfigSegment bp ORDER BY segment ASC
févr. 28, 2017 8:11:42 AM entity.ConfigWorkplace select
INFOS: FROM ConfigWorkplace bp ORDER BY workplace ASC
févr. 28, 2017 8:11:49 AM entity.ConfigSegment select
INFOS: FROM ConfigSegment bp ORDER BY segment ASC
févr. 28, 2017 8:11:49 AM entity.ConfigWorkplace select
INFOS: FROM ConfigWorkplace bp ORDER BY workplace ASC
févr. 28, 2017 8:11:57 AM entity.ConfigSegment select
INFOS: FROM ConfigSegment bp ORDER BY segment ASC
févr. 28, 2017 8:11:57 AM entity.ConfigWorkplace select
INFOS: FROM ConfigWorkplace bp ORDER BY workplace ASC
févr. 28, 2017 8:11:57 AM entity.ConfigSegment select
INFOS: FROM ConfigSegment bp ORDER BY segment ASC
févr. 28, 2017 8:11:57 AM entity.ConfigWorkplace select
INFOS: FROM ConfigWorkplace bp ORDER BY workplace ASC
févr. 28, 2017 8:12:09 AM entity.ConfigSegment select
INFOS: FROM ConfigSegment bp ORDER BY segment ASC
févr. 28, 2017 8:12:09 AM entity.ConfigWorkplace select
INFOS: FROM ConfigWorkplace bp ORDER BY workplace ASC
févr. 28, 2017 8:12:09 AM entity.ConfigSegment select
INFOS: FROM ConfigSegment bp ORDER BY segment ASC
févr. 28, 2017 8:12:09 AM entity.ConfigWorkplace select
INFOS: FROM ConfigWorkplace bp ORDER BY workplace ASC
févr. 28, 2017 8:12:11 AM entity.ConfigSegment select
INFOS: FROM ConfigSegment bp ORDER BY segment ASC
févr. 28, 2017 8:12:11 AM entity.ConfigWorkplace select
INFOS: FROM ConfigWorkplace bp ORDER BY workplace ASC
févr. 28, 2017 8:12:11 AM entity.ConfigSegment select
INFOS: FROM ConfigSegment bp ORDER BY segment ASC
févr. 28, 2017 8:12:11 AM entity.ConfigWorkplace select
INFOS: FROM ConfigWorkplace bp ORDER BY workplace ASC
févr. 28, 2017 8:14:45 AM entity.ConfigSegment select
INFOS: FROM ConfigSegment bp ORDER BY segment ASC
févr. 28, 2017 8:14:45 AM entity.ConfigWorkplace select
INFOS: FROM ConfigWorkplace bp ORDER BY workplace ASC
févr. 28, 2017 8:15:32 AM entity.ConfigSegment select
INFOS: FROM ConfigSegment bp ORDER BY segment ASC
févr. 28, 2017 8:15:32 AM entity.ConfigWorkplace select
INFOS: FROM ConfigWorkplace bp ORDER BY workplace ASC
févr. 28, 2017 8:15:57 AM entity.ConfigSegment select
INFOS: FROM ConfigSegment bp ORDER BY segment ASC
févr. 28, 2017 8:15:57 AM entity.ConfigWorkplace select
INFOS: FROM ConfigWorkplace bp ORDER BY workplace ASC
févr. 28, 2017 8:16:00 AM entity.ConfigSegment select
INFOS: FROM ConfigSegment bp ORDER BY segment ASC
févr. 28, 2017 8:16:00 AM entity.ConfigWorkplace select
INFOS: FROM ConfigWorkplace bp ORDER BY workplace ASC
févr. 28, 2017 8:16:00 AM entity.ConfigSegment select
INFOS: FROM ConfigSegment bp ORDER BY segment ASC
févr. 28, 2017 8:16:00 AM entity.ConfigWorkplace select
INFOS: FROM ConfigWorkplace bp ORDER BY workplace ASC
févr. 28, 2017 8:16:03 AM entity.ConfigSegment select
INFOS: FROM ConfigSegment bp ORDER BY segment ASC
févr. 28, 2017 8:16:03 AM entity.ConfigWorkplace select
INFOS: FROM ConfigWorkplace bp ORDER BY workplace ASC
févr. 28, 2017 8:16:03 AM entity.ConfigSegment select
INFOS: FROM ConfigSegment bp ORDER BY segment ASC
févr. 28, 2017 8:16:03 AM entity.ConfigWorkplace select
INFOS: FROM ConfigWorkplace bp ORDER BY workplace ASC
févr. 28, 2017 8:16:05 AM entity.ConfigSegment select
INFOS: FROM ConfigSegment bp ORDER BY segment ASC
févr. 28, 2017 8:16:05 AM entity.ConfigWorkplace select
INFOS: FROM ConfigWorkplace bp ORDER BY workplace ASC
févr. 28, 2017 8:29:12 AM entity.ConfigSegment select
INFOS: FROM ConfigSegment bp ORDER BY segment ASC
févr. 28, 2017 8:29:12 AM entity.ConfigSegment select
INFOS: FROM ConfigSegment bp ORDER BY segment ASC
févr. 28, 2017 8:29:12 AM entity.ConfigWorkplace select
INFOS: FROM ConfigWorkplace bp ORDER BY workplace ASC
févr. 28, 2017 8:29:13 AM entity.ConfigSegment select
INFOS: FROM ConfigSegment bp ORDER BY segment ASC
févr. 28, 2017 8:29:13 AM entity.ConfigWorkplace select
INFOS: FROM ConfigWorkplace bp ORDER BY workplace ASC
févr. 28, 2017 8:29:15 AM entity.ConfigSegment select
INFOS: FROM ConfigSegment bp ORDER BY segment ASC
févr. 28, 2017 8:29:15 AM entity.ConfigWorkplace select
INFOS: FROM ConfigWorkplace bp ORDER BY workplace ASC
févr. 28, 2017 10:26:20 AM entity.ConfigSegment select
INFOS: FROM ConfigSegment bp ORDER BY segment ASC
févr. 28, 2017 10:26:25 AM entity.ConfigSegment select
INFOS: FROM ConfigSegment bp ORDER BY segment ASC
févr. 28, 2017 10:26:25 AM entity.ConfigWorkplace select
INFOS: FROM ConfigWorkplace bp ORDER BY workplace ASC
févr. 28, 2017 10:50:21 AM entity.ConfigSegment select
INFOS: FROM ConfigSegment bp ORDER BY segment ASC
févr. 28, 2017 10:52:56 AM entity.ConfigSegment select
INFOS: FROM ConfigSegment bp ORDER BY segment ASC
févr. 28, 2017 10:59:08 AM entity.ConfigSegment select
INFOS: FROM ConfigSegment bp ORDER BY segment ASC
févr. 28, 2017 4:23:57 PM entity.ConfigSegment select
INFOS: FROM ConfigSegment bp ORDER BY segment ASC
févr. 28, 2017 4:24:00 PM entity.ConfigSegment select
INFOS: FROM ConfigSegment bp ORDER BY segment ASC
févr. 28, 2017 4:24:00 PM entity.ConfigWorkplace select
INFOS: FROM ConfigWorkplace bp ORDER BY workplace ASC
févr. 28, 2017 4:28:36 PM entity.ConfigSegment select
INFOS: FROM ConfigSegment bp ORDER BY segment ASC
févr. 28, 2017 4:28:36 PM entity.ConfigWorkplace select
INFOS: FROM ConfigWorkplace bp ORDER BY workplace ASC
févr. 28, 2017 4:28:38 PM entity.ConfigSegment select
INFOS: FROM ConfigSegment bp ORDER BY segment ASC
févr. 28, 2017 4:28:38 PM entity.ConfigWorkplace select
INFOS: FROM ConfigWorkplace bp ORDER BY workplace ASC
févr. 28, 2017 4:28:40 PM entity.ConfigSegment select
INFOS: FROM ConfigSegment bp ORDER BY segment ASC
févr. 28, 2017 4:28:40 PM entity.ConfigWorkplace select
INFOS: FROM ConfigWorkplace bp ORDER BY workplace ASC
févr. 28, 2017 4:28:43 PM entity.ConfigSegment select
INFOS: FROM ConfigSegment bp ORDER BY segment ASC
févr. 28, 2017 4:28:43 PM entity.ConfigWorkplace select
INFOS: FROM ConfigWorkplace bp ORDER BY workplace ASC
févr. 28, 2017 4:41:20 PM entity.ConfigSegment select
INFOS: FROM ConfigSegment bp ORDER BY segment ASC
févr. 28, 2017 4:41:28 PM entity.ConfigSegment select
INFOS: FROM ConfigSegment bp ORDER BY segment ASC
févr. 28, 2017 4:41:28 PM entity.ConfigWorkplace select
INFOS: FROM ConfigWorkplace bp ORDER BY workplace ASC
févr. 28, 2017 4:47:27 PM entity.ConfigSegment select
INFOS: FROM ConfigSegment bp ORDER BY segment ASC
févr. 28, 2017 4:47:30 PM entity.ConfigSegment select
INFOS: FROM ConfigSegment bp ORDER BY segment ASC
févr. 28, 2017 4:47:30 PM entity.ConfigWorkplace select
INFOS: FROM ConfigWorkplace bp ORDER BY workplace ASC
févr. 28, 2017 4:47:33 PM entity.ConfigSegment select
INFOS: FROM ConfigSegment bp ORDER BY segment ASC
févr. 28, 2017 4:47:33 PM entity.ConfigWorkplace select
INFOS: FROM ConfigWorkplace bp ORDER BY workplace ASC
févr. 28, 2017 4:57:43 PM entity.ConfigSegment select
INFOS: FROM ConfigSegment bp ORDER BY segment ASC
févr. 28, 2017 4:57:43 PM entity.ConfigWorkplace select
INFOS: FROM ConfigWorkplace bp ORDER BY workplace ASC
févr. 28, 2017 5:06:26 PM entity.ConfigSegment select
INFOS: FROM ConfigSegment bp ORDER BY segment ASC
févr. 28, 2017 5:06:26 PM entity.ConfigWorkplace select
INFOS: FROM ConfigWorkplace bp ORDER BY workplace ASC
févr. 28, 2017 5:11:48 PM entity.ConfigSegment select
INFOS: FROM ConfigSegment bp ORDER BY segment ASC
févr. 28, 2017 5:11:48 PM entity.ConfigWorkplace select
INFOS: FROM ConfigWorkplace bp ORDER BY workplace ASC
févr. 28, 2017 5:11:53 PM entity.ConfigSegment select
INFOS: FROM ConfigSegment bp ORDER BY segment ASC
févr. 28, 2017 5:11:53 PM entity.ConfigWorkplace select
INFOS: FROM ConfigWorkplace bp ORDER BY workplace ASC
févr. 28, 2017 5:24:59 PM entity.ConfigSegment select
INFOS: FROM ConfigSegment bp ORDER BY segment ASC
févr. 28, 2017 5:25:02 PM entity.ConfigSegment select
INFOS: FROM ConfigSegment bp ORDER BY segment ASC
févr. 28, 2017 5:25:02 PM entity.ConfigWorkplace select
INFOS: FROM ConfigWorkplace bp ORDER BY workplace ASC
févr. 28, 2017 6:20:00 PM entity.ConfigSegment select
INFOS: FROM ConfigSegment bp ORDER BY segment ASC
févr. 28, 2017 6:20:03 PM entity.ConfigSegment select
INFOS: FROM ConfigSegment bp ORDER BY segment ASC
févr. 28, 2017 6:20:03 PM entity.ConfigWorkplace select
INFOS: FROM ConfigWorkplace bp ORDER BY workplace ASC
févr. 28, 2017 6:20:05 PM entity.ConfigSegment select
INFOS: FROM ConfigSegment bp ORDER BY segment ASC
févr. 28, 2017 6:20:05 PM entity.ConfigWorkplace select
INFOS: FROM ConfigWorkplace bp ORDER BY workplace ASC
févr. 28, 2017 6:38:42 PM entity.ConfigSegment select
INFOS: FROM ConfigSegment bp ORDER BY segment ASC
févr. 28, 2017 6:38:42 PM entity.ConfigSegment select
INFOS: FROM ConfigSegment bp ORDER BY segment ASC
févr. 28, 2017 6:38:42 PM entity.ConfigWorkplace select
INFOS: FROM ConfigWorkplace bp ORDER BY workplace ASC
févr. 28, 2017 6:38:47 PM entity.ConfigSegment select
INFOS: FROM ConfigSegment bp ORDER BY segment ASC
févr. 28, 2017 6:38:47 PM entity.ConfigWorkplace select
INFOS: FROM ConfigWorkplace bp ORDER BY workplace ASC
févr. 28, 2017 6:38:49 PM entity.ConfigWorkplace selectBySegment
INFOS: FROM ConfigWorkplace bp WHERE segment = :segment ORDER BY workplace ASC
févr. 28, 2017 6:38:49 PM entity.ConfigWorkplace selectBySegment
INFOS: FROM ConfigWorkplace bp WHERE segment = :segment ORDER BY workplace ASC
févr. 28, 2017 6:38:49 PM entity.ConfigWorkplace selectBySegment
INFOS: FROM ConfigWorkplace bp WHERE segment = :segment ORDER BY workplace ASC
févr. 28, 2017 6:38:49 PM entity.ConfigWorkplace selectBySegment
INFOS: FROM ConfigWorkplace bp WHERE segment = :segment ORDER BY workplace ASC
févr. 28, 2017 6:38:49 PM entity.ConfigWorkplace selectBySegment
INFOS: FROM ConfigWorkplace bp WHERE segment = :segment ORDER BY workplace ASC
févr. 28, 2017 6:38:49 PM entity.ConfigWorkplace selectBySegment
INFOS: FROM ConfigWorkplace bp WHERE segment = :segment ORDER BY workplace ASC
mars 01, 2017 7:58:55 AM entity.ConfigSegment select
INFOS: FROM ConfigSegment bp ORDER BY segment ASC
mars 01, 2017 7:58:55 AM entity.ConfigSegment select
INFOS: FROM ConfigSegment bp ORDER BY segment ASC
mars 01, 2017 7:58:55 AM entity.ConfigWorkplace select
INFOS: FROM ConfigWorkplace bp ORDER BY workplace ASC
mars 01, 2017 7:59:04 AM entity.ConfigSegment select
INFOS: FROM ConfigSegment bp ORDER BY segment ASC
mars 01, 2017 7:59:04 AM entity.ConfigWorkplace select
INFOS: FROM ConfigWorkplace bp ORDER BY workplace ASC
mars 01, 2017 7:59:04 AM entity.ConfigSegment select
INFOS: FROM ConfigSegment bp ORDER BY segment ASC
mars 01, 2017 7:59:04 AM entity.ConfigWorkplace select
INFOS: FROM ConfigWorkplace bp ORDER BY workplace ASC
mars 01, 2017 7:59:19 AM entity.ConfigSegment select
INFOS: FROM ConfigSegment bp ORDER BY segment ASC
mars 01, 2017 7:59:19 AM entity.ConfigWorkplace select
INFOS: FROM ConfigWorkplace bp ORDER BY workplace ASC
mars 01, 2017 7:59:19 AM entity.ConfigSegment select
INFOS: FROM ConfigSegment bp ORDER BY segment ASC
mars 01, 2017 7:59:19 AM entity.ConfigWorkplace select
INFOS: FROM ConfigWorkplace bp ORDER BY workplace ASC
mars 01, 2017 7:59:20 AM entity.ConfigSegment select
INFOS: FROM ConfigSegment bp ORDER BY segment ASC
mars 01, 2017 7:59:20 AM entity.ConfigWorkplace select
INFOS: FROM ConfigWorkplace bp ORDER BY workplace ASC
mars 01, 2017 7:59:20 AM entity.ConfigSegment select
INFOS: FROM ConfigSegment bp ORDER BY segment ASC
mars 01, 2017 7:59:20 AM entity.ConfigWorkplace select
INFOS: FROM ConfigWorkplace bp ORDER BY workplace ASC
mars 01, 2017 7:59:21 AM entity.ConfigSegment select
INFOS: FROM ConfigSegment bp ORDER BY segment ASC
mars 01, 2017 7:59:21 AM entity.ConfigWorkplace select
INFOS: FROM ConfigWorkplace bp ORDER BY workplace ASC
mars 01, 2017 7:59:21 AM entity.ConfigSegment select
INFOS: FROM ConfigSegment bp ORDER BY segment ASC
mars 01, 2017 7:59:21 AM entity.ConfigWorkplace select
INFOS: FROM ConfigWorkplace bp ORDER BY workplace ASC
mars 01, 2017 8:08:22 AM entity.ConfigSegment select
INFOS: FROM ConfigSegment bp ORDER BY segment ASC
mars 01, 2017 8:08:22 AM entity.ConfigWorkplace select
INFOS: FROM ConfigWorkplace bp ORDER BY workplace ASC
mars 01, 2017 9:23:29 AM gui.packaging.PACKAGING_UI0001_Main loadBarcodeConfig
INFOS: FROM ConfigBarcode cb WHERE cb.keyWord = :keyWord ORDER BY id ASC
mars 01, 2017 9:23:29 AM entity.ConfigProject select
INFOS: FROM ConfigProject bp ORDER BY harnessType ASC
mars 01, 2017 9:23:29 AM entity.ConfigProject select
INFOS: FROM ConfigProject bp ORDER BY harnessType ASC
mars 01, 2017 9:23:45 AM gui.config.CONFIG_UI0000_AdminPassword checkLoginAndPass
INFOS: User Admin   / 9999 connected to host WSMA7040 at 2017-03-01 09:23:45 Module : Planner.
mars 01, 2017 10:11:58 AM entity.ConfigSegment select
INFOS: FROM ConfigSegment bp ORDER BY segment ASC
mars 01, 2017 10:12:00 AM entity.ConfigSegment select
INFOS: FROM ConfigSegment bp ORDER BY segment ASC
mars 01, 2017 10:12:00 AM entity.ConfigWorkplace select
INFOS: FROM ConfigWorkplace bp ORDER BY workplace ASC
mars 01, 2017 10:12:03 AM entity.ConfigSegment select
INFOS: FROM ConfigSegment bp ORDER BY segment ASC
mars 01, 2017 10:12:03 AM entity.ConfigWorkplace select
INFOS: FROM ConfigWorkplace bp ORDER BY workplace ASC
mars 01, 2017 12:15:50 PM entity.ConfigSegment select
INFOS: FROM ConfigSegment bp ORDER BY segment ASC
mars 01, 2017 12:15:51 PM entity.ConfigSegment select
INFOS: FROM ConfigSegment bp ORDER BY segment ASC
mars 01, 2017 12:15:51 PM entity.ConfigWorkplace select
INFOS: FROM ConfigWorkplace bp ORDER BY workplace ASC
mars 01, 2017 12:48:33 PM gui.config.CONFIG_UI0000_AdminPassword checkLoginAndPass
INFOS: User Admin   / 9999 connected to host WSMA7040 at 2017-03-01 12:48:33 Module : Planner.
mars 01, 2017 1:43:09 PM entity.ConfigSegment select
INFOS: FROM ConfigSegment bp ORDER BY segment ASC
mars 01, 2017 1:43:09 PM entity.ConfigSegment select
INFOS: FROM ConfigSegment bp ORDER BY segment ASC
mars 01, 2017 1:43:09 PM entity.ConfigWorkplace select
INFOS: FROM ConfigWorkplace bp ORDER BY workplace ASC
mars 01, 2017 1:43:13 PM entity.ConfigWorkplace selectBySegment
INFOS: FROM ConfigWorkplace bp WHERE segment = :segment ORDER BY workplace ASC
mars 01, 2017 1:43:13 PM entity.ConfigWorkplace selectBySegment
INFOS: FROM ConfigWorkplace bp WHERE segment = :segment ORDER BY workplace ASC
mars 01, 2017 1:43:13 PM entity.ConfigWorkplace selectBySegment
INFOS: FROM ConfigWorkplace bp WHERE segment = :segment ORDER BY workplace ASC
mars 01, 2017 1:43:13 PM entity.ConfigWorkplace selectBySegment
INFOS: FROM ConfigWorkplace bp WHERE segment = :segment ORDER BY workplace ASC
mars 01, 2017 1:43:13 PM entity.ConfigWorkplace selectBySegment
INFOS: FROM ConfigWorkplace bp WHERE segment = :segment ORDER BY workplace ASC
mars 01, 2017 1:43:13 PM entity.ConfigWorkplace selectBySegment
INFOS: FROM ConfigWorkplace bp WHERE segment = :segment ORDER BY workplace ASC
mars 01, 2017 1:43:19 PM entity.ConfigSegment select
INFOS: FROM ConfigSegment bp ORDER BY segment ASC
mars 01, 2017 1:43:19 PM entity.ConfigSegment select
INFOS: FROM ConfigSegment bp ORDER BY segment ASC
mars 01, 2017 1:43:19 PM entity.ConfigWorkplace select
INFOS: FROM ConfigWorkplace bp ORDER BY workplace ASC
mars 01, 2017 1:43:21 PM entity.ConfigSegment select
INFOS: FROM ConfigSegment bp ORDER BY segment ASC
mars 01, 2017 1:43:23 PM entity.ConfigSegment select
INFOS: FROM ConfigSegment bp ORDER BY segment ASC
mars 01, 2017 1:43:23 PM entity.ConfigWorkplace select
INFOS: FROM ConfigWorkplace bp ORDER BY workplace ASC
mars 01, 2017 2:02:12 PM entity.ConfigSegment select
INFOS: FROM ConfigSegment bp ORDER BY segment ASC
mars 01, 2017 2:02:15 PM entity.ConfigSegment select
INFOS: FROM ConfigSegment bp ORDER BY segment ASC
mars 01, 2017 2:02:15 PM entity.ConfigWorkplace select
INFOS: FROM ConfigWorkplace bp ORDER BY workplace ASC
mars 01, 2017 2:02:33 PM entity.ConfigSegment select
INFOS: FROM ConfigSegment bp ORDER BY segment ASC
mars 01, 2017 2:02:36 PM entity.ConfigSegment select
INFOS: FROM ConfigSegment bp ORDER BY segment ASC
mars 01, 2017 2:02:36 PM entity.ConfigWorkplace select
INFOS: FROM ConfigWorkplace bp ORDER BY workplace ASC
mars 01, 2017 2:02:36 PM entity.ConfigSegment select
INFOS: FROM ConfigSegment bp ORDER BY segment ASC
mars 01, 2017 2:02:36 PM entity.ConfigWorkplace select
INFOS: FROM ConfigWorkplace bp ORDER BY workplace ASC
mars 01, 2017 2:02:36 PM entity.ConfigSegment select
INFOS: FROM ConfigSegment bp ORDER BY segment ASC
mars 01, 2017 2:02:36 PM entity.ConfigWorkplace select
INFOS: FROM ConfigWorkplace bp ORDER BY workplace ASC
mars 01, 2017 2:02:36 PM entity.ConfigSegment select
INFOS: FROM ConfigSegment bp ORDER BY segment ASC
mars 01, 2017 2:02:36 PM entity.ConfigWorkplace select
INFOS: FROM ConfigWorkplace bp ORDER BY workplace ASC
mars 01, 2017 2:02:42 PM entity.ConfigSegment select
INFOS: FROM ConfigSegment bp ORDER BY segment ASC
mars 01, 2017 2:02:42 PM entity.ConfigWorkplace select
INFOS: FROM ConfigWorkplace bp ORDER BY workplace ASC
mars 01, 2017 2:07:00 PM entity.ConfigSegment select
INFOS: FROM ConfigSegment bp ORDER BY segment ASC
mars 01, 2017 2:07:00 PM entity.ConfigWorkplace select
INFOS: FROM ConfigWorkplace bp ORDER BY workplace ASC
mars 01, 2017 2:07:39 PM entity.ConfigSegment select
INFOS: FROM ConfigSegment bp ORDER BY segment ASC
mars 01, 2017 2:07:39 PM entity.ConfigWorkplace select
INFOS: FROM ConfigWorkplace bp ORDER BY workplace ASC
mars 01, 2017 2:11:11 PM entity.ConfigSegment select
INFOS: FROM ConfigSegment bp ORDER BY segment ASC
mars 01, 2017 2:20:07 PM entity.ConfigSegment select
INFOS: FROM ConfigSegment bp ORDER BY segment ASC
mars 01, 2017 2:20:09 PM entity.ConfigSegment select
INFOS: FROM ConfigSegment bp ORDER BY segment ASC
mars 01, 2017 2:20:09 PM entity.ConfigWorkplace select
INFOS: FROM ConfigWorkplace bp ORDER BY workplace ASC
mars 01, 2017 3:00:20 PM entity.ConfigSegment select
INFOS: FROM ConfigSegment bp ORDER BY segment ASC
mars 01, 2017 3:00:22 PM entity.ConfigSegment select
INFOS: FROM ConfigSegment bp ORDER BY segment ASC
mars 01, 2017 3:00:22 PM entity.ConfigWorkplace select
INFOS: FROM ConfigWorkplace bp ORDER BY workplace ASC
mars 01, 2017 3:00:25 PM entity.ConfigSegment select
INFOS: FROM ConfigSegment bp ORDER BY segment ASC
mars 01, 2017 3:00:25 PM entity.ConfigWorkplace select
INFOS: FROM ConfigWorkplace bp ORDER BY workplace ASC
mars 01, 2017 3:28:07 PM entity.ConfigSegment select
INFOS: FROM ConfigSegment bp ORDER BY segment ASC
mars 01, 2017 3:28:07 PM entity.ConfigSegment select
INFOS: FROM ConfigSegment bp ORDER BY segment ASC
mars 01, 2017 3:28:07 PM entity.ConfigWorkplace select
INFOS: FROM ConfigWorkplace bp ORDER BY workplace ASC
mars 01, 2017 3:28:24 PM entity.ConfigSegment select
INFOS: FROM ConfigSegment bp ORDER BY segment ASC
mars 01, 2017 3:28:24 PM entity.ConfigWorkplace select
INFOS: FROM ConfigWorkplace bp ORDER BY workplace ASC
mars 01, 2017 3:28:24 PM entity.ConfigSegment select
INFOS: FROM ConfigSegment bp ORDER BY segment ASC
mars 01, 2017 3:28:24 PM entity.ConfigWorkplace select
INFOS: FROM ConfigWorkplace bp ORDER BY workplace ASC
mars 01, 2017 3:28:24 PM entity.ConfigSegment select
INFOS: FROM ConfigSegment bp ORDER BY segment ASC
mars 01, 2017 3:28:24 PM entity.ConfigWorkplace select
INFOS: FROM ConfigWorkplace bp ORDER BY workplace ASC
mars 01, 2017 3:29:35 PM entity.ConfigSegment select
INFOS: FROM ConfigSegment bp ORDER BY segment ASC
mars 01, 2017 3:29:35 PM entity.ConfigWorkplace select
INFOS: FROM ConfigWorkplace bp ORDER BY workplace ASC
mars 01, 2017 3:30:23 PM entity.ConfigSegment select
INFOS: FROM ConfigSegment bp ORDER BY segment ASC
mars 01, 2017 3:30:23 PM entity.ConfigWorkplace select
INFOS: FROM ConfigWorkplace bp ORDER BY workplace ASC
mars 01, 2017 3:32:30 PM entity.ConfigSegment select
INFOS: FROM ConfigSegment bp ORDER BY segment ASC
mars 01, 2017 4:56:30 PM entity.ConfigSegment select
INFOS: FROM ConfigSegment bp ORDER BY segment ASC
mars 01, 2017 4:56:34 PM entity.ConfigSegment select
INFOS: FROM ConfigSegment bp ORDER BY segment ASC
mars 01, 2017 4:56:34 PM entity.ConfigWorkplace select
INFOS: FROM ConfigWorkplace bp ORDER BY workplace ASC
mars 01, 2017 4:56:37 PM entity.ConfigSegment select
INFOS: FROM ConfigSegment bp ORDER BY segment ASC
mars 01, 2017 4:56:37 PM entity.ConfigWorkplace select
INFOS: FROM ConfigWorkplace bp ORDER BY workplace ASC
mars 01, 2017 4:56:40 PM entity.ConfigSegment select
INFOS: FROM ConfigSegment bp ORDER BY segment ASC
mars 01, 2017 4:56:40 PM entity.ConfigWorkplace select
INFOS: FROM ConfigWorkplace bp ORDER BY workplace ASC
mars 01, 2017 4:56:43 PM entity.ConfigSegment select
INFOS: FROM ConfigSegment bp ORDER BY segment ASC
mars 01, 2017 4:56:43 PM entity.ConfigWorkplace select
INFOS: FROM ConfigWorkplace bp ORDER BY workplace ASC
mars 01, 2017 5:18:07 PM entity.ConfigSegment select
INFOS: FROM ConfigSegment bp ORDER BY segment ASC
mars 01, 2017 5:18:16 PM entity.ConfigSegment select
INFOS: FROM ConfigSegment bp ORDER BY segment ASC
mars 01, 2017 5:18:16 PM entity.ConfigWorkplace select
INFOS: FROM ConfigWorkplace bp ORDER BY workplace ASC
mars 01, 2017 6:33:10 PM entity.ConfigSegment select
INFOS: FROM ConfigSegment bp ORDER BY segment ASC
mars 01, 2017 6:33:13 PM entity.ConfigSegment select
INFOS: FROM ConfigSegment bp ORDER BY segment ASC
mars 01, 2017 6:33:13 PM entity.ConfigWorkplace select
INFOS: FROM ConfigWorkplace bp ORDER BY workplace ASC
mars 01, 2017 6:33:16 PM entity.ConfigSegment select
INFOS: FROM ConfigSegment bp ORDER BY segment ASC
mars 01, 2017 6:33:16 PM entity.ConfigWorkplace select
INFOS: FROM ConfigWorkplace bp ORDER BY workplace ASC
mars 02, 2017 9:44:48 AM entity.ConfigSegment select
INFOS: FROM ConfigSegment bp ORDER BY segment ASC
mars 02, 2017 9:44:57 AM entity.ConfigProject select
INFOS: FROM ConfigProject bp ORDER BY harnessType ASC
mars 02, 2017 10:32:05 AM gui.config.CONFIG_UI0000_AdminPassword checkLoginAndPass
INFOS: User Admin   / 9999 connected to host WSMA7040 at 2017-03-02 10:32:05 Module : Planner.
mars 02, 2017 10:43:39 AM entity.ConfigSegment select
INFOS: FROM ConfigSegment bp ORDER BY segment ASC
mars 02, 2017 10:49:47 AM entity.ConfigSegment select
INFOS: FROM ConfigSegment bp ORDER BY segment ASC
mars 02, 2017 10:49:50 AM entity.ConfigSegment select
INFOS: FROM ConfigSegment bp ORDER BY segment ASC
mars 02, 2017 10:49:50 AM entity.ConfigWorkplace select
INFOS: FROM ConfigWorkplace bp ORDER BY workplace ASC
mars 02, 2017 11:46:56 AM entity.ConfigSegment select
INFOS: FROM ConfigSegment bp ORDER BY segment ASC
mars 02, 2017 11:46:58 AM entity.ConfigSegment select
INFOS: FROM ConfigSegment bp ORDER BY segment ASC
mars 02, 2017 11:46:58 AM entity.ConfigWorkplace select
INFOS: FROM ConfigWorkplace bp ORDER BY workplace ASC
mars 02, 2017 11:47:09 AM entity.ConfigSegment select
INFOS: FROM ConfigSegment bp ORDER BY segment ASC
mars 02, 2017 11:47:09 AM entity.ConfigWorkplace select
INFOS: FROM ConfigWorkplace bp ORDER BY workplace ASC
mars 02, 2017 11:49:09 AM entity.ConfigSegment select
INFOS: FROM ConfigSegment bp ORDER BY segment ASC
mars 02, 2017 11:49:09 AM entity.ConfigWorkplace select
INFOS: FROM ConfigWorkplace bp ORDER BY workplace ASC
mars 02, 2017 11:49:10 AM entity.ConfigSegment select
INFOS: FROM ConfigSegment bp ORDER BY segment ASC
mars 02, 2017 11:49:10 AM entity.ConfigWorkplace select
INFOS: FROM ConfigWorkplace bp ORDER BY workplace ASC
mars 02, 2017 11:49:12 AM entity.ConfigSegment select
INFOS: FROM ConfigSegment bp ORDER BY segment ASC
mars 02, 2017 11:49:12 AM entity.ConfigWorkplace select
INFOS: FROM ConfigWorkplace bp ORDER BY workplace ASC
mars 02, 2017 11:49:16 AM entity.ConfigSegment select
INFOS: FROM ConfigSegment bp ORDER BY segment ASC
mars 02, 2017 11:49:16 AM entity.ConfigWorkplace select
INFOS: FROM ConfigWorkplace bp ORDER BY workplace ASC
mars 02, 2017 11:49:18 AM entity.ConfigSegment select
INFOS: FROM ConfigSegment bp ORDER BY segment ASC
mars 02, 2017 11:49:18 AM entity.ConfigWorkplace select
INFOS: FROM ConfigWorkplace bp ORDER BY workplace ASC
mars 02, 2017 11:49:19 AM entity.ConfigSegment select
INFOS: FROM ConfigSegment bp ORDER BY segment ASC
mars 02, 2017 11:49:19 AM entity.ConfigWorkplace select
INFOS: FROM ConfigWorkplace bp ORDER BY workplace ASC
mars 02, 2017 11:49:20 AM entity.ConfigSegment select
INFOS: FROM ConfigSegment bp ORDER BY segment ASC
mars 02, 2017 11:49:20 AM entity.ConfigWorkplace select
INFOS: FROM ConfigWorkplace bp ORDER BY workplace ASC
mars 02, 2017 3:19:29 PM entity.ConfigSegment select
INFOS: FROM ConfigSegment bp ORDER BY segment ASC
mars 02, 2017 3:19:37 PM entity.ConfigSegment select
INFOS: FROM ConfigSegment bp ORDER BY segment ASC
mars 02, 2017 3:19:37 PM entity.ConfigWorkplace select
INFOS: FROM ConfigWorkplace bp ORDER BY workplace ASC
mars 02, 2017 3:19:39 PM entity.ConfigSegment select
INFOS: FROM ConfigSegment bp ORDER BY segment ASC
mars 02, 2017 3:19:39 PM entity.ConfigWorkplace select
INFOS: FROM ConfigWorkplace bp ORDER BY workplace ASC
mars 02, 2017 3:19:39 PM entity.ConfigSegment select
INFOS: FROM ConfigSegment bp ORDER BY segment ASC
mars 02, 2017 3:19:39 PM entity.ConfigWorkplace select
INFOS: FROM ConfigWorkplace bp ORDER BY workplace ASC
mars 02, 2017 3:19:43 PM entity.ConfigSegment select
INFOS: FROM ConfigSegment bp ORDER BY segment ASC
mars 02, 2017 3:19:43 PM entity.ConfigWorkplace select
INFOS: FROM ConfigWorkplace bp ORDER BY workplace ASC
mars 02, 2017 3:19:52 PM entity.ConfigSegment select
INFOS: FROM ConfigSegment bp ORDER BY segment ASC
mars 02, 2017 3:19:52 PM entity.ConfigWorkplace select
INFOS: FROM ConfigWorkplace bp ORDER BY workplace ASC
mars 02, 2017 3:20:00 PM entity.ConfigSegment select
INFOS: FROM ConfigSegment bp ORDER BY segment ASC
mars 02, 2017 3:20:00 PM entity.ConfigWorkplace select
INFOS: FROM ConfigWorkplace bp ORDER BY workplace ASC
mars 02, 2017 3:20:00 PM entity.ConfigSegment select
INFOS: FROM ConfigSegment bp ORDER BY segment ASC
mars 02, 2017 3:20:00 PM entity.ConfigWorkplace select
INFOS: FROM ConfigWorkplace bp ORDER BY workplace ASC
mars 02, 2017 3:20:13 PM entity.ConfigSegment select
INFOS: FROM ConfigSegment bp ORDER BY segment ASC
mars 02, 2017 3:20:13 PM entity.ConfigWorkplace select
INFOS: FROM ConfigWorkplace bp ORDER BY workplace ASC
mars 02, 2017 3:20:13 PM entity.ConfigSegment select
INFOS: FROM ConfigSegment bp ORDER BY segment ASC
mars 02, 2017 3:20:13 PM entity.ConfigWorkplace select
INFOS: FROM ConfigWorkplace bp ORDER BY workplace ASC
mars 02, 2017 3:20:13 PM entity.ConfigSegment select
INFOS: FROM ConfigSegment bp ORDER BY segment ASC
mars 02, 2017 3:20:13 PM entity.ConfigWorkplace select
INFOS: FROM ConfigWorkplace bp ORDER BY workplace ASC
mars 02, 2017 3:20:13 PM entity.ConfigSegment select
INFOS: FROM ConfigSegment bp ORDER BY segment ASC
mars 02, 2017 3:20:13 PM entity.ConfigWorkplace select
INFOS: FROM ConfigWorkplace bp ORDER BY workplace ASC
mars 02, 2017 3:20:19 PM entity.ConfigSegment select
INFOS: FROM ConfigSegment bp ORDER BY segment ASC
mars 02, 2017 3:20:19 PM entity.ConfigWorkplace select
INFOS: FROM ConfigWorkplace bp ORDER BY workplace ASC
mars 02, 2017 4:50:21 PM entity.ConfigSegment select
INFOS: FROM ConfigSegment bp ORDER BY segment ASC
mars 02, 2017 4:50:23 PM entity.ConfigSegment select
INFOS: FROM ConfigSegment bp ORDER BY segment ASC
mars 02, 2017 4:50:23 PM entity.ConfigWorkplace select
INFOS: FROM ConfigWorkplace bp ORDER BY workplace ASC
mars 02, 2017 4:50:26 PM entity.ConfigSegment select
INFOS: FROM ConfigSegment bp ORDER BY segment ASC
mars 02, 2017 4:50:26 PM entity.ConfigWorkplace select
INFOS: FROM ConfigWorkplace bp ORDER BY workplace ASC
mars 02, 2017 6:05:40 PM entity.ConfigSegment select
INFOS: FROM ConfigSegment bp ORDER BY segment ASC
mars 02, 2017 6:05:40 PM entity.ConfigWorkplace select
INFOS: FROM ConfigWorkplace bp ORDER BY workplace ASC
mars 06, 2017 8:26:17 AM entity.ConfigSegment select
INFOS: FROM ConfigSegment bp ORDER BY segment ASC
mars 06, 2017 8:26:17 AM entity.ConfigSegment select
INFOS: FROM ConfigSegment bp ORDER BY segment ASC
mars 06, 2017 8:26:17 AM entity.ConfigWorkplace select
INFOS: FROM ConfigWorkplace bp ORDER BY workplace ASC
mars 06, 2017 8:26:34 AM entity.ConfigSegment select
INFOS: FROM ConfigSegment bp ORDER BY segment ASC
mars 06, 2017 8:26:34 AM entity.ConfigWorkplace select
INFOS: FROM ConfigWorkplace bp ORDER BY workplace ASC
mars 06, 2017 9:28:07 AM entity.ConfigSegment select
INFOS: FROM ConfigSegment bp ORDER BY segment ASC
mars 06, 2017 9:31:52 AM entity.ConfigSegment select
INFOS: FROM ConfigSegment bp ORDER BY segment ASC
mars 06, 2017 9:49:34 AM entity.ConfigSegment select
INFOS: FROM ConfigSegment bp ORDER BY segment ASC
mars 06, 2017 9:49:34 AM entity.ConfigSegment select
INFOS: FROM ConfigSegment bp ORDER BY segment ASC
mars 06, 2017 9:49:34 AM entity.ConfigWorkplace select
INFOS: FROM ConfigWorkplace bp ORDER BY workplace ASC
mars 06, 2017 9:49:45 AM entity.ConfigSegment select
INFOS: FROM ConfigSegment bp ORDER BY segment ASC
mars 06, 2017 9:49:45 AM entity.ConfigWorkplace select
INFOS: FROM ConfigWorkplace bp ORDER BY workplace ASC
mars 06, 2017 9:49:45 AM entity.ConfigSegment select
INFOS: FROM ConfigSegment bp ORDER BY segment ASC
mars 06, 2017 9:49:45 AM entity.ConfigWorkplace select
INFOS: FROM ConfigWorkplace bp ORDER BY workplace ASC
mars 06, 2017 9:49:46 AM entity.ConfigSegment select
INFOS: FROM ConfigSegment bp ORDER BY segment ASC
mars 06, 2017 9:49:46 AM entity.ConfigWorkplace select
INFOS: FROM ConfigWorkplace bp ORDER BY workplace ASC
mars 06, 2017 9:49:51 AM entity.ConfigSegment select
INFOS: FROM ConfigSegment bp ORDER BY segment ASC
mars 06, 2017 9:49:51 AM entity.ConfigWorkplace select
INFOS: FROM ConfigWorkplace bp ORDER BY workplace ASC
mars 06, 2017 9:52:28 AM entity.ConfigSegment select
INFOS: FROM ConfigSegment bp ORDER BY segment ASC
mars 06, 2017 9:52:28 AM entity.ConfigWorkplace select
INFOS: FROM ConfigWorkplace bp ORDER BY workplace ASC
mars 06, 2017 9:57:47 AM entity.ConfigSegment select
INFOS: FROM ConfigSegment bp ORDER BY segment ASC
mars 06, 2017 9:57:47 AM entity.ConfigWorkplace select
INFOS: FROM ConfigWorkplace bp ORDER BY workplace ASC
mars 06, 2017 9:58:47 AM entity.ConfigSegment select
INFOS: FROM ConfigSegment bp ORDER BY segment ASC
mars 06, 2017 9:58:47 AM entity.ConfigWorkplace select
INFOS: FROM ConfigWorkplace bp ORDER BY workplace ASC
mars 06, 2017 10:04:30 AM entity.ConfigSegment select
INFOS: FROM ConfigSegment bp ORDER BY segment ASC
mars 06, 2017 10:04:30 AM entity.ConfigWorkplace select
INFOS: FROM ConfigWorkplace bp ORDER BY workplace ASC
mars 06, 2017 10:07:03 AM entity.ConfigSegment select
INFOS: FROM ConfigSegment bp ORDER BY segment ASC
mars 06, 2017 10:07:03 AM entity.ConfigWorkplace select
INFOS: FROM ConfigWorkplace bp ORDER BY workplace ASC
mars 06, 2017 10:08:05 AM entity.ConfigSegment select
INFOS: FROM ConfigSegment bp ORDER BY segment ASC
mars 06, 2017 10:08:05 AM entity.ConfigWorkplace select
INFOS: FROM ConfigWorkplace bp ORDER BY workplace ASC
mars 06, 2017 10:08:12 AM entity.ConfigSegment select
INFOS: FROM ConfigSegment bp ORDER BY segment ASC
mars 06, 2017 10:08:12 AM entity.ConfigWorkplace select
INFOS: FROM ConfigWorkplace bp ORDER BY workplace ASC
mars 06, 2017 11:02:56 AM entity.ConfigSegment select
INFOS: FROM ConfigSegment bp ORDER BY segment ASC
mars 06, 2017 11:03:05 AM entity.ConfigSegment select
INFOS: FROM ConfigSegment bp ORDER BY segment ASC
mars 06, 2017 11:03:05 AM entity.ConfigWorkplace select
INFOS: FROM ConfigWorkplace bp ORDER BY workplace ASC
mars 06, 2017 11:28:56 AM entity.ConfigSegment select
INFOS: FROM ConfigSegment bp ORDER BY segment ASC
mars 06, 2017 11:29:00 AM entity.ConfigSegment select
INFOS: FROM ConfigSegment bp ORDER BY segment ASC
mars 06, 2017 11:29:00 AM entity.ConfigWorkplace select
INFOS: FROM ConfigWorkplace bp ORDER BY workplace ASC
mars 06, 2017 11:29:02 AM entity.ConfigSegment select
INFOS: FROM ConfigSegment bp ORDER BY segment ASC
mars 06, 2017 11:29:02 AM entity.ConfigWorkplace select
INFOS: FROM ConfigWorkplace bp ORDER BY workplace ASC
mars 06, 2017 11:32:35 AM entity.ConfigSegment select
INFOS: FROM ConfigSegment bp ORDER BY segment ASC
mars 06, 2017 11:32:35 AM entity.ConfigWorkplace select
INFOS: FROM ConfigWorkplace bp ORDER BY workplace ASC
mars 06, 2017 11:32:44 AM entity.ConfigSegment select
INFOS: FROM ConfigSegment bp ORDER BY segment ASC
mars 06, 2017 11:32:44 AM entity.ConfigWorkplace select
INFOS: FROM ConfigWorkplace bp ORDER BY workplace ASC
mars 06, 2017 11:32:45 AM entity.ConfigSegment select
INFOS: FROM ConfigSegment bp ORDER BY segment ASC
mars 06, 2017 11:32:45 AM entity.ConfigWorkplace select
INFOS: FROM ConfigWorkplace bp ORDER BY workplace ASC
mars 06, 2017 11:32:50 AM entity.ConfigSegment select
INFOS: FROM ConfigSegment bp ORDER BY segment ASC
mars 06, 2017 11:32:50 AM entity.ConfigWorkplace select
INFOS: FROM ConfigWorkplace bp ORDER BY workplace ASC
mars 06, 2017 11:32:50 AM entity.ConfigSegment select
INFOS: FROM ConfigSegment bp ORDER BY segment ASC
mars 06, 2017 11:32:50 AM entity.ConfigWorkplace select
INFOS: FROM ConfigWorkplace bp ORDER BY workplace ASC
mars 06, 2017 11:32:51 AM entity.ConfigSegment select
INFOS: FROM ConfigSegment bp ORDER BY segment ASC
mars 06, 2017 11:32:51 AM entity.ConfigWorkplace select
INFOS: FROM ConfigWorkplace bp ORDER BY workplace ASC
mars 06, 2017 11:32:58 AM entity.ConfigSegment select
INFOS: FROM ConfigSegment bp ORDER BY segment ASC
mars 06, 2017 11:32:58 AM entity.ConfigWorkplace select
INFOS: FROM ConfigWorkplace bp ORDER BY workplace ASC
