mars 11, 2017 12:03:19 AM helper.Helper InitDailyDestPrintDir
INFOS: Print directory [.\print\2017_03_11] is created!
Print sub directory [.\print\2017_03_11.\open_sheet] is created!
Print sub directory [.\print\2017_03_11.\closing_sheet] is created!
Print sub directory [.\print\2017_03_11.\picking_label] is created!
Print sub directory [.\print\2017_03_11.\dispatch_label] is created!

mars 11, 2017 12:04:50 AM gui.packaging.PACKAGING_UI0001_Main loadBarcodeConfig
INFOS: FROM ConfigBarcode cb WHERE cb.keyWord = :keyWord ORDER BY id ASC
mars 11, 2017 12:04:50 AM entity.ConfigProject select
INFOS: FROM ConfigProject bp ORDER BY harnessType ASC
mars 11, 2017 12:04:50 AM entity.ConfigProject select
INFOS: FROM ConfigProject bp ORDER BY harnessType ASC
mars 11, 2017 12:05:00 AM gui.packaging.PACKAGING_UI0002_PasswordRequest connect
INFOS: User Admin SMALL / 9999 connected to host O-EZZIOURI at 2017-03-11 00:05:00 Project : ENGINE.
mars 11, 2017 12:05:04 AM gui.packaging.PACKAGING_UI0001_Main loadBarcodeConfig
INFOS: FROM ConfigBarcode cb WHERE cb.keyWord = :keyWord ORDER BY id ASC
mars 11, 2017 12:05:04 AM entity.ConfigProject select
INFOS: FROM ConfigProject bp ORDER BY harnessType ASC
mars 11, 2017 12:05:04 AM entity.ConfigProject select
INFOS: FROM ConfigProject bp ORDER BY harnessType ASC
mars 11, 2017 12:05:12 AM gui.packaging.PACKAGING_UI0001_Main loadBarcodeConfig
INFOS: FROM ConfigBarcode cb WHERE cb.keyWord = :keyWord ORDER BY id ASC
mars 11, 2017 12:05:12 AM entity.ConfigProject select
INFOS: FROM ConfigProject bp ORDER BY harnessType ASC
mars 11, 2017 12:05:12 AM entity.ConfigProject select
INFOS: FROM ConfigProject bp ORDER BY harnessType ASC
mars 11, 2017 12:05:16 AM gui.packaging.PACKAGING_UI0002_PasswordRequest connect
INFOS: User Admin SMALL / 9999 connected to host O-EZZIOURI at 2017-03-11 00:05:16 Project : ENGINE.
mars 11, 2017 12:05:30 AM gui.packaging.PACKAGING_UI0001_Main loadBarcodeConfig
INFOS: FROM ConfigBarcode cb WHERE cb.keyWord = :keyWord ORDER BY id ASC
mars 11, 2017 12:05:30 AM entity.ConfigProject select
INFOS: FROM ConfigProject bp ORDER BY harnessType ASC
mars 11, 2017 12:05:30 AM entity.ConfigProject select
INFOS: FROM ConfigProject bp ORDER BY harnessType ASC
mars 11, 2017 12:05:32 AM gui.packaging.PACKAGING_UI0001_Main loadBarcodeConfig
INFOS: FROM ConfigBarcode cb WHERE cb.keyWord = :keyWord ORDER BY id ASC
mars 11, 2017 12:05:32 AM entity.ConfigProject select
INFOS: FROM ConfigProject bp ORDER BY harnessType ASC
mars 11, 2017 12:05:32 AM entity.ConfigProject select
INFOS: FROM ConfigProject bp ORDER BY harnessType ASC
mars 11, 2017 12:05:37 AM gui.packaging.PACKAGING_UI0002_PasswordRequest connect
INFOS: User Admin SMALL / 9999 connected to host O-EZZIOURI at 2017-03-11 00:05:37 Project : ENGINE.
mars 11, 2017 12:10:05 AM helper.Helper InitDailyDestPrintDir
INFOS: Print directory [.\print\2017_03_11] already exist!
Print sub directory [.\print\2017_03_11.\open_sheet] already exist!
Print sub directory [.\print\2017_03_11.\closing_sheet] already exist!
Print sub directory [.\print\2017_03_11.\picking_label] already exist!
Print sub directory [.\print\2017_03_11.\dispatch_label] already exist!

mars 11, 2017 12:10:10 AM gui.warehouse_output.WAREHOUSE_OUT_UI0003_PasswordRequest connect
INFOS: User Admin SMALL / 9999 connected to host O-EZZIOURI at 2017-03-11 00:10:10 Dispatch interface : .
mars 11, 2017 12:10:42 AM helper.Helper InitDailyDestPrintDir
INFOS: Print directory [.\print\2017_03_11] already exist!
Print sub directory [.\print\2017_03_11.\open_sheet] already exist!
Print sub directory [.\print\2017_03_11.\closing_sheet] already exist!
Print sub directory [.\print\2017_03_11.\picking_label] already exist!
Print sub directory [.\print\2017_03_11.\dispatch_label] already exist!

mars 11, 2017 12:10:48 AM gui.warehouse_output.WAREHOUSE_OUT_UI0003_PasswordRequest connect
INFOS: User Admin SMALL / 9999 connected to host O-EZZIOURI at 2017-03-11 00:10:48 Dispatch interface : .
