mai 09, 2017 12:34:49 AM helper.Helper InitDailyDestPrintDir
INFOS: Print directory [.\print\2017_05_09] is created!
Print sub directory [.\print\2017_05_09.\open_sheet] is created!
Print sub directory [.\print\2017_05_09.\closing_sheet] is created!
Print sub directory [.\print\2017_05_09.\picking_label] is created!
Print sub directory [.\print\2017_05_09.\dispatch_label] is created!

mai 09, 2017 12:34:54 AM gui.warehouse_dispatch.WAREHOUSE_DISPATCH_UI0003_PasswordRequest connect
INFOS: User Admin   / 9999 connected to host O-EZZIOURI at 2017-05-09 00:34:54 Dispatch interface : .
mai 09, 2017 9:01:12 PM helper.Helper InitDailyDestPrintDir
INFOS: Print directory [.\print\2017_05_09] already exist!
Print sub directory [.\print\2017_05_09.\open_sheet] already exist!
Print sub directory [.\print\2017_05_09.\closing_sheet] already exist!
Print sub directory [.\print\2017_05_09.\picking_label] already exist!
Print sub directory [.\print\2017_05_09.\dispatch_label] already exist!

mai 09, 2017 9:01:19 PM gui.warehouse_dispatch.WAREHOUSE_DISPATCH_UI0003_PasswordRequest connect
INFOS: User Admin   / 9999 connected to host O-EZZIOURI at 2017-05-09 21:01:19 Dispatch interface : .
mai 09, 2017 9:09:09 PM helper.Helper InitDailyDestPrintDir
INFOS: Print directory [.\print\2017_05_09] already exist!
Print sub directory [.\print\2017_05_09.\open_sheet] already exist!
Print sub directory [.\print\2017_05_09.\closing_sheet] already exist!
Print sub directory [.\print\2017_05_09.\picking_label] already exist!
Print sub directory [.\print\2017_05_09.\dispatch_label] already exist!

mai 09, 2017 9:09:14 PM gui.warehouse_dispatch.WAREHOUSE_DISPATCH_UI0003_PasswordRequest connect
INFOS: User Admin   / 9999 connected to host O-EZZIOURI at 2017-05-09 21:09:14 Dispatch interface : .
mai 09, 2017 9:10:26 PM helper.Helper InitDailyDestPrintDir
INFOS: Print directory [.\print\2017_05_09] already exist!
Print sub directory [.\print\2017_05_09.\open_sheet] already exist!
Print sub directory [.\print\2017_05_09.\closing_sheet] already exist!
Print sub directory [.\print\2017_05_09.\picking_label] already exist!
Print sub directory [.\print\2017_05_09.\dispatch_label] already exist!

mai 09, 2017 9:14:40 PM gui.warehouse_dispatch.WAREHOUSE_DISPATCH_UI0003_PasswordRequest connect
INFOS: User Admin   / 9999 connected to host O-EZZIOURI at 2017-05-09 21:14:40 Dispatch interface : .
mai 09, 2017 9:53:51 PM helper.Helper InitDailyDestPrintDir
INFOS: Print directory [.\print\2017_05_09] already exist!
Print sub directory [.\print\2017_05_09.\open_sheet] already exist!
Print sub directory [.\print\2017_05_09.\closing_sheet] already exist!
Print sub directory [.\print\2017_05_09.\picking_label] already exist!
Print sub directory [.\print\2017_05_09.\dispatch_label] already exist!

mai 09, 2017 9:54:02 PM gui.warehouse_dispatch.WAREHOUSE_DISPATCH_UI0003_PasswordRequest connect
INFOS: User Admin   / 9999 connected to host O-EZZIOURI at 2017-05-09 21:54:02 Dispatch interface : .
mai 09, 2017 9:58:07 PM helper.Helper InitDailyDestPrintDir
INFOS: Print directory [.\print\2017_05_09] already exist!
Print sub directory [.\print\2017_05_09.\open_sheet] already exist!
Print sub directory [.\print\2017_05_09.\closing_sheet] already exist!
Print sub directory [.\print\2017_05_09.\picking_label] already exist!
Print sub directory [.\print\2017_05_09.\dispatch_label] already exist!

mai 09, 2017 9:58:18 PM gui.warehouse_dispatch.WAREHOUSE_DISPATCH_UI0003_PasswordRequest connect
INFOS: User Admin   / 9999 connected to host O-EZZIOURI at 2017-05-09 21:58:18 Dispatch interface : .
mai 09, 2017 10:00:09 PM helper.Helper InitDailyDestPrintDir
INFOS: Print directory [.\print\2017_05_09] already exist!
Print sub directory [.\print\2017_05_09.\open_sheet] already exist!
Print sub directory [.\print\2017_05_09.\closing_sheet] already exist!
Print sub directory [.\print\2017_05_09.\picking_label] already exist!
Print sub directory [.\print\2017_05_09.\dispatch_label] already exist!

mai 09, 2017 10:00:20 PM gui.warehouse_dispatch.WAREHOUSE_DISPATCH_UI0003_PasswordRequest connect
INFOS: User Admin   / 9999 connected to host O-EZZIOURI at 2017-05-09 22:00:20 Dispatch interface : .
mai 09, 2017 10:40:50 PM helper.Helper InitDailyDestPrintDir
INFOS: Print directory [.\print\2017_05_09] already exist!
Print sub directory [.\print\2017_05_09.\open_sheet] already exist!
Print sub directory [.\print\2017_05_09.\closing_sheet] already exist!
Print sub directory [.\print\2017_05_09.\picking_label] already exist!
Print sub directory [.\print\2017_05_09.\dispatch_label] already exist!

mai 09, 2017 10:40:56 PM gui.warehouse_dispatch.WAREHOUSE_DISPATCH_UI0003_PasswordRequest connect
INFOS: User Admin   / 9999 connected to host O-EZZIOURI at 2017-05-09 22:40:56 Dispatch interface : .
mai 09, 2017 10:54:26 PM helper.Helper InitDailyDestPrintDir
INFOS: Print directory [.\print\2017_05_09] already exist!
Print sub directory [.\print\2017_05_09.\open_sheet] already exist!
Print sub directory [.\print\2017_05_09.\closing_sheet] already exist!
Print sub directory [.\print\2017_05_09.\picking_label] already exist!
Print sub directory [.\print\2017_05_09.\dispatch_label] already exist!

mai 09, 2017 10:54:31 PM gui.warehouse_dispatch.WAREHOUSE_DISPATCH_UI0003_PasswordRequest connect
INFOS: User Admin   / 9999 connected to host O-EZZIOURI at 2017-05-09 22:54:31 Dispatch interface : .
mai 09, 2017 11:06:03 PM helper.Helper InitDailyDestPrintDir
INFOS: Print directory [.\print\2017_05_09] already exist!
Print sub directory [.\print\2017_05_09.\open_sheet] already exist!
Print sub directory [.\print\2017_05_09.\closing_sheet] already exist!
Print sub directory [.\print\2017_05_09.\picking_label] already exist!
Print sub directory [.\print\2017_05_09.\dispatch_label] already exist!

mai 09, 2017 11:06:18 PM gui.warehouse_dispatch.WAREHOUSE_DISPATCH_UI0003_PasswordRequest connect
INFOS: User Admin   / 9999 connected to host O-EZZIOURI at 2017-05-09 23:06:18 Dispatch interface : .
mai 09, 2017 11:09:44 PM helper.Helper InitDailyDestPrintDir
INFOS: Print directory [.\print\2017_05_09] already exist!
Print sub directory [.\print\2017_05_09.\open_sheet] already exist!
Print sub directory [.\print\2017_05_09.\closing_sheet] already exist!
Print sub directory [.\print\2017_05_09.\picking_label] already exist!
Print sub directory [.\print\2017_05_09.\dispatch_label] already exist!

mai 09, 2017 11:09:50 PM gui.warehouse_dispatch.WAREHOUSE_DISPATCH_UI0003_PasswordRequest connect
INFOS: User Admin   / 9999 connected to host O-EZZIOURI at 2017-05-09 23:09:50 Dispatch interface : .
mai 09, 2017 11:10:43 PM helper.Helper InitDailyDestPrintDir
INFOS: Print directory [.\print\2017_05_09] already exist!
Print sub directory [.\print\2017_05_09.\open_sheet] already exist!
Print sub directory [.\print\2017_05_09.\closing_sheet] already exist!
Print sub directory [.\print\2017_05_09.\picking_label] already exist!
Print sub directory [.\print\2017_05_09.\dispatch_label] already exist!

mai 09, 2017 11:10:52 PM gui.warehouse_dispatch.WAREHOUSE_DISPATCH_UI0003_PasswordRequest connect
INFOS: User Admin   / 9999 connected to host O-EZZIOURI at 2017-05-09 23:10:52 Dispatch interface : .
mai 09, 2017 11:14:49 PM helper.Helper InitDailyDestPrintDir
INFOS: Print directory [.\print\2017_05_09] already exist!
Print sub directory [.\print\2017_05_09.\open_sheet] already exist!
Print sub directory [.\print\2017_05_09.\closing_sheet] already exist!
Print sub directory [.\print\2017_05_09.\picking_label] already exist!
Print sub directory [.\print\2017_05_09.\dispatch_label] already exist!

mai 09, 2017 11:14:54 PM gui.warehouse_dispatch.WAREHOUSE_DISPATCH_UI0003_PasswordRequest connect
INFOS: User Admin   / 9999 connected to host O-EZZIOURI at 2017-05-09 23:14:54 Dispatch interface : .
mai 09, 2017 11:31:26 PM helper.Helper InitDailyDestPrintDir
INFOS: Print directory [.\print\2017_05_09] already exist!
Print sub directory [.\print\2017_05_09.\open_sheet] already exist!
Print sub directory [.\print\2017_05_09.\closing_sheet] already exist!
Print sub directory [.\print\2017_05_09.\picking_label] already exist!
Print sub directory [.\print\2017_05_09.\dispatch_label] already exist!

mai 09, 2017 11:31:32 PM gui.warehouse_dispatch.WAREHOUSE_DISPATCH_UI0003_PasswordRequest connect
INFOS: User Admin   / 9999 connected to host O-EZZIOURI at 2017-05-09 23:31:32 Dispatch interface : .
mai 09, 2017 11:32:19 PM helper.Helper InitDailyDestPrintDir
INFOS: Print directory [.\print\2017_05_09] already exist!
Print sub directory [.\print\2017_05_09.\open_sheet] already exist!
Print sub directory [.\print\2017_05_09.\closing_sheet] already exist!
Print sub directory [.\print\2017_05_09.\picking_label] already exist!
Print sub directory [.\print\2017_05_09.\dispatch_label] already exist!

mai 09, 2017 11:32:22 PM gui.warehouse_dispatch.WAREHOUSE_DISPATCH_UI0003_PasswordRequest connect
INFOS: User Admin   / 9999 connected to host O-EZZIOURI at 2017-05-09 23:32:22 Dispatch interface : .
mai 09, 2017 11:36:05 PM helper.Helper InitDailyDestPrintDir
INFOS: Print directory [.\print\2017_05_09] already exist!
Print sub directory [.\print\2017_05_09.\open_sheet] already exist!
Print sub directory [.\print\2017_05_09.\closing_sheet] already exist!
Print sub directory [.\print\2017_05_09.\picking_label] already exist!
Print sub directory [.\print\2017_05_09.\dispatch_label] already exist!

mai 09, 2017 11:36:09 PM gui.warehouse_dispatch.WAREHOUSE_DISPATCH_UI0003_PasswordRequest connect
INFOS: User Admin   / 9999 connected to host O-EZZIOURI at 2017-05-09 23:36:09 Dispatch interface : .
mai 09, 2017 11:41:12 PM helper.Helper InitDailyDestPrintDir
INFOS: Print directory [.\print\2017_05_09] already exist!
Print sub directory [.\print\2017_05_09.\open_sheet] already exist!
Print sub directory [.\print\2017_05_09.\closing_sheet] already exist!
Print sub directory [.\print\2017_05_09.\picking_label] already exist!
Print sub directory [.\print\2017_05_09.\dispatch_label] already exist!

mai 09, 2017 11:41:29 PM gui.warehouse_dispatch.WAREHOUSE_DISPATCH_UI0003_PasswordRequest connect
INFOS: User Admin   / 9999 connected to host O-EZZIOURI at 2017-05-09 23:41:29 Dispatch interface : .
mai 09, 2017 11:44:04 PM helper.Helper InitDailyDestPrintDir
INFOS: Print directory [.\print\2017_05_09] already exist!
Print sub directory [.\print\2017_05_09.\open_sheet] already exist!
Print sub directory [.\print\2017_05_09.\closing_sheet] already exist!
Print sub directory [.\print\2017_05_09.\picking_label] already exist!
Print sub directory [.\print\2017_05_09.\dispatch_label] already exist!

mai 09, 2017 11:44:39 PM gui.warehouse_dispatch.WAREHOUSE_DISPATCH_UI0003_PasswordRequest connect
INFOS: User Admin   / 9999 connected to host O-EZZIOURI at 2017-05-09 23:44:39 Dispatch interface : .
mai 09, 2017 11:52:17 PM helper.Helper InitDailyDestPrintDir
INFOS: Print directory [.\print\2017_05_09] already exist!
Print sub directory [.\print\2017_05_09.\open_sheet] already exist!
Print sub directory [.\print\2017_05_09.\closing_sheet] already exist!
Print sub directory [.\print\2017_05_09.\picking_label] already exist!
Print sub directory [.\print\2017_05_09.\dispatch_label] already exist!

mai 09, 2017 11:52:24 PM gui.warehouse_dispatch.WAREHOUSE_DISPATCH_UI0003_PasswordRequest connect
INFOS: User Admin   / 9999 connected to host O-EZZIOURI at 2017-05-09 23:52:24 Dispatch interface : .
mai 09, 2017 11:54:25 PM helper.Helper InitDailyDestPrintDir
INFOS: Print directory [.\print\2017_05_09] already exist!
Print sub directory [.\print\2017_05_09.\open_sheet] already exist!
Print sub directory [.\print\2017_05_09.\closing_sheet] already exist!
Print sub directory [.\print\2017_05_09.\picking_label] already exist!
Print sub directory [.\print\2017_05_09.\dispatch_label] already exist!

mai 09, 2017 11:54:29 PM gui.warehouse_dispatch.WAREHOUSE_DISPATCH_UI0003_PasswordRequest connect
INFOS: User Admin   / 9999 connected to host O-EZZIOURI at 2017-05-09 23:54:29 Dispatch interface : .
mai 09, 2017 11:56:39 PM helper.Helper InitDailyDestPrintDir
INFOS: Print directory [.\print\2017_05_09] already exist!
Print sub directory [.\print\2017_05_09.\open_sheet] already exist!
Print sub directory [.\print\2017_05_09.\closing_sheet] already exist!
Print sub directory [.\print\2017_05_09.\picking_label] already exist!
Print sub directory [.\print\2017_05_09.\dispatch_label] already exist!

mai 09, 2017 11:56:43 PM gui.warehouse_dispatch.WAREHOUSE_DISPATCH_UI0003_PasswordRequest connect
INFOS: User Admin   / 9999 connected to host O-EZZIOURI at 2017-05-09 23:56:43 Dispatch interface : .
mai 09, 2017 11:58:28 PM helper.Helper InitDailyDestPrintDir
INFOS: Print directory [.\print\2017_05_09] already exist!
Print sub directory [.\print\2017_05_09.\open_sheet] already exist!
Print sub directory [.\print\2017_05_09.\closing_sheet] already exist!
Print sub directory [.\print\2017_05_09.\picking_label] already exist!
Print sub directory [.\print\2017_05_09.\dispatch_label] already exist!

mai 09, 2017 11:58:31 PM gui.warehouse_dispatch.WAREHOUSE_DISPATCH_UI0003_PasswordRequest connect
INFOS: User Admin   / 9999 connected to host O-EZZIOURI at 2017-05-09 23:58:31 Dispatch interface : .
