mars 10, 2017 10:36:07 PM helper.Helper InitDailyDestPrintDir
INFOS: Print directory [.\print\2017_03_10] is created!
Print sub directory [.\print\2017_03_10.\open_sheet] is created!
Print sub directory [.\print\2017_03_10.\closing_sheet] is created!
Print sub directory [.\print\2017_03_10.\picking_label] is created!
Print sub directory [.\print\2017_03_10.\dispatch_label] is created!

mars 10, 2017 10:36:28 PM gui.warehouse_output.WAREHOUSE_OUT_UI0003_PasswordRequest connect
INFOS: User Admin SMALL / 9999 connected to host O-EZZIOURI at 2017-03-10 22:36:28 Dispatch interface : .
mars 10, 2017 11:35:55 PM helper.Helper InitDailyDestPrintDir
INFOS: Print directory [.\print\2017_03_10] already exist!
Print sub directory [.\print\2017_03_10.\open_sheet] already exist!
Print sub directory [.\print\2017_03_10.\closing_sheet] already exist!
Print sub directory [.\print\2017_03_10.\picking_label] already exist!
Print sub directory [.\print\2017_03_10.\dispatch_label] already exist!

mars 10, 2017 11:36:22 PM gui.packaging.PACKAGING_UI0001_Main loadBarcodeConfig
INFOS: FROM ConfigBarcode cb WHERE cb.keyWord = :keyWord ORDER BY id ASC
mars 10, 2017 11:36:22 PM entity.ConfigProject select
INFOS: FROM ConfigProject bp ORDER BY harnessType ASC
mars 10, 2017 11:36:23 PM entity.ConfigProject select
INFOS: FROM ConfigProject bp ORDER BY harnessType ASC
mars 10, 2017 11:36:49 PM gui.packaging.PACKAGING_UI0001_Main loadBarcodeConfig
INFOS: FROM ConfigBarcode cb WHERE cb.keyWord = :keyWord ORDER BY id ASC
mars 10, 2017 11:36:49 PM entity.ConfigProject select
INFOS: FROM ConfigProject bp ORDER BY harnessType ASC
mars 10, 2017 11:36:49 PM entity.ConfigProject select
INFOS: FROM ConfigProject bp ORDER BY harnessType ASC
mars 10, 2017 11:36:56 PM gui.packaging.PACKAGING_UI0001_Main loadBarcodeConfig
INFOS: FROM ConfigBarcode cb WHERE cb.keyWord = :keyWord ORDER BY id ASC
mars 10, 2017 11:36:56 PM entity.ConfigProject select
INFOS: FROM ConfigProject bp ORDER BY harnessType ASC
mars 10, 2017 11:36:56 PM entity.ConfigProject select
INFOS: FROM ConfigProject bp ORDER BY harnessType ASC
mars 10, 2017 11:37:05 PM gui.packaging.PACKAGING_UI0001_Main loadBarcodeConfig
INFOS: FROM ConfigBarcode cb WHERE cb.keyWord = :keyWord ORDER BY id ASC
mars 10, 2017 11:37:05 PM entity.ConfigProject select
INFOS: FROM ConfigProject bp ORDER BY harnessType ASC
mars 10, 2017 11:37:05 PM entity.ConfigProject select
INFOS: FROM ConfigProject bp ORDER BY harnessType ASC
mars 10, 2017 11:39:50 PM state.S010_UserCodeScan doAction
INFOS: Invalid matricule number or account locked !
mars 10, 2017 11:40:04 PM helper.Helper InitDailyDestPrintDir
INFOS: Print directory [.\print\2017_03_10] already exist!
Print sub directory [.\print\2017_03_10.\open_sheet] already exist!
Print sub directory [.\print\2017_03_10.\closing_sheet] already exist!
Print sub directory [.\print\2017_03_10.\picking_label] already exist!
Print sub directory [.\print\2017_03_10.\dispatch_label] already exist!

mars 10, 2017 11:40:05 PM gui.packaging.PACKAGING_UI0001_Main loadBarcodeConfig
INFOS: FROM ConfigBarcode cb WHERE cb.keyWord = :keyWord ORDER BY id ASC
mars 10, 2017 11:40:05 PM entity.ConfigProject select
INFOS: FROM ConfigProject bp ORDER BY harnessType ASC
mars 10, 2017 11:40:05 PM entity.ConfigProject select
INFOS: FROM ConfigProject bp ORDER BY harnessType ASC
mars 10, 2017 11:40:20 PM gui.packaging.PACKAGING_UI0002_PasswordRequest connect
INFOS: User Admin SMALL / 9999 connected to host O-EZZIOURI at 2017-03-10 23:40:20 Project : ENGINE.
mars 10, 2017 11:47:42 PM helper.Helper InitDailyDestPrintDir
INFOS: Print directory [.\print\2017_03_10] already exist!
Print sub directory [.\print\2017_03_10.\open_sheet] already exist!
Print sub directory [.\print\2017_03_10.\closing_sheet] already exist!
Print sub directory [.\print\2017_03_10.\picking_label] already exist!
Print sub directory [.\print\2017_03_10.\dispatch_label] already exist!

mars 10, 2017 11:47:43 PM gui.packaging.PACKAGING_UI0001_Main loadBarcodeConfig
INFOS: FROM ConfigBarcode cb WHERE cb.keyWord = :keyWord ORDER BY id ASC
mars 10, 2017 11:47:43 PM entity.ConfigProject select
INFOS: FROM ConfigProject bp ORDER BY harnessType ASC
mars 10, 2017 11:47:43 PM entity.ConfigProject select
INFOS: FROM ConfigProject bp ORDER BY harnessType ASC
mars 10, 2017 11:47:57 PM gui.packaging.PACKAGING_UI0002_PasswordRequest connect
INFOS: User Admin SMALL / 9999 connected to host O-EZZIOURI at 2017-03-10 23:47:57 Project : ENGINE.
mars 10, 2017 11:48:47 PM entity.ConfigSegment select
INFOS: FROM ConfigSegment bp ORDER BY segment ASC
mars 10, 2017 11:49:15 PM gui.packaging.PACKAGING_UI0001_Main loadBarcodeConfig
INFOS: FROM ConfigBarcode cb WHERE cb.keyWord = :keyWord ORDER BY id ASC
mars 10, 2017 11:49:15 PM entity.ConfigProject select
INFOS: FROM ConfigProject bp ORDER BY harnessType ASC
mars 10, 2017 11:49:15 PM entity.ConfigProject select
INFOS: FROM ConfigProject bp ORDER BY harnessType ASC
mars 10, 2017 11:50:12 PM helper.Helper InitDailyDestPrintDir
INFOS: Print directory [.\print\2017_03_10] already exist!
Print sub directory [.\print\2017_03_10.\open_sheet] already exist!
Print sub directory [.\print\2017_03_10.\closing_sheet] already exist!
Print sub directory [.\print\2017_03_10.\picking_label] already exist!
Print sub directory [.\print\2017_03_10.\dispatch_label] already exist!

mars 10, 2017 11:50:29 PM helper.Helper InitDailyDestPrintDir
INFOS: Print directory [.\print\2017_03_10] already exist!
Print sub directory [.\print\2017_03_10.\open_sheet] already exist!
Print sub directory [.\print\2017_03_10.\closing_sheet] already exist!
Print sub directory [.\print\2017_03_10.\picking_label] already exist!
Print sub directory [.\print\2017_03_10.\dispatch_label] already exist!

mars 10, 2017 11:50:53 PM gui.packaging.PACKAGING_UI0001_Main loadBarcodeConfig
INFOS: FROM ConfigBarcode cb WHERE cb.keyWord = :keyWord ORDER BY id ASC
mars 10, 2017 11:50:53 PM entity.ConfigProject select
INFOS: FROM ConfigProject bp ORDER BY harnessType ASC
mars 10, 2017 11:50:53 PM entity.ConfigProject select
INFOS: FROM ConfigProject bp ORDER BY harnessType ASC
mars 10, 2017 11:51:00 PM gui.packaging.PACKAGING_UI0002_PasswordRequest connect
INFOS: User Admin SMALL / 9999 connected to host O-EZZIOURI at 2017-03-10 23:51:00 Project : ENGINE.
mars 10, 2017 11:57:07 PM helper.Helper InitDailyDestPrintDir
INFOS: Print directory [.\print\2017_03_10] already exist!
Print sub directory [.\print\2017_03_10.\open_sheet] already exist!
Print sub directory [.\print\2017_03_10.\closing_sheet] already exist!
Print sub directory [.\print\2017_03_10.\picking_label] already exist!
Print sub directory [.\print\2017_03_10.\dispatch_label] already exist!

mars 10, 2017 11:59:05 PM gui.packaging.PACKAGING_UI0001_Main loadBarcodeConfig
INFOS: FROM ConfigBarcode cb WHERE cb.keyWord = :keyWord ORDER BY id ASC
mars 10, 2017 11:59:05 PM entity.ConfigProject select
INFOS: FROM ConfigProject bp ORDER BY harnessType ASC
mars 10, 2017 11:59:05 PM entity.ConfigProject select
INFOS: FROM ConfigProject bp ORDER BY harnessType ASC
mars 10, 2017 11:59:17 PM gui.packaging.PACKAGING_UI0002_PasswordRequest connect
INFOS: User Admin SMALL / 9999 connected to host O-EZZIOURI at 2017-03-10 23:59:17 Project : ENGINE.
mars 10, 2017 11:59:34 PM gui.packaging.PACKAGING_UI0001_Main loadBarcodeConfig
INFOS: FROM ConfigBarcode cb WHERE cb.keyWord = :keyWord ORDER BY id ASC
mars 10, 2017 11:59:34 PM entity.ConfigProject select
INFOS: FROM ConfigProject bp ORDER BY harnessType ASC
mars 10, 2017 11:59:34 PM entity.ConfigProject select
INFOS: FROM ConfigProject bp ORDER BY harnessType ASC
