sept. 01, 2016 12:38:46 PM helper.Helper InitDailyDestPrintDir
INFOS: Print directory [.\print\2016_09_01] is created!
Print sub directory [.\print\2016_09_01.\open_sheet] is created!
Print sub directory [.\print\2016_09_01.\closing_sheet] is created!
Print sub directory [.\print\2016_09_01.\picking_label] is created!

sept. 01, 2016 12:39:48 PM gui.packaging.PACKAGING_UI0001_Main loadDataMatrixList
INFOS: FROM ConfigBarcode cb WHERE cb.keyWord = :keyWord ORDER BY id ASC
sept. 01, 2016 12:39:48 PM entity.ConfigProject select
INFOS: FROM ConfigProject bp ORDER BY harnessType ASC
sept. 01, 2016 12:39:48 PM entity.ConfigProject select
INFOS: FROM ConfigProject bp ORDER BY harnessType ASC
sept. 01, 2016 12:56:51 PM helper.Helper InitDailyDestPrintDir
INFOS: Print directory [.\print\2016_09_01] already exist!
Print sub directory [.\print\2016_09_01.\open_sheet] already exist!
Print sub directory [.\print\2016_09_01.\closing_sheet] already exist!
Print sub directory [.\print\2016_09_01.\picking_label] already exist!

sept. 01, 2016 1:01:00 PM helper.Helper InitDailyDestPrintDir
INFOS: Print directory [.\print\2016_09_01] already exist!
Print sub directory [.\print\2016_09_01.\open_sheet] already exist!
Print sub directory [.\print\2016_09_01.\closing_sheet] already exist!
Print sub directory [.\print\2016_09_01.\picking_label] already exist!

sept. 01, 2016 1:01:02 PM gui.packaging.PACKAGING_UI0001_Main loadDataMatrixList
INFOS: FROM ConfigBarcode cb WHERE cb.keyWord = :keyWord ORDER BY id ASC
sept. 01, 2016 1:01:02 PM entity.ConfigProject select
INFOS: FROM ConfigProject bp ORDER BY harnessType ASC
sept. 01, 2016 1:01:02 PM entity.ConfigProject select
INFOS: FROM ConfigProject bp ORDER BY harnessType ASC
sept. 01, 2016 1:03:29 PM helper.Helper InitDailyDestPrintDir
INFOS: Print directory [.\print\2016_09_01] already exist!
Print sub directory [.\print\2016_09_01.\open_sheet] already exist!
Print sub directory [.\print\2016_09_01.\closing_sheet] already exist!
Print sub directory [.\print\2016_09_01.\picking_label] already exist!

sept. 01, 2016 1:03:49 PM gui.packaging.PACKAGING_UI0001_Main loadDataMatrixList
INFOS: FROM ConfigBarcode cb WHERE cb.keyWord = :keyWord ORDER BY id ASC
sept. 01, 2016 1:03:49 PM entity.ConfigProject select
INFOS: FROM ConfigProject bp ORDER BY harnessType ASC
sept. 01, 2016 1:03:49 PM entity.ConfigProject select
INFOS: FROM ConfigProject bp ORDER BY harnessType ASC
sept. 01, 2016 1:04:49 PM helper.Helper InitDailyDestPrintDir
INFOS: Print directory [.\print\2016_09_01] already exist!
Print sub directory [.\print\2016_09_01.\open_sheet] already exist!
Print sub directory [.\print\2016_09_01.\closing_sheet] already exist!
Print sub directory [.\print\2016_09_01.\picking_label] already exist!

sept. 01, 2016 1:04:51 PM gui.packaging.PACKAGING_UI0001_Main loadDataMatrixList
INFOS: FROM ConfigBarcode cb WHERE cb.keyWord = :keyWord ORDER BY id ASC
sept. 01, 2016 1:04:51 PM entity.ConfigProject select
INFOS: FROM ConfigProject bp ORDER BY harnessType ASC
sept. 01, 2016 1:04:51 PM entity.ConfigProject select
INFOS: FROM ConfigProject bp ORDER BY harnessType ASC
sept. 01, 2016 1:05:44 PM helper.Helper InitDailyDestPrintDir
INFOS: Print directory [.\print\2016_09_01] already exist!
Print sub directory [.\print\2016_09_01.\open_sheet] already exist!
Print sub directory [.\print\2016_09_01.\closing_sheet] already exist!
Print sub directory [.\print\2016_09_01.\picking_label] already exist!

sept. 01, 2016 1:05:46 PM gui.packaging.PACKAGING_UI0001_Main loadDataMatrixList
INFOS: FROM ConfigBarcode cb WHERE cb.keyWord = :keyWord ORDER BY id ASC
sept. 01, 2016 1:05:46 PM entity.ConfigProject select
INFOS: FROM ConfigProject bp ORDER BY harnessType ASC
sept. 01, 2016 1:05:46 PM entity.ConfigProject select
INFOS: FROM ConfigProject bp ORDER BY harnessType ASC
sept. 01, 2016 1:05:55 PM gui.packaging.PACKAGING_UI0002_PasswordRequest admin_password_txtboxKeyPressed
INFOS: User Smail FAZOUATI / 17345 connected to host WSMA7040 at 2016-09-01 13:05:55 Project : ENGINE.
sept. 01, 2016 1:06:04 PM entity.ConfigProject select
INFOS: FROM ConfigProject bp ORDER BY harnessType ASC
sept. 01, 2016 1:06:13 PM entity.ConfigProject select
INFOS: FROM ConfigProject bp ORDER BY harnessType ASC
sept. 01, 2016 1:34:40 PM helper.Helper InitDailyDestPrintDir
INFOS: Print directory [.\print\2016_09_01] already exist!
Print sub directory [.\print\2016_09_01.\open_sheet] already exist!
Print sub directory [.\print\2016_09_01.\closing_sheet] already exist!
Print sub directory [.\print\2016_09_01.\picking_label] already exist!

sept. 01, 2016 1:34:42 PM gui.packaging.PACKAGING_UI0001_Main loadDataMatrixList
INFOS: FROM ConfigBarcode cb WHERE cb.keyWord = :keyWord ORDER BY id ASC
sept. 01, 2016 1:34:42 PM entity.ConfigProject select
INFOS: FROM ConfigProject bp ORDER BY harnessType ASC
sept. 01, 2016 1:34:42 PM entity.ConfigProject select
INFOS: FROM ConfigProject bp ORDER BY harnessType ASC
sept. 01, 2016 1:36:56 PM helper.Helper InitDailyDestPrintDir
INFOS: Print directory [.\print\2016_09_01] already exist!
Print sub directory [.\print\2016_09_01.\open_sheet] already exist!
Print sub directory [.\print\2016_09_01.\closing_sheet] already exist!
Print sub directory [.\print\2016_09_01.\picking_label] already exist!

sept. 01, 2016 1:36:59 PM gui.packaging.PACKAGING_UI0001_Main loadDataMatrixList
INFOS: FROM ConfigBarcode cb WHERE cb.keyWord = :keyWord ORDER BY id ASC
sept. 01, 2016 1:36:59 PM entity.ConfigProject select
INFOS: FROM ConfigProject bp ORDER BY harnessType ASC
sept. 01, 2016 1:36:59 PM entity.ConfigProject select
INFOS: FROM ConfigProject bp ORDER BY harnessType ASC
sept. 01, 2016 3:51:44 PM helper.Helper InitDailyDestPrintDir
INFOS: Print directory [.\print\2016_09_01] already exist!
Print sub directory [.\print\2016_09_01.\open_sheet] already exist!
Print sub directory [.\print\2016_09_01.\closing_sheet] already exist!
Print sub directory [.\print\2016_09_01.\picking_label] already exist!

sept. 01, 2016 3:51:45 PM gui.packaging.PACKAGING_UI0001_Main loadDataMatrixList
INFOS: FROM ConfigBarcode cb WHERE cb.keyWord = :keyWord ORDER BY id ASC
sept. 01, 2016 3:51:45 PM entity.ConfigProject select
INFOS: FROM ConfigProject bp ORDER BY harnessType ASC
sept. 01, 2016 3:51:45 PM entity.ConfigProject select
INFOS: FROM ConfigProject bp ORDER BY harnessType ASC
sept. 01, 2016 4:26:46 PM gui.packaging.PACKAGING_UI0001_Main loadDataMatrixList
INFOS: FROM ConfigBarcode cb WHERE cb.keyWord = :keyWord ORDER BY id ASC
sept. 01, 2016 4:26:46 PM entity.ConfigProject select
INFOS: FROM ConfigProject bp ORDER BY harnessType ASC
sept. 01, 2016 4:26:46 PM entity.ConfigProject select
INFOS: FROM ConfigProject bp ORDER BY harnessType ASC
