févr. 08, 2016 9:33:01 PM classes.Helper InitDailyDestPrintDir
INFOS: Print directory [.\print\2016_08_02] already exist!
Print sub directory [.\print\2016_08_02.\pallet] already exist!
Print sub directory [.\print\2016_08_02.\galia] already exist!

févr. 08, 2016 9:33:13 PM state.S01_UserCodeScan doAction
DÉSACTIVÉ: FROM BaseUser bu WHERE bu.login = :login
févr. 08, 2016 9:33:13 PM state.S01_UserCodeScan doAction
INFOS: User Yassine HADDANI / 1002 connected to host null at 2016-08-02 21:33:00.
févr. 08, 2016 9:33:13 PM entity.BaseContainer select
INFOS: FROM BaseContainer bc
févr. 08, 2016 9:33:42 PM entity.BaseHarness checkHarnessPartFormat
INFOS: Invalid Harness Part scanned !
févr. 08, 2016 9:33:42 PM state.S02_HarnessPartScan doAction
INFOS: Invalid Harness Part scanned ! [P2150621]
févr. 08, 2016 9:33:49 PM entity.ConfigUcs isHarnessPartExist
INFOS: Searching Harness part [21520621] in ConfigUCS: 21520621
févr. 08, 2016 9:33:49 PM entity.ConfigUcs select
INFOS: FROM ConfigUcs cu WHERE cu.harnessPart = :hp
févr. 08, 2016 9:33:49 PM entity.ConfigUcs isHarnessPartExist
INFOS: Harness part [21520621] found.
févr. 08, 2016 9:33:49 PM state.S02_HarnessPartScan doAction
INFOS: Harness Part scanned [P21520621] OK.
févr. 08, 2016 9:33:53 PM entity.BaseHarness isCounterExist
INFOS: Searching Harness counter [P2220512705.02.2016;11:44:56] in BaseHarness.
févr. 08, 2016 9:33:53 PM entity.BaseHarness isCounterExist
INFOS: FROM BaseHarness bh WHERE bh.counter = :counter
févr. 08, 2016 9:33:53 PM entity.BaseHarness isCounterExist
INFOS: New Harness counter [P2220512705.02.2016;11:44:56].
févr. 08, 2016 9:33:53 PM state.S03_QRCodeScan doAction
INFOS: Valid Harness Counter scanned [P2220512705.02.2016;11:44:56] OK.
févr. 08, 2016 9:33:57 PM gui.UI0002_Choose_Harness <init>
DÉSACTIVÉ: FROM ConfigUcs cu WHERE cu.harnessPart = :hp
févr. 08, 2016 9:33:57 PM gui.UI0002_Choose_Harness <init>
INFOS: Item found 26C41031A__P02__1HV__60
févr. 08, 2016 9:33:57 PM gui.UI0002_Choose_Harness <init>
INFOS: 1 item(s) found for Harness Part[21520621].
févr. 08, 2016 9:34:08 PM gui.UI0002_Choose_Harness items_listKeyPressed
INFOS: Selected pack type : {harness_index=P02, harness_part=P21520621, uid=4, choosen_pack_type=26C41031A__P02__1HV__60, supplier_part_number=26C41031A, pallet_number=null, qty_expected=60, pack_type=1HV} 
févr. 08, 2016 9:34:09 PM gui.UI0002_Choose_Harness items_listKeyPressed
DÉSACTIVÉ: FROM ConfigUcs cu WHERE cu.supplierPartNumber = :supplierPartNumber AND cu.harnessIndex = :harnessIndex
févr. 08, 2016 9:34:09 PM print.PrintOpenPallet_A5 sentToDefaultPrinter
INFOS: Sending [.\print\2016_08_02\pallet\PrintOpenPallet_A5_2016_08_02_21_34_09.pdf] to the default printer...
févr. 08, 2016 9:34:09 PM print.PrintOpenPallet_A5 sentToDefaultPrinter
INFOS: File [%s] has been printed.
févr. 08, 2016 9:34:09 PM state.S040_PaletChoice doAction
INFOS: Openning new container.
