mai 26, 2016 8:07:21 AM helper.Helper InitDailyDestPrintDir
INFOS: Print directory [.\print\2016_05_26] is created!
Print sub directory [.\print\2016_05_26.\open_sheet] is created!
Print sub directory [.\print\2016_05_26.\closing_sheet] is created!
Print sub directory [.\print\2016_05_26.\picking_label] is created!

mai 26, 2016 8:07:42 AM entity.ConfigProject select
INFOS: FROM ConfigProject bp ORDER BY harnessType ASC
mai 26, 2016 8:07:42 AM entity.ConfigProject select
INFOS: FROM ConfigProject bp ORDER BY harnessType ASC
mai 26, 2016 8:11:23 AM state.S010_UserCodeScan doAction
INFOS: User Admin   / 9999 connected to host WSMA7040 at 2016-05-26 08:11:23 Project : SMALL.
mai 26, 2016 8:11:34 AM state.S010_UserCodeScan doAction
INFOS: User Admin   / 9999 connected to host WSMA7040 at 2016-05-26 08:11:34 Project : SMALL.
mai 26, 2016 8:11:41 AM state.S010_UserCodeScan doAction
INFOS: Invalid matricule number or account locked !
mai 26, 2016 8:15:36 AM helper.Helper InitDailyDestPrintDir
INFOS: Print directory [.\print\2016_05_26] already exist!
Print sub directory [.\print\2016_05_26.\open_sheet] already exist!
Print sub directory [.\print\2016_05_26.\closing_sheet] already exist!
Print sub directory [.\print\2016_05_26.\picking_label] already exist!

mai 26, 2016 8:15:37 AM entity.ConfigProject select
INFOS: FROM ConfigProject bp ORDER BY harnessType ASC
mai 26, 2016 8:15:37 AM entity.ConfigProject select
INFOS: FROM ConfigProject bp ORDER BY harnessType ASC
mai 26, 2016 8:15:41 AM state.S010_UserCodeScan doAction
INFOS: User Admin   / 9999 connected to host WSMA7040 at 2016-05-26 08:15:41 Project : ENGINE.
mai 26, 2016 8:16:51 AM entity.ConfigUcs isHarnessPartExist
INFOS: Searching Harness part [21395078] in ConfigUCS: ENGINE
mai 26, 2016 8:16:51 AM entity.ConfigUcs isHarnessPartExist
INFOS: Harness part [21395078] found for project [ENGINE].
mai 26, 2016 8:16:51 AM state.S020_HarnessPartScan doAction
INFOS: Harness Part scanned [P21395078] OK.
mai 26, 2016 8:17:00 AM entity.BaseHarness isCounterExist
INFOS: Searching Harness counter [P2139507805.02.2016;00:00:00] in BaseHarness.
mai 26, 2016 8:17:00 AM entity.BaseHarness isCounterExist
INFOS: FROM BaseHarness bh WHERE bh.counter = :counter
mai 26, 2016 8:17:00 AM state.S030_MatrixIdScan doAction
INFOS: Valid Harness Counter scanned [P2139507805.02.2016;00:00:00] OK.
mai 26, 2016 8:17:03 AM state.S040_PalletChoice doAction
INFOS: Is it a new pallet ?
mai 26, 2016 8:17:03 AM state.S040_PalletChoice doAction
INFOS:  [Yes]
mai 26, 2016 8:17:03 AM gui.packaging.PACKAGING_UI9000_ChoosePackType <init>
INFOS: Item found 21395078--26C31251A--P02--1HV--3
mai 26, 2016 8:17:03 AM gui.packaging.PACKAGING_UI9000_ChoosePackType <init>
INFOS: 1 UCS founds for Harness Part[21395078].
mai 26, 2016 8:17:04 AM gui.packaging.PACKAGING_UI9000_ChoosePackType mappingContextVals
INFOS: Selected pack type : 21395078--26C31251A--P02--1HV--3 
mai 26, 2016 8:17:04 AM helper.Helper InitDailyDestPrintDir
INFOS: nullPrint directory [.\print\2016_05_26] already exist!
Print sub directory [.\print\2016_05_26.\open_sheet] already exist!
Print sub directory [.\print\2016_05_26.\closing_sheet] already exist!
Print sub directory [.\print\2016_05_26.\picking_label] already exist!

mai 26, 2016 8:17:05 AM helper.PrinterHelper saveAndPrintOpenSheet
INFOS: Set Pallet [200000487] state to [IN_PROCESS]
mai 26, 2016 8:17:05 AM print.PrintOpenPallet_A5 sentToDefaultDesktopPrinter
INFOS: Sending [.\print\2016_05_26\open_sheet\PrintOpenPallet_A5_2016_05_26_08_17_05_200000487.pdf] to the default printer...
mai 26, 2016 8:17:05 AM print.PrintOpenPallet_A5 sentToDefaultDesktopPrinter
INFOS: File [%s] has been printed.
mai 26, 2016 8:17:05 AM helper.PrinterHelper saveAndPrintOpenSheet
INFOS: Set Pallet [200000487] state to [PRINTED]
mai 26, 2016 8:17:05 AM gui.packaging.PACKAGING_UI9000_ChoosePackType items_listKeyPressed
INFOS: Openning new container for first harness part [21395078].
mai 26, 2016 8:17:22 AM state.S041_NewPalletScan doAction
AVERTISSEMENT: Incorrect pallet number [20000487]
mai 26, 2016 8:17:27 AM state.S041_NewPalletScan doAction
INFOS: Scanned Pallet number [200000487] OK.
mai 26, 2016 8:17:27 AM state.S041_NewPalletScan doAction
INFOS: BaseContainer created BaseContainer{id=759,
 createTime=Thu May 26 08:17:27 WEST 2016,
 writeTime=Thu May 26 08:17:27 WEST 2016,
 createId=4,
 writeId=4,
 user=9999,
 startTime=Thu May 26 08:17:27 WEST 2016,
 completeTime=null,
 workTime=null,
 palletNumber=200000487,
 harnessPart=21395078,
 harnessIndex=P02,
 supplierPartNumber=26C31251A,
 qtyExpected=3,
 qtyRead=1,
 containerState=OPEN,
 containerStateCode=1000,
 packType=1HV,
 harnessType=ENGINE,
 harnessList=[]} 
mai 26, 2016 8:17:31 AM entity.ConfigUcs isHarnessPartExist
INFOS: Searching Harness part [21395078] in ConfigUCS: ENGINE
mai 26, 2016 8:17:31 AM entity.ConfigUcs isHarnessPartExist
INFOS: Harness part [21395078] found for project [ENGINE].
mai 26, 2016 8:17:31 AM state.S020_HarnessPartScan doAction
INFOS: Harness Part scanned [P21395078] OK.
mai 26, 2016 8:17:34 AM entity.BaseHarness isCounterExist
INFOS: Searching Harness counter [P2139507805.02.2016;00:00:00] in BaseHarness.
mai 26, 2016 8:17:34 AM entity.BaseHarness isCounterExist
INFOS: FROM BaseHarness bh WHERE bh.counter = :counter
mai 26, 2016 8:17:34 AM entity.BaseHarness getHarnessByCounter
INFOS: FROM BaseHarness bh WHERE bh.counter = :counter
mai 26, 2016 8:17:37 AM entity.BaseHarness isCounterExist
INFOS: Searching Harness counter [P2139507805.02.2016;00:00:01] in BaseHarness.
mai 26, 2016 8:17:37 AM entity.BaseHarness isCounterExist
INFOS: FROM BaseHarness bh WHERE bh.counter = :counter
mai 26, 2016 8:17:37 AM state.S030_MatrixIdScan doAction
INFOS: Valid Harness Counter scanned [P2139507805.02.2016;00:00:01] OK.
mai 26, 2016 8:17:42 AM state.S040_PalletChoice doAction
INFOS: Is it a new pallet ?
mai 26, 2016 8:17:42 AM state.S040_PalletChoice doAction
INFOS:  [No]
mai 26, 2016 8:17:42 AM state.S040_PalletChoice doAction
INFOS: Pallet values 
mai 26, 2016 8:17:42 AM state.S040_PalletChoice doAction
INFOS: State           :   [true]
mai 26, 2016 8:17:42 AM state.S040_PalletChoice doAction
INFOS: Qty Expected    :   [3]
mai 26, 2016 8:17:42 AM state.S040_PalletChoice doAction
INFOS: Qty Read        :   [1]
mai 26, 2016 8:17:42 AM state.S040_PalletChoice doAction
INFOS: Harness Part [21395078] = Context Harness Part [21395078]
mai 26, 2016 8:17:42 AM state.S040_PalletChoice doAction
INFOS: Harness Type [ENGINE] = Context Harness Type [ENGINE]
mai 26, 2016 8:17:45 AM entity.BaseHarness checkHarnessPartFormat
INFOS: Invalid Harness Part scanned [P2139507805.02.2016;00:00:02] !
mai 26, 2016 8:17:45 AM state.S020_HarnessPartScan doAction
AVERTISSEMENT: Invalid Harness Part scanned [P2139507805.02.2016;00:00:02] !
mai 26, 2016 8:17:49 AM entity.ConfigUcs isHarnessPartExist
INFOS: Searching Harness part [21395078] in ConfigUCS: ENGINE
mai 26, 2016 8:17:49 AM entity.ConfigUcs isHarnessPartExist
INFOS: Harness part [21395078] found for project [ENGINE].
mai 26, 2016 8:17:49 AM state.S020_HarnessPartScan doAction
INFOS: Harness Part scanned [P21395078] OK.
mai 26, 2016 8:17:52 AM entity.BaseHarness isCounterExist
INFOS: Searching Harness counter [P2139507805.02.2016;00:00:02] in BaseHarness.
mai 26, 2016 8:17:52 AM entity.BaseHarness isCounterExist
INFOS: FROM BaseHarness bh WHERE bh.counter = :counter
mai 26, 2016 8:17:52 AM state.S030_MatrixIdScan doAction
INFOS: Valid Harness Counter scanned [P2139507805.02.2016;00:00:02] OK.
mai 26, 2016 8:17:58 AM state.S040_PalletChoice doAction
INFOS: Is it a new pallet ?
mai 26, 2016 8:17:58 AM state.S040_PalletChoice doAction
INFOS:  [No]
mai 26, 2016 8:17:58 AM state.S040_PalletChoice doAction
INFOS: Pallet values 
mai 26, 2016 8:17:58 AM state.S040_PalletChoice doAction
INFOS: State           :   [true]
mai 26, 2016 8:17:58 AM state.S040_PalletChoice doAction
INFOS: Qty Expected    :   [3]
mai 26, 2016 8:17:58 AM state.S040_PalletChoice doAction
INFOS: Qty Read        :   [2]
mai 26, 2016 8:17:58 AM state.S040_PalletChoice doAction
INFOS: Harness Part [21395078] = Context Harness Part [21395078]
mai 26, 2016 8:17:58 AM state.S040_PalletChoice doAction
INFOS: Harness Type [ENGINE] = Context Harness Type [ENGINE]
mai 26, 2016 8:17:58 AM state.S040_PalletChoice doAction
INFOS: Quantité terminée BaseContainer{id=759,
 createTime=2016-05-26 08:17:27.0,
 writeTime=Thu May 26 08:17:58 WEST 2016,
 createId=4,
 writeId=4,
 user=9999,
 startTime=2016-05-26 08:17:27.0,
 completeTime=null,
 workTime=null,
 palletNumber=200000487,
 harnessPart=21395078,
 harnessIndex=P02,
 supplierPartNumber=26C31251A,
 qtyExpected=3,
 qtyRead=2,
 containerState=OPEN,
 containerStateCode=1000,
 packType=1HV,
 harnessType=ENGINE,
 harnessList=[entity.BaseHarness@31aa79fd, entity.BaseHarness@313d941a, entity.BaseHarness@41c65037]}
mai 26, 2016 8:17:58 AM helper.Helper InitDailyDestPrintDir
INFOS: nullPrint directory [.\print\2016_05_26] already exist!
Print sub directory [.\print\2016_05_26.\open_sheet] already exist!
Print sub directory [.\print\2016_05_26.\closing_sheet] already exist!
Print sub directory [.\print\2016_05_26.\picking_label] already exist!

mai 26, 2016 8:17:58 AM helper.PrinterHelper saveAndPrintClosingSheet
INFOS: Set Closing Pallet item [713] state to [IN_PROCESS]
mai 26, 2016 8:17:58 AM print.PrintClosingPallet_A5 sentToDefaultDesktopPrinter
INFOS: Sending [.\print\2016_05_26\closing_sheet\PrintClosingPallet_A5_2016_05_26_08_17_58.pdf] to the default printer...
mai 26, 2016 8:17:58 AM print.PrintClosingPallet_A5 sentToDefaultDesktopPrinter
INFOS: File [%s] has been printed.
mai 26, 2016 8:17:58 AM helper.PrinterHelper saveAndPrintClosingSheet
INFOS: Set Closing Pallet [713] state to [PRINTED]
mai 26, 2016 8:19:01 AM entity.ConfigProject select
INFOS: FROM ConfigProject bp ORDER BY harnessType ASC
mai 26, 2016 8:21:47 AM entity.ConfigProject select
INFOS: FROM ConfigProject bp ORDER BY harnessType ASC
mai 26, 2016 8:21:47 AM entity.ConfigProject select
INFOS: FROM ConfigProject bp ORDER BY harnessType ASC
mai 26, 2016 8:21:59 AM entity.ConfigProject select
INFOS: FROM ConfigProject bp ORDER BY harnessType ASC
mai 26, 2016 8:38:03 AM helper.Helper InitDailyDestPrintDir
INFOS: Print directory [.\print\2016_05_26] already exist!
Print sub directory [.\print\2016_05_26.\open_sheet] already exist!
Print sub directory [.\print\2016_05_26.\closing_sheet] already exist!
Print sub directory [.\print\2016_05_26.\picking_label] already exist!

mai 26, 2016 8:38:04 AM entity.ConfigProject select
INFOS: FROM ConfigProject bp ORDER BY harnessType ASC
mai 26, 2016 8:38:04 AM entity.ConfigProject select
INFOS: FROM ConfigProject bp ORDER BY harnessType ASC
mai 26, 2016 8:38:12 AM entity.ConfigProject select
INFOS: FROM ConfigProject bp ORDER BY harnessType ASC
mai 26, 2016 8:38:15 AM entity.ConfigProject select
INFOS: FROM ConfigProject bp ORDER BY harnessType ASC
mai 26, 2016 8:40:28 AM helper.Helper InitDailyDestPrintDir
INFOS: Print directory [.\print\2016_05_26] already exist!
Print sub directory [.\print\2016_05_26.\open_sheet] already exist!
Print sub directory [.\print\2016_05_26.\closing_sheet] already exist!
Print sub directory [.\print\2016_05_26.\picking_label] already exist!

mai 26, 2016 8:40:30 AM entity.ConfigProject select
INFOS: FROM ConfigProject bp ORDER BY harnessType ASC
mai 26, 2016 8:40:30 AM entity.ConfigProject select
INFOS: FROM ConfigProject bp ORDER BY harnessType ASC
mai 26, 2016 8:40:32 AM entity.ConfigProject select
INFOS: FROM ConfigProject bp ORDER BY harnessType ASC
mai 26, 2016 8:41:13 AM entity.ConfigProject select
INFOS: FROM ConfigProject bp ORDER BY harnessType ASC
mai 26, 2016 8:42:18 AM helper.Helper InitDailyDestPrintDir
INFOS: Print directory [.\print\2016_05_26] already exist!
Print sub directory [.\print\2016_05_26.\open_sheet] already exist!
Print sub directory [.\print\2016_05_26.\closing_sheet] already exist!
Print sub directory [.\print\2016_05_26.\picking_label] already exist!

mai 26, 2016 8:42:20 AM entity.ConfigProject select
INFOS: FROM ConfigProject bp ORDER BY harnessType ASC
mai 26, 2016 8:42:20 AM entity.ConfigProject select
INFOS: FROM ConfigProject bp ORDER BY harnessType ASC
mai 26, 2016 8:42:21 AM entity.ConfigProject select
INFOS: FROM ConfigProject bp ORDER BY harnessType ASC
mai 26, 2016 10:08:35 AM helper.Helper InitDailyDestPrintDir
INFOS: Print directory [.\print\2016_05_26] already exist!
Print sub directory [.\print\2016_05_26.\open_sheet] already exist!
Print sub directory [.\print\2016_05_26.\closing_sheet] already exist!
Print sub directory [.\print\2016_05_26.\picking_label] already exist!

mai 26, 2016 10:08:37 AM entity.ConfigProject select
INFOS: FROM ConfigProject bp ORDER BY harnessType ASC
mai 26, 2016 10:08:37 AM entity.ConfigProject select
INFOS: FROM ConfigProject bp ORDER BY harnessType ASC
mai 26, 2016 10:08:54 AM state.S010_UserCodeScan doAction
INFOS: User Saliha Mouhib / 14879 connected to host WSMA7040 at 2016-05-26 10:08:54 Project : ENGINE.
mai 26, 2016 10:09:47 AM entity.ConfigUcs isHarnessPartExist
INFOS: Searching Harness part [22630882] in ConfigUCS: ENGINE
mai 26, 2016 10:09:47 AM entity.ConfigUcs isHarnessPartExist
INFOS: Harness part [22630882] found for project [ENGINE].
mai 26, 2016 10:09:47 AM state.S020_HarnessPartScan doAction
INFOS: Harness Part scanned [P22630882] OK.
mai 26, 2016 10:10:07 AM entity.BaseHarness isCounterExist
INFOS: Searching Harness counter [P2263088200.00.0000;00:00:00] in BaseHarness.
mai 26, 2016 10:10:07 AM entity.BaseHarness isCounterExist
INFOS: FROM BaseHarness bh WHERE bh.counter = :counter
mai 26, 2016 10:10:07 AM state.S030_MatrixIdScan doAction
INFOS: Valid Harness Counter scanned [P2263088200.00.0000;00:00:00] OK.
mai 26, 2016 10:20:00 AM helper.Helper InitDailyDestPrintDir
INFOS: Print directory [.\print\2016_05_26] already exist!
Print sub directory [.\print\2016_05_26.\open_sheet] already exist!
Print sub directory [.\print\2016_05_26.\closing_sheet] already exist!
Print sub directory [.\print\2016_05_26.\picking_label] already exist!

mai 26, 2016 10:20:04 AM entity.ConfigProject select
INFOS: FROM ConfigProject bp ORDER BY harnessType ASC
mai 26, 2016 10:20:04 AM entity.ConfigProject select
INFOS: FROM ConfigProject bp ORDER BY harnessType ASC
mai 26, 2016 10:20:06 AM entity.ConfigProject select
INFOS: FROM ConfigProject bp ORDER BY harnessType ASC
mai 26, 2016 10:21:04 AM state.S010_UserCodeScan doAction
INFOS: User Saliha Mouhib / 14879 connected to host WSMA7040 at 2016-05-26 10:21:04 Project : ENGINE.
mai 26, 2016 10:21:15 AM entity.ConfigUcs isHarnessPartExist
INFOS: Searching Harness part [22630882] in ConfigUCS: ENGINE
mai 26, 2016 10:21:15 AM entity.ConfigUcs isHarnessPartExist
INFOS: Harness part [22630882] found for project [ENGINE].
mai 26, 2016 10:21:15 AM state.S020_HarnessPartScan doAction
INFOS: Harness Part scanned [P22630882] OK.
mai 26, 2016 10:21:32 AM entity.BaseHarness isCounterExist
INFOS: Searching Harness counter [P2263088200.00.0000;00:00:00] in BaseHarness.
mai 26, 2016 10:21:32 AM entity.BaseHarness isCounterExist
INFOS: FROM BaseHarness bh WHERE bh.counter = :counter
mai 26, 2016 10:21:32 AM state.S030_MatrixIdScan doAction
INFOS: Valid Harness Counter scanned [P2263088200.00.0000;00:00:00] OK.
mai 26, 2016 10:21:53 AM state.S010_UserCodeScan doAction
INFOS: Invalid matricule number or account locked !
mai 26, 2016 10:21:59 AM state.S010_UserCodeScan doAction
INFOS: User Saliha Mouhib / 14879 connected to host WSMA7040 at 2016-05-26 10:21:59 Project : ENGINE.
