mai 03, 2017 12:07:27 AM helper.Helper InitDailyDestPrintDir
INFOS: Print directory [.\print\2017_05_03] is created!
Print sub directory [.\print\2017_05_03.\open_sheet] is created!
Print sub directory [.\print\2017_05_03.\closing_sheet] is created!
Print sub directory [.\print\2017_05_03.\picking_label] is created!
Print sub directory [.\print\2017_05_03.\dispatch_label] is created!

mai 03, 2017 12:07:33 AM gui.warehouse_dispatch.WAREHOUSE_DISPATCH_UI0003_PasswordRequest connect
INFOS: User Admin   / 9999 connected to host O-EZZIOURI at 2017-05-03 00:07:33 Dispatch interface : .
mai 03, 2017 12:08:33 AM helper.Helper InitDailyDestPrintDir
INFOS: Print directory [.\print\2017_05_03] already exist!
Print sub directory [.\print\2017_05_03.\open_sheet] already exist!
Print sub directory [.\print\2017_05_03.\closing_sheet] already exist!
Print sub directory [.\print\2017_05_03.\picking_label] already exist!
Print sub directory [.\print\2017_05_03.\dispatch_label] already exist!

mai 03, 2017 12:08:38 AM gui.warehouse_dispatch.WAREHOUSE_DISPATCH_UI0003_PasswordRequest connect
INFOS: User Admin   / 9999 connected to host O-EZZIOURI at 2017-05-03 00:08:38 Dispatch interface : .
mai 03, 2017 12:09:27 AM helper.Helper InitDailyDestPrintDir
INFOS: Print directory [.\print\2017_05_03] already exist!
Print sub directory [.\print\2017_05_03.\open_sheet] already exist!
Print sub directory [.\print\2017_05_03.\closing_sheet] already exist!
Print sub directory [.\print\2017_05_03.\picking_label] already exist!
Print sub directory [.\print\2017_05_03.\dispatch_label] already exist!

mai 03, 2017 12:09:31 AM gui.warehouse_dispatch.WAREHOUSE_DISPATCH_UI0003_PasswordRequest connect
INFOS: User Admin   / 9999 connected to host O-EZZIOURI at 2017-05-03 00:09:31 Dispatch interface : .
mai 03, 2017 12:11:03 AM helper.Helper InitDailyDestPrintDir
INFOS: Print directory [.\print\2017_05_03] already exist!
Print sub directory [.\print\2017_05_03.\open_sheet] already exist!
Print sub directory [.\print\2017_05_03.\closing_sheet] already exist!
Print sub directory [.\print\2017_05_03.\picking_label] already exist!
Print sub directory [.\print\2017_05_03.\dispatch_label] already exist!

mai 03, 2017 12:11:08 AM gui.warehouse_dispatch.WAREHOUSE_DISPATCH_UI0003_PasswordRequest connect
INFOS: User Admin   / 9999 connected to host O-EZZIOURI at 2017-05-03 00:11:08 Dispatch interface : .
mai 03, 2017 12:12:30 AM helper.Helper InitDailyDestPrintDir
INFOS: Print directory [.\print\2017_05_03] already exist!
Print sub directory [.\print\2017_05_03.\open_sheet] already exist!
Print sub directory [.\print\2017_05_03.\closing_sheet] already exist!
Print sub directory [.\print\2017_05_03.\picking_label] already exist!
Print sub directory [.\print\2017_05_03.\dispatch_label] already exist!

mai 03, 2017 12:12:43 AM gui.warehouse_dispatch.WAREHOUSE_DISPATCH_UI0003_PasswordRequest connect
INFOS: User Admin   / 9999 connected to host O-EZZIOURI at 2017-05-03 00:12:43 Dispatch interface : .
mai 03, 2017 12:18:43 AM helper.Helper InitDailyDestPrintDir
INFOS: Print directory [.\print\2017_05_03] already exist!
Print sub directory [.\print\2017_05_03.\open_sheet] already exist!
Print sub directory [.\print\2017_05_03.\closing_sheet] already exist!
Print sub directory [.\print\2017_05_03.\picking_label] already exist!
Print sub directory [.\print\2017_05_03.\dispatch_label] already exist!

mai 03, 2017 12:19:10 AM gui.warehouse_dispatch.WAREHOUSE_DISPATCH_UI0003_PasswordRequest connect
INFOS: User Admin   / 9999 connected to host O-EZZIOURI at 2017-05-03 00:19:10 Dispatch interface : .
mai 03, 2017 12:23:32 AM helper.Helper InitDailyDestPrintDir
INFOS: Print directory [.\print\2017_05_03] already exist!
Print sub directory [.\print\2017_05_03.\open_sheet] already exist!
Print sub directory [.\print\2017_05_03.\closing_sheet] already exist!
Print sub directory [.\print\2017_05_03.\picking_label] already exist!
Print sub directory [.\print\2017_05_03.\dispatch_label] already exist!

mai 03, 2017 12:23:37 AM gui.warehouse_dispatch.WAREHOUSE_DISPATCH_UI0003_PasswordRequest connect
INFOS: User Admin   / 9999 connected to host O-EZZIOURI at 2017-05-03 00:23:37 Dispatch interface : .
mai 03, 2017 12:26:33 AM helper.Helper InitDailyDestPrintDir
INFOS: Print directory [.\print\2017_05_03] already exist!
Print sub directory [.\print\2017_05_03.\open_sheet] already exist!
Print sub directory [.\print\2017_05_03.\closing_sheet] already exist!
Print sub directory [.\print\2017_05_03.\picking_label] already exist!
Print sub directory [.\print\2017_05_03.\dispatch_label] already exist!

mai 03, 2017 12:26:37 AM gui.warehouse_dispatch.WAREHOUSE_DISPATCH_UI0003_PasswordRequest connect
INFOS: User Admin   / 9999 connected to host O-EZZIOURI at 2017-05-03 00:26:37 Dispatch interface : .
mai 03, 2017 8:55:02 PM helper.Helper InitDailyDestPrintDir
INFOS: Print directory [.\print\2017_05_03] already exist!
Print sub directory [.\print\2017_05_03.\open_sheet] already exist!
Print sub directory [.\print\2017_05_03.\closing_sheet] already exist!
Print sub directory [.\print\2017_05_03.\picking_label] already exist!
Print sub directory [.\print\2017_05_03.\dispatch_label] already exist!

mai 03, 2017 8:55:08 PM gui.warehouse_dispatch.WAREHOUSE_DISPATCH_UI0003_PasswordRequest connect
INFOS: User Admin   / 9999 connected to host O-EZZIOURI at 2017-05-03 20:55:08 Dispatch interface : .
mai 03, 2017 8:57:06 PM helper.Helper InitDailyDestPrintDir
INFOS: Print directory [.\print\2017_05_03] already exist!
Print sub directory [.\print\2017_05_03.\open_sheet] already exist!
Print sub directory [.\print\2017_05_03.\closing_sheet] already exist!
Print sub directory [.\print\2017_05_03.\picking_label] already exist!
Print sub directory [.\print\2017_05_03.\dispatch_label] already exist!

mai 03, 2017 8:57:11 PM gui.warehouse_dispatch.WAREHOUSE_DISPATCH_UI0003_PasswordRequest connect
INFOS: User Admin   / 9999 connected to host O-EZZIOURI at 2017-05-03 20:57:11 Dispatch interface : .
mai 03, 2017 8:58:17 PM helper.Helper InitDailyDestPrintDir
INFOS: Print directory [.\print\2017_05_03] already exist!
Print sub directory [.\print\2017_05_03.\open_sheet] already exist!
Print sub directory [.\print\2017_05_03.\closing_sheet] already exist!
Print sub directory [.\print\2017_05_03.\picking_label] already exist!
Print sub directory [.\print\2017_05_03.\dispatch_label] already exist!

mai 03, 2017 8:58:23 PM gui.warehouse_dispatch.WAREHOUSE_DISPATCH_UI0003_PasswordRequest connect
INFOS: User Admin   / 9999 connected to host O-EZZIOURI at 2017-05-03 20:58:23 Dispatch interface : .
mai 03, 2017 9:01:16 PM helper.Helper InitDailyDestPrintDir
INFOS: Print directory [.\print\2017_05_03] already exist!
Print sub directory [.\print\2017_05_03.\open_sheet] already exist!
Print sub directory [.\print\2017_05_03.\closing_sheet] already exist!
Print sub directory [.\print\2017_05_03.\picking_label] already exist!
Print sub directory [.\print\2017_05_03.\dispatch_label] already exist!

mai 03, 2017 9:01:20 PM gui.warehouse_dispatch.WAREHOUSE_DISPATCH_UI0003_PasswordRequest connect
INFOS: User Admin   / 9999 connected to host O-EZZIOURI at 2017-05-03 21:01:20 Dispatch interface : .
mai 03, 2017 9:01:52 PM helper.Helper InitDailyDestPrintDir
INFOS: Print directory [.\print\2017_05_03] already exist!
Print sub directory [.\print\2017_05_03.\open_sheet] already exist!
Print sub directory [.\print\2017_05_03.\closing_sheet] already exist!
Print sub directory [.\print\2017_05_03.\picking_label] already exist!
Print sub directory [.\print\2017_05_03.\dispatch_label] already exist!

mai 03, 2017 9:01:56 PM gui.warehouse_dispatch.WAREHOUSE_DISPATCH_UI0003_PasswordRequest connect
INFOS: User Admin   / 9999 connected to host O-EZZIOURI at 2017-05-03 21:01:56 Dispatch interface : .
mai 03, 2017 9:02:21 PM helper.Helper InitDailyDestPrintDir
INFOS: Print directory [.\print\2017_05_03] already exist!
Print sub directory [.\print\2017_05_03.\open_sheet] already exist!
Print sub directory [.\print\2017_05_03.\closing_sheet] already exist!
Print sub directory [.\print\2017_05_03.\picking_label] already exist!
Print sub directory [.\print\2017_05_03.\dispatch_label] already exist!

mai 03, 2017 9:02:27 PM gui.warehouse_dispatch.WAREHOUSE_DISPATCH_UI0003_PasswordRequest connect
INFOS: User Admin   / 9999 connected to host O-EZZIOURI at 2017-05-03 21:02:27 Dispatch interface : .
mai 03, 2017 9:02:52 PM helper.Helper InitDailyDestPrintDir
INFOS: Print directory [.\print\2017_05_03] already exist!
Print sub directory [.\print\2017_05_03.\open_sheet] already exist!
Print sub directory [.\print\2017_05_03.\closing_sheet] already exist!
Print sub directory [.\print\2017_05_03.\picking_label] already exist!
Print sub directory [.\print\2017_05_03.\dispatch_label] already exist!

mai 03, 2017 9:02:57 PM gui.warehouse_dispatch.WAREHOUSE_DISPATCH_UI0003_PasswordRequest connect
INFOS: User Admin   / 9999 connected to host O-EZZIOURI at 2017-05-03 21:02:57 Dispatch interface : .
mai 03, 2017 9:04:53 PM helper.Helper InitDailyDestPrintDir
INFOS: Print directory [.\print\2017_05_03] already exist!
Print sub directory [.\print\2017_05_03.\open_sheet] already exist!
Print sub directory [.\print\2017_05_03.\closing_sheet] already exist!
Print sub directory [.\print\2017_05_03.\picking_label] already exist!
Print sub directory [.\print\2017_05_03.\dispatch_label] already exist!

mai 03, 2017 9:05:03 PM gui.warehouse_dispatch.WAREHOUSE_DISPATCH_UI0003_PasswordRequest connect
INFOS: User Admin   / 9999 connected to host O-EZZIOURI at 2017-05-03 21:05:03 Dispatch interface : .
mai 03, 2017 9:20:48 PM helper.Helper InitDailyDestPrintDir
INFOS: Print directory [.\print\2017_05_03] already exist!
Print sub directory [.\print\2017_05_03.\open_sheet] already exist!
Print sub directory [.\print\2017_05_03.\closing_sheet] already exist!
Print sub directory [.\print\2017_05_03.\picking_label] already exist!
Print sub directory [.\print\2017_05_03.\dispatch_label] already exist!

mai 03, 2017 9:20:58 PM gui.warehouse_dispatch.WAREHOUSE_DISPATCH_UI0003_PasswordRequest connect
INFOS: User Admin   / 9999 connected to host O-EZZIOURI at 2017-05-03 21:20:58 Dispatch interface : .
mai 03, 2017 9:23:18 PM helper.Helper InitDailyDestPrintDir
INFOS: Print directory [.\print\2017_05_03] already exist!
Print sub directory [.\print\2017_05_03.\open_sheet] already exist!
Print sub directory [.\print\2017_05_03.\closing_sheet] already exist!
Print sub directory [.\print\2017_05_03.\picking_label] already exist!
Print sub directory [.\print\2017_05_03.\dispatch_label] already exist!

mai 03, 2017 9:23:38 PM gui.warehouse_dispatch.WAREHOUSE_DISPATCH_UI0003_PasswordRequest connect
INFOS: User Admin   / 9999 connected to host O-EZZIOURI at 2017-05-03 21:23:38 Dispatch interface : .
mai 03, 2017 9:34:02 PM helper.Helper InitDailyDestPrintDir
INFOS: Print directory [.\print\2017_05_03] already exist!
Print sub directory [.\print\2017_05_03.\open_sheet] already exist!
Print sub directory [.\print\2017_05_03.\closing_sheet] already exist!
Print sub directory [.\print\2017_05_03.\picking_label] already exist!
Print sub directory [.\print\2017_05_03.\dispatch_label] already exist!

mai 03, 2017 9:34:08 PM gui.warehouse_dispatch.WAREHOUSE_DISPATCH_UI0003_PasswordRequest connect
INFOS: User Admin   / 9999 connected to host O-EZZIOURI at 2017-05-03 21:34:08 Dispatch interface : .
mai 03, 2017 9:35:14 PM helper.Helper InitDailyDestPrintDir
INFOS: Print directory [.\print\2017_05_03] already exist!
Print sub directory [.\print\2017_05_03.\open_sheet] already exist!
Print sub directory [.\print\2017_05_03.\closing_sheet] already exist!
Print sub directory [.\print\2017_05_03.\picking_label] already exist!
Print sub directory [.\print\2017_05_03.\dispatch_label] already exist!

mai 03, 2017 9:35:18 PM gui.warehouse_dispatch.WAREHOUSE_DISPATCH_UI0003_PasswordRequest connect
INFOS: User Admin   / 9999 connected to host O-EZZIOURI at 2017-05-03 21:35:18 Dispatch interface : .
mai 03, 2017 9:37:20 PM helper.Helper InitDailyDestPrintDir
INFOS: Print directory [.\print\2017_05_03] already exist!
Print sub directory [.\print\2017_05_03.\open_sheet] already exist!
Print sub directory [.\print\2017_05_03.\closing_sheet] already exist!
Print sub directory [.\print\2017_05_03.\picking_label] already exist!
Print sub directory [.\print\2017_05_03.\dispatch_label] already exist!

mai 03, 2017 9:37:31 PM gui.warehouse_dispatch.WAREHOUSE_DISPATCH_UI0003_PasswordRequest connect
INFOS: User Admin   / 9999 connected to host O-EZZIOURI at 2017-05-03 21:37:31 Dispatch interface : .
mai 03, 2017 9:43:35 PM helper.Helper InitDailyDestPrintDir
INFOS: Print directory [.\print\2017_05_03] already exist!
Print sub directory [.\print\2017_05_03.\open_sheet] already exist!
Print sub directory [.\print\2017_05_03.\closing_sheet] already exist!
Print sub directory [.\print\2017_05_03.\picking_label] already exist!
Print sub directory [.\print\2017_05_03.\dispatch_label] already exist!

mai 03, 2017 9:43:41 PM gui.warehouse_dispatch.WAREHOUSE_DISPATCH_UI0003_PasswordRequest connect
INFOS: User Admin   / 9999 connected to host O-EZZIOURI at 2017-05-03 21:43:41 Dispatch interface : .
mai 03, 2017 9:44:54 PM helper.Helper InitDailyDestPrintDir
INFOS: Print directory [.\print\2017_05_03] already exist!
Print sub directory [.\print\2017_05_03.\open_sheet] already exist!
Print sub directory [.\print\2017_05_03.\closing_sheet] already exist!
Print sub directory [.\print\2017_05_03.\picking_label] already exist!
Print sub directory [.\print\2017_05_03.\dispatch_label] already exist!

mai 03, 2017 9:44:58 PM gui.warehouse_dispatch.WAREHOUSE_DISPATCH_UI0003_PasswordRequest connect
INFOS: User Admin   / 9999 connected to host O-EZZIOURI at 2017-05-03 21:44:58 Dispatch interface : .
mai 03, 2017 9:51:05 PM helper.Helper InitDailyDestPrintDir
INFOS: Print directory [.\print\2017_05_03] already exist!
Print sub directory [.\print\2017_05_03.\open_sheet] already exist!
Print sub directory [.\print\2017_05_03.\closing_sheet] already exist!
Print sub directory [.\print\2017_05_03.\picking_label] already exist!
Print sub directory [.\print\2017_05_03.\dispatch_label] already exist!

mai 03, 2017 9:51:28 PM gui.warehouse_dispatch.WAREHOUSE_DISPATCH_UI0003_PasswordRequest connect
INFOS: User Admin   / 9999 connected to host O-EZZIOURI at 2017-05-03 21:51:28 Dispatch interface : .
