avr. 15, 2016 10:08:54 AM helper.Helper InitDailyDestPrintDir
INFOS: Print directory [.\print\2016_04_15] is created!
Print sub directory [.\print\2016_04_15.\open_sheet] is created!
Print sub directory [.\print\2016_04_15.\closing_sheet] is created!
Print sub directory [.\print\2016_04_15.\picking_label] is created!

avr. 15, 2016 10:10:10 AM entity.ConfigProject select
INFOS: FROM ConfigProject bp ORDER BY harnessType ASC
avr. 15, 2016 10:10:10 AM entity.ConfigProject select
INFOS: FROM ConfigProject bp ORDER BY harnessType ASC
avr. 15, 2016 10:10:25 AM entity.ConfigProject select
INFOS: FROM ConfigProject bp ORDER BY harnessType ASC
avr. 15, 2016 10:27:20 AM helper.Helper InitDailyDestPrintDir
INFOS: Print directory [.\print\2016_04_15] already exist!
Print sub directory [.\print\2016_04_15.\open_sheet] already exist!
Print sub directory [.\print\2016_04_15.\closing_sheet] already exist!
Print sub directory [.\print\2016_04_15.\picking_label] already exist!

avr. 15, 2016 10:27:22 AM entity.ConfigProject select
INFOS: FROM ConfigProject bp ORDER BY harnessType ASC
avr. 15, 2016 10:27:22 AM entity.ConfigProject select
INFOS: FROM ConfigProject bp ORDER BY harnessType ASC
avr. 15, 2016 10:27:25 AM entity.ConfigProject select
INFOS: FROM ConfigProject bp ORDER BY harnessType ASC
avr. 15, 2016 10:28:48 AM entity.ConfigProject select
INFOS: FROM ConfigProject bp ORDER BY harnessType ASC
avr. 15, 2016 10:33:56 AM helper.Helper InitDailyDestPrintDir
INFOS: Print directory [.\print\2016_04_15] already exist!
Print sub directory [.\print\2016_04_15.\open_sheet] already exist!
Print sub directory [.\print\2016_04_15.\closing_sheet] already exist!
Print sub directory [.\print\2016_04_15.\picking_label] already exist!

avr. 15, 2016 10:34:05 AM entity.ConfigProject select
INFOS: FROM ConfigProject bp ORDER BY harnessType ASC
avr. 15, 2016 10:34:05 AM entity.ConfigProject select
INFOS: FROM ConfigProject bp ORDER BY harnessType ASC
avr. 15, 2016 10:34:08 AM entity.ConfigProject select
INFOS: FROM ConfigProject bp ORDER BY harnessType ASC
avr. 15, 2016 10:51:55 AM helper.Helper InitDailyDestPrintDir
INFOS: Print directory [.\print\2016_04_15] already exist!
Print sub directory [.\print\2016_04_15.\open_sheet] already exist!
Print sub directory [.\print\2016_04_15.\closing_sheet] already exist!
Print sub directory [.\print\2016_04_15.\picking_label] already exist!

avr. 15, 2016 10:52:00 AM entity.ConfigProject select
INFOS: FROM ConfigProject bp ORDER BY harnessType ASC
avr. 15, 2016 10:52:46 AM entity.ConfigProject select
INFOS: FROM ConfigProject bp ORDER BY harnessType ASC
avr. 15, 2016 10:53:06 AM entity.BaseContainer checkContainerByState
INFOS: Searching Container [0000274] in BaseContainer.
avr. 15, 2016 10:53:06 AM entity.BaseContainer checkContainerByState
INFOS: FROM BaseContainer bc WHERE bc.palletNumber = :palletNumber AND bc.containerState = :state
avr. 15, 2016 10:53:37 AM entity.BaseContainer checkContainerByState
INFOS: Searching Container [0000274] in BaseContainer.
avr. 15, 2016 10:53:37 AM entity.BaseContainer checkContainerByState
INFOS: FROM BaseContainer bc WHERE bc.palletNumber = :palletNumber AND bc.containerState = :state
avr. 15, 2016 10:55:04 AM entity.BaseContainer checkContainerByState
INFOS: Searching Container [200000274] in BaseContainer.
avr. 15, 2016 10:55:04 AM entity.BaseContainer checkContainerByState
INFOS: FROM BaseContainer bc WHERE bc.palletNumber = :palletNumber AND bc.containerState = :state
avr. 15, 2016 10:56:19 AM entity.ConfigProject select
INFOS: FROM ConfigProject bp ORDER BY harnessType ASC
avr. 15, 2016 10:57:31 AM entity.ConfigProject select
INFOS: FROM ConfigProject bp ORDER BY harnessType ASC
avr. 15, 2016 10:57:45 AM entity.BaseContainer checkContainerByState
INFOS: Searching Container [200000474] in BaseContainer.
avr. 15, 2016 10:57:45 AM entity.BaseContainer checkContainerByState
INFOS: FROM BaseContainer bc WHERE bc.palletNumber = :palletNumber AND bc.containerState = :state
avr. 15, 2016 10:57:51 AM entity.BaseContainer checkContainerByState
INFOS: Searching Container [200000474] in BaseContainer.
avr. 15, 2016 10:57:51 AM entity.BaseContainer checkContainerByState
INFOS: FROM BaseContainer bc WHERE bc.palletNumber = :palletNumber AND bc.containerState = :state
avr. 15, 2016 10:58:11 AM entity.BaseContainer checkContainerByState
INFOS: Searching Container [200000474] in BaseContainer.
avr. 15, 2016 10:58:11 AM entity.BaseContainer checkContainerByState
INFOS: FROM BaseContainer bc WHERE bc.palletNumber = :palletNumber AND bc.containerState = :state
avr. 15, 2016 10:58:24 AM entity.BaseContainer checkContainerByState
INFOS: Searching Container [200000474] in BaseContainer.
avr. 15, 2016 10:58:24 AM entity.BaseContainer checkContainerByState
INFOS: FROM BaseContainer bc WHERE bc.palletNumber = :palletNumber AND bc.containerState = :state
avr. 15, 2016 10:59:02 AM entity.ConfigProject select
INFOS: FROM ConfigProject bp ORDER BY harnessType ASC
avr. 15, 2016 10:59:02 AM entity.ConfigProject select
INFOS: FROM ConfigProject bp ORDER BY harnessType ASC
avr. 15, 2016 12:11:56 PM helper.Helper InitDailyDestPrintDir
INFOS: Print directory [.\print\2016_04_15] already exist!
Print sub directory [.\print\2016_04_15.\open_sheet] already exist!
Print sub directory [.\print\2016_04_15.\closing_sheet] already exist!
Print sub directory [.\print\2016_04_15.\picking_label] already exist!

avr. 15, 2016 12:11:58 PM entity.ConfigProject select
INFOS: FROM ConfigProject bp ORDER BY harnessType ASC
avr. 15, 2016 12:11:58 PM entity.ConfigProject select
INFOS: FROM ConfigProject bp ORDER BY harnessType ASC
avr. 15, 2016 12:12:07 PM state.S010_UserCodeScan doAction
INFOS: User Admin   / 9999 connected to host WSMA7040 at 2016-04-15 12:12:07 Project : ENGINE.
avr. 15, 2016 12:12:18 PM entity.ConfigProject select
INFOS: FROM ConfigProject bp ORDER BY harnessType ASC
avr. 15, 2016 12:12:25 PM entity.ConfigProject select
INFOS: FROM ConfigProject bp ORDER BY harnessType ASC
avr. 15, 2016 12:12:33 PM entity.ConfigProject select
INFOS: FROM ConfigProject bp ORDER BY harnessType ASC
