oct. 05, 2016 8:15:01 AM helper.Helper InitDailyDestPrintDir
INFOS: Print directory [.\print\2016_10_05] is created!
Print sub directory [.\print\2016_10_05.\open_sheet] is created!
Print sub directory [.\print\2016_10_05.\closing_sheet] is created!
Print sub directory [.\print\2016_10_05.\picking_label] is created!

oct. 05, 2016 8:22:25 AM helper.Helper InitDailyDestPrintDir
INFOS: Print directory [.\print\2016_10_05] already exist!
Print sub directory [.\print\2016_10_05.\open_sheet] already exist!
Print sub directory [.\print\2016_10_05.\closing_sheet] already exist!
Print sub directory [.\print\2016_10_05.\picking_label] already exist!

oct. 05, 2016 8:22:29 AM entity.ConfigProject select
INFOS: FROM ConfigProject bp ORDER BY harnessType ASC
oct. 05, 2016 8:22:29 AM entity.ConfigProject select
INFOS: FROM ConfigProject bp ORDER BY harnessType ASC
oct. 05, 2016 11:48:57 AM helper.Helper InitDailyDestPrintDir
INFOS: Print directory [.\print\2016_10_05] already exist!
Print sub directory [.\print\2016_10_05.\open_sheet] already exist!
Print sub directory [.\print\2016_10_05.\closing_sheet] already exist!
Print sub directory [.\print\2016_10_05.\picking_label] already exist!

oct. 05, 2016 11:49:23 AM gui.packaging.PACKAGING_UI0001_Main loadBarcodeConfig
INFOS: FROM ConfigBarcode cb WHERE cb.keyWord = :keyWord ORDER BY id ASC
oct. 05, 2016 11:49:23 AM entity.ConfigProject select
INFOS: FROM ConfigProject bp ORDER BY harnessType ASC
oct. 05, 2016 11:49:23 AM entity.ConfigProject select
INFOS: FROM ConfigProject bp ORDER BY harnessType ASC
oct. 05, 2016 2:06:20 PM helper.Helper InitDailyDestPrintDir
INFOS: Print directory [.\print\2016_10_05] already exist!
Print sub directory [.\print\2016_10_05.\open_sheet] already exist!
Print sub directory [.\print\2016_10_05.\closing_sheet] already exist!
Print sub directory [.\print\2016_10_05.\picking_label] already exist!

oct. 05, 2016 2:06:21 PM entity.ConfigProject select
INFOS: FROM ConfigProject bp ORDER BY harnessType ASC
oct. 05, 2016 2:06:22 PM entity.ConfigProject select
INFOS: FROM ConfigProject bp ORDER BY harnessType ASC
oct. 05, 2016 2:07:19 PM helper.Helper InitDailyDestPrintDir
INFOS: Print directory [.\print\2016_10_05] already exist!
Print sub directory [.\print\2016_10_05.\open_sheet] already exist!
Print sub directory [.\print\2016_10_05.\closing_sheet] already exist!
Print sub directory [.\print\2016_10_05.\picking_label] already exist!

oct. 05, 2016 2:08:48 PM helper.Helper InitDailyDestPrintDir
INFOS: Print directory [.\print\2016_10_05] already exist!
Print sub directory [.\print\2016_10_05.\open_sheet] already exist!
Print sub directory [.\print\2016_10_05.\closing_sheet] already exist!
Print sub directory [.\print\2016_10_05.\picking_label] already exist!

oct. 05, 2016 2:09:36 PM gui.config.CONFIG_UI0000_AdminPassword checkLoginAndPass
INFOS: User Admin   / 9999 connected to host WSMA7040 at 2016-10-05 14:09:36 Module : Planner.
oct. 05, 2016 2:09:36 PM entity.ConfigProject select
INFOS: FROM ConfigProject bp ORDER BY harnessType ASC
oct. 05, 2016 2:09:36 PM entity.ConfigShift select
INFOS: FROM ConfigShift cs ORDER BY startHour ASC
oct. 05, 2016 2:27:10 PM helper.Helper InitDailyDestPrintDir
INFOS: Print directory [.\print\2016_10_05] already exist!
Print sub directory [.\print\2016_10_05.\open_sheet] already exist!
Print sub directory [.\print\2016_10_05.\closing_sheet] already exist!
Print sub directory [.\print\2016_10_05.\picking_label] already exist!

oct. 05, 2016 2:28:27 PM helper.Helper InitDailyDestPrintDir
INFOS: Print directory [.\print\2016_10_05] already exist!
Print sub directory [.\print\2016_10_05.\open_sheet] already exist!
Print sub directory [.\print\2016_10_05.\closing_sheet] already exist!
Print sub directory [.\print\2016_10_05.\picking_label] already exist!

oct. 05, 2016 2:28:39 PM gui.config.CONFIG_UI0000_AdminPassword checkLoginAndPass
INFOS: User Admin   / 9999 connected to host WSMA7040 at 2016-10-05 14:28:39 Module : Planner.
oct. 05, 2016 5:18:55 PM helper.Helper InitDailyDestPrintDir
INFOS: Print directory [.\print\2016_10_05] already exist!
Print sub directory [.\print\2016_10_05.\open_sheet] already exist!
Print sub directory [.\print\2016_10_05.\closing_sheet] already exist!
Print sub directory [.\print\2016_10_05.\picking_label] already exist!

oct. 05, 2016 5:19:02 PM gui.config.CONFIG_UI0000_AdminPassword checkLoginAndPass
INFOS: User Admin   / 9999 connected to host WSMA7040 at 2016-10-05 17:19:02 Module : Planner.
oct. 05, 2016 5:19:03 PM entity.ConfigProject select
INFOS: FROM ConfigProject bp ORDER BY harnessType ASC
oct. 05, 2016 5:19:03 PM entity.ConfigShift select
INFOS: FROM ConfigShift cs ORDER BY startHour ASC
