oct. 07, 2016 8:09:44 AM helper.Helper InitDailyDestPrintDir
INFOS: Print directory [.\print\2016_10_07] is created!
Print sub directory [.\print\2016_10_07.\open_sheet] is created!
Print sub directory [.\print\2016_10_07.\closing_sheet] is created!
Print sub directory [.\print\2016_10_07.\picking_label] is created!

oct. 07, 2016 8:09:50 AM gui.packaging.PACKAGING_UI0001_Main loadBarcodeConfig
INFOS: FROM ConfigBarcode cb WHERE cb.keyWord = :keyWord ORDER BY id ASC
oct. 07, 2016 8:09:50 AM entity.ConfigProject select
INFOS: FROM ConfigProject bp ORDER BY harnessType ASC
oct. 07, 2016 8:09:50 AM entity.ConfigProject select
INFOS: FROM ConfigProject bp ORDER BY harnessType ASC
oct. 07, 2016 8:10:32 AM helper.Helper InitDailyDestPrintDir
INFOS: Print directory [.\print\2016_10_07] already exist!
Print sub directory [.\print\2016_10_07.\open_sheet] already exist!
Print sub directory [.\print\2016_10_07.\closing_sheet] already exist!
Print sub directory [.\print\2016_10_07.\picking_label] already exist!

oct. 07, 2016 8:10:33 AM gui.packaging.PACKAGING_UI0001_Main loadBarcodeConfig
INFOS: FROM ConfigBarcode cb WHERE cb.keyWord = :keyWord ORDER BY id ASC
oct. 07, 2016 8:10:33 AM entity.ConfigProject select
INFOS: FROM ConfigProject bp ORDER BY harnessType ASC
oct. 07, 2016 8:10:33 AM entity.ConfigProject select
INFOS: FROM ConfigProject bp ORDER BY harnessType ASC
oct. 07, 2016 8:10:37 AM gui.packaging.PACKAGING_UI0002_PasswordRequest admin_password_txtboxKeyPressed
INFOS: User Admin   / 9999 connected to host WSMA7040 at 2016-10-07 08:10:37 Project : ENGINE.
oct. 07, 2016 8:11:06 AM entity.BaseHarness checkHarnessPartFormat
INFOS: Invalid Harness Part scanned [P2260882] !
oct. 07, 2016 8:11:06 AM state.S020_HarnessPartScan doAction
AVERTISSEMENT: Invalid Harness Part scanned [P2260882] !
oct. 07, 2016 8:11:14 AM entity.ConfigUcs isHarnessPartExist
INFOS: Searching Harness part [22630882] in ConfigUCS: ENGINE
oct. 07, 2016 8:11:14 AM entity.ConfigUcs isHarnessPartExist
INFOS: Harness part [22630882] found for project [ENGINE].
oct. 07, 2016 8:11:14 AM state.S020_HarnessPartScan doAction
INFOS: Harness Part scanned [P22630882] OK.
oct. 07, 2016 8:11:19 AM entity.BaseHarness isCounterExist
INFOS: Searching Harness counter [P2263088222112016112233] in BaseHarness.
oct. 07, 2016 8:11:19 AM entity.BaseHarness isCounterExist
INFOS: FROM BaseHarness bh WHERE bh.counter = :counter
oct. 07, 2016 8:11:19 AM state.S030_MatrixIdScan doAction
INFOS: Valid Harness Counter scanned [P2263088222112016112233] OK.
oct. 07, 2016 8:11:44 AM state.S040_PalletChoice doAction
INFOS: Is it a new pallet ?
oct. 07, 2016 8:11:44 AM state.S040_PalletChoice doAction
INFOS:  [Yes]
oct. 07, 2016 8:11:44 AM gui.packaging.PACKAGING_UI9000_ChoosePackType <init>
INFOS: Item found 22630882--26C36540A--P02--3RV--24--0.0
oct. 07, 2016 8:11:44 AM gui.packaging.PACKAGING_UI9000_ChoosePackType <init>
INFOS: 1 UCS founds for Harness Part[22630882].
oct. 07, 2016 8:11:48 AM gui.packaging.PACKAGING_UI9000_ChoosePackType mappingContextVals
INFOS: Selected pack type : 22630882--26C36540A--P02--3RV--24--0.0 
oct. 07, 2016 8:11:48 AM helper.Helper InitDailyDestPrintDir
INFOS: nullPrint directory [.\print\2016_10_07] already exist!
Print sub directory [.\print\2016_10_07.\open_sheet] already exist!
Print sub directory [.\print\2016_10_07.\closing_sheet] already exist!
Print sub directory [.\print\2016_10_07.\picking_label] already exist!

oct. 07, 2016 8:11:48 AM helper.PrinterHelper saveAndPrintOpenSheet
INFOS: Set Pallet [200000501] state to [IN_PROCESS]
oct. 07, 2016 8:11:48 AM print.PrintOpenPallet_A5 sentToDefaultDesktopPrinter
INFOS: Sending [.\print\2016_10_07\open_sheet\PrintOpenPallet_A5_2016_10_07_08_11_48_200000501.pdf] to the default printer...
oct. 07, 2016 8:11:48 AM print.PrintOpenPallet_A5 sentToDefaultDesktopPrinter
INFOS: File [%s] has been printed.
oct. 07, 2016 8:11:48 AM helper.PrinterHelper saveAndPrintOpenSheet
INFOS: Set Pallet [200000501] state to [PRINTED]
oct. 07, 2016 8:11:48 AM gui.packaging.PACKAGING_UI9000_ChoosePackType loadConfigUcs
INFOS: Openning new container for first harness part [22630882].
oct. 07, 2016 8:12:57 AM gui.packaging.PACKAGING_UI0002_PasswordRequest admin_password_txtboxKeyPressed
INFOS: User Admin   / 9999 connected to host WSMA7040 at 2016-10-07 08:12:57 Project : ENGINE.
oct. 07, 2016 8:13:08 AM entity.ConfigUcs isHarnessPartExist
INFOS: Searching Harness part [22630882] in ConfigUCS: ENGINE
oct. 07, 2016 8:13:08 AM entity.ConfigUcs isHarnessPartExist
INFOS: Harness part [22630882] found for project [ENGINE].
oct. 07, 2016 8:13:08 AM state.S020_HarnessPartScan doAction
INFOS: Harness Part scanned [P22630882] OK.
oct. 07, 2016 8:13:31 AM entity.BaseHarness checkCounterFormat
INFOS: Invalid Counter scanned format [P22630882]!
oct. 07, 2016 8:13:38 AM entity.BaseHarness isCounterExist
INFOS: Searching Harness counter [P2263088222115520215465] in BaseHarness.
oct. 07, 2016 8:13:38 AM entity.BaseHarness isCounterExist
INFOS: FROM BaseHarness bh WHERE bh.counter = :counter
oct. 07, 2016 8:13:38 AM state.S030_MatrixIdScan doAction
INFOS: Valid Harness Counter scanned [P2263088222115520215465] OK.
oct. 07, 2016 8:13:40 AM state.S040_PalletChoice doAction
INFOS: Is it a new pallet ?
oct. 07, 2016 8:13:40 AM state.S040_PalletChoice doAction
INFOS:  [Yes]
oct. 07, 2016 8:13:40 AM gui.packaging.PACKAGING_UI9000_ChoosePackType <init>
INFOS: Item found 22630882--26C36540A--P02--3RV--24--0.0
oct. 07, 2016 8:13:41 AM gui.packaging.PACKAGING_UI9000_ChoosePackType <init>
INFOS: 1 UCS founds for Harness Part[22630882].
oct. 07, 2016 8:13:41 AM gui.packaging.PACKAGING_UI9000_ChoosePackType mappingContextVals
INFOS: Selected pack type : 22630882--26C36540A--P02--3RV--24--0.0 
oct. 07, 2016 8:14:02 AM gui.packaging.PACKAGING_UI9000_ChoosePackType items_listKeyPressed
INFOS: Palette/Box déjà ouvert(e) du type 3RV dans ce poste WSMA7040, pour la référence 22701793.
Solution N° 1 : - Veuillez terminer le packaging de la palette 22630882 avant d'ouvrir une nouvelle palette de type 200000490.
Solution N° 2 : - Emballer cette référence dans un autre poste packaging.
oct. 07, 2016 8:18:21 AM helper.Helper InitDailyDestPrintDir
INFOS: Print directory [.\print\2016_10_07] already exist!
Print sub directory [.\print\2016_10_07.\open_sheet] already exist!
Print sub directory [.\print\2016_10_07.\closing_sheet] already exist!
Print sub directory [.\print\2016_10_07.\picking_label] already exist!

oct. 07, 2016 8:18:49 AM gui.packaging.PACKAGING_UI0001_Main loadBarcodeConfig
INFOS: FROM ConfigBarcode cb WHERE cb.keyWord = :keyWord ORDER BY id ASC
oct. 07, 2016 8:18:49 AM entity.ConfigProject select
INFOS: FROM ConfigProject bp ORDER BY harnessType ASC
oct. 07, 2016 8:18:49 AM entity.ConfigProject select
INFOS: FROM ConfigProject bp ORDER BY harnessType ASC
oct. 07, 2016 8:18:54 AM gui.packaging.PACKAGING_UI0002_PasswordRequest connect
INFOS: User Admin   / 9999 connected to host WSMA7040 at 2016-10-07 08:18:54 Project : ENGINE.
oct. 07, 2016 8:19:42 AM entity.ConfigUcs isHarnessPartExist
INFOS: Searching Harness part [22579559] in ConfigUCS: ENGINE
oct. 07, 2016 8:19:42 AM entity.ConfigUcs isHarnessPartExist
INFOS: Harness part [22579559] found for project [ENGINE].
oct. 07, 2016 8:19:42 AM state.S020_HarnessPartScan doAction
INFOS: Harness Part scanned [P22579559] OK.
oct. 07, 2016 8:19:46 AM entity.BaseHarness isCounterExist
INFOS: Searching Harness counter [P2257955922552016112233] in BaseHarness.
oct. 07, 2016 8:19:46 AM entity.BaseHarness isCounterExist
INFOS: FROM BaseHarness bh WHERE bh.counter = :counter
oct. 07, 2016 8:19:46 AM state.S030_MatrixIdScan doAction
INFOS: Valid Harness Counter scanned [P2257955922552016112233] OK.
oct. 07, 2016 8:20:14 AM state.S040_PalletChoice doAction
INFOS: Is it a new pallet ?
oct. 07, 2016 8:20:14 AM state.S040_PalletChoice doAction
INFOS:  [Yes]
oct. 07, 2016 8:20:14 AM gui.packaging.PACKAGING_UI9000_ChoosePackType <init>
INFOS: Item found 22579559--26C36280A--P01--2RV--12--0.0
oct. 07, 2016 8:20:14 AM gui.packaging.PACKAGING_UI9000_ChoosePackType <init>
INFOS: 1 UCS founds for Harness Part[22579559].
oct. 07, 2016 8:20:15 AM gui.packaging.PACKAGING_UI9000_ChoosePackType mappingContextVals
INFOS: Selected pack type : 22579559--26C36280A--P01--2RV--12--0.0 
oct. 07, 2016 8:20:15 AM helper.Helper InitDailyDestPrintDir
INFOS: nullPrint directory [.\print\2016_10_07] already exist!
Print sub directory [.\print\2016_10_07.\open_sheet] already exist!
Print sub directory [.\print\2016_10_07.\closing_sheet] already exist!
Print sub directory [.\print\2016_10_07.\picking_label] already exist!

oct. 07, 2016 8:20:16 AM helper.PrinterHelper saveAndPrintOpenSheet
INFOS: Set Pallet [200000502] state to [IN_PROCESS]
oct. 07, 2016 8:20:16 AM print.PrintOpenPallet_A5 sentToDefaultDesktopPrinter
INFOS: Sending [.\print\2016_10_07\open_sheet\PrintOpenPallet_A5_2016_10_07_08_20_15_200000502.pdf] to the default printer...
oct. 07, 2016 8:20:16 AM print.PrintOpenPallet_A5 sentToDefaultDesktopPrinter
INFOS: File [%s] has been printed.
oct. 07, 2016 8:20:16 AM helper.PrinterHelper saveAndPrintOpenSheet
INFOS: Set Pallet [200000502] state to [PRINTED]
oct. 07, 2016 8:20:16 AM gui.packaging.PACKAGING_UI9000_ChoosePackType loadConfigUcs
INFOS: Openning new container for first harness part [22579559].
oct. 07, 2016 8:20:24 AM state.S041_NewPalletScan doAction
INFOS: Scanned Pallet number [200000502] OK.
oct. 07, 2016 8:20:24 AM state.S041_NewPalletScan doAction
INFOS: BaseContainer created BaseContainer{id=769,
 createTime=Fri Oct 07 08:20:24 WEST 2016,
 writeTime=Fri Oct 07 08:20:24 WEST 2016,
 createId=4,
 writeId=4,
 user=9999,
 startTime=Fri Oct 07 08:20:24 WEST 2016,
 completeTime=null,
 workTime=null,
 palletNumber=200000502,
 harnessPart=22579559,
 harnessIndex=P01,
 supplierPartNumber=26C36280A,
 qtyExpected=12,
 qtyRead=1,
 containerState=OPEN,
 containerStateCode=1000,
 packType=2RV,
 harnessType=ENGINE,
 harnessList=[],
 stdTime=0.0} 
oct. 07, 2016 8:21:10 AM helper.Helper InitDailyDestPrintDir
INFOS: Print directory [.\print\2016_10_07] already exist!
Print sub directory [.\print\2016_10_07.\open_sheet] already exist!
Print sub directory [.\print\2016_10_07.\closing_sheet] already exist!
Print sub directory [.\print\2016_10_07.\picking_label] already exist!

oct. 07, 2016 8:21:12 AM gui.packaging.PACKAGING_UI0001_Main loadBarcodeConfig
INFOS: FROM ConfigBarcode cb WHERE cb.keyWord = :keyWord ORDER BY id ASC
oct. 07, 2016 8:21:12 AM entity.ConfigProject select
INFOS: FROM ConfigProject bp ORDER BY harnessType ASC
oct. 07, 2016 8:21:12 AM entity.ConfigProject select
INFOS: FROM ConfigProject bp ORDER BY harnessType ASC
oct. 07, 2016 8:21:23 AM gui.packaging.PACKAGING_UI0002_PasswordRequest connect
INFOS: User Admin   / 9999 connected to host WSMA7040 at 2016-10-07 08:21:23 Project : ENGINE.
oct. 07, 2016 8:21:33 AM gui.packaging.PACKAGING_UI0002_PasswordRequest connect
INFOS: User Admin   / 9999 connected to host WSMA7040 at 2016-10-07 08:21:33 Project : ENGINE.
oct. 07, 2016 8:22:04 AM entity.ConfigUcs isHarnessPartExist
INFOS: Searching Harness part [22579559] in ConfigUCS: ENGINE
oct. 07, 2016 8:22:04 AM entity.ConfigUcs isHarnessPartExist
INFOS: Harness part [22579559] found for project [ENGINE].
oct. 07, 2016 8:22:04 AM state.S020_HarnessPartScan doAction
INFOS: Harness Part scanned [P22579559] OK.
oct. 07, 2016 8:22:08 AM entity.BaseHarness isCounterExist
INFOS: Searching Harness counter [P2257955922112016112233] in BaseHarness.
oct. 07, 2016 8:22:08 AM entity.BaseHarness isCounterExist
INFOS: FROM BaseHarness bh WHERE bh.counter = :counter
oct. 07, 2016 8:22:08 AM state.S030_MatrixIdScan doAction
INFOS: Valid Harness Counter scanned [P2257955922112016112233] OK.
oct. 07, 2016 8:22:11 AM state.S040_PalletChoice doAction
INFOS: Is it a new pallet ?
oct. 07, 2016 8:22:11 AM state.S040_PalletChoice doAction
INFOS:  [Yes]
oct. 07, 2016 8:22:11 AM gui.packaging.PACKAGING_UI9000_ChoosePackType <init>
INFOS: Item found 22579559--26C36280A--P01--2RV--12--0.0
oct. 07, 2016 8:22:11 AM gui.packaging.PACKAGING_UI9000_ChoosePackType <init>
INFOS: 1 UCS founds for Harness Part[22579559].
oct. 07, 2016 8:22:12 AM gui.packaging.PACKAGING_UI9000_ChoosePackType mappingContextVals
INFOS: Selected pack type : 22579559--26C36280A--P01--2RV--12--0.0 
oct. 07, 2016 8:22:22 AM gui.packaging.PACKAGING_UI9000_ChoosePackType mappingContextVals
INFOS: Selected pack type : 22579559--26C36280A--P01--2RV--12--0.0 
oct. 07, 2016 8:25:37 AM helper.Helper InitDailyDestPrintDir
INFOS: Print directory [.\print\2016_10_07] already exist!
Print sub directory [.\print\2016_10_07.\open_sheet] already exist!
Print sub directory [.\print\2016_10_07.\closing_sheet] already exist!
Print sub directory [.\print\2016_10_07.\picking_label] already exist!

oct. 07, 2016 8:25:38 AM gui.packaging.PACKAGING_UI0001_Main loadBarcodeConfig
INFOS: FROM ConfigBarcode cb WHERE cb.keyWord = :keyWord ORDER BY id ASC
oct. 07, 2016 8:25:38 AM entity.ConfigProject select
INFOS: FROM ConfigProject bp ORDER BY harnessType ASC
oct. 07, 2016 8:25:38 AM entity.ConfigProject select
INFOS: FROM ConfigProject bp ORDER BY harnessType ASC
oct. 07, 2016 8:25:41 AM gui.packaging.PACKAGING_UI0002_PasswordRequest connect
INFOS: User Admin   / 9999 connected to host WSMA7040 at 2016-10-07 08:25:41 Project : ENGINE.
oct. 07, 2016 8:25:57 AM entity.ConfigUcs isHarnessPartExist
INFOS: Searching Harness part [22579559] in ConfigUCS: ENGINE
oct. 07, 2016 8:25:57 AM entity.ConfigUcs isHarnessPartExist
INFOS: Harness part [22579559] found for project [ENGINE].
oct. 07, 2016 8:25:57 AM state.S020_HarnessPartScan doAction
INFOS: Harness Part scanned [P22579559] OK.
oct. 07, 2016 8:26:02 AM entity.BaseHarness isCounterExist
INFOS: Searching Harness counter [P2257955922112016556622] in BaseHarness.
oct. 07, 2016 8:26:02 AM entity.BaseHarness isCounterExist
INFOS: FROM BaseHarness bh WHERE bh.counter = :counter
oct. 07, 2016 8:26:02 AM state.S030_MatrixIdScan doAction
INFOS: Valid Harness Counter scanned [P2257955922112016556622] OK.
oct. 07, 2016 8:26:07 AM state.S040_PalletChoice doAction
INFOS: Is it a new pallet ?
oct. 07, 2016 8:26:07 AM state.S040_PalletChoice doAction
INFOS:  [Yes]
oct. 07, 2016 8:26:07 AM gui.packaging.PACKAGING_UI9000_ChoosePackType <init>
INFOS: Item found 22579559--26C36280A--P01--2RV--12--0.0
oct. 07, 2016 8:26:07 AM gui.packaging.PACKAGING_UI9000_ChoosePackType <init>
INFOS: 1 UCS founds for Harness Part[22579559].
oct. 07, 2016 8:26:08 AM gui.packaging.PACKAGING_UI9000_ChoosePackType mappingContextVals
INFOS: Selected pack type : 22579559--26C36280A--P01--2RV--12--0.0 
oct. 07, 2016 8:26:10 AM gui.packaging.PACKAGING_UI9000_ChoosePackType items_listKeyPressed
INFOS: Palette déjà ouverte pour la référence 22579559 !
oct. 07, 2016 8:26:41 AM gui.packaging.PACKAGING_UI9001_DropContainerConfirmation ok_btnActionPerformed
INFOS: Droping harness list...1
oct. 07, 2016 8:26:50 AM entity.ConfigUcs isHarnessPartExist
INFOS: Searching Harness part [22579559] in ConfigUCS: ENGINE
oct. 07, 2016 8:26:50 AM entity.ConfigUcs isHarnessPartExist
INFOS: Harness part [22579559] found for project [ENGINE].
oct. 07, 2016 8:26:50 AM state.S020_HarnessPartScan doAction
INFOS: Harness Part scanned [P22579559] OK.
oct. 07, 2016 8:26:55 AM entity.BaseHarness isCounterExist
INFOS: Searching Harness counter [P2257955923232016221122] in BaseHarness.
oct. 07, 2016 8:26:55 AM entity.BaseHarness isCounterExist
INFOS: FROM BaseHarness bh WHERE bh.counter = :counter
oct. 07, 2016 8:26:55 AM state.S030_MatrixIdScan doAction
INFOS: Valid Harness Counter scanned [P2257955923232016221122] OK.
oct. 07, 2016 8:26:58 AM state.S040_PalletChoice doAction
INFOS: Is it a new pallet ?
oct. 07, 2016 8:26:58 AM state.S040_PalletChoice doAction
INFOS:  [Yes]
oct. 07, 2016 8:26:58 AM gui.packaging.PACKAGING_UI9000_ChoosePackType <init>
INFOS: Item found 22579559--26C36280A--P01--2RV--12--0.0
oct. 07, 2016 8:26:58 AM gui.packaging.PACKAGING_UI9000_ChoosePackType <init>
INFOS: 1 UCS founds for Harness Part[22579559].
oct. 07, 2016 8:26:59 AM gui.packaging.PACKAGING_UI9000_ChoosePackType mappingContextVals
INFOS: Selected pack type : 22579559--26C36280A--P01--2RV--12--0.0 
oct. 07, 2016 8:27:59 AM helper.Helper InitDailyDestPrintDir
INFOS: Print directory [.\print\2016_10_07] already exist!
Print sub directory [.\print\2016_10_07.\open_sheet] already exist!
Print sub directory [.\print\2016_10_07.\closing_sheet] already exist!
Print sub directory [.\print\2016_10_07.\picking_label] already exist!

oct. 07, 2016 8:28:35 AM helper.Helper InitDailyDestPrintDir
INFOS: Print directory [.\print\2016_10_07] already exist!
Print sub directory [.\print\2016_10_07.\open_sheet] already exist!
Print sub directory [.\print\2016_10_07.\closing_sheet] already exist!
Print sub directory [.\print\2016_10_07.\picking_label] already exist!

oct. 07, 2016 8:28:37 AM gui.packaging.PACKAGING_UI0001_Main loadBarcodeConfig
INFOS: FROM ConfigBarcode cb WHERE cb.keyWord = :keyWord ORDER BY id ASC
oct. 07, 2016 8:28:37 AM entity.ConfigProject select
INFOS: FROM ConfigProject bp ORDER BY harnessType ASC
oct. 07, 2016 8:28:37 AM entity.ConfigProject select
INFOS: FROM ConfigProject bp ORDER BY harnessType ASC
oct. 07, 2016 8:28:40 AM gui.packaging.PACKAGING_UI0002_PasswordRequest connect
INFOS: User Admin   / 9999 connected to host WSMA7040 at 2016-10-07 08:28:40 Project : ENGINE.
oct. 07, 2016 8:28:57 AM entity.ConfigUcs isHarnessPartExist
INFOS: Searching Harness part [22579559] in ConfigUCS: ENGINE
oct. 07, 2016 8:28:57 AM entity.ConfigUcs isHarnessPartExist
INFOS: Harness part [22579559] found for project [ENGINE].
oct. 07, 2016 8:28:57 AM state.S020_HarnessPartScan doAction
INFOS: Harness Part scanned [P22579559] OK.
oct. 07, 2016 8:29:02 AM entity.BaseHarness isCounterExist
INFOS: Searching Harness counter [P2257955922115521112233] in BaseHarness.
oct. 07, 2016 8:29:02 AM entity.BaseHarness isCounterExist
INFOS: FROM BaseHarness bh WHERE bh.counter = :counter
oct. 07, 2016 8:29:02 AM state.S030_MatrixIdScan doAction
INFOS: Valid Harness Counter scanned [P2257955922115521112233] OK.
oct. 07, 2016 8:29:08 AM state.S040_PalletChoice doAction
INFOS: Is it a new pallet ?
oct. 07, 2016 8:29:08 AM state.S040_PalletChoice doAction
INFOS:  [Yes]
oct. 07, 2016 8:29:08 AM gui.packaging.PACKAGING_UI9000_ChoosePackType <init>
INFOS: Item found 22579559--26C36280A--P01--2RV--12--0.0
oct. 07, 2016 8:29:08 AM gui.packaging.PACKAGING_UI9000_ChoosePackType <init>
INFOS: 1 UCS founds for Harness Part[22579559].
oct. 07, 2016 8:29:11 AM gui.packaging.PACKAGING_UI9000_ChoosePackType mappingContextVals
INFOS: Selected pack type : 22579559--26C36280A--P01--2RV--12--0.0 
oct. 07, 2016 8:29:11 AM helper.Helper InitDailyDestPrintDir
INFOS: nullPrint directory [.\print\2016_10_07] already exist!
Print sub directory [.\print\2016_10_07.\open_sheet] already exist!
Print sub directory [.\print\2016_10_07.\closing_sheet] already exist!
Print sub directory [.\print\2016_10_07.\picking_label] already exist!

oct. 07, 2016 8:29:12 AM helper.PrinterHelper saveAndPrintOpenSheet
INFOS: Set Pallet [200000503] state to [IN_PROCESS]
oct. 07, 2016 8:29:12 AM print.PrintOpenPallet_A5 sentToDefaultDesktopPrinter
INFOS: Sending [.\print\2016_10_07\open_sheet\PrintOpenPallet_A5_2016_10_07_08_29_11_200000503.pdf] to the default printer...
oct. 07, 2016 8:29:12 AM print.PrintOpenPallet_A5 sentToDefaultDesktopPrinter
INFOS: File [%s] has been printed.
oct. 07, 2016 8:29:12 AM helper.PrinterHelper saveAndPrintOpenSheet
INFOS: Set Pallet [200000503] state to [PRINTED]
oct. 07, 2016 8:29:12 AM gui.packaging.PACKAGING_UI9000_ChoosePackType loadConfigUcs
INFOS: Openning new container for first harness part [22579559].
oct. 07, 2016 8:29:20 AM state.S041_NewPalletScan doAction
INFOS: Scanned Pallet number [200000503] OK.
oct. 07, 2016 8:29:20 AM state.S041_NewPalletScan doAction
INFOS: BaseContainer created BaseContainer{id=770,
 createTime=Fri Oct 07 08:29:20 WEST 2016,
 writeTime=Fri Oct 07 08:29:20 WEST 2016,
 createId=4,
 writeId=4,
 user=9999,
 startTime=Fri Oct 07 08:29:20 WEST 2016,
 completeTime=null,
 workTime=null,
 palletNumber=200000503,
 harnessPart=22579559,
 harnessIndex=P01,
 supplierPartNumber=26C36280A,
 qtyExpected=12,
 qtyRead=1,
 containerState=OPEN,
 containerStateCode=1000,
 packType=2RV,
 harnessType=ENGINE,
 harnessList=[],
 stdTime=0.0} 
oct. 07, 2016 8:29:58 AM entity.ConfigUcs isHarnessPartExist
INFOS: Searching Harness part [21846096] in ConfigUCS: ENGINE
oct. 07, 2016 8:29:58 AM entity.ConfigUcs isHarnessPartExist
INFOS: Harness part [21846096] found for project [ENGINE].
oct. 07, 2016 8:29:58 AM state.S020_HarnessPartScan doAction
INFOS: Harness Part scanned [P21846096] OK.
oct. 07, 2016 8:30:04 AM entity.BaseHarness isCounterExist
INFOS: Searching Harness counter [P2184609622112016223355] in BaseHarness.
oct. 07, 2016 8:30:04 AM entity.BaseHarness isCounterExist
INFOS: FROM BaseHarness bh WHERE bh.counter = :counter
oct. 07, 2016 8:30:04 AM state.S030_MatrixIdScan doAction
INFOS: Valid Harness Counter scanned [P2184609622112016223355] OK.
oct. 07, 2016 8:30:07 AM state.S040_PalletChoice doAction
INFOS: Is it a new pallet ?
oct. 07, 2016 8:30:07 AM state.S040_PalletChoice doAction
INFOS:  [Yes]
oct. 07, 2016 8:30:07 AM gui.packaging.PACKAGING_UI9000_ChoosePackType <init>
INFOS: Item found 21846096--26C74402A--P05--2RV--12--0.0
oct. 07, 2016 8:30:07 AM gui.packaging.PACKAGING_UI9000_ChoosePackType <init>
INFOS: 1 UCS founds for Harness Part[21846096].
oct. 07, 2016 8:30:08 AM gui.packaging.PACKAGING_UI9000_ChoosePackType mappingContextVals
INFOS: Selected pack type : 21846096--26C74402A--P05--2RV--12--0.0 
oct. 07, 2016 8:30:08 AM helper.Helper InitDailyDestPrintDir
INFOS: nullPrint directory [.\print\2016_10_07] already exist!
Print sub directory [.\print\2016_10_07.\open_sheet] already exist!
Print sub directory [.\print\2016_10_07.\closing_sheet] already exist!
Print sub directory [.\print\2016_10_07.\picking_label] already exist!

oct. 07, 2016 8:30:08 AM helper.PrinterHelper saveAndPrintOpenSheet
INFOS: Set Pallet [200000504] state to [IN_PROCESS]
oct. 07, 2016 8:30:08 AM print.PrintOpenPallet_A5 sentToDefaultDesktopPrinter
INFOS: Sending [.\print\2016_10_07\open_sheet\PrintOpenPallet_A5_2016_10_07_08_30_08_200000504.pdf] to the default printer...
oct. 07, 2016 8:30:08 AM print.PrintOpenPallet_A5 sentToDefaultDesktopPrinter
INFOS: File [%s] has been printed.
oct. 07, 2016 8:30:08 AM helper.PrinterHelper saveAndPrintOpenSheet
INFOS: Set Pallet [200000504] state to [PRINTED]
oct. 07, 2016 8:30:08 AM gui.packaging.PACKAGING_UI9000_ChoosePackType loadConfigUcs
INFOS: Openning new container for first harness part [21846096].
oct. 07, 2016 8:30:15 AM state.S041_NewPalletScan doAction
INFOS: Scanned Pallet number [200000504] OK.
oct. 07, 2016 8:30:15 AM state.S041_NewPalletScan doAction
INFOS: BaseContainer created BaseContainer{id=771,
 createTime=Fri Oct 07 08:30:15 WEST 2016,
 writeTime=Fri Oct 07 08:30:15 WEST 2016,
 createId=4,
 writeId=4,
 user=9999,
 startTime=Fri Oct 07 08:30:15 WEST 2016,
 completeTime=null,
 workTime=null,
 palletNumber=200000504,
 harnessPart=21846096,
 harnessIndex=P05,
 supplierPartNumber=26C74402A,
 qtyExpected=12,
 qtyRead=1,
 containerState=OPEN,
 containerStateCode=1000,
 packType=2RV,
 harnessType=ENGINE,
 harnessList=[],
 stdTime=0.0} 
oct. 07, 2016 11:08:17 AM helper.Helper InitDailyDestPrintDir
INFOS: Print directory [.\print\2016_10_07] already exist!
Print sub directory [.\print\2016_10_07.\open_sheet] already exist!
Print sub directory [.\print\2016_10_07.\closing_sheet] already exist!
Print sub directory [.\print\2016_10_07.\picking_label] already exist!

oct. 07, 2016 11:08:18 AM gui.packaging.PACKAGING_UI0001_Main loadBarcodeConfig
INFOS: FROM ConfigBarcode cb WHERE cb.keyWord = :keyWord ORDER BY id ASC
oct. 07, 2016 11:08:18 AM entity.ConfigProject select
INFOS: FROM ConfigProject bp ORDER BY harnessType ASC
oct. 07, 2016 11:08:18 AM entity.ConfigProject select
INFOS: FROM ConfigProject bp ORDER BY harnessType ASC
oct. 07, 2016 11:08:20 AM entity.ConfigProject select
INFOS: FROM ConfigProject bp ORDER BY harnessType ASC
oct. 07, 2016 11:08:29 AM entity.ConfigProject select
INFOS: FROM ConfigProject bp ORDER BY harnessType ASC
oct. 07, 2016 11:10:09 AM gui.packaging.PACKAGING_UI0002_PasswordRequest connect
INFOS: User Admin   / 9999 connected to host WSMA7040 at 2016-10-07 11:10:09 Project : ENGINE.
oct. 07, 2016 11:10:26 AM entity.ConfigUcs isHarnessPartExist
INFOS: Searching Harness part [22630882] in ConfigUCS: ENGINE
oct. 07, 2016 11:10:26 AM entity.ConfigUcs isHarnessPartExist
INFOS: Harness part [22630882] found for project [ENGINE].
oct. 07, 2016 11:10:26 AM state.S020_HarnessPartScan doAction
INFOS: Harness Part scanned [P22630882] OK.
oct. 07, 2016 11:10:31 AM entity.BaseHarness isCounterExist
INFOS: Searching Harness counter [P2263088222112016554466] in BaseHarness.
oct. 07, 2016 11:10:31 AM entity.BaseHarness isCounterExist
INFOS: FROM BaseHarness bh WHERE bh.counter = :counter
oct. 07, 2016 11:10:31 AM state.S030_MatrixIdScan doAction
INFOS: Valid Harness Counter scanned [P2263088222112016554466] OK.
oct. 07, 2016 11:10:34 AM state.S040_PalletChoice doAction
INFOS: Is it a new pallet ?
oct. 07, 2016 11:10:34 AM state.S040_PalletChoice doAction
INFOS:  [Yes]
oct. 07, 2016 11:10:34 AM gui.packaging.PACKAGING_UI9000_ChoosePackType <init>
INFOS: Item found 22630882--26C36540A--P02--3RV--24--0.0
oct. 07, 2016 11:10:34 AM gui.packaging.PACKAGING_UI9000_ChoosePackType <init>
INFOS: 1 UCS founds for Harness Part[22630882].
oct. 07, 2016 11:10:34 AM gui.packaging.PACKAGING_UI9000_ChoosePackType mappingContextVals
INFOS: Selected pack type : 22630882--26C36540A--P02--3RV--24--0.0 
oct. 07, 2016 11:10:34 AM helper.Helper InitDailyDestPrintDir
INFOS: nullPrint directory [.\print\2016_10_07] already exist!
Print sub directory [.\print\2016_10_07.\open_sheet] already exist!
Print sub directory [.\print\2016_10_07.\closing_sheet] already exist!
Print sub directory [.\print\2016_10_07.\picking_label] already exist!

oct. 07, 2016 11:10:34 AM helper.PrinterHelper saveAndPrintOpenSheet
INFOS: Set Pallet [200000505] state to [IN_PROCESS]
oct. 07, 2016 11:10:34 AM print.PrintOpenPallet_A5 sentToDefaultDesktopPrinter
INFOS: Sending [.\print\2016_10_07\open_sheet\PrintOpenPallet_A5_2016_10_07_11_10_34_200000505.pdf] to the default printer...
oct. 07, 2016 11:10:34 AM print.PrintOpenPallet_A5 sentToDefaultDesktopPrinter
INFOS: File [%s] has been printed.
oct. 07, 2016 11:10:35 AM helper.PrinterHelper saveAndPrintOpenSheet
INFOS: Set Pallet [200000505] state to [PRINTED]
oct. 07, 2016 11:10:35 AM gui.packaging.PACKAGING_UI9000_ChoosePackType loadConfigUcs
INFOS: Openning new container for first harness part [22630882].
oct. 07, 2016 11:12:06 AM state.S041_NewPalletScan doAction
INFOS: Scanned Pallet number [200000505] OK.
oct. 07, 2016 11:12:06 AM state.S041_NewPalletScan doAction
INFOS: BaseContainer created BaseContainer{id=772,
 createTime=Fri Oct 07 11:12:06 WEST 2016,
 writeTime=Fri Oct 07 11:12:06 WEST 2016,
 createId=4,
 writeId=4,
 user=9999,
 startTime=Fri Oct 07 11:12:06 WEST 2016,
 completeTime=null,
 workTime=null,
 palletNumber=200000505,
 harnessPart=22630882,
 harnessIndex=P02,
 supplierPartNumber=26C36540A,
 qtyExpected=24,
 qtyRead=1,
 containerState=OPEN,
 containerStateCode=1000,
 packType=3RV,
 harnessType=ENGINE,
 harnessList=[],
 stdTime=0.0} 
oct. 07, 2016 11:28:07 AM helper.Helper InitDailyDestPrintDir
INFOS: Print directory [.\print\2016_10_07] already exist!
Print sub directory [.\print\2016_10_07.\open_sheet] already exist!
Print sub directory [.\print\2016_10_07.\closing_sheet] already exist!
Print sub directory [.\print\2016_10_07.\picking_label] already exist!

oct. 07, 2016 11:28:31 AM gui.packaging.PACKAGING_UI0001_Main loadBarcodeConfig
INFOS: FROM ConfigBarcode cb WHERE cb.keyWord = :keyWord ORDER BY id ASC
oct. 07, 2016 11:28:31 AM entity.ConfigProject select
INFOS: FROM ConfigProject bp ORDER BY harnessType ASC
oct. 07, 2016 11:28:31 AM entity.ConfigProject select
INFOS: FROM ConfigProject bp ORDER BY harnessType ASC
oct. 07, 2016 11:28:33 AM entity.ConfigProject select
INFOS: FROM ConfigProject bp ORDER BY harnessType ASC
oct. 07, 2016 11:28:35 AM entity.ConfigProject select
INFOS: FROM ConfigProject bp ORDER BY harnessType ASC
oct. 07, 2016 11:29:58 AM entity.ConfigProject select
INFOS: FROM ConfigProject bp ORDER BY harnessType ASC
oct. 07, 2016 11:31:29 AM helper.Helper InitDailyDestPrintDir
INFOS: Print directory [.\print\2016_10_07] already exist!
Print sub directory [.\print\2016_10_07.\open_sheet] already exist!
Print sub directory [.\print\2016_10_07.\closing_sheet] already exist!
Print sub directory [.\print\2016_10_07.\picking_label] already exist!

oct. 07, 2016 11:31:31 AM gui.packaging.PACKAGING_UI0001_Main loadBarcodeConfig
INFOS: FROM ConfigBarcode cb WHERE cb.keyWord = :keyWord ORDER BY id ASC
oct. 07, 2016 11:31:31 AM entity.ConfigProject select
INFOS: FROM ConfigProject bp ORDER BY harnessType ASC
oct. 07, 2016 11:31:31 AM entity.ConfigProject select
INFOS: FROM ConfigProject bp ORDER BY harnessType ASC
oct. 07, 2016 11:31:33 AM entity.ConfigProject select
INFOS: FROM ConfigProject bp ORDER BY harnessType ASC
oct. 07, 2016 11:32:45 AM helper.Helper InitDailyDestPrintDir
INFOS: Print directory [.\print\2016_10_07] already exist!
Print sub directory [.\print\2016_10_07.\open_sheet] already exist!
Print sub directory [.\print\2016_10_07.\closing_sheet] already exist!
Print sub directory [.\print\2016_10_07.\picking_label] already exist!

oct. 07, 2016 11:32:53 AM helper.Helper InitDailyDestPrintDir
INFOS: Print directory [.\print\2016_10_07] already exist!
Print sub directory [.\print\2016_10_07.\open_sheet] already exist!
Print sub directory [.\print\2016_10_07.\closing_sheet] already exist!
Print sub directory [.\print\2016_10_07.\picking_label] already exist!

oct. 07, 2016 11:32:54 AM gui.packaging.PACKAGING_UI0001_Main loadBarcodeConfig
INFOS: FROM ConfigBarcode cb WHERE cb.keyWord = :keyWord ORDER BY id ASC
oct. 07, 2016 11:32:54 AM entity.ConfigProject select
INFOS: FROM ConfigProject bp ORDER BY harnessType ASC
oct. 07, 2016 11:32:54 AM entity.ConfigProject select
INFOS: FROM ConfigProject bp ORDER BY harnessType ASC
oct. 07, 2016 11:32:55 AM entity.ConfigProject select
INFOS: FROM ConfigProject bp ORDER BY harnessType ASC
oct. 07, 2016 12:10:33 PM helper.Helper InitDailyDestPrintDir
INFOS: Print directory [.\print\2016_10_07] already exist!
Print sub directory [.\print\2016_10_07.\open_sheet] already exist!
Print sub directory [.\print\2016_10_07.\closing_sheet] already exist!
Print sub directory [.\print\2016_10_07.\picking_label] already exist!

oct. 07, 2016 12:10:34 PM gui.packaging.PACKAGING_UI0001_Main loadBarcodeConfig
INFOS: FROM ConfigBarcode cb WHERE cb.keyWord = :keyWord ORDER BY id ASC
oct. 07, 2016 12:10:35 PM entity.ConfigProject select
INFOS: FROM ConfigProject bp ORDER BY harnessType ASC
oct. 07, 2016 12:10:35 PM entity.ConfigProject select
INFOS: FROM ConfigProject bp ORDER BY harnessType ASC
oct. 07, 2016 12:10:41 PM gui.packaging.PACKAGING_UI0002_PasswordRequest connect
INFOS: User Admin   / 9999 connected to host WSMA7040 at 2016-10-07 12:10:41 Project : ENGINE.
oct. 07, 2016 12:11:02 PM entity.ConfigUcs isHarnessPartExist
INFOS: Searching Harness part [21564014] in ConfigUCS: ENGINE
oct. 07, 2016 12:11:02 PM entity.ConfigUcs isHarnessPartExist
INFOS: Harness part [21564014] found for project [ENGINE].
oct. 07, 2016 12:11:02 PM state.S020_HarnessPartScan doAction
INFOS: Harness Part scanned [P21564014] OK.
oct. 07, 2016 12:11:07 PM entity.BaseHarness isCounterExist
INFOS: Searching Harness counter [P2156401422112016112233] in BaseHarness.
oct. 07, 2016 12:11:07 PM entity.BaseHarness isCounterExist
INFOS: FROM BaseHarness bh WHERE bh.counter = :counter
oct. 07, 2016 12:11:07 PM state.S030_MatrixIdScan doAction
INFOS: Valid Harness Counter scanned [P2156401422112016112233] OK.
oct. 07, 2016 12:11:10 PM state.S040_PalletChoice doAction
INFOS: Is it a new pallet ?
oct. 07, 2016 12:11:10 PM state.S040_PalletChoice doAction
INFOS:  [Yes]
oct. 07, 2016 12:11:10 PM gui.packaging.PACKAGING_UI9000_ChoosePackType <init>
INFOS: Item found 21564014--26C43460A--P01--3RV--24--0.0
oct. 07, 2016 12:11:10 PM gui.packaging.PACKAGING_UI9000_ChoosePackType <init>
INFOS: 1 UCS founds for Harness Part[21564014].
oct. 07, 2016 12:11:58 PM gui.packaging.PACKAGING_UI9000_ChoosePackType mappingContextVals
INFOS: Selected pack type : 21564014--26C43460A--P01--3RV--24--0.0 
oct. 07, 2016 12:12:12 PM gui.packaging.PACKAGING_UI9000_ChoosePackType items_listKeyPressed
INFOS: Palette/Box déjà ouvert(e) du type 3RV dans ce poste WSMA7040, pour la référence 22701793.
Solution N° 1 : - Veuillez terminer le packaging de la palette 21564014 avant d'ouvrir une nouvelle palette de type 200000490.
Solution N° 2 : - Emballer cette référence dans un autre poste packaging.
oct. 07, 2016 12:15:22 PM helper.Helper InitDailyDestPrintDir
INFOS: Print directory [.\print\2016_10_07] already exist!
Print sub directory [.\print\2016_10_07.\open_sheet] already exist!
Print sub directory [.\print\2016_10_07.\closing_sheet] already exist!
Print sub directory [.\print\2016_10_07.\picking_label] already exist!

oct. 07, 2016 12:15:22 PM gui.packaging.PACKAGING_UI0001_Main loadBarcodeConfig
INFOS: FROM ConfigBarcode cb WHERE cb.keyWord = :keyWord ORDER BY id ASC
oct. 07, 2016 12:15:23 PM entity.ConfigProject select
INFOS: FROM ConfigProject bp ORDER BY harnessType ASC
oct. 07, 2016 12:15:23 PM entity.ConfigProject select
INFOS: FROM ConfigProject bp ORDER BY harnessType ASC
oct. 07, 2016 12:15:25 PM gui.packaging.PACKAGING_UI0002_PasswordRequest connect
INFOS: User Admin   / 9999 connected to host WSMA7040 at 2016-10-07 12:15:25 Project : ENGINE.
oct. 07, 2016 12:15:29 PM entity.ConfigUcs isHarnessPartExist
INFOS: Searching Harness part [21564014] in ConfigUCS: ENGINE
oct. 07, 2016 12:15:29 PM entity.ConfigUcs isHarnessPartExist
INFOS: Harness part [21564014] found for project [ENGINE].
oct. 07, 2016 12:15:29 PM state.S020_HarnessPartScan doAction
INFOS: Harness Part scanned [P21564014] OK.
oct. 07, 2016 12:15:42 PM entity.BaseHarness isCounterExist
INFOS: Searching Harness counter [P2156401422112016112233] in BaseHarness.
oct. 07, 2016 12:15:42 PM entity.BaseHarness isCounterExist
INFOS: FROM BaseHarness bh WHERE bh.counter = :counter
oct. 07, 2016 12:15:42 PM state.S030_MatrixIdScan doAction
INFOS: Valid Harness Counter scanned [P2156401422112016112233] OK.
oct. 07, 2016 12:15:44 PM state.S040_PalletChoice doAction
INFOS: Is it a new pallet ?
oct. 07, 2016 12:15:44 PM state.S040_PalletChoice doAction
INFOS:  [Yes]
oct. 07, 2016 12:15:44 PM gui.packaging.PACKAGING_UI9000_ChoosePackType <init>
INFOS: Item found 21564014--26C43460A--P01--3RV--24--0.0
oct. 07, 2016 12:15:44 PM gui.packaging.PACKAGING_UI9000_ChoosePackType <init>
INFOS: 1 UCS founds for Harness Part[21564014].
oct. 07, 2016 12:15:45 PM gui.packaging.PACKAGING_UI9000_ChoosePackType mappingContextVals
INFOS: Selected pack type : 21564014--26C43460A--P01--3RV--24--0.0 
oct. 07, 2016 12:15:45 PM helper.Helper InitDailyDestPrintDir
INFOS: nullPrint directory [.\print\2016_10_07] already exist!
Print sub directory [.\print\2016_10_07.\open_sheet] already exist!
Print sub directory [.\print\2016_10_07.\closing_sheet] already exist!
Print sub directory [.\print\2016_10_07.\picking_label] already exist!

oct. 07, 2016 12:15:45 PM helper.PrinterHelper saveAndPrintOpenSheet
INFOS: Set Pallet [200000506] state to [IN_PROCESS]
oct. 07, 2016 12:15:45 PM print.PrintOpenPallet_A5 sentToDefaultDesktopPrinter
INFOS: Sending [.\print\2016_10_07\open_sheet\PrintOpenPallet_A5_2016_10_07_12_15_45_200000506.pdf] to the default printer...
oct. 07, 2016 12:15:45 PM print.PrintOpenPallet_A5 sentToDefaultDesktopPrinter
INFOS: File [%s] has been printed.
oct. 07, 2016 12:15:45 PM helper.PrinterHelper saveAndPrintOpenSheet
INFOS: Set Pallet [200000506] state to [PRINTED]
oct. 07, 2016 12:15:45 PM gui.packaging.PACKAGING_UI9000_ChoosePackType loadConfigUcs
INFOS: Openning new container for first harness part [21564014].
oct. 07, 2016 12:15:52 PM state.S041_NewPalletScan doAction
INFOS: Scanned Pallet number [200000506] OK.
oct. 07, 2016 12:15:52 PM state.S041_NewPalletScan doAction
INFOS: BaseContainer created BaseContainer{id=773,
 createTime=Fri Oct 07 12:15:52 WEST 2016,
 writeTime=Fri Oct 07 12:15:52 WEST 2016,
 createId=4,
 writeId=4,
 user=9999,
 startTime=Fri Oct 07 12:15:52 WEST 2016,
 completeTime=null,
 workTime=null,
 palletNumber=200000506,
 harnessPart=21564014,
 harnessIndex=P01,
 supplierPartNumber=26C43460A,
 qtyExpected=24,
 qtyRead=1,
 containerState=OPEN,
 containerStateCode=1000,
 packType=3RV,
 harnessType=ENGINE,
 harnessList=[],
 stdTime=0.0} 
