mai 04, 2016 5:12:48 PM helper.Helper InitDailyDestPrintDir
INFOS: Print directory [.\print\2016_05_04] is created!
Print sub directory [.\print\2016_05_04.\open_sheet] is created!
Print sub directory [.\print\2016_05_04.\closing_sheet] is created!
Print sub directory [.\print\2016_05_04.\picking_label] is created!

mai 04, 2016 5:12:51 PM entity.ConfigProject select
INFOS: FROM ConfigProject bp ORDER BY harnessType ASC
mai 04, 2016 5:12:51 PM entity.ConfigProject select
INFOS: FROM ConfigProject bp ORDER BY harnessType ASC
mai 04, 2016 5:13:12 PM state.S010_UserCodeScan doAction
INFOS: User Admin   / 9999 connected to host WSMA7040 at 2016-05-04 17:13:12 Project : SMALL.
mai 04, 2016 5:13:39 PM entity.ConfigUcs isHarnessPartExist
INFOS: Searching Harness part [22216200] in ConfigUCS: SMALL
mai 04, 2016 5:13:39 PM entity.ConfigUcs isHarnessPartExist
INFOS: Harness part [22216200] found for project [SMALL].
mai 04, 2016 5:13:39 PM state.S020_HarnessPartScan doAction
INFOS: Harness Part scanned [P22216200] OK.
mai 04, 2016 5:13:53 PM entity.BaseHarness isCounterExist
INFOS: Searching Harness counter [P2221620000.00.0000;00:00:00] in BaseHarness.
mai 04, 2016 5:13:53 PM entity.BaseHarness isCounterExist
INFOS: FROM BaseHarness bh WHERE bh.counter = :counter
mai 04, 2016 5:13:53 PM state.S030_MatrixIdScan doAction
INFOS: Valid Harness Counter scanned [P2221620000.00.0000;00:00:00] OK.
mai 04, 2016 5:14:06 PM state.S040_PalletChoice doAction
INFOS: Is it a new pallet ?
mai 04, 2016 5:14:06 PM state.S040_PalletChoice doAction
INFOS:  [No]
mai 04, 2016 5:14:06 PM state.S040_PalletChoice doAction
INFOS: Pallet values 
mai 04, 2016 5:14:06 PM state.S040_PalletChoice doAction
INFOS: State           :   [true]
mai 04, 2016 5:14:06 PM state.S040_PalletChoice doAction
INFOS: Qty Expected    :   [120]
mai 04, 2016 5:14:06 PM state.S040_PalletChoice doAction
INFOS: Qty Read        :   [65]
mai 04, 2016 5:14:06 PM state.S040_PalletChoice doAction
INFOS: Harness Part [22216200] = Context Harness Part [22216200]
mai 04, 2016 5:14:06 PM state.S040_PalletChoice doAction
INFOS: Harness Type [SMALL] = Context Harness Type [SMALL]
mai 04, 2016 5:14:16 PM entity.ConfigUcs isHarnessPartExist
INFOS: Searching Harness part [22216200] in ConfigUCS: SMALL
mai 04, 2016 5:14:16 PM entity.ConfigUcs isHarnessPartExist
INFOS: Harness part [22216200] found for project [SMALL].
mai 04, 2016 5:14:16 PM state.S020_HarnessPartScan doAction
INFOS: Harness Part scanned [P22216200] OK.
mai 04, 2016 5:14:19 PM entity.BaseHarness isCounterExist
INFOS: Searching Harness counter [P2221620000.00.0000;00:00:01] in BaseHarness.
mai 04, 2016 5:14:19 PM entity.BaseHarness isCounterExist
INFOS: FROM BaseHarness bh WHERE bh.counter = :counter
mai 04, 2016 5:14:19 PM state.S030_MatrixIdScan doAction
INFOS: Valid Harness Counter scanned [P2221620000.00.0000;00:00:01] OK.
mai 04, 2016 5:14:25 PM state.S040_PalletChoice doAction
INFOS: Is it a new pallet ?
mai 04, 2016 5:14:25 PM state.S040_PalletChoice doAction
INFOS:  [No]
mai 04, 2016 5:14:25 PM state.S040_PalletChoice doAction
INFOS: Pallet values 
mai 04, 2016 5:14:25 PM state.S040_PalletChoice doAction
INFOS: State           :   [true]
mai 04, 2016 5:14:25 PM state.S040_PalletChoice doAction
INFOS: Qty Expected    :   [120]
mai 04, 2016 5:14:25 PM state.S040_PalletChoice doAction
INFOS: Qty Read        :   [66]
mai 04, 2016 5:14:25 PM state.S040_PalletChoice doAction
INFOS: Harness Part [22216200] = Context Harness Part [22216200]
mai 04, 2016 5:14:25 PM state.S040_PalletChoice doAction
INFOS: Harness Type [SMALL] = Context Harness Type [SMALL]
mai 04, 2016 5:15:23 PM entity.ConfigUcs isHarnessPartExist
INFOS: Searching Harness part [22216200] in ConfigUCS: SMALL
mai 04, 2016 5:15:23 PM entity.ConfigUcs isHarnessPartExist
INFOS: Harness part [22216200] found for project [SMALL].
mai 04, 2016 5:15:23 PM state.S020_HarnessPartScan doAction
INFOS: Harness Part scanned [P22216200] OK.
mai 04, 2016 5:15:27 PM entity.BaseHarness isCounterExist
INFOS: Searching Harness counter [P2221620000.00.0000;00:00:02] in BaseHarness.
mai 04, 2016 5:15:27 PM entity.BaseHarness isCounterExist
INFOS: FROM BaseHarness bh WHERE bh.counter = :counter
mai 04, 2016 5:15:27 PM state.S030_MatrixIdScan doAction
INFOS: Valid Harness Counter scanned [P2221620000.00.0000;00:00:02] OK.
mai 04, 2016 5:15:36 PM state.S040_PalletChoice doAction
INFOS: Is it a new pallet ?
mai 04, 2016 5:15:36 PM state.S040_PalletChoice doAction
INFOS:  [No]
mai 04, 2016 5:15:36 PM state.S040_PalletChoice doAction
INFOS: Pallet values 
mai 04, 2016 5:15:36 PM state.S040_PalletChoice doAction
INFOS: State           :   [true]
mai 04, 2016 5:15:36 PM state.S040_PalletChoice doAction
INFOS: Qty Expected    :   [70]
mai 04, 2016 5:15:36 PM state.S040_PalletChoice doAction
INFOS: Qty Read        :   [67]
mai 04, 2016 5:15:36 PM state.S040_PalletChoice doAction
INFOS: Harness Part [22216200] = Context Harness Part [22216200]
mai 04, 2016 5:15:36 PM state.S040_PalletChoice doAction
INFOS: Harness Type [SMALL] = Context Harness Type [SMALL]
mai 04, 2016 5:15:42 PM entity.BaseHarness checkHarnessPartFormat
INFOS: Invalid Harness Part scanned [P222162000] !
mai 04, 2016 5:15:42 PM state.S020_HarnessPartScan doAction
AVERTISSEMENT: Invalid Harness Part scanned [P222162000] !
mai 04, 2016 5:15:45 PM entity.ConfigUcs isHarnessPartExist
INFOS: Searching Harness part [22216200] in ConfigUCS: SMALL
mai 04, 2016 5:15:45 PM entity.ConfigUcs isHarnessPartExist
INFOS: Harness part [22216200] found for project [SMALL].
mai 04, 2016 5:15:45 PM state.S020_HarnessPartScan doAction
INFOS: Harness Part scanned [P22216200] OK.
mai 04, 2016 5:15:47 PM entity.BaseHarness isCounterExist
INFOS: Searching Harness counter [P2221620000.00.0000;00:00:03] in BaseHarness.
mai 04, 2016 5:15:47 PM entity.BaseHarness isCounterExist
INFOS: FROM BaseHarness bh WHERE bh.counter = :counter
mai 04, 2016 5:15:47 PM state.S030_MatrixIdScan doAction
INFOS: Valid Harness Counter scanned [P2221620000.00.0000;00:00:03] OK.
mai 04, 2016 5:15:55 PM state.S040_PalletChoice doAction
INFOS: Is it a new pallet ?
mai 04, 2016 5:15:55 PM state.S040_PalletChoice doAction
INFOS:  [No]
mai 04, 2016 5:15:55 PM state.S040_PalletChoice doAction
INFOS: Pallet values 
mai 04, 2016 5:15:55 PM state.S040_PalletChoice doAction
INFOS: State           :   [true]
mai 04, 2016 5:15:55 PM state.S040_PalletChoice doAction
INFOS: Qty Expected    :   [70]
mai 04, 2016 5:15:55 PM state.S040_PalletChoice doAction
INFOS: Qty Read        :   [68]
mai 04, 2016 5:15:55 PM state.S040_PalletChoice doAction
INFOS: Harness Part [22216200] = Context Harness Part [22216200]
mai 04, 2016 5:15:55 PM state.S040_PalletChoice doAction
INFOS: Harness Type [SMALL] = Context Harness Type [SMALL]
mai 04, 2016 5:16:00 PM entity.ConfigUcs isHarnessPartExist
INFOS: Searching Harness part [22216200] in ConfigUCS: SMALL
mai 04, 2016 5:16:00 PM entity.ConfigUcs isHarnessPartExist
INFOS: Harness part [22216200] found for project [SMALL].
mai 04, 2016 5:16:00 PM state.S020_HarnessPartScan doAction
INFOS: Harness Part scanned [P22216200] OK.
mai 04, 2016 5:16:03 PM entity.BaseHarness isCounterExist
INFOS: Searching Harness counter [P2221620000.00.0000;00:00:04] in BaseHarness.
mai 04, 2016 5:16:03 PM entity.BaseHarness isCounterExist
INFOS: FROM BaseHarness bh WHERE bh.counter = :counter
mai 04, 2016 5:16:03 PM state.S030_MatrixIdScan doAction
INFOS: Valid Harness Counter scanned [P2221620000.00.0000;00:00:04] OK.
mai 04, 2016 5:16:07 PM state.S040_PalletChoice doAction
INFOS: Is it a new pallet ?
mai 04, 2016 5:16:07 PM state.S040_PalletChoice doAction
INFOS:  [No]
mai 04, 2016 5:16:07 PM state.S040_PalletChoice doAction
INFOS: Pallet values 
mai 04, 2016 5:16:07 PM state.S040_PalletChoice doAction
INFOS: State           :   [true]
mai 04, 2016 5:16:07 PM state.S040_PalletChoice doAction
INFOS: Qty Expected    :   [70]
mai 04, 2016 5:16:07 PM state.S040_PalletChoice doAction
INFOS: Qty Read        :   [69]
mai 04, 2016 5:16:07 PM state.S040_PalletChoice doAction
INFOS: Harness Part [22216200] = Context Harness Part [22216200]
mai 04, 2016 5:16:07 PM state.S040_PalletChoice doAction
INFOS: Harness Type [SMALL] = Context Harness Type [SMALL]
mai 04, 2016 5:16:07 PM state.S040_PalletChoice doAction
INFOS: Quantité terminée BaseContainer{id=748,
 createTime=2016-04-15 07:20:43.0,
 writeTime=Wed May 04 17:16:07 WEST 2016,
 createId=6,
 writeId=3,
 user=14228,
 startTime=2016-04-15 07:20:43.0,
 completeTime=null,
 workTime=null,
 palletNumber=200000476,
 harnessPart=22216200,
 harnessIndex=P01,
 supplierPartNumber=26C06970A,
 qtyExpected=70,
 qtyRead=69,
 containerState=OPEN,
 containerStateCode=1000,
 packType=2RV,
 harnessType=SMALL,
 harnessList=[entity.BaseHarness@7d8e8b5e, entity.BaseHarness@2c7c8aed, entity.BaseHarness@2ca45305, entity.BaseHarness@33f13d38, entity.BaseHarness@14783944, entity.BaseHarness@5104c8be, entity.BaseHarness@10b0812f, entity.BaseHarness@114035d, entity.BaseHarness@2c7e8f99, entity.BaseHarness@4dc189fe, entity.BaseHarness@5c4ae65b, entity.BaseHarness@48552eea, entity.BaseHarness@22ea422c, entity.BaseHarness@29059ca1, entity.BaseHarness@58468428, entity.BaseHarness@39598fb3, entity.BaseHarness@7451dd87, entity.BaseHarness@6941c289, entity.BaseHarness@5d4aaa93, entity.BaseHarness@2ac40a46, entity.BaseHarness@2f8dc62c, entity.BaseHarness@36ff3f31, entity.BaseHarness@110faf4c, entity.BaseHarness@31de83af, entity.BaseHarness@21bcd536, entity.BaseHarness@6da0cbb2, entity.BaseHarness@26e94e2f, entity.BaseHarness@3669e012, entity.BaseHarness@253c2a95, entity.BaseHarness@67c0496a, entity.BaseHarness@17bdab58, entity.BaseHarness@66e88252, entity.BaseHarness@11175b80, entity.BaseHarness@6fdc750b, entity.BaseHarness@2484e46c, entity.BaseHarness@72885e8c, entity.BaseHarness@74482bc4, entity.BaseHarness@23b09a99, entity.BaseHarness@56f77412, entity.BaseHarness@60f5d9a6, entity.BaseHarness@45f1e3e0, entity.BaseHarness@2f6e2311, entity.BaseHarness@1cbdaf54, entity.BaseHarness@7385d09b, entity.BaseHarness@1f0c039e, entity.BaseHarness@196008b8, entity.BaseHarness@48e8cf38, entity.BaseHarness@691e720f, entity.BaseHarness@60f7a9db, entity.BaseHarness@579d4b58, entity.BaseHarness@6ce0030d, entity.BaseHarness@1f75c51d, entity.BaseHarness@7392f6e2, entity.BaseHarness@507b29bf, entity.BaseHarness@2aa705ba, entity.BaseHarness@6728e52f, entity.BaseHarness@fe57659, entity.BaseHarness@29696c8b, entity.BaseHarness@3b690c36, entity.BaseHarness@1d781403, entity.BaseHarness@7976fbd, entity.BaseHarness@358eaab5, entity.BaseHarness@2e318c80, entity.BaseHarness@4dd26cb3, entity.BaseHarness@5266d71e, entity.BaseHarness@2ddea592, entity.BaseHarness@4cd8b18, entity.BaseHarness@5db51cd5, entity.BaseHarness@2ccb92fa, entity.BaseHarness@ba7ab00]}
mai 04, 2016 5:16:08 PM helper.Helper InitDailyDestPrintDir
INFOS: nullPrint directory [.\print\2016_05_04] already exist!
Print sub directory [.\print\2016_05_04.\open_sheet] already exist!
Print sub directory [.\print\2016_05_04.\closing_sheet] already exist!
Print sub directory [.\print\2016_05_04.\picking_label] already exist!

mai 04, 2016 5:16:08 PM helper.PrinterHelper saveAndPrintClosingSheet
INFOS: Set Closing Pallet item [705] state to [IN_PROCESS]
mai 04, 2016 5:16:08 PM print.PrintClosingPallet_A5 sentToDefaultDesktopPrinter
INFOS: Sending [.\print\2016_05_04\closing_sheet\PrintClosingPallet_A5_2016_05_04_17_16_08.pdf] to the default printer...
mai 04, 2016 5:16:09 PM print.PrintClosingPallet_A5 sentToDefaultDesktopPrinter
INFOS: File [%s] has been printed.
mai 04, 2016 5:16:09 PM helper.PrinterHelper saveAndPrintClosingSheet
INFOS: Set Closing Pallet [705] state to [PRINTED]
mai 04, 2016 5:20:03 PM entity.ConfigProject select
INFOS: FROM ConfigProject bp ORDER BY harnessType ASC
mai 04, 2016 5:29:16 PM helper.Helper InitDailyDestPrintDir
INFOS: Print directory [.\print\2016_05_04] already exist!
Print sub directory [.\print\2016_05_04.\open_sheet] already exist!
Print sub directory [.\print\2016_05_04.\closing_sheet] already exist!
Print sub directory [.\print\2016_05_04.\picking_label] already exist!

mai 04, 2016 5:29:19 PM entity.ConfigProject select
INFOS: FROM ConfigProject bp ORDER BY harnessType ASC
mai 04, 2016 5:29:19 PM entity.ConfigProject select
INFOS: FROM ConfigProject bp ORDER BY harnessType ASC
mai 04, 2016 5:33:32 PM state.S010_UserCodeScan doAction
INFOS: User Admin   / 9999 connected to host WSMA7040 at 2016-05-04 17:33:32 Project : SMALL.
mai 04, 2016 5:33:45 PM entity.ConfigUcs isHarnessPartExist
INFOS: Searching Harness part [21750945] in ConfigUCS: SMALL
mai 04, 2016 5:33:45 PM entity.ConfigUcs isHarnessPartExist
INFOS: Harness part [21750945] found for project [SMALL].
mai 04, 2016 5:33:45 PM state.S020_HarnessPartScan doAction
INFOS: Harness Part scanned [P21750945] OK.
mai 04, 2016 5:34:07 PM entity.BaseHarness isCounterExist
INFOS: Searching Harness counter [P2175094500.00.0000;00:00:00] in BaseHarness.
mai 04, 2016 5:34:07 PM entity.BaseHarness isCounterExist
INFOS: FROM BaseHarness bh WHERE bh.counter = :counter
mai 04, 2016 5:34:07 PM state.S030_MatrixIdScan doAction
INFOS: Valid Harness Counter scanned [P2175094500.00.0000;00:00:00] OK.
mai 04, 2016 5:34:12 PM state.S040_PalletChoice doAction
INFOS: Is it a new pallet ?
mai 04, 2016 5:34:12 PM state.S040_PalletChoice doAction
INFOS:  [No]
mai 04, 2016 5:34:12 PM state.S040_PalletChoice doAction
INFOS: Pallet values 
mai 04, 2016 5:34:12 PM state.S040_PalletChoice doAction
INFOS: State           :   [true]
mai 04, 2016 5:34:12 PM state.S040_PalletChoice doAction
INFOS: Qty Expected    :   [50]
mai 04, 2016 5:34:12 PM state.S040_PalletChoice doAction
INFOS: Qty Read        :   [44]
mai 04, 2016 5:34:12 PM state.S040_PalletChoice doAction
INFOS: Harness Part [21750945] = Context Harness Part [21750945]
mai 04, 2016 5:34:12 PM state.S040_PalletChoice doAction
INFOS: Harness Type [SMALL] = Context Harness Type [SMALL]
mai 04, 2016 5:34:25 PM entity.ConfigUcs isHarnessPartExist
INFOS: Searching Harness part [21750945] in ConfigUCS: SMALL
mai 04, 2016 5:34:25 PM entity.ConfigUcs isHarnessPartExist
INFOS: Harness part [21750945] found for project [SMALL].
mai 04, 2016 5:34:25 PM state.S020_HarnessPartScan doAction
INFOS: Harness Part scanned [P21750945] OK.
mai 04, 2016 5:34:26 PM entity.BaseHarness isCounterExist
INFOS: Searching Harness counter [P2175094500.00.0000;00:00:00] in BaseHarness.
mai 04, 2016 5:34:26 PM entity.BaseHarness isCounterExist
INFOS: FROM BaseHarness bh WHERE bh.counter = :counter
mai 04, 2016 5:34:27 PM entity.BaseHarness getHarnessByCounter
INFOS: FROM BaseHarness bh WHERE bh.counter = :counter
mai 04, 2016 5:34:28 PM entity.BaseHarness isCounterExist
INFOS: Searching Harness counter [P2175094500.00.0000;00:00:01] in BaseHarness.
mai 04, 2016 5:34:28 PM entity.BaseHarness isCounterExist
INFOS: FROM BaseHarness bh WHERE bh.counter = :counter
mai 04, 2016 5:34:28 PM state.S030_MatrixIdScan doAction
INFOS: Valid Harness Counter scanned [P2175094500.00.0000;00:00:01] OK.
mai 04, 2016 5:34:32 PM state.S040_PalletChoice doAction
INFOS: Is it a new pallet ?
mai 04, 2016 5:34:32 PM state.S040_PalletChoice doAction
INFOS:  [No]
mai 04, 2016 5:34:32 PM state.S040_PalletChoice doAction
INFOS: Pallet values 
mai 04, 2016 5:34:32 PM state.S040_PalletChoice doAction
INFOS: State           :   [true]
mai 04, 2016 5:34:32 PM state.S040_PalletChoice doAction
INFOS: Qty Expected    :   [50]
mai 04, 2016 5:34:32 PM state.S040_PalletChoice doAction
INFOS: Qty Read        :   [45]
mai 04, 2016 5:34:32 PM state.S040_PalletChoice doAction
INFOS: Harness Part [21750945] = Context Harness Part [21750945]
mai 04, 2016 5:34:32 PM state.S040_PalletChoice doAction
INFOS: Harness Type [SMALL] = Context Harness Type [SMALL]
mai 04, 2016 5:34:37 PM entity.ConfigUcs isHarnessPartExist
INFOS: Searching Harness part [21750945] in ConfigUCS: SMALL
mai 04, 2016 5:34:37 PM entity.ConfigUcs isHarnessPartExist
INFOS: Harness part [21750945] found for project [SMALL].
mai 04, 2016 5:34:37 PM state.S020_HarnessPartScan doAction
INFOS: Harness Part scanned [P21750945] OK.
mai 04, 2016 5:34:39 PM entity.BaseHarness isCounterExist
INFOS: Searching Harness counter [P2175094500.00.0000;00:00:03] in BaseHarness.
mai 04, 2016 5:34:39 PM entity.BaseHarness isCounterExist
INFOS: FROM BaseHarness bh WHERE bh.counter = :counter
mai 04, 2016 5:34:39 PM state.S030_MatrixIdScan doAction
INFOS: Valid Harness Counter scanned [P2175094500.00.0000;00:00:03] OK.
mai 04, 2016 5:34:45 PM state.S040_PalletChoice doAction
INFOS: Is it a new pallet ?
mai 04, 2016 5:34:45 PM state.S040_PalletChoice doAction
INFOS:  [No]
mai 04, 2016 5:34:45 PM state.S040_PalletChoice doAction
INFOS: Pallet values 
mai 04, 2016 5:34:45 PM state.S040_PalletChoice doAction
INFOS: State           :   [true]
mai 04, 2016 5:34:45 PM state.S040_PalletChoice doAction
INFOS: Qty Expected    :   [50]
mai 04, 2016 5:34:45 PM state.S040_PalletChoice doAction
INFOS: Qty Read        :   [46]
mai 04, 2016 5:34:45 PM state.S040_PalletChoice doAction
INFOS: Harness Part [21750945] = Context Harness Part [21750945]
mai 04, 2016 5:34:45 PM state.S040_PalletChoice doAction
INFOS: Harness Type [SMALL] = Context Harness Type [SMALL]
mai 04, 2016 5:35:05 PM entity.ConfigUcs isHarnessPartExist
INFOS: Searching Harness part [21750945] in ConfigUCS: SMALL
mai 04, 2016 5:35:05 PM entity.ConfigUcs isHarnessPartExist
INFOS: Harness part [21750945] found for project [SMALL].
mai 04, 2016 5:35:05 PM state.S020_HarnessPartScan doAction
INFOS: Harness Part scanned [P21750945] OK.
mai 04, 2016 5:35:08 PM entity.BaseHarness isCounterExist
INFOS: Searching Harness counter [P2175094500.00.0000;00:00:04] in BaseHarness.
mai 04, 2016 5:35:08 PM entity.BaseHarness isCounterExist
INFOS: FROM BaseHarness bh WHERE bh.counter = :counter
mai 04, 2016 5:35:08 PM state.S030_MatrixIdScan doAction
INFOS: Valid Harness Counter scanned [P2175094500.00.0000;00:00:04] OK.
mai 04, 2016 5:35:12 PM state.S040_PalletChoice doAction
INFOS: Is it a new pallet ?
mai 04, 2016 5:35:12 PM state.S040_PalletChoice doAction
INFOS:  [No]
mai 04, 2016 5:35:12 PM state.S040_PalletChoice doAction
INFOS: Pallet values 
mai 04, 2016 5:35:12 PM state.S040_PalletChoice doAction
INFOS: State           :   [true]
mai 04, 2016 5:35:12 PM state.S040_PalletChoice doAction
INFOS: Qty Expected    :   [50]
mai 04, 2016 5:35:12 PM state.S040_PalletChoice doAction
INFOS: Qty Read        :   [47]
mai 04, 2016 5:35:12 PM state.S040_PalletChoice doAction
INFOS: Harness Part [21750945] = Context Harness Part [21750945]
mai 04, 2016 5:35:12 PM state.S040_PalletChoice doAction
INFOS: Harness Type [SMALL] = Context Harness Type [SMALL]
mai 04, 2016 5:35:15 PM entity.ConfigUcs isHarnessPartExist
INFOS: Searching Harness part [21750945] in ConfigUCS: SMALL
mai 04, 2016 5:35:15 PM entity.ConfigUcs isHarnessPartExist
INFOS: Harness part [21750945] found for project [SMALL].
mai 04, 2016 5:35:15 PM state.S020_HarnessPartScan doAction
INFOS: Harness Part scanned [P21750945] OK.
mai 04, 2016 5:35:18 PM entity.BaseHarness isCounterExist
INFOS: Searching Harness counter [P2175094500.00.0000;00:00:05] in BaseHarness.
mai 04, 2016 5:35:18 PM entity.BaseHarness isCounterExist
INFOS: FROM BaseHarness bh WHERE bh.counter = :counter
mai 04, 2016 5:35:18 PM state.S030_MatrixIdScan doAction
INFOS: Valid Harness Counter scanned [P2175094500.00.0000;00:00:05] OK.
mai 04, 2016 5:35:21 PM state.S040_PalletChoice doAction
INFOS: Is it a new pallet ?
mai 04, 2016 5:35:21 PM state.S040_PalletChoice doAction
INFOS:  [No]
mai 04, 2016 5:35:21 PM state.S040_PalletChoice doAction
INFOS: Pallet values 
mai 04, 2016 5:35:21 PM state.S040_PalletChoice doAction
INFOS: State           :   [true]
mai 04, 2016 5:35:21 PM state.S040_PalletChoice doAction
INFOS: Qty Expected    :   [50]
mai 04, 2016 5:35:21 PM state.S040_PalletChoice doAction
INFOS: Qty Read        :   [48]
mai 04, 2016 5:35:21 PM state.S040_PalletChoice doAction
INFOS: Harness Part [21750945] = Context Harness Part [21750945]
mai 04, 2016 5:35:21 PM state.S040_PalletChoice doAction
INFOS: Harness Type [SMALL] = Context Harness Type [SMALL]
mai 04, 2016 5:35:23 PM entity.ConfigUcs isHarnessPartExist
INFOS: Searching Harness part [21750945] in ConfigUCS: SMALL
mai 04, 2016 5:35:23 PM entity.ConfigUcs isHarnessPartExist
INFOS: Harness part [21750945] found for project [SMALL].
mai 04, 2016 5:35:23 PM state.S020_HarnessPartScan doAction
INFOS: Harness Part scanned [P21750945] OK.
mai 04, 2016 5:35:27 PM entity.BaseHarness isCounterExist
INFOS: Searching Harness counter [P2175094500.00.0000;00:00:06] in BaseHarness.
mai 04, 2016 5:35:27 PM entity.BaseHarness isCounterExist
INFOS: FROM BaseHarness bh WHERE bh.counter = :counter
mai 04, 2016 5:35:27 PM state.S030_MatrixIdScan doAction
INFOS: Valid Harness Counter scanned [P2175094500.00.0000;00:00:06] OK.
mai 04, 2016 5:35:32 PM state.S040_PalletChoice doAction
INFOS: Is it a new pallet ?
mai 04, 2016 5:35:32 PM state.S040_PalletChoice doAction
INFOS:  [No]
mai 04, 2016 5:35:32 PM state.S040_PalletChoice doAction
INFOS: Pallet values 
mai 04, 2016 5:35:32 PM state.S040_PalletChoice doAction
INFOS: State           :   [true]
mai 04, 2016 5:35:32 PM state.S040_PalletChoice doAction
INFOS: Qty Expected    :   [50]
mai 04, 2016 5:35:32 PM state.S040_PalletChoice doAction
INFOS: Qty Read        :   [49]
mai 04, 2016 5:35:32 PM state.S040_PalletChoice doAction
INFOS: Harness Part [21750945] = Context Harness Part [21750945]
mai 04, 2016 5:35:32 PM state.S040_PalletChoice doAction
INFOS: Harness Type [SMALL] = Context Harness Type [SMALL]
mai 04, 2016 5:35:32 PM state.S040_PalletChoice doAction
INFOS: Quantité terminée BaseContainer{id=587,
 createTime=2016-03-31 21:16:55.0,
 writeTime=Wed May 04 17:35:32 WEST 2016,
 createId=13,
 writeId=3,
 user=13790,
 startTime=2016-03-31 21:16:55.0,
 completeTime=null,
 workTime=null,
 palletNumber=200000314,
 harnessPart=21750945,
 harnessIndex=P03,
 supplierPartNumber=26C59472A,
 qtyExpected=50,
 qtyRead=49,
 containerState=OPEN,
 containerStateCode=1000,
 packType=kltv-750,
 harnessType=SMALL,
 harnessList=[entity.BaseHarness@61865cd6, entity.BaseHarness@be5a748, entity.BaseHarness@7ae6b24f, entity.BaseHarness@51867a4a, entity.BaseHarness@12496e12, entity.BaseHarness@13c4c955, entity.BaseHarness@7f847be3, entity.BaseHarness@52e1b57c, entity.BaseHarness@773c6940, entity.BaseHarness@2e366ab3, entity.BaseHarness@12eae8eb, entity.BaseHarness@5c7df596, entity.BaseHarness@483de69c, entity.BaseHarness@3c39179f, entity.BaseHarness@186e1671, entity.BaseHarness@44b0d5f5, entity.BaseHarness@6ec9ffaa, entity.BaseHarness@3136505b, entity.BaseHarness@3d1d261b, entity.BaseHarness@2396aad2, entity.BaseHarness@76c4dfba, entity.BaseHarness@76972578, entity.BaseHarness@60520a66, entity.BaseHarness@434e1ae7, entity.BaseHarness@1be32552, entity.BaseHarness@6b439b82, entity.BaseHarness@1ab0f862, entity.BaseHarness@6ed989cb, entity.BaseHarness@3cc85636, entity.BaseHarness@5da738cb, entity.BaseHarness@2a28dff1, entity.BaseHarness@3fc49f92, entity.BaseHarness@5c84af3, entity.BaseHarness@78a8d33e, entity.BaseHarness@29a190ff, entity.BaseHarness@4e16b2e, entity.BaseHarness@4665607c, entity.BaseHarness@7c61a600, entity.BaseHarness@20b09a7c, entity.BaseHarness@64d59f9a, entity.BaseHarness@53c6ba16, entity.BaseHarness@35aeeb0e, entity.BaseHarness@12d9691f, entity.BaseHarness@fb02ab9, entity.BaseHarness@d81c776, entity.BaseHarness@1f2225e8, entity.BaseHarness@573daff4, entity.BaseHarness@2a6e53a8, entity.BaseHarness@6383613e, entity.BaseHarness@57ef30d1]}
mai 04, 2016 5:35:32 PM helper.Helper InitDailyDestPrintDir
INFOS: nullPrint directory [.\print\2016_05_04] already exist!
Print sub directory [.\print\2016_05_04.\open_sheet] already exist!
Print sub directory [.\print\2016_05_04.\closing_sheet] already exist!
Print sub directory [.\print\2016_05_04.\picking_label] already exist!

mai 04, 2016 5:35:32 PM helper.PrinterHelper saveAndPrintClosingSheet
INFOS: Set Closing Pallet item [706] state to [IN_PROCESS]
mai 04, 2016 5:35:32 PM print.PrintClosingPallet_A5 sentToDefaultDesktopPrinter
INFOS: Sending [.\print\2016_05_04\closing_sheet\PrintClosingPallet_A5_2016_05_04_17_35_32.pdf] to the default printer...
mai 04, 2016 5:35:32 PM print.PrintClosingPallet_A5 sentToDefaultDesktopPrinter
INFOS: File [%s] has been printed.
mai 04, 2016 5:35:32 PM helper.PrinterHelper saveAndPrintClosingSheet
INFOS: Set Closing Pallet [706] state to [PRINTED]
mai 04, 2016 5:41:27 PM helper.Helper InitDailyDestPrintDir
INFOS: Print directory [.\print\2016_05_04] already exist!
Print sub directory [.\print\2016_05_04.\open_sheet] already exist!
Print sub directory [.\print\2016_05_04.\closing_sheet] already exist!
Print sub directory [.\print\2016_05_04.\picking_label] already exist!

mai 04, 2016 5:41:31 PM entity.ConfigProject select
INFOS: FROM ConfigProject bp ORDER BY harnessType ASC
mai 04, 2016 5:41:31 PM entity.ConfigProject select
INFOS: FROM ConfigProject bp ORDER BY harnessType ASC
mai 04, 2016 5:41:37 PM state.S010_UserCodeScan doAction
INFOS: User Admin   / 9999 connected to host WSMA7040 at 2016-05-04 17:41:37 Project : SMALL.
mai 04, 2016 5:42:01 PM entity.ConfigUcs isHarnessPartExist
INFOS: Searching Harness part [21750945] in ConfigUCS: SMALL
mai 04, 2016 5:42:01 PM entity.ConfigUcs isHarnessPartExist
INFOS: Harness part [21750945] found for project [SMALL].
mai 04, 2016 5:42:01 PM state.S020_HarnessPartScan doAction
INFOS: Harness Part scanned [P21750945] OK.
mai 04, 2016 5:42:09 PM entity.BaseHarness isCounterExist
INFOS: Searching Harness counter [P2175094500.00.0000;00:00:07] in BaseHarness.
mai 04, 2016 5:42:09 PM entity.BaseHarness isCounterExist
INFOS: FROM BaseHarness bh WHERE bh.counter = :counter
mai 04, 2016 5:42:09 PM state.S030_MatrixIdScan doAction
INFOS: Valid Harness Counter scanned [P2175094500.00.0000;00:00:07] OK.
mai 04, 2016 5:42:13 PM state.S040_PalletChoice doAction
INFOS: Is it a new pallet ?
mai 04, 2016 5:42:13 PM state.S040_PalletChoice doAction
AVERTISSEMENT: Invalid OPEN PALLET barcode [200000314]!
mai 04, 2016 5:43:42 PM state.S040_PalletChoice doAction
INFOS: Is it a new pallet ?
mai 04, 2016 5:43:42 PM state.S040_PalletChoice doAction
INFOS:  [No]
mai 04, 2016 5:43:42 PM state.S040_PalletChoice doAction
INFOS: Pallet values 
mai 04, 2016 5:43:42 PM state.S040_PalletChoice doAction
INFOS: State           :   [true]
mai 04, 2016 5:43:42 PM state.S040_PalletChoice doAction
INFOS: Qty Expected    :   [50]
mai 04, 2016 5:43:42 PM state.S040_PalletChoice doAction
INFOS: Qty Read        :   [49]
mai 04, 2016 5:43:42 PM state.S040_PalletChoice doAction
INFOS: Harness Part [21750945] = Context Harness Part [21750945]
mai 04, 2016 5:43:42 PM state.S040_PalletChoice doAction
INFOS: Harness Type [SMALL] = Context Harness Type [SMALL]
mai 04, 2016 5:43:42 PM state.S040_PalletChoice doAction
INFOS: Quantité terminée BaseContainer{id=587,
 createTime=2016-03-31 21:16:55.0,
 writeTime=Wed May 04 17:43:42 WEST 2016,
 createId=13,
 writeId=3,
 user=13790,
 startTime=2016-03-31 21:16:55.0,
 completeTime=null,
 workTime=null,
 palletNumber=200000314,
 harnessPart=21750945,
 harnessIndex=P03,
 supplierPartNumber=26C59472A,
 qtyExpected=50,
 qtyRead=49,
 containerState=OPEN,
 containerStateCode=1000,
 packType=kltv-750,
 harnessType=SMALL,
 harnessList=[entity.BaseHarness@33982399, entity.BaseHarness@1e8516be, entity.BaseHarness@6b173cef, entity.BaseHarness@7b1a9ce8, entity.BaseHarness@25bba333, entity.BaseHarness@6d3c1c92, entity.BaseHarness@2829abfd, entity.BaseHarness@3eac3b6, entity.BaseHarness@432a8ee2, entity.BaseHarness@7ecc8f3b, entity.BaseHarness@ccacf42, entity.BaseHarness@73ab79d8, entity.BaseHarness@793172b2, entity.BaseHarness@1f0ab9e1, entity.BaseHarness@47a4fd1, entity.BaseHarness@19bd13e1, entity.BaseHarness@47da83a4, entity.BaseHarness@42f96744, entity.BaseHarness@41254de4, entity.BaseHarness@4e9d6c1e, entity.BaseHarness@2a36cc7e, entity.BaseHarness@36d4ffa0, entity.BaseHarness@577ed45, entity.BaseHarness@1033827c, entity.BaseHarness@63edee60, entity.BaseHarness@932c42f, entity.BaseHarness@378ddefc, entity.BaseHarness@4c6425fa, entity.BaseHarness@62f98b99, entity.BaseHarness@42a1a5d6, entity.BaseHarness@5c465262, entity.BaseHarness@4820cf1, entity.BaseHarness@5af8a8d6, entity.BaseHarness@7a0e24a2, entity.BaseHarness@59da7d7f, entity.BaseHarness@36874648, entity.BaseHarness@5b016119, entity.BaseHarness@41d77c9f, entity.BaseHarness@56ecfc9d, entity.BaseHarness@d027d9e, entity.BaseHarness@60bcd400, entity.BaseHarness@17654aef, entity.BaseHarness@7b14a842, entity.BaseHarness@2cedadbe, entity.BaseHarness@29d6e3bc, entity.BaseHarness@1d614247, entity.BaseHarness@28ea6c7, entity.BaseHarness@781cd525, entity.BaseHarness@27cfab86, entity.BaseHarness@3305fed5, entity.BaseHarness@49492c45]}
mai 04, 2016 5:43:42 PM helper.Helper InitDailyDestPrintDir
INFOS: nullPrint directory [.\print\2016_05_04] already exist!
Print sub directory [.\print\2016_05_04.\open_sheet] already exist!
Print sub directory [.\print\2016_05_04.\closing_sheet] already exist!
Print sub directory [.\print\2016_05_04.\picking_label] already exist!

mai 04, 2016 5:43:42 PM helper.PrinterHelper saveAndPrintClosingSheet
INFOS: Set Closing Pallet item [707] state to [IN_PROCESS]
mai 04, 2016 5:43:42 PM print.PrintClosingPallet_A5 sentToDefaultDesktopPrinter
INFOS: Sending [.\print\2016_05_04\closing_sheet\PrintClosingPallet_A5_2016_05_04_17_43_42.pdf] to the default printer...
mai 04, 2016 5:43:42 PM print.PrintClosingPallet_A5 sentToDefaultDesktopPrinter
INFOS: File [%s] has been printed.
mai 04, 2016 5:43:42 PM helper.PrinterHelper saveAndPrintClosingSheet
INFOS: Set Closing Pallet [707] state to [PRINTED]
mai 04, 2016 5:44:33 PM state.S010_UserCodeScan doAction
INFOS: User Admin   / 9999 connected to host WSMA7040 at 2016-05-04 17:44:33 Project : SMALL.
mai 04, 2016 5:44:43 PM entity.ConfigUcs isHarnessPartExist
INFOS: Searching Harness part [21750945] in ConfigUCS: SMALL
mai 04, 2016 5:44:43 PM entity.ConfigUcs isHarnessPartExist
INFOS: Harness part [21750945] found for project [SMALL].
mai 04, 2016 5:44:43 PM state.S020_HarnessPartScan doAction
INFOS: Harness Part scanned [P21750945] OK.
mai 04, 2016 5:44:53 PM entity.BaseHarness isCounterExist
INFOS: Searching Harness counter [P2175094500.00.0000;00:00:09] in BaseHarness.
mai 04, 2016 5:44:53 PM entity.BaseHarness isCounterExist
INFOS: FROM BaseHarness bh WHERE bh.counter = :counter
mai 04, 2016 5:44:53 PM state.S030_MatrixIdScan doAction
INFOS: Valid Harness Counter scanned [P2175094500.00.0000;00:00:09] OK.
mai 04, 2016 5:44:57 PM state.S040_PalletChoice doAction
INFOS: Is it a new pallet ?
mai 04, 2016 5:44:57 PM state.S040_PalletChoice doAction
INFOS:  [No]
mai 04, 2016 5:44:57 PM state.S040_PalletChoice doAction
INFOS: Pallet values 
mai 04, 2016 5:44:57 PM state.S040_PalletChoice doAction
INFOS: State           :   [true]
mai 04, 2016 5:44:57 PM state.S040_PalletChoice doAction
INFOS: Qty Expected    :   [50]
mai 04, 2016 5:44:57 PM state.S040_PalletChoice doAction
INFOS: Qty Read        :   [48]
mai 04, 2016 5:44:57 PM state.S040_PalletChoice doAction
INFOS: Harness Part [21750945] = Context Harness Part [21750945]
mai 04, 2016 5:44:57 PM state.S040_PalletChoice doAction
INFOS: Harness Type [SMALL] = Context Harness Type [SMALL]
mai 04, 2016 5:45:07 PM entity.ConfigUcs isHarnessPartExist
INFOS: Searching Harness part [21750945] in ConfigUCS: SMALL
mai 04, 2016 5:45:07 PM entity.ConfigUcs isHarnessPartExist
INFOS: Harness part [21750945] found for project [SMALL].
mai 04, 2016 5:45:07 PM state.S020_HarnessPartScan doAction
INFOS: Harness Part scanned [P21750945] OK.
mai 04, 2016 5:45:09 PM entity.BaseHarness isCounterExist
INFOS: Searching Harness counter [P2175094500.00.0000;00:00:10] in BaseHarness.
mai 04, 2016 5:45:09 PM entity.BaseHarness isCounterExist
INFOS: FROM BaseHarness bh WHERE bh.counter = :counter
mai 04, 2016 5:45:09 PM state.S030_MatrixIdScan doAction
INFOS: Valid Harness Counter scanned [P2175094500.00.0000;00:00:10] OK.
mai 04, 2016 5:45:16 PM state.S040_PalletChoice doAction
INFOS: Is it a new pallet ?
mai 04, 2016 5:45:16 PM state.S040_PalletChoice doAction
INFOS:  [No]
mai 04, 2016 5:45:16 PM state.S040_PalletChoice doAction
INFOS: Pallet values 
mai 04, 2016 5:45:16 PM state.S040_PalletChoice doAction
INFOS: State           :   [true]
mai 04, 2016 5:45:16 PM state.S040_PalletChoice doAction
INFOS: Qty Expected    :   [50]
mai 04, 2016 5:45:16 PM state.S040_PalletChoice doAction
INFOS: Qty Read        :   [49]
mai 04, 2016 5:45:16 PM state.S040_PalletChoice doAction
INFOS: Harness Part [21750945] = Context Harness Part [21750945]
mai 04, 2016 5:45:16 PM state.S040_PalletChoice doAction
INFOS: Harness Type [SMALL] = Context Harness Type [SMALL]
mai 04, 2016 5:45:16 PM state.S040_PalletChoice doAction
INFOS: Quantité terminée BaseContainer{id=587,
 createTime=2016-03-31 21:16:55.0,
 writeTime=Wed May 04 17:45:16 WEST 2016,
 createId=13,
 writeId=3,
 user=13790,
 startTime=2016-03-31 21:16:55.0,
 completeTime=null,
 workTime=null,
 palletNumber=200000314,
 harnessPart=21750945,
 harnessIndex=P03,
 supplierPartNumber=26C59472A,
 qtyExpected=50,
 qtyRead=49,
 containerState=OPEN,
 containerStateCode=1000,
 packType=kltv-750,
 harnessType=SMALL,
 harnessList=[entity.BaseHarness@6e95f0fc, entity.BaseHarness@335bf8f0, entity.BaseHarness@abbc1ee, entity.BaseHarness@469f18a5, entity.BaseHarness@62a666f7, entity.BaseHarness@33c1ceda, entity.BaseHarness@11f09243, entity.BaseHarness@73f8726, entity.BaseHarness@228f1fef, entity.BaseHarness@4f5d2e78, entity.BaseHarness@491275e8, entity.BaseHarness@715697b6, entity.BaseHarness@12015bce, entity.BaseHarness@5b346ee7, entity.BaseHarness@230eec25, entity.BaseHarness@3273d766, entity.BaseHarness@1ab214ba, entity.BaseHarness@28b1831e, entity.BaseHarness@1c4ef130, entity.BaseHarness@2acf2d5a, entity.BaseHarness@5afaf7d2, entity.BaseHarness@627995a2, entity.BaseHarness@5342836a, entity.BaseHarness@2cb8f5c3, entity.BaseHarness@7a93aaeb, entity.BaseHarness@2bc94d5, entity.BaseHarness@58c9b513, entity.BaseHarness@3600691c, entity.BaseHarness@7a4ec1eb, entity.BaseHarness@74ba692b, entity.BaseHarness@216ecd07, entity.BaseHarness@1fe6448f, entity.BaseHarness@17323a9e, entity.BaseHarness@44621658, entity.BaseHarness@5bc1d381, entity.BaseHarness@12b5ba0d, entity.BaseHarness@523cf4b7, entity.BaseHarness@4ff5af1d, entity.BaseHarness@4c2da17b, entity.BaseHarness@57f2fdfe, entity.BaseHarness@54f4c8f6, entity.BaseHarness@78f364c1, entity.BaseHarness@6cf1cdf0, entity.BaseHarness@1e173b71, entity.BaseHarness@1224e937, entity.BaseHarness@6c0267db, entity.BaseHarness@489d6a08, entity.BaseHarness@354b232f, entity.BaseHarness@47c4b94f, entity.BaseHarness@7aa85ab, entity.BaseHarness@3a90e7b, entity.BaseHarness@770b1cdb, entity.BaseHarness@569c5876]}
mai 04, 2016 5:45:16 PM helper.Helper InitDailyDestPrintDir
INFOS: nullPrint directory [.\print\2016_05_04] already exist!
Print sub directory [.\print\2016_05_04.\open_sheet] already exist!
Print sub directory [.\print\2016_05_04.\closing_sheet] already exist!
Print sub directory [.\print\2016_05_04.\picking_label] already exist!

mai 04, 2016 5:45:16 PM helper.PrinterHelper saveAndPrintClosingSheet
INFOS: Set Closing Pallet item [708] state to [IN_PROCESS]
mai 04, 2016 5:45:16 PM print.PrintClosingPallet_A5 sentToDefaultDesktopPrinter
INFOS: Sending [.\print\2016_05_04\closing_sheet\PrintClosingPallet_A5_2016_05_04_17_45_16.pdf] to the default printer...
mai 04, 2016 5:45:16 PM print.PrintClosingPallet_A5 sentToDefaultDesktopPrinter
INFOS: File [%s] has been printed.
mai 04, 2016 5:45:16 PM helper.PrinterHelper saveAndPrintClosingSheet
INFOS: Set Closing Pallet [708] state to [PRINTED]
mai 04, 2016 5:50:24 PM helper.Helper InitDailyDestPrintDir
INFOS: Print directory [.\print\2016_05_04] already exist!
Print sub directory [.\print\2016_05_04.\open_sheet] already exist!
Print sub directory [.\print\2016_05_04.\closing_sheet] already exist!
Print sub directory [.\print\2016_05_04.\picking_label] already exist!

mai 04, 2016 5:50:25 PM entity.ConfigProject select
INFOS: FROM ConfigProject bp ORDER BY harnessType ASC
mai 04, 2016 5:50:25 PM entity.ConfigProject select
INFOS: FROM ConfigProject bp ORDER BY harnessType ASC
mai 04, 2016 5:50:33 PM state.S010_UserCodeScan doAction
INFOS: User Admin   / 9999 connected to host WSMA7040 at 2016-05-04 17:50:33 Project : SMALL.
mai 04, 2016 5:50:46 PM entity.ConfigUcs isHarnessPartExist
INFOS: Searching Harness part [21493685] in ConfigUCS: SMALL
mai 04, 2016 5:50:48 PM entity.ConfigUcs isHarnessPartExist
INFOS: Searching Harness part [21493685] in ConfigUCS: SMALL
mai 04, 2016 5:53:08 PM helper.Helper InitDailyDestPrintDir
INFOS: Print directory [.\print\2016_05_04] already exist!
Print sub directory [.\print\2016_05_04.\open_sheet] already exist!
Print sub directory [.\print\2016_05_04.\closing_sheet] already exist!
Print sub directory [.\print\2016_05_04.\picking_label] already exist!

mai 04, 2016 5:53:10 PM entity.ConfigProject select
INFOS: FROM ConfigProject bp ORDER BY harnessType ASC
mai 04, 2016 5:53:10 PM entity.ConfigProject select
INFOS: FROM ConfigProject bp ORDER BY harnessType ASC
mai 04, 2016 5:53:14 PM state.S010_UserCodeScan doAction
INFOS: User Admin   / 9999 connected to host WSMA7040 at 2016-05-04 17:53:14 Project : SMALL.
mai 04, 2016 5:53:28 PM entity.ConfigUcs isHarnessPartExist
INFOS: Searching Harness part [21725994] in ConfigUCS: SMALL
mai 04, 2016 5:53:28 PM entity.ConfigUcs isHarnessPartExist
INFOS: Harness part [21725994] found for project [SMALL].
mai 04, 2016 5:53:28 PM state.S020_HarnessPartScan doAction
INFOS: Harness Part scanned [P21725994] OK.
mai 04, 2016 5:54:02 PM entity.BaseHarness isCounterExist
INFOS: Searching Harness counter [P2172599400.00.0000;00:00:00] in BaseHarness.
mai 04, 2016 5:54:02 PM entity.BaseHarness isCounterExist
INFOS: FROM BaseHarness bh WHERE bh.counter = :counter
mai 04, 2016 5:54:02 PM state.S030_MatrixIdScan doAction
INFOS: Valid Harness Counter scanned [P2172599400.00.0000;00:00:00] OK.
mai 04, 2016 5:54:06 PM state.S040_PalletChoice doAction
INFOS: Is it a new pallet ?
mai 04, 2016 5:54:06 PM state.S040_PalletChoice doAction
INFOS:  [Yes]
mai 04, 2016 5:54:06 PM gui.packaging.PACKAGING_UI9000_ChoosePackType <init>
INFOS: Item found 21725994--26C53212A--P05--2RV--100
mai 04, 2016 5:54:06 PM gui.packaging.PACKAGING_UI9000_ChoosePackType <init>
INFOS: Item found 21725994--26C53212A--P05--2RV--5
mai 04, 2016 5:54:06 PM gui.packaging.PACKAGING_UI9000_ChoosePackType <init>
INFOS: Item found 21725994--26C53212A--P05--C9--2
mai 04, 2016 5:54:06 PM gui.packaging.PACKAGING_UI9000_ChoosePackType <init>
INFOS: 3 UCS founds for Harness Part[21725994].
mai 04, 2016 5:54:41 PM entity.ConfigUcs isHarnessPartExist
INFOS: Searching Harness part [21725994] in ConfigUCS: SMALL
mai 04, 2016 5:54:41 PM entity.ConfigUcs isHarnessPartExist
INFOS: Harness part [21725994] found for project [SMALL].
mai 04, 2016 5:54:41 PM state.S020_HarnessPartScan doAction
INFOS: Harness Part scanned [P21725994] OK.
mai 04, 2016 5:54:43 PM entity.BaseHarness isCounterExist
INFOS: Searching Harness counter [P2172599400.00.0000;00:00:00] in BaseHarness.
mai 04, 2016 5:54:43 PM entity.BaseHarness isCounterExist
INFOS: FROM BaseHarness bh WHERE bh.counter = :counter
mai 04, 2016 5:54:43 PM state.S030_MatrixIdScan doAction
INFOS: Valid Harness Counter scanned [P2172599400.00.0000;00:00:00] OK.
mai 04, 2016 5:54:46 PM state.S040_PalletChoice doAction
INFOS: Is it a new pallet ?
mai 04, 2016 5:54:46 PM state.S040_PalletChoice doAction
INFOS:  [Yes]
mai 04, 2016 5:54:46 PM gui.packaging.PACKAGING_UI9000_ChoosePackType <init>
INFOS: Item found 21725994--26C53212A--P05--2RV--5
mai 04, 2016 5:54:46 PM gui.packaging.PACKAGING_UI9000_ChoosePackType <init>
INFOS: Item found 21725994--26C53212A--P05--C9--2
mai 04, 2016 5:54:46 PM gui.packaging.PACKAGING_UI9000_ChoosePackType <init>
INFOS: 2 UCS founds for Harness Part[21725994].
