mars 04, 2017 11:54:04 AM helper.Helper InitDailyDestPrintDir
INFOS: Print directory [.\print\2017_03_04] is created!
Print sub directory [.\print\2017_03_04.\open_sheet] is created!
Print sub directory [.\print\2017_03_04.\closing_sheet] is created!
Print sub directory [.\print\2017_03_04.\picking_label] is created!
Print sub directory [.\print\2017_03_04.\dispatch_label] is created!

mars 04, 2017 11:54:27 AM gui.warehouse_output.WAREHOUSE_OUT_UI0003_PasswordRequest connect
INFOS: User Admin   / 9999 connected to host O-EZZIOURI at 2017-03-04 11:54:27 Dispatch interface : .
mars 04, 2017 11:58:55 AM helper.Helper InitDailyDestPrintDir
INFOS: Print directory [.\print\2017_03_04] already exist!
Print sub directory [.\print\2017_03_04.\open_sheet] already exist!
Print sub directory [.\print\2017_03_04.\closing_sheet] already exist!
Print sub directory [.\print\2017_03_04.\picking_label] already exist!
Print sub directory [.\print\2017_03_04.\dispatch_label] already exist!

mars 04, 2017 11:59:18 AM gui.warehouse_output.WAREHOUSE_OUT_UI0003_PasswordRequest connect
INFOS: User Admin SMALL / 9999 connected to host O-EZZIOURI at 2017-03-04 11:59:18 Dispatch interface : .
mars 04, 2017 11:59:31 AM gui.warehouse_output.WAREHOUSE_OUT_UI0003_PasswordRequest connect
INFOS: User Admin SMALL / 9999 connected to host O-EZZIOURI at 2017-03-04 11:59:31 Dispatch interface : .
mars 04, 2017 12:01:15 PM helper.Helper InitDailyDestPrintDir
INFOS: Print directory [.\print\2017_03_04] already exist!
Print sub directory [.\print\2017_03_04.\open_sheet] already exist!
Print sub directory [.\print\2017_03_04.\closing_sheet] already exist!
Print sub directory [.\print\2017_03_04.\picking_label] already exist!
Print sub directory [.\print\2017_03_04.\dispatch_label] already exist!

mars 04, 2017 12:01:19 PM gui.warehouse_output.WAREHOUSE_OUT_UI0003_PasswordRequest connect
INFOS: User Admin SMALL / 9999 connected to host O-EZZIOURI at 2017-03-04 12:01:19 Dispatch interface : .
mars 04, 2017 12:08:27 PM helper.Helper InitDailyDestPrintDir
INFOS: Print directory [.\print\2017_03_04] already exist!
Print sub directory [.\print\2017_03_04.\open_sheet] already exist!
Print sub directory [.\print\2017_03_04.\closing_sheet] already exist!
Print sub directory [.\print\2017_03_04.\picking_label] already exist!
Print sub directory [.\print\2017_03_04.\dispatch_label] already exist!

mars 04, 2017 12:08:33 PM gui.warehouse_output.WAREHOUSE_OUT_UI0003_PasswordRequest connect
INFOS: User Admin SMALL / 9999 connected to host O-EZZIOURI at 2017-03-04 12:08:33 Dispatch interface : .
mars 04, 2017 12:08:58 PM gui.packaging.PACKAGING_UI0001_Main loadBarcodeConfig
INFOS: FROM ConfigBarcode cb WHERE cb.keyWord = :keyWord ORDER BY id ASC
mars 04, 2017 12:08:58 PM entity.ConfigProject select
INFOS: FROM ConfigProject bp ORDER BY harnessType ASC
mars 04, 2017 12:08:58 PM entity.ConfigProject select
INFOS: FROM ConfigProject bp ORDER BY harnessType ASC
mars 04, 2017 12:12:04 PM gui.packaging.PACKAGING_UI0001_Main loadBarcodeConfig
INFOS: FROM ConfigBarcode cb WHERE cb.keyWord = :keyWord ORDER BY id ASC
mars 04, 2017 12:12:04 PM entity.ConfigProject select
INFOS: FROM ConfigProject bp ORDER BY harnessType ASC
mars 04, 2017 12:12:04 PM entity.ConfigProject select
INFOS: FROM ConfigProject bp ORDER BY harnessType ASC
mars 04, 2017 12:22:57 PM helper.Helper InitDailyDestPrintDir
INFOS: nullPrint directory [.\print\2017_03_04] already exist!
Print sub directory [.\print\2017_03_04.\open_sheet] already exist!
Print sub directory [.\print\2017_03_04.\closing_sheet] already exist!
Print sub directory [.\print\2017_03_04.\picking_label] already exist!
Print sub directory [.\print\2017_03_04.\dispatch_label] already exist!

mars 04, 2017 12:22:57 PM print.PrintDispatchNote_A4 sentToDefaultDesktopPrinter
INFOS: Sending [.\print\2017_03_04\dispatch_label\PrintDispatchNote_A4_2017_03_04_12_22_57_15.pdf] to the default printer...
mars 04, 2017 12:22:58 PM print.PrintDispatchNote_A4 sentToDefaultDesktopPrinter
INFOS: File [.\print\2017_03_04\dispatch_label\PrintDispatchNote_A4_2017_03_04_12_22_57_15.pdf] has been printed.
mars 04, 2017 12:22:58 PM helper.PrinterHelper saveAndPrintDispatchNote
INFOS: Document printed.
mars 04, 2017 12:25:03 PM gui.warehouse_output.WAREHOUSE_OUT_UI0003_PasswordRequest connect
INFOS: User Admin SMALL / 9999 connected to host O-EZZIOURI at 2017-03-04 12:25:03 Dispatch interface : .
mars 04, 2017 12:27:31 PM helper.Helper InitDailyDestPrintDir
INFOS: Print directory [.\print\2017_03_04] already exist!
Print sub directory [.\print\2017_03_04.\open_sheet] already exist!
Print sub directory [.\print\2017_03_04.\closing_sheet] already exist!
Print sub directory [.\print\2017_03_04.\picking_label] already exist!
Print sub directory [.\print\2017_03_04.\dispatch_label] already exist!

mars 04, 2017 1:06:18 PM helper.Helper InitDailyDestPrintDir
INFOS: Print directory [.\print\2017_03_04] already exist!
Print sub directory [.\print\2017_03_04.\open_sheet] already exist!
Print sub directory [.\print\2017_03_04.\closing_sheet] already exist!
Print sub directory [.\print\2017_03_04.\picking_label] already exist!
Print sub directory [.\print\2017_03_04.\dispatch_label] already exist!

mars 04, 2017 1:07:42 PM helper.Helper InitDailyDestPrintDir
INFOS: Print directory [.\print\2017_03_04] already exist!
Print sub directory [.\print\2017_03_04.\open_sheet] already exist!
Print sub directory [.\print\2017_03_04.\closing_sheet] already exist!
Print sub directory [.\print\2017_03_04.\picking_label] already exist!
Print sub directory [.\print\2017_03_04.\dispatch_label] already exist!

mars 04, 2017 1:10:09 PM gui.warehouse_output.WAREHOUSE_OUT_UI0003_PasswordRequest connect
INFOS: User Admin SMALL / 9999 connected to host O-EZZIOURI at 2017-03-04 13:10:09 Dispatch interface : .
mars 04, 2017 1:17:30 PM helper.Helper InitDailyDestPrintDir
INFOS: Print directory [.\print\2017_03_04] already exist!
Print sub directory [.\print\2017_03_04.\open_sheet] already exist!
Print sub directory [.\print\2017_03_04.\closing_sheet] already exist!
Print sub directory [.\print\2017_03_04.\picking_label] already exist!
Print sub directory [.\print\2017_03_04.\dispatch_label] already exist!

mars 04, 2017 1:17:38 PM gui.warehouse_output.WAREHOUSE_OUT_UI0003_PasswordRequest connect
INFOS: User Admin SMALL / 9999 connected to host O-EZZIOURI at 2017-03-04 13:17:38 Dispatch interface : .
mars 04, 2017 1:41:37 PM helper.Helper InitDailyDestPrintDir
INFOS: Print directory [.\print\2017_03_04] already exist!
Print sub directory [.\print\2017_03_04.\open_sheet] already exist!
Print sub directory [.\print\2017_03_04.\closing_sheet] already exist!
Print sub directory [.\print\2017_03_04.\picking_label] already exist!
Print sub directory [.\print\2017_03_04.\dispatch_label] already exist!

mars 04, 2017 1:41:44 PM gui.warehouse_output.WAREHOUSE_OUT_UI0003_PasswordRequest connect
INFOS: User Admin SMALL / 9999 connected to host O-EZZIOURI at 2017-03-04 13:41:44 Dispatch interface : .
mars 04, 2017 1:43:07 PM helper.Helper InitDailyDestPrintDir
INFOS: Print directory [.\print\2017_03_04] already exist!
Print sub directory [.\print\2017_03_04.\open_sheet] already exist!
Print sub directory [.\print\2017_03_04.\closing_sheet] already exist!
Print sub directory [.\print\2017_03_04.\picking_label] already exist!
Print sub directory [.\print\2017_03_04.\dispatch_label] already exist!

mars 04, 2017 1:43:21 PM gui.warehouse_output.WAREHOUSE_OUT_UI0003_PasswordRequest connect
INFOS: User Admin SMALL / 9999 connected to host O-EZZIOURI at 2017-03-04 13:43:21 Dispatch interface : .
mars 04, 2017 2:13:27 PM helper.Helper InitDailyDestPrintDir
INFOS: Print directory [.\print\2017_03_04] already exist!
Print sub directory [.\print\2017_03_04.\open_sheet] already exist!
Print sub directory [.\print\2017_03_04.\closing_sheet] already exist!
Print sub directory [.\print\2017_03_04.\picking_label] already exist!
Print sub directory [.\print\2017_03_04.\dispatch_label] already exist!

mars 04, 2017 2:13:28 PM gui.packaging.PACKAGING_UI0001_Main loadBarcodeConfig
INFOS: FROM ConfigBarcode cb WHERE cb.keyWord = :keyWord ORDER BY id ASC
mars 04, 2017 2:13:28 PM entity.ConfigProject select
INFOS: FROM ConfigProject bp ORDER BY harnessType ASC
mars 04, 2017 2:13:28 PM entity.ConfigProject select
INFOS: FROM ConfigProject bp ORDER BY harnessType ASC
mars 04, 2017 2:13:36 PM gui.warehouse_output.WAREHOUSE_OUT_UI0003_PasswordRequest connect
INFOS: User Admin SMALL / 9999 connected to host O-EZZIOURI at 2017-03-04 14:13:36 Dispatch interface : .
mars 04, 2017 11:24:00 PM helper.Helper InitDailyDestPrintDir
INFOS: Print directory [.\print\2017_03_04] already exist!
Print sub directory [.\print\2017_03_04.\open_sheet] already exist!
Print sub directory [.\print\2017_03_04.\closing_sheet] already exist!
Print sub directory [.\print\2017_03_04.\picking_label] already exist!
Print sub directory [.\print\2017_03_04.\dispatch_label] already exist!

mars 04, 2017 11:24:53 PM gui.warehouse_output.WAREHOUSE_OUT_UI0003_PasswordRequest connect
INFOS: User Admin SMALL / 9999 connected to host O-EZZIOURI at 2017-03-04 23:24:53 Dispatch interface : .
mars 04, 2017 11:51:46 PM helper.Helper InitDailyDestPrintDir
INFOS: Print directory [.\print\2017_03_04] already exist!
Print sub directory [.\print\2017_03_04.\open_sheet] already exist!
Print sub directory [.\print\2017_03_04.\closing_sheet] already exist!
Print sub directory [.\print\2017_03_04.\picking_label] already exist!
Print sub directory [.\print\2017_03_04.\dispatch_label] already exist!

mars 04, 2017 11:51:50 PM gui.warehouse_output.WAREHOUSE_OUT_UI0003_PasswordRequest connect
INFOS: User Admin SMALL / 9999 connected to host O-EZZIOURI at 2017-03-04 23:51:50 Dispatch interface : .
