juil. 28, 2017 2:51:16 PM helper.Helper InitDailyDestPrintDir
INFOS: Print directory [.\print\2017_07_28] is created!
Print sub directory [.\print\2017_07_28.\open_sheet] is created!
Print sub directory [.\print\2017_07_28.\closing_sheet] is created!
Print sub directory [.\print\2017_07_28.\picking_label] is created!
Print sub directory [.\print\2017_07_28.\dispatch_label] is created!

juil. 28, 2017 2:51:28 PM entity.ConfigProject select
INFOS: FROM ConfigProject bp ORDER BY harnessType ASC
juil. 28, 2017 2:51:29 PM entity.ConfigProject select
INFOS: FROM ConfigProject bp ORDER BY harnessType ASC
juil. 28, 2017 2:52:32 PM helper.Helper InitDailyDestPrintDir
INFOS: Print directory [.\print\2017_07_28] already exist!
Print sub directory [.\print\2017_07_28.\open_sheet] already exist!
Print sub directory [.\print\2017_07_28.\closing_sheet] already exist!
Print sub directory [.\print\2017_07_28.\picking_label] already exist!
Print sub directory [.\print\2017_07_28.\dispatch_label] already exist!

juil. 28, 2017 2:52:34 PM entity.ConfigProject select
INFOS: FROM ConfigProject bp ORDER BY harnessType ASC
juil. 28, 2017 2:52:34 PM entity.ConfigProject select
INFOS: FROM ConfigProject bp ORDER BY harnessType ASC
juil. 28, 2017 2:52:40 PM gui.packaging.state.S010_UserCodeScan doAction
INFOS: Invalid matricule number or account locked !
juil. 28, 2017 2:52:49 PM gui.packaging.PACKAGING_UI0002_PasswordRequest connect
INFOS: User OUSSAMA EZZIOURI / ezou1001 connected to host WSMA7040 at 2017-07-28 14:52:49 Project : DUCATI.
juil. 28, 2017 2:52:49 PM gui.packaging.PACKAGING_UI0002_PasswordRequest loadDotMatrixCodePatterns
INFOS: FROM ConfigBarcode cb WHERE cb.keyWord = :keyWord AND cb.customer = :customer ORDER BY id ASC
juil. 28, 2017 2:52:49 PM gui.packaging.PACKAGING_UI0002_PasswordRequest loadPartNumberCodePatterns
INFOS: FROM ConfigBarcode cb WHERE cb.keyWord = :keyWord AND cb.customer = :customer ORDER BY id ASC
juil. 28, 2017 2:54:59 PM helper.Helper InitDailyDestPrintDir
INFOS: Print directory [.\print\2017_07_28] already exist!
Print sub directory [.\print\2017_07_28.\open_sheet] already exist!
Print sub directory [.\print\2017_07_28.\closing_sheet] already exist!
Print sub directory [.\print\2017_07_28.\picking_label] already exist!
Print sub directory [.\print\2017_07_28.\dispatch_label] already exist!

juil. 28, 2017 2:55:00 PM entity.ConfigProject select
INFOS: FROM ConfigProject bp ORDER BY harnessType ASC
juil. 28, 2017 2:55:00 PM entity.ConfigProject select
INFOS: FROM ConfigProject bp ORDER BY harnessType ASC
juil. 28, 2017 2:55:04 PM gui.packaging.state.S010_UserCodeScan doAction
INFOS: Invalid matricule number or account locked !
juil. 28, 2017 2:55:06 PM gui.packaging.PACKAGING_UI0002_PasswordRequest connect
INFOS: User OUSSAMA EZZIOURI / ezou1001 connected to host WSMA7040 at 2017-07-28 14:55:06 Project : DUCATI.
juil. 28, 2017 2:55:06 PM gui.packaging.PACKAGING_UI0002_PasswordRequest loadDotMatrixCodePatterns
INFOS: FROM ConfigBarcode cb WHERE cb.keyWord = :keyWord AND cb.customer = :customer ORDER BY id ASC
juil. 28, 2017 2:55:06 PM gui.packaging.PACKAGING_UI0002_PasswordRequest loadPartNumberCodePatterns
INFOS: FROM ConfigBarcode cb WHERE cb.keyWord = :keyWord AND cb.customer = :customer ORDER BY id ASC
juil. 28, 2017 3:00:01 PM gui.packaging.state.S010_UserCodeScan doAction
INFOS: Invalid matricule number or account locked !
juil. 28, 2017 3:00:08 PM gui.packaging.PACKAGING_UI0002_PasswordRequest connect
INFOS: User OUSSAMA EZZIOURI / ezou1001 connected to host WSMA7040 at 2017-07-28 15:00:08 Project : DUCATI.
juil. 28, 2017 3:00:08 PM gui.packaging.PACKAGING_UI0002_PasswordRequest loadDotMatrixCodePatterns
INFOS: FROM ConfigBarcode cb WHERE cb.keyWord = :keyWord AND cb.customer = :customer ORDER BY id ASC
juil. 28, 2017 3:00:08 PM gui.packaging.PACKAGING_UI0002_PasswordRequest loadPartNumberCodePatterns
INFOS: FROM ConfigBarcode cb WHERE cb.keyWord = :keyWord AND cb.customer = :customer ORDER BY id ASC
juil. 28, 2017 3:01:43 PM entity.ConfigUcs isHarnessPartExist
INFOS: Searching Harness part [5101C371D] in ConfigUCS: DUCATI
juil. 28, 2017 3:01:43 PM entity.ConfigUcs isHarnessPartExist
INFOS: Harness part [5101C371D] NOT found.
juil. 28, 2017 3:01:43 PM gui.packaging.state.S020_HarnessPartScan doAction
AVERTISSEMENT: Harness part [P5101C371D] NOT found in UCS [DUCATI].
juil. 28, 2017 3:02:03 PM gui.config.CONFIG_UI0000_AUTH checkLoginAndPass
INFOS: User OUSSAMA EZZIOURI / ezou1001 connected to host WSMA7040 at 2017-07-28 15:02:03 Module : Planner.
juil. 28, 2017 3:02:03 PM entity.ConfigSegment select
INFOS: FROM ConfigSegment bp ORDER BY segment ASC
juil. 28, 2017 3:02:03 PM entity.ConfigWorkplace selectBySegment
INFOS: FROM ConfigWorkplace bp WHERE segment = :segment ORDER BY workplace ASC
juil. 28, 2017 3:02:04 PM entity.ConfigProject select
INFOS: FROM ConfigProject bp ORDER BY harnessType ASC
juil. 28, 2017 3:04:02 PM entity.ConfigUcs isHarnessPartExist
INFOS: Searching Harness part [5101C371B] in ConfigUCS: DUCATI
juil. 28, 2017 3:04:02 PM entity.ConfigUcs isHarnessPartExist
INFOS: Harness part [5101C371B] found for project [DUCATI].
juil. 28, 2017 3:04:02 PM gui.packaging.state.S020_HarnessPartScan doAction
INFOS: Harness Part scanned [P5101C371B] OK.
juil. 28, 2017 3:04:17 PM entity.BaseHarness checkDataMatrixFormat
INFOS: Invalid Counter scanned format [P5101C371B;18.07.2017;10:23:24]!
juil. 28, 2017 3:06:48 PM helper.Helper InitDailyDestPrintDir
INFOS: Print directory [.\print\2017_07_28] already exist!
Print sub directory [.\print\2017_07_28.\open_sheet] already exist!
Print sub directory [.\print\2017_07_28.\closing_sheet] already exist!
Print sub directory [.\print\2017_07_28.\picking_label] already exist!
Print sub directory [.\print\2017_07_28.\dispatch_label] already exist!

juil. 28, 2017 3:07:03 PM entity.ConfigProject select
INFOS: FROM ConfigProject bp ORDER BY harnessType ASC
juil. 28, 2017 3:07:03 PM entity.ConfigProject select
INFOS: FROM ConfigProject bp ORDER BY harnessType ASC
juil. 28, 2017 3:07:07 PM gui.packaging.state.S010_UserCodeScan doAction
INFOS: Invalid matricule number or account locked !
juil. 28, 2017 3:07:11 PM gui.packaging.PACKAGING_UI0002_PasswordRequest connect
INFOS: User OUSSAMA EZZIOURI / ezou1001 connected to host WSMA7040 at 2017-07-28 15:07:11 Project : DUCATI.
juil. 28, 2017 3:07:11 PM gui.packaging.PACKAGING_UI0002_PasswordRequest loadDotMatrixCodePatterns
INFOS: FROM ConfigBarcode cb WHERE cb.keyWord = :keyWord AND cb.customer = :customer ORDER BY id ASC
juil. 28, 2017 3:07:11 PM gui.packaging.PACKAGING_UI0002_PasswordRequest loadPartNumberCodePatterns
INFOS: FROM ConfigBarcode cb WHERE cb.keyWord = :keyWord AND cb.customer = :customer ORDER BY id ASC
juil. 28, 2017 3:07:24 PM entity.ConfigUcs isHarnessPartExist
INFOS: Searching Harness part [5101C371B] in ConfigUCS: DUCATI
juil. 28, 2017 3:07:24 PM entity.ConfigUcs isHarnessPartExist
INFOS: Harness part [5101C371B] found for project [DUCATI].
juil. 28, 2017 3:07:24 PM gui.packaging.state.S020_HarnessPartScan doAction
INFOS: Harness Part scanned [P5101C371B] OK.
juil. 28, 2017 3:07:32 PM entity.BaseHarness checkDataMatrixFormat
INFOS: Invalid Counter scanned format [P5101C371B;18.07.2017;10:23:24]!
juil. 28, 2017 3:07:58 PM entity.BaseHarness checkDataMatrixFormat
INFOS: Invalid Counter scanned format [5101C371B;18.07.2017;10:23:24]!
juil. 28, 2017 3:19:45 PM helper.Helper InitDailyDestPrintDir
INFOS: Print directory [.\print\2017_07_28] already exist!
Print sub directory [.\print\2017_07_28.\open_sheet] already exist!
Print sub directory [.\print\2017_07_28.\closing_sheet] already exist!
Print sub directory [.\print\2017_07_28.\picking_label] already exist!
Print sub directory [.\print\2017_07_28.\dispatch_label] already exist!

juil. 28, 2017 3:19:46 PM entity.ConfigProject select
INFOS: FROM ConfigProject bp ORDER BY harnessType ASC
juil. 28, 2017 3:19:46 PM entity.ConfigProject select
INFOS: FROM ConfigProject bp ORDER BY harnessType ASC
juil. 28, 2017 3:19:50 PM gui.packaging.state.S010_UserCodeScan doAction
INFOS: Invalid matricule number or account locked !
juil. 28, 2017 3:19:52 PM gui.packaging.PACKAGING_UI0002_PasswordRequest connect
INFOS: User OUSSAMA EZZIOURI / ezou1001 connected to host WSMA7040 at 2017-07-28 15:19:52 Project : DUCATI.
juil. 28, 2017 3:19:53 PM gui.packaging.PACKAGING_UI0002_PasswordRequest loadDotMatrixCodePatterns
INFOS: FROM ConfigBarcode cb WHERE cb.keyWord = :keyWord AND cb.customer = :customer ORDER BY id ASC
juil. 28, 2017 3:19:53 PM gui.packaging.PACKAGING_UI0002_PasswordRequest loadPartNumberCodePatterns
INFOS: FROM ConfigBarcode cb WHERE cb.keyWord = :keyWord AND cb.customer = :customer ORDER BY id ASC
juil. 28, 2017 3:20:05 PM entity.ConfigUcs isHarnessPartExist
INFOS: Searching Harness part [5101C371B] in ConfigUCS: DUCATI
juil. 28, 2017 3:20:05 PM entity.ConfigUcs isHarnessPartExist
INFOS: Harness part [5101C371B] found for project [DUCATI].
juil. 28, 2017 3:20:05 PM gui.packaging.state.S020_HarnessPartScan doAction
INFOS: Harness Part scanned [P5101C371B] OK.
juil. 28, 2017 3:20:11 PM entity.BaseHarness checkDataMatrixFormat
INFOS: Invalid Counter scanned format [P5101C371B;18.07.2017;10:23:24]!
juil. 28, 2017 3:23:09 PM gui.packaging.state.S010_UserCodeScan doAction
INFOS: Invalid matricule number or account locked !
juil. 28, 2017 3:23:12 PM gui.packaging.PACKAGING_UI0002_PasswordRequest connect
INFOS: User OUSSAMA EZZIOURI / ezou1001 connected to host WSMA7040 at 2017-07-28 15:23:12 Project : DUCATI.
juil. 28, 2017 3:23:12 PM gui.packaging.PACKAGING_UI0002_PasswordRequest loadDotMatrixCodePatterns
INFOS: FROM ConfigBarcode cb WHERE cb.keyWord = :keyWord AND cb.customer = :customer ORDER BY id ASC
juil. 28, 2017 3:23:12 PM gui.packaging.PACKAGING_UI0002_PasswordRequest loadPartNumberCodePatterns
INFOS: FROM ConfigBarcode cb WHERE cb.keyWord = :keyWord AND cb.customer = :customer ORDER BY id ASC
juil. 28, 2017 3:23:18 PM entity.ConfigUcs isHarnessPartExist
INFOS: Searching Harness part [5101C371B] in ConfigUCS: DUCATI
juil. 28, 2017 3:23:18 PM entity.ConfigUcs isHarnessPartExist
INFOS: Harness part [5101C371B] found for project [DUCATI].
juil. 28, 2017 3:23:18 PM gui.packaging.state.S020_HarnessPartScan doAction
INFOS: Harness Part scanned [P5101C371B] OK.
juil. 28, 2017 3:23:22 PM entity.BaseHarness isCounterExist
INFOS: Searching Harness counter [P5101C371B;18.07.2017;10:23:24] in BaseHarness.
juil. 28, 2017 3:23:22 PM entity.BaseHarness isCounterExist
INFOS: FROM BaseHarness bh WHERE bh.counter = :counter
juil. 28, 2017 3:23:24 PM gui.packaging.state.S030_MatrixIdScan doAction
INFOS: Valid Harness Counter scanned [P5101C371B;18.07.2017;10:23:24] OK.
juil. 28, 2017 3:23:28 PM gui.packaging.state.S040_PalletChoice doAction
INFOS: Is it a new pallet ?
juil. 28, 2017 3:23:28 PM gui.packaging.state.S040_PalletChoice doAction
INFOS:  [Yes]
juil. 28, 2017 3:23:40 PM helper.Helper InitDailyDestPrintDir
INFOS: nullPrint directory [.\print\2017_07_28] already exist!
Print sub directory [.\print\2017_07_28.\open_sheet] already exist!
Print sub directory [.\print\2017_07_28.\closing_sheet] already exist!
Print sub directory [.\print\2017_07_28.\picking_label] already exist!
Print sub directory [.\print\2017_07_28.\dispatch_label] already exist!

juil. 28, 2017 3:23:41 PM helper.PrinterHelper saveAndPrintOpenSheet
INFOS: Set Pallet [200027666] state to [IN_PROCESS]
juil. 28, 2017 3:23:41 PM print.PrintOpenPallet_A5 sentToDefaultDesktopPrinter
INFOS: Sending [.\print\2017_07_28\open_sheet\PrintOpenPallet_A5_2017_07_28_15_23_40_5101C371B_200027666.pdf] to the default printer...
juil. 28, 2017 3:23:41 PM print.PrintOpenPallet_A5 sentToDefaultDesktopPrinter
INFOS: File [.\print\2017_07_28\open_sheet\PrintOpenPallet_A5_2017_07_28_15_23_40_5101C371B_200027666.pdf] has been printed.
juil. 28, 2017 3:23:41 PM helper.PrinterHelper saveAndPrintOpenSheet
INFOS: Set Pallet [200027666] state to [PRINTED]
juil. 28, 2017 3:23:41 PM gui.packaging.PACKAGING_UI9000_ChoosePackType loadConfigUcs
INFOS: Openning new container for first harness part [5101C371B].
juil. 28, 2017 3:24:15 PM gui.packaging.state.S041_NewPalletScan doAction
INFOS: Scanned Pallet number [200027666] OK.
juil. 28, 2017 3:24:15 PM gui.packaging.state.S041_NewPalletScan doAction
INFOS: BaseContainer created BaseContainer{id=27389, createTime=Fri Jul 28 15:24:15 WEST 2017, writeTime=Fri Jul 28 15:24:15 WEST 2017, createId=4, writeId=4, user=ezou1001, createUser=OUSSAMA EZZIOURI, startTime=Fri Jul 28 15:24:15 WEST 2017, closedTime=null, workTime=null, palletNumber=200027666, harnessPart=5101C371B, harnessIndex=00, supplierPartNumber=26F139103, qtyExpected=100, qtyRead=1, containerState=OPEN, containerStateCode=1000, packType=C9, harnessType=DUCATI, stdTime=0.1, workstation=WSMA7040, harnessList=[]} 
juil. 28, 2017 3:24:18 PM entity.ConfigSegment select
INFOS: FROM ConfigSegment bp ORDER BY segment ASC
juil. 28, 2017 3:24:18 PM entity.ConfigSegment select
INFOS: FROM ConfigSegment bp ORDER BY segment ASC
juil. 28, 2017 3:24:18 PM entity.ConfigWorkplace select
INFOS: FROM ConfigWorkplace bp ORDER BY workplace ASC
juil. 28, 2017 3:24:23 PM entity.ConfigWorkplace selectBySegment
INFOS: FROM ConfigWorkplace bp WHERE segment = :segment ORDER BY workplace ASC
juil. 28, 2017 3:24:23 PM entity.ConfigWorkplace selectBySegment
INFOS: FROM ConfigWorkplace bp WHERE segment = :segment ORDER BY workplace ASC
juil. 28, 2017 3:24:23 PM entity.ConfigWorkplace selectBySegment
INFOS: FROM ConfigWorkplace bp WHERE segment = :segment ORDER BY workplace ASC
juil. 28, 2017 3:24:23 PM entity.ConfigWorkplace selectBySegment
INFOS: FROM ConfigWorkplace bp WHERE segment = :segment ORDER BY workplace ASC
juil. 28, 2017 3:24:24 PM entity.ConfigWorkplace selectBySegment
INFOS: FROM ConfigWorkplace bp WHERE segment = :segment ORDER BY workplace ASC
juil. 28, 2017 3:24:24 PM entity.ConfigWorkplace selectBySegment
INFOS: FROM ConfigWorkplace bp WHERE segment = :segment ORDER BY workplace ASC
juil. 28, 2017 3:24:25 PM entity.ConfigWorkplace selectBySegment
INFOS: FROM ConfigWorkplace bp WHERE segment = :segment ORDER BY workplace ASC
juil. 28, 2017 3:24:26 PM entity.ConfigWorkplace selectBySegment
INFOS: FROM ConfigWorkplace bp WHERE segment = :segment ORDER BY workplace ASC
juil. 28, 2017 3:24:26 PM entity.ConfigWorkplace selectBySegment
INFOS: FROM ConfigWorkplace bp WHERE segment = :segment ORDER BY workplace ASC
juil. 28, 2017 3:24:26 PM entity.ConfigWorkplace selectBySegment
INFOS: FROM ConfigWorkplace bp WHERE segment = :segment ORDER BY workplace ASC
juil. 28, 2017 3:24:26 PM entity.ConfigWorkplace selectBySegment
INFOS: FROM ConfigWorkplace bp WHERE segment = :segment ORDER BY workplace ASC
juil. 28, 2017 3:24:26 PM entity.ConfigWorkplace selectBySegment
INFOS: FROM ConfigWorkplace bp WHERE segment = :segment ORDER BY workplace ASC
juil. 28, 2017 3:24:28 PM entity.ConfigSegment select
INFOS: FROM ConfigSegment bp ORDER BY segment ASC
juil. 28, 2017 3:24:28 PM entity.ConfigWorkplace select
INFOS: FROM ConfigWorkplace bp ORDER BY workplace ASC
juil. 28, 2017 3:24:28 PM entity.ConfigSegment select
INFOS: FROM ConfigSegment bp ORDER BY segment ASC
juil. 28, 2017 3:24:28 PM entity.ConfigWorkplace select
INFOS: FROM ConfigWorkplace bp ORDER BY workplace ASC
juil. 28, 2017 3:24:30 PM entity.ConfigWorkplace selectBySegment
INFOS: FROM ConfigWorkplace bp WHERE segment = :segment ORDER BY workplace ASC
juil. 28, 2017 3:24:30 PM entity.ConfigWorkplace selectBySegment
INFOS: FROM ConfigWorkplace bp WHERE segment = :segment ORDER BY workplace ASC
juil. 28, 2017 3:24:30 PM entity.ConfigWorkplace selectBySegment
INFOS: FROM ConfigWorkplace bp WHERE segment = :segment ORDER BY workplace ASC
juil. 28, 2017 3:24:31 PM entity.ConfigWorkplace selectBySegment
INFOS: FROM ConfigWorkplace bp WHERE segment = :segment ORDER BY workplace ASC
juil. 28, 2017 3:24:31 PM entity.ConfigWorkplace selectBySegment
INFOS: FROM ConfigWorkplace bp WHERE segment = :segment ORDER BY workplace ASC
juil. 28, 2017 3:24:31 PM entity.ConfigWorkplace selectBySegment
INFOS: FROM ConfigWorkplace bp WHERE segment = :segment ORDER BY workplace ASC
juil. 28, 2017 3:24:35 PM entity.ConfigSegment select
INFOS: FROM ConfigSegment bp ORDER BY segment ASC
juil. 28, 2017 3:24:35 PM entity.ConfigSegment select
INFOS: FROM ConfigSegment bp ORDER BY segment ASC
juil. 28, 2017 3:24:35 PM entity.ConfigWorkplace select
INFOS: FROM ConfigWorkplace bp ORDER BY workplace ASC
juil. 28, 2017 3:24:38 PM entity.ConfigWorkplace selectBySegment
INFOS: FROM ConfigWorkplace bp WHERE segment = :segment ORDER BY workplace ASC
juil. 28, 2017 3:24:38 PM entity.ConfigWorkplace selectBySegment
INFOS: FROM ConfigWorkplace bp WHERE segment = :segment ORDER BY workplace ASC
juil. 28, 2017 3:24:38 PM entity.ConfigWorkplace selectBySegment
INFOS: FROM ConfigWorkplace bp WHERE segment = :segment ORDER BY workplace ASC
juil. 28, 2017 3:24:38 PM entity.ConfigWorkplace selectBySegment
INFOS: FROM ConfigWorkplace bp WHERE segment = :segment ORDER BY workplace ASC
juil. 28, 2017 3:24:39 PM entity.ConfigWorkplace selectBySegment
INFOS: FROM ConfigWorkplace bp WHERE segment = :segment ORDER BY workplace ASC
juil. 28, 2017 3:24:39 PM entity.ConfigWorkplace selectBySegment
INFOS: FROM ConfigWorkplace bp WHERE segment = :segment ORDER BY workplace ASC
juil. 28, 2017 3:24:40 PM entity.ConfigSegment select
INFOS: FROM ConfigSegment bp ORDER BY segment ASC
juil. 28, 2017 3:24:40 PM entity.ConfigWorkplace select
INFOS: FROM ConfigWorkplace bp ORDER BY workplace ASC
juil. 28, 2017 3:24:41 PM entity.ConfigSegment select
INFOS: FROM ConfigSegment bp ORDER BY segment ASC
juil. 28, 2017 3:24:41 PM entity.ConfigWorkplace select
INFOS: FROM ConfigWorkplace bp ORDER BY workplace ASC
juil. 28, 2017 3:28:11 PM gui.config.CONFIG_UI0000_AUTH checkLoginAndPass
INFOS: User OUSSAMA EZZIOURI / ezou1001 connected to host WSMA7040 at 2017-07-28 15:28:11 Module : Planner.
juil. 28, 2017 3:28:11 PM entity.ConfigSegment select
INFOS: FROM ConfigSegment bp ORDER BY segment ASC
juil. 28, 2017 3:28:11 PM entity.ConfigWorkplace selectBySegment
INFOS: FROM ConfigWorkplace bp WHERE segment = :segment ORDER BY workplace ASC
juil. 28, 2017 3:28:11 PM entity.ConfigProject select
INFOS: FROM ConfigProject bp ORDER BY harnessType ASC
juil. 28, 2017 3:28:35 PM gui.config.CONFIG_UI0000_AUTH checkLoginAndPass
INFOS: User OUSSAMA EZZIOURI / ezou1001 connected to host WSMA7040 at 2017-07-28 15:28:35 Module : Planner.
