avr. 06, 2017 8:57:05 PM helper.Helper InitDailyDestPrintDir
INFOS: Print directory [.\print\2017_04_06] is created!
Print sub directory [.\print\2017_04_06.\open_sheet] is created!
Print sub directory [.\print\2017_04_06.\closing_sheet] is created!
Print sub directory [.\print\2017_04_06.\picking_label] is created!
Print sub directory [.\print\2017_04_06.\dispatch_label] is created!

avr. 06, 2017 8:57:17 PM gui.packaging.PACKAGING_UI0001_Main loadBarcodeConfig
INFOS: FROM ConfigBarcode cb WHERE cb.keyWord = :keyWord ORDER BY id ASC
avr. 06, 2017 8:57:19 PM entity.ConfigProject select
INFOS: FROM ConfigProject bp ORDER BY harnessType ASC
avr. 06, 2017 8:57:19 PM entity.ConfigProject select
INFOS: FROM ConfigProject bp ORDER BY harnessType ASC
avr. 06, 2017 8:57:27 PM entity.ConfigSegment select
INFOS: FROM ConfigSegment bp ORDER BY segment ASC
avr. 06, 2017 8:57:31 PM entity.ConfigSegment select
INFOS: FROM ConfigSegment bp ORDER BY segment ASC
avr. 06, 2017 8:57:31 PM entity.ConfigWorkplace select
INFOS: FROM ConfigWorkplace bp ORDER BY workplace ASC
avr. 06, 2017 8:57:42 PM gui.packaging.PACKAGING_UI0002_PasswordRequest connect
INFOS: User Admin   / 9999 connected to host O-EZZIOURI at 2017-04-06 20:57:42 Project : ENGINE.
avr. 06, 2017 8:57:44 PM entity.ConfigSegment select
INFOS: FROM ConfigSegment bp ORDER BY segment ASC
avr. 06, 2017 8:57:48 PM entity.ConfigSegment select
INFOS: FROM ConfigSegment bp ORDER BY segment ASC
avr. 06, 2017 8:57:48 PM entity.ConfigWorkplace select
INFOS: FROM ConfigWorkplace bp ORDER BY workplace ASC
avr. 06, 2017 8:57:52 PM helper.Helper InitDailyDestPrintDir
INFOS: nullPrint directory [.\print\2017_04_06] already exist!
Print sub directory [.\print\2017_04_06.\open_sheet] already exist!
Print sub directory [.\print\2017_04_06.\closing_sheet] already exist!
Print sub directory [.\print\2017_04_06.\picking_label] already exist!
Print sub directory [.\print\2017_04_06.\dispatch_label] already exist!

avr. 06, 2017 8:57:52 PM helper.PrinterHelper saveAndPrintClosingSheet
INFOS: Set Closing Pallet item [20533] state to [IN_PROCESS]
avr. 06, 2017 8:57:52 PM print.PrintClosingPallet_A5 sentToDefaultDesktopPrinter
INFOS: Sending [.\print\2017_04_06\closing_sheet\PrintClosingPallet_A5_22630882_2017_04_06_20_57_52.pdf] to the default printer...
avr. 06, 2017 8:57:53 PM print.PrintClosingPallet_A5 sentToDefaultDesktopPrinter
INFOS: File [%s] has been printed.
avr. 06, 2017 8:57:53 PM helper.PrinterHelper saveAndPrintClosingSheet
INFOS: Set Closing Pallet [20533] state to [PRINTED]
avr. 06, 2017 8:59:03 PM helper.Helper InitDailyDestPrintDir
INFOS: Print directory [.\print\2017_04_06] already exist!
Print sub directory [.\print\2017_04_06.\open_sheet] already exist!
Print sub directory [.\print\2017_04_06.\closing_sheet] already exist!
Print sub directory [.\print\2017_04_06.\picking_label] already exist!
Print sub directory [.\print\2017_04_06.\dispatch_label] already exist!

avr. 06, 2017 8:59:05 PM gui.packaging.PACKAGING_UI0001_Main loadBarcodeConfig
INFOS: FROM ConfigBarcode cb WHERE cb.keyWord = :keyWord ORDER BY id ASC
avr. 06, 2017 8:59:05 PM entity.ConfigProject select
INFOS: FROM ConfigProject bp ORDER BY harnessType ASC
avr. 06, 2017 8:59:05 PM entity.ConfigProject select
INFOS: FROM ConfigProject bp ORDER BY harnessType ASC
avr. 06, 2017 8:59:08 PM state.S010_UserCodeScan doAction
INFOS: Invalid matricule number or account locked !
avr. 06, 2017 8:59:11 PM gui.packaging.PACKAGING_UI0002_PasswordRequest connect
INFOS: User Admin   / 9999 connected to host O-EZZIOURI at 2017-04-06 20:59:11 Project : ENGINE.
avr. 06, 2017 8:59:12 PM entity.ConfigSegment select
INFOS: FROM ConfigSegment bp ORDER BY segment ASC
avr. 06, 2017 8:59:15 PM entity.ConfigSegment select
INFOS: FROM ConfigSegment bp ORDER BY segment ASC
avr. 06, 2017 8:59:15 PM entity.ConfigWorkplace select
INFOS: FROM ConfigWorkplace bp ORDER BY workplace ASC
avr. 06, 2017 8:59:18 PM helper.Helper InitDailyDestPrintDir
INFOS: nullPrint directory [.\print\2017_04_06] already exist!
Print sub directory [.\print\2017_04_06.\open_sheet] already exist!
Print sub directory [.\print\2017_04_06.\closing_sheet] already exist!
Print sub directory [.\print\2017_04_06.\picking_label] already exist!
Print sub directory [.\print\2017_04_06.\dispatch_label] already exist!

avr. 06, 2017 8:59:18 PM helper.PrinterHelper saveAndPrintClosingSheet
INFOS: Set Closing Pallet item [20533] state to [IN_PROCESS]
avr. 06, 2017 8:59:18 PM print.PrintClosingPallet_A5 sentToDefaultDesktopPrinter
INFOS: Sending [.\print\2017_04_06\closing_sheet\PrintClosingPallet_A5_22630882_2017_04_06_20_59_18.pdf] to the default printer...
avr. 06, 2017 8:59:18 PM print.PrintClosingPallet_A5 sentToDefaultDesktopPrinter
INFOS: File [%s] has been printed.
avr. 06, 2017 8:59:18 PM helper.PrinterHelper saveAndPrintClosingSheet
INFOS: Set Closing Pallet [20533] state to [PRINTED]
avr. 06, 2017 9:00:21 PM helper.Helper InitDailyDestPrintDir
INFOS: Print directory [.\print\2017_04_06] already exist!
Print sub directory [.\print\2017_04_06.\open_sheet] already exist!
Print sub directory [.\print\2017_04_06.\closing_sheet] already exist!
Print sub directory [.\print\2017_04_06.\picking_label] already exist!
Print sub directory [.\print\2017_04_06.\dispatch_label] already exist!

avr. 06, 2017 9:00:29 PM gui.packaging.PACKAGING_UI0001_Main loadBarcodeConfig
INFOS: FROM ConfigBarcode cb WHERE cb.keyWord = :keyWord ORDER BY id ASC
avr. 06, 2017 9:00:29 PM entity.ConfigProject select
INFOS: FROM ConfigProject bp ORDER BY harnessType ASC
avr. 06, 2017 9:00:29 PM entity.ConfigProject select
INFOS: FROM ConfigProject bp ORDER BY harnessType ASC
avr. 06, 2017 9:00:35 PM gui.packaging.PACKAGING_UI0002_PasswordRequest connect
INFOS: User Admin   / 9999 connected to host O-EZZIOURI at 2017-04-06 21:00:35 Project : ENGINE.
avr. 06, 2017 9:00:38 PM entity.ConfigSegment select
INFOS: FROM ConfigSegment bp ORDER BY segment ASC
avr. 06, 2017 9:00:41 PM entity.ConfigSegment select
INFOS: FROM ConfigSegment bp ORDER BY segment ASC
avr. 06, 2017 9:00:41 PM entity.ConfigWorkplace select
INFOS: FROM ConfigWorkplace bp ORDER BY workplace ASC
avr. 06, 2017 9:00:43 PM helper.Helper InitDailyDestPrintDir
INFOS: nullPrint directory [.\print\2017_04_06] already exist!
Print sub directory [.\print\2017_04_06.\open_sheet] already exist!
Print sub directory [.\print\2017_04_06.\closing_sheet] already exist!
Print sub directory [.\print\2017_04_06.\picking_label] already exist!
Print sub directory [.\print\2017_04_06.\dispatch_label] already exist!

avr. 06, 2017 9:00:44 PM helper.PrinterHelper saveAndPrintClosingSheet
INFOS: Set Closing Pallet item [20533] state to [IN_PROCESS]
avr. 06, 2017 9:00:44 PM print.PrintClosingPallet_A5 sentToDefaultDesktopPrinter
INFOS: Sending [.\print\2017_04_06\closing_sheet\PrintClosingPallet_A5_22630882_2017_04_06_21_00_43.pdf] to the default printer...
avr. 06, 2017 9:00:44 PM print.PrintClosingPallet_A5 sentToDefaultDesktopPrinter
INFOS: File [%s] has been printed.
avr. 06, 2017 9:00:44 PM helper.PrinterHelper saveAndPrintClosingSheet
INFOS: Set Closing Pallet [20533] state to [PRINTED]
avr. 06, 2017 9:01:12 PM helper.Helper InitDailyDestPrintDir
INFOS: Print directory [.\print\2017_04_06] already exist!
Print sub directory [.\print\2017_04_06.\open_sheet] already exist!
Print sub directory [.\print\2017_04_06.\closing_sheet] already exist!
Print sub directory [.\print\2017_04_06.\picking_label] already exist!
Print sub directory [.\print\2017_04_06.\dispatch_label] already exist!

avr. 06, 2017 9:01:18 PM gui.packaging.PACKAGING_UI0001_Main loadBarcodeConfig
INFOS: FROM ConfigBarcode cb WHERE cb.keyWord = :keyWord ORDER BY id ASC
avr. 06, 2017 9:01:18 PM entity.ConfigProject select
INFOS: FROM ConfigProject bp ORDER BY harnessType ASC
avr. 06, 2017 9:01:18 PM entity.ConfigProject select
INFOS: FROM ConfigProject bp ORDER BY harnessType ASC
avr. 06, 2017 9:01:23 PM gui.packaging.PACKAGING_UI0002_PasswordRequest connect
INFOS: User Admin   / 9999 connected to host O-EZZIOURI at 2017-04-06 21:01:23 Project : ENGINE.
avr. 06, 2017 9:01:24 PM entity.ConfigSegment select
INFOS: FROM ConfigSegment bp ORDER BY segment ASC
avr. 06, 2017 9:01:27 PM entity.ConfigSegment select
INFOS: FROM ConfigSegment bp ORDER BY segment ASC
avr. 06, 2017 9:01:27 PM entity.ConfigWorkplace select
INFOS: FROM ConfigWorkplace bp ORDER BY workplace ASC
avr. 06, 2017 9:01:30 PM helper.Helper InitDailyDestPrintDir
INFOS: nullPrint directory [.\print\2017_04_06] already exist!
Print sub directory [.\print\2017_04_06.\open_sheet] already exist!
Print sub directory [.\print\2017_04_06.\closing_sheet] already exist!
Print sub directory [.\print\2017_04_06.\picking_label] already exist!
Print sub directory [.\print\2017_04_06.\dispatch_label] already exist!

avr. 06, 2017 9:01:30 PM helper.PrinterHelper saveAndPrintClosingSheet
INFOS: Set Closing Pallet item [20533] state to [IN_PROCESS]
avr. 06, 2017 9:01:30 PM print.PrintClosingPallet_A5 sentToDefaultDesktopPrinter
INFOS: Sending [.\print\2017_04_06\closing_sheet\PrintClosingPallet_A5_22630882_2017_04_06_21_01_30.pdf] to the default printer...
avr. 06, 2017 9:01:30 PM print.PrintClosingPallet_A5 sentToDefaultDesktopPrinter
INFOS: File [%s] has been printed.
avr. 06, 2017 9:01:30 PM helper.PrinterHelper saveAndPrintClosingSheet
INFOS: Set Closing Pallet [20533] state to [PRINTED]
avr. 06, 2017 9:02:33 PM helper.Helper InitDailyDestPrintDir
INFOS: Print directory [.\print\2017_04_06] already exist!
Print sub directory [.\print\2017_04_06.\open_sheet] already exist!
Print sub directory [.\print\2017_04_06.\closing_sheet] already exist!
Print sub directory [.\print\2017_04_06.\picking_label] already exist!
Print sub directory [.\print\2017_04_06.\dispatch_label] already exist!

avr. 06, 2017 9:02:34 PM gui.packaging.PACKAGING_UI0001_Main loadBarcodeConfig
INFOS: FROM ConfigBarcode cb WHERE cb.keyWord = :keyWord ORDER BY id ASC
avr. 06, 2017 9:02:34 PM entity.ConfigProject select
INFOS: FROM ConfigProject bp ORDER BY harnessType ASC
avr. 06, 2017 9:02:34 PM entity.ConfigProject select
INFOS: FROM ConfigProject bp ORDER BY harnessType ASC
avr. 06, 2017 9:02:39 PM gui.packaging.PACKAGING_UI0002_PasswordRequest connect
INFOS: User Admin   / 9999 connected to host O-EZZIOURI at 2017-04-06 21:02:39 Project : ENGINE.
avr. 06, 2017 9:02:42 PM entity.ConfigSegment select
INFOS: FROM ConfigSegment bp ORDER BY segment ASC
avr. 06, 2017 9:02:46 PM entity.ConfigSegment select
INFOS: FROM ConfigSegment bp ORDER BY segment ASC
avr. 06, 2017 9:02:46 PM entity.ConfigWorkplace select
INFOS: FROM ConfigWorkplace bp ORDER BY workplace ASC
avr. 06, 2017 9:02:49 PM helper.Helper InitDailyDestPrintDir
INFOS: nullPrint directory [.\print\2017_04_06] already exist!
Print sub directory [.\print\2017_04_06.\open_sheet] already exist!
Print sub directory [.\print\2017_04_06.\closing_sheet] already exist!
Print sub directory [.\print\2017_04_06.\picking_label] already exist!
Print sub directory [.\print\2017_04_06.\dispatch_label] already exist!

avr. 06, 2017 9:02:49 PM helper.PrinterHelper saveAndPrintClosingSheet
INFOS: Set Closing Pallet item [20533] state to [IN_PROCESS]
avr. 06, 2017 9:02:49 PM print.PrintClosingPallet_A5 sentToDefaultDesktopPrinter
INFOS: Sending [.\print\2017_04_06\closing_sheet\PrintClosingPallet_A5_22630882_2017_04_06_21_02_49.pdf] to the default printer...
avr. 06, 2017 9:02:49 PM print.PrintClosingPallet_A5 sentToDefaultDesktopPrinter
INFOS: File [%s] has been printed.
avr. 06, 2017 9:02:49 PM helper.PrinterHelper saveAndPrintClosingSheet
INFOS: Set Closing Pallet [20533] state to [PRINTED]
avr. 06, 2017 9:03:44 PM helper.Helper InitDailyDestPrintDir
INFOS: Print directory [.\print\2017_04_06] already exist!
Print sub directory [.\print\2017_04_06.\open_sheet] already exist!
Print sub directory [.\print\2017_04_06.\closing_sheet] already exist!
Print sub directory [.\print\2017_04_06.\picking_label] already exist!
Print sub directory [.\print\2017_04_06.\dispatch_label] already exist!

avr. 06, 2017 9:03:45 PM gui.packaging.PACKAGING_UI0001_Main loadBarcodeConfig
INFOS: FROM ConfigBarcode cb WHERE cb.keyWord = :keyWord ORDER BY id ASC
avr. 06, 2017 9:03:45 PM entity.ConfigProject select
INFOS: FROM ConfigProject bp ORDER BY harnessType ASC
avr. 06, 2017 9:03:45 PM entity.ConfigProject select
INFOS: FROM ConfigProject bp ORDER BY harnessType ASC
avr. 06, 2017 9:03:48 PM entity.ConfigSegment select
INFOS: FROM ConfigSegment bp ORDER BY segment ASC
avr. 06, 2017 9:03:53 PM entity.ConfigSegment select
INFOS: FROM ConfigSegment bp ORDER BY segment ASC
avr. 06, 2017 9:03:53 PM entity.ConfigWorkplace select
INFOS: FROM ConfigWorkplace bp ORDER BY workplace ASC
avr. 06, 2017 9:04:00 PM gui.packaging.PACKAGING_UI0002_PasswordRequest connect
INFOS: User Admin   / 9999 connected to host O-EZZIOURI at 2017-04-06 21:04:00 Project : ENGINE.
avr. 06, 2017 9:04:01 PM entity.ConfigSegment select
INFOS: FROM ConfigSegment bp ORDER BY segment ASC
avr. 06, 2017 9:04:04 PM entity.ConfigSegment select
INFOS: FROM ConfigSegment bp ORDER BY segment ASC
avr. 06, 2017 9:04:04 PM entity.ConfigWorkplace select
INFOS: FROM ConfigWorkplace bp ORDER BY workplace ASC
avr. 06, 2017 9:04:06 PM helper.Helper InitDailyDestPrintDir
INFOS: nullPrint directory [.\print\2017_04_06] already exist!
Print sub directory [.\print\2017_04_06.\open_sheet] already exist!
Print sub directory [.\print\2017_04_06.\closing_sheet] already exist!
Print sub directory [.\print\2017_04_06.\picking_label] already exist!
Print sub directory [.\print\2017_04_06.\dispatch_label] already exist!

avr. 06, 2017 9:04:06 PM helper.PrinterHelper saveAndPrintClosingSheet
INFOS: Set Closing Pallet item [20533] state to [IN_PROCESS]
avr. 06, 2017 9:04:06 PM print.PrintClosingPallet_A5 sentToDefaultDesktopPrinter
INFOS: Sending [.\print\2017_04_06\closing_sheet\PrintClosingPallet_A5_22630882_2017_04_06_21_04_06.pdf] to the default printer...
avr. 06, 2017 9:04:07 PM print.PrintClosingPallet_A5 sentToDefaultDesktopPrinter
INFOS: File [%s] has been printed.
avr. 06, 2017 9:04:07 PM helper.PrinterHelper saveAndPrintClosingSheet
INFOS: Set Closing Pallet [20533] state to [PRINTED]
