mai 22, 2017 3:39:34 PM helper.Helper InitDailyDestPrintDir
INFOS: Print directory [.\print\2017_05_22] is created!
Print sub directory [.\print\2017_05_22.\open_sheet] is created!
Print sub directory [.\print\2017_05_22.\closing_sheet] is created!
Print sub directory [.\print\2017_05_22.\picking_label] is created!
Print sub directory [.\print\2017_05_22.\dispatch_label] is created!

mai 22, 2017 3:39:48 PM gui.packaging.PACKAGING_UI0001_Main loadBarcodeConfig
INFOS: FROM ConfigBarcode cb WHERE cb.keyWord = :keyWord ORDER BY id ASC
mai 22, 2017 3:39:48 PM entity.ConfigProject select
INFOS: FROM ConfigProject bp ORDER BY harnessType ASC
mai 22, 2017 3:39:48 PM entity.ConfigProject select
INFOS: FROM ConfigProject bp ORDER BY harnessType ASC
mai 22, 2017 3:39:56 PM entity.ConfigSegment select
INFOS: FROM ConfigSegment bp ORDER BY segment ASC
mai 22, 2017 3:49:58 PM helper.Helper InitDailyDestPrintDir
INFOS: Print directory [.\print\2017_05_22] already exist!
Print sub directory [.\print\2017_05_22.\open_sheet] already exist!
Print sub directory [.\print\2017_05_22.\closing_sheet] already exist!
Print sub directory [.\print\2017_05_22.\picking_label] already exist!
Print sub directory [.\print\2017_05_22.\dispatch_label] already exist!

mai 22, 2017 3:50:03 PM gui.packaging.PACKAGING_UI0001_Main loadBarcodeConfig
INFOS: FROM ConfigBarcode cb WHERE cb.keyWord = :keyWord ORDER BY id ASC
mai 22, 2017 3:50:03 PM entity.ConfigProject select
INFOS: FROM ConfigProject bp ORDER BY harnessType ASC
mai 22, 2017 3:50:03 PM entity.ConfigProject select
INFOS: FROM ConfigProject bp ORDER BY harnessType ASC
mai 22, 2017 3:50:05 PM entity.ConfigSegment select
INFOS: FROM ConfigSegment bp ORDER BY segment ASC
mai 22, 2017 3:50:07 PM entity.ConfigSegment select
INFOS: FROM ConfigSegment bp ORDER BY segment ASC
mai 22, 2017 3:50:07 PM entity.ConfigWorkplace select
INFOS: FROM ConfigWorkplace bp ORDER BY workplace ASC
mai 22, 2017 3:50:08 PM entity.ConfigSegment select
INFOS: FROM ConfigSegment bp ORDER BY segment ASC
mai 22, 2017 3:50:08 PM entity.ConfigWorkplace select
INFOS: FROM ConfigWorkplace bp ORDER BY workplace ASC
mai 22, 2017 3:50:08 PM entity.ConfigSegment select
INFOS: FROM ConfigSegment bp ORDER BY segment ASC
mai 22, 2017 3:50:08 PM entity.ConfigWorkplace select
INFOS: FROM ConfigWorkplace bp ORDER BY workplace ASC
mai 22, 2017 3:50:09 PM entity.ConfigSegment select
INFOS: FROM ConfigSegment bp ORDER BY segment ASC
mai 22, 2017 3:50:09 PM entity.ConfigWorkplace select
INFOS: FROM ConfigWorkplace bp ORDER BY workplace ASC
mai 22, 2017 3:50:09 PM entity.ConfigSegment select
INFOS: FROM ConfigSegment bp ORDER BY segment ASC
mai 22, 2017 3:50:09 PM entity.ConfigWorkplace select
INFOS: FROM ConfigWorkplace bp ORDER BY workplace ASC
mai 22, 2017 3:50:09 PM entity.ConfigSegment select
INFOS: FROM ConfigSegment bp ORDER BY segment ASC
mai 22, 2017 3:50:09 PM entity.ConfigWorkplace select
INFOS: FROM ConfigWorkplace bp ORDER BY workplace ASC
mai 22, 2017 3:50:11 PM entity.ConfigSegment select
INFOS: FROM ConfigSegment bp ORDER BY segment ASC
mai 22, 2017 3:50:11 PM entity.ConfigWorkplace select
INFOS: FROM ConfigWorkplace bp ORDER BY workplace ASC
mai 22, 2017 3:50:49 PM gui.packaging_warehouse.PACKAGING_WAREHOUSE_UI0001_PasswordRequest connect
INFOS: User OUSSAMA EZZIOURI / 9999 connected to host WSMA7040 at 2017-05-22 15:50:49 Packaging warehouse interface : .
mai 22, 2017 3:51:15 PM state.S010_UserCodeScan doAction
INFOS: Invalid matricule number or account locked !
mai 22, 2017 3:51:15 PM gui.packaging.PACKAGING_UI0002_PasswordRequest connect
INFOS: User OUSSAMA EZZIOURI / 9999 connected to host WSMA7040 at 2017-05-22 15:51:15 Project : ENGINE.
mai 22, 2017 3:51:19 PM entity.ConfigSegment select
INFOS: FROM ConfigSegment bp ORDER BY segment ASC
mai 22, 2017 3:51:42 PM gui.packaging.PACKAGING_UI9001_DropContainerConfirmation ok_btnActionPerformed
INFOS: Droping harness list...3
mai 22, 2017 3:51:52 PM entity.ConfigSegment select
INFOS: FROM ConfigSegment bp ORDER BY segment ASC
mai 22, 2017 3:51:55 PM entity.ConfigSegment select
INFOS: FROM ConfigSegment bp ORDER BY segment ASC
mai 22, 2017 3:51:55 PM entity.ConfigWorkplace select
INFOS: FROM ConfigWorkplace bp ORDER BY workplace ASC
mai 22, 2017 3:51:55 PM entity.ConfigSegment select
INFOS: FROM ConfigSegment bp ORDER BY segment ASC
mai 22, 2017 3:51:55 PM entity.ConfigWorkplace select
INFOS: FROM ConfigWorkplace bp ORDER BY workplace ASC
mai 22, 2017 3:51:55 PM entity.ConfigSegment select
INFOS: FROM ConfigSegment bp ORDER BY segment ASC
mai 22, 2017 3:51:55 PM entity.ConfigWorkplace select
INFOS: FROM ConfigWorkplace bp ORDER BY workplace ASC
mai 22, 2017 3:51:55 PM entity.ConfigSegment select
INFOS: FROM ConfigSegment bp ORDER BY segment ASC
mai 22, 2017 3:51:55 PM entity.ConfigWorkplace select
INFOS: FROM ConfigWorkplace bp ORDER BY workplace ASC
mai 22, 2017 3:51:56 PM entity.ConfigSegment select
INFOS: FROM ConfigSegment bp ORDER BY segment ASC
mai 22, 2017 3:51:56 PM entity.ConfigWorkplace select
INFOS: FROM ConfigWorkplace bp ORDER BY workplace ASC
mai 22, 2017 3:51:57 PM entity.ConfigSegment select
INFOS: FROM ConfigSegment bp ORDER BY segment ASC
mai 22, 2017 3:51:57 PM entity.ConfigWorkplace select
INFOS: FROM ConfigWorkplace bp ORDER BY workplace ASC
mai 22, 2017 3:51:57 PM entity.ConfigSegment select
INFOS: FROM ConfigSegment bp ORDER BY segment ASC
mai 22, 2017 3:51:57 PM entity.ConfigWorkplace select
INFOS: FROM ConfigWorkplace bp ORDER BY workplace ASC
mai 22, 2017 3:51:57 PM entity.ConfigSegment select
INFOS: FROM ConfigSegment bp ORDER BY segment ASC
mai 22, 2017 3:51:57 PM entity.ConfigWorkplace select
INFOS: FROM ConfigWorkplace bp ORDER BY workplace ASC
mai 22, 2017 3:52:00 PM entity.ConfigSegment select
INFOS: FROM ConfigSegment bp ORDER BY segment ASC
mai 22, 2017 3:52:00 PM entity.ConfigWorkplace select
INFOS: FROM ConfigWorkplace bp ORDER BY workplace ASC
mai 22, 2017 3:52:31 PM gui.packaging.PACKAGING_UI9001_DropContainerConfirmation ok_btnActionPerformed
INFOS: Droping harness list...3
mai 22, 2017 4:05:59 PM helper.Helper InitDailyDestPrintDir
INFOS: Print directory [.\print\2017_05_22] already exist!
Print sub directory [.\print\2017_05_22.\open_sheet] already exist!
Print sub directory [.\print\2017_05_22.\closing_sheet] already exist!
Print sub directory [.\print\2017_05_22.\picking_label] already exist!
Print sub directory [.\print\2017_05_22.\dispatch_label] already exist!

mai 22, 2017 4:06:09 PM gui.warehouse_dispatch.WAREHOUSE_DISPATCH_UI0003_PasswordRequest connect
INFOS: User OUSSAMA EZZIOURI / 9999 connected to host WSMA7040 at 2017-05-22 16:06:09 Dispatch interface : .
mai 22, 2017 4:07:01 PM helper.Helper InitDailyDestPrintDir
INFOS: Print directory [.\print\2017_05_22] already exist!
Print sub directory [.\print\2017_05_22.\open_sheet] already exist!
Print sub directory [.\print\2017_05_22.\closing_sheet] already exist!
Print sub directory [.\print\2017_05_22.\picking_label] already exist!
Print sub directory [.\print\2017_05_22.\dispatch_label] already exist!

mai 22, 2017 4:07:20 PM helper.Helper InitDailyDestPrintDir
INFOS: Print directory [.\print\2017_05_22] already exist!
Print sub directory [.\print\2017_05_22.\open_sheet] already exist!
Print sub directory [.\print\2017_05_22.\closing_sheet] already exist!
Print sub directory [.\print\2017_05_22.\picking_label] already exist!
Print sub directory [.\print\2017_05_22.\dispatch_label] already exist!

mai 22, 2017 4:07:26 PM gui.warehouse_dispatch.WAREHOUSE_DISPATCH_UI0003_PasswordRequest connect
INFOS: User OUSSAMA EZZIOURI / 9999 connected to host WSMA7040 at 2017-05-22 16:07:26 Dispatch interface : .
mai 22, 2017 4:08:06 PM helper.Helper InitDailyDestPrintDir
INFOS: Print directory [.\print\2017_05_22] already exist!
Print sub directory [.\print\2017_05_22.\open_sheet] already exist!
Print sub directory [.\print\2017_05_22.\closing_sheet] already exist!
Print sub directory [.\print\2017_05_22.\picking_label] already exist!
Print sub directory [.\print\2017_05_22.\dispatch_label] already exist!

mai 22, 2017 4:08:14 PM gui.warehouse_dispatch.WAREHOUSE_DISPATCH_UI0003_PasswordRequest connect
INFOS: User OUSSAMA EZZIOURI / 9999 connected to host WSMA7040 at 2017-05-22 16:08:14 Dispatch interface : .
mai 22, 2017 4:08:39 PM helper.Helper InitDailyDestPrintDir
INFOS: Print directory [.\print\2017_05_22] already exist!
Print sub directory [.\print\2017_05_22.\open_sheet] already exist!
Print sub directory [.\print\2017_05_22.\closing_sheet] already exist!
Print sub directory [.\print\2017_05_22.\picking_label] already exist!
Print sub directory [.\print\2017_05_22.\dispatch_label] already exist!

mai 22, 2017 4:08:46 PM gui.warehouse_dispatch.WAREHOUSE_DISPATCH_UI0003_PasswordRequest connect
INFOS: User OUSSAMA EZZIOURI / 9999 connected to host WSMA7040 at 2017-05-22 16:08:46 Dispatch interface : .
mai 22, 2017 4:09:46 PM helper.Helper InitDailyDestPrintDir
INFOS: Print directory [.\print\2017_05_22] already exist!
Print sub directory [.\print\2017_05_22.\open_sheet] already exist!
Print sub directory [.\print\2017_05_22.\closing_sheet] already exist!
Print sub directory [.\print\2017_05_22.\picking_label] already exist!
Print sub directory [.\print\2017_05_22.\dispatch_label] already exist!

mai 22, 2017 4:11:20 PM gui.warehouse_dispatch.WAREHOUSE_DISPATCH_UI0003_PasswordRequest connect
INFOS: User OUSSAMA EZZIOURI / 9999 connected to host WSMA7040 at 2017-05-22 16:11:20 Dispatch interface : .
mai 23, 2017 8:05:55 AM gui.packaging.PACKAGING_UI0001_Main loadBarcodeConfig
INFOS: FROM ConfigBarcode cb WHERE cb.keyWord = :keyWord ORDER BY id ASC
mai 23, 2017 8:05:55 AM entity.ConfigProject select
INFOS: FROM ConfigProject bp ORDER BY harnessType ASC
mai 23, 2017 8:05:55 AM entity.ConfigProject select
INFOS: FROM ConfigProject bp ORDER BY harnessType ASC
