août 17, 2017 4:12:03 PM helper.Helper InitDailyDestPrintDir
INFOS: Print directory [.\print\2017_08_17] is created!
Print sub directory [.\print\2017_08_17.\open_sheet] is created!
Print sub directory [.\print\2017_08_17.\closing_sheet] is created!
Print sub directory [.\print\2017_08_17.\picking_label] is created!
Print sub directory [.\print\2017_08_17.\dispatch_label] is created!

août 17, 2017 4:12:21 PM entity.ConfigProject select
INFOS: FROM ConfigProject bp ORDER BY harnessType ASC
août 17, 2017 4:12:21 PM entity.ConfigProject select
INFOS: FROM ConfigProject bp ORDER BY harnessType ASC
août 17, 2017 4:12:35 PM gui.packaging.state.S010_UserCodeScan doAction
INFOS: Invalid matricule number or account locked !
août 17, 2017 4:12:42 PM gui.packaging.PACKAGING_UI0002_PasswordRequest connect
INFOS: User OUSSAMA EZZIOURI / ezou1001 connected to host WSMA7040 at 2017-08-17 16:12:42 Project : DUCATI.
août 17, 2017 4:12:42 PM gui.packaging.PACKAGING_UI0002_PasswordRequest loadDotMatrixCodePatterns
INFOS: FROM ConfigBarcode cb WHERE cb.keyWord = :keyWord AND cb.customer = :customer ORDER BY id ASC
août 17, 2017 4:12:42 PM gui.packaging.PACKAGING_UI0002_PasswordRequest loadPartNumberCodePatterns
INFOS: FROM ConfigBarcode cb WHERE cb.keyWord = :keyWord AND cb.customer = :customer ORDER BY id ASC
août 17, 2017 4:13:40 PM entity.ConfigUcs isHarnessPartExist
INFOS: Searching Harness part [5101C371B] in ConfigUCS: DUCATI
août 17, 2017 4:13:40 PM entity.ConfigUcs isHarnessPartExist
INFOS: Harness part [5101C371B] found for project [DUCATI].
août 17, 2017 4:13:40 PM gui.packaging.state.S020_HarnessPartScan doAction
INFOS: Harness Part scanned [P5101C371B] OK.
août 17, 2017 4:14:38 PM entity.BaseHarness isCounterExist
INFOS: Searching Harness counter [P5101C371B;18.07.2017;10:23:24] in BaseHarness.
août 17, 2017 4:14:38 PM entity.BaseHarness isCounterExist
INFOS: FROM BaseHarness bh WHERE bh.counter = :counter
août 17, 2017 4:14:40 PM entity.BaseHarness getHarnessByCounter
INFOS: FROM BaseHarness bh WHERE bh.counter = :counter
août 17, 2017 4:14:55 PM entity.BaseHarness isCounterExist
INFOS: Searching Harness counter [P5101C371B;18.07.2017;10:23:25] in BaseHarness.
août 17, 2017 4:14:55 PM entity.BaseHarness isCounterExist
INFOS: FROM BaseHarness bh WHERE bh.counter = :counter
août 17, 2017 4:14:56 PM gui.packaging.state.S030_MatrixIdScan doAction
INFOS: Valid Harness Counter scanned [P5101C371B;18.07.2017;10:23:25] OK.
août 17, 2017 4:15:03 PM gui.packaging.state.S040_PalletChoice doAction
INFOS: Is it a new pallet ?
août 17, 2017 4:15:03 PM gui.packaging.state.S040_PalletChoice doAction
INFOS:  [No]
août 17, 2017 4:15:03 PM gui.packaging.state.S040_PalletChoice doAction
INFOS: Pallet values 
août 17, 2017 4:15:03 PM gui.packaging.state.S040_PalletChoice doAction
INFOS: State           :   [true]
août 17, 2017 4:15:03 PM gui.packaging.state.S040_PalletChoice doAction
INFOS: Qty Expected    :   [100]
août 17, 2017 4:15:03 PM gui.packaging.state.S040_PalletChoice doAction
INFOS: Qty Read        :   [1]
août 17, 2017 4:15:03 PM gui.packaging.state.S040_PalletChoice doAction
INFOS: Std Time        :   [0.1]
août 17, 2017 4:15:03 PM gui.packaging.state.S040_PalletChoice doAction
INFOS: Harness Part [5101C371B] = Context Harness Part [5101C371B]
août 17, 2017 4:15:03 PM gui.packaging.state.S040_PalletChoice doAction
INFOS: Harness Type [DUCATI] = Context Harness Type [DUCATI]
août 17, 2017 4:15:21 PM entity.ConfigUcs isHarnessPartExist
INFOS: Searching Harness part [5101C371B] in ConfigUCS: DUCATI
août 17, 2017 4:15:21 PM entity.ConfigUcs isHarnessPartExist
INFOS: Harness part [5101C371B] found for project [DUCATI].
août 17, 2017 4:15:21 PM gui.packaging.state.S020_HarnessPartScan doAction
INFOS: Harness Part scanned [P5101C371B] OK.
août 17, 2017 4:16:36 PM entity.BaseHarness isCounterExist
INFOS: Searching Harness counter [5101C371D;18.07.2017;10:23:26] in BaseHarness.
août 17, 2017 4:16:36 PM entity.BaseHarness isCounterExist
INFOS: FROM BaseHarness bh WHERE bh.counter = :counter
août 17, 2017 4:16:46 PM entity.BaseHarness checkDataMatrixFormat
INFOS: Invalid Counter scanned format [5101C371B;18.07.2017;10:23:26]!
août 17, 2017 4:32:05 PM entity.ConfigProject select
INFOS: FROM ConfigProject bp ORDER BY harnessType ASC
août 17, 2017 4:32:05 PM entity.ConfigProject select
INFOS: FROM ConfigProject bp ORDER BY harnessType ASC
août 17, 2017 4:32:10 PM gui.packaging.state.S010_UserCodeScan doAction
INFOS: Invalid matricule number or account locked !
