juil. 17, 2017 12:17:20 PM helper.Helper InitDailyDestPrintDir
INFOS: Print directory [.\print\2017_07_17] is created!
Print sub directory [.\print\2017_07_17.\open_sheet] is created!
Print sub directory [.\print\2017_07_17.\closing_sheet] is created!
Print sub directory [.\print\2017_07_17.\picking_label] is created!
Print sub directory [.\print\2017_07_17.\dispatch_label] is created!

juil. 17, 2017 12:17:42 PM gui.config.CONFIG_UI0000_AUTH checkLoginAndPass
INFOS: User OUSSAMA EZZIOURI / ezou1001 connected to host WSMA7040 at 2017-07-17 12:17:42 Module : Planner.
juil. 17, 2017 12:17:42 PM entity.ConfigSegment select
INFOS: FROM ConfigSegment bp ORDER BY segment ASC
juil. 17, 2017 12:17:42 PM entity.ConfigWorkplace selectBySegment
INFOS: FROM ConfigWorkplace bp WHERE segment = :segment ORDER BY workplace ASC
juil. 17, 2017 12:17:42 PM entity.ConfigProject select
INFOS: FROM ConfigProject bp ORDER BY harnessType ASC
juil. 17, 2017 12:19:21 PM helper.Helper InitDailyDestPrintDir
INFOS: Print directory [.\print\2017_07_17] already exist!
Print sub directory [.\print\2017_07_17.\open_sheet] already exist!
Print sub directory [.\print\2017_07_17.\closing_sheet] already exist!
Print sub directory [.\print\2017_07_17.\picking_label] already exist!
Print sub directory [.\print\2017_07_17.\dispatch_label] already exist!

juil. 17, 2017 12:19:38 PM gui.packaging.PACKAGING_UI0001_Main loadBarcodeConfig
INFOS: FROM ConfigBarcode cb WHERE cb.keyWord = :keyWord ORDER BY id ASC
juil. 17, 2017 12:19:38 PM entity.ConfigProject select
INFOS: FROM ConfigProject bp ORDER BY harnessType ASC
juil. 17, 2017 12:19:38 PM entity.ConfigProject select
INFOS: FROM ConfigProject bp ORDER BY harnessType ASC
juil. 17, 2017 12:19:47 PM entity.ConfigSegment select
INFOS: FROM ConfigSegment bp ORDER BY segment ASC
juil. 17, 2017 12:19:47 PM entity.ConfigSegment select
INFOS: FROM ConfigSegment bp ORDER BY segment ASC
juil. 17, 2017 12:19:47 PM entity.ConfigWorkplace select
INFOS: FROM ConfigWorkplace bp ORDER BY workplace ASC
juil. 17, 2017 12:19:51 PM entity.ConfigWorkplace selectBySegment
INFOS: FROM ConfigWorkplace bp WHERE segment = :segment ORDER BY workplace ASC
juil. 17, 2017 12:19:51 PM entity.ConfigWorkplace selectBySegment
INFOS: FROM ConfigWorkplace bp WHERE segment = :segment ORDER BY workplace ASC
juil. 17, 2017 12:19:51 PM entity.ConfigWorkplace selectBySegment
INFOS: FROM ConfigWorkplace bp WHERE segment = :segment ORDER BY workplace ASC
juil. 17, 2017 12:19:51 PM entity.ConfigWorkplace selectBySegment
INFOS: FROM ConfigWorkplace bp WHERE segment = :segment ORDER BY workplace ASC
juil. 17, 2017 12:19:51 PM entity.ConfigWorkplace selectBySegment
INFOS: FROM ConfigWorkplace bp WHERE segment = :segment ORDER BY workplace ASC
juil. 17, 2017 12:19:51 PM entity.ConfigWorkplace selectBySegment
INFOS: FROM ConfigWorkplace bp WHERE segment = :segment ORDER BY workplace ASC
juil. 17, 2017 12:22:24 PM helper.Helper InitDailyDestPrintDir
INFOS: Print directory [.\print\2017_07_17] already exist!
Print sub directory [.\print\2017_07_17.\open_sheet] already exist!
Print sub directory [.\print\2017_07_17.\closing_sheet] already exist!
Print sub directory [.\print\2017_07_17.\picking_label] already exist!
Print sub directory [.\print\2017_07_17.\dispatch_label] already exist!

juil. 17, 2017 12:22:26 PM gui.packaging.PACKAGING_UI0001_Main loadBarcodeConfig
INFOS: FROM ConfigBarcode cb WHERE cb.keyWord = :keyWord ORDER BY id ASC
juil. 17, 2017 12:22:26 PM entity.ConfigProject select
INFOS: FROM ConfigProject bp ORDER BY harnessType ASC
juil. 17, 2017 12:22:26 PM entity.ConfigProject select
INFOS: FROM ConfigProject bp ORDER BY harnessType ASC
juil. 17, 2017 12:25:06 PM helper.Helper InitDailyDestPrintDir
INFOS: Print directory [.\print\2017_07_17] already exist!
Print sub directory [.\print\2017_07_17.\open_sheet] already exist!
Print sub directory [.\print\2017_07_17.\closing_sheet] already exist!
Print sub directory [.\print\2017_07_17.\picking_label] already exist!
Print sub directory [.\print\2017_07_17.\dispatch_label] already exist!

juil. 17, 2017 12:25:12 PM gui.packaging.PACKAGING_UI0001_Main loadBarcodeConfig
INFOS: FROM ConfigBarcode cb WHERE cb.keyWord = :keyWord ORDER BY id ASC
juil. 17, 2017 12:25:12 PM entity.ConfigProject select
INFOS: FROM ConfigProject bp ORDER BY harnessType ASC
juil. 17, 2017 12:25:12 PM entity.ConfigProject select
INFOS: FROM ConfigProject bp ORDER BY harnessType ASC
juil. 17, 2017 12:25:15 PM entity.ConfigSegment select
INFOS: FROM ConfigSegment bp ORDER BY segment ASC
juil. 17, 2017 12:33:10 PM helper.Helper InitDailyDestPrintDir
INFOS: Print directory [.\print\2017_07_17] already exist!
Print sub directory [.\print\2017_07_17.\open_sheet] already exist!
Print sub directory [.\print\2017_07_17.\closing_sheet] already exist!
Print sub directory [.\print\2017_07_17.\picking_label] already exist!
Print sub directory [.\print\2017_07_17.\dispatch_label] already exist!

juil. 17, 2017 12:33:11 PM gui.packaging.PACKAGING_UI0001_Main loadBarcodeConfig
INFOS: FROM ConfigBarcode cb WHERE cb.keyWord = :keyWord ORDER BY id ASC
juil. 17, 2017 12:33:11 PM entity.ConfigProject select
INFOS: FROM ConfigProject bp ORDER BY harnessType ASC
juil. 17, 2017 12:33:11 PM entity.ConfigProject select
INFOS: FROM ConfigProject bp ORDER BY harnessType ASC
juil. 17, 2017 12:33:12 PM entity.ConfigSegment select
INFOS: FROM ConfigSegment bp ORDER BY segment ASC
juil. 17, 2017 12:36:41 PM entity.ConfigSegment select
INFOS: FROM ConfigSegment bp ORDER BY segment ASC
juil. 17, 2017 12:39:30 PM helper.Helper InitDailyDestPrintDir
INFOS: Print directory [.\print\2017_07_17] already exist!
Print sub directory [.\print\2017_07_17.\open_sheet] already exist!
Print sub directory [.\print\2017_07_17.\closing_sheet] already exist!
Print sub directory [.\print\2017_07_17.\picking_label] already exist!
Print sub directory [.\print\2017_07_17.\dispatch_label] already exist!

juil. 17, 2017 12:39:31 PM gui.packaging.PACKAGING_UI0001_Main loadBarcodeConfig
INFOS: FROM ConfigBarcode cb WHERE cb.keyWord = :keyWord ORDER BY id ASC
juil. 17, 2017 12:39:31 PM entity.ConfigProject select
INFOS: FROM ConfigProject bp ORDER BY harnessType ASC
juil. 17, 2017 12:39:31 PM entity.ConfigProject select
INFOS: FROM ConfigProject bp ORDER BY harnessType ASC
juil. 17, 2017 12:39:43 PM entity.ConfigSegment select
INFOS: FROM ConfigSegment bp ORDER BY segment ASC
juil. 17, 2017 12:39:50 PM entity.ConfigSegment select
INFOS: FROM ConfigSegment bp ORDER BY segment ASC
juil. 17, 2017 12:39:50 PM entity.ConfigWorkplace select
INFOS: FROM ConfigWorkplace bp ORDER BY workplace ASC
juil. 17, 2017 12:39:51 PM entity.ConfigSegment select
INFOS: FROM ConfigSegment bp ORDER BY segment ASC
juil. 17, 2017 12:39:51 PM entity.ConfigWorkplace select
INFOS: FROM ConfigWorkplace bp ORDER BY workplace ASC
juil. 17, 2017 12:39:54 PM entity.ConfigSegment select
INFOS: FROM ConfigSegment bp ORDER BY segment ASC
juil. 17, 2017 12:39:54 PM entity.ConfigWorkplace select
INFOS: FROM ConfigWorkplace bp ORDER BY workplace ASC
juil. 17, 2017 12:39:55 PM entity.ConfigSegment select
INFOS: FROM ConfigSegment bp ORDER BY segment ASC
juil. 17, 2017 12:39:55 PM entity.ConfigWorkplace select
INFOS: FROM ConfigWorkplace bp ORDER BY workplace ASC
juil. 17, 2017 12:39:58 PM entity.ConfigSegment select
INFOS: FROM ConfigSegment bp ORDER BY segment ASC
juil. 17, 2017 12:39:58 PM entity.ConfigWorkplace select
INFOS: FROM ConfigWorkplace bp ORDER BY workplace ASC
juil. 17, 2017 12:40:06 PM entity.ConfigSegment select
INFOS: FROM ConfigSegment bp ORDER BY segment ASC
juil. 17, 2017 12:40:06 PM entity.ConfigWorkplace select
INFOS: FROM ConfigWorkplace bp ORDER BY workplace ASC
juil. 17, 2017 12:40:08 PM entity.ConfigSegment select
INFOS: FROM ConfigSegment bp ORDER BY segment ASC
juil. 17, 2017 12:40:08 PM entity.ConfigWorkplace select
INFOS: FROM ConfigWorkplace bp ORDER BY workplace ASC
juil. 17, 2017 12:40:09 PM entity.ConfigSegment select
INFOS: FROM ConfigSegment bp ORDER BY segment ASC
juil. 17, 2017 12:40:09 PM entity.ConfigWorkplace select
INFOS: FROM ConfigWorkplace bp ORDER BY workplace ASC
juil. 17, 2017 12:40:12 PM entity.ConfigSegment select
INFOS: FROM ConfigSegment bp ORDER BY segment ASC
juil. 17, 2017 12:40:12 PM entity.ConfigWorkplace select
INFOS: FROM ConfigWorkplace bp ORDER BY workplace ASC
juil. 17, 2017 12:40:48 PM entity.ConfigSegment select
INFOS: FROM ConfigSegment bp ORDER BY segment ASC
juil. 17, 2017 12:40:48 PM entity.ConfigWorkplace select
INFOS: FROM ConfigWorkplace bp ORDER BY workplace ASC
juil. 17, 2017 12:41:18 PM entity.ConfigSegment select
INFOS: FROM ConfigSegment bp ORDER BY segment ASC
juil. 17, 2017 12:41:18 PM entity.ConfigWorkplace select
INFOS: FROM ConfigWorkplace bp ORDER BY workplace ASC
juil. 17, 2017 12:41:20 PM entity.ConfigWorkplace selectBySegment
INFOS: FROM ConfigWorkplace bp WHERE segment = :segment ORDER BY workplace ASC
juil. 17, 2017 12:41:20 PM entity.ConfigWorkplace selectBySegment
INFOS: FROM ConfigWorkplace bp WHERE segment = :segment ORDER BY workplace ASC
juil. 17, 2017 12:41:20 PM entity.ConfigWorkplace selectBySegment
INFOS: FROM ConfigWorkplace bp WHERE segment = :segment ORDER BY workplace ASC
juil. 17, 2017 12:41:20 PM entity.ConfigWorkplace selectBySegment
INFOS: FROM ConfigWorkplace bp WHERE segment = :segment ORDER BY workplace ASC
juil. 17, 2017 12:41:20 PM entity.ConfigWorkplace selectBySegment
INFOS: FROM ConfigWorkplace bp WHERE segment = :segment ORDER BY workplace ASC
juil. 17, 2017 12:41:20 PM entity.ConfigWorkplace selectBySegment
INFOS: FROM ConfigWorkplace bp WHERE segment = :segment ORDER BY workplace ASC
juil. 17, 2017 12:41:20 PM entity.ConfigWorkplace selectBySegment
INFOS: FROM ConfigWorkplace bp WHERE segment = :segment ORDER BY workplace ASC
juil. 17, 2017 12:41:25 PM entity.ConfigWorkplace selectBySegment
INFOS: FROM ConfigWorkplace bp WHERE segment = :segment ORDER BY workplace ASC
juil. 17, 2017 12:41:25 PM entity.ConfigWorkplace selectBySegment
INFOS: FROM ConfigWorkplace bp WHERE segment = :segment ORDER BY workplace ASC
juil. 17, 2017 12:41:27 PM entity.ConfigWorkplace selectBySegment
INFOS: FROM ConfigWorkplace bp WHERE segment = :segment ORDER BY workplace ASC
juil. 17, 2017 12:41:30 PM entity.ConfigWorkplace selectBySegment
INFOS: FROM ConfigWorkplace bp WHERE segment = :segment ORDER BY workplace ASC
juil. 17, 2017 12:41:31 PM entity.ConfigWorkplace selectBySegment
INFOS: FROM ConfigWorkplace bp WHERE segment = :segment ORDER BY workplace ASC
juil. 17, 2017 12:42:03 PM entity.ConfigWorkplace selectBySegment
INFOS: FROM ConfigWorkplace bp WHERE segment = :segment ORDER BY workplace ASC
juil. 17, 2017 12:42:13 PM entity.ConfigWorkplace selectBySegment
INFOS: FROM ConfigWorkplace bp WHERE segment = :segment ORDER BY workplace ASC
juil. 17, 2017 12:42:23 PM entity.ConfigWorkplace selectBySegment
INFOS: FROM ConfigWorkplace bp WHERE segment = :segment ORDER BY workplace ASC
juil. 17, 2017 12:42:26 PM entity.ConfigWorkplace selectBySegment
INFOS: FROM ConfigWorkplace bp WHERE segment = :segment ORDER BY workplace ASC
juil. 17, 2017 12:42:28 PM entity.ConfigWorkplace selectBySegment
INFOS: FROM ConfigWorkplace bp WHERE segment = :segment ORDER BY workplace ASC
juil. 17, 2017 12:42:45 PM entity.ConfigWorkplace selectBySegment
INFOS: FROM ConfigWorkplace bp WHERE segment = :segment ORDER BY workplace ASC
juil. 17, 2017 12:42:53 PM entity.ConfigWorkplace selectBySegment
INFOS: FROM ConfigWorkplace bp WHERE segment = :segment ORDER BY workplace ASC
juil. 17, 2017 12:42:59 PM entity.ConfigWorkplace selectBySegment
INFOS: FROM ConfigWorkplace bp WHERE segment = :segment ORDER BY workplace ASC
juil. 17, 2017 12:43:01 PM entity.ConfigWorkplace selectBySegment
INFOS: FROM ConfigWorkplace bp WHERE segment = :segment ORDER BY workplace ASC
juil. 17, 2017 12:43:02 PM entity.ConfigWorkplace selectBySegment
INFOS: FROM ConfigWorkplace bp WHERE segment = :segment ORDER BY workplace ASC
juil. 17, 2017 12:43:07 PM entity.ConfigSegment select
INFOS: FROM ConfigSegment bp ORDER BY segment ASC
juil. 17, 2017 12:43:07 PM entity.ConfigWorkplace select
INFOS: FROM ConfigWorkplace bp ORDER BY workplace ASC
juil. 17, 2017 12:43:07 PM entity.ConfigSegment select
INFOS: FROM ConfigSegment bp ORDER BY segment ASC
juil. 17, 2017 12:43:07 PM entity.ConfigWorkplace select
INFOS: FROM ConfigWorkplace bp ORDER BY workplace ASC
juil. 17, 2017 12:43:08 PM entity.ConfigWorkplace selectBySegment
INFOS: FROM ConfigWorkplace bp WHERE segment = :segment ORDER BY workplace ASC
juil. 17, 2017 12:43:08 PM entity.ConfigWorkplace selectBySegment
INFOS: FROM ConfigWorkplace bp WHERE segment = :segment ORDER BY workplace ASC
juil. 17, 2017 12:43:08 PM entity.ConfigWorkplace selectBySegment
INFOS: FROM ConfigWorkplace bp WHERE segment = :segment ORDER BY workplace ASC
juil. 17, 2017 12:43:08 PM entity.ConfigWorkplace selectBySegment
INFOS: FROM ConfigWorkplace bp WHERE segment = :segment ORDER BY workplace ASC
juil. 17, 2017 12:43:08 PM entity.ConfigWorkplace selectBySegment
INFOS: FROM ConfigWorkplace bp WHERE segment = :segment ORDER BY workplace ASC
juil. 17, 2017 12:43:08 PM entity.ConfigWorkplace selectBySegment
INFOS: FROM ConfigWorkplace bp WHERE segment = :segment ORDER BY workplace ASC
juil. 17, 2017 12:43:10 PM entity.ConfigWorkplace selectBySegment
INFOS: FROM ConfigWorkplace bp WHERE segment = :segment ORDER BY workplace ASC
juil. 17, 2017 12:43:14 PM entity.ConfigSegment select
INFOS: FROM ConfigSegment bp ORDER BY segment ASC
juil. 17, 2017 12:43:14 PM entity.ConfigWorkplace select
INFOS: FROM ConfigWorkplace bp ORDER BY workplace ASC
juil. 17, 2017 12:43:14 PM entity.ConfigSegment select
INFOS: FROM ConfigSegment bp ORDER BY segment ASC
juil. 17, 2017 12:43:14 PM entity.ConfigWorkplace select
INFOS: FROM ConfigWorkplace bp ORDER BY workplace ASC
juil. 17, 2017 12:43:15 PM entity.ConfigSegment select
INFOS: FROM ConfigSegment bp ORDER BY segment ASC
juil. 17, 2017 12:43:15 PM entity.ConfigWorkplace select
INFOS: FROM ConfigWorkplace bp ORDER BY workplace ASC
juil. 17, 2017 12:43:17 PM entity.ConfigSegment select
INFOS: FROM ConfigSegment bp ORDER BY segment ASC
juil. 17, 2017 12:43:17 PM entity.ConfigWorkplace select
INFOS: FROM ConfigWorkplace bp ORDER BY workplace ASC
juil. 17, 2017 12:43:21 PM entity.ConfigSegment select
INFOS: FROM ConfigSegment bp ORDER BY segment ASC
juil. 17, 2017 12:43:21 PM entity.ConfigWorkplace select
INFOS: FROM ConfigWorkplace bp ORDER BY workplace ASC
juil. 17, 2017 12:43:22 PM entity.ConfigSegment select
INFOS: FROM ConfigSegment bp ORDER BY segment ASC
juil. 17, 2017 12:43:22 PM entity.ConfigWorkplace select
INFOS: FROM ConfigWorkplace bp ORDER BY workplace ASC
juil. 17, 2017 12:43:22 PM entity.ConfigSegment select
INFOS: FROM ConfigSegment bp ORDER BY segment ASC
juil. 17, 2017 12:43:22 PM entity.ConfigWorkplace select
INFOS: FROM ConfigWorkplace bp ORDER BY workplace ASC
juil. 17, 2017 12:43:24 PM entity.ConfigSegment select
INFOS: FROM ConfigSegment bp ORDER BY segment ASC
juil. 17, 2017 12:43:24 PM entity.ConfigWorkplace select
INFOS: FROM ConfigWorkplace bp ORDER BY workplace ASC
juil. 17, 2017 12:43:25 PM entity.ConfigSegment select
INFOS: FROM ConfigSegment bp ORDER BY segment ASC
juil. 17, 2017 12:43:25 PM entity.ConfigWorkplace select
INFOS: FROM ConfigWorkplace bp ORDER BY workplace ASC
juil. 17, 2017 12:43:36 PM entity.ConfigSegment select
INFOS: FROM ConfigSegment bp ORDER BY segment ASC
juil. 17, 2017 12:43:36 PM entity.ConfigWorkplace select
INFOS: FROM ConfigWorkplace bp ORDER BY workplace ASC
juil. 17, 2017 12:43:42 PM entity.ConfigSegment select
INFOS: FROM ConfigSegment bp ORDER BY segment ASC
juil. 17, 2017 12:43:42 PM entity.ConfigSegment select
INFOS: FROM ConfigSegment bp ORDER BY segment ASC
juil. 17, 2017 12:43:42 PM entity.ConfigWorkplace select
INFOS: FROM ConfigWorkplace bp ORDER BY workplace ASC
juil. 17, 2017 12:43:47 PM entity.ConfigSegment select
INFOS: FROM ConfigSegment bp ORDER BY segment ASC
juil. 17, 2017 12:43:47 PM entity.ConfigWorkplace select
INFOS: FROM ConfigWorkplace bp ORDER BY workplace ASC
juil. 17, 2017 12:43:48 PM entity.ConfigSegment select
INFOS: FROM ConfigSegment bp ORDER BY segment ASC
juil. 17, 2017 12:43:48 PM entity.ConfigWorkplace select
INFOS: FROM ConfigWorkplace bp ORDER BY workplace ASC
juil. 17, 2017 12:43:48 PM entity.ConfigSegment select
INFOS: FROM ConfigSegment bp ORDER BY segment ASC
juil. 17, 2017 12:43:48 PM entity.ConfigWorkplace select
INFOS: FROM ConfigWorkplace bp ORDER BY workplace ASC
juil. 17, 2017 12:43:55 PM entity.ConfigSegment select
INFOS: FROM ConfigSegment bp ORDER BY segment ASC
juil. 17, 2017 12:43:55 PM entity.ConfigWorkplace select
INFOS: FROM ConfigWorkplace bp ORDER BY workplace ASC
juil. 17, 2017 12:43:59 PM entity.ConfigSegment select
INFOS: FROM ConfigSegment bp ORDER BY segment ASC
juil. 17, 2017 12:43:59 PM entity.ConfigWorkplace select
INFOS: FROM ConfigWorkplace bp ORDER BY workplace ASC
juil. 17, 2017 12:44:00 PM entity.ConfigSegment select
INFOS: FROM ConfigSegment bp ORDER BY segment ASC
juil. 17, 2017 12:44:00 PM entity.ConfigWorkplace select
INFOS: FROM ConfigWorkplace bp ORDER BY workplace ASC
juil. 17, 2017 12:44:01 PM entity.ConfigSegment select
INFOS: FROM ConfigSegment bp ORDER BY segment ASC
juil. 17, 2017 12:44:01 PM entity.ConfigWorkplace select
INFOS: FROM ConfigWorkplace bp ORDER BY workplace ASC
juil. 17, 2017 12:44:06 PM entity.ConfigWorkplace selectBySegment
INFOS: FROM ConfigWorkplace bp WHERE segment = :segment ORDER BY workplace ASC
juil. 17, 2017 12:44:06 PM entity.ConfigWorkplace selectBySegment
INFOS: FROM ConfigWorkplace bp WHERE segment = :segment ORDER BY workplace ASC
juil. 17, 2017 12:44:06 PM entity.ConfigWorkplace selectBySegment
INFOS: FROM ConfigWorkplace bp WHERE segment = :segment ORDER BY workplace ASC
juil. 17, 2017 12:44:06 PM entity.ConfigWorkplace selectBySegment
INFOS: FROM ConfigWorkplace bp WHERE segment = :segment ORDER BY workplace ASC
juil. 17, 2017 12:44:06 PM entity.ConfigWorkplace selectBySegment
INFOS: FROM ConfigWorkplace bp WHERE segment = :segment ORDER BY workplace ASC
juil. 17, 2017 12:44:06 PM entity.ConfigWorkplace selectBySegment
INFOS: FROM ConfigWorkplace bp WHERE segment = :segment ORDER BY workplace ASC
juil. 17, 2017 12:44:07 PM entity.ConfigWorkplace selectBySegment
INFOS: FROM ConfigWorkplace bp WHERE segment = :segment ORDER BY workplace ASC
juil. 17, 2017 12:44:07 PM entity.ConfigWorkplace selectBySegment
INFOS: FROM ConfigWorkplace bp WHERE segment = :segment ORDER BY workplace ASC
juil. 17, 2017 12:44:07 PM entity.ConfigWorkplace selectBySegment
INFOS: FROM ConfigWorkplace bp WHERE segment = :segment ORDER BY workplace ASC
juil. 17, 2017 12:44:08 PM entity.ConfigWorkplace selectBySegment
INFOS: FROM ConfigWorkplace bp WHERE segment = :segment ORDER BY workplace ASC
juil. 17, 2017 12:44:08 PM entity.ConfigWorkplace selectBySegment
INFOS: FROM ConfigWorkplace bp WHERE segment = :segment ORDER BY workplace ASC
juil. 17, 2017 12:44:08 PM entity.ConfigWorkplace selectBySegment
INFOS: FROM ConfigWorkplace bp WHERE segment = :segment ORDER BY workplace ASC
juil. 17, 2017 12:44:11 PM entity.ConfigWorkplace selectBySegment
INFOS: FROM ConfigWorkplace bp WHERE segment = :segment ORDER BY workplace ASC
juil. 17, 2017 12:44:11 PM entity.ConfigWorkplace selectBySegment
INFOS: FROM ConfigWorkplace bp WHERE segment = :segment ORDER BY workplace ASC
juil. 17, 2017 12:44:11 PM entity.ConfigWorkplace selectBySegment
INFOS: FROM ConfigWorkplace bp WHERE segment = :segment ORDER BY workplace ASC
juil. 17, 2017 12:44:11 PM entity.ConfigWorkplace selectBySegment
INFOS: FROM ConfigWorkplace bp WHERE segment = :segment ORDER BY workplace ASC
juil. 17, 2017 12:44:11 PM entity.ConfigWorkplace selectBySegment
INFOS: FROM ConfigWorkplace bp WHERE segment = :segment ORDER BY workplace ASC
juil. 17, 2017 12:44:11 PM entity.ConfigWorkplace selectBySegment
INFOS: FROM ConfigWorkplace bp WHERE segment = :segment ORDER BY workplace ASC
juil. 17, 2017 12:44:12 PM entity.ConfigSegment select
INFOS: FROM ConfigSegment bp ORDER BY segment ASC
juil. 17, 2017 12:44:12 PM entity.ConfigWorkplace select
INFOS: FROM ConfigWorkplace bp ORDER BY workplace ASC
juil. 17, 2017 12:44:12 PM entity.ConfigSegment select
INFOS: FROM ConfigSegment bp ORDER BY segment ASC
juil. 17, 2017 12:44:12 PM entity.ConfigWorkplace select
INFOS: FROM ConfigWorkplace bp ORDER BY workplace ASC
juil. 17, 2017 12:44:17 PM entity.ConfigSegment select
INFOS: FROM ConfigSegment bp ORDER BY segment ASC
juil. 17, 2017 12:44:17 PM entity.ConfigWorkplace select
INFOS: FROM ConfigWorkplace bp ORDER BY workplace ASC
juil. 17, 2017 12:44:17 PM entity.ConfigSegment select
INFOS: FROM ConfigSegment bp ORDER BY segment ASC
juil. 17, 2017 12:44:17 PM entity.ConfigWorkplace select
INFOS: FROM ConfigWorkplace bp ORDER BY workplace ASC
juil. 17, 2017 12:45:15 PM entity.ConfigSegment select
INFOS: FROM ConfigSegment bp ORDER BY segment ASC
juil. 17, 2017 12:45:15 PM entity.ConfigSegment select
INFOS: FROM ConfigSegment bp ORDER BY segment ASC
juil. 17, 2017 12:45:15 PM entity.ConfigWorkplace select
INFOS: FROM ConfigWorkplace bp ORDER BY workplace ASC
juil. 17, 2017 12:45:19 PM entity.ConfigSegment select
INFOS: FROM ConfigSegment bp ORDER BY segment ASC
juil. 17, 2017 12:45:19 PM entity.ConfigWorkplace select
INFOS: FROM ConfigWorkplace bp ORDER BY workplace ASC
juil. 17, 2017 12:45:21 PM entity.ConfigSegment select
INFOS: FROM ConfigSegment bp ORDER BY segment ASC
juil. 17, 2017 12:45:21 PM entity.ConfigWorkplace select
INFOS: FROM ConfigWorkplace bp ORDER BY workplace ASC
juil. 17, 2017 12:45:21 PM entity.ConfigSegment select
INFOS: FROM ConfigSegment bp ORDER BY segment ASC
juil. 17, 2017 12:45:21 PM entity.ConfigWorkplace select
INFOS: FROM ConfigWorkplace bp ORDER BY workplace ASC
juil. 17, 2017 12:45:22 PM entity.ConfigSegment select
INFOS: FROM ConfigSegment bp ORDER BY segment ASC
juil. 17, 2017 12:45:22 PM entity.ConfigWorkplace select
INFOS: FROM ConfigWorkplace bp ORDER BY workplace ASC
juil. 17, 2017 12:45:46 PM entity.ConfigSegment select
INFOS: FROM ConfigSegment bp ORDER BY segment ASC
juil. 17, 2017 12:45:46 PM entity.ConfigWorkplace select
INFOS: FROM ConfigWorkplace bp ORDER BY workplace ASC
juil. 17, 2017 12:45:46 PM entity.ConfigSegment select
INFOS: FROM ConfigSegment bp ORDER BY segment ASC
juil. 17, 2017 12:45:46 PM entity.ConfigWorkplace select
INFOS: FROM ConfigWorkplace bp ORDER BY workplace ASC
juil. 17, 2017 12:45:46 PM entity.ConfigSegment select
INFOS: FROM ConfigSegment bp ORDER BY segment ASC
juil. 17, 2017 12:45:46 PM entity.ConfigWorkplace select
INFOS: FROM ConfigWorkplace bp ORDER BY workplace ASC
juil. 17, 2017 12:45:52 PM entity.ConfigSegment select
INFOS: FROM ConfigSegment bp ORDER BY segment ASC
juil. 17, 2017 12:45:52 PM entity.ConfigWorkplace select
INFOS: FROM ConfigWorkplace bp ORDER BY workplace ASC
juil. 17, 2017 12:45:58 PM entity.ConfigSegment select
INFOS: FROM ConfigSegment bp ORDER BY segment ASC
juil. 17, 2017 12:45:58 PM entity.ConfigWorkplace select
INFOS: FROM ConfigWorkplace bp ORDER BY workplace ASC
juil. 17, 2017 12:45:58 PM entity.ConfigSegment select
INFOS: FROM ConfigSegment bp ORDER BY segment ASC
juil. 17, 2017 12:45:58 PM entity.ConfigWorkplace select
INFOS: FROM ConfigWorkplace bp ORDER BY workplace ASC
juil. 17, 2017 12:46:00 PM entity.ConfigSegment select
INFOS: FROM ConfigSegment bp ORDER BY segment ASC
juil. 17, 2017 12:46:00 PM entity.ConfigWorkplace select
INFOS: FROM ConfigWorkplace bp ORDER BY workplace ASC
juil. 17, 2017 12:46:10 PM entity.ConfigSegment select
INFOS: FROM ConfigSegment bp ORDER BY segment ASC
juil. 17, 2017 12:46:10 PM entity.ConfigWorkplace select
INFOS: FROM ConfigWorkplace bp ORDER BY workplace ASC
juil. 17, 2017 12:55:40 PM entity.ConfigSegment select
INFOS: FROM ConfigSegment bp ORDER BY segment ASC
juil. 17, 2017 12:55:40 PM entity.ConfigWorkplace select
INFOS: FROM ConfigWorkplace bp ORDER BY workplace ASC
juil. 17, 2017 12:55:51 PM entity.ConfigSegment select
INFOS: FROM ConfigSegment bp ORDER BY segment ASC
juil. 17, 2017 12:55:51 PM entity.ConfigSegment select
INFOS: FROM ConfigSegment bp ORDER BY segment ASC
juil. 17, 2017 12:55:51 PM entity.ConfigWorkplace select
INFOS: FROM ConfigWorkplace bp ORDER BY workplace ASC
juil. 17, 2017 12:56:00 PM entity.ConfigSegment select
INFOS: FROM ConfigSegment bp ORDER BY segment ASC
juil. 17, 2017 12:56:00 PM entity.ConfigWorkplace select
INFOS: FROM ConfigWorkplace bp ORDER BY workplace ASC
juil. 17, 2017 12:56:02 PM entity.ConfigSegment select
INFOS: FROM ConfigSegment bp ORDER BY segment ASC
juil. 17, 2017 12:56:02 PM entity.ConfigWorkplace select
INFOS: FROM ConfigWorkplace bp ORDER BY workplace ASC
juil. 17, 2017 12:56:02 PM entity.ConfigSegment select
INFOS: FROM ConfigSegment bp ORDER BY segment ASC
juil. 17, 2017 12:56:02 PM entity.ConfigWorkplace select
INFOS: FROM ConfigWorkplace bp ORDER BY workplace ASC
juil. 17, 2017 12:56:03 PM entity.ConfigSegment select
INFOS: FROM ConfigSegment bp ORDER BY segment ASC
juil. 17, 2017 12:56:03 PM entity.ConfigWorkplace select
INFOS: FROM ConfigWorkplace bp ORDER BY workplace ASC
juil. 17, 2017 12:56:06 PM entity.ConfigSegment select
INFOS: FROM ConfigSegment bp ORDER BY segment ASC
juil. 17, 2017 12:56:13 PM entity.ConfigSegment select
INFOS: FROM ConfigSegment bp ORDER BY segment ASC
juil. 17, 2017 12:56:13 PM entity.ConfigWorkplace select
INFOS: FROM ConfigWorkplace bp ORDER BY workplace ASC
juil. 17, 2017 12:56:15 PM entity.ConfigSegment select
INFOS: FROM ConfigSegment bp ORDER BY segment ASC
juil. 17, 2017 12:56:15 PM entity.ConfigWorkplace select
INFOS: FROM ConfigWorkplace bp ORDER BY workplace ASC
juil. 17, 2017 12:56:17 PM entity.ConfigSegment select
INFOS: FROM ConfigSegment bp ORDER BY segment ASC
juil. 17, 2017 12:56:17 PM entity.ConfigWorkplace select
INFOS: FROM ConfigWorkplace bp ORDER BY workplace ASC
juil. 17, 2017 12:56:20 PM entity.ConfigSegment select
INFOS: FROM ConfigSegment bp ORDER BY segment ASC
juil. 17, 2017 12:56:20 PM entity.ConfigWorkplace select
INFOS: FROM ConfigWorkplace bp ORDER BY workplace ASC
juil. 17, 2017 12:56:21 PM entity.ConfigSegment select
INFOS: FROM ConfigSegment bp ORDER BY segment ASC
juil. 17, 2017 12:56:21 PM entity.ConfigWorkplace select
INFOS: FROM ConfigWorkplace bp ORDER BY workplace ASC
juil. 17, 2017 12:56:23 PM entity.ConfigSegment select
INFOS: FROM ConfigSegment bp ORDER BY segment ASC
juil. 17, 2017 12:56:23 PM entity.ConfigWorkplace select
INFOS: FROM ConfigWorkplace bp ORDER BY workplace ASC
juil. 17, 2017 1:00:52 PM helper.Helper InitDailyDestPrintDir
INFOS: Print directory [.\print\2017_07_17] already exist!
Print sub directory [.\print\2017_07_17.\open_sheet] already exist!
Print sub directory [.\print\2017_07_17.\closing_sheet] already exist!
Print sub directory [.\print\2017_07_17.\picking_label] already exist!
Print sub directory [.\print\2017_07_17.\dispatch_label] already exist!

juil. 17, 2017 1:00:53 PM gui.packaging.PACKAGING_UI0001_Main loadBarcodeConfig
INFOS: FROM ConfigBarcode cb WHERE cb.keyWord = :keyWord ORDER BY id ASC
juil. 17, 2017 1:00:54 PM entity.ConfigProject select
INFOS: FROM ConfigProject bp ORDER BY harnessType ASC
juil. 17, 2017 1:00:54 PM entity.ConfigProject select
INFOS: FROM ConfigProject bp ORDER BY harnessType ASC
juil. 17, 2017 1:00:56 PM entity.ConfigSegment select
INFOS: FROM ConfigSegment bp ORDER BY segment ASC
juil. 17, 2017 1:00:56 PM entity.ConfigSegment select
INFOS: FROM ConfigSegment bp ORDER BY segment ASC
juil. 17, 2017 1:00:56 PM entity.ConfigWorkplace select
INFOS: FROM ConfigWorkplace bp ORDER BY workplace ASC
juil. 17, 2017 1:00:59 PM entity.ConfigSegment select
INFOS: FROM ConfigSegment bp ORDER BY segment ASC
juil. 17, 2017 1:01:00 PM entity.ConfigSegment select
INFOS: FROM ConfigSegment bp ORDER BY segment ASC
juil. 17, 2017 1:01:00 PM entity.ConfigWorkplace select
INFOS: FROM ConfigWorkplace bp ORDER BY workplace ASC
juil. 17, 2017 1:01:06 PM entity.ConfigSegment select
INFOS: FROM ConfigSegment bp ORDER BY segment ASC
juil. 17, 2017 1:01:06 PM entity.ConfigWorkplace select
INFOS: FROM ConfigWorkplace bp ORDER BY workplace ASC
juil. 17, 2017 1:01:07 PM entity.ConfigSegment select
INFOS: FROM ConfigSegment bp ORDER BY segment ASC
juil. 17, 2017 1:01:07 PM entity.ConfigWorkplace select
INFOS: FROM ConfigWorkplace bp ORDER BY workplace ASC
juil. 17, 2017 1:13:59 PM helper.Helper InitDailyDestPrintDir
INFOS: Print directory [.\print\2017_07_17] already exist!
Print sub directory [.\print\2017_07_17.\open_sheet] already exist!
Print sub directory [.\print\2017_07_17.\closing_sheet] already exist!
Print sub directory [.\print\2017_07_17.\picking_label] already exist!
Print sub directory [.\print\2017_07_17.\dispatch_label] already exist!

juil. 17, 2017 1:14:01 PM gui.packaging.PACKAGING_UI0001_Main loadBarcodeConfig
INFOS: FROM ConfigBarcode cb WHERE cb.keyWord = :keyWord ORDER BY id ASC
juil. 17, 2017 1:14:01 PM entity.ConfigProject select
INFOS: FROM ConfigProject bp ORDER BY harnessType ASC
juil. 17, 2017 1:14:01 PM entity.ConfigProject select
INFOS: FROM ConfigProject bp ORDER BY harnessType ASC
juil. 17, 2017 1:14:03 PM entity.ConfigSegment select
INFOS: FROM ConfigSegment bp ORDER BY segment ASC
juil. 17, 2017 1:14:03 PM entity.ConfigSegment select
INFOS: FROM ConfigSegment bp ORDER BY segment ASC
juil. 17, 2017 1:14:03 PM entity.ConfigWorkplace select
INFOS: FROM ConfigWorkplace bp ORDER BY workplace ASC
juil. 17, 2017 1:14:04 PM entity.ConfigSegment select
INFOS: FROM ConfigSegment bp ORDER BY segment ASC
juil. 17, 2017 1:14:04 PM entity.ConfigWorkplace select
INFOS: FROM ConfigWorkplace bp ORDER BY workplace ASC
juil. 17, 2017 1:14:10 PM entity.ConfigSegment select
INFOS: FROM ConfigSegment bp ORDER BY segment ASC
juil. 17, 2017 1:14:10 PM entity.ConfigWorkplace select
INFOS: FROM ConfigWorkplace bp ORDER BY workplace ASC
juil. 17, 2017 1:14:21 PM entity.ConfigSegment select
INFOS: FROM ConfigSegment bp ORDER BY segment ASC
juil. 17, 2017 1:14:21 PM entity.ConfigWorkplace select
INFOS: FROM ConfigWorkplace bp ORDER BY workplace ASC
juil. 17, 2017 1:14:24 PM entity.ConfigSegment select
INFOS: FROM ConfigSegment bp ORDER BY segment ASC
juil. 17, 2017 1:14:24 PM entity.ConfigWorkplace select
INFOS: FROM ConfigWorkplace bp ORDER BY workplace ASC
juil. 17, 2017 1:14:27 PM entity.ConfigSegment select
INFOS: FROM ConfigSegment bp ORDER BY segment ASC
juil. 17, 2017 1:14:27 PM entity.ConfigWorkplace select
INFOS: FROM ConfigWorkplace bp ORDER BY workplace ASC
juil. 17, 2017 1:14:27 PM entity.ConfigSegment select
INFOS: FROM ConfigSegment bp ORDER BY segment ASC
juil. 17, 2017 1:14:27 PM entity.ConfigWorkplace select
INFOS: FROM ConfigWorkplace bp ORDER BY workplace ASC
juil. 17, 2017 1:14:29 PM entity.ConfigSegment select
INFOS: FROM ConfigSegment bp ORDER BY segment ASC
juil. 17, 2017 1:14:29 PM entity.ConfigWorkplace select
INFOS: FROM ConfigWorkplace bp ORDER BY workplace ASC
juil. 17, 2017 1:14:40 PM entity.ConfigSegment select
INFOS: FROM ConfigSegment bp ORDER BY segment ASC
juil. 17, 2017 1:14:40 PM entity.ConfigWorkplace select
INFOS: FROM ConfigWorkplace bp ORDER BY workplace ASC
juil. 17, 2017 1:15:25 PM entity.ConfigSegment select
INFOS: FROM ConfigSegment bp ORDER BY segment ASC
juil. 17, 2017 1:15:25 PM entity.ConfigWorkplace select
INFOS: FROM ConfigWorkplace bp ORDER BY workplace ASC
juil. 17, 2017 1:15:28 PM entity.ConfigSegment select
INFOS: FROM ConfigSegment bp ORDER BY segment ASC
juil. 17, 2017 1:15:28 PM entity.ConfigWorkplace select
INFOS: FROM ConfigWorkplace bp ORDER BY workplace ASC
juil. 17, 2017 1:15:48 PM entity.ConfigSegment select
INFOS: FROM ConfigSegment bp ORDER BY segment ASC
juil. 17, 2017 1:15:48 PM entity.ConfigWorkplace select
INFOS: FROM ConfigWorkplace bp ORDER BY workplace ASC
juil. 17, 2017 1:15:51 PM entity.ConfigSegment select
INFOS: FROM ConfigSegment bp ORDER BY segment ASC
juil. 17, 2017 1:15:51 PM entity.ConfigWorkplace select
INFOS: FROM ConfigWorkplace bp ORDER BY workplace ASC
juil. 17, 2017 1:17:24 PM entity.ConfigWorkplace selectBySegment
INFOS: FROM ConfigWorkplace bp WHERE segment = :segment ORDER BY workplace ASC
juil. 17, 2017 1:17:24 PM entity.ConfigWorkplace selectBySegment
INFOS: FROM ConfigWorkplace bp WHERE segment = :segment ORDER BY workplace ASC
juil. 17, 2017 1:17:24 PM entity.ConfigWorkplace selectBySegment
INFOS: FROM ConfigWorkplace bp WHERE segment = :segment ORDER BY workplace ASC
juil. 17, 2017 1:17:24 PM entity.ConfigWorkplace selectBySegment
INFOS: FROM ConfigWorkplace bp WHERE segment = :segment ORDER BY workplace ASC
juil. 17, 2017 1:17:24 PM entity.ConfigWorkplace selectBySegment
INFOS: FROM ConfigWorkplace bp WHERE segment = :segment ORDER BY workplace ASC
juil. 17, 2017 1:17:24 PM entity.ConfigWorkplace selectBySegment
INFOS: FROM ConfigWorkplace bp WHERE segment = :segment ORDER BY workplace ASC
juil. 17, 2017 1:17:27 PM entity.ConfigWorkplace selectBySegment
INFOS: FROM ConfigWorkplace bp WHERE segment = :segment ORDER BY workplace ASC
juil. 17, 2017 1:17:27 PM entity.ConfigWorkplace selectBySegment
INFOS: FROM ConfigWorkplace bp WHERE segment = :segment ORDER BY workplace ASC
juil. 17, 2017 1:17:27 PM entity.ConfigWorkplace selectBySegment
INFOS: FROM ConfigWorkplace bp WHERE segment = :segment ORDER BY workplace ASC
juil. 17, 2017 1:17:27 PM entity.ConfigWorkplace selectBySegment
INFOS: FROM ConfigWorkplace bp WHERE segment = :segment ORDER BY workplace ASC
juil. 17, 2017 1:17:27 PM entity.ConfigWorkplace selectBySegment
INFOS: FROM ConfigWorkplace bp WHERE segment = :segment ORDER BY workplace ASC
juil. 17, 2017 1:17:27 PM entity.ConfigWorkplace selectBySegment
INFOS: FROM ConfigWorkplace bp WHERE segment = :segment ORDER BY workplace ASC
juil. 17, 2017 1:19:38 PM entity.ConfigWorkplace selectBySegment
INFOS: FROM ConfigWorkplace bp WHERE segment = :segment ORDER BY workplace ASC
juil. 17, 2017 1:23:55 PM entity.ConfigWorkplace selectBySegment
INFOS: FROM ConfigWorkplace bp WHERE segment = :segment ORDER BY workplace ASC
juil. 17, 2017 1:23:56 PM entity.ConfigWorkplace selectBySegment
INFOS: FROM ConfigWorkplace bp WHERE segment = :segment ORDER BY workplace ASC
juil. 17, 2017 1:23:57 PM entity.ConfigWorkplace selectBySegment
INFOS: FROM ConfigWorkplace bp WHERE segment = :segment ORDER BY workplace ASC
juil. 17, 2017 1:23:57 PM entity.ConfigWorkplace selectBySegment
INFOS: FROM ConfigWorkplace bp WHERE segment = :segment ORDER BY workplace ASC
juil. 17, 2017 1:24:01 PM entity.ConfigWorkplace selectBySegment
INFOS: FROM ConfigWorkplace bp WHERE segment = :segment ORDER BY workplace ASC
juil. 17, 2017 1:24:01 PM entity.ConfigWorkplace selectBySegment
INFOS: FROM ConfigWorkplace bp WHERE segment = :segment ORDER BY workplace ASC
juil. 17, 2017 1:24:01 PM entity.ConfigWorkplace selectBySegment
INFOS: FROM ConfigWorkplace bp WHERE segment = :segment ORDER BY workplace ASC
juil. 17, 2017 1:24:01 PM entity.ConfigWorkplace selectBySegment
INFOS: FROM ConfigWorkplace bp WHERE segment = :segment ORDER BY workplace ASC
juil. 17, 2017 1:24:01 PM entity.ConfigWorkplace selectBySegment
INFOS: FROM ConfigWorkplace bp WHERE segment = :segment ORDER BY workplace ASC
juil. 17, 2017 1:24:01 PM entity.ConfigWorkplace selectBySegment
INFOS: FROM ConfigWorkplace bp WHERE segment = :segment ORDER BY workplace ASC
juil. 17, 2017 1:24:05 PM entity.ConfigSegment select
INFOS: FROM ConfigSegment bp ORDER BY segment ASC
juil. 17, 2017 1:24:05 PM entity.ConfigWorkplace select
INFOS: FROM ConfigWorkplace bp ORDER BY workplace ASC
juil. 17, 2017 1:24:05 PM entity.ConfigSegment select
INFOS: FROM ConfigSegment bp ORDER BY segment ASC
juil. 17, 2017 1:24:05 PM entity.ConfigWorkplace select
INFOS: FROM ConfigWorkplace bp ORDER BY workplace ASC
juil. 17, 2017 1:24:06 PM entity.ConfigSegment select
INFOS: FROM ConfigSegment bp ORDER BY segment ASC
juil. 17, 2017 1:24:06 PM entity.ConfigWorkplace select
INFOS: FROM ConfigWorkplace bp ORDER BY workplace ASC
juil. 17, 2017 1:24:07 PM entity.ConfigSegment select
INFOS: FROM ConfigSegment bp ORDER BY segment ASC
juil. 17, 2017 1:24:07 PM entity.ConfigWorkplace select
INFOS: FROM ConfigWorkplace bp ORDER BY workplace ASC
juil. 17, 2017 1:24:07 PM entity.ConfigSegment select
INFOS: FROM ConfigSegment bp ORDER BY segment ASC
juil. 17, 2017 1:24:07 PM entity.ConfigWorkplace select
INFOS: FROM ConfigWorkplace bp ORDER BY workplace ASC
juil. 17, 2017 1:24:08 PM entity.ConfigSegment select
INFOS: FROM ConfigSegment bp ORDER BY segment ASC
juil. 17, 2017 1:24:08 PM entity.ConfigWorkplace select
INFOS: FROM ConfigWorkplace bp ORDER BY workplace ASC
juil. 17, 2017 1:24:10 PM entity.ConfigSegment select
INFOS: FROM ConfigSegment bp ORDER BY segment ASC
juil. 17, 2017 1:24:10 PM entity.ConfigWorkplace select
INFOS: FROM ConfigWorkplace bp ORDER BY workplace ASC
juil. 17, 2017 1:24:16 PM entity.ConfigSegment select
INFOS: FROM ConfigSegment bp ORDER BY segment ASC
juil. 17, 2017 1:24:16 PM entity.ConfigWorkplace select
INFOS: FROM ConfigWorkplace bp ORDER BY workplace ASC
juil. 17, 2017 1:24:18 PM entity.ConfigSegment select
INFOS: FROM ConfigSegment bp ORDER BY segment ASC
juil. 17, 2017 1:24:18 PM entity.ConfigWorkplace select
INFOS: FROM ConfigWorkplace bp ORDER BY workplace ASC
juil. 17, 2017 3:14:14 PM helper.Helper InitDailyDestPrintDir
INFOS: Print directory [.\print\2017_07_17] already exist!
Print sub directory [.\print\2017_07_17.\open_sheet] already exist!
Print sub directory [.\print\2017_07_17.\closing_sheet] already exist!
Print sub directory [.\print\2017_07_17.\picking_label] already exist!
Print sub directory [.\print\2017_07_17.\dispatch_label] already exist!

juil. 17, 2017 3:16:27 PM gui.packaging.PACKAGING_UI0001_Main loadBarcodeConfig
INFOS: FROM ConfigBarcode cb WHERE cb.keyWord = :keyWord ORDER BY id ASC
juil. 17, 2017 3:16:27 PM entity.ConfigProject select
INFOS: FROM ConfigProject bp ORDER BY harnessType ASC
juil. 17, 2017 3:16:27 PM entity.ConfigProject select
INFOS: FROM ConfigProject bp ORDER BY harnessType ASC
juil. 17, 2017 3:16:28 PM entity.ConfigSegment select
INFOS: FROM ConfigSegment bp ORDER BY segment ASC
juil. 17, 2017 3:16:28 PM entity.ConfigSegment select
INFOS: FROM ConfigSegment bp ORDER BY segment ASC
juil. 17, 2017 3:16:28 PM entity.ConfigWorkplace select
INFOS: FROM ConfigWorkplace bp ORDER BY workplace ASC
juil. 17, 2017 3:16:31 PM entity.ConfigWorkplace selectBySegment
INFOS: FROM ConfigWorkplace bp WHERE segment = :segment ORDER BY workplace ASC
juil. 17, 2017 3:16:31 PM entity.ConfigWorkplace selectBySegment
INFOS: FROM ConfigWorkplace bp WHERE segment = :segment ORDER BY workplace ASC
juil. 17, 2017 3:16:31 PM entity.ConfigWorkplace selectBySegment
INFOS: FROM ConfigWorkplace bp WHERE segment = :segment ORDER BY workplace ASC
juil. 17, 2017 3:16:32 PM entity.ConfigWorkplace selectBySegment
INFOS: FROM ConfigWorkplace bp WHERE segment = :segment ORDER BY workplace ASC
juil. 17, 2017 3:16:32 PM entity.ConfigWorkplace selectBySegment
INFOS: FROM ConfigWorkplace bp WHERE segment = :segment ORDER BY workplace ASC
juil. 17, 2017 3:16:32 PM entity.ConfigWorkplace selectBySegment
INFOS: FROM ConfigWorkplace bp WHERE segment = :segment ORDER BY workplace ASC
juil. 17, 2017 3:16:35 PM entity.ConfigWorkplace selectBySegment
INFOS: FROM ConfigWorkplace bp WHERE segment = :segment ORDER BY workplace ASC
juil. 17, 2017 3:16:35 PM entity.ConfigWorkplace selectBySegment
INFOS: FROM ConfigWorkplace bp WHERE segment = :segment ORDER BY workplace ASC
juil. 17, 2017 3:16:35 PM entity.ConfigWorkplace selectBySegment
INFOS: FROM ConfigWorkplace bp WHERE segment = :segment ORDER BY workplace ASC
juil. 17, 2017 3:16:35 PM entity.ConfigWorkplace selectBySegment
INFOS: FROM ConfigWorkplace bp WHERE segment = :segment ORDER BY workplace ASC
juil. 17, 2017 3:16:35 PM entity.ConfigWorkplace selectBySegment
INFOS: FROM ConfigWorkplace bp WHERE segment = :segment ORDER BY workplace ASC
juil. 17, 2017 3:16:35 PM entity.ConfigWorkplace selectBySegment
INFOS: FROM ConfigWorkplace bp WHERE segment = :segment ORDER BY workplace ASC
juil. 17, 2017 3:16:39 PM entity.ConfigWorkplace selectBySegment
INFOS: FROM ConfigWorkplace bp WHERE segment = :segment ORDER BY workplace ASC
juil. 17, 2017 3:16:39 PM entity.ConfigWorkplace selectBySegment
INFOS: FROM ConfigWorkplace bp WHERE segment = :segment ORDER BY workplace ASC
juil. 17, 2017 3:16:39 PM entity.ConfigWorkplace selectBySegment
INFOS: FROM ConfigWorkplace bp WHERE segment = :segment ORDER BY workplace ASC
juil. 17, 2017 3:16:39 PM entity.ConfigWorkplace selectBySegment
INFOS: FROM ConfigWorkplace bp WHERE segment = :segment ORDER BY workplace ASC
juil. 17, 2017 3:16:39 PM entity.ConfigWorkplace selectBySegment
INFOS: FROM ConfigWorkplace bp WHERE segment = :segment ORDER BY workplace ASC
juil. 17, 2017 3:16:39 PM entity.ConfigWorkplace selectBySegment
INFOS: FROM ConfigWorkplace bp WHERE segment = :segment ORDER BY workplace ASC
juil. 17, 2017 3:16:45 PM entity.ConfigWorkplace selectBySegment
INFOS: FROM ConfigWorkplace bp WHERE segment = :segment ORDER BY workplace ASC
juil. 17, 2017 3:25:31 PM helper.Helper InitDailyDestPrintDir
INFOS: Print directory [.\print\2017_07_17] already exist!
Print sub directory [.\print\2017_07_17.\open_sheet] already exist!
Print sub directory [.\print\2017_07_17.\closing_sheet] already exist!
Print sub directory [.\print\2017_07_17.\picking_label] already exist!
Print sub directory [.\print\2017_07_17.\dispatch_label] already exist!

juil. 17, 2017 3:25:36 PM gui.packaging.PACKAGING_UI0001_Main loadBarcodeConfig
INFOS: FROM ConfigBarcode cb WHERE cb.keyWord = :keyWord ORDER BY id ASC
juil. 17, 2017 3:25:37 PM entity.ConfigProject select
INFOS: FROM ConfigProject bp ORDER BY harnessType ASC
juil. 17, 2017 3:25:37 PM entity.ConfigProject select
INFOS: FROM ConfigProject bp ORDER BY harnessType ASC
juil. 17, 2017 3:25:41 PM entity.ConfigSegment select
INFOS: FROM ConfigSegment bp ORDER BY segment ASC
juil. 17, 2017 3:25:41 PM entity.ConfigSegment select
INFOS: FROM ConfigSegment bp ORDER BY segment ASC
juil. 17, 2017 3:25:41 PM entity.ConfigWorkplace select
INFOS: FROM ConfigWorkplace bp ORDER BY workplace ASC
juil. 17, 2017 3:25:44 PM entity.ConfigWorkplace selectBySegment
INFOS: FROM ConfigWorkplace bp WHERE segment = :segment ORDER BY workplace ASC
juil. 17, 2017 3:25:45 PM entity.ConfigWorkplace selectBySegment
INFOS: FROM ConfigWorkplace bp WHERE segment = :segment ORDER BY workplace ASC
juil. 17, 2017 3:25:45 PM entity.ConfigWorkplace selectBySegment
INFOS: FROM ConfigWorkplace bp WHERE segment = :segment ORDER BY workplace ASC
juil. 17, 2017 3:25:45 PM entity.ConfigWorkplace selectBySegment
INFOS: FROM ConfigWorkplace bp WHERE segment = :segment ORDER BY workplace ASC
juil. 17, 2017 3:25:45 PM entity.ConfigWorkplace selectBySegment
INFOS: FROM ConfigWorkplace bp WHERE segment = :segment ORDER BY workplace ASC
juil. 17, 2017 3:25:45 PM entity.ConfigWorkplace selectBySegment
INFOS: FROM ConfigWorkplace bp WHERE segment = :segment ORDER BY workplace ASC
juil. 17, 2017 3:25:49 PM entity.ConfigWorkplace selectBySegment
INFOS: FROM ConfigWorkplace bp WHERE segment = :segment ORDER BY workplace ASC
juil. 17, 2017 3:25:50 PM entity.ConfigWorkplace selectBySegment
INFOS: FROM ConfigWorkplace bp WHERE segment = :segment ORDER BY workplace ASC
juil. 17, 2017 3:25:50 PM entity.ConfigWorkplace selectBySegment
INFOS: FROM ConfigWorkplace bp WHERE segment = :segment ORDER BY workplace ASC
juil. 17, 2017 3:25:50 PM entity.ConfigWorkplace selectBySegment
INFOS: FROM ConfigWorkplace bp WHERE segment = :segment ORDER BY workplace ASC
juil. 17, 2017 3:25:50 PM entity.ConfigWorkplace selectBySegment
INFOS: FROM ConfigWorkplace bp WHERE segment = :segment ORDER BY workplace ASC
juil. 17, 2017 3:25:50 PM entity.ConfigWorkplace selectBySegment
INFOS: FROM ConfigWorkplace bp WHERE segment = :segment ORDER BY workplace ASC
juil. 17, 2017 3:29:01 PM entity.ConfigWorkplace selectBySegment
INFOS: FROM ConfigWorkplace bp WHERE segment = :segment ORDER BY workplace ASC
juil. 17, 2017 3:29:26 PM helper.Helper InitDailyDestPrintDir
INFOS: Print directory [.\print\2017_07_17] already exist!
Print sub directory [.\print\2017_07_17.\open_sheet] already exist!
Print sub directory [.\print\2017_07_17.\closing_sheet] already exist!
Print sub directory [.\print\2017_07_17.\picking_label] already exist!
Print sub directory [.\print\2017_07_17.\dispatch_label] already exist!

juil. 17, 2017 3:29:27 PM gui.packaging.PACKAGING_UI0001_Main loadBarcodeConfig
INFOS: FROM ConfigBarcode cb WHERE cb.keyWord = :keyWord ORDER BY id ASC
juil. 17, 2017 3:29:27 PM entity.ConfigProject select
INFOS: FROM ConfigProject bp ORDER BY harnessType ASC
juil. 17, 2017 3:29:27 PM entity.ConfigProject select
INFOS: FROM ConfigProject bp ORDER BY harnessType ASC
juil. 17, 2017 3:29:29 PM entity.ConfigSegment select
INFOS: FROM ConfigSegment bp ORDER BY segment ASC
juil. 17, 2017 3:29:29 PM entity.ConfigSegment select
INFOS: FROM ConfigSegment bp ORDER BY segment ASC
juil. 17, 2017 3:29:29 PM entity.ConfigWorkplace select
INFOS: FROM ConfigWorkplace bp ORDER BY workplace ASC
juil. 17, 2017 3:29:32 PM entity.ConfigWorkplace selectBySegment
INFOS: FROM ConfigWorkplace bp WHERE segment = :segment ORDER BY workplace ASC
juil. 17, 2017 3:29:32 PM entity.ConfigWorkplace selectBySegment
INFOS: FROM ConfigWorkplace bp WHERE segment = :segment ORDER BY workplace ASC
juil. 17, 2017 3:29:32 PM entity.ConfigWorkplace selectBySegment
INFOS: FROM ConfigWorkplace bp WHERE segment = :segment ORDER BY workplace ASC
juil. 17, 2017 3:29:32 PM entity.ConfigWorkplace selectBySegment
INFOS: FROM ConfigWorkplace bp WHERE segment = :segment ORDER BY workplace ASC
juil. 17, 2017 3:29:33 PM entity.ConfigWorkplace selectBySegment
INFOS: FROM ConfigWorkplace bp WHERE segment = :segment ORDER BY workplace ASC
juil. 17, 2017 3:29:33 PM entity.ConfigWorkplace selectBySegment
INFOS: FROM ConfigWorkplace bp WHERE segment = :segment ORDER BY workplace ASC
juil. 17, 2017 3:29:37 PM entity.ConfigWorkplace selectBySegment
INFOS: FROM ConfigWorkplace bp WHERE segment = :segment ORDER BY workplace ASC
juil. 17, 2017 3:29:37 PM entity.ConfigWorkplace selectBySegment
INFOS: FROM ConfigWorkplace bp WHERE segment = :segment ORDER BY workplace ASC
juil. 17, 2017 3:29:37 PM entity.ConfigWorkplace selectBySegment
INFOS: FROM ConfigWorkplace bp WHERE segment = :segment ORDER BY workplace ASC
juil. 17, 2017 3:29:37 PM entity.ConfigWorkplace selectBySegment
INFOS: FROM ConfigWorkplace bp WHERE segment = :segment ORDER BY workplace ASC
juil. 17, 2017 3:29:37 PM entity.ConfigWorkplace selectBySegment
INFOS: FROM ConfigWorkplace bp WHERE segment = :segment ORDER BY workplace ASC
juil. 17, 2017 3:29:38 PM entity.ConfigWorkplace selectBySegment
INFOS: FROM ConfigWorkplace bp WHERE segment = :segment ORDER BY workplace ASC
juil. 17, 2017 3:29:41 PM entity.ConfigWorkplace selectBySegment
INFOS: FROM ConfigWorkplace bp WHERE segment = :segment ORDER BY workplace ASC
juil. 17, 2017 3:29:41 PM entity.ConfigWorkplace selectBySegment
INFOS: FROM ConfigWorkplace bp WHERE segment = :segment ORDER BY workplace ASC
juil. 17, 2017 3:29:41 PM entity.ConfigWorkplace selectBySegment
INFOS: FROM ConfigWorkplace bp WHERE segment = :segment ORDER BY workplace ASC
juil. 17, 2017 3:29:42 PM entity.ConfigWorkplace selectBySegment
INFOS: FROM ConfigWorkplace bp WHERE segment = :segment ORDER BY workplace ASC
juil. 17, 2017 3:29:42 PM entity.ConfigWorkplace selectBySegment
INFOS: FROM ConfigWorkplace bp WHERE segment = :segment ORDER BY workplace ASC
juil. 17, 2017 3:29:42 PM entity.ConfigWorkplace selectBySegment
INFOS: FROM ConfigWorkplace bp WHERE segment = :segment ORDER BY workplace ASC
juil. 17, 2017 3:30:11 PM entity.ConfigProject select
INFOS: FROM ConfigProject bp ORDER BY harnessType ASC
juil. 17, 2017 3:30:18 PM entity.ConfigSegment select
INFOS: FROM ConfigSegment bp ORDER BY segment ASC
juil. 17, 2017 3:30:18 PM entity.ConfigSegment select
INFOS: FROM ConfigSegment bp ORDER BY segment ASC
juil. 17, 2017 3:30:18 PM entity.ConfigWorkplace select
INFOS: FROM ConfigWorkplace bp ORDER BY workplace ASC
juil. 17, 2017 3:30:21 PM entity.ConfigWorkplace selectBySegment
INFOS: FROM ConfigWorkplace bp WHERE segment = :segment ORDER BY workplace ASC
juil. 17, 2017 3:30:21 PM entity.ConfigWorkplace selectBySegment
INFOS: FROM ConfigWorkplace bp WHERE segment = :segment ORDER BY workplace ASC
juil. 17, 2017 3:30:21 PM entity.ConfigWorkplace selectBySegment
INFOS: FROM ConfigWorkplace bp WHERE segment = :segment ORDER BY workplace ASC
juil. 17, 2017 3:30:22 PM entity.ConfigWorkplace selectBySegment
INFOS: FROM ConfigWorkplace bp WHERE segment = :segment ORDER BY workplace ASC
juil. 17, 2017 3:30:22 PM entity.ConfigWorkplace selectBySegment
INFOS: FROM ConfigWorkplace bp WHERE segment = :segment ORDER BY workplace ASC
juil. 17, 2017 3:30:22 PM entity.ConfigWorkplace selectBySegment
INFOS: FROM ConfigWorkplace bp WHERE segment = :segment ORDER BY workplace ASC
juil. 17, 2017 4:04:41 PM helper.Helper InitDailyDestPrintDir
INFOS: Print directory [.\print\2017_07_17] already exist!
Print sub directory [.\print\2017_07_17.\open_sheet] already exist!
Print sub directory [.\print\2017_07_17.\closing_sheet] already exist!
Print sub directory [.\print\2017_07_17.\picking_label] already exist!
Print sub directory [.\print\2017_07_17.\dispatch_label] already exist!

juil. 17, 2017 4:06:14 PM helper.Helper InitDailyDestPrintDir
INFOS: Print directory [.\print\2017_07_17] already exist!
Print sub directory [.\print\2017_07_17.\open_sheet] already exist!
Print sub directory [.\print\2017_07_17.\closing_sheet] already exist!
Print sub directory [.\print\2017_07_17.\picking_label] already exist!
Print sub directory [.\print\2017_07_17.\dispatch_label] already exist!

juil. 17, 2017 4:19:07 PM helper.Helper InitDailyDestPrintDir
INFOS: Print directory [.\print\2017_07_17] already exist!
Print sub directory [.\print\2017_07_17.\open_sheet] already exist!
Print sub directory [.\print\2017_07_17.\closing_sheet] already exist!
Print sub directory [.\print\2017_07_17.\picking_label] already exist!
Print sub directory [.\print\2017_07_17.\dispatch_label] already exist!

juil. 17, 2017 4:27:37 PM helper.Helper InitDailyDestPrintDir
INFOS: Print directory [.\print\2017_07_17] already exist!
Print sub directory [.\print\2017_07_17.\open_sheet] already exist!
Print sub directory [.\print\2017_07_17.\closing_sheet] already exist!
Print sub directory [.\print\2017_07_17.\picking_label] already exist!
Print sub directory [.\print\2017_07_17.\dispatch_label] already exist!

juil. 17, 2017 4:27:48 PM gui.warehouse_dispatch.WAREHOUSE_DISPATCH_UI0003_PasswordRequest connect
INFOS: User OUSSAMA EZZIOURI / ezou1001 connected to host WSMA7040 at 2017-07-17 16:27:48 Dispatch interface : .
juil. 17, 2017 4:50:18 PM helper.Helper InitDailyDestPrintDir
INFOS: Print directory [.\print\2017_07_17] already exist!
Print sub directory [.\print\2017_07_17.\open_sheet] already exist!
Print sub directory [.\print\2017_07_17.\closing_sheet] already exist!
Print sub directory [.\print\2017_07_17.\picking_label] already exist!
Print sub directory [.\print\2017_07_17.\dispatch_label] already exist!

juil. 17, 2017 4:54:21 PM helper.Helper InitDailyDestPrintDir
INFOS: Print directory [.\print\2017_07_17] already exist!
Print sub directory [.\print\2017_07_17.\open_sheet] already exist!
Print sub directory [.\print\2017_07_17.\closing_sheet] already exist!
Print sub directory [.\print\2017_07_17.\picking_label] already exist!
Print sub directory [.\print\2017_07_17.\dispatch_label] already exist!

