avr. 17, 2017 11:03:10 PM helper.Helper InitDailyDestPrintDir
INFOS: Print directory [.\print\2017_04_17] is created!
Print sub directory [.\print\2017_04_17.\open_sheet] is created!
Print sub directory [.\print\2017_04_17.\closing_sheet] is created!
Print sub directory [.\print\2017_04_17.\picking_label] is created!
Print sub directory [.\print\2017_04_17.\dispatch_label] is created!

avr. 17, 2017 11:03:18 PM gui.packaging.PACKAGING_UI0001_Main loadBarcodeConfig
INFOS: FROM ConfigBarcode cb WHERE cb.keyWord = :keyWord ORDER BY id ASC
avr. 17, 2017 11:03:22 PM entity.ConfigProject select
INFOS: FROM ConfigProject bp ORDER BY harnessType ASC
avr. 17, 2017 11:03:23 PM entity.ConfigProject select
INFOS: FROM ConfigProject bp ORDER BY harnessType ASC
avr. 17, 2017 11:03:37 PM entity.ConfigSegment select
INFOS: FROM ConfigSegment bp ORDER BY segment ASC
avr. 17, 2017 11:03:38 PM entity.ConfigSegment select
INFOS: FROM ConfigSegment bp ORDER BY segment ASC
avr. 17, 2017 11:03:38 PM entity.ConfigWorkplace select
INFOS: FROM ConfigWorkplace bp ORDER BY workplace ASC
avr. 17, 2017 11:03:41 PM entity.ConfigSegment select
INFOS: FROM ConfigSegment bp ORDER BY segment ASC
avr. 17, 2017 11:03:41 PM entity.ConfigWorkplace select
INFOS: FROM ConfigWorkplace bp ORDER BY workplace ASC
avr. 17, 2017 11:03:41 PM entity.ConfigSegment select
INFOS: FROM ConfigSegment bp ORDER BY segment ASC
avr. 17, 2017 11:03:41 PM entity.ConfigWorkplace select
INFOS: FROM ConfigWorkplace bp ORDER BY workplace ASC
avr. 17, 2017 11:03:44 PM entity.ConfigSegment select
INFOS: FROM ConfigSegment bp ORDER BY segment ASC
avr. 17, 2017 11:03:44 PM entity.ConfigWorkplace select
INFOS: FROM ConfigWorkplace bp ORDER BY workplace ASC
avr. 17, 2017 11:06:17 PM entity.BaseContainer checkContainerByState
INFOS: Searching Container [200004465] in BaseContainer.
avr. 17, 2017 11:06:17 PM entity.BaseContainer checkContainerByState
INFOS: FROM BaseContainer bc WHERE bc.palletNumber = :palletNumber AND bc.containerState = :state
avr. 17, 2017 11:09:33 PM helper.Helper InitDailyDestPrintDir
INFOS: Print directory [.\print\2017_04_17] already exist!
Print sub directory [.\print\2017_04_17.\open_sheet] already exist!
Print sub directory [.\print\2017_04_17.\closing_sheet] already exist!
Print sub directory [.\print\2017_04_17.\picking_label] already exist!
Print sub directory [.\print\2017_04_17.\dispatch_label] already exist!

avr. 17, 2017 11:10:32 PM entity.BaseContainer checkContainerByState
INFOS: Searching Container [200004882] in BaseContainer.
avr. 17, 2017 11:10:33 PM entity.BaseContainer checkContainerByState
INFOS: FROM BaseContainer bc WHERE bc.palletNumber = :palletNumber AND bc.containerState = :state
avr. 17, 2017 11:19:33 PM helper.Helper InitDailyDestPrintDir
INFOS: Print directory [.\print\2017_04_17] already exist!
Print sub directory [.\print\2017_04_17.\open_sheet] already exist!
Print sub directory [.\print\2017_04_17.\closing_sheet] already exist!
Print sub directory [.\print\2017_04_17.\picking_label] already exist!
Print sub directory [.\print\2017_04_17.\dispatch_label] already exist!

avr. 17, 2017 11:20:00 PM entity.BaseContainer checkContainerByState
INFOS: Searching Container [200005493] in BaseContainer.
avr. 17, 2017 11:20:00 PM entity.BaseContainer checkContainerByState
INFOS: FROM BaseContainer bc WHERE bc.palletNumber = :palletNumber AND bc.containerState = :state
avr. 17, 2017 11:20:15 PM entity.BaseContainer checkContainerByState
INFOS: Searching Container [200005496] in BaseContainer.
avr. 17, 2017 11:20:15 PM entity.BaseContainer checkContainerByState
INFOS: FROM BaseContainer bc WHERE bc.palletNumber = :palletNumber AND bc.containerState = :state
avr. 17, 2017 11:35:19 PM helper.Helper InitDailyDestPrintDir
INFOS: Print directory [.\print\2017_04_17] already exist!
Print sub directory [.\print\2017_04_17.\open_sheet] already exist!
Print sub directory [.\print\2017_04_17.\closing_sheet] already exist!
Print sub directory [.\print\2017_04_17.\picking_label] already exist!
Print sub directory [.\print\2017_04_17.\dispatch_label] already exist!

avr. 17, 2017 11:35:27 PM gui.config.CONFIG_UI0000_AdminPassword checkLoginAndPass
INFOS: User Admin   / 9999 connected to host O-EZZIOURI at 2017-04-17 23:35:27 Module : Planner.
avr. 17, 2017 11:35:27 PM entity.PackagingConfig selectAllMasterPack
INFOS: FROM PackagingMaster pm ORDER BY pm.packMaster ASC
avr. 17, 2017 11:38:38 PM helper.Helper InitDailyDestPrintDir
INFOS: Print directory [.\print\2017_04_17] already exist!
Print sub directory [.\print\2017_04_17.\open_sheet] already exist!
Print sub directory [.\print\2017_04_17.\closing_sheet] already exist!
Print sub directory [.\print\2017_04_17.\picking_label] already exist!
Print sub directory [.\print\2017_04_17.\dispatch_label] already exist!

avr. 17, 2017 11:38:51 PM gui.config.CONFIG_UI0000_AdminPassword checkLoginAndPass
INFOS: User Admin   / 9999 connected to host O-EZZIOURI at 2017-04-17 23:38:51 Module : Planner.
avr. 17, 2017 11:38:51 PM entity.PackagingConfig selectAllMasterPack
INFOS: FROM PackagingConfig pc GROUP BY packMaster ORDER BY pack_Master ASC
avr. 17, 2017 11:39:16 PM helper.Helper InitDailyDestPrintDir
INFOS: Print directory [.\print\2017_04_17] already exist!
Print sub directory [.\print\2017_04_17.\open_sheet] already exist!
Print sub directory [.\print\2017_04_17.\closing_sheet] already exist!
Print sub directory [.\print\2017_04_17.\picking_label] already exist!
Print sub directory [.\print\2017_04_17.\dispatch_label] already exist!

avr. 17, 2017 11:39:22 PM gui.config.CONFIG_UI0000_AdminPassword checkLoginAndPass
INFOS: User Admin   / 9999 connected to host O-EZZIOURI at 2017-04-17 23:39:22 Module : Planner.
avr. 17, 2017 11:39:22 PM entity.PackagingConfig selectAllMasterPack
INFOS: FROM PackagingConfig pc GROUP BY packMaster ORDER BY pack_Master ASC
avr. 17, 2017 11:39:54 PM helper.Helper InitDailyDestPrintDir
INFOS: Print directory [.\print\2017_04_17] already exist!
Print sub directory [.\print\2017_04_17.\open_sheet] already exist!
Print sub directory [.\print\2017_04_17.\closing_sheet] already exist!
Print sub directory [.\print\2017_04_17.\picking_label] already exist!
Print sub directory [.\print\2017_04_17.\dispatch_label] already exist!

avr. 17, 2017 11:39:59 PM gui.config.CONFIG_UI0000_AdminPassword checkLoginAndPass
INFOS: User Admin   / 9999 connected to host O-EZZIOURI at 2017-04-17 23:39:59 Module : Planner.
avr. 17, 2017 11:39:59 PM entity.PackagingConfig selectAllMasterPack
INFOS: FROM PackagingConfig pc GROUP BY packMaster ORDER BY pack_Master ASC
avr. 17, 2017 11:40:32 PM helper.Helper InitDailyDestPrintDir
INFOS: Print directory [.\print\2017_04_17] already exist!
Print sub directory [.\print\2017_04_17.\open_sheet] already exist!
Print sub directory [.\print\2017_04_17.\closing_sheet] already exist!
Print sub directory [.\print\2017_04_17.\picking_label] already exist!
Print sub directory [.\print\2017_04_17.\dispatch_label] already exist!

avr. 17, 2017 11:40:39 PM gui.config.CONFIG_UI0000_AdminPassword checkLoginAndPass
INFOS: User Admin   / 9999 connected to host O-EZZIOURI at 2017-04-17 23:40:39 Module : Planner.
avr. 17, 2017 11:40:39 PM entity.PackagingConfig selectAllMasterPack
INFOS: FROM PackagingConfig pc ORDER BY pack_Master ASC
avr. 17, 2017 11:40:39 PM entity.ConfigSegment select
INFOS: FROM ConfigSegment bp ORDER BY segment ASC
avr. 17, 2017 11:40:39 PM entity.ConfigWorkplace selectBySegment
INFOS: FROM ConfigWorkplace bp WHERE segment = :segment ORDER BY workplace ASC
avr. 17, 2017 11:40:39 PM entity.ConfigProject select
INFOS: FROM ConfigProject bp ORDER BY harnessType ASC
avr. 17, 2017 11:41:24 PM helper.Helper InitDailyDestPrintDir
INFOS: Print directory [.\print\2017_04_17] already exist!
Print sub directory [.\print\2017_04_17.\open_sheet] already exist!
Print sub directory [.\print\2017_04_17.\closing_sheet] already exist!
Print sub directory [.\print\2017_04_17.\picking_label] already exist!
Print sub directory [.\print\2017_04_17.\dispatch_label] already exist!

avr. 17, 2017 11:41:36 PM gui.config.CONFIG_UI0000_AdminPassword checkLoginAndPass
INFOS: User Admin   / 9999 connected to host O-EZZIOURI at 2017-04-17 23:41:36 Module : Planner.
avr. 17, 2017 11:41:36 PM entity.PackagingConfig selectAllMasterPack
INFOS: FROM PackagingConfig pc ORDER BY pack_Master ASC
avr. 17, 2017 11:41:36 PM entity.ConfigSegment select
INFOS: FROM ConfigSegment bp ORDER BY segment ASC
avr. 17, 2017 11:41:36 PM entity.ConfigWorkplace selectBySegment
INFOS: FROM ConfigWorkplace bp WHERE segment = :segment ORDER BY workplace ASC
avr. 17, 2017 11:41:36 PM entity.ConfigProject select
INFOS: FROM ConfigProject bp ORDER BY harnessType ASC
avr. 17, 2017 11:44:10 PM helper.Helper InitDailyDestPrintDir
INFOS: Print directory [.\print\2017_04_17] already exist!
Print sub directory [.\print\2017_04_17.\open_sheet] already exist!
Print sub directory [.\print\2017_04_17.\closing_sheet] already exist!
Print sub directory [.\print\2017_04_17.\picking_label] already exist!
Print sub directory [.\print\2017_04_17.\dispatch_label] already exist!

avr. 17, 2017 11:44:34 PM gui.config.CONFIG_UI0000_AdminPassword checkLoginAndPass
INFOS: User Admin   / 9999 connected to host O-EZZIOURI at 2017-04-17 23:44:34 Module : Planner.
avr. 17, 2017 11:45:37 PM helper.Helper InitDailyDestPrintDir
INFOS: Print directory [.\print\2017_04_17] already exist!
Print sub directory [.\print\2017_04_17.\open_sheet] already exist!
Print sub directory [.\print\2017_04_17.\closing_sheet] already exist!
Print sub directory [.\print\2017_04_17.\picking_label] already exist!
Print sub directory [.\print\2017_04_17.\dispatch_label] already exist!

avr. 17, 2017 11:46:48 PM gui.config.CONFIG_UI0000_AdminPassword checkLoginAndPass
INFOS: User Admin   / 9999 connected to host O-EZZIOURI at 2017-04-17 23:46:48 Module : Planner.
avr. 17, 2017 11:46:48 PM entity.ConfigSegment select
INFOS: FROM ConfigSegment bp ORDER BY segment ASC
avr. 17, 2017 11:46:48 PM entity.ConfigWorkplace selectBySegment
INFOS: FROM ConfigWorkplace bp WHERE segment = :segment ORDER BY workplace ASC
avr. 17, 2017 11:46:48 PM entity.ConfigProject select
INFOS: FROM ConfigProject bp ORDER BY harnessType ASC
avr. 17, 2017 11:46:57 PM entity.ConfigWorkplace selectBySegment
INFOS: FROM ConfigWorkplace bp WHERE segment = :segment ORDER BY workplace ASC
avr. 17, 2017 11:46:57 PM entity.ConfigWorkplace selectBySegment
INFOS: FROM ConfigWorkplace bp WHERE segment = :segment ORDER BY workplace ASC
