oct. 18, 2016 3:24:01 PM helper.Helper InitDailyDestPrintDir
INFOS: Print directory [.\print\2016_10_18] is created!
Print sub directory [.\print\2016_10_18.\open_sheet] is created!
Print sub directory [.\print\2016_10_18.\closing_sheet] is created!
Print sub directory [.\print\2016_10_18.\picking_label] is created!
Print sub directory [.\print\2016_10_18.\dispatch_label] is created!

oct. 18, 2016 3:24:19 PM gui.warehouse_output.WAREHOUSE_OUT_UI0002_DISPATCH_SCAN loadBarcodeConfig
INFOS: FROM ConfigBarcode cb WHERE cb.keyWord IN (:keyWords) ORDER BY id ASC
oct. 18, 2016 3:24:58 PM helper.Helper InitDailyDestPrintDir
INFOS: Print directory [.\print\2016_10_18] already exist!
Print sub directory [.\print\2016_10_18.\open_sheet] already exist!
Print sub directory [.\print\2016_10_18.\closing_sheet] already exist!
Print sub directory [.\print\2016_10_18.\picking_label] already exist!
Print sub directory [.\print\2016_10_18.\dispatch_label] already exist!

oct. 18, 2016 3:25:14 PM gui.warehouse_output.WAREHOUSE_OUT_UI0002_DISPATCH_SCAN loadBarcodeConfig
INFOS: FROM ConfigBarcode cb WHERE cb.keyWord IN (:keyWords) ORDER BY id ASC
oct. 18, 2016 3:26:32 PM gui.warehouse_output.WAREHOUSE_OUT_UI0002_DISPATCH_SCAN loadBarcodeConfig
INFOS: FROM ConfigBarcode cb WHERE cb.keyWord IN (:keyWords) ORDER BY id ASC
oct. 18, 2016 3:26:46 PM helper.Helper InitDailyDestPrintDir
INFOS: Print directory [.\print\2016_10_18] already exist!
Print sub directory [.\print\2016_10_18.\open_sheet] already exist!
Print sub directory [.\print\2016_10_18.\closing_sheet] already exist!
Print sub directory [.\print\2016_10_18.\picking_label] already exist!
Print sub directory [.\print\2016_10_18.\dispatch_label] already exist!

oct. 18, 2016 3:26:52 PM gui.warehouse_output.WAREHOUSE_OUT_UI0002_DISPATCH_SCAN loadBarcodeConfig
INFOS: FROM ConfigBarcode cb WHERE cb.keyWord IN (:keyWords) ORDER BY id ASC
oct. 18, 2016 3:31:32 PM gui.warehouse_output.WAREHOUSE_OUT_UI0002_DISPATCH_SCAN loadBarcodeConfig
INFOS: FROM ConfigBarcode cb WHERE cb.keyWord IN (:keyWords) ORDER BY id ASC
oct. 18, 2016 3:31:54 PM helper.Helper InitDailyDestPrintDir
INFOS: Print directory [.\print\2016_10_18] already exist!
Print sub directory [.\print\2016_10_18.\open_sheet] already exist!
Print sub directory [.\print\2016_10_18.\closing_sheet] already exist!
Print sub directory [.\print\2016_10_18.\picking_label] already exist!
Print sub directory [.\print\2016_10_18.\dispatch_label] already exist!

oct. 18, 2016 3:31:56 PM gui.warehouse_output.WAREHOUSE_OUT_UI0002_DISPATCH_SCAN loadBarcodeConfig
INFOS: FROM ConfigBarcode cb WHERE cb.keyWord IN (:keyWords) ORDER BY id ASC
oct. 18, 2016 4:14:01 PM helper.Helper InitDailyDestPrintDir
INFOS: Print directory [.\print\2016_10_18] already exist!
Print sub directory [.\print\2016_10_18.\open_sheet] already exist!
Print sub directory [.\print\2016_10_18.\closing_sheet] already exist!
Print sub directory [.\print\2016_10_18.\picking_label] already exist!
Print sub directory [.\print\2016_10_18.\dispatch_label] already exist!

oct. 18, 2016 4:14:08 PM gui.warehouse_output.WAREHOUSE_OUT_UI0002_DISPATCH_SCAN loadBarcodeConfig
INFOS: FROM ConfigBarcode cb WHERE cb.keyWord IN (:keyWords) ORDER BY id ASC
oct. 18, 2016 4:14:36 PM gui.warehouse_output.WAREHOUSE_OUT_UI0003_PasswordRequest connect
INFOS: User Admin ENGINE / 9999 connected to host O-EZZIOURI at 2016-10-18 16:14:36 Dispatch interface : .
oct. 18, 2016 4:14:38 PM gui.warehouse_output.state.WarehouseOutHelper isAdviceNoteNumberExist
INFOS: Searching advice note number [1000].
oct. 18, 2016 4:14:38 PM gui.warehouse_output.state.WarehouseOutHelper isAdviceNoteNumberExist
INFOS: FROM DispatchNote dn WHERE dn.adviceNoteNum = :advice_note_num
oct. 18, 2016 4:14:38 PM gui.warehouse_output.state.S020_AdviceNoteNumberScan doAction
INFOS: Advice not number scanned [1000] OK.
oct. 18, 2016 4:14:41 PM gui.warehouse_output.state.S020_FORSBlScan doAction
INFOS: FORS Advice note number scanned [1000] OK.
oct. 18, 2016 4:15:07 PM gui.warehouse_output.state.S030_FORSHpScan doAction
INFOS: FORS label harness part scanned [22630882] OK.
oct. 18, 2016 4:15:09 PM gui.warehouse_output.state.S040_FORSQtyScan doAction
INFOS: FORS label qty scanned [6] OK.
oct. 18, 2016 4:15:17 PM gui.warehouse_output.state.WarehouseOutHelper isForsLabelSerialExist
INFOS: Searching fors label with id [640000001].
oct. 18, 2016 4:15:17 PM gui.warehouse_output.state.WarehouseOutHelper isForsLabelSerialExist
INFOS: FROM DispatchNoteLine dn WHERE dn.forsLabelId = :fors_label_id
oct. 18, 2016 4:15:17 PM gui.warehouse_output.state.S050_FORSLabelIdScan doAction
INFOS: FORS label ID scanned [640000001] OK.
oct. 18, 2016 4:15:26 PM gui.warehouse_output.state.S060_ProdHpScan doAction
INFOS: Harness part scanned [22630882] OK.
oct. 18, 2016 4:15:33 PM gui.warehouse_output.state.S070_ProdQtyScan doAction
INFOS: Production label qty scanned [Q6] OK.
oct. 18, 2016 4:15:40 PM gui.warehouse_output.state.S020_FORSBlScan doAction
INFOS: FORS Advice note number scanned [1000] OK.
oct. 18, 2016 4:15:48 PM gui.warehouse_output.state.S030_FORSHpScan doAction
INFOS: FORS label harness part scanned [22630882] OK.
oct. 18, 2016 4:15:50 PM gui.warehouse_output.state.S040_FORSQtyScan doAction
INFOS: FORS label qty scanned [6] OK.
oct. 18, 2016 4:15:56 PM gui.warehouse_output.state.WarehouseOutHelper isForsLabelSerialExist
INFOS: Searching fors label with id [640000002].
oct. 18, 2016 4:15:56 PM gui.warehouse_output.state.WarehouseOutHelper isForsLabelSerialExist
INFOS: FROM DispatchNoteLine dn WHERE dn.forsLabelId = :fors_label_id
oct. 18, 2016 4:15:56 PM gui.warehouse_output.state.S050_FORSLabelIdScan doAction
INFOS: FORS label ID scanned [640000002] OK.
oct. 18, 2016 4:16:01 PM gui.warehouse_output.state.S060_ProdHpScan doAction
INFOS: Harness part scanned [22630882] OK.
oct. 18, 2016 4:16:08 PM gui.warehouse_output.state.S070_ProdQtyScan doAction
INFOS: Production label qty scanned [Q6] OK.
oct. 18, 2016 4:16:15 PM gui.warehouse_output.state.S020_FORSBlScan doAction
INFOS: FORS Advice note number scanned [1000] OK.
oct. 18, 2016 4:16:23 PM gui.warehouse_output.state.S030_FORSHpScan doAction
INFOS: FORS label harness part scanned [22630882] OK.
oct. 18, 2016 4:16:26 PM gui.warehouse_output.state.WarehouseOutHelper checkForsQtyFormat
INFOS: Erreur Galia FORS. Quantité faisceau invalide [Q24].
La quantité doit contenir que des chiffres !
oct. 18, 2016 4:16:26 PM gui.warehouse_output.state.S040_FORSQtyScan doAction
AVERTISSEMENT: Erreur Galia FORS. Quantité faisceau invalide [Q24].
La quantité doit contenir que des chiffres !
oct. 18, 2016 4:16:28 PM gui.warehouse_output.state.S040_FORSQtyScan doAction
INFOS: FORS label qty scanned [24] OK.
oct. 18, 2016 4:16:38 PM gui.warehouse_output.state.WarehouseOutHelper isForsLabelSerialExist
INFOS: Searching fors label with id [640000003].
oct. 18, 2016 4:16:38 PM gui.warehouse_output.state.WarehouseOutHelper isForsLabelSerialExist
INFOS: FROM DispatchNoteLine dn WHERE dn.forsLabelId = :fors_label_id
oct. 18, 2016 4:16:38 PM gui.warehouse_output.state.S050_FORSLabelIdScan doAction
INFOS: FORS label ID scanned [640000003] OK.
oct. 18, 2016 4:16:44 PM gui.warehouse_output.state.S060_ProdHpScan doAction
INFOS: Harness part scanned [22630882] OK.
oct. 18, 2016 4:16:52 PM gui.warehouse_output.state.S070_ProdQtyScan doAction
INFOS: Production label qty scanned [Q24] OK.
oct. 18, 2016 4:16:56 PM helper.Helper InitDailyDestPrintDir
INFOS: nullPrint directory [.\print\2016_10_18] already exist!
Print sub directory [.\print\2016_10_18.\open_sheet] already exist!
Print sub directory [.\print\2016_10_18.\closing_sheet] already exist!
Print sub directory [.\print\2016_10_18.\picking_label] already exist!
Print sub directory [.\print\2016_10_18.\dispatch_label] already exist!

oct. 18, 2016 4:16:56 PM print.PrintDispatchNote_A4 sentToDefaultDesktopPrinter
INFOS: Sending [.\print\2016_10_18\dispatch_label\PrintDispatchNote_A4_2016_10_18_16_16_56_1000.pdf] to the default printer...
oct. 18, 2016 4:16:56 PM print.PrintDispatchNote_A4 sentToDefaultDesktopPrinter
INFOS: File [.\print\2016_10_18\dispatch_label\PrintDispatchNote_A4_2016_10_18_16_16_56_1000.pdf] has been printed.
oct. 18, 2016 4:16:56 PM helper.PrinterHelper saveAndPrintDispatchNote
INFOS: Document printed.
oct. 18, 2016 4:20:32 PM helper.Helper InitDailyDestPrintDir
INFOS: Print directory [.\print\2016_10_18] already exist!
Print sub directory [.\print\2016_10_18.\open_sheet] already exist!
Print sub directory [.\print\2016_10_18.\closing_sheet] already exist!
Print sub directory [.\print\2016_10_18.\picking_label] already exist!
Print sub directory [.\print\2016_10_18.\dispatch_label] already exist!

oct. 18, 2016 4:20:35 PM gui.warehouse_output.WAREHOUSE_OUT_UI0002_DISPATCH_SCAN loadBarcodeConfig
INFOS: FROM ConfigBarcode cb WHERE cb.keyWord IN (:keyWords) ORDER BY id ASC
oct. 18, 2016 4:20:39 PM gui.warehouse_output.WAREHOUSE_OUT_UI0003_PasswordRequest connect
INFOS: User Admin ENGINE / 9999 connected to host O-EZZIOURI at 2016-10-18 16:20:39 Dispatch interface : .
oct. 18, 2016 4:20:41 PM gui.warehouse_output.state.WarehouseOutHelper isAdviceNoteNumberExist
INFOS: Searching advice note number [1000].
oct. 18, 2016 4:20:41 PM gui.warehouse_output.state.WarehouseOutHelper isAdviceNoteNumberExist
INFOS: FROM DispatchNote dn WHERE dn.adviceNoteNum = :advice_note_num
oct. 18, 2016 4:20:41 PM gui.warehouse_output.state.S020_AdviceNoteNumberScan doAction
INFOS: Advice not number scanned [1000] OK.
oct. 18, 2016 4:20:44 PM gui.warehouse_output.state.S020_FORSBlScan doAction
INFOS: FORS Advice note number scanned [1000] OK.
oct. 18, 2016 4:20:54 PM gui.warehouse_output.state.S030_FORSHpScan doAction
INFOS: FORS label harness part scanned [22630882] OK.
oct. 18, 2016 4:20:56 PM gui.warehouse_output.state.S040_FORSQtyScan doAction
INFOS: FORS label qty scanned [24] OK.
oct. 18, 2016 4:21:04 PM gui.warehouse_output.state.WarehouseOutHelper isForsLabelSerialExist
INFOS: Searching fors label with id [640000001].
oct. 18, 2016 4:21:04 PM gui.warehouse_output.state.WarehouseOutHelper isForsLabelSerialExist
INFOS: FROM DispatchNoteLine dn WHERE dn.forsLabelId = :fors_label_id
oct. 18, 2016 4:21:04 PM gui.warehouse_output.state.S050_FORSLabelIdScan doAction
INFOS: FORS label ID scanned [640000001] OK.
oct. 18, 2016 4:21:06 PM gui.warehouse_output.state.S060_ProdHpScan doAction
INFOS: Harness part scanned [22630882] OK.
oct. 18, 2016 4:21:09 PM gui.warehouse_output.state.S070_ProdQtyScan doAction
INFOS: Production label qty scanned [Q24] OK.
oct. 18, 2016 4:21:16 PM gui.warehouse_output.state.S020_FORSBlScan doAction
INFOS: FORS Advice note number scanned [1000] OK.
oct. 18, 2016 4:21:18 PM gui.warehouse_output.state.S030_FORSHpScan doAction
INFOS: FORS label harness part scanned [22630882] OK.
oct. 18, 2016 4:21:19 PM gui.warehouse_output.state.S040_FORSQtyScan doAction
INFOS: FORS label qty scanned [24] OK.
oct. 18, 2016 4:21:25 PM gui.warehouse_output.state.WarehouseOutHelper isForsLabelSerialExist
INFOS: Searching fors label with id [640000002].
oct. 18, 2016 4:21:25 PM gui.warehouse_output.state.WarehouseOutHelper isForsLabelSerialExist
INFOS: FROM DispatchNoteLine dn WHERE dn.forsLabelId = :fors_label_id
oct. 18, 2016 4:21:25 PM gui.warehouse_output.state.S050_FORSLabelIdScan doAction
INFOS: FORS label ID scanned [640000002] OK.
oct. 18, 2016 4:21:26 PM gui.warehouse_output.state.S060_ProdHpScan doAction
INFOS: Harness part scanned [22630882] OK.
oct. 18, 2016 4:21:28 PM gui.warehouse_output.state.S070_ProdQtyScan doAction
INFOS: Production label qty scanned [Q24] OK.
oct. 18, 2016 4:21:30 PM gui.warehouse_output.state.S020_FORSBlScan doAction
INFOS: FORS Advice note number scanned [1000] OK.
oct. 18, 2016 4:21:32 PM gui.warehouse_output.state.S030_FORSHpScan doAction
INFOS: FORS label harness part scanned [22630882] OK.
oct. 18, 2016 4:21:36 PM gui.warehouse_output.state.S040_FORSQtyScan doAction
INFOS: FORS label qty scanned [24] OK.
oct. 18, 2016 4:21:41 PM gui.warehouse_output.state.WarehouseOutHelper isForsLabelSerialExist
INFOS: Searching fors label with id [640000003].
oct. 18, 2016 4:21:41 PM gui.warehouse_output.state.WarehouseOutHelper isForsLabelSerialExist
INFOS: FROM DispatchNoteLine dn WHERE dn.forsLabelId = :fors_label_id
oct. 18, 2016 4:21:41 PM gui.warehouse_output.state.S050_FORSLabelIdScan doAction
INFOS: FORS label ID scanned [640000003] OK.
oct. 18, 2016 4:21:42 PM gui.warehouse_output.state.S060_ProdHpScan doAction
INFOS: Harness part scanned [22630882] OK.
oct. 18, 2016 4:21:44 PM gui.warehouse_output.state.S070_ProdQtyScan doAction
INFOS: Production label qty scanned [Q24] OK.
oct. 18, 2016 4:21:47 PM gui.warehouse_output.state.S020_FORSBlScan doAction
AVERTISSEMENT: Numéro BL différence à celui scanné au début [22630882].
oct. 18, 2016 4:21:50 PM gui.warehouse_output.state.S020_FORSBlScan doAction
INFOS: FORS Advice note number scanned [1000] OK.
oct. 18, 2016 4:21:51 PM gui.warehouse_output.state.S030_FORSHpScan doAction
INFOS: FORS label harness part scanned [22630882] OK.
oct. 18, 2016 4:21:53 PM gui.warehouse_output.state.S040_FORSQtyScan doAction
INFOS: FORS label qty scanned [24] OK.
oct. 18, 2016 4:21:58 PM gui.warehouse_output.state.WarehouseOutHelper isForsLabelSerialExist
INFOS: Searching fors label with id [640000004].
oct. 18, 2016 4:21:58 PM gui.warehouse_output.state.WarehouseOutHelper isForsLabelSerialExist
INFOS: FROM DispatchNoteLine dn WHERE dn.forsLabelId = :fors_label_id
oct. 18, 2016 4:21:58 PM gui.warehouse_output.state.S050_FORSLabelIdScan doAction
INFOS: FORS label ID scanned [640000004] OK.
oct. 18, 2016 4:21:59 PM gui.warehouse_output.state.S060_ProdHpScan doAction
INFOS: Harness part scanned [22630882] OK.
oct. 18, 2016 4:22:02 PM gui.warehouse_output.state.S070_ProdQtyScan doAction
INFOS: Production label qty scanned [Q24] OK.
oct. 18, 2016 4:22:23 PM helper.Helper InitDailyDestPrintDir
INFOS: nullPrint directory [.\print\2016_10_18] already exist!
Print sub directory [.\print\2016_10_18.\open_sheet] already exist!
Print sub directory [.\print\2016_10_18.\closing_sheet] already exist!
Print sub directory [.\print\2016_10_18.\picking_label] already exist!
Print sub directory [.\print\2016_10_18.\dispatch_label] already exist!

oct. 18, 2016 4:22:23 PM print.PrintDispatchNote_A4 sentToDefaultDesktopPrinter
INFOS: Sending [.\print\2016_10_18\dispatch_label\PrintDispatchNote_A4_2016_10_18_16_22_23_1000.pdf] to the default printer...
oct. 18, 2016 4:22:23 PM print.PrintDispatchNote_A4 sentToDefaultDesktopPrinter
INFOS: File [.\print\2016_10_18\dispatch_label\PrintDispatchNote_A4_2016_10_18_16_22_23_1000.pdf] has been printed.
oct. 18, 2016 4:22:23 PM helper.PrinterHelper saveAndPrintDispatchNote
INFOS: Document printed.
oct. 19, 2016 10:02:03 PM gui.config.CONFIG_UI0000_AdminPassword checkLoginAndPass
INFOS: User Admin ENGINE / 9999 connected to host O-EZZIOURI at 2016-10-19 22:02:03 Module : Planner.
oct. 19, 2016 10:02:16 PM gui.config.CONFIG_UI0000_AdminPassword checkLoginAndPass
INFOS: User Admin ENGINE / 9999 connected to host O-EZZIOURI at 2016-10-19 22:02:16 Module : Planner.
oct. 19, 2016 10:03:37 PM gui.config.CONFIG_UI0000_AdminPassword checkLoginAndPass
INFOS: User Admin ENGINE / 9999 connected to host O-EZZIOURI at 2016-10-19 22:03:37 Module : Planner.
oct. 19, 2016 10:03:43 PM gui.config.CONFIG_UI0000_AdminPassword checkLoginAndPass
INFOS: User Admin ENGINE / 9999 connected to host O-EZZIOURI at 2016-10-19 22:03:43 Module : Planner.
