août 29, 2016 1:57:14 PM helper.Helper InitDailyDestPrintDir
INFOS: Print directory [.\print\2016_08_29] is created!
Print sub directory [.\print\2016_08_29.\open_sheet] is created!
Print sub directory [.\print\2016_08_29.\closing_sheet] is created!
Print sub directory [.\print\2016_08_29.\picking_label] is created!

août 29, 2016 1:57:17 PM entity.ConfigProject select
INFOS: FROM ConfigProject bp ORDER BY harnessType ASC
août 29, 2016 1:57:17 PM entity.ConfigProject select
INFOS: FROM ConfigProject bp ORDER BY harnessType ASC
août 29, 2016 1:57:22 PM entity.ConfigProject select
INFOS: FROM ConfigProject bp ORDER BY harnessType ASC
août 29, 2016 2:01:47 PM helper.Helper InitDailyDestPrintDir
INFOS: Print directory [.\print\2016_08_29] already exist!
Print sub directory [.\print\2016_08_29.\open_sheet] already exist!
Print sub directory [.\print\2016_08_29.\closing_sheet] already exist!
Print sub directory [.\print\2016_08_29.\picking_label] already exist!

août 29, 2016 2:01:49 PM entity.ConfigProject select
INFOS: FROM ConfigProject bp ORDER BY harnessType ASC
août 29, 2016 2:01:49 PM entity.ConfigProject select
INFOS: FROM ConfigProject bp ORDER BY harnessType ASC
août 29, 2016 2:01:50 PM entity.ConfigProject select
INFOS: FROM ConfigProject bp ORDER BY harnessType ASC
août 29, 2016 2:03:03 PM gui.packaging.PACKAGING_UI0002_PasswordRequest admin_password_txtboxKeyPressed
INFOS: User Admin   / 9999 connected to host WSMA7040 at 2016-08-29 14:03:03 Project : ENGINE.
août 29, 2016 2:03:54 PM entity.ConfigProject select
INFOS: FROM ConfigProject bp ORDER BY harnessType ASC
août 29, 2016 2:05:26 PM helper.Helper InitDailyDestPrintDir
INFOS: Print directory [.\print\2016_08_29] already exist!
Print sub directory [.\print\2016_08_29.\open_sheet] already exist!
Print sub directory [.\print\2016_08_29.\closing_sheet] already exist!
Print sub directory [.\print\2016_08_29.\picking_label] already exist!

août 29, 2016 2:05:27 PM entity.ConfigProject select
INFOS: FROM ConfigProject bp ORDER BY harnessType ASC
août 29, 2016 2:05:27 PM entity.ConfigProject select
INFOS: FROM ConfigProject bp ORDER BY harnessType ASC
août 29, 2016 2:05:29 PM entity.ConfigProject select
INFOS: FROM ConfigProject bp ORDER BY harnessType ASC
août 29, 2016 2:06:27 PM helper.Helper InitDailyDestPrintDir
INFOS: Print directory [.\print\2016_08_29] already exist!
Print sub directory [.\print\2016_08_29.\open_sheet] already exist!
Print sub directory [.\print\2016_08_29.\closing_sheet] already exist!
Print sub directory [.\print\2016_08_29.\picking_label] already exist!

août 29, 2016 2:06:28 PM entity.ConfigProject select
INFOS: FROM ConfigProject bp ORDER BY harnessType ASC
août 29, 2016 2:06:28 PM entity.ConfigProject select
INFOS: FROM ConfigProject bp ORDER BY harnessType ASC
août 29, 2016 2:06:30 PM entity.ConfigProject select
INFOS: FROM ConfigProject bp ORDER BY harnessType ASC
août 29, 2016 2:06:31 PM entity.ConfigProject select
INFOS: FROM ConfigProject bp ORDER BY harnessType ASC
août 29, 2016 2:06:33 PM entity.ConfigProject select
INFOS: FROM ConfigProject bp ORDER BY harnessType ASC
août 29, 2016 2:07:51 PM helper.Helper InitDailyDestPrintDir
INFOS: Print directory [.\print\2016_08_29] already exist!
Print sub directory [.\print\2016_08_29.\open_sheet] already exist!
Print sub directory [.\print\2016_08_29.\closing_sheet] already exist!
Print sub directory [.\print\2016_08_29.\picking_label] already exist!

août 29, 2016 2:07:52 PM entity.ConfigProject select
INFOS: FROM ConfigProject bp ORDER BY harnessType ASC
août 29, 2016 2:07:52 PM entity.ConfigProject select
INFOS: FROM ConfigProject bp ORDER BY harnessType ASC
août 29, 2016 2:07:53 PM entity.ConfigProject select
INFOS: FROM ConfigProject bp ORDER BY harnessType ASC
août 29, 2016 2:08:43 PM gui.packaging.PACKAGING_UI0002_PasswordRequest admin_password_txtboxKeyPressed
INFOS: User Admin   / 9999 connected to host WSMA7040 at 2016-08-29 14:08:43 Project : ENGINE.
août 29, 2016 2:09:00 PM entity.ConfigProject select
INFOS: FROM ConfigProject bp ORDER BY harnessType ASC
