nov. 19, 2016 12:10:47 AM helper.Helper InitDailyDestPrintDir
INFOS: Print directory [.\print\2016_11_19] is created!
Print sub directory [.\print\2016_11_19.\open_sheet] is created!
Print sub directory [.\print\2016_11_19.\closing_sheet] is created!
Print sub directory [.\print\2016_11_19.\picking_label] is created!
Print sub directory [.\print\2016_11_19.\dispatch_label] is created!

nov. 19, 2016 12:10:59 AM gui.warehouse_output.WAREHOUSE_OUT_UI0003_PasswordRequest connect
INFOS: User Admin ENGINE / 9999 connected to host O-EZZIOURI at 2016-11-19 00:10:59 Dispatch interface : .
nov. 19, 2016 12:11:57 AM helper.Helper InitDailyDestPrintDir
INFOS: nullPrint directory [.\print\2016_11_19] already exist!
Print sub directory [.\print\2016_11_19.\open_sheet] already exist!
Print sub directory [.\print\2016_11_19.\closing_sheet] already exist!
Print sub directory [.\print\2016_11_19.\picking_label] already exist!
Print sub directory [.\print\2016_11_19.\dispatch_label] already exist!

nov. 19, 2016 12:11:58 AM print.PrintDispatchNote_A4 sentToDefaultDesktopPrinter
INFOS: Sending [.\print\2016_11_19\dispatch_label\PrintDispatchNote_A4_2016_11_19_00_11_57_Admin ENGINE Connecté à la machine [O-EZZIOURI].pdf] to the default printer...
nov. 19, 2016 12:12:00 AM print.PrintDispatchNote_A4 sentToDefaultDesktopPrinter
INFOS: File [.\print\2016_11_19\dispatch_label\PrintDispatchNote_A4_2016_11_19_00_11_57_Admin ENGINE Connecté à la machine [O-EZZIOURI].pdf] has been printed.
nov. 19, 2016 12:12:00 AM helper.PrinterHelper saveAndPrintDispatchNote
INFOS: Document printed.
nov. 19, 2016 12:38:21 AM helper.Helper InitDailyDestPrintDir
INFOS: Print directory [.\print\2016_11_19] already exist!
Print sub directory [.\print\2016_11_19.\open_sheet] already exist!
Print sub directory [.\print\2016_11_19.\closing_sheet] already exist!
Print sub directory [.\print\2016_11_19.\picking_label] already exist!
Print sub directory [.\print\2016_11_19.\dispatch_label] already exist!

nov. 19, 2016 12:38:27 AM gui.warehouse_output.WAREHOUSE_OUT_UI0003_PasswordRequest connect
INFOS: User Admin ENGINE / 9999 connected to host O-EZZIOURI at 2016-11-19 00:38:27 Dispatch interface : .
nov. 19, 2016 12:39:42 AM helper.Helper InitDailyDestPrintDir
INFOS: Print directory [.\print\2016_11_19] already exist!
Print sub directory [.\print\2016_11_19.\open_sheet] already exist!
Print sub directory [.\print\2016_11_19.\closing_sheet] already exist!
Print sub directory [.\print\2016_11_19.\picking_label] already exist!
Print sub directory [.\print\2016_11_19.\dispatch_label] already exist!

nov. 19, 2016 12:39:47 AM gui.warehouse_output.WAREHOUSE_OUT_UI0003_PasswordRequest connect
INFOS: User Admin ENGINE / 9999 connected to host O-EZZIOURI at 2016-11-19 00:39:47 Dispatch interface : .
nov. 19, 2016 12:41:00 AM helper.Helper InitDailyDestPrintDir
INFOS: Print directory [.\print\2016_11_19] already exist!
Print sub directory [.\print\2016_11_19.\open_sheet] already exist!
Print sub directory [.\print\2016_11_19.\closing_sheet] already exist!
Print sub directory [.\print\2016_11_19.\picking_label] already exist!
Print sub directory [.\print\2016_11_19.\dispatch_label] already exist!

nov. 19, 2016 12:41:43 AM helper.Helper InitDailyDestPrintDir
INFOS: Print directory [.\print\2016_11_19] already exist!
Print sub directory [.\print\2016_11_19.\open_sheet] already exist!
Print sub directory [.\print\2016_11_19.\closing_sheet] already exist!
Print sub directory [.\print\2016_11_19.\picking_label] already exist!
Print sub directory [.\print\2016_11_19.\dispatch_label] already exist!

nov. 19, 2016 12:42:41 AM helper.Helper InitDailyDestPrintDir
INFOS: Print directory [.\print\2016_11_19] already exist!
Print sub directory [.\print\2016_11_19.\open_sheet] already exist!
Print sub directory [.\print\2016_11_19.\closing_sheet] already exist!
Print sub directory [.\print\2016_11_19.\picking_label] already exist!
Print sub directory [.\print\2016_11_19.\dispatch_label] already exist!

nov. 19, 2016 12:45:01 AM helper.Helper InitDailyDestPrintDir
INFOS: Print directory [.\print\2016_11_19] already exist!
Print sub directory [.\print\2016_11_19.\open_sheet] already exist!
Print sub directory [.\print\2016_11_19.\closing_sheet] already exist!
Print sub directory [.\print\2016_11_19.\picking_label] already exist!
Print sub directory [.\print\2016_11_19.\dispatch_label] already exist!

nov. 19, 2016 12:45:05 AM gui.warehouse_output.WAREHOUSE_OUT_UI0003_PasswordRequest connect
INFOS: User Admin ENGINE / 9999 connected to host O-EZZIOURI at 2016-11-19 00:45:05 Dispatch interface : .
nov. 19, 2016 12:47:06 AM helper.Helper InitDailyDestPrintDir
INFOS: Print directory [.\print\2016_11_19] already exist!
Print sub directory [.\print\2016_11_19.\open_sheet] already exist!
Print sub directory [.\print\2016_11_19.\closing_sheet] already exist!
Print sub directory [.\print\2016_11_19.\picking_label] already exist!
Print sub directory [.\print\2016_11_19.\dispatch_label] already exist!

nov. 19, 2016 12:47:11 AM gui.warehouse_output.WAREHOUSE_OUT_UI0003_PasswordRequest connect
INFOS: User Admin ENGINE / 9999 connected to host O-EZZIOURI at 2016-11-19 00:47:11 Dispatch interface : .
nov. 19, 2016 1:56:27 PM helper.Helper InitDailyDestPrintDir
INFOS: Print directory [.\print\2016_11_19] already exist!
Print sub directory [.\print\2016_11_19.\open_sheet] already exist!
Print sub directory [.\print\2016_11_19.\closing_sheet] already exist!
Print sub directory [.\print\2016_11_19.\picking_label] already exist!
Print sub directory [.\print\2016_11_19.\dispatch_label] already exist!

nov. 19, 2016 1:56:30 PM gui.packaging.PACKAGING_UI0001_Main loadBarcodeConfig
INFOS: FROM ConfigBarcode cb WHERE cb.keyWord = :keyWord ORDER BY id ASC
nov. 19, 2016 1:56:30 PM entity.ConfigProject select
INFOS: FROM ConfigProject bp ORDER BY harnessType ASC
nov. 19, 2016 1:56:30 PM entity.ConfigProject select
INFOS: FROM ConfigProject bp ORDER BY harnessType ASC
nov. 19, 2016 1:59:46 PM helper.Helper InitDailyDestPrintDir
INFOS: Print directory [.\print\2016_11_19] already exist!
Print sub directory [.\print\2016_11_19.\open_sheet] already exist!
Print sub directory [.\print\2016_11_19.\closing_sheet] already exist!
Print sub directory [.\print\2016_11_19.\picking_label] already exist!
Print sub directory [.\print\2016_11_19.\dispatch_label] already exist!

nov. 19, 2016 1:59:48 PM gui.packaging.PACKAGING_UI0001_Main loadBarcodeConfig
INFOS: FROM ConfigBarcode cb WHERE cb.keyWord = :keyWord ORDER BY id ASC
nov. 19, 2016 1:59:48 PM entity.ConfigProject select
INFOS: FROM ConfigProject bp ORDER BY harnessType ASC
nov. 19, 2016 1:59:48 PM entity.ConfigProject select
INFOS: FROM ConfigProject bp ORDER BY harnessType ASC
nov. 19, 2016 2:09:10 PM helper.Helper InitDailyDestPrintDir
INFOS: Print directory [.\print\2016_11_19] already exist!
Print sub directory [.\print\2016_11_19.\open_sheet] already exist!
Print sub directory [.\print\2016_11_19.\closing_sheet] already exist!
Print sub directory [.\print\2016_11_19.\picking_label] already exist!
Print sub directory [.\print\2016_11_19.\dispatch_label] already exist!

nov. 19, 2016 2:09:15 PM gui.warehouse_output.WAREHOUSE_OUT_UI0003_PasswordRequest connect
INFOS: User Admin ENGINE / 9999 connected to host O-EZZIOURI at 2016-11-19 14:09:15 Dispatch interface : .
nov. 19, 2016 2:11:07 PM helper.Helper InitDailyDestPrintDir
INFOS: Print directory [.\print\2016_11_19] already exist!
Print sub directory [.\print\2016_11_19.\open_sheet] already exist!
Print sub directory [.\print\2016_11_19.\closing_sheet] already exist!
Print sub directory [.\print\2016_11_19.\picking_label] already exist!
Print sub directory [.\print\2016_11_19.\dispatch_label] already exist!

nov. 19, 2016 2:11:29 PM gui.warehouse_output.WAREHOUSE_OUT_UI0003_PasswordRequest connect
INFOS: User Admin ENGINE / 9999 connected to host O-EZZIOURI at 2016-11-19 14:11:29 Dispatch interface : .
nov. 19, 2016 2:21:37 PM helper.Helper InitDailyDestPrintDir
INFOS: Print directory [.\print\2016_11_19] already exist!
Print sub directory [.\print\2016_11_19.\open_sheet] already exist!
Print sub directory [.\print\2016_11_19.\closing_sheet] already exist!
Print sub directory [.\print\2016_11_19.\picking_label] already exist!
Print sub directory [.\print\2016_11_19.\dispatch_label] already exist!

nov. 19, 2016 2:21:43 PM gui.warehouse_output.WAREHOUSE_OUT_UI0003_PasswordRequest connect
INFOS: User Admin ENGINE / 9999 connected to host O-EZZIOURI at 2016-11-19 14:21:43 Dispatch interface : .
nov. 19, 2016 2:22:57 PM helper.Helper InitDailyDestPrintDir
INFOS: Print directory [.\print\2016_11_19] already exist!
Print sub directory [.\print\2016_11_19.\open_sheet] already exist!
Print sub directory [.\print\2016_11_19.\closing_sheet] already exist!
Print sub directory [.\print\2016_11_19.\picking_label] already exist!
Print sub directory [.\print\2016_11_19.\dispatch_label] already exist!

nov. 19, 2016 2:23:02 PM gui.warehouse_output.WAREHOUSE_OUT_UI0003_PasswordRequest connect
INFOS: User Admin ENGINE / 9999 connected to host O-EZZIOURI at 2016-11-19 14:23:02 Dispatch interface : .
nov. 19, 2016 2:23:38 PM helper.Helper InitDailyDestPrintDir
INFOS: Print directory [.\print\2016_11_19] already exist!
Print sub directory [.\print\2016_11_19.\open_sheet] already exist!
Print sub directory [.\print\2016_11_19.\closing_sheet] already exist!
Print sub directory [.\print\2016_11_19.\picking_label] already exist!
Print sub directory [.\print\2016_11_19.\dispatch_label] already exist!

nov. 19, 2016 2:23:44 PM gui.warehouse_output.state.S010_DispatchUserCodeScan doAction
INFOS: Invalid matricule number or account locked !
nov. 19, 2016 2:23:46 PM gui.warehouse_output.WAREHOUSE_OUT_UI0003_PasswordRequest connect
INFOS: User Admin ENGINE / 9999 connected to host O-EZZIOURI at 2016-11-19 14:23:46 Dispatch interface : .
nov. 19, 2016 2:27:13 PM helper.Helper InitDailyDestPrintDir
INFOS: Print directory [.\print\2016_11_19] already exist!
Print sub directory [.\print\2016_11_19.\open_sheet] already exist!
Print sub directory [.\print\2016_11_19.\closing_sheet] already exist!
Print sub directory [.\print\2016_11_19.\picking_label] already exist!
Print sub directory [.\print\2016_11_19.\dispatch_label] already exist!

nov. 19, 2016 2:27:20 PM gui.warehouse_output.WAREHOUSE_OUT_UI0003_PasswordRequest connect
INFOS: User Admin ENGINE / 9999 connected to host O-EZZIOURI at 2016-11-19 14:27:20 Dispatch interface : .
nov. 19, 2016 9:42:03 PM helper.Helper InitDailyDestPrintDir
INFOS: Print directory [.\print\2016_11_19] already exist!
Print sub directory [.\print\2016_11_19.\open_sheet] already exist!
Print sub directory [.\print\2016_11_19.\closing_sheet] already exist!
Print sub directory [.\print\2016_11_19.\picking_label] already exist!
Print sub directory [.\print\2016_11_19.\dispatch_label] already exist!

nov. 19, 2016 9:42:10 PM gui.warehouse_output.WAREHOUSE_OUT_UI0003_PasswordRequest connect
INFOS: User Admin ENGINE / 9999 connected to host O-EZZIOURI at 2016-11-19 21:42:10 Dispatch interface : .
nov. 19, 2016 9:44:27 PM helper.Helper InitDailyDestPrintDir
INFOS: Print directory [.\print\2016_11_19] already exist!
Print sub directory [.\print\2016_11_19.\open_sheet] already exist!
Print sub directory [.\print\2016_11_19.\closing_sheet] already exist!
Print sub directory [.\print\2016_11_19.\picking_label] already exist!
Print sub directory [.\print\2016_11_19.\dispatch_label] already exist!

nov. 19, 2016 9:44:37 PM gui.warehouse_output.WAREHOUSE_OUT_UI0003_PasswordRequest connect
INFOS: User Admin ENGINE / 9999 connected to host O-EZZIOURI at 2016-11-19 21:44:37 Dispatch interface : .
nov. 19, 2016 10:07:01 PM helper.Helper InitDailyDestPrintDir
INFOS: Print directory [.\print\2016_11_19] already exist!
Print sub directory [.\print\2016_11_19.\open_sheet] already exist!
Print sub directory [.\print\2016_11_19.\closing_sheet] already exist!
Print sub directory [.\print\2016_11_19.\picking_label] already exist!
Print sub directory [.\print\2016_11_19.\dispatch_label] already exist!

nov. 19, 2016 10:07:09 PM gui.warehouse_output.WAREHOUSE_OUT_UI0003_PasswordRequest connect
INFOS: User Admin ENGINE / 9999 connected to host O-EZZIOURI at 2016-11-19 22:07:09 Dispatch interface : .
nov. 19, 2016 10:27:28 PM helper.Helper InitDailyDestPrintDir
INFOS: Print directory [.\print\2016_11_19] already exist!
Print sub directory [.\print\2016_11_19.\open_sheet] already exist!
Print sub directory [.\print\2016_11_19.\closing_sheet] already exist!
Print sub directory [.\print\2016_11_19.\picking_label] already exist!
Print sub directory [.\print\2016_11_19.\dispatch_label] already exist!

nov. 19, 2016 10:27:33 PM gui.warehouse_output.WAREHOUSE_OUT_UI0003_PasswordRequest connect
INFOS: User Admin ENGINE / 9999 connected to host O-EZZIOURI at 2016-11-19 22:27:33 Dispatch interface : .
nov. 19, 2016 10:29:34 PM helper.Helper InitDailyDestPrintDir
INFOS: Print directory [.\print\2016_11_19] already exist!
Print sub directory [.\print\2016_11_19.\open_sheet] already exist!
Print sub directory [.\print\2016_11_19.\closing_sheet] already exist!
Print sub directory [.\print\2016_11_19.\picking_label] already exist!
Print sub directory [.\print\2016_11_19.\dispatch_label] already exist!

nov. 19, 2016 10:29:39 PM gui.warehouse_output.WAREHOUSE_OUT_UI0003_PasswordRequest connect
INFOS: User Admin ENGINE / 9999 connected to host O-EZZIOURI at 2016-11-19 22:29:39 Dispatch interface : .
nov. 19, 2016 10:30:56 PM helper.Helper InitDailyDestPrintDir
INFOS: Print directory [.\print\2016_11_19] already exist!
Print sub directory [.\print\2016_11_19.\open_sheet] already exist!
Print sub directory [.\print\2016_11_19.\closing_sheet] already exist!
Print sub directory [.\print\2016_11_19.\picking_label] already exist!
Print sub directory [.\print\2016_11_19.\dispatch_label] already exist!

nov. 19, 2016 10:31:01 PM gui.warehouse_output.WAREHOUSE_OUT_UI0003_PasswordRequest connect
INFOS: User Admin ENGINE / 9999 connected to host O-EZZIOURI at 2016-11-19 22:31:01 Dispatch interface : .
nov. 19, 2016 11:12:56 PM helper.Helper InitDailyDestPrintDir
INFOS: Print directory [.\print\2016_11_19] already exist!
Print sub directory [.\print\2016_11_19.\open_sheet] already exist!
Print sub directory [.\print\2016_11_19.\closing_sheet] already exist!
Print sub directory [.\print\2016_11_19.\picking_label] already exist!
Print sub directory [.\print\2016_11_19.\dispatch_label] already exist!

nov. 19, 2016 11:13:03 PM gui.warehouse_output.WAREHOUSE_OUT_UI0003_PasswordRequest connect
INFOS: User Admin ENGINE / 9999 connected to host O-EZZIOURI at 2016-11-19 23:13:03 Dispatch interface : .
nov. 19, 2016 11:17:56 PM helper.Helper InitDailyDestPrintDir
INFOS: Print directory [.\print\2016_11_19] already exist!
Print sub directory [.\print\2016_11_19.\open_sheet] already exist!
Print sub directory [.\print\2016_11_19.\closing_sheet] already exist!
Print sub directory [.\print\2016_11_19.\picking_label] already exist!
Print sub directory [.\print\2016_11_19.\dispatch_label] already exist!

nov. 19, 2016 11:18:03 PM gui.warehouse_output.WAREHOUSE_OUT_UI0003_PasswordRequest connect
INFOS: User Admin ENGINE / 9999 connected to host O-EZZIOURI at 2016-11-19 23:18:03 Dispatch interface : .
nov. 19, 2016 11:26:33 PM helper.Helper InitDailyDestPrintDir
INFOS: Print directory [.\print\2016_11_19] already exist!
Print sub directory [.\print\2016_11_19.\open_sheet] already exist!
Print sub directory [.\print\2016_11_19.\closing_sheet] already exist!
Print sub directory [.\print\2016_11_19.\picking_label] already exist!
Print sub directory [.\print\2016_11_19.\dispatch_label] already exist!

nov. 19, 2016 11:26:40 PM gui.warehouse_output.WAREHOUSE_OUT_UI0003_PasswordRequest connect
INFOS: User Admin ENGINE / 9999 connected to host O-EZZIOURI at 2016-11-19 23:26:40 Dispatch interface : .
nov. 19, 2016 11:30:58 PM helper.Helper InitDailyDestPrintDir
INFOS: Print directory [.\print\2016_11_19] already exist!
Print sub directory [.\print\2016_11_19.\open_sheet] already exist!
Print sub directory [.\print\2016_11_19.\closing_sheet] already exist!
Print sub directory [.\print\2016_11_19.\picking_label] already exist!
Print sub directory [.\print\2016_11_19.\dispatch_label] already exist!

nov. 19, 2016 11:31:08 PM gui.warehouse_output.WAREHOUSE_OUT_UI0003_PasswordRequest connect
INFOS: User Admin ENGINE / 9999 connected to host O-EZZIOURI at 2016-11-19 23:31:08 Dispatch interface : .
nov. 19, 2016 11:45:15 PM helper.Helper InitDailyDestPrintDir
INFOS: Print directory [.\print\2016_11_19] already exist!
Print sub directory [.\print\2016_11_19.\open_sheet] already exist!
Print sub directory [.\print\2016_11_19.\closing_sheet] already exist!
Print sub directory [.\print\2016_11_19.\picking_label] already exist!
Print sub directory [.\print\2016_11_19.\dispatch_label] already exist!

nov. 19, 2016 11:45:21 PM gui.warehouse_output.WAREHOUSE_OUT_UI0003_PasswordRequest connect
INFOS: User Admin ENGINE / 9999 connected to host O-EZZIOURI at 2016-11-19 23:45:21 Dispatch interface : .
