juin 02, 2017 10:14:41 AM helper.Helper InitDailyDestPrintDir
INFOS: Print directory [.\print\2017_06_02] is created!
Print sub directory [.\print\2017_06_02.\open_sheet] is created!
Print sub directory [.\print\2017_06_02.\closing_sheet] is created!
Print sub directory [.\print\2017_06_02.\picking_label] is created!
Print sub directory [.\print\2017_06_02.\dispatch_label] is created!

juin 02, 2017 10:14:47 AM gui.warehouse_dispatch.WAREHOUSE_DISPATCH_UI0003_PasswordRequest connect
INFOS: User OUSSAMA EZZIOURI / 9999 connected to host WSMA7040 at 2017-06-02 10:14:47 Dispatch interface : .
juin 02, 2017 12:13:57 PM helper.Helper InitDailyDestPrintDir
INFOS: Print directory [.\print\2017_06_02] already exist!
Print sub directory [.\print\2017_06_02.\open_sheet] already exist!
Print sub directory [.\print\2017_06_02.\closing_sheet] already exist!
Print sub directory [.\print\2017_06_02.\picking_label] already exist!
Print sub directory [.\print\2017_06_02.\dispatch_label] already exist!

juin 02, 2017 12:14:01 PM gui.warehouse_dispatch.WAREHOUSE_DISPATCH_UI0003_PasswordRequest connect
INFOS: User OUSSAMA EZZIOURI / 9999 connected to host WSMA7040 at 2017-06-02 12:14:01 Dispatch interface : .
juin 02, 2017 4:01:04 PM helper.Helper InitDailyDestPrintDir
INFOS: Print directory [.\print\2017_06_02] already exist!
Print sub directory [.\print\2017_06_02.\open_sheet] already exist!
Print sub directory [.\print\2017_06_02.\closing_sheet] already exist!
Print sub directory [.\print\2017_06_02.\picking_label] already exist!
Print sub directory [.\print\2017_06_02.\dispatch_label] already exist!

juin 02, 2017 4:04:30 PM gui.warehouse_dispatch.WAREHOUSE_DISPATCH_UI0003_PasswordRequest connect
INFOS: User OUSSAMA EZZIOURI / 9999 connected to host WSMA7040 at 2017-06-02 16:04:30 Dispatch interface : .
juin 02, 2017 4:06:56 PM helper.Helper InitDailyDestPrintDir
INFOS: Print directory [.\print\2017_06_02] already exist!
Print sub directory [.\print\2017_06_02.\open_sheet] already exist!
Print sub directory [.\print\2017_06_02.\closing_sheet] already exist!
Print sub directory [.\print\2017_06_02.\picking_label] already exist!
Print sub directory [.\print\2017_06_02.\dispatch_label] already exist!

juin 02, 2017 4:06:59 PM gui.warehouse_dispatch.WAREHOUSE_DISPATCH_UI0003_PasswordRequest connect
INFOS: User OUSSAMA EZZIOURI / 9999 connected to host WSMA7040 at 2017-06-02 16:06:59 Dispatch interface : .
juin 02, 2017 4:08:36 PM helper.Helper InitDailyDestPrintDir
INFOS: Print directory [.\print\2017_06_02] already exist!
Print sub directory [.\print\2017_06_02.\open_sheet] already exist!
Print sub directory [.\print\2017_06_02.\closing_sheet] already exist!
Print sub directory [.\print\2017_06_02.\picking_label] already exist!
Print sub directory [.\print\2017_06_02.\dispatch_label] already exist!

juin 02, 2017 4:08:39 PM gui.warehouse_dispatch.WAREHOUSE_DISPATCH_UI0003_PasswordRequest connect
INFOS: User OUSSAMA EZZIOURI / 9999 connected to host WSMA7040 at 2017-06-02 16:08:39 Dispatch interface : .
juin 02, 2017 4:09:15 PM helper.Helper InitDailyDestPrintDir
INFOS: Print directory [.\print\2017_06_02] already exist!
Print sub directory [.\print\2017_06_02.\open_sheet] already exist!
Print sub directory [.\print\2017_06_02.\closing_sheet] already exist!
Print sub directory [.\print\2017_06_02.\picking_label] already exist!
Print sub directory [.\print\2017_06_02.\dispatch_label] already exist!

juin 02, 2017 4:09:23 PM gui.warehouse_dispatch.WAREHOUSE_DISPATCH_UI0003_PasswordRequest connect
INFOS: User OUSSAMA EZZIOURI / 9999 connected to host WSMA7040 at 2017-06-02 16:09:23 Dispatch interface : .
juin 02, 2017 4:10:23 PM helper.Helper InitDailyDestPrintDir
INFOS: Print directory [.\print\2017_06_02] already exist!
Print sub directory [.\print\2017_06_02.\open_sheet] already exist!
Print sub directory [.\print\2017_06_02.\closing_sheet] already exist!
Print sub directory [.\print\2017_06_02.\picking_label] already exist!
Print sub directory [.\print\2017_06_02.\dispatch_label] already exist!

juin 02, 2017 4:10:27 PM gui.warehouse_dispatch.WAREHOUSE_DISPATCH_UI0003_PasswordRequest connect
INFOS: User OUSSAMA EZZIOURI / 9999 connected to host WSMA7040 at 2017-06-02 16:10:27 Dispatch interface : .
