déc. 18, 2017 12:05:27 PM helper.Helper InitDailyDestPrintDir
INFOS: File 2017_12_18.log created !Print directory [.\print\2017_12_18] created !
Print sub directory [.\print\2017_12_18.\open_sheet] created !
Print sub directory [.\print\2017_12_18.\closing_sheet] created !
Print sub directory [.\print\2017_12_18.\picking_label] created !
Print sub directory [.\print\2017_12_18.\dispatch_label] created !

déc. 18, 2017 12:05:33 PM entity.ConfigProject select
INFOS: FROM ConfigProject bp ORDER BY harnessType ASC
déc. 18, 2017 12:05:33 PM entity.ConfigProject select
INFOS: FROM ConfigProject bp ORDER BY harnessType ASC
déc. 18, 2017 12:06:00 PM gui.config.CONFIG_UI0000_AUTH checkLoginAndPass
INFOS: User EZZIOURI OUSSAMA / ezou1001 connected to host WSMA7040 at 2017-12-18 12:06:00 Module : Planner.
déc. 18, 2017 12:06:01 PM entity.ConfigSegment select
INFOS: FROM ConfigSegment bp ORDER BY segment ASC
déc. 18, 2017 12:06:01 PM entity.ConfigWorkplace selectBySegment
INFOS: FROM ConfigWorkplace bp WHERE segment = :segment ORDER BY workplace ASC
déc. 18, 2017 12:06:01 PM entity.ConfigProject select
INFOS: FROM ConfigProject bp ORDER BY harnessType ASC
déc. 18, 2017 12:06:07 PM entity.ConfigWorkplace selectBySegment
INFOS: FROM ConfigWorkplace bp WHERE segment = :segment ORDER BY workplace ASC
déc. 18, 2017 12:06:07 PM entity.ConfigWorkplace selectBySegment
INFOS: FROM ConfigWorkplace bp WHERE segment = :segment ORDER BY workplace ASC
déc. 18, 2017 12:07:17 PM gui.packaging.state.S010_UserCodeScan doAction
INFOS: Invalid matricule number or account locked !
déc. 18, 2017 12:07:19 PM gui.packaging.PACKAGING_UI0002_PasswordRequest connect
INFOS: User EZZIOURI OUSSAMA / ezou1001 connected to host WSMA7040 at 2017-12-18 12:07:19 Project : HDEP.
déc. 18, 2017 12:07:19 PM gui.packaging.PACKAGING_UI0002_PasswordRequest loadDotMatrixCodePatterns
INFOS: FROM ConfigBarcode cb WHERE cb.keyWord = :keyWord AND cb.harness_type = :harnessType ORDER BY id ASC
déc. 18, 2017 12:07:19 PM gui.packaging.PACKAGING_UI0002_PasswordRequest loadPartNumberCodePatterns
INFOS: FROM ConfigBarcode cb WHERE cb.keyWord = :keyWord AND cb.harness_type = :harnessType ORDER BY id ASC
déc. 18, 2017 12:07:48 PM entity.ConfigUcs isHarnessPartExist
INFOS: Searching Harness part [23082465] in ConfigUCS: HDEP
déc. 18, 2017 12:07:48 PM entity.ConfigUcs isHarnessPartExist
INFOS: Harness part [23082465] found for project [HDEP].
déc. 18, 2017 12:07:48 PM gui.packaging.state.S020_HarnessPartScan doAction
INFOS: Harness Part scanned [P23082465] OK.
déc. 18, 2017 12:07:49 PM entity.BaseHarness isCounterExist
INFOS: Searching Harness counter [P2308246511223311222017] in BaseHarness.
déc. 18, 2017 12:07:49 PM entity.BaseHarness isCounterExist
INFOS: FROM BaseHarness bh WHERE bh.counter = :counter
déc. 18, 2017 12:07:51 PM gui.packaging.state.S030_MatrixIdScan doAction
INFOS: Valid Harness Counter scanned [P2308246511223311222017] OK.
déc. 18, 2017 12:07:59 PM entity.BaseHarnessAdditionalBarecode isLabelCodeExist
INFOS: Searching Additional Labels barecode [00000000001] in BaseHarnessAdditionalBarecode.
déc. 18, 2017 12:07:59 PM entity.BaseHarnessAdditionalBarecode isLabelCodeExist
INFOS: FROM BaseHarnessAdditionalBarecode bel WHERE bel.labelCode = :labelCode ORDER BY id ASC
déc. 18, 2017 12:08:00 PM entity.BaseHarnessAdditionalBarecode isLabelCodeExist
INFOS: New label engine [00000000001]
déc. 18, 2017 12:08:00 PM gui.packaging.state.S031_PlasticBagScan doAction
INFOS: First Valid Engine Label scanned [00000000001] OK.
déc. 18, 2017 12:08:03 PM entity.BaseHarnessAdditionalBarecode checkLabelFormat
INFOS: Invalid Counter scanned format [000000002]!
déc. 18, 2017 12:08:08 PM entity.BaseHarnessAdditionalBarecode isLabelCodeExist
INFOS: Searching Additional Labels barecode [00000000002] in BaseHarnessAdditionalBarecode.
déc. 18, 2017 12:08:08 PM entity.BaseHarnessAdditionalBarecode isLabelCodeExist
INFOS: FROM BaseHarnessAdditionalBarecode bel WHERE bel.labelCode = :labelCode ORDER BY id ASC
déc. 18, 2017 12:08:08 PM entity.BaseHarnessAdditionalBarecode isLabelCodeExist
INFOS: New label engine [00000000002]
déc. 18, 2017 12:08:08 PM gui.packaging.state.S031_PlasticBagScan doAction
INFOS: First Valid Engine Label scanned [00000000002] OK.
déc. 18, 2017 12:08:11 PM entity.BaseHarnessAdditionalBarecode isLabelCodeExist
INFOS: Searching Additional Labels barecode [00000000003] in BaseHarnessAdditionalBarecode.
déc. 18, 2017 12:08:11 PM entity.BaseHarnessAdditionalBarecode isLabelCodeExist
INFOS: FROM BaseHarnessAdditionalBarecode bel WHERE bel.labelCode = :labelCode ORDER BY id ASC
déc. 18, 2017 12:08:11 PM entity.BaseHarnessAdditionalBarecode isLabelCodeExist
INFOS: New label engine [00000000003]
déc. 18, 2017 12:08:14 PM gui.packaging.state.S040_PalletChoice doAction
INFOS: Is it a new pallet ?
déc. 18, 2017 12:08:14 PM gui.packaging.state.S040_PalletChoice doAction
INFOS:  [Yes]
déc. 18, 2017 12:08:37 PM helper.Helper InitDailyDestPrintDir
INFOS: File 2017_12_18.log created !Print directory [.\print\2017_12_18] created !
Print sub directory [.\print\2017_12_18.\open_sheet] created !
Print sub directory [.\print\2017_12_18.\closing_sheet] created !
Print sub directory [.\print\2017_12_18.\picking_label] created !
Print sub directory [.\print\2017_12_18.\dispatch_label] created !
Print directory [.\print\2017_12_18] already exist!
Print sub directory [.\print\2017_12_18.\open_sheet] already exist!
Print sub directory [.\print\2017_12_18.\closing_sheet] already exist!
Print sub directory [.\print\2017_12_18.\picking_label] already exist!
Print sub directory [.\print\2017_12_18.\dispatch_label] already exist!

déc. 18, 2017 12:08:37 PM helper.PrinterHelper saveAndPrintOpenSheet
INFOS: Set Pallet [200035353] state to [IN_PROCESS]
déc. 18, 2017 12:08:37 PM print.PrintOpenPallet_A5 sentToDefaultDesktopPrinter
INFOS: Sending [.\print\2017_12_18\open_sheet\PrintOpenPallet_A5_2017_12_18_12_08_37_23082465_200035353.pdf] to the default printer...
déc. 18, 2017 12:08:37 PM print.PrintOpenPallet_A5 sentToDefaultDesktopPrinter
INFOS: File [.\print\2017_12_18\open_sheet\PrintOpenPallet_A5_2017_12_18_12_08_37_23082465_200035353.pdf] has been printed.
déc. 18, 2017 12:08:38 PM helper.PrinterHelper saveAndPrintOpenSheet
INFOS: Set Pallet [200035353] state to [PRINTED]
déc. 18, 2017 12:08:38 PM gui.packaging.PACKAGING_UI9000_ChoosePackType loadConfigUcs
INFOS: Openning new container for first harness part [23082465].
déc. 18, 2017 12:08:47 PM gui.packaging.state.S041_NewPalletScan doAction
INFOS: Scanned Pallet number [200035353] OK.
déc. 18, 2017 12:08:47 PM gui.packaging.state.S041_NewPalletScan doAction
INFOS: BaseContainer created BaseContainer{id=34989, createTime=Mon Dec 18 12:08:47 WET 2017, writeTime=Mon Dec 18 12:08:47 WET 2017, createId=58, writeId=58, user=ezou1001, createUser=EZZIOURI OUSSAMA, startTime=Mon Dec 18 12:08:47 WET 2017, closedTime=null, workTime=null, palletNumber=200035353, harnessPart=23082465, harnessIndex=P01, supplierPartNumber=26C97890A, qtyExpected=1, qtyRead=1, containerState=OPEN, containerStateCode=1000, packType=C9, harnessType=HDEP, stdTime=1.679, workstation=WSMA7040, harnessList=[]} 
déc. 18, 2017 12:08:47 PM helper.Helper InitDailyDestPrintDir
INFOS: File 2017_12_18.log created !Print directory [.\print\2017_12_18] created !
Print sub directory [.\print\2017_12_18.\open_sheet] created !
Print sub directory [.\print\2017_12_18.\closing_sheet] created !
Print sub directory [.\print\2017_12_18.\picking_label] created !
Print sub directory [.\print\2017_12_18.\dispatch_label] created !
Print directory [.\print\2017_12_18] already exist!
Print sub directory [.\print\2017_12_18.\open_sheet] already exist!
Print sub directory [.\print\2017_12_18.\closing_sheet] already exist!
Print sub directory [.\print\2017_12_18.\picking_label] already exist!
Print sub directory [.\print\2017_12_18.\dispatch_label] already exist!
Print directory [.\print\2017_12_18] already exist!
Print sub directory [.\print\2017_12_18.\open_sheet] already exist!
Print sub directory [.\print\2017_12_18.\closing_sheet] already exist!
Print sub directory [.\print\2017_12_18.\picking_label] already exist!
Print sub directory [.\print\2017_12_18.\dispatch_label] already exist!

déc. 18, 2017 12:08:48 PM helper.PrinterHelper saveAndPrintClosingSheet
INFOS: Set Closing Pallet item [34624] state to [IN_PROCESS]
déc. 18, 2017 12:08:48 PM print.PrintClosingPallet_A5 sentToDefaultDesktopPrinter
INFOS: Sending [.\print\2017_12_18\closing_sheet\PrintClosingPallet_A5_23082465_2017_12_18_12_08_48.pdf] to the default printer...
déc. 18, 2017 12:08:48 PM print.PrintClosingPallet_A5 sentToDefaultDesktopPrinter
INFOS: File [%s] has been printed.
déc. 18, 2017 12:08:48 PM helper.PrinterHelper saveAndPrintClosingSheet
INFOS: Set Closing Pallet [34624] state to [PRINTED]
déc. 18, 2017 12:09:50 PM entity.ConfigSegment select
INFOS: FROM ConfigSegment bp ORDER BY segment ASC
déc. 18, 2017 12:09:50 PM entity.ConfigSegment select
INFOS: FROM ConfigSegment bp ORDER BY segment ASC
déc. 18, 2017 12:09:50 PM entity.ConfigWorkplace select
INFOS: FROM ConfigWorkplace bp ORDER BY workplace ASC
déc. 18, 2017 12:10:31 PM gui.warehouse_dispatch.WAREHOUSE_DISPATCH_UI0003_PasswordRequest connect
INFOS: User EZZIOURI OUSSAMA / ezou1001 connected to host WSMA7040 at 2017-12-18 12:10:31 Dispatch interface : .
déc. 18, 2017 12:18:24 PM helper.Helper InitDailyDestPrintDir
INFOS: File 2017_12_18.log already exists.Print directory [.\print\2017_12_18] already exist!
Print sub directory [.\print\2017_12_18.\open_sheet] already exist!
Print sub directory [.\print\2017_12_18.\closing_sheet] already exist!
Print sub directory [.\print\2017_12_18.\picking_label] already exist!
Print sub directory [.\print\2017_12_18.\dispatch_label] already exist!

déc. 18, 2017 12:18:26 PM entity.ConfigProject select
INFOS: FROM ConfigProject bp ORDER BY harnessType ASC
déc. 18, 2017 12:18:26 PM entity.ConfigProject select
INFOS: FROM ConfigProject bp ORDER BY harnessType ASC
déc. 18, 2017 12:18:35 PM gui.warehouse_dispatch.WAREHOUSE_DISPATCH_UI0003_PasswordRequest connect
INFOS: User EZZIOURI OUSSAMA / ezou1001 connected to host WSMA7040 at 2017-12-18 12:18:35 Dispatch interface : .
déc. 18, 2017 12:23:45 PM helper.Helper InitDailyDestPrintDir
INFOS: File 2017_12_18.log already exists.Print directory [.\print\2017_12_18] already exist!
Print sub directory [.\print\2017_12_18.\open_sheet] already exist!
Print sub directory [.\print\2017_12_18.\closing_sheet] already exist!
Print sub directory [.\print\2017_12_18.\picking_label] already exist!
Print sub directory [.\print\2017_12_18.\dispatch_label] already exist!

déc. 18, 2017 12:23:53 PM entity.ConfigProject select
INFOS: FROM ConfigProject bp ORDER BY harnessType ASC
déc. 18, 2017 12:23:53 PM entity.ConfigProject select
INFOS: FROM ConfigProject bp ORDER BY harnessType ASC
déc. 18, 2017 12:35:11 PM helper.Helper InitDailyDestPrintDir
INFOS: File 2017_12_18.log already exists.Print directory [.\print\2017_12_18] already exist!
Print sub directory [.\print\2017_12_18.\open_sheet] already exist!
Print sub directory [.\print\2017_12_18.\closing_sheet] already exist!
Print sub directory [.\print\2017_12_18.\picking_label] already exist!
Print sub directory [.\print\2017_12_18.\dispatch_label] already exist!

déc. 18, 2017 12:35:13 PM entity.ConfigProject select
INFOS: FROM ConfigProject bp ORDER BY harnessType ASC
déc. 18, 2017 12:35:13 PM entity.ConfigProject select
INFOS: FROM ConfigProject bp ORDER BY harnessType ASC
