déc. 14, 2016 3:20:03 PM helper.Helper InitDailyDestPrintDir
INFOS: Print directory [.\print\2016_12_14] is created!
Print sub directory [.\print\2016_12_14.\open_sheet] is created!
Print sub directory [.\print\2016_12_14.\closing_sheet] is created!
Print sub directory [.\print\2016_12_14.\picking_label] is created!
Print sub directory [.\print\2016_12_14.\dispatch_label] is created!

déc. 14, 2016 3:20:05 PM gui.packaging.PACKAGING_UI0001_Main loadBarcodeConfig
INFOS: FROM ConfigBarcode cb WHERE cb.keyWord = :keyWord ORDER BY id ASC
déc. 14, 2016 3:20:05 PM entity.ConfigProject select
INFOS: FROM ConfigProject bp ORDER BY harnessType ASC
déc. 14, 2016 3:20:05 PM entity.ConfigProject select
INFOS: FROM ConfigProject bp ORDER BY harnessType ASC
déc. 14, 2016 3:21:22 PM helper.Helper InitDailyDestPrintDir
INFOS: Print directory [.\print\2016_12_14] already exist!
Print sub directory [.\print\2016_12_14.\open_sheet] already exist!
Print sub directory [.\print\2016_12_14.\closing_sheet] already exist!
Print sub directory [.\print\2016_12_14.\picking_label] already exist!
Print sub directory [.\print\2016_12_14.\dispatch_label] already exist!

déc. 14, 2016 3:21:24 PM gui.packaging.PACKAGING_UI0001_Main loadBarcodeConfig
INFOS: FROM ConfigBarcode cb WHERE cb.keyWord = :keyWord ORDER BY id ASC
déc. 14, 2016 3:21:24 PM entity.ConfigProject select
INFOS: FROM ConfigProject bp ORDER BY harnessType ASC
déc. 14, 2016 3:21:24 PM entity.ConfigProject select
INFOS: FROM ConfigProject bp ORDER BY harnessType ASC
déc. 14, 2016 3:28:39 PM entity.ConfigProject select
INFOS: FROM ConfigProject bp ORDER BY harnessType ASC
déc. 14, 2016 3:28:39 PM entity.ConfigSegment select
INFOS: FROM ConfigSegment bp ORDER BY segment ASC
déc. 14, 2016 3:28:39 PM entity.ConfigWorkplace select
INFOS: FROM ConfigWorkplace bp ORDER BY workplace ASC
déc. 14, 2016 3:33:21 PM helper.Helper InitDailyDestPrintDir
INFOS: Print directory [.\print\2016_12_14] already exist!
Print sub directory [.\print\2016_12_14.\open_sheet] already exist!
Print sub directory [.\print\2016_12_14.\closing_sheet] already exist!
Print sub directory [.\print\2016_12_14.\picking_label] already exist!
Print sub directory [.\print\2016_12_14.\dispatch_label] already exist!

déc. 14, 2016 3:33:23 PM gui.packaging.PACKAGING_UI0001_Main loadBarcodeConfig
INFOS: FROM ConfigBarcode cb WHERE cb.keyWord = :keyWord ORDER BY id ASC
déc. 14, 2016 3:33:23 PM entity.ConfigProject select
INFOS: FROM ConfigProject bp ORDER BY harnessType ASC
déc. 14, 2016 3:33:23 PM entity.ConfigProject select
INFOS: FROM ConfigProject bp ORDER BY harnessType ASC
déc. 14, 2016 3:33:24 PM entity.ConfigProject select
INFOS: FROM ConfigProject bp ORDER BY harnessType ASC
déc. 14, 2016 3:33:24 PM entity.ConfigSegment select
INFOS: FROM ConfigSegment bp ORDER BY segment ASC
déc. 14, 2016 3:33:24 PM entity.ConfigWorkplace select
INFOS: FROM ConfigWorkplace bp ORDER BY workplace ASC
déc. 14, 2016 3:37:13 PM helper.Helper InitDailyDestPrintDir
INFOS: Print directory [.\print\2016_12_14] already exist!
Print sub directory [.\print\2016_12_14.\open_sheet] already exist!
Print sub directory [.\print\2016_12_14.\closing_sheet] already exist!
Print sub directory [.\print\2016_12_14.\picking_label] already exist!
Print sub directory [.\print\2016_12_14.\dispatch_label] already exist!

déc. 14, 2016 3:37:14 PM gui.packaging.PACKAGING_UI0001_Main loadBarcodeConfig
INFOS: FROM ConfigBarcode cb WHERE cb.keyWord = :keyWord ORDER BY id ASC
déc. 14, 2016 3:37:14 PM entity.ConfigProject select
INFOS: FROM ConfigProject bp ORDER BY harnessType ASC
déc. 14, 2016 3:37:14 PM entity.ConfigProject select
INFOS: FROM ConfigProject bp ORDER BY harnessType ASC
déc. 14, 2016 3:37:16 PM entity.ConfigProject select
INFOS: FROM ConfigProject bp ORDER BY harnessType ASC
déc. 14, 2016 3:37:16 PM entity.ConfigSegment select
INFOS: FROM ConfigSegment bp ORDER BY segment ASC
déc. 14, 2016 3:37:16 PM entity.ConfigWorkplace select
INFOS: FROM ConfigWorkplace bp ORDER BY workplace ASC
déc. 14, 2016 3:49:42 PM helper.Helper InitDailyDestPrintDir
INFOS: Print directory [.\print\2016_12_14] already exist!
Print sub directory [.\print\2016_12_14.\open_sheet] already exist!
Print sub directory [.\print\2016_12_14.\closing_sheet] already exist!
Print sub directory [.\print\2016_12_14.\picking_label] already exist!
Print sub directory [.\print\2016_12_14.\dispatch_label] already exist!

déc. 14, 2016 3:49:43 PM gui.packaging.PACKAGING_UI0001_Main loadBarcodeConfig
INFOS: FROM ConfigBarcode cb WHERE cb.keyWord = :keyWord ORDER BY id ASC
déc. 14, 2016 3:49:43 PM entity.ConfigProject select
INFOS: FROM ConfigProject bp ORDER BY harnessType ASC
déc. 14, 2016 3:49:43 PM entity.ConfigProject select
INFOS: FROM ConfigProject bp ORDER BY harnessType ASC
déc. 14, 2016 3:49:45 PM entity.ConfigProject select
INFOS: FROM ConfigProject bp ORDER BY harnessType ASC
déc. 14, 2016 3:49:45 PM entity.ConfigSegment select
INFOS: FROM ConfigSegment bp ORDER BY segment ASC
déc. 14, 2016 3:49:45 PM entity.ConfigWorkplace select
INFOS: FROM ConfigWorkplace bp ORDER BY workplace ASC
déc. 14, 2016 3:53:04 PM helper.Helper InitDailyDestPrintDir
INFOS: Print directory [.\print\2016_12_14] already exist!
Print sub directory [.\print\2016_12_14.\open_sheet] already exist!
Print sub directory [.\print\2016_12_14.\closing_sheet] already exist!
Print sub directory [.\print\2016_12_14.\picking_label] already exist!
Print sub directory [.\print\2016_12_14.\dispatch_label] already exist!

déc. 14, 2016 3:53:05 PM gui.packaging.PACKAGING_UI0001_Main loadBarcodeConfig
INFOS: FROM ConfigBarcode cb WHERE cb.keyWord = :keyWord ORDER BY id ASC
déc. 14, 2016 3:53:05 PM entity.ConfigProject select
INFOS: FROM ConfigProject bp ORDER BY harnessType ASC
déc. 14, 2016 3:53:05 PM entity.ConfigProject select
INFOS: FROM ConfigProject bp ORDER BY harnessType ASC
déc. 14, 2016 3:53:06 PM entity.ConfigProject select
INFOS: FROM ConfigProject bp ORDER BY harnessType ASC
déc. 14, 2016 3:53:06 PM entity.ConfigSegment select
INFOS: FROM ConfigSegment bp ORDER BY segment ASC
déc. 14, 2016 4:13:12 PM helper.Helper InitDailyDestPrintDir
INFOS: Print directory [.\print\2016_12_14] already exist!
Print sub directory [.\print\2016_12_14.\open_sheet] already exist!
Print sub directory [.\print\2016_12_14.\closing_sheet] already exist!
Print sub directory [.\print\2016_12_14.\picking_label] already exist!
Print sub directory [.\print\2016_12_14.\dispatch_label] already exist!

déc. 14, 2016 4:13:13 PM gui.packaging.PACKAGING_UI0001_Main loadBarcodeConfig
INFOS: FROM ConfigBarcode cb WHERE cb.keyWord = :keyWord ORDER BY id ASC
déc. 14, 2016 4:13:13 PM entity.ConfigProject select
INFOS: FROM ConfigProject bp ORDER BY harnessType ASC
déc. 14, 2016 4:13:13 PM entity.ConfigProject select
INFOS: FROM ConfigProject bp ORDER BY harnessType ASC
déc. 14, 2016 4:13:16 PM entity.ConfigProject select
INFOS: FROM ConfigProject bp ORDER BY harnessType ASC
déc. 14, 2016 4:13:16 PM entity.ConfigSegment select
INFOS: FROM ConfigSegment bp ORDER BY segment ASC
déc. 14, 2016 4:13:53 PM helper.Helper InitDailyDestPrintDir
INFOS: Print directory [.\print\2016_12_14] already exist!
Print sub directory [.\print\2016_12_14.\open_sheet] already exist!
Print sub directory [.\print\2016_12_14.\closing_sheet] already exist!
Print sub directory [.\print\2016_12_14.\picking_label] already exist!
Print sub directory [.\print\2016_12_14.\dispatch_label] already exist!

déc. 14, 2016 4:13:54 PM gui.packaging.PACKAGING_UI0001_Main loadBarcodeConfig
INFOS: FROM ConfigBarcode cb WHERE cb.keyWord = :keyWord ORDER BY id ASC
déc. 14, 2016 4:13:54 PM entity.ConfigProject select
INFOS: FROM ConfigProject bp ORDER BY harnessType ASC
déc. 14, 2016 4:13:54 PM entity.ConfigProject select
INFOS: FROM ConfigProject bp ORDER BY harnessType ASC
déc. 14, 2016 4:14:02 PM entity.ConfigProject select
INFOS: FROM ConfigProject bp ORDER BY harnessType ASC
déc. 14, 2016 4:14:02 PM entity.ConfigSegment select
INFOS: FROM ConfigSegment bp ORDER BY segment ASC
déc. 14, 2016 4:14:03 PM entity.ConfigWorkplace selectBySegment
INFOS: FROM ConfigWorkplace bp WHERE segment = :segment ORDER BY workplace ASC
déc. 14, 2016 4:14:03 PM entity.ConfigWorkplace selectBySegment
INFOS: FROM ConfigWorkplace bp WHERE segment = :segment ORDER BY workplace ASC
déc. 14, 2016 4:14:11 PM entity.ConfigWorkplace selectBySegment
INFOS: FROM ConfigWorkplace bp WHERE segment = :segment ORDER BY workplace ASC
déc. 14, 2016 4:14:11 PM entity.ConfigWorkplace selectBySegment
INFOS: FROM ConfigWorkplace bp WHERE segment = :segment ORDER BY workplace ASC
déc. 14, 2016 4:16:11 PM helper.Helper InitDailyDestPrintDir
INFOS: Print directory [.\print\2016_12_14] already exist!
Print sub directory [.\print\2016_12_14.\open_sheet] already exist!
Print sub directory [.\print\2016_12_14.\closing_sheet] already exist!
Print sub directory [.\print\2016_12_14.\picking_label] already exist!
Print sub directory [.\print\2016_12_14.\dispatch_label] already exist!

déc. 14, 2016 4:16:12 PM gui.packaging.PACKAGING_UI0001_Main loadBarcodeConfig
INFOS: FROM ConfigBarcode cb WHERE cb.keyWord = :keyWord ORDER BY id ASC
déc. 14, 2016 4:16:12 PM entity.ConfigProject select
INFOS: FROM ConfigProject bp ORDER BY harnessType ASC
déc. 14, 2016 4:16:12 PM entity.ConfigProject select
INFOS: FROM ConfigProject bp ORDER BY harnessType ASC
déc. 14, 2016 4:16:16 PM entity.ConfigProject select
INFOS: FROM ConfigProject bp ORDER BY harnessType ASC
déc. 14, 2016 4:16:16 PM entity.ConfigSegment select
INFOS: FROM ConfigSegment bp ORDER BY segment ASC
déc. 14, 2016 4:16:19 PM entity.ConfigWorkplace selectBySegment
INFOS: FROM ConfigWorkplace bp WHERE segment = :segment ORDER BY workplace ASC
déc. 14, 2016 4:16:19 PM entity.ConfigWorkplace selectBySegment
INFOS: FROM ConfigWorkplace bp WHERE segment = :segment ORDER BY workplace ASC
déc. 14, 2016 4:16:22 PM entity.ConfigWorkplace selectBySegment
INFOS: FROM ConfigWorkplace bp WHERE segment = :segment ORDER BY workplace ASC
déc. 14, 2016 4:16:22 PM entity.ConfigWorkplace selectBySegment
INFOS: FROM ConfigWorkplace bp WHERE segment = :segment ORDER BY workplace ASC
déc. 14, 2016 4:16:30 PM entity.ConfigWorkplace selectBySegment
INFOS: FROM ConfigWorkplace bp WHERE segment = :segment ORDER BY workplace ASC
déc. 14, 2016 4:16:30 PM entity.ConfigWorkplace selectBySegment
INFOS: FROM ConfigWorkplace bp WHERE segment = :segment ORDER BY workplace ASC
déc. 14, 2016 4:16:33 PM entity.ConfigWorkplace selectBySegment
INFOS: FROM ConfigWorkplace bp WHERE segment = :segment ORDER BY workplace ASC
déc. 14, 2016 4:16:33 PM entity.ConfigWorkplace selectBySegment
INFOS: FROM ConfigWorkplace bp WHERE segment = :segment ORDER BY workplace ASC
déc. 14, 2016 4:19:31 PM helper.Helper InitDailyDestPrintDir
INFOS: Print directory [.\print\2016_12_14] already exist!
Print sub directory [.\print\2016_12_14.\open_sheet] already exist!
Print sub directory [.\print\2016_12_14.\closing_sheet] already exist!
Print sub directory [.\print\2016_12_14.\picking_label] already exist!
Print sub directory [.\print\2016_12_14.\dispatch_label] already exist!

déc. 14, 2016 4:19:55 PM gui.packaging.PACKAGING_UI0001_Main loadBarcodeConfig
INFOS: FROM ConfigBarcode cb WHERE cb.keyWord = :keyWord ORDER BY id ASC
déc. 14, 2016 4:19:55 PM entity.ConfigProject select
INFOS: FROM ConfigProject bp ORDER BY harnessType ASC
déc. 14, 2016 4:19:55 PM entity.ConfigProject select
INFOS: FROM ConfigProject bp ORDER BY harnessType ASC
déc. 14, 2016 4:19:56 PM entity.ConfigProject select
INFOS: FROM ConfigProject bp ORDER BY harnessType ASC
déc. 14, 2016 4:19:56 PM entity.ConfigSegment select
INFOS: FROM ConfigSegment bp ORDER BY segment ASC
déc. 14, 2016 4:20:13 PM entity.ConfigWorkplace selectBySegment
INFOS: FROM ConfigWorkplace bp WHERE segment = :segment ORDER BY workplace ASC
déc. 14, 2016 4:20:13 PM entity.ConfigWorkplace selectBySegment
INFOS: FROM ConfigWorkplace bp WHERE segment = :segment ORDER BY workplace ASC
déc. 14, 2016 4:20:18 PM entity.ConfigWorkplace selectBySegment
INFOS: FROM ConfigWorkplace bp WHERE segment = :segment ORDER BY workplace ASC
déc. 14, 2016 4:20:18 PM entity.ConfigWorkplace selectBySegment
INFOS: FROM ConfigWorkplace bp WHERE segment = :segment ORDER BY workplace ASC
déc. 14, 2016 4:26:08 PM entity.ConfigWorkplace selectBySegment
INFOS: FROM ConfigWorkplace bp WHERE segment = :segment ORDER BY workplace ASC
déc. 14, 2016 4:26:08 PM entity.ConfigWorkplace selectBySegment
INFOS: FROM ConfigWorkplace bp WHERE segment = :segment ORDER BY workplace ASC
déc. 14, 2016 4:26:12 PM entity.ConfigWorkplace selectBySegment
INFOS: FROM ConfigWorkplace bp WHERE segment = :segment ORDER BY workplace ASC
déc. 14, 2016 4:26:12 PM entity.ConfigWorkplace selectBySegment
INFOS: FROM ConfigWorkplace bp WHERE segment = :segment ORDER BY workplace ASC
déc. 14, 2016 5:00:07 PM helper.Helper InitDailyDestPrintDir
INFOS: Print directory [.\print\2016_12_14] already exist!
Print sub directory [.\print\2016_12_14.\open_sheet] already exist!
Print sub directory [.\print\2016_12_14.\closing_sheet] already exist!
Print sub directory [.\print\2016_12_14.\picking_label] already exist!
Print sub directory [.\print\2016_12_14.\dispatch_label] already exist!

déc. 14, 2016 5:00:08 PM gui.packaging.PACKAGING_UI0001_Main loadBarcodeConfig
INFOS: FROM ConfigBarcode cb WHERE cb.keyWord = :keyWord ORDER BY id ASC
déc. 14, 2016 5:00:08 PM entity.ConfigProject select
INFOS: FROM ConfigProject bp ORDER BY harnessType ASC
déc. 14, 2016 5:00:08 PM entity.ConfigProject select
INFOS: FROM ConfigProject bp ORDER BY harnessType ASC
déc. 14, 2016 5:00:12 PM entity.ConfigProject select
INFOS: FROM ConfigProject bp ORDER BY harnessType ASC
déc. 14, 2016 5:00:12 PM entity.ConfigSegment select
INFOS: FROM ConfigSegment bp ORDER BY segment ASC
déc. 14, 2016 5:03:56 PM helper.Helper InitDailyDestPrintDir
INFOS: Print directory [.\print\2016_12_14] already exist!
Print sub directory [.\print\2016_12_14.\open_sheet] already exist!
Print sub directory [.\print\2016_12_14.\closing_sheet] already exist!
Print sub directory [.\print\2016_12_14.\picking_label] already exist!
Print sub directory [.\print\2016_12_14.\dispatch_label] already exist!

déc. 14, 2016 5:03:58 PM gui.packaging.PACKAGING_UI0001_Main loadBarcodeConfig
INFOS: FROM ConfigBarcode cb WHERE cb.keyWord = :keyWord ORDER BY id ASC
déc. 14, 2016 5:03:58 PM entity.ConfigProject select
INFOS: FROM ConfigProject bp ORDER BY harnessType ASC
déc. 14, 2016 5:03:58 PM entity.ConfigProject select
INFOS: FROM ConfigProject bp ORDER BY harnessType ASC
déc. 14, 2016 5:04:11 PM entity.ConfigProject select
INFOS: FROM ConfigProject bp ORDER BY harnessType ASC
déc. 14, 2016 5:04:11 PM entity.ConfigSegment select
INFOS: FROM ConfigSegment bp ORDER BY segment ASC
déc. 14, 2016 5:04:41 PM entity.ConfigWorkplace selectBySegment
INFOS: FROM ConfigWorkplace bp WHERE segment = :segment ORDER BY workplace ASC
déc. 14, 2016 5:04:41 PM entity.ConfigWorkplace selectBySegment
INFOS: FROM ConfigWorkplace bp WHERE segment = :segment ORDER BY workplace ASC
déc. 14, 2016 5:05:26 PM entity.ConfigWorkplace selectBySegment
INFOS: FROM ConfigWorkplace bp WHERE segment = :segment ORDER BY workplace ASC
déc. 14, 2016 5:05:26 PM entity.ConfigWorkplace selectBySegment
INFOS: FROM ConfigWorkplace bp WHERE segment = :segment ORDER BY workplace ASC
déc. 14, 2016 5:05:53 PM helper.Helper InitDailyDestPrintDir
INFOS: Print directory [.\print\2016_12_14] already exist!
Print sub directory [.\print\2016_12_14.\open_sheet] already exist!
Print sub directory [.\print\2016_12_14.\closing_sheet] already exist!
Print sub directory [.\print\2016_12_14.\picking_label] already exist!
Print sub directory [.\print\2016_12_14.\dispatch_label] already exist!

déc. 14, 2016 5:05:54 PM gui.packaging.PACKAGING_UI0001_Main loadBarcodeConfig
INFOS: FROM ConfigBarcode cb WHERE cb.keyWord = :keyWord ORDER BY id ASC
déc. 14, 2016 5:05:54 PM entity.ConfigProject select
INFOS: FROM ConfigProject bp ORDER BY harnessType ASC
déc. 14, 2016 5:05:54 PM entity.ConfigProject select
INFOS: FROM ConfigProject bp ORDER BY harnessType ASC
déc. 14, 2016 5:05:56 PM entity.ConfigProject select
INFOS: FROM ConfigProject bp ORDER BY harnessType ASC
déc. 14, 2016 5:05:56 PM entity.ConfigSegment select
INFOS: FROM ConfigSegment bp ORDER BY segment ASC
déc. 14, 2016 5:07:20 PM helper.Helper InitDailyDestPrintDir
INFOS: Print directory [.\print\2016_12_14] already exist!
Print sub directory [.\print\2016_12_14.\open_sheet] already exist!
Print sub directory [.\print\2016_12_14.\closing_sheet] already exist!
Print sub directory [.\print\2016_12_14.\picking_label] already exist!
Print sub directory [.\print\2016_12_14.\dispatch_label] already exist!

déc. 14, 2016 5:07:22 PM gui.packaging.PACKAGING_UI0001_Main loadBarcodeConfig
INFOS: FROM ConfigBarcode cb WHERE cb.keyWord = :keyWord ORDER BY id ASC
déc. 14, 2016 5:07:22 PM entity.ConfigProject select
INFOS: FROM ConfigProject bp ORDER BY harnessType ASC
déc. 14, 2016 5:07:22 PM entity.ConfigProject select
INFOS: FROM ConfigProject bp ORDER BY harnessType ASC
déc. 14, 2016 5:07:24 PM entity.ConfigProject select
INFOS: FROM ConfigProject bp ORDER BY harnessType ASC
déc. 14, 2016 5:07:24 PM entity.ConfigSegment select
INFOS: FROM ConfigSegment bp ORDER BY segment ASC
déc. 14, 2016 5:08:03 PM helper.Helper InitDailyDestPrintDir
INFOS: Print directory [.\print\2016_12_14] already exist!
Print sub directory [.\print\2016_12_14.\open_sheet] already exist!
Print sub directory [.\print\2016_12_14.\closing_sheet] already exist!
Print sub directory [.\print\2016_12_14.\picking_label] already exist!
Print sub directory [.\print\2016_12_14.\dispatch_label] already exist!

déc. 14, 2016 5:08:04 PM gui.packaging.PACKAGING_UI0001_Main loadBarcodeConfig
INFOS: FROM ConfigBarcode cb WHERE cb.keyWord = :keyWord ORDER BY id ASC
déc. 14, 2016 5:08:04 PM entity.ConfigProject select
INFOS: FROM ConfigProject bp ORDER BY harnessType ASC
déc. 14, 2016 5:08:04 PM entity.ConfigProject select
INFOS: FROM ConfigProject bp ORDER BY harnessType ASC
déc. 14, 2016 5:08:06 PM entity.ConfigProject select
INFOS: FROM ConfigProject bp ORDER BY harnessType ASC
déc. 14, 2016 5:08:06 PM entity.ConfigSegment select
INFOS: FROM ConfigSegment bp ORDER BY segment ASC
déc. 14, 2016 5:08:37 PM helper.Helper InitDailyDestPrintDir
INFOS: Print directory [.\print\2016_12_14] already exist!
Print sub directory [.\print\2016_12_14.\open_sheet] already exist!
Print sub directory [.\print\2016_12_14.\closing_sheet] already exist!
Print sub directory [.\print\2016_12_14.\picking_label] already exist!
Print sub directory [.\print\2016_12_14.\dispatch_label] already exist!

déc. 14, 2016 5:08:39 PM gui.packaging.PACKAGING_UI0001_Main loadBarcodeConfig
INFOS: FROM ConfigBarcode cb WHERE cb.keyWord = :keyWord ORDER BY id ASC
déc. 14, 2016 5:08:39 PM entity.ConfigProject select
INFOS: FROM ConfigProject bp ORDER BY harnessType ASC
déc. 14, 2016 5:08:39 PM entity.ConfigProject select
INFOS: FROM ConfigProject bp ORDER BY harnessType ASC
déc. 14, 2016 5:08:41 PM entity.ConfigProject select
INFOS: FROM ConfigProject bp ORDER BY harnessType ASC
déc. 14, 2016 5:08:41 PM entity.ConfigSegment select
INFOS: FROM ConfigSegment bp ORDER BY segment ASC
déc. 14, 2016 5:09:52 PM helper.Helper InitDailyDestPrintDir
INFOS: Print directory [.\print\2016_12_14] already exist!
Print sub directory [.\print\2016_12_14.\open_sheet] already exist!
Print sub directory [.\print\2016_12_14.\closing_sheet] already exist!
Print sub directory [.\print\2016_12_14.\picking_label] already exist!
Print sub directory [.\print\2016_12_14.\dispatch_label] already exist!

déc. 14, 2016 5:09:53 PM gui.packaging.PACKAGING_UI0001_Main loadBarcodeConfig
INFOS: FROM ConfigBarcode cb WHERE cb.keyWord = :keyWord ORDER BY id ASC
déc. 14, 2016 5:09:53 PM entity.ConfigProject select
INFOS: FROM ConfigProject bp ORDER BY harnessType ASC
déc. 14, 2016 5:09:53 PM entity.ConfigProject select
INFOS: FROM ConfigProject bp ORDER BY harnessType ASC
déc. 14, 2016 5:09:56 PM entity.ConfigProject select
INFOS: FROM ConfigProject bp ORDER BY harnessType ASC
déc. 14, 2016 5:09:56 PM entity.ConfigSegment select
INFOS: FROM ConfigSegment bp ORDER BY segment ASC
