mars 07, 2016 11:46:28 AM helper.Helper InitDailyDestPrintDir
INFOS: Print directory [.\print\2016_03_07] is created!
Print sub directory [.\print\2016_03_07.\pallet] is created!
Print sub directory [.\print\2016_03_07.\closing_pallet] is created!

mars 07, 2016 11:49:26 AM helper.Helper InitDailyDestPrintDir
INFOS: Print directory [.\print\2016_03_07] already exist!
Print sub directory [.\print\2016_03_07.\pallet] already exist!
Print sub directory [.\print\2016_03_07.\closing_pallet] already exist!

mars 07, 2016 11:49:26 AM entity.ConfigProject select
INFOS: FROM ConfigProject bp ORDER BY harnessType ASC
mars 07, 2016 11:49:26 AM entity.ConfigProject select
INFOS: FROM ConfigProject bp ORDER BY harnessType ASC
mars 07, 2016 12:03:31 PM helper.Helper InitDailyDestPrintDir
INFOS: Print directory [.\print\2016_03_07] already exist!
Print sub directory [.\print\2016_03_07.\pallet] already exist!
Print sub directory [.\print\2016_03_07.\closing_pallet] already exist!

mars 07, 2016 12:03:32 PM entity.ConfigProject select
INFOS: FROM ConfigProject bp ORDER BY harnessType ASC
mars 07, 2016 12:03:32 PM entity.ConfigProject select
INFOS: FROM ConfigProject bp ORDER BY harnessType ASC
mars 07, 2016 12:05:47 PM helper.Helper InitDailyDestPrintDir
INFOS: Print directory [.\print\2016_03_07] already exist!
Print sub directory [.\print\2016_03_07.\pallet] already exist!
Print sub directory [.\print\2016_03_07.\closing_pallet] already exist!

mars 07, 2016 12:05:47 PM entity.ConfigProject select
INFOS: FROM ConfigProject bp ORDER BY harnessType ASC
mars 07, 2016 12:05:47 PM entity.ConfigProject select
INFOS: FROM ConfigProject bp ORDER BY harnessType ASC
mars 07, 2016 12:06:06 PM state.S010_UserCodeScan doAction
INFOS: Invalid matricule number or account locked !
mars 07, 2016 12:06:12 PM state.S010_UserCodeScan doAction
INFOS: User Jawad SOBHI / 1002 connected to host WSMA7040 at 2016-03-07 12:06:12 Project : SMALL.
mars 07, 2016 12:06:32 PM entity.ConfigUcs isHarnessPartExist
INFOS: Searching Harness part [22205127] in ConfigUCS: SMALL
mars 07, 2016 12:06:32 PM entity.ConfigUcs isHarnessPartExist
INFOS: Harness part [22205127] NOT found.
mars 07, 2016 12:06:32 PM state.S020_HarnessPartScan doAction
AVERTISSEMENT: Harness part [P22205127] NOT found in UCS [SMALL].
mars 07, 2016 2:00:12 PM helper.Helper InitDailyDestPrintDir
INFOS: Print directory [.\print\2016_03_07] already exist!
Print sub directory [.\print\2016_03_07.\pallet] already exist!
Print sub directory [.\print\2016_03_07.\closing_pallet] already exist!

mars 07, 2016 2:00:14 PM entity.ConfigProject select
INFOS: FROM ConfigProject bp ORDER BY harnessType ASC
mars 07, 2016 2:00:14 PM entity.ConfigProject select
INFOS: FROM ConfigProject bp ORDER BY harnessType ASC
mars 07, 2016 2:00:20 PM state.S010_UserCodeScan doAction
INFOS: Invalid matricule number or account locked !
mars 07, 2016 2:00:23 PM state.S010_UserCodeScan doAction
INFOS: User Jawad SOBHI / 1002 connected to host WSMA7040 at 2016-03-07 14:00:23 Project : SMALL.
mars 07, 2016 2:00:28 PM entity.ConfigUcs isHarnessPartExist
INFOS: Searching Harness part [22205127] in ConfigUCS: SMALL
mars 07, 2016 2:00:28 PM entity.ConfigUcs isHarnessPartExist
INFOS: Harness part [22205127] found for project [SMALL].
mars 07, 2016 2:00:28 PM state.S020_HarnessPartScan doAction
INFOS: Harness Part scanned [P22205127] OK.
mars 07, 2016 2:00:44 PM entity.BaseHarness isCounterExist
INFOS: Searching Harness counter [P2220512705.02.2016;00:00:00] in BaseHarness.
mars 07, 2016 2:00:44 PM entity.BaseHarness isCounterExist
INFOS: FROM BaseHarness bh WHERE bh.counter = :counter
mars 07, 2016 2:00:44 PM state.S030_QRCodeScan doAction
INFOS: Valid Harness Counter scanned [P2220512705.02.2016;00:00:00] OK.
mars 07, 2016 2:00:46 PM gui.UI9000_ChooseContainerType <init>
INFOS: Item found 22205127--26C03051A--P03--kltv-780--150
mars 07, 2016 2:00:46 PM gui.UI9000_ChooseContainerType <init>
INFOS: 1 item(s) found for Harness Part[22205127].
mars 07, 2016 2:00:47 PM gui.UI9000_ChooseContainerType mappingContextVals
INFOS: Selected pack type : 22205127--26C03051A--P03--kltv-780--150 
mars 07, 2016 2:00:47 PM gui.UI9000_ChooseContainerType items_listKeyPressed
DÉSACTIVÉ: FROM ConfigUcs cu WHERE cu.supplierPartNumber = :supplierPartNumber AND cu.harnessIndex = :harnessIndex
mars 07, 2016 2:00:48 PM gui.UI9000_ChooseContainerType items_listKeyPressed
INFOS: Set Pallet [4] state to [error]. .\print\2016_07_03\pallet\PrintOpenPallet_A5_2016_07_03_14_00_48.pdf (Le chemin d’accès spécifié est introuvable)
mars 07, 2016 2:02:53 PM helper.Helper InitDailyDestPrintDir
INFOS: Print directory [.\print\2016_03_07] is created!
Print sub directory [.\print\2016_03_07.\pallet] is created!
Print sub directory [.\print\2016_03_07.\closing_pallet] is created!

mars 07, 2016 2:02:53 PM entity.ConfigProject select
INFOS: FROM ConfigProject bp ORDER BY harnessType ASC
mars 07, 2016 2:02:53 PM entity.ConfigProject select
INFOS: FROM ConfigProject bp ORDER BY harnessType ASC
mars 07, 2016 2:03:00 PM state.S010_UserCodeScan doAction
INFOS: Invalid matricule number or account locked !
mars 07, 2016 2:03:04 PM state.S010_UserCodeScan doAction
INFOS: User Jawad SOBHI / 1002 connected to host WSMA7040 at 2016-03-07 14:03:04 Project : SMALL.
mars 07, 2016 2:03:14 PM entity.ConfigUcs isHarnessPartExist
INFOS: Searching Harness part [22205127] in ConfigUCS: SMALL
mars 07, 2016 2:03:14 PM entity.ConfigUcs isHarnessPartExist
INFOS: Harness part [22205127] found for project [SMALL].
mars 07, 2016 2:03:14 PM state.S020_HarnessPartScan doAction
INFOS: Harness Part scanned [P22205127] OK.
mars 07, 2016 2:03:28 PM entity.BaseHarness isCounterExist
INFOS: Searching Harness counter [P2220512705.02.2016;00:00:00] in BaseHarness.
mars 07, 2016 2:03:28 PM entity.BaseHarness isCounterExist
INFOS: FROM BaseHarness bh WHERE bh.counter = :counter
mars 07, 2016 2:03:28 PM state.S030_QRCodeScan doAction
INFOS: Valid Harness Counter scanned [P2220512705.02.2016;00:00:00] OK.
mars 07, 2016 2:03:30 PM gui.UI9000_ChooseContainerType <init>
INFOS: Item found 22205127--26C03051A--P03--kltv-780--150
mars 07, 2016 2:03:30 PM gui.UI9000_ChooseContainerType <init>
INFOS: 1 item(s) found for Harness Part[22205127].
mars 07, 2016 2:03:31 PM gui.UI9000_ChooseContainerType mappingContextVals
INFOS: Selected pack type : 22205127--26C03051A--P03--kltv-780--150 
mars 07, 2016 2:03:31 PM gui.UI9000_ChooseContainerType items_listKeyPressed
DÉSACTIVÉ: FROM ConfigUcs cu WHERE cu.supplierPartNumber = :supplierPartNumber AND cu.harnessIndex = :harnessIndex
mars 07, 2016 2:03:32 PM gui.UI9000_ChooseContainerType items_listKeyPressed
INFOS: Set Pallet [5] state to [in_process]
mars 07, 2016 2:03:32 PM gui.UI9000_ChooseContainerType items_listKeyPressed
INFOS: Set Pallet [5] state to [error]
mars 07, 2016 2:04:14 PM helper.Helper InitDailyDestPrintDir
INFOS: Print directory [.\print\2016_03_07] already exist!
Print sub directory [.\print\2016_03_07.\pallet] already exist!
Print sub directory [.\print\2016_03_07.\closing_pallet] already exist!

mars 07, 2016 2:04:14 PM entity.ConfigProject select
INFOS: FROM ConfigProject bp ORDER BY harnessType ASC
mars 07, 2016 2:04:14 PM entity.ConfigProject select
INFOS: FROM ConfigProject bp ORDER BY harnessType ASC
mars 07, 2016 2:04:22 PM state.S010_UserCodeScan doAction
INFOS: User Jawad SOBHI / 1002 connected to host WSMA7040 at 2016-03-07 14:04:22 Project : SMALL.
mars 07, 2016 2:04:25 PM entity.ConfigUcs isHarnessPartExist
INFOS: Searching Harness part [22205127] in ConfigUCS: SMALL
mars 07, 2016 2:04:25 PM entity.ConfigUcs isHarnessPartExist
INFOS: Harness part [22205127] found for project [SMALL].
mars 07, 2016 2:04:25 PM state.S020_HarnessPartScan doAction
INFOS: Harness Part scanned [P22205127] OK.
mars 07, 2016 2:04:29 PM entity.BaseHarness isCounterExist
INFOS: Searching Harness counter [P2220512705.02.2016;00:00:00] in BaseHarness.
mars 07, 2016 2:04:29 PM entity.BaseHarness isCounterExist
INFOS: FROM BaseHarness bh WHERE bh.counter = :counter
mars 07, 2016 2:04:29 PM state.S030_QRCodeScan doAction
INFOS: Valid Harness Counter scanned [P2220512705.02.2016;00:00:00] OK.
mars 07, 2016 2:04:31 PM gui.UI9000_ChooseContainerType <init>
INFOS: Item found 22205127--26C03051A--P03--kltv-780--150
mars 07, 2016 2:04:31 PM gui.UI9000_ChooseContainerType <init>
INFOS: 1 item(s) found for Harness Part[22205127].
mars 07, 2016 2:04:31 PM gui.UI9000_ChooseContainerType mappingContextVals
INFOS: Selected pack type : 22205127--26C03051A--P03--kltv-780--150 
mars 07, 2016 2:04:31 PM gui.UI9000_ChooseContainerType items_listKeyPressed
DÉSACTIVÉ: FROM ConfigUcs cu WHERE cu.supplierPartNumber = :supplierPartNumber AND cu.harnessIndex = :harnessIndex
mars 07, 2016 2:04:31 PM gui.UI9000_ChooseContainerType items_listKeyPressed
INFOS: Set Pallet [6] state to [in_process]
mars 07, 2016 2:04:31 PM print.PrintOpenPallet_A5 sentToDefaultDesktopPrinter
INFOS: Sending [.\print\2016_03_07\pallet\PrintOpenPallet_A5_2016_03_07_14_04_31.pdf] to the default printer...
mars 07, 2016 2:04:32 PM print.PrintOpenPallet_A5 sentToDefaultDesktopPrinter
INFOS: File [%s] has been printed.
mars 07, 2016 2:04:32 PM gui.UI9000_ChooseContainerType items_listKeyPressed
INFOS: Set Pallet [6] state to [printed]
mars 07, 2016 2:04:32 PM gui.UI9000_ChooseContainerType items_listKeyPressed
INFOS: Openning new container for first harness part [22205127].
mars 07, 2016 2:11:35 PM helper.Helper InitDailyDestPrintDir
INFOS: Print directory [.\print\2016_03_07] already exist!
Print sub directory [.\print\2016_03_07.\pallet] already exist!
Print sub directory [.\print\2016_03_07.\closing_pallet] already exist!

mars 07, 2016 2:11:35 PM entity.ConfigProject select
INFOS: FROM ConfigProject bp ORDER BY harnessType ASC
mars 07, 2016 2:11:35 PM entity.ConfigProject select
INFOS: FROM ConfigProject bp ORDER BY harnessType ASC
mars 07, 2016 2:11:39 PM state.S010_UserCodeScan doAction
INFOS: User Jawad SOBHI / 1002 connected to host WSMA7040 at 2016-03-07 14:11:39 Project : SMALL.
mars 07, 2016 2:11:43 PM entity.ConfigUcs isHarnessPartExist
INFOS: Searching Harness part [22205127] in ConfigUCS: SMALL
mars 07, 2016 2:11:43 PM entity.ConfigUcs isHarnessPartExist
INFOS: Harness part [22205127] found for project [SMALL].
mars 07, 2016 2:11:43 PM state.S020_HarnessPartScan doAction
INFOS: Harness Part scanned [P22205127] OK.
mars 07, 2016 2:11:49 PM entity.BaseHarness isCounterExist
INFOS: Searching Harness counter [P2220512705.02.2016;00:00:00] in BaseHarness.
mars 07, 2016 2:11:49 PM entity.BaseHarness isCounterExist
INFOS: FROM BaseHarness bh WHERE bh.counter = :counter
mars 07, 2016 2:11:49 PM state.S030_QRCodeScan doAction
INFOS: Valid Harness Counter scanned [P2220512705.02.2016;00:00:00] OK.
mars 07, 2016 2:11:51 PM gui.UI9000_ChooseContainerType <init>
INFOS: Item found 22205127--26C03051A--P03--kltv-780--150
mars 07, 2016 2:11:51 PM gui.UI9000_ChooseContainerType <init>
INFOS: 1 item(s) found for Harness Part[22205127].
mars 07, 2016 2:11:52 PM gui.UI9000_ChooseContainerType mappingContextVals
INFOS: Selected pack type : 22205127--26C03051A--P03--kltv-780--150 
mars 07, 2016 2:11:52 PM gui.UI9000_ChooseContainerType items_listKeyPressed
DÉSACTIVÉ: FROM ConfigUcs cu WHERE cu.supplierPartNumber = :supplierPartNumber AND cu.harnessIndex = :harnessIndex
mars 07, 2016 2:11:52 PM gui.UI9000_ChooseContainerType items_listKeyPressed
INFOS: Set Pallet [100000000] state to [in_process]
mars 07, 2016 2:11:52 PM print.PrintOpenPallet_A5 sentToDefaultDesktopPrinter
INFOS: Sending [.\print\2016_03_07\pallet\PrintOpenPallet_A5_2016_03_07_14_11_52.pdf] to the default printer...
mars 07, 2016 2:11:52 PM print.PrintOpenPallet_A5 sentToDefaultDesktopPrinter
INFOS: File [%s] has been printed.
mars 07, 2016 2:11:52 PM gui.UI9000_ChooseContainerType items_listKeyPressed
INFOS: Set Pallet [100000000] state to [printed]
mars 07, 2016 2:11:52 PM gui.UI9000_ChooseContainerType items_listKeyPressed
INFOS: Openning new container for first harness part [22205127].
mars 07, 2016 2:12:39 PM state.S041_NewPalletScan doAction
INFOS: Scanned Pallet number [100000000] OK.
mars 07, 2016 2:12:39 PM state.S041_NewPalletScan doAction
INFOS: BaseContainer created BaseContainer{id=4, createTime=Mon Mar 07 14:12:39 WET 2016, writeTime=Mon Mar 07 14:12:39 WET 2016, createId=2, writeId=2, user=1002, startTime=Mon Mar 07 14:12:39 WET 2016, completeTime=null, workTime=null, palletNumber=100000000, harnessPart=22205127, harnessIndex=P03, supplierPartNumber=26C03051A, qtyExpected=150, qtyRead=1, state=open, packType=kltv-780} 
mars 07, 2016 2:12:45 PM entity.ConfigUcs isHarnessPartExist
INFOS: Searching Harness part [22205127] in ConfigUCS: SMALL
mars 07, 2016 2:12:45 PM entity.ConfigUcs isHarnessPartExist
INFOS: Harness part [22205127] found for project [SMALL].
mars 07, 2016 2:12:45 PM state.S020_HarnessPartScan doAction
INFOS: Harness Part scanned [P22205127] OK.
mars 07, 2016 2:12:48 PM entity.BaseHarness isCounterExist
INFOS: Searching Harness counter [P2220512705.02.2016;00:00:01] in BaseHarness.
mars 07, 2016 2:12:48 PM entity.BaseHarness isCounterExist
INFOS: FROM BaseHarness bh WHERE bh.counter = :counter
mars 07, 2016 2:12:48 PM state.S030_QRCodeScan doAction
INFOS: Valid Harness Counter scanned [P2220512705.02.2016;00:00:01] OK.
mars 07, 2016 2:12:57 PM entity.BaseHarness checkHarnessPartFormat
INFOS: Invalid Harness Part scanned [P2220512705.02.2016;00:00:02] !
mars 07, 2016 2:12:57 PM state.S020_HarnessPartScan doAction
AVERTISSEMENT: Invalid Harness Part scanned [P2220512705.02.2016;00:00:02] !
mars 07, 2016 2:13:01 PM entity.BaseHarness checkHarnessPartFormat
INFOS: Invalid Harness Part scanned [P2220512705.02.2016;00:00:03] !
mars 07, 2016 2:13:01 PM state.S020_HarnessPartScan doAction
AVERTISSEMENT: Invalid Harness Part scanned [P2220512705.02.2016;00:00:03] !
mars 07, 2016 2:13:08 PM entity.ConfigUcs isHarnessPartExist
INFOS: Searching Harness part [22205127] in ConfigUCS: SMALL
mars 07, 2016 2:13:08 PM entity.ConfigUcs isHarnessPartExist
INFOS: Harness part [22205127] found for project [SMALL].
mars 07, 2016 2:13:08 PM state.S020_HarnessPartScan doAction
INFOS: Harness Part scanned [P22205127] OK.
mars 07, 2016 2:13:10 PM entity.BaseHarness isCounterExist
INFOS: Searching Harness counter [P2220512705.02.2016;00:00:02] in BaseHarness.
mars 07, 2016 2:13:10 PM entity.BaseHarness isCounterExist
INFOS: FROM BaseHarness bh WHERE bh.counter = :counter
mars 07, 2016 2:13:10 PM state.S030_QRCodeScan doAction
INFOS: Valid Harness Counter scanned [P2220512705.02.2016;00:00:02] OK.
mars 07, 2016 2:13:13 PM state.S040_PalletChoice doAction
AVERTISSEMENT: Invalid OPEN PALLET barcode [1000000]!
mars 07, 2016 2:13:16 PM state.S040_PalletChoice doAction
AVERTISSEMENT: Invalid OPEN PALLET barcode [1000000]!
mars 07, 2016 2:14:12 PM state.S010_UserCodeScan doAction
INFOS: User Jawad SOBHI / 1002 connected to host WSMA7040 at 2016-03-07 14:14:12 Project : SMALL.
mars 07, 2016 2:14:17 PM entity.ConfigUcs isHarnessPartExist
INFOS: Searching Harness part [22205127] in ConfigUCS: SMALL
mars 07, 2016 2:14:17 PM entity.ConfigUcs isHarnessPartExist
INFOS: Harness part [22205127] found for project [SMALL].
mars 07, 2016 2:14:17 PM state.S020_HarnessPartScan doAction
INFOS: Harness Part scanned [P22205127] OK.
mars 07, 2016 2:14:21 PM entity.BaseHarness isCounterExist
INFOS: Searching Harness counter [P2220512705.02.2016;00:00:03] in BaseHarness.
mars 07, 2016 2:14:21 PM entity.BaseHarness isCounterExist
INFOS: FROM BaseHarness bh WHERE bh.counter = :counter
mars 07, 2016 2:14:21 PM state.S030_QRCodeScan doAction
INFOS: Valid Harness Counter scanned [P2220512705.02.2016;00:00:03] OK.
mars 07, 2016 2:14:29 PM helper.PrinterHelper saveAndPrintGalia
INFOS: Set Closing Pallet item [4] state to [in_process]
mars 07, 2016 2:14:29 PM print.PrintClosingPallet_A5 sentToDefaultDesktopPrinter
INFOS: Sending [.\print\2016_03_07\closing_pallet\PrintClosingPallet_A5_2016_03_07_14_14_28.pdf] to the default printer...
mars 07, 2016 2:14:29 PM print.PrintClosingPallet_A5 sentToDefaultDesktopPrinter
INFOS: File [%s] has been printed.
mars 07, 2016 2:14:29 PM helper.PrinterHelper saveAndPrintGalia
INFOS: Set Closing Pallet [4] state to [printed]
mars 07, 2016 2:14:59 PM state.S010_UserCodeScan doAction
INFOS: User Jawad SOBHI / 1002 connected to host WSMA7040 at 2016-03-07 14:14:59 Project : SMALL.
mars 07, 2016 2:19:31 PM helper.Helper InitDailyDestPrintDir
INFOS: Print directory [.\print\2016_03_07] already exist!
Print sub directory [.\print\2016_03_07.\pallet] already exist!
Print sub directory [.\print\2016_03_07.\closing_pallet] already exist!

mars 07, 2016 2:19:32 PM entity.ConfigProject select
INFOS: FROM ConfigProject bp ORDER BY harnessType ASC
mars 07, 2016 2:19:32 PM entity.ConfigProject select
INFOS: FROM ConfigProject bp ORDER BY harnessType ASC
mars 07, 2016 2:20:18 PM helper.Helper InitDailyDestPrintDir
INFOS: Print directory [.\print\2016_03_07] already exist!
Print sub directory [.\print\2016_03_07.\pallet] already exist!
Print sub directory [.\print\2016_03_07.\closing_pallet] already exist!

mars 07, 2016 2:20:19 PM entity.ConfigProject select
INFOS: FROM ConfigProject bp ORDER BY harnessType ASC
mars 07, 2016 2:20:19 PM entity.ConfigProject select
INFOS: FROM ConfigProject bp ORDER BY harnessType ASC
mars 07, 2016 2:26:25 PM helper.Helper InitDailyDestPrintDir
INFOS: Print directory [.\print\2016_03_07] already exist!
Print sub directory [.\print\2016_03_07.\pallet] already exist!
Print sub directory [.\print\2016_03_07.\closing_pallet] already exist!

mars 07, 2016 2:26:26 PM entity.ConfigProject select
INFOS: FROM ConfigProject bp ORDER BY harnessType ASC
mars 07, 2016 2:26:26 PM entity.ConfigProject select
INFOS: FROM ConfigProject bp ORDER BY harnessType ASC
mars 07, 2016 2:28:27 PM helper.Helper InitDailyDestPrintDir
INFOS: Print directory [.\print\2016_03_07] already exist!
Print sub directory [.\print\2016_03_07.\pallet] already exist!
Print sub directory [.\print\2016_03_07.\closing_pallet] already exist!

mars 07, 2016 2:28:28 PM entity.ConfigProject select
INFOS: FROM ConfigProject bp ORDER BY harnessType ASC
mars 07, 2016 2:28:28 PM entity.ConfigProject select
INFOS: FROM ConfigProject bp ORDER BY harnessType ASC
mars 07, 2016 2:30:21 PM helper.Helper InitDailyDestPrintDir
INFOS: Print directory [.\print\2016_03_07] already exist!
Print sub directory [.\print\2016_03_07.\pallet] already exist!
Print sub directory [.\print\2016_03_07.\closing_pallet] already exist!

mars 07, 2016 2:30:21 PM entity.ConfigProject select
INFOS: FROM ConfigProject bp ORDER BY harnessType ASC
mars 07, 2016 2:30:21 PM entity.ConfigProject select
INFOS: FROM ConfigProject bp ORDER BY harnessType ASC
mars 07, 2016 2:32:09 PM helper.Helper InitDailyDestPrintDir
INFOS: Print directory [.\print\2016_03_07] already exist!
Print sub directory [.\print\2016_03_07.\pallet] already exist!
Print sub directory [.\print\2016_03_07.\closing_pallet] already exist!

mars 07, 2016 2:32:09 PM entity.ConfigProject select
INFOS: FROM ConfigProject bp ORDER BY harnessType ASC
mars 07, 2016 2:32:09 PM entity.ConfigProject select
INFOS: FROM ConfigProject bp ORDER BY harnessType ASC
mars 07, 2016 2:33:39 PM helper.Helper InitDailyDestPrintDir
INFOS: Print directory [.\print\2016_03_07] already exist!
Print sub directory [.\print\2016_03_07.\pallet] already exist!
Print sub directory [.\print\2016_03_07.\closing_pallet] already exist!

mars 07, 2016 2:33:40 PM entity.ConfigProject select
INFOS: FROM ConfigProject bp ORDER BY harnessType ASC
mars 07, 2016 2:33:40 PM entity.ConfigProject select
INFOS: FROM ConfigProject bp ORDER BY harnessType ASC
mars 07, 2016 2:34:35 PM helper.Helper InitDailyDestPrintDir
INFOS: Print directory [.\print\2016_03_07] already exist!
Print sub directory [.\print\2016_03_07.\pallet] already exist!
Print sub directory [.\print\2016_03_07.\closing_pallet] already exist!

mars 07, 2016 2:34:35 PM entity.ConfigProject select
INFOS: FROM ConfigProject bp ORDER BY harnessType ASC
mars 07, 2016 2:34:35 PM entity.ConfigProject select
INFOS: FROM ConfigProject bp ORDER BY harnessType ASC
mars 07, 2016 2:35:09 PM state.S010_UserCodeScan doAction
INFOS: User Jawad SOBHI / 1002 connected to host WSMA7040 at 2016-03-07 14:35:09 Project : SMALL.
mars 07, 2016 2:35:25 PM entity.ConfigUcs isHarnessPartExist
INFOS: Searching Harness part [22205127] in ConfigUCS: SMALL
mars 07, 2016 2:35:25 PM entity.ConfigUcs isHarnessPartExist
INFOS: Harness part [22205127] found for project [SMALL].
mars 07, 2016 2:35:25 PM state.S020_HarnessPartScan doAction
INFOS: Harness Part scanned [P22205127] OK.
mars 07, 2016 2:35:28 PM entity.BaseHarness isCounterExist
INFOS: Searching Harness counter [P2220512705.02.2016;00:00:05] in BaseHarness.
mars 07, 2016 2:35:28 PM entity.BaseHarness isCounterExist
INFOS: FROM BaseHarness bh WHERE bh.counter = :counter
mars 07, 2016 2:35:28 PM state.S030_QRCodeScan doAction
INFOS: Valid Harness Counter scanned [P2220512705.02.2016;00:00:05] OK.
mars 07, 2016 2:35:30 PM gui.UI9000_ChooseContainerType <init>
INFOS: Item found 22205127--26C03051A--P03--kltv-780--150
mars 07, 2016 2:35:30 PM gui.UI9000_ChooseContainerType <init>
INFOS: 1 item(s) found for Harness Part[22205127].
mars 07, 2016 2:35:31 PM gui.UI9000_ChooseContainerType mappingContextVals
INFOS: Selected pack type : 22205127--26C03051A--P03--kltv-780--150 
mars 07, 2016 2:35:31 PM gui.UI9000_ChooseContainerType items_listKeyPressed
DÉSACTIVÉ: FROM ConfigUcs cu WHERE cu.supplierPartNumber = :supplierPartNumber AND cu.harnessIndex = :harnessIndex
mars 07, 2016 2:35:31 PM gui.UI9000_ChooseContainerType items_listKeyPressed
INFOS: Set Pallet [100000001] state to [in_process]
mars 07, 2016 2:35:31 PM print.PrintOpenPallet_A5 sentToDefaultDesktopPrinter
INFOS: Sending [.\print\2016_03_07\pallet\PrintOpenPallet_A5_2016_03_07_14_35_31.pdf] to the default printer...
mars 07, 2016 2:35:31 PM print.PrintOpenPallet_A5 sentToDefaultDesktopPrinter
INFOS: File [%s] has been printed.
mars 07, 2016 2:35:31 PM gui.UI9000_ChooseContainerType items_listKeyPressed
INFOS: Set Pallet [100000001] state to [printed]
mars 07, 2016 2:35:31 PM gui.UI9000_ChooseContainerType items_listKeyPressed
INFOS: Openning new container for first harness part [22205127].
mars 07, 2016 2:35:37 PM state.S041_NewPalletScan doAction
INFOS: Scanned Pallet number [100000001] OK.
mars 07, 2016 2:35:37 PM state.S041_NewPalletScan doAction
INFOS: BaseContainer created BaseContainer{id=5, createTime=Mon Mar 07 14:35:37 WET 2016, writeTime=Mon Mar 07 14:35:37 WET 2016, createId=2, writeId=2, user=1002, startTime=Mon Mar 07 14:35:37 WET 2016, completeTime=null, workTime=null, palletNumber=100000001, harnessPart=22205127, harnessIndex=P03, supplierPartNumber=26C03051A, qtyExpected=150, qtyRead=1, state=open, packType=kltv-780} 
mars 07, 2016 2:36:04 PM entity.ConfigUcs isHarnessPartExist
INFOS: Searching Harness part [22205127] in ConfigUCS: SMALL
mars 07, 2016 2:36:04 PM entity.ConfigUcs isHarnessPartExist
INFOS: Harness part [22205127] found for project [SMALL].
mars 07, 2016 2:36:04 PM state.S020_HarnessPartScan doAction
INFOS: Harness Part scanned [P22205127] OK.
mars 07, 2016 2:36:07 PM entity.BaseHarness isCounterExist
INFOS: Searching Harness counter [P2220512705.02.2016;00:00:06] in BaseHarness.
mars 07, 2016 2:36:07 PM entity.BaseHarness isCounterExist
INFOS: FROM BaseHarness bh WHERE bh.counter = :counter
mars 07, 2016 2:36:07 PM state.S030_QRCodeScan doAction
INFOS: Valid Harness Counter scanned [P2220512705.02.2016;00:00:06] OK.
mars 07, 2016 2:36:09 PM gui.UI9000_ChooseContainerType <init>
INFOS: Item found 22205127--26C03051A--P03--kltv-780--150
mars 07, 2016 2:36:09 PM gui.UI9000_ChooseContainerType <init>
INFOS: 1 item(s) found for Harness Part[22205127].
mars 07, 2016 2:36:09 PM gui.UI9000_ChooseContainerType mappingContextVals
INFOS: Selected pack type : 22205127--26C03051A--P03--kltv-780--150 
mars 07, 2016 2:36:09 PM gui.UI9000_ChooseContainerType items_listKeyPressed
DÉSACTIVÉ: FROM ConfigUcs cu WHERE cu.supplierPartNumber = :supplierPartNumber AND cu.harnessIndex = :harnessIndex
mars 07, 2016 2:36:09 PM gui.UI9000_ChooseContainerType items_listKeyPressed
INFOS: Set Pallet [100000002] state to [in_process]
mars 07, 2016 2:36:09 PM print.PrintOpenPallet_A5 sentToDefaultDesktopPrinter
INFOS: Sending [.\print\2016_03_07\pallet\PrintOpenPallet_A5_2016_03_07_14_36_09.pdf] to the default printer...
mars 07, 2016 2:36:09 PM print.PrintOpenPallet_A5 sentToDefaultDesktopPrinter
INFOS: File [%s] has been printed.
mars 07, 2016 2:36:09 PM gui.UI9000_ChooseContainerType items_listKeyPressed
INFOS: Set Pallet [100000002] state to [printed]
mars 07, 2016 2:36:09 PM gui.UI9000_ChooseContainerType items_listKeyPressed
INFOS: Openning new container for first harness part [22205127].
mars 07, 2016 2:36:20 PM state.S041_NewPalletScan doAction
INFOS: Scanned Pallet number [100000002] OK.
mars 07, 2016 2:36:20 PM state.S041_NewPalletScan doAction
INFOS: BaseContainer created BaseContainer{id=6, createTime=Mon Mar 07 14:36:20 WET 2016, writeTime=Mon Mar 07 14:36:20 WET 2016, createId=2, writeId=2, user=1002, startTime=Mon Mar 07 14:36:20 WET 2016, completeTime=null, workTime=null, palletNumber=100000002, harnessPart=22205127, harnessIndex=P03, supplierPartNumber=26C03051A, qtyExpected=150, qtyRead=1, state=open, packType=kltv-780} 
mars 07, 2016 2:37:09 PM entity.ConfigUcs isHarnessPartExist
INFOS: Searching Harness part [22205127] in ConfigUCS: SMALL
mars 07, 2016 2:37:09 PM entity.ConfigUcs isHarnessPartExist
INFOS: Harness part [22205127] found for project [SMALL].
mars 07, 2016 2:37:09 PM state.S020_HarnessPartScan doAction
INFOS: Harness Part scanned [P22205127] OK.
mars 07, 2016 2:37:11 PM entity.BaseHarness isCounterExist
INFOS: Searching Harness counter [P2220512705.02.2016;00:00:06] in BaseHarness.
mars 07, 2016 2:37:11 PM entity.BaseHarness isCounterExist
INFOS: FROM BaseHarness bh WHERE bh.counter = :counter
mars 07, 2016 2:37:11 PM entity.BaseHarness getHarnessByCounter
INFOS: FROM BaseHarness bh WHERE bh.counter = :counter
mars 07, 2016 2:37:16 PM entity.BaseHarness isCounterExist
INFOS: Searching Harness counter [P2220512705.02.2016;00:00:07] in BaseHarness.
mars 07, 2016 2:37:16 PM entity.BaseHarness isCounterExist
INFOS: FROM BaseHarness bh WHERE bh.counter = :counter
mars 07, 2016 2:37:16 PM state.S030_QRCodeScan doAction
INFOS: Valid Harness Counter scanned [P2220512705.02.2016;00:00:07] OK.
mars 07, 2016 2:37:20 PM helper.PrinterHelper saveAndPrintGalia
INFOS: Set Closing Pallet item [5] state to [in_process]
mars 07, 2016 2:37:20 PM print.PrintClosingPallet_A5 sentToDefaultDesktopPrinter
INFOS: Sending [.\print\2016_03_07\closing_pallet\PrintClosingPallet_A5_2016_03_07_14_37_20.pdf] to the default printer...
mars 07, 2016 2:37:20 PM print.PrintClosingPallet_A5 sentToDefaultDesktopPrinter
INFOS: File [%s] has been printed.
mars 07, 2016 2:37:20 PM helper.PrinterHelper saveAndPrintGalia
INFOS: Set Closing Pallet [5] state to [printed]
mars 07, 2016 2:44:00 PM helper.Helper InitDailyDestPrintDir
INFOS: Print directory [.\print\2016_03_07] already exist!
Print sub directory [.\print\2016_03_07.\pallet] already exist!
Print sub directory [.\print\2016_03_07.\closing_pallet] already exist!

mars 07, 2016 2:47:09 PM helper.Helper InitDailyDestPrintDir
INFOS: Print directory [.\print\2016_03_07] already exist!
Print sub directory [.\print\2016_03_07.\pallet] already exist!
Print sub directory [.\print\2016_03_07.\closing_pallet] already exist!

mars 07, 2016 2:48:08 PM helper.Helper InitDailyDestPrintDir
INFOS: Print directory [.\print\2016_03_07] already exist!
Print sub directory [.\print\2016_03_07.\pallet] already exist!
Print sub directory [.\print\2016_03_07.\closing_pallet] already exist!

mars 07, 2016 2:50:26 PM helper.Helper InitDailyDestPrintDir
INFOS: Print directory [.\print\2016_03_07] already exist!
Print sub directory [.\print\2016_03_07.\pallet] already exist!
Print sub directory [.\print\2016_03_07.\closing_pallet] already exist!

mars 07, 2016 2:50:27 PM entity.ConfigProject select
INFOS: FROM ConfigProject bp ORDER BY harnessType ASC
mars 07, 2016 2:50:27 PM entity.ConfigProject select
INFOS: FROM ConfigProject bp ORDER BY harnessType ASC
mars 07, 2016 2:52:06 PM helper.Helper InitDailyDestPrintDir
INFOS: Print directory [.\print\2016_03_07] already exist!
Print sub directory [.\print\2016_03_07.\pallet] already exist!
Print sub directory [.\print\2016_03_07.\closing_pallet] already exist!

mars 07, 2016 2:52:06 PM entity.ConfigProject select
INFOS: FROM ConfigProject bp ORDER BY harnessType ASC
mars 07, 2016 2:52:06 PM entity.ConfigProject select
INFOS: FROM ConfigProject bp ORDER BY harnessType ASC
mars 07, 2016 2:52:51 PM helper.Helper InitDailyDestPrintDir
INFOS: Print directory [.\print\2016_03_07] already exist!
Print sub directory [.\print\2016_03_07.\pallet] already exist!
Print sub directory [.\print\2016_03_07.\closing_pallet] already exist!

mars 07, 2016 2:53:06 PM helper.Helper InitDailyDestPrintDir
INFOS: Print directory [.\print\2016_03_07] already exist!
Print sub directory [.\print\2016_03_07.\pallet] already exist!
Print sub directory [.\print\2016_03_07.\closing_pallet] already exist!

mars 07, 2016 2:53:32 PM helper.Helper InitDailyDestPrintDir
INFOS: Print directory [.\print\2016_03_07] already exist!
Print sub directory [.\print\2016_03_07.\pallet] already exist!
Print sub directory [.\print\2016_03_07.\closing_pallet] already exist!

mars 07, 2016 3:26:35 PM helper.Helper InitDailyDestPrintDir
INFOS: Print directory [.\print\2016_03_07] already exist!
Print sub directory [.\print\2016_03_07.\pallet] already exist!
Print sub directory [.\print\2016_03_07.\closing_pallet] already exist!

mars 07, 2016 3:26:58 PM helper.Helper InitDailyDestPrintDir
INFOS: Print directory [.\print\2016_03_07] already exist!
Print sub directory [.\print\2016_03_07.\pallet] already exist!
Print sub directory [.\print\2016_03_07.\closing_pallet] already exist!

mars 07, 2016 3:26:59 PM entity.ConfigProject select
INFOS: FROM ConfigProject bp ORDER BY harnessType ASC
mars 07, 2016 3:26:59 PM entity.ConfigProject select
INFOS: FROM ConfigProject bp ORDER BY harnessType ASC
mars 07, 2016 3:28:37 PM helper.Helper InitDailyDestPrintDir
INFOS: Print directory [.\print\2016_03_07] already exist!
Print sub directory [.\print\2016_03_07.\pallet] already exist!
Print sub directory [.\print\2016_03_07.\closing_pallet] already exist!

mars 07, 2016 3:28:38 PM entity.ConfigProject select
INFOS: FROM ConfigProject bp ORDER BY harnessType ASC
mars 07, 2016 3:28:38 PM entity.ConfigProject select
INFOS: FROM ConfigProject bp ORDER BY harnessType ASC
mars 07, 2016 3:31:41 PM helper.Helper InitDailyDestPrintDir
INFOS: Print directory [.\print\2016_03_07] already exist!
Print sub directory [.\print\2016_03_07.\pallet] already exist!
Print sub directory [.\print\2016_03_07.\closing_pallet] already exist!

mars 07, 2016 3:31:41 PM entity.ConfigProject select
INFOS: FROM ConfigProject bp ORDER BY harnessType ASC
mars 07, 2016 3:31:41 PM entity.ConfigProject select
INFOS: FROM ConfigProject bp ORDER BY harnessType ASC
mars 07, 2016 3:32:33 PM helper.Helper InitDailyDestPrintDir
INFOS: Print directory [.\print\2016_03_07] already exist!
Print sub directory [.\print\2016_03_07.\pallet] already exist!
Print sub directory [.\print\2016_03_07.\closing_pallet] already exist!

mars 07, 2016 3:32:33 PM entity.ConfigProject select
INFOS: FROM ConfigProject bp ORDER BY harnessType ASC
mars 07, 2016 3:32:33 PM entity.ConfigProject select
INFOS: FROM ConfigProject bp ORDER BY harnessType ASC
