mai 17, 2017 10:02:59 AM helper.Helper InitDailyDestPrintDir
INFOS: Print directory [.\print\2017_05_17] is created!
Print sub directory [.\print\2017_05_17.\open_sheet] is created!
Print sub directory [.\print\2017_05_17.\closing_sheet] is created!
Print sub directory [.\print\2017_05_17.\picking_label] is created!
Print sub directory [.\print\2017_05_17.\dispatch_label] is created!

mai 17, 2017 10:03:52 AM gui.packaging_warehouse.PACKAGING_WAREHOUSE_UI0001_PasswordRequest connect
INFOS: User Admin   / 9999 connected to host WSMA7040 at 2017-05-17 10:03:52 Packaging warehouse interface : .
mai 17, 2017 10:05:16 AM helper.Helper InitDailyDestPrintDir
INFOS: Print directory [.\print\2017_05_17] already exist!
Print sub directory [.\print\2017_05_17.\open_sheet] already exist!
Print sub directory [.\print\2017_05_17.\closing_sheet] already exist!
Print sub directory [.\print\2017_05_17.\picking_label] already exist!
Print sub directory [.\print\2017_05_17.\dispatch_label] already exist!

mai 17, 2017 10:05:24 AM gui.packaging_warehouse.PACKAGING_WAREHOUSE_UI0001_PasswordRequest connect
INFOS: User Admin   / 9999 connected to host WSMA7040 at 2017-05-17 10:05:24 Packaging warehouse interface : .
mai 17, 2017 10:05:54 AM entity.ConfigSegment select
INFOS: FROM ConfigSegment bp ORDER BY segment ASC
mai 17, 2017 10:05:55 AM entity.ConfigSegment select
INFOS: FROM ConfigSegment bp ORDER BY segment ASC
mai 17, 2017 10:05:55 AM entity.ConfigWorkplace select
INFOS: FROM ConfigWorkplace bp ORDER BY workplace ASC
mai 17, 2017 10:05:59 AM entity.ConfigSegment select
INFOS: FROM ConfigSegment bp ORDER BY segment ASC
mai 17, 2017 10:05:59 AM entity.ConfigWorkplace select
INFOS: FROM ConfigWorkplace bp ORDER BY workplace ASC
mai 17, 2017 10:05:59 AM entity.ConfigSegment select
INFOS: FROM ConfigSegment bp ORDER BY segment ASC
mai 17, 2017 10:05:59 AM entity.ConfigWorkplace select
INFOS: FROM ConfigWorkplace bp ORDER BY workplace ASC
mai 17, 2017 10:06:02 AM entity.ConfigSegment select
INFOS: FROM ConfigSegment bp ORDER BY segment ASC
mai 17, 2017 10:06:02 AM entity.ConfigWorkplace select
INFOS: FROM ConfigWorkplace bp ORDER BY workplace ASC
mai 17, 2017 10:06:16 AM entity.BaseContainer checkContainerByState
INFOS: Searching Container [200024946] in BaseContainer.
mai 17, 2017 10:06:16 AM entity.BaseContainer checkContainerByState
INFOS: FROM BaseContainer bc WHERE bc.palletNumber = :palletNumber AND bc.containerState = :state
mai 17, 2017 10:17:46 AM helper.Helper InitDailyDestPrintDir
INFOS: Print directory [.\print\2017_05_17] already exist!
Print sub directory [.\print\2017_05_17.\open_sheet] already exist!
Print sub directory [.\print\2017_05_17.\closing_sheet] already exist!
Print sub directory [.\print\2017_05_17.\picking_label] already exist!
Print sub directory [.\print\2017_05_17.\dispatch_label] already exist!

mai 17, 2017 10:19:42 AM gui.packaging_warehouse.PACKAGING_WAREHOUSE_UI0001_PasswordRequest connect
INFOS: User Admin   / 9999 connected to host WSMA7040 at 2017-05-17 10:19:42 Packaging warehouse interface : .
mai 17, 2017 10:25:58 AM helper.Helper InitDailyDestPrintDir
INFOS: Print directory [.\print\2017_05_17] already exist!
Print sub directory [.\print\2017_05_17.\open_sheet] already exist!
Print sub directory [.\print\2017_05_17.\closing_sheet] already exist!
Print sub directory [.\print\2017_05_17.\picking_label] already exist!
Print sub directory [.\print\2017_05_17.\dispatch_label] already exist!

mai 17, 2017 10:26:11 AM gui.packaging.PACKAGING_UI0001_Main loadBarcodeConfig
INFOS: FROM ConfigBarcode cb WHERE cb.keyWord = :keyWord ORDER BY id ASC
mai 17, 2017 10:26:11 AM entity.ConfigProject select
INFOS: FROM ConfigProject bp ORDER BY harnessType ASC
mai 17, 2017 10:26:11 AM entity.ConfigProject select
INFOS: FROM ConfigProject bp ORDER BY harnessType ASC
mai 17, 2017 10:26:16 AM state.S010_UserCodeScan doAction
INFOS: Invalid matricule number or account locked !
mai 17, 2017 10:26:17 AM gui.packaging.PACKAGING_UI0002_PasswordRequest connect
INFOS: User Admin   / 9999 connected to host WSMA7040 at 2017-05-17 10:26:17 Project : SMALL.
mai 17, 2017 10:26:33 AM gui.config.CONFIG_UI0000_AdminPassword checkLoginAndPass
INFOS: User Admin   / 9999 connected to host WSMA7040 at 2017-05-17 10:26:33 Module : Planner.
mai 17, 2017 10:26:33 AM entity.ConfigSegment select
INFOS: FROM ConfigSegment bp ORDER BY segment ASC
mai 17, 2017 10:26:33 AM entity.ConfigWorkplace selectBySegment
INFOS: FROM ConfigWorkplace bp WHERE segment = :segment ORDER BY workplace ASC
mai 17, 2017 10:26:33 AM entity.ConfigProject select
INFOS: FROM ConfigProject bp ORDER BY harnessType ASC
mai 17, 2017 10:26:44 AM entity.ConfigWorkplace selectBySegment
INFOS: FROM ConfigWorkplace bp WHERE segment = :segment ORDER BY workplace ASC
mai 17, 2017 10:26:44 AM entity.ConfigWorkplace selectBySegment
INFOS: FROM ConfigWorkplace bp WHERE segment = :segment ORDER BY workplace ASC
mai 17, 2017 10:27:23 AM gui.config.CONFIG_UI0000_AdminPassword checkLoginAndPass
INFOS: User Admin   / 9999 connected to host WSMA7040 at 2017-05-17 10:27:23 Module : Planner.
mai 17, 2017 10:27:25 AM gui.config.CONFIG_UI0000_AdminPassword checkLoginAndPass
INFOS: User Admin   / 9999 connected to host WSMA7040 at 2017-05-17 10:27:25 Module : Planner.
mai 17, 2017 10:29:01 AM helper.Helper InitDailyDestPrintDir
INFOS: Print directory [.\print\2017_05_17] already exist!
Print sub directory [.\print\2017_05_17.\open_sheet] already exist!
Print sub directory [.\print\2017_05_17.\closing_sheet] already exist!
Print sub directory [.\print\2017_05_17.\picking_label] already exist!
Print sub directory [.\print\2017_05_17.\dispatch_label] already exist!

mai 17, 2017 10:29:12 AM gui.config.CONFIG_UI0000_AdminPassword checkLoginAndPass
INFOS: User Admin   / 9999 connected to host WSMA7040 at 2017-05-17 10:29:12 Module : Planner.
mai 17, 2017 10:34:35 AM gui.packaging_warehouse.PACKAGING_WAREHOUSE_UI0001_PasswordRequest connect
INFOS: User Admin   / 9999 connected to host WSMA7040 at 2017-05-17 10:34:35 Packaging warehouse interface : .
mai 17, 2017 10:39:09 AM helper.Helper InitDailyDestPrintDir
INFOS: Print directory [.\print\2017_05_17] already exist!
Print sub directory [.\print\2017_05_17.\open_sheet] already exist!
Print sub directory [.\print\2017_05_17.\closing_sheet] already exist!
Print sub directory [.\print\2017_05_17.\picking_label] already exist!
Print sub directory [.\print\2017_05_17.\dispatch_label] already exist!

mai 17, 2017 10:42:11 AM helper.Helper InitDailyDestPrintDir
INFOS: Print directory [.\print\2017_05_17] already exist!
Print sub directory [.\print\2017_05_17.\open_sheet] already exist!
Print sub directory [.\print\2017_05_17.\closing_sheet] already exist!
Print sub directory [.\print\2017_05_17.\picking_label] already exist!
Print sub directory [.\print\2017_05_17.\dispatch_label] already exist!

mai 17, 2017 11:09:54 AM helper.Helper InitDailyDestPrintDir
INFOS: Print directory [.\print\2017_05_17] already exist!
Print sub directory [.\print\2017_05_17.\open_sheet] already exist!
Print sub directory [.\print\2017_05_17.\closing_sheet] already exist!
Print sub directory [.\print\2017_05_17.\picking_label] already exist!
Print sub directory [.\print\2017_05_17.\dispatch_label] already exist!

mai 17, 2017 11:14:15 AM gui.packaging.PACKAGING_UI0001_Main loadBarcodeConfig
INFOS: FROM ConfigBarcode cb WHERE cb.keyWord = :keyWord ORDER BY id ASC
mai 17, 2017 11:14:15 AM entity.ConfigProject select
INFOS: FROM ConfigProject bp ORDER BY harnessType ASC
mai 17, 2017 11:14:15 AM entity.ConfigProject select
INFOS: FROM ConfigProject bp ORDER BY harnessType ASC
mai 17, 2017 11:14:24 AM gui.config.CONFIG_UI0000_AdminPassword checkLoginAndPass
INFOS: User Admin   / 9999 connected to host WSMA7040 at 2017-05-17 11:14:24 Module : Planner.
mai 17, 2017 11:19:57 AM helper.Helper InitDailyDestPrintDir
INFOS: Print directory [.\print\2017_05_17] already exist!
Print sub directory [.\print\2017_05_17.\open_sheet] already exist!
Print sub directory [.\print\2017_05_17.\closing_sheet] already exist!
Print sub directory [.\print\2017_05_17.\picking_label] already exist!
Print sub directory [.\print\2017_05_17.\dispatch_label] already exist!

mai 17, 2017 11:20:04 AM gui.warehouse_input.WAREHOUSE_IN_UI0003_PasswordRequest connect
INFOS: User Admin   / 9999 connected to host WSMA7040 at 2017-05-17 11:20:04 Warehouse Finish Goods Booking.
mai 17, 2017 11:21:32 AM helper.Helper InitDailyDestPrintDir
INFOS: Print directory [.\print\2017_05_17] already exist!
Print sub directory [.\print\2017_05_17.\open_sheet] already exist!
Print sub directory [.\print\2017_05_17.\closing_sheet] already exist!
Print sub directory [.\print\2017_05_17.\picking_label] already exist!
Print sub directory [.\print\2017_05_17.\dispatch_label] already exist!

mai 17, 2017 12:38:46 PM gui.warehouse_input.WAREHOUSE_IN_UI0003_PasswordRequest connect
INFOS: User Admin   / 9999 connected to host WSMA7040 at 2017-05-17 12:38:46 Warehouse Finish Goods Booking.
mai 17, 2017 12:41:16 PM helper.Helper InitDailyDestPrintDir
INFOS: Print directory [.\print\2017_05_17] already exist!
Print sub directory [.\print\2017_05_17.\open_sheet] already exist!
Print sub directory [.\print\2017_05_17.\closing_sheet] already exist!
Print sub directory [.\print\2017_05_17.\picking_label] already exist!
Print sub directory [.\print\2017_05_17.\dispatch_label] already exist!

mai 17, 2017 12:41:21 PM gui.warehouse_fg_reception.WAREHOUSE_FG_UI0003_PasswordRequest connect
INFOS: User Admin   / 9999 connected to host WSMA7040 at 2017-05-17 12:41:21 Warehouse Finish Goods Booking.
mai 17, 2017 12:42:39 PM helper.Helper InitDailyDestPrintDir
INFOS: Print directory [.\print\2017_05_17] already exist!
Print sub directory [.\print\2017_05_17.\open_sheet] already exist!
Print sub directory [.\print\2017_05_17.\closing_sheet] already exist!
Print sub directory [.\print\2017_05_17.\picking_label] already exist!
Print sub directory [.\print\2017_05_17.\dispatch_label] already exist!

mai 17, 2017 12:42:42 PM gui.warehouse_fg_reception.WAREHOUSE_FG_UI0003_PasswordRequest connect
INFOS: User Admin   / 9999 connected to host WSMA7040 at 2017-05-17 12:42:42 Warehouse Finish Goods Booking.
mai 17, 2017 12:43:08 PM helper.Helper InitDailyDestPrintDir
INFOS: Print directory [.\print\2017_05_17] already exist!
Print sub directory [.\print\2017_05_17.\open_sheet] already exist!
Print sub directory [.\print\2017_05_17.\closing_sheet] already exist!
Print sub directory [.\print\2017_05_17.\picking_label] already exist!
Print sub directory [.\print\2017_05_17.\dispatch_label] already exist!

mai 17, 2017 12:43:10 PM gui.packaging.PACKAGING_UI0001_Main loadBarcodeConfig
INFOS: FROM ConfigBarcode cb WHERE cb.keyWord = :keyWord ORDER BY id ASC
mai 17, 2017 12:43:10 PM entity.ConfigProject select
INFOS: FROM ConfigProject bp ORDER BY harnessType ASC
mai 17, 2017 12:43:11 PM entity.ConfigProject select
INFOS: FROM ConfigProject bp ORDER BY harnessType ASC
mai 17, 2017 12:43:39 PM state.S010_UserCodeScan doAction
INFOS: Invalid matricule number or account locked !
mai 17, 2017 12:43:40 PM gui.packaging.PACKAGING_UI0002_PasswordRequest connect
INFOS: User Admin   / 9999 connected to host WSMA7040 at 2017-05-17 12:43:40 Project : SMALL.
mai 17, 2017 12:43:45 PM entity.ConfigUcs isHarnessPartExist
INFOS: Searching Harness part [22216200] in ConfigUCS: SMALL
mai 17, 2017 12:43:45 PM entity.ConfigUcs isHarnessPartExist
INFOS: Harness part [22216200] found for project [SMALL].
mai 17, 2017 12:43:45 PM state.S020_HarnessPartScan doAction
INFOS: Harness Part scanned [P22216200] OK.
mai 17, 2017 12:43:54 PM entity.BaseHarness isCounterExist
INFOS: Searching Harness counter [P2221620020161010222222] in BaseHarness.
mai 17, 2017 12:43:54 PM entity.BaseHarness isCounterExist
INFOS: FROM BaseHarness bh WHERE bh.counter = :counter
mai 17, 2017 12:43:54 PM state.S030_MatrixIdScan doAction
INFOS: Valid Harness Counter scanned [P2221620020161010222222] OK.
mai 17, 2017 12:43:56 PM state.S040_PalletChoice doAction
INFOS: Is it a new pallet ?
mai 17, 2017 12:43:56 PM state.S040_PalletChoice doAction
INFOS:  [Yes]
mai 17, 2017 12:44:00 PM helper.Helper InitDailyDestPrintDir
INFOS: nullPrint directory [.\print\2017_05_17] already exist!
Print sub directory [.\print\2017_05_17.\open_sheet] already exist!
Print sub directory [.\print\2017_05_17.\closing_sheet] already exist!
Print sub directory [.\print\2017_05_17.\picking_label] already exist!
Print sub directory [.\print\2017_05_17.\dispatch_label] already exist!

mai 17, 2017 12:44:00 PM helper.PrinterHelper saveAndPrintOpenSheet
INFOS: Set Pallet [200025789] state to [IN_PROCESS]
mai 17, 2017 12:44:00 PM print.PrintOpenPallet_A5 sentToDefaultDesktopPrinter
INFOS: Sending [.\print\2017_05_17\open_sheet\PrintOpenPallet_A5_2017_05_17_12_44_00_22216200_200025789.pdf] to the default printer...
mai 17, 2017 12:44:01 PM print.PrintOpenPallet_A5 sentToDefaultDesktopPrinter
INFOS: File [.\print\2017_05_17\open_sheet\PrintOpenPallet_A5_2017_05_17_12_44_00_22216200_200025789.pdf] has been printed.
mai 17, 2017 12:44:01 PM helper.PrinterHelper saveAndPrintOpenSheet
INFOS: Set Pallet [200025789] state to [PRINTED]
mai 17, 2017 12:44:01 PM gui.packaging.PACKAGING_UI9000_ChoosePackType loadConfigUcs
INFOS: Openning new container for first harness part [22216200].
mai 17, 2017 12:44:08 PM state.S041_NewPalletScan doAction
INFOS: Scanned Pallet number [200025789] OK.
mai 17, 2017 12:44:08 PM state.S041_NewPalletScan doAction
INFOS: BaseContainer created BaseContainer{id=25549, createTime=Wed May 17 12:44:08 WEST 2017, writeTime=Wed May 17 12:44:08 WEST 2017, createId=4, writeId=4, user=9999, createUser=Admin  , startTime=Wed May 17 12:44:08 WEST 2017, completeTime=null, workTime=null, palletNumber=200025789, harnessPart=22216200, harnessIndex=P01, supplierPartNumber=26C06970A, qtyExpected=1, qtyRead=1, containerState=OPEN, containerStateCode=1000, packType=CARTON C11, harnessType=SMALL, stdTime=0.377, workstation=WSMA7040, harnessList=[]} 
mai 17, 2017 12:44:08 PM helper.Helper InitDailyDestPrintDir
INFOS: nullPrint directory [.\print\2017_05_17] already exist!
Print sub directory [.\print\2017_05_17.\open_sheet] already exist!
Print sub directory [.\print\2017_05_17.\closing_sheet] already exist!
Print sub directory [.\print\2017_05_17.\picking_label] already exist!
Print sub directory [.\print\2017_05_17.\dispatch_label] already exist!

mai 17, 2017 12:44:09 PM helper.PrinterHelper saveAndPrintClosingSheet
INFOS: Set Closing Pallet item [25216] state to [IN_PROCESS]
mai 17, 2017 12:44:09 PM print.PrintClosingPallet_A5 sentToDefaultDesktopPrinter
INFOS: Sending [.\print\2017_05_17\closing_sheet\PrintClosingPallet_A5_22216200_2017_05_17_12_44_09.pdf] to the default printer...
mai 17, 2017 12:44:09 PM print.PrintClosingPallet_A5 sentToDefaultDesktopPrinter
INFOS: File [%s] has been printed.
mai 17, 2017 12:44:09 PM helper.PrinterHelper saveAndPrintClosingSheet
INFOS: Set Closing Pallet [25216] state to [PRINTED]
mai 17, 2017 12:44:44 PM gui.warehouse_fg_reception.WAREHOUSE_FG_UI0003_PasswordRequest connect
INFOS: User Admin   / 9999 connected to host WSMA7040 at 2017-05-17 12:44:44 Warehouse Finish Goods Booking.
mai 17, 2017 2:07:55 PM helper.Helper InitDailyDestPrintDir
INFOS: Print directory [.\print\2017_05_17] already exist!
Print sub directory [.\print\2017_05_17.\open_sheet] already exist!
Print sub directory [.\print\2017_05_17.\closing_sheet] already exist!
Print sub directory [.\print\2017_05_17.\picking_label] already exist!
Print sub directory [.\print\2017_05_17.\dispatch_label] already exist!

mai 17, 2017 2:08:08 PM gui.warehouse_fg_reception.WAREHOUSE_FG_UI0003_PasswordRequest connect
INFOS: User Admin   / 9999 connected to host WSMA7040 at 2017-05-17 14:08:08 Warehouse Finish Goods Booking.
mai 17, 2017 2:08:55 PM helper.Helper InitDailyDestPrintDir
INFOS: Print directory [.\print\2017_05_17] already exist!
Print sub directory [.\print\2017_05_17.\open_sheet] already exist!
Print sub directory [.\print\2017_05_17.\closing_sheet] already exist!
Print sub directory [.\print\2017_05_17.\picking_label] already exist!
Print sub directory [.\print\2017_05_17.\dispatch_label] already exist!

mai 17, 2017 2:08:59 PM gui.warehouse_fg_reception.WAREHOUSE_FG_UI0003_PasswordRequest connect
INFOS: User Admin   / 9999 connected to host WSMA7040 at 2017-05-17 14:08:59 Warehouse Finish Goods Booking.
mai 17, 2017 2:09:32 PM helper.Helper InitDailyDestPrintDir
INFOS: Print directory [.\print\2017_05_17] already exist!
Print sub directory [.\print\2017_05_17.\open_sheet] already exist!
Print sub directory [.\print\2017_05_17.\closing_sheet] already exist!
Print sub directory [.\print\2017_05_17.\picking_label] already exist!
Print sub directory [.\print\2017_05_17.\dispatch_label] already exist!

mai 17, 2017 2:09:40 PM helper.Helper InitDailyDestPrintDir
INFOS: Print directory [.\print\2017_05_17] already exist!
Print sub directory [.\print\2017_05_17.\open_sheet] already exist!
Print sub directory [.\print\2017_05_17.\closing_sheet] already exist!
Print sub directory [.\print\2017_05_17.\picking_label] already exist!
Print sub directory [.\print\2017_05_17.\dispatch_label] already exist!

mai 17, 2017 2:09:43 PM gui.warehouse_fg_reception.WAREHOUSE_FG_UI0003_PasswordRequest connect
INFOS: User Admin   / 9999 connected to host WSMA7040 at 2017-05-17 14:09:43 Warehouse Finish Goods Booking.
mai 17, 2017 2:11:00 PM helper.Helper InitDailyDestPrintDir
INFOS: Print directory [.\print\2017_05_17] already exist!
Print sub directory [.\print\2017_05_17.\open_sheet] already exist!
Print sub directory [.\print\2017_05_17.\closing_sheet] already exist!
Print sub directory [.\print\2017_05_17.\picking_label] already exist!
Print sub directory [.\print\2017_05_17.\dispatch_label] already exist!

mai 17, 2017 2:11:02 PM gui.warehouse_fg_reception.WAREHOUSE_FG_UI0003_PasswordRequest connect
INFOS: User Admin   / 9999 connected to host WSMA7040 at 2017-05-17 14:11:02 Warehouse Finish Goods Booking.
mai 17, 2017 2:12:54 PM helper.Helper InitDailyDestPrintDir
INFOS: Print directory [.\print\2017_05_17] already exist!
Print sub directory [.\print\2017_05_17.\open_sheet] already exist!
Print sub directory [.\print\2017_05_17.\closing_sheet] already exist!
Print sub directory [.\print\2017_05_17.\picking_label] already exist!
Print sub directory [.\print\2017_05_17.\dispatch_label] already exist!

mai 17, 2017 2:12:59 PM gui.warehouse_fg_reception.WAREHOUSE_FG_UI0003_PasswordRequest connect
INFOS: User Admin   / 9999 connected to host WSMA7040 at 2017-05-17 14:12:59 Warehouse Finish Goods Booking.
mai 17, 2017 2:13:45 PM helper.Helper InitDailyDestPrintDir
INFOS: Print directory [.\print\2017_05_17] already exist!
Print sub directory [.\print\2017_05_17.\open_sheet] already exist!
Print sub directory [.\print\2017_05_17.\closing_sheet] already exist!
Print sub directory [.\print\2017_05_17.\picking_label] already exist!
Print sub directory [.\print\2017_05_17.\dispatch_label] already exist!

mai 17, 2017 2:16:21 PM helper.Helper InitDailyDestPrintDir
INFOS: Print directory [.\print\2017_05_17] already exist!
Print sub directory [.\print\2017_05_17.\open_sheet] already exist!
Print sub directory [.\print\2017_05_17.\closing_sheet] already exist!
Print sub directory [.\print\2017_05_17.\picking_label] already exist!
Print sub directory [.\print\2017_05_17.\dispatch_label] already exist!

mai 17, 2017 2:16:25 PM gui.warehouse_fg_reception.WAREHOUSE_FG_UI0003_PasswordRequest connect
INFOS: User Admin   / 9999 connected to host WSMA7040 at 2017-05-17 14:16:25 Warehouse Finish Goods Booking.
mai 17, 2017 2:16:42 PM helper.Helper InitDailyDestPrintDir
INFOS: Print directory [.\print\2017_05_17] already exist!
Print sub directory [.\print\2017_05_17.\open_sheet] already exist!
Print sub directory [.\print\2017_05_17.\closing_sheet] already exist!
Print sub directory [.\print\2017_05_17.\picking_label] already exist!
Print sub directory [.\print\2017_05_17.\dispatch_label] already exist!

mai 17, 2017 2:16:45 PM gui.warehouse_fg_reception.WAREHOUSE_FG_UI0003_PasswordRequest connect
INFOS: User Admin   / 9999 connected to host WSMA7040 at 2017-05-17 14:16:45 Warehouse Finish Goods Booking.
mai 17, 2017 2:17:00 PM helper.Helper InitDailyDestPrintDir
INFOS: Print directory [.\print\2017_05_17] already exist!
Print sub directory [.\print\2017_05_17.\open_sheet] already exist!
Print sub directory [.\print\2017_05_17.\closing_sheet] already exist!
Print sub directory [.\print\2017_05_17.\picking_label] already exist!
Print sub directory [.\print\2017_05_17.\dispatch_label] already exist!

mai 17, 2017 2:17:06 PM gui.warehouse_dispatch.WAREHOUSE_DISPATCH_UI0003_PasswordRequest connect
INFOS: User Admin   / 9999 connected to host WSMA7040 at 2017-05-17 14:17:06 Dispatch interface : .
mai 17, 2017 2:31:58 PM helper.Helper InitDailyDestPrintDir
INFOS: Print directory [.\print\2017_05_17] already exist!
Print sub directory [.\print\2017_05_17.\open_sheet] already exist!
Print sub directory [.\print\2017_05_17.\closing_sheet] already exist!
Print sub directory [.\print\2017_05_17.\picking_label] already exist!
Print sub directory [.\print\2017_05_17.\dispatch_label] already exist!

mai 17, 2017 2:32:00 PM gui.warehouse_fg_reception.WAREHOUSE_FG_UI0003_PasswordRequest connect
INFOS: User Admin   / 9999 connected to host WSMA7040 at 2017-05-17 14:32:00 Dispatch interface : .
mai 17, 2017 2:32:57 PM helper.Helper InitDailyDestPrintDir
INFOS: Print directory [.\print\2017_05_17] already exist!
Print sub directory [.\print\2017_05_17.\open_sheet] already exist!
Print sub directory [.\print\2017_05_17.\closing_sheet] already exist!
Print sub directory [.\print\2017_05_17.\picking_label] already exist!
Print sub directory [.\print\2017_05_17.\dispatch_label] already exist!

mai 17, 2017 2:32:59 PM gui.warehouse_fg_reception.WAREHOUSE_FG_UI0003_PasswordRequest connect
INFOS: User Admin   / 9999 connected to host WSMA7040 at 2017-05-17 14:32:59 Dispatch interface : .
mai 17, 2017 2:35:57 PM helper.Helper InitDailyDestPrintDir
INFOS: Print directory [.\print\2017_05_17] already exist!
Print sub directory [.\print\2017_05_17.\open_sheet] already exist!
Print sub directory [.\print\2017_05_17.\closing_sheet] already exist!
Print sub directory [.\print\2017_05_17.\picking_label] already exist!
Print sub directory [.\print\2017_05_17.\dispatch_label] already exist!

mai 17, 2017 2:36:04 PM gui.warehouse_fg_reception.WAREHOUSE_FG_UI0003_PasswordRequest connect
INFOS: User Admin   / 9999 connected to host WSMA7040 at 2017-05-17 14:36:04 Dispatch interface : .
mai 17, 2017 2:36:12 PM gui.warehouse_fg_reception.WAREHOUSE_FG_UI0003_PasswordRequest connect
INFOS: User Admin   / 9999 connected to host WSMA7040 at 2017-05-17 14:36:12 Dispatch interface : .
mai 17, 2017 2:37:31 PM helper.Helper InitDailyDestPrintDir
INFOS: Print directory [.\print\2017_05_17] already exist!
Print sub directory [.\print\2017_05_17.\open_sheet] already exist!
Print sub directory [.\print\2017_05_17.\closing_sheet] already exist!
Print sub directory [.\print\2017_05_17.\picking_label] already exist!
Print sub directory [.\print\2017_05_17.\dispatch_label] already exist!

mai 17, 2017 2:37:35 PM gui.warehouse_fg_reception.WAREHOUSE_FG_UI0003_PasswordRequest connect
INFOS: User Admin   / 9999 connected to host WSMA7040 at 2017-05-17 14:37:35 Dispatch interface : .
mai 17, 2017 2:38:59 PM helper.Helper InitDailyDestPrintDir
INFOS: Print directory [.\print\2017_05_17] already exist!
Print sub directory [.\print\2017_05_17.\open_sheet] already exist!
Print sub directory [.\print\2017_05_17.\closing_sheet] already exist!
Print sub directory [.\print\2017_05_17.\picking_label] already exist!
Print sub directory [.\print\2017_05_17.\dispatch_label] already exist!

mai 17, 2017 2:40:40 PM helper.Helper InitDailyDestPrintDir
INFOS: Print directory [.\print\2017_05_17] already exist!
Print sub directory [.\print\2017_05_17.\open_sheet] already exist!
Print sub directory [.\print\2017_05_17.\closing_sheet] already exist!
Print sub directory [.\print\2017_05_17.\picking_label] already exist!
Print sub directory [.\print\2017_05_17.\dispatch_label] already exist!

