avr. 05, 2017 12:01:51 AM helper.Helper InitDailyDestPrintDir
INFOS: Print directory [.\print\2017_04_05] is created!
Print sub directory [.\print\2017_04_05.\open_sheet] is created!
Print sub directory [.\print\2017_04_05.\closing_sheet] is created!
Print sub directory [.\print\2017_04_05.\picking_label] is created!
Print sub directory [.\print\2017_04_05.\dispatch_label] is created!

avr. 05, 2017 12:02:20 AM gui.packaging.PACKAGING_UI0001_Main loadBarcodeConfig
INFOS: FROM ConfigBarcode cb WHERE cb.keyWord = :keyWord ORDER BY id ASC
avr. 05, 2017 12:02:20 AM entity.ConfigProject select
INFOS: FROM ConfigProject bp ORDER BY harnessType ASC
avr. 05, 2017 12:02:20 AM entity.ConfigProject select
INFOS: FROM ConfigProject bp ORDER BY harnessType ASC
avr. 05, 2017 12:02:37 AM gui.packaging.PACKAGING_UI0002_PasswordRequest connect
INFOS: User Admin   / 9999 connected to host O-EZZIOURI at 2017-04-05 00:02:37 Project : MDEP.
avr. 05, 2017 9:52:18 AM helper.Helper InitDailyDestPrintDir
INFOS: Print directory [.\print\2017_04_05] already exist!
Print sub directory [.\print\2017_04_05.\open_sheet] already exist!
Print sub directory [.\print\2017_04_05.\closing_sheet] already exist!
Print sub directory [.\print\2017_04_05.\picking_label] already exist!
Print sub directory [.\print\2017_04_05.\dispatch_label] already exist!

avr. 05, 2017 9:52:31 AM gui.config.CONFIG_UI0000_AdminPassword checkLoginAndPass
INFOS: User Admin   / 9999 connected to host O-EZZIOURI at 2017-04-05 09:52:31 Module : Planner.
avr. 05, 2017 10:04:40 AM helper.Helper InitDailyDestPrintDir
INFOS: Print directory [.\print\2017_04_05] already exist!
Print sub directory [.\print\2017_04_05.\open_sheet] already exist!
Print sub directory [.\print\2017_04_05.\closing_sheet] already exist!
Print sub directory [.\print\2017_04_05.\picking_label] already exist!
Print sub directory [.\print\2017_04_05.\dispatch_label] already exist!

avr. 05, 2017 10:04:43 AM gui.packaging.PACKAGING_UI0001_Main loadBarcodeConfig
INFOS: FROM ConfigBarcode cb WHERE cb.keyWord = :keyWord ORDER BY id ASC
avr. 05, 2017 10:04:43 AM entity.ConfigProject select
INFOS: FROM ConfigProject bp ORDER BY harnessType ASC
avr. 05, 2017 10:04:43 AM entity.ConfigProject select
INFOS: FROM ConfigProject bp ORDER BY harnessType ASC
avr. 05, 2017 10:05:12 AM gui.config.CONFIG_UI0000_AdminPassword checkLoginAndPass
INFOS: User Admin   / 9999 connected to host O-EZZIOURI at 2017-04-05 10:05:12 Module : Planner.
avr. 05, 2017 10:07:29 AM gui.packaging.PACKAGING_UI0001_Main loadBarcodeConfig
INFOS: FROM ConfigBarcode cb WHERE cb.keyWord = :keyWord ORDER BY id ASC
avr. 05, 2017 10:07:29 AM entity.ConfigProject select
INFOS: FROM ConfigProject bp ORDER BY harnessType ASC
avr. 05, 2017 10:07:29 AM entity.ConfigProject select
INFOS: FROM ConfigProject bp ORDER BY harnessType ASC
avr. 05, 2017 10:07:37 AM gui.packaging.PACKAGING_UI0002_PasswordRequest connect
INFOS: User Admin   / 9999 connected to host O-EZZIOURI at 2017-04-05 10:07:37 Project : SMALL.
avr. 05, 2017 10:08:07 AM entity.ConfigUcs isHarnessPartExist
INFOS: Searching Harness part [21460185] in ConfigUCS: MDEP
avr. 05, 2017 10:08:07 AM entity.ConfigUcs isHarnessPartExist
INFOS: Harness part [21460185] NOT found.
avr. 05, 2017 10:08:07 AM state.S020_HarnessPartScan doAction
AVERTISSEMENT: Harness part [P21460185] NOT found in UCS [MDEP].
avr. 05, 2017 10:39:28 PM helper.Helper InitDailyDestPrintDir
INFOS: Print directory [.\print\2017_04_05] already exist!
Print sub directory [.\print\2017_04_05.\open_sheet] already exist!
Print sub directory [.\print\2017_04_05.\closing_sheet] already exist!
Print sub directory [.\print\2017_04_05.\picking_label] already exist!
Print sub directory [.\print\2017_04_05.\dispatch_label] already exist!

avr. 05, 2017 10:40:04 PM gui.config.CONFIG_UI0000_AdminPassword checkLoginAndPass
INFOS: User Admin   / 9999 connected to host O-EZZIOURI at 2017-04-05 22:40:04 Module : Planner.
avr. 05, 2017 10:56:42 PM helper.Helper InitDailyDestPrintDir
INFOS: Print directory [.\print\2017_04_05] already exist!
Print sub directory [.\print\2017_04_05.\open_sheet] already exist!
Print sub directory [.\print\2017_04_05.\closing_sheet] already exist!
Print sub directory [.\print\2017_04_05.\picking_label] already exist!
Print sub directory [.\print\2017_04_05.\dispatch_label] already exist!

avr. 05, 2017 10:56:50 PM gui.config.CONFIG_UI0000_AdminPassword checkLoginAndPass
INFOS: User Admin   / 9999 connected to host O-EZZIOURI at 2017-04-05 22:56:50 Module : Planner.
avr. 05, 2017 10:56:51 PM entity.ConfigSegment select
INFOS: FROM ConfigSegment bp ORDER BY segment ASC
avr. 05, 2017 10:56:51 PM entity.ConfigWorkplace selectBySegment
INFOS: FROM ConfigWorkplace bp WHERE segment = :segment ORDER BY workplace ASC
avr. 05, 2017 10:56:57 PM entity.ConfigWorkplace selectBySegment
INFOS: FROM ConfigWorkplace bp WHERE segment = :segment ORDER BY workplace ASC
avr. 05, 2017 10:56:57 PM entity.ConfigWorkplace selectBySegment
INFOS: FROM ConfigWorkplace bp WHERE segment = :segment ORDER BY workplace ASC
avr. 05, 2017 10:57:04 PM entity.ConfigWorkplace selectBySegment
INFOS: FROM ConfigWorkplace bp WHERE segment = :segment ORDER BY workplace ASC
avr. 05, 2017 10:57:04 PM entity.ConfigWorkplace selectBySegment
INFOS: FROM ConfigWorkplace bp WHERE segment = :segment ORDER BY workplace ASC
avr. 05, 2017 10:57:13 PM entity.ConfigWorkplace selectBySegment
INFOS: FROM ConfigWorkplace bp WHERE segment = :segment ORDER BY workplace ASC
avr. 05, 2017 10:57:13 PM entity.ConfigWorkplace selectBySegment
INFOS: FROM ConfigWorkplace bp WHERE segment = :segment ORDER BY workplace ASC
avr. 05, 2017 11:00:04 PM helper.Helper InitDailyDestPrintDir
INFOS: Print directory [.\print\2017_04_05] already exist!
Print sub directory [.\print\2017_04_05.\open_sheet] already exist!
Print sub directory [.\print\2017_04_05.\closing_sheet] already exist!
Print sub directory [.\print\2017_04_05.\picking_label] already exist!
Print sub directory [.\print\2017_04_05.\dispatch_label] already exist!

avr. 05, 2017 11:00:40 PM gui.config.CONFIG_UI0000_AdminPassword checkLoginAndPass
INFOS: User Admin   / 9999 connected to host O-EZZIOURI at 2017-04-05 23:00:40 Module : Planner.
avr. 05, 2017 11:00:40 PM entity.ConfigSegment select
INFOS: FROM ConfigSegment bp ORDER BY segment ASC
avr. 05, 2017 11:00:40 PM entity.ConfigWorkplace selectBySegment
INFOS: FROM ConfigWorkplace bp WHERE segment = :segment ORDER BY workplace ASC
avr. 05, 2017 11:00:40 PM entity.ConfigProject select
INFOS: FROM ConfigProject bp ORDER BY harnessType ASC
avr. 05, 2017 11:12:56 PM helper.Helper InitDailyDestPrintDir
INFOS: Print directory [.\print\2017_04_05] already exist!
Print sub directory [.\print\2017_04_05.\open_sheet] already exist!
Print sub directory [.\print\2017_04_05.\closing_sheet] already exist!
Print sub directory [.\print\2017_04_05.\picking_label] already exist!
Print sub directory [.\print\2017_04_05.\dispatch_label] already exist!

avr. 05, 2017 11:13:02 PM gui.config.CONFIG_UI0000_AdminPassword checkLoginAndPass
INFOS: User Admin   / 9999 connected to host O-EZZIOURI at 2017-04-05 23:13:02 Module : Planner.
avr. 05, 2017 11:13:02 PM entity.ConfigSegment select
INFOS: FROM ConfigSegment bp ORDER BY segment ASC
avr. 05, 2017 11:13:02 PM entity.ConfigWorkplace selectBySegment
INFOS: FROM ConfigWorkplace bp WHERE segment = :segment ORDER BY workplace ASC
avr. 05, 2017 11:13:02 PM entity.ConfigProject select
INFOS: FROM ConfigProject bp ORDER BY harnessType ASC
avr. 05, 2017 11:13:13 PM entity.ConfigWorkplace selectBySegment
INFOS: FROM ConfigWorkplace bp WHERE segment = :segment ORDER BY workplace ASC
avr. 05, 2017 11:13:13 PM entity.ConfigWorkplace selectBySegment
INFOS: FROM ConfigWorkplace bp WHERE segment = :segment ORDER BY workplace ASC
avr. 05, 2017 11:14:04 PM helper.Helper InitDailyDestPrintDir
INFOS: Print directory [.\print\2017_04_05] already exist!
Print sub directory [.\print\2017_04_05.\open_sheet] already exist!
Print sub directory [.\print\2017_04_05.\closing_sheet] already exist!
Print sub directory [.\print\2017_04_05.\picking_label] already exist!
Print sub directory [.\print\2017_04_05.\dispatch_label] already exist!

avr. 05, 2017 11:14:10 PM gui.config.CONFIG_UI0000_AdminPassword checkLoginAndPass
INFOS: User Admin   / 9999 connected to host O-EZZIOURI at 2017-04-05 23:14:10 Module : Planner.
avr. 05, 2017 11:14:10 PM entity.ConfigSegment select
INFOS: FROM ConfigSegment bp ORDER BY segment ASC
avr. 05, 2017 11:14:10 PM entity.ConfigWorkplace selectBySegment
INFOS: FROM ConfigWorkplace bp WHERE segment = :segment ORDER BY workplace ASC
avr. 05, 2017 11:14:10 PM entity.ConfigProject select
INFOS: FROM ConfigProject bp ORDER BY harnessType ASC
avr. 05, 2017 11:14:13 PM entity.ConfigWorkplace selectBySegment
INFOS: FROM ConfigWorkplace bp WHERE segment = :segment ORDER BY workplace ASC
avr. 05, 2017 11:14:13 PM entity.ConfigWorkplace selectBySegment
INFOS: FROM ConfigWorkplace bp WHERE segment = :segment ORDER BY workplace ASC
avr. 05, 2017 11:14:18 PM entity.ConfigWorkplace selectBySegment
INFOS: FROM ConfigWorkplace bp WHERE segment = :segment ORDER BY workplace ASC
avr. 05, 2017 11:14:18 PM entity.ConfigWorkplace selectBySegment
INFOS: FROM ConfigWorkplace bp WHERE segment = :segment ORDER BY workplace ASC
avr. 05, 2017 11:16:52 PM helper.Helper InitDailyDestPrintDir
INFOS: Print directory [.\print\2017_04_05] already exist!
Print sub directory [.\print\2017_04_05.\open_sheet] already exist!
Print sub directory [.\print\2017_04_05.\closing_sheet] already exist!
Print sub directory [.\print\2017_04_05.\picking_label] already exist!
Print sub directory [.\print\2017_04_05.\dispatch_label] already exist!

avr. 05, 2017 11:16:54 PM gui.packaging.PACKAGING_UI0001_Main loadBarcodeConfig
INFOS: FROM ConfigBarcode cb WHERE cb.keyWord = :keyWord ORDER BY id ASC
avr. 05, 2017 11:16:54 PM entity.ConfigProject select
INFOS: FROM ConfigProject bp ORDER BY harnessType ASC
avr. 05, 2017 11:16:54 PM entity.ConfigProject select
INFOS: FROM ConfigProject bp ORDER BY harnessType ASC
avr. 05, 2017 11:17:01 PM gui.config.CONFIG_UI0000_AdminPassword checkLoginAndPass
INFOS: User Admin   / 9999 connected to host O-EZZIOURI at 2017-04-05 23:17:01 Module : Planner.
avr. 05, 2017 11:17:01 PM entity.ConfigSegment select
INFOS: FROM ConfigSegment bp ORDER BY segment ASC
avr. 05, 2017 11:17:01 PM entity.ConfigWorkplace selectBySegment
INFOS: FROM ConfigWorkplace bp WHERE segment = :segment ORDER BY workplace ASC
avr. 05, 2017 11:17:01 PM entity.ConfigProject select
INFOS: FROM ConfigProject bp ORDER BY harnessType ASC
avr. 05, 2017 11:18:18 PM helper.Helper InitDailyDestPrintDir
INFOS: Print directory [.\print\2017_04_05] already exist!
Print sub directory [.\print\2017_04_05.\open_sheet] already exist!
Print sub directory [.\print\2017_04_05.\closing_sheet] already exist!
Print sub directory [.\print\2017_04_05.\picking_label] already exist!
Print sub directory [.\print\2017_04_05.\dispatch_label] already exist!

avr. 05, 2017 11:20:24 PM gui.config.CONFIG_UI0000_AdminPassword checkLoginAndPass
INFOS: User Admin   / 9999 connected to host O-EZZIOURI at 2017-04-05 23:20:24 Module : Planner.
avr. 05, 2017 11:20:24 PM entity.ConfigSegment select
INFOS: FROM ConfigSegment bp ORDER BY segment ASC
avr. 05, 2017 11:20:24 PM entity.ConfigWorkplace selectBySegment
INFOS: FROM ConfigWorkplace bp WHERE segment = :segment ORDER BY workplace ASC
avr. 05, 2017 11:20:24 PM entity.ConfigProject select
INFOS: FROM ConfigProject bp ORDER BY harnessType ASC
avr. 05, 2017 11:29:21 PM helper.Helper InitDailyDestPrintDir
INFOS: Print directory [.\print\2017_04_05] already exist!
Print sub directory [.\print\2017_04_05.\open_sheet] already exist!
Print sub directory [.\print\2017_04_05.\closing_sheet] already exist!
Print sub directory [.\print\2017_04_05.\picking_label] already exist!
Print sub directory [.\print\2017_04_05.\dispatch_label] already exist!

avr. 05, 2017 11:29:26 PM gui.config.CONFIG_UI0000_AdminPassword checkLoginAndPass
INFOS: User Admin   / 9999 connected to host O-EZZIOURI at 2017-04-05 23:29:26 Module : Planner.
avr. 05, 2017 11:29:26 PM entity.ConfigSegment select
INFOS: FROM ConfigSegment bp ORDER BY segment ASC
avr. 05, 2017 11:29:26 PM entity.ConfigWorkplace selectBySegment
INFOS: FROM ConfigWorkplace bp WHERE segment = :segment ORDER BY workplace ASC
avr. 05, 2017 11:29:26 PM entity.ConfigProject select
INFOS: FROM ConfigProject bp ORDER BY harnessType ASC
avr. 05, 2017 11:31:21 PM helper.Helper InitDailyDestPrintDir
INFOS: Print directory [.\print\2017_04_05] already exist!
Print sub directory [.\print\2017_04_05.\open_sheet] already exist!
Print sub directory [.\print\2017_04_05.\closing_sheet] already exist!
Print sub directory [.\print\2017_04_05.\picking_label] already exist!
Print sub directory [.\print\2017_04_05.\dispatch_label] already exist!

avr. 05, 2017 11:31:37 PM gui.config.CONFIG_UI0000_AdminPassword checkLoginAndPass
INFOS: User Admin   / 9999 connected to host O-EZZIOURI at 2017-04-05 23:31:37 Module : Planner.
avr. 05, 2017 11:31:38 PM entity.ConfigSegment select
INFOS: FROM ConfigSegment bp ORDER BY segment ASC
avr. 05, 2017 11:31:38 PM entity.ConfigWorkplace selectBySegment
INFOS: FROM ConfigWorkplace bp WHERE segment = :segment ORDER BY workplace ASC
avr. 05, 2017 11:31:38 PM entity.ConfigProject select
INFOS: FROM ConfigProject bp ORDER BY harnessType ASC
avr. 05, 2017 11:32:33 PM helper.Helper InitDailyDestPrintDir
INFOS: Print directory [.\print\2017_04_05] already exist!
Print sub directory [.\print\2017_04_05.\open_sheet] already exist!
Print sub directory [.\print\2017_04_05.\closing_sheet] already exist!
Print sub directory [.\print\2017_04_05.\picking_label] already exist!
Print sub directory [.\print\2017_04_05.\dispatch_label] already exist!

avr. 05, 2017 11:32:38 PM gui.config.CONFIG_UI0000_AdminPassword checkLoginAndPass
INFOS: User Admin   / 9999 connected to host O-EZZIOURI at 2017-04-05 23:32:38 Module : Planner.
avr. 05, 2017 11:32:38 PM entity.ConfigSegment select
INFOS: FROM ConfigSegment bp ORDER BY segment ASC
avr. 05, 2017 11:32:38 PM entity.ConfigWorkplace selectBySegment
INFOS: FROM ConfigWorkplace bp WHERE segment = :segment ORDER BY workplace ASC
avr. 05, 2017 11:32:38 PM entity.ConfigProject select
INFOS: FROM ConfigProject bp ORDER BY harnessType ASC
avr. 05, 2017 11:33:00 PM gui.packaging.PACKAGING_UI0001_Main loadBarcodeConfig
INFOS: FROM ConfigBarcode cb WHERE cb.keyWord = :keyWord ORDER BY id ASC
avr. 05, 2017 11:33:00 PM entity.ConfigProject select
INFOS: FROM ConfigProject bp ORDER BY harnessType ASC
avr. 05, 2017 11:33:00 PM entity.ConfigProject select
INFOS: FROM ConfigProject bp ORDER BY harnessType ASC
avr. 05, 2017 11:33:47 PM gui.packaging.PACKAGING_UI0002_PasswordRequest connect
INFOS: User Admin   / 9999 connected to host O-EZZIOURI at 2017-04-05 23:33:47 Project : ENGINE.
avr. 05, 2017 11:33:51 PM entity.ConfigUcs isHarnessPartExist
INFOS: Searching Harness part [22630882] in ConfigUCS: MDEP
avr. 05, 2017 11:33:51 PM entity.ConfigUcs isHarnessPartExist
INFOS: Harness part [22630882] NOT found.
avr. 05, 2017 11:33:51 PM state.S020_HarnessPartScan doAction
AVERTISSEMENT: Harness part [P22630882] NOT found in UCS [MDEP].
avr. 05, 2017 11:38:47 PM helper.Helper InitDailyDestPrintDir
INFOS: Print directory [.\print\2017_04_05] already exist!
Print sub directory [.\print\2017_04_05.\open_sheet] already exist!
Print sub directory [.\print\2017_04_05.\closing_sheet] already exist!
Print sub directory [.\print\2017_04_05.\picking_label] already exist!
Print sub directory [.\print\2017_04_05.\dispatch_label] already exist!

avr. 05, 2017 11:38:50 PM gui.packaging.PACKAGING_UI0001_Main loadBarcodeConfig
INFOS: FROM ConfigBarcode cb WHERE cb.keyWord = :keyWord ORDER BY id ASC
avr. 05, 2017 11:38:50 PM entity.ConfigProject select
INFOS: FROM ConfigProject bp ORDER BY harnessType ASC
avr. 05, 2017 11:38:50 PM entity.ConfigProject select
INFOS: FROM ConfigProject bp ORDER BY harnessType ASC
avr. 05, 2017 11:38:56 PM gui.packaging.PACKAGING_UI0002_PasswordRequest connect
INFOS: User Admin   / 9999 connected to host O-EZZIOURI at 2017-04-05 23:38:56 Project : ENGINE.
avr. 05, 2017 11:39:07 PM entity.ConfigUcs isHarnessPartExist
INFOS: Searching Harness part [22630882] in ConfigUCS: ENGINE
avr. 05, 2017 11:39:07 PM entity.ConfigUcs isHarnessPartExist
INFOS: Harness part [22630882] found for project [ENGINE].
avr. 05, 2017 11:39:07 PM state.S020_HarnessPartScan doAction
INFOS: Harness Part scanned [P22630882] OK.
avr. 05, 2017 11:39:15 PM entity.BaseHarness checkCounterFormat
INFOS: Invalid Counter scanned format [P22630882 20170406000000]!
avr. 05, 2017 11:39:30 PM entity.BaseHarness isCounterExist
INFOS: Searching Harness counter [P2263088200000000000013] in BaseHarness.
avr. 05, 2017 11:39:30 PM entity.BaseHarness isCounterExist
INFOS: FROM BaseHarness bh WHERE bh.counter = :counter
avr. 05, 2017 11:39:31 PM state.S030_MatrixIdScan doAction
INFOS: Valid Harness Counter scanned [P2263088200000000000013] OK.
avr. 05, 2017 11:40:00 PM entity.BaseEngineLabel checkLabelFormat
INFOS: Invalid Counter scanned format []!
avr. 05, 2017 11:40:07 PM entity.BaseEngineLabel isLabelCodeExist
INFOS: Searching Engine Label code [00000000001] in BaseEngineLabel.
avr. 05, 2017 11:40:07 PM entity.BaseEngineLabel isLabelCodeExist
INFOS: FROM BaseEngineLabel bel WHERE bel.labelCode = :labelCode
avr. 05, 2017 11:40:07 PM entity.BaseEngineLabel isLabelCodeExist
INFOS: New label engine [00000000001]
avr. 05, 2017 11:40:07 PM state.S031_PlasticBagScan doAction
INFOS: First Valid Engine Label scanned [00000000001] OK.
avr. 05, 2017 11:40:16 PM entity.BaseEngineLabel isLabelCodeExist
INFOS: Searching Engine Label code [00000000002] in BaseEngineLabel.
avr. 05, 2017 11:40:16 PM entity.BaseEngineLabel isLabelCodeExist
INFOS: FROM BaseEngineLabel bel WHERE bel.labelCode = :labelCode
avr. 05, 2017 11:40:16 PM entity.BaseEngineLabel isLabelCodeExist
INFOS: New label engine [00000000002]
avr. 05, 2017 11:40:19 PM state.S040_PalletChoice doAction
INFOS: Is it a new pallet ?
avr. 05, 2017 11:40:19 PM state.S040_PalletChoice doAction
INFOS:  [Yes]
avr. 05, 2017 11:40:19 PM gui.packaging.PACKAGING_UI9000_ChoosePackType <init>
INFOS: Item found 22630882--26C36540B--P02--3RV--24--1.69--null--ENGINE--C3--103---1--null
avr. 05, 2017 11:40:19 PM gui.packaging.PACKAGING_UI9000_ChoosePackType <init>
INFOS: Item found 22630882--26C36540B--P02--CARTON C11--1--1.69----ENGINE--C3--253--1--Speciale
avr. 05, 2017 11:40:19 PM gui.packaging.PACKAGING_UI9000_ChoosePackType <init>
INFOS: 2 UCS founds for Harness Part[22630882].
avr. 05, 2017 11:40:31 PM gui.packaging.PACKAGING_UI9000_ChoosePackType mappingContextVals
INFOS: Selected pack type : 22630882--26C36540B--P02--CARTON C11--1--1.69----ENGINE--C3--253--1--Speciale 
avr. 05, 2017 11:40:31 PM helper.Helper InitDailyDestPrintDir
INFOS: nullPrint directory [.\print\2017_04_05] already exist!
Print sub directory [.\print\2017_04_05.\open_sheet] already exist!
Print sub directory [.\print\2017_04_05.\closing_sheet] already exist!
Print sub directory [.\print\2017_04_05.\picking_label] already exist!
Print sub directory [.\print\2017_04_05.\dispatch_label] already exist!

avr. 05, 2017 11:40:32 PM helper.PrinterHelper saveAndPrintOpenSheet
INFOS: Set Pallet [200020979] state to [IN_PROCESS]
avr. 05, 2017 11:40:32 PM print.PrintOpenPallet_A5 sentToDefaultDesktopPrinter
INFOS: Sending [.\print\2017_04_05\open_sheet\PrintOpenPallet_A5_2017_04_05_23_40_32_22630882_200020979.pdf] to the default printer...
avr. 05, 2017 11:40:32 PM print.PrintOpenPallet_A5 sentToDefaultDesktopPrinter
INFOS: File [.\print\2017_04_05\open_sheet\PrintOpenPallet_A5_2017_04_05_23_40_32_22630882_200020979.pdf] has been printed.
avr. 05, 2017 11:40:32 PM helper.PrinterHelper saveAndPrintOpenSheet
INFOS: Set Pallet [200020979] state to [PRINTED]
avr. 05, 2017 11:40:32 PM gui.packaging.PACKAGING_UI9000_ChoosePackType loadConfigUcs
INFOS: Openning new container for first harness part [22630882].
avr. 05, 2017 11:41:03 PM state.S041_NewPalletScan doAction
INFOS: Scanned Pallet number [200020979] OK.
avr. 05, 2017 11:41:03 PM state.S041_NewPalletScan doAction
INFOS: BaseContainer created BaseContainer{id=20849, createTime=Wed Apr 05 23:41:03 WEST 2017, writeTime=Wed Apr 05 23:41:03 WEST 2017, createId=4, writeId=4, user=9999, createUser=Admin  , startTime=Wed Apr 05 23:41:03 WEST 2017, completeTime=null, workTime=null, palletNumber=200020979, harnessPart=22630882, harnessIndex=P02, supplierPartNumber=26C36540B, qtyExpected=1, qtyRead=1, containerState=OPEN, containerStateCode=1000, packType=CARTON C11, harnessType=ENGINE, stdTime=1.69, workstation=O-EZZIOURI, harnessList=[]} 
avr. 05, 2017 11:41:04 PM helper.Helper InitDailyDestPrintDir
INFOS: nullPrint directory [.\print\2017_04_05] already exist!
Print sub directory [.\print\2017_04_05.\open_sheet] already exist!
Print sub directory [.\print\2017_04_05.\closing_sheet] already exist!
Print sub directory [.\print\2017_04_05.\picking_label] already exist!
Print sub directory [.\print\2017_04_05.\dispatch_label] already exist!

avr. 05, 2017 11:41:04 PM helper.PrinterHelper saveAndPrintClosingSheet
INFOS: Set Closing Pallet item [20533] state to [IN_PROCESS]
avr. 05, 2017 11:41:04 PM print.PrintClosingPallet_A5 sentToDefaultDesktopPrinter
INFOS: Sending [.\print\2017_04_05\closing_sheet\PrintClosingPallet_A5_22630882_2017_04_05_23_41_04.pdf] to the default printer...
avr. 05, 2017 11:41:04 PM print.PrintClosingPallet_A5 sentToDefaultDesktopPrinter
INFOS: File [%s] has been printed.
avr. 05, 2017 11:41:04 PM helper.PrinterHelper saveAndPrintClosingSheet
INFOS: Set Closing Pallet [20533] state to [PRINTED]
avr. 05, 2017 11:44:23 PM entity.ConfigSegment select
INFOS: FROM ConfigSegment bp ORDER BY segment ASC
avr. 05, 2017 11:44:25 PM entity.ConfigSegment select
INFOS: FROM ConfigSegment bp ORDER BY segment ASC
avr. 05, 2017 11:44:25 PM entity.ConfigWorkplace select
INFOS: FROM ConfigWorkplace bp ORDER BY workplace ASC
avr. 05, 2017 11:44:25 PM entity.ConfigSegment select
INFOS: FROM ConfigSegment bp ORDER BY segment ASC
avr. 05, 2017 11:44:25 PM entity.ConfigWorkplace select
INFOS: FROM ConfigWorkplace bp ORDER BY workplace ASC
avr. 05, 2017 11:44:26 PM entity.ConfigSegment select
INFOS: FROM ConfigSegment bp ORDER BY segment ASC
avr. 05, 2017 11:44:26 PM entity.ConfigWorkplace select
INFOS: FROM ConfigWorkplace bp ORDER BY workplace ASC
avr. 05, 2017 11:44:31 PM entity.ConfigSegment select
INFOS: FROM ConfigSegment bp ORDER BY segment ASC
avr. 05, 2017 11:44:31 PM entity.ConfigWorkplace select
INFOS: FROM ConfigWorkplace bp ORDER BY workplace ASC
avr. 05, 2017 11:44:33 PM entity.ConfigSegment select
INFOS: FROM ConfigSegment bp ORDER BY segment ASC
avr. 05, 2017 11:44:33 PM entity.ConfigWorkplace select
INFOS: FROM ConfigWorkplace bp ORDER BY workplace ASC
avr. 05, 2017 11:44:45 PM entity.ConfigSegment select
INFOS: FROM ConfigSegment bp ORDER BY segment ASC
avr. 05, 2017 11:44:45 PM entity.ConfigWorkplace select
INFOS: FROM ConfigWorkplace bp ORDER BY workplace ASC
avr. 05, 2017 11:44:48 PM entity.ConfigSegment select
INFOS: FROM ConfigSegment bp ORDER BY segment ASC
avr. 05, 2017 11:44:48 PM entity.ConfigWorkplace select
INFOS: FROM ConfigWorkplace bp ORDER BY workplace ASC
avr. 05, 2017 11:44:48 PM entity.ConfigSegment select
INFOS: FROM ConfigSegment bp ORDER BY segment ASC
avr. 05, 2017 11:44:48 PM entity.ConfigWorkplace select
INFOS: FROM ConfigWorkplace bp ORDER BY workplace ASC
