déc. 25, 2016 10:17:47 PM helper.Helper InitDailyDestPrintDir
INFOS: Print directory [.\print\2016_12_25] is created!
Print sub directory [.\print\2016_12_25.\open_sheet] is created!
Print sub directory [.\print\2016_12_25.\closing_sheet] is created!
Print sub directory [.\print\2016_12_25.\picking_label] is created!
Print sub directory [.\print\2016_12_25.\dispatch_label] is created!

déc. 25, 2016 10:17:50 PM gui.packaging.PACKAGING_UI0001_Main loadBarcodeConfig
INFOS: FROM ConfigBarcode cb WHERE cb.keyWord = :keyWord ORDER BY id ASC
déc. 25, 2016 10:17:50 PM entity.ConfigProject select
INFOS: FROM ConfigProject bp ORDER BY harnessType ASC
déc. 25, 2016 10:17:50 PM entity.ConfigProject select
INFOS: FROM ConfigProject bp ORDER BY harnessType ASC
déc. 25, 2016 10:17:54 PM entity.ConfigSegment select
INFOS: FROM ConfigSegment bp ORDER BY segment ASC
déc. 25, 2016 10:17:54 PM entity.ConfigSegment select
INFOS: FROM ConfigSegment bp ORDER BY segment ASC
déc. 25, 2016 10:17:54 PM entity.ConfigWorkplace select
INFOS: FROM ConfigWorkplace bp ORDER BY workplace ASC
déc. 25, 2016 10:18:00 PM entity.ConfigWorkplace selectBySegment
INFOS: FROM ConfigWorkplace bp WHERE segment = :segment ORDER BY workplace ASC
déc. 25, 2016 10:18:00 PM entity.ConfigWorkplace selectBySegment
INFOS: FROM ConfigWorkplace bp WHERE segment = :segment ORDER BY workplace ASC
déc. 25, 2016 10:18:00 PM entity.ConfigWorkplace selectBySegment
INFOS: FROM ConfigWorkplace bp WHERE segment = :segment ORDER BY workplace ASC
déc. 25, 2016 10:18:00 PM entity.ConfigWorkplace selectBySegment
INFOS: FROM ConfigWorkplace bp WHERE segment = :segment ORDER BY workplace ASC
déc. 25, 2016 10:18:00 PM entity.ConfigWorkplace selectBySegment
INFOS: FROM ConfigWorkplace bp WHERE segment = :segment ORDER BY workplace ASC
déc. 25, 2016 10:18:00 PM entity.ConfigWorkplace selectBySegment
INFOS: FROM ConfigWorkplace bp WHERE segment = :segment ORDER BY workplace ASC
déc. 25, 2016 10:18:06 PM entity.ConfigWorkplace selectBySegment
INFOS: FROM ConfigWorkplace bp WHERE segment = :segment ORDER BY workplace ASC
déc. 25, 2016 10:22:05 PM gui.packaging.PACKAGING_UI0002_PasswordRequest connect
INFOS: User Admin   / 9999 connected to host O-EZZIOURI at 2016-12-25 22:22:05 Project : ENGINE.
déc. 25, 2016 10:22:30 PM entity.ConfigUcs isHarnessPartExist
INFOS: Searching Harness part [22630882] in ConfigUCS: ENGINE
déc. 25, 2016 10:22:33 PM entity.ConfigUcs isHarnessPartExist
INFOS: Searching Harness part [22630882] in ConfigUCS: ENGINE
déc. 25, 2016 10:24:11 PM helper.Helper InitDailyDestPrintDir
INFOS: Print directory [.\print\2016_12_25] already exist!
Print sub directory [.\print\2016_12_25.\open_sheet] already exist!
Print sub directory [.\print\2016_12_25.\closing_sheet] already exist!
Print sub directory [.\print\2016_12_25.\picking_label] already exist!
Print sub directory [.\print\2016_12_25.\dispatch_label] already exist!

déc. 25, 2016 10:24:14 PM gui.packaging.PACKAGING_UI0001_Main loadBarcodeConfig
INFOS: FROM ConfigBarcode cb WHERE cb.keyWord = :keyWord ORDER BY id ASC
déc. 25, 2016 10:24:14 PM entity.ConfigProject select
INFOS: FROM ConfigProject bp ORDER BY harnessType ASC
déc. 25, 2016 10:24:14 PM entity.ConfigProject select
INFOS: FROM ConfigProject bp ORDER BY harnessType ASC
déc. 25, 2016 10:24:24 PM gui.packaging.PACKAGING_UI0002_PasswordRequest connect
INFOS: User Admin   / 9999 connected to host O-EZZIOURI at 2016-12-25 22:24:24 Project : ENGINE.
déc. 25, 2016 10:24:27 PM entity.ConfigUcs isHarnessPartExist
INFOS: Searching Harness part [22630882] in ConfigUCS: ENGINE
déc. 25, 2016 10:26:19 PM helper.Helper InitDailyDestPrintDir
INFOS: Print directory [.\print\2016_12_25] already exist!
Print sub directory [.\print\2016_12_25.\open_sheet] already exist!
Print sub directory [.\print\2016_12_25.\closing_sheet] already exist!
Print sub directory [.\print\2016_12_25.\picking_label] already exist!
Print sub directory [.\print\2016_12_25.\dispatch_label] already exist!

déc. 25, 2016 10:26:24 PM gui.packaging.PACKAGING_UI0001_Main loadBarcodeConfig
INFOS: FROM ConfigBarcode cb WHERE cb.keyWord = :keyWord ORDER BY id ASC
déc. 25, 2016 10:26:24 PM entity.ConfigProject select
INFOS: FROM ConfigProject bp ORDER BY harnessType ASC
déc. 25, 2016 10:26:24 PM entity.ConfigProject select
INFOS: FROM ConfigProject bp ORDER BY harnessType ASC
déc. 25, 2016 10:26:35 PM gui.packaging.PACKAGING_UI0002_PasswordRequest connect
INFOS: User Admin   / 9999 connected to host O-EZZIOURI at 2016-12-25 22:26:35 Project : ENGINE.
déc. 25, 2016 10:26:44 PM entity.ConfigUcs isHarnessPartExist
INFOS: Searching Harness part [22630882] in ConfigUCS: ENGINE
déc. 25, 2016 10:26:44 PM entity.ConfigUcs isHarnessPartExist
INFOS: Harness part [22630882] found for project [ENGINE].
déc. 25, 2016 10:26:44 PM state.S020_HarnessPartScan doAction
INFOS: Harness Part scanned [P22630882] OK.
déc. 25, 2016 10:26:51 PM entity.BaseHarness isCounterExist
INFOS: Searching Harness counter [P2263088200000000000004] in BaseHarness.
déc. 25, 2016 10:26:51 PM entity.BaseHarness isCounterExist
INFOS: FROM BaseHarness bh WHERE bh.counter = :counter
déc. 25, 2016 10:26:51 PM state.S030_MatrixIdScan doAction
INFOS: Valid Harness Counter scanned [P2263088200000000000004] OK.
déc. 25, 2016 10:27:12 PM entity.BaseEngineLabel isLabelCodeExist
INFOS: Searching Engine Label code [12345678905] in BaseEngineLabel.
déc. 25, 2016 10:27:12 PM entity.BaseEngineLabel isLabelCodeExist
INFOS: FROM BaseEngineLabel bel WHERE bel.labelCode = :labelCode
déc. 25, 2016 10:27:12 PM entity.BaseEngineLabel isLabelCodeExist
AVERTISSEMENT: Duplicated engine label [12345678905]
déc. 25, 2016 10:27:19 PM entity.BaseEngineLabel isLabelCodeExist
INFOS: Searching Engine Label code [12345678906] in BaseEngineLabel.
déc. 25, 2016 10:27:19 PM entity.BaseEngineLabel isLabelCodeExist
INFOS: FROM BaseEngineLabel bel WHERE bel.labelCode = :labelCode
déc. 25, 2016 10:27:20 PM entity.BaseEngineLabel isLabelCodeExist
AVERTISSEMENT: Duplicated engine label [12345678906]
déc. 25, 2016 10:27:26 PM entity.BaseEngineLabel isLabelCodeExist
INFOS: Searching Engine Label code [12345678907] in BaseEngineLabel.
déc. 25, 2016 10:27:26 PM entity.BaseEngineLabel isLabelCodeExist
INFOS: FROM BaseEngineLabel bel WHERE bel.labelCode = :labelCode
déc. 25, 2016 10:27:26 PM entity.BaseEngineLabel isLabelCodeExist
INFOS: New label engine [12345678907]
déc. 25, 2016 10:27:26 PM state.S031_PlasticBagScan doAction
INFOS: First Valid Engine Label scanned [12345678907] OK.
déc. 25, 2016 10:27:30 PM entity.BaseEngineLabel isLabelCodeExist
INFOS: Searching Engine Label code [12345678908] in BaseEngineLabel.
déc. 25, 2016 10:27:30 PM entity.BaseEngineLabel isLabelCodeExist
INFOS: FROM BaseEngineLabel bel WHERE bel.labelCode = :labelCode
déc. 25, 2016 10:27:30 PM entity.BaseEngineLabel isLabelCodeExist
INFOS: New label engine [12345678908]
déc. 25, 2016 10:27:34 PM state.S040_PalletChoice doAction
INFOS: Is it a new pallet ?
déc. 25, 2016 10:27:34 PM state.S040_PalletChoice doAction
INFOS:  [Yes]
déc. 25, 2016 10:27:34 PM gui.packaging.PACKAGING_UI9000_ChoosePackType <init>
INFOS: Item found 22630882--26C36540B--P02--3RV--24--1.69--C3--ENGINE--C3
déc. 25, 2016 10:27:34 PM gui.packaging.PACKAGING_UI9000_ChoosePackType <init>
INFOS: Item found 22630882--26C36540B--P02--3RV--3--1.69--C3--ENGINE--C3
déc. 25, 2016 10:27:34 PM gui.packaging.PACKAGING_UI9000_ChoosePackType <init>
INFOS: 2 UCS founds for Harness Part[22630882].
déc. 25, 2016 10:27:39 PM gui.packaging.PACKAGING_UI9000_ChoosePackType mappingContextVals
INFOS: Selected pack type : 22630882--26C36540B--P02--3RV--3--1.69--C3--ENGINE--C3 
déc. 25, 2016 10:27:39 PM helper.Helper InitDailyDestPrintDir
INFOS: nullPrint directory [.\print\2016_12_25] already exist!
Print sub directory [.\print\2016_12_25.\open_sheet] already exist!
Print sub directory [.\print\2016_12_25.\closing_sheet] already exist!
Print sub directory [.\print\2016_12_25.\picking_label] already exist!
Print sub directory [.\print\2016_12_25.\dispatch_label] already exist!

déc. 25, 2016 10:27:40 PM helper.PrinterHelper saveAndPrintOpenSheet
INFOS: Set Pallet [200014782] state to [IN_PROCESS]
déc. 25, 2016 10:27:40 PM print.PrintOpenPallet_A5 sentToDefaultDesktopPrinter
INFOS: Sending [.\print\2016_12_25\open_sheet\PrintOpenPallet_A5_2016_12_25_22_27_39_22630882_200014782.pdf] to the default printer...
déc. 25, 2016 10:27:41 PM print.PrintOpenPallet_A5 sentToDefaultDesktopPrinter
INFOS: File [.\print\2016_12_25\open_sheet\PrintOpenPallet_A5_2016_12_25_22_27_39_22630882_200014782.pdf] has been printed.
déc. 25, 2016 10:27:41 PM helper.PrinterHelper saveAndPrintOpenSheet
INFOS: Set Pallet [200014782] state to [PRINTED]
déc. 25, 2016 10:27:41 PM gui.packaging.PACKAGING_UI9000_ChoosePackType loadConfigUcs
INFOS: Openning new container for first harness part [22630882].
déc. 25, 2016 10:29:24 PM state.S041_NewPalletScan doAction
INFOS: Scanned Pallet number [200014782] OK.
déc. 25, 2016 10:29:24 PM state.S041_NewPalletScan doAction
INFOS: BaseContainer created BaseContainer{id=14773, createTime=Sun Dec 25 22:29:24 WET 2016, writeTime=Sun Dec 25 22:29:24 WET 2016, createId=4, writeId=4, user=9999, createUser=Admin  , startTime=Sun Dec 25 22:29:24 WET 2016, completeTime=null, workTime=null, palletNumber=200014782, harnessPart=22630882, harnessIndex=P02, supplierPartNumber=26C36540B, qtyExpected=3, qtyRead=1, containerState=OPEN, containerStateCode=1000, packType=3RV, harnessType=ENGINE, stdTime=1.69, workstation=O-EZZIOURI, harnessList=[]} 
déc. 25, 2016 10:29:42 PM helper.Helper InitDailyDestPrintDir
INFOS: Print directory [.\print\2016_12_25] already exist!
Print sub directory [.\print\2016_12_25.\open_sheet] already exist!
Print sub directory [.\print\2016_12_25.\closing_sheet] already exist!
Print sub directory [.\print\2016_12_25.\picking_label] already exist!
Print sub directory [.\print\2016_12_25.\dispatch_label] already exist!

déc. 25, 2016 10:29:47 PM gui.packaging.PACKAGING_UI0001_Main loadBarcodeConfig
INFOS: FROM ConfigBarcode cb WHERE cb.keyWord = :keyWord ORDER BY id ASC
déc. 25, 2016 10:29:47 PM entity.ConfigProject select
INFOS: FROM ConfigProject bp ORDER BY harnessType ASC
déc. 25, 2016 10:29:47 PM entity.ConfigProject select
INFOS: FROM ConfigProject bp ORDER BY harnessType ASC
déc. 25, 2016 10:29:52 PM entity.ConfigSegment select
INFOS: FROM ConfigSegment bp ORDER BY segment ASC
déc. 25, 2016 10:29:52 PM entity.ConfigSegment select
INFOS: FROM ConfigSegment bp ORDER BY segment ASC
déc. 25, 2016 10:29:52 PM entity.ConfigWorkplace select
INFOS: FROM ConfigWorkplace bp ORDER BY workplace ASC
déc. 25, 2016 10:29:57 PM entity.ConfigSegment select
INFOS: FROM ConfigSegment bp ORDER BY segment ASC
déc. 25, 2016 10:29:57 PM entity.ConfigWorkplace select
INFOS: FROM ConfigWorkplace bp ORDER BY workplace ASC
déc. 25, 2016 10:30:09 PM gui.packaging.PACKAGING_UI0002_PasswordRequest connect
INFOS: User Admin   / 9999 connected to host O-EZZIOURI at 2016-12-25 22:30:09 Project : ENGINE.
déc. 25, 2016 10:30:37 PM entity.BaseHarness checkHarnessPartFormat
INFOS: Invalid Harness Part scanned [P2263088200000000000005] !
déc. 25, 2016 10:30:37 PM state.S020_HarnessPartScan doAction
AVERTISSEMENT: Invalid Harness Part scanned [P2263088200000000000005] !
déc. 25, 2016 10:30:47 PM entity.ConfigUcs isHarnessPartExist
INFOS: Searching Harness part [22630882] in ConfigUCS: ENGINE
déc. 25, 2016 10:30:47 PM entity.ConfigUcs isHarnessPartExist
INFOS: Harness part [22630882] found for project [ENGINE].
déc. 25, 2016 10:30:47 PM state.S020_HarnessPartScan doAction
INFOS: Harness Part scanned [P22630882] OK.
déc. 25, 2016 10:30:53 PM entity.BaseHarness isCounterExist
INFOS: Searching Harness counter [P2263088200000000000005] in BaseHarness.
déc. 25, 2016 10:30:53 PM entity.BaseHarness isCounterExist
INFOS: FROM BaseHarness bh WHERE bh.counter = :counter
déc. 25, 2016 10:30:54 PM state.S030_MatrixIdScan doAction
INFOS: Valid Harness Counter scanned [P2263088200000000000005] OK.
déc. 25, 2016 10:30:58 PM entity.BaseEngineLabel isLabelCodeExist
INFOS: Searching Engine Label code [12345678909] in BaseEngineLabel.
déc. 25, 2016 10:30:58 PM entity.BaseEngineLabel isLabelCodeExist
INFOS: FROM BaseEngineLabel bel WHERE bel.labelCode = :labelCode
déc. 25, 2016 10:30:58 PM entity.BaseEngineLabel isLabelCodeExist
INFOS: New label engine [12345678909]
déc. 25, 2016 10:30:58 PM state.S031_PlasticBagScan doAction
INFOS: First Valid Engine Label scanned [12345678909] OK.
déc. 25, 2016 10:31:01 PM entity.BaseEngineLabel isLabelCodeExist
INFOS: Searching Engine Label code [12345678910] in BaseEngineLabel.
déc. 25, 2016 10:31:01 PM entity.BaseEngineLabel isLabelCodeExist
INFOS: FROM BaseEngineLabel bel WHERE bel.labelCode = :labelCode
déc. 25, 2016 10:31:01 PM entity.BaseEngineLabel isLabelCodeExist
INFOS: New label engine [12345678910]
déc. 25, 2016 10:31:08 PM state.S040_PalletChoice doAction
INFOS: Is it a new pallet ?
déc. 25, 2016 10:31:08 PM state.S040_PalletChoice doAction
INFOS:  [No]
déc. 25, 2016 10:31:08 PM state.S040_PalletChoice doAction
INFOS: Pallet values 
déc. 25, 2016 10:31:08 PM state.S040_PalletChoice doAction
INFOS: State           :   [true]
déc. 25, 2016 10:31:08 PM state.S040_PalletChoice doAction
INFOS: Qty Expected    :   [3]
déc. 25, 2016 10:31:08 PM state.S040_PalletChoice doAction
INFOS: Qty Read        :   [1]
déc. 25, 2016 10:31:08 PM state.S040_PalletChoice doAction
INFOS: Std Time        :   [1.69]
déc. 25, 2016 10:31:08 PM state.S040_PalletChoice doAction
INFOS: Harness Part [22630882] = Context Harness Part [22630882]
déc. 25, 2016 10:31:08 PM state.S040_PalletChoice doAction
INFOS: Harness Type [ENGINE] = Context Harness Type [ENGINE]
déc. 25, 2016 10:31:10 PM entity.ConfigSegment select
INFOS: FROM ConfigSegment bp ORDER BY segment ASC
déc. 25, 2016 10:31:10 PM entity.ConfigSegment select
INFOS: FROM ConfigSegment bp ORDER BY segment ASC
déc. 25, 2016 10:31:10 PM entity.ConfigWorkplace select
INFOS: FROM ConfigWorkplace bp ORDER BY workplace ASC
déc. 25, 2016 10:31:13 PM entity.ConfigSegment select
INFOS: FROM ConfigSegment bp ORDER BY segment ASC
déc. 25, 2016 10:31:13 PM entity.ConfigWorkplace select
INFOS: FROM ConfigWorkplace bp ORDER BY workplace ASC
déc. 25, 2016 10:31:31 PM entity.ConfigSegment select
INFOS: FROM ConfigSegment bp ORDER BY segment ASC
déc. 25, 2016 10:31:31 PM entity.ConfigWorkplace select
INFOS: FROM ConfigWorkplace bp ORDER BY workplace ASC
déc. 25, 2016 10:31:33 PM entity.ConfigSegment select
INFOS: FROM ConfigSegment bp ORDER BY segment ASC
déc. 25, 2016 10:31:33 PM entity.ConfigWorkplace select
INFOS: FROM ConfigWorkplace bp ORDER BY workplace ASC
déc. 25, 2016 10:31:40 PM entity.ConfigSegment select
INFOS: FROM ConfigSegment bp ORDER BY segment ASC
déc. 25, 2016 10:31:40 PM entity.ConfigWorkplace select
INFOS: FROM ConfigWorkplace bp ORDER BY workplace ASC
déc. 25, 2016 10:31:41 PM entity.ConfigSegment select
INFOS: FROM ConfigSegment bp ORDER BY segment ASC
déc. 25, 2016 10:31:41 PM entity.ConfigWorkplace select
INFOS: FROM ConfigWorkplace bp ORDER BY workplace ASC
déc. 25, 2016 10:31:51 PM entity.ConfigSegment select
INFOS: FROM ConfigSegment bp ORDER BY segment ASC
déc. 25, 2016 10:31:51 PM entity.ConfigWorkplace select
INFOS: FROM ConfigWorkplace bp ORDER BY workplace ASC
déc. 25, 2016 10:31:52 PM entity.ConfigSegment select
INFOS: FROM ConfigSegment bp ORDER BY segment ASC
déc. 25, 2016 10:31:52 PM entity.ConfigWorkplace select
INFOS: FROM ConfigWorkplace bp ORDER BY workplace ASC
déc. 25, 2016 10:35:43 PM helper.Helper InitDailyDestPrintDir
INFOS: Print directory [.\print\2016_12_25] already exist!
Print sub directory [.\print\2016_12_25.\open_sheet] already exist!
Print sub directory [.\print\2016_12_25.\closing_sheet] already exist!
Print sub directory [.\print\2016_12_25.\picking_label] already exist!
Print sub directory [.\print\2016_12_25.\dispatch_label] already exist!

déc. 25, 2016 10:35:51 PM gui.packaging.PACKAGING_UI0001_Main loadBarcodeConfig
INFOS: FROM ConfigBarcode cb WHERE cb.keyWord = :keyWord ORDER BY id ASC
déc. 25, 2016 10:35:51 PM entity.ConfigProject select
INFOS: FROM ConfigProject bp ORDER BY harnessType ASC
déc. 25, 2016 10:35:51 PM entity.ConfigProject select
INFOS: FROM ConfigProject bp ORDER BY harnessType ASC
déc. 25, 2016 10:35:58 PM gui.packaging.PACKAGING_UI0002_PasswordRequest connect
INFOS: User Admin   / 9999 connected to host O-EZZIOURI at 2016-12-25 22:35:58 Project : ENGINE.
déc. 25, 2016 10:36:09 PM entity.ConfigUcs isHarnessPartExist
INFOS: Searching Harness part [22630882] in ConfigUCS: ENGINE
déc. 25, 2016 10:36:09 PM entity.ConfigUcs isHarnessPartExist
INFOS: Harness part [22630882] found for project [ENGINE].
déc. 25, 2016 10:36:09 PM state.S020_HarnessPartScan doAction
INFOS: Harness Part scanned [P22630882] OK.
déc. 25, 2016 10:36:13 PM entity.BaseHarness isCounterExist
INFOS: Searching Harness counter [P2263088200000000000006] in BaseHarness.
déc. 25, 2016 10:36:13 PM entity.BaseHarness isCounterExist
INFOS: FROM BaseHarness bh WHERE bh.counter = :counter
déc. 25, 2016 10:36:13 PM state.S030_MatrixIdScan doAction
INFOS: Valid Harness Counter scanned [P2263088200000000000006] OK.
déc. 25, 2016 10:36:20 PM entity.BaseEngineLabel isLabelCodeExist
INFOS: Searching Engine Label code [12345678911] in BaseEngineLabel.
déc. 25, 2016 10:36:20 PM entity.BaseEngineLabel isLabelCodeExist
INFOS: FROM BaseEngineLabel bel WHERE bel.labelCode = :labelCode
déc. 25, 2016 10:36:21 PM entity.BaseEngineLabel isLabelCodeExist
INFOS: New label engine [12345678911]
déc. 25, 2016 10:36:21 PM state.S031_PlasticBagScan doAction
INFOS: First Valid Engine Label scanned [12345678911] OK.
déc. 25, 2016 10:36:23 PM entity.BaseEngineLabel isLabelCodeExist
INFOS: Searching Engine Label code [12345678912] in BaseEngineLabel.
déc. 25, 2016 10:36:23 PM entity.BaseEngineLabel isLabelCodeExist
INFOS: FROM BaseEngineLabel bel WHERE bel.labelCode = :labelCode
déc. 25, 2016 10:36:23 PM entity.BaseEngineLabel isLabelCodeExist
INFOS: New label engine [12345678912]
déc. 25, 2016 10:36:29 PM state.S040_PalletChoice doAction
INFOS: Is it a new pallet ?
déc. 25, 2016 10:36:29 PM state.S040_PalletChoice doAction
INFOS:  [No]
déc. 25, 2016 10:36:29 PM state.S040_PalletChoice doAction
INFOS: Pallet values 
déc. 25, 2016 10:36:29 PM state.S040_PalletChoice doAction
INFOS: State           :   [true]
déc. 25, 2016 10:36:29 PM state.S040_PalletChoice doAction
INFOS: Qty Expected    :   [3]
déc. 25, 2016 10:36:29 PM state.S040_PalletChoice doAction
INFOS: Qty Read        :   [2]
déc. 25, 2016 10:36:29 PM state.S040_PalletChoice doAction
INFOS: Std Time        :   [1.69]
déc. 25, 2016 10:36:30 PM state.S040_PalletChoice doAction
INFOS: Harness Part [22630882] = Context Harness Part [22630882]
déc. 25, 2016 10:36:30 PM state.S040_PalletChoice doAction
INFOS: Harness Type [ENGINE] = Context Harness Type [ENGINE]
déc. 25, 2016 10:36:30 PM state.S040_PalletChoice doAction
INFOS: Quantité terminée BaseContainer{id=14773, createTime=2016-12-25 22:29:24.0, writeTime=Sun Dec 25 22:36:30 WET 2016, createId=4, writeId=4, user=9999, createUser=Admin  , startTime=2016-12-25 22:29:24.0, completeTime=null, workTime=null, palletNumber=200014782, harnessPart=22630882, harnessIndex=P02, supplierPartNumber=26C36540B, qtyExpected=3, qtyRead=2, containerState=OPEN, containerStateCode=1000, packType=3RV, harnessType=ENGINE, stdTime=1.69, workstation=O-EZZIOURI, harnessList=[entity.BaseHarness@318b4a9f, entity.BaseHarness@7ae73369, entity.BaseHarness@9eec036]}
déc. 25, 2016 10:36:30 PM helper.Helper InitDailyDestPrintDir
INFOS: nullPrint directory [.\print\2016_12_25] already exist!
Print sub directory [.\print\2016_12_25.\open_sheet] already exist!
Print sub directory [.\print\2016_12_25.\closing_sheet] already exist!
Print sub directory [.\print\2016_12_25.\picking_label] already exist!
Print sub directory [.\print\2016_12_25.\dispatch_label] already exist!

déc. 25, 2016 10:36:31 PM helper.PrinterHelper saveAndPrintClosingSheet
INFOS: Set Closing Pallet item [14530] state to [IN_PROCESS]
déc. 25, 2016 10:36:31 PM print.PrintClosingPallet_A5 sentToDefaultDesktopPrinter
INFOS: Sending [.\print\2016_12_25\closing_sheet\PrintClosingPallet_A5_22630882_2016_12_25_22_36_30.pdf] to the default printer...
déc. 25, 2016 10:36:31 PM print.PrintClosingPallet_A5 sentToDefaultDesktopPrinter
INFOS: File [%s] has been printed.
déc. 25, 2016 10:36:31 PM helper.PrinterHelper saveAndPrintClosingSheet
INFOS: Set Closing Pallet [14530] state to [PRINTED]
déc. 25, 2016 10:36:55 PM entity.ConfigSegment select
INFOS: FROM ConfigSegment bp ORDER BY segment ASC
déc. 25, 2016 10:36:55 PM entity.ConfigSegment select
INFOS: FROM ConfigSegment bp ORDER BY segment ASC
déc. 25, 2016 10:36:55 PM entity.ConfigWorkplace select
INFOS: FROM ConfigWorkplace bp ORDER BY workplace ASC
déc. 25, 2016 10:36:58 PM entity.ConfigSegment select
INFOS: FROM ConfigSegment bp ORDER BY segment ASC
déc. 25, 2016 10:36:58 PM entity.ConfigWorkplace select
INFOS: FROM ConfigWorkplace bp ORDER BY workplace ASC
déc. 25, 2016 10:37:10 PM entity.ConfigSegment select
INFOS: FROM ConfigSegment bp ORDER BY segment ASC
déc. 25, 2016 10:37:10 PM entity.ConfigWorkplace select
INFOS: FROM ConfigWorkplace bp ORDER BY workplace ASC
déc. 25, 2016 10:37:24 PM entity.ConfigSegment select
INFOS: FROM ConfigSegment bp ORDER BY segment ASC
déc. 25, 2016 10:37:25 PM entity.ConfigSegment select
INFOS: FROM ConfigSegment bp ORDER BY segment ASC
déc. 25, 2016 10:37:25 PM entity.ConfigWorkplace select
INFOS: FROM ConfigWorkplace bp ORDER BY workplace ASC
déc. 25, 2016 10:37:35 PM entity.ConfigWorkplace selectBySegment
INFOS: FROM ConfigWorkplace bp WHERE segment = :segment ORDER BY workplace ASC
déc. 25, 2016 10:37:35 PM entity.ConfigWorkplace selectBySegment
INFOS: FROM ConfigWorkplace bp WHERE segment = :segment ORDER BY workplace ASC
déc. 25, 2016 10:37:35 PM entity.ConfigWorkplace selectBySegment
INFOS: FROM ConfigWorkplace bp WHERE segment = :segment ORDER BY workplace ASC
déc. 25, 2016 10:37:36 PM entity.ConfigWorkplace selectBySegment
INFOS: FROM ConfigWorkplace bp WHERE segment = :segment ORDER BY workplace ASC
déc. 25, 2016 10:37:36 PM entity.ConfigWorkplace selectBySegment
INFOS: FROM ConfigWorkplace bp WHERE segment = :segment ORDER BY workplace ASC
déc. 25, 2016 10:37:36 PM entity.ConfigWorkplace selectBySegment
INFOS: FROM ConfigWorkplace bp WHERE segment = :segment ORDER BY workplace ASC
déc. 25, 2016 10:40:27 PM entity.ConfigSegment select
INFOS: FROM ConfigSegment bp ORDER BY segment ASC
déc. 25, 2016 10:40:27 PM entity.ConfigSegment select
INFOS: FROM ConfigSegment bp ORDER BY segment ASC
déc. 25, 2016 10:40:27 PM entity.ConfigWorkplace select
INFOS: FROM ConfigWorkplace bp ORDER BY workplace ASC
déc. 25, 2016 10:40:34 PM entity.ConfigSegment select
INFOS: FROM ConfigSegment bp ORDER BY segment ASC
déc. 25, 2016 10:40:34 PM entity.ConfigWorkplace select
INFOS: FROM ConfigWorkplace bp ORDER BY workplace ASC
déc. 25, 2016 10:40:34 PM entity.ConfigSegment select
INFOS: FROM ConfigSegment bp ORDER BY segment ASC
déc. 25, 2016 10:40:34 PM entity.ConfigWorkplace select
INFOS: FROM ConfigWorkplace bp ORDER BY workplace ASC
déc. 25, 2016 10:40:34 PM entity.ConfigSegment select
INFOS: FROM ConfigSegment bp ORDER BY segment ASC
déc. 25, 2016 10:40:34 PM entity.ConfigWorkplace select
INFOS: FROM ConfigWorkplace bp ORDER BY workplace ASC
déc. 25, 2016 10:40:40 PM entity.ConfigSegment select
INFOS: FROM ConfigSegment bp ORDER BY segment ASC
déc. 25, 2016 10:40:40 PM entity.ConfigWorkplace select
INFOS: FROM ConfigWorkplace bp ORDER BY workplace ASC
déc. 25, 2016 11:05:08 PM helper.Helper InitDailyDestPrintDir
INFOS: Print directory [.\print\2016_12_25] already exist!
Print sub directory [.\print\2016_12_25.\open_sheet] already exist!
Print sub directory [.\print\2016_12_25.\closing_sheet] already exist!
Print sub directory [.\print\2016_12_25.\picking_label] already exist!
Print sub directory [.\print\2016_12_25.\dispatch_label] already exist!

déc. 25, 2016 11:05:12 PM gui.packaging.PACKAGING_UI0001_Main loadBarcodeConfig
INFOS: FROM ConfigBarcode cb WHERE cb.keyWord = :keyWord ORDER BY id ASC
déc. 25, 2016 11:05:12 PM entity.ConfigProject select
INFOS: FROM ConfigProject bp ORDER BY harnessType ASC
déc. 25, 2016 11:05:12 PM entity.ConfigProject select
INFOS: FROM ConfigProject bp ORDER BY harnessType ASC
déc. 25, 2016 11:05:19 PM gui.packaging.PACKAGING_UI0002_PasswordRequest connect
INFOS: User Admin   / 9999 connected to host O-EZZIOURI at 2016-12-25 23:05:19 Project : ENGINE.
déc. 25, 2016 11:05:30 PM entity.ConfigUcs isHarnessPartExist
INFOS: Searching Harness part [22630882] in ConfigUCS: ENGINE
déc. 25, 2016 11:05:30 PM entity.ConfigUcs isHarnessPartExist
INFOS: Harness part [22630882] found for project [ENGINE].
déc. 25, 2016 11:05:30 PM state.S020_HarnessPartScan doAction
INFOS: Harness Part scanned [P22630882] OK.
déc. 25, 2016 11:05:41 PM entity.BaseHarness isCounterExist
INFOS: Searching Harness counter [P2263088200000000000007] in BaseHarness.
déc. 25, 2016 11:05:41 PM entity.BaseHarness isCounterExist
INFOS: FROM BaseHarness bh WHERE bh.counter = :counter
déc. 25, 2016 11:05:42 PM state.S030_MatrixIdScan doAction
INFOS: Valid Harness Counter scanned [P2263088200000000000007] OK.
déc. 25, 2016 11:06:03 PM entity.BaseEngineLabel isLabelCodeExist
INFOS: Searching Engine Label code [12345678913] in BaseEngineLabel.
déc. 25, 2016 11:06:03 PM entity.BaseEngineLabel isLabelCodeExist
INFOS: FROM BaseEngineLabel bel WHERE bel.labelCode = :labelCode
déc. 25, 2016 11:06:04 PM entity.BaseEngineLabel isLabelCodeExist
INFOS: New label engine [12345678913]
déc. 25, 2016 11:06:04 PM state.S031_PlasticBagScan doAction
INFOS: First Valid Engine Label scanned [12345678913] OK.
déc. 25, 2016 11:06:07 PM entity.BaseEngineLabel isLabelCodeExist
INFOS: Searching Engine Label code [12345678914] in BaseEngineLabel.
déc. 25, 2016 11:06:07 PM entity.BaseEngineLabel isLabelCodeExist
INFOS: FROM BaseEngineLabel bel WHERE bel.labelCode = :labelCode
déc. 25, 2016 11:06:07 PM entity.BaseEngineLabel isLabelCodeExist
INFOS: New label engine [12345678914]
déc. 25, 2016 11:06:09 PM state.S040_PalletChoice doAction
INFOS: Is it a new pallet ?
déc. 25, 2016 11:06:09 PM state.S040_PalletChoice doAction
INFOS:  [Yes]
déc. 25, 2016 11:06:09 PM gui.packaging.PACKAGING_UI9000_ChoosePackType <init>
INFOS: Item found 22630882--26C36540B--P02--3RV--24--1.69--C3--ENGINE--C3--103---1
déc. 25, 2016 11:06:09 PM gui.packaging.PACKAGING_UI9000_ChoosePackType <init>
INFOS: Item found 22630882--26C36540B--P02--3RV--3--1.69--C3--ENGINE--C3--200---1
déc. 25, 2016 11:06:09 PM gui.packaging.PACKAGING_UI9000_ChoosePackType <init>
INFOS: 2 UCS founds for Harness Part[22630882].
déc. 25, 2016 11:06:34 PM gui.packaging.PACKAGING_UI9000_ChoosePackType mappingContextVals
INFOS: Selected pack type : 22630882--26C36540B--P02--3RV--3--1.69--C3--ENGINE--C3--200---1 
déc. 25, 2016 11:06:34 PM helper.Helper InitDailyDestPrintDir
INFOS: nullPrint directory [.\print\2016_12_25] already exist!
Print sub directory [.\print\2016_12_25.\open_sheet] already exist!
Print sub directory [.\print\2016_12_25.\closing_sheet] already exist!
Print sub directory [.\print\2016_12_25.\picking_label] already exist!
Print sub directory [.\print\2016_12_25.\dispatch_label] already exist!

déc. 25, 2016 11:06:35 PM helper.PrinterHelper saveAndPrintOpenSheet
INFOS: Set Pallet [200014783] state to [IN_PROCESS]
déc. 25, 2016 11:06:35 PM print.PrintOpenPallet_A5 sentToDefaultDesktopPrinter
INFOS: Sending [.\print\2016_12_25\open_sheet\PrintOpenPallet_A5_2016_12_25_23_06_34_22630882_200014783.pdf] to the default printer...
déc. 25, 2016 11:06:36 PM print.PrintOpenPallet_A5 sentToDefaultDesktopPrinter
INFOS: File [.\print\2016_12_25\open_sheet\PrintOpenPallet_A5_2016_12_25_23_06_34_22630882_200014783.pdf] has been printed.
déc. 25, 2016 11:06:36 PM helper.PrinterHelper saveAndPrintOpenSheet
INFOS: Set Pallet [200014783] state to [PRINTED]
déc. 25, 2016 11:06:36 PM gui.packaging.PACKAGING_UI9000_ChoosePackType loadConfigUcs
INFOS: Openning new container for first harness part [22630882].
déc. 25, 2016 11:06:52 PM state.S041_NewPalletScan doAction
INFOS: Scanned Pallet number [200014783] OK.
déc. 25, 2016 11:06:52 PM state.S041_NewPalletScan doAction
INFOS: BaseContainer created BaseContainer{id=14774, createTime=Sun Dec 25 23:06:52 WET 2016, writeTime=Sun Dec 25 23:06:52 WET 2016, createId=4, writeId=4, user=9999, createUser=Admin  , startTime=Sun Dec 25 23:06:52 WET 2016, completeTime=null, workTime=null, palletNumber=200014783, harnessPart=22630882, harnessIndex=P02, supplierPartNumber=26C36540B, qtyExpected=3, qtyRead=1, containerState=OPEN, containerStateCode=1000, packType=3RV, harnessType=ENGINE, stdTime=1.69, workstation=O-EZZIOURI, harnessList=[]} 
déc. 25, 2016 11:20:05 PM helper.Helper InitDailyDestPrintDir
INFOS: Print directory [.\print\2016_12_25] already exist!
Print sub directory [.\print\2016_12_25.\open_sheet] already exist!
Print sub directory [.\print\2016_12_25.\closing_sheet] already exist!
Print sub directory [.\print\2016_12_25.\picking_label] already exist!
Print sub directory [.\print\2016_12_25.\dispatch_label] already exist!

déc. 25, 2016 11:20:23 PM helper.Helper InitDailyDestPrintDir
INFOS: Print directory [.\print\2016_12_25] already exist!
Print sub directory [.\print\2016_12_25.\open_sheet] already exist!
Print sub directory [.\print\2016_12_25.\closing_sheet] already exist!
Print sub directory [.\print\2016_12_25.\picking_label] already exist!
Print sub directory [.\print\2016_12_25.\dispatch_label] already exist!

déc. 25, 2016 11:20:25 PM gui.packaging.PACKAGING_UI0001_Main loadBarcodeConfig
INFOS: FROM ConfigBarcode cb WHERE cb.keyWord = :keyWord ORDER BY id ASC
déc. 25, 2016 11:20:25 PM entity.ConfigProject select
INFOS: FROM ConfigProject bp ORDER BY harnessType ASC
déc. 25, 2016 11:20:25 PM entity.ConfigProject select
INFOS: FROM ConfigProject bp ORDER BY harnessType ASC
déc. 25, 2016 11:20:37 PM gui.packaging.PACKAGING_UI0001_Main loadBarcodeConfig
INFOS: FROM ConfigBarcode cb WHERE cb.keyWord = :keyWord ORDER BY id ASC
déc. 25, 2016 11:20:37 PM entity.ConfigProject select
INFOS: FROM ConfigProject bp ORDER BY harnessType ASC
déc. 25, 2016 11:20:37 PM entity.ConfigProject select
INFOS: FROM ConfigProject bp ORDER BY harnessType ASC
déc. 25, 2016 11:20:44 PM gui.packaging.PACKAGING_UI0002_PasswordRequest connect
INFOS: User Admin   / 9999 connected to host O-EZZIOURI at 2016-12-25 23:20:44 Project : ENGINE.
déc. 25, 2016 11:20:52 PM gui.packaging.PACKAGING_UI9001_DropContainerConfirmation ok_btnActionPerformed
INFOS: Droping harness list...1
déc. 25, 2016 11:21:12 PM gui.packaging.PACKAGING_UI0001_Main loadBarcodeConfig
INFOS: FROM ConfigBarcode cb WHERE cb.keyWord = :keyWord ORDER BY id ASC
déc. 25, 2016 11:21:12 PM entity.ConfigProject select
INFOS: FROM ConfigProject bp ORDER BY harnessType ASC
déc. 25, 2016 11:21:12 PM entity.ConfigProject select
INFOS: FROM ConfigProject bp ORDER BY harnessType ASC
déc. 25, 2016 11:21:16 PM gui.packaging.PACKAGING_UI0002_PasswordRequest connect
INFOS: User Admin   / 9999 connected to host O-EZZIOURI at 2016-12-25 23:21:16 Project : ENGINE.
déc. 25, 2016 11:21:17 PM entity.ConfigUcs isHarnessPartExist
INFOS: Searching Harness part [22630882] in ConfigUCS: ENGINE
déc. 25, 2016 11:21:17 PM entity.ConfigUcs isHarnessPartExist
INFOS: Harness part [22630882] found for project [ENGINE].
déc. 25, 2016 11:21:17 PM state.S020_HarnessPartScan doAction
INFOS: Harness Part scanned [P22630882] OK.
déc. 25, 2016 11:21:30 PM entity.BaseHarness isCounterExist
INFOS: Searching Harness counter [P2263088200000000000010] in BaseHarness.
déc. 25, 2016 11:21:30 PM entity.BaseHarness isCounterExist
INFOS: FROM BaseHarness bh WHERE bh.counter = :counter
déc. 25, 2016 11:21:30 PM state.S030_MatrixIdScan doAction
INFOS: Valid Harness Counter scanned [P2263088200000000000010] OK.
déc. 25, 2016 11:21:35 PM entity.BaseEngineLabel isLabelCodeExist
INFOS: Searching Engine Label code [12345678915] in BaseEngineLabel.
déc. 25, 2016 11:21:35 PM entity.BaseEngineLabel isLabelCodeExist
INFOS: FROM BaseEngineLabel bel WHERE bel.labelCode = :labelCode
déc. 25, 2016 11:21:35 PM entity.BaseEngineLabel isLabelCodeExist
INFOS: New label engine [12345678915]
déc. 25, 2016 11:21:35 PM state.S031_PlasticBagScan doAction
INFOS: First Valid Engine Label scanned [12345678915] OK.
déc. 25, 2016 11:21:38 PM entity.BaseEngineLabel isLabelCodeExist
INFOS: Searching Engine Label code [12345678916] in BaseEngineLabel.
déc. 25, 2016 11:21:38 PM entity.BaseEngineLabel isLabelCodeExist
INFOS: FROM BaseEngineLabel bel WHERE bel.labelCode = :labelCode
déc. 25, 2016 11:21:38 PM entity.BaseEngineLabel isLabelCodeExist
INFOS: New label engine [12345678916]
déc. 25, 2016 11:21:40 PM state.S040_PalletChoice doAction
INFOS: Is it a new pallet ?
déc. 25, 2016 11:21:40 PM state.S040_PalletChoice doAction
INFOS:  [Yes]
déc. 25, 2016 11:21:40 PM gui.packaging.PACKAGING_UI9000_ChoosePackType <init>
INFOS: Item found 22630882--26C36540B--P02--3RV--24--1.69--C3--ENGINE--C3--103---1
déc. 25, 2016 11:21:40 PM gui.packaging.PACKAGING_UI9000_ChoosePackType <init>
INFOS: Item found 22630882--26C36540B--P02--3RV--3--1.69--C3--ENGINE--C3--200--2
déc. 25, 2016 11:21:40 PM gui.packaging.PACKAGING_UI9000_ChoosePackType <init>
INFOS: 2 UCS founds for Harness Part[22630882].
déc. 25, 2016 11:21:51 PM gui.packaging.PACKAGING_UI9000_ChoosePackType mappingContextVals
INFOS: Selected pack type : 22630882--26C36540B--P02--3RV--3--1.69--C3--ENGINE--C3--200--2 
déc. 25, 2016 11:21:51 PM helper.Helper InitDailyDestPrintDir
INFOS: nullPrint directory [.\print\2016_12_25] already exist!
Print sub directory [.\print\2016_12_25.\open_sheet] already exist!
Print sub directory [.\print\2016_12_25.\closing_sheet] already exist!
Print sub directory [.\print\2016_12_25.\picking_label] already exist!
Print sub directory [.\print\2016_12_25.\dispatch_label] already exist!

déc. 25, 2016 11:21:52 PM helper.PrinterHelper saveAndPrintOpenSheet
INFOS: Set Pallet [200014784] state to [IN_PROCESS]
déc. 25, 2016 11:21:52 PM print.PrintOpenPallet_A5 sentToDefaultDesktopPrinter
INFOS: Sending [.\print\2016_12_25\open_sheet\PrintOpenPallet_A5_2016_12_25_23_21_51_22630882_200014784.pdf] to the default printer...
déc. 25, 2016 11:21:52 PM print.PrintOpenPallet_A5 sentToDefaultDesktopPrinter
INFOS: File [.\print\2016_12_25\open_sheet\PrintOpenPallet_A5_2016_12_25_23_21_51_22630882_200014784.pdf] has been printed.
déc. 25, 2016 11:21:52 PM helper.PrinterHelper saveAndPrintOpenSheet
INFOS: Set Pallet [200014784] state to [PRINTED]
déc. 25, 2016 11:21:52 PM gui.packaging.PACKAGING_UI9000_ChoosePackType loadConfigUcs
INFOS: Openning new container for first harness part [22630882].
déc. 25, 2016 11:22:05 PM state.S041_NewPalletScan doAction
INFOS: Scanned Pallet number [200014784] OK.
déc. 25, 2016 11:22:05 PM state.S041_NewPalletScan doAction
INFOS: BaseContainer created BaseContainer{id=14775, createTime=Sun Dec 25 23:22:05 WET 2016, writeTime=Sun Dec 25 23:22:05 WET 2016, createId=4, writeId=4, user=9999, createUser=Admin  , startTime=Sun Dec 25 23:22:05 WET 2016, completeTime=null, workTime=null, palletNumber=200014784, harnessPart=22630882, harnessIndex=P02, supplierPartNumber=26C36540B, qtyExpected=3, qtyRead=1, containerState=OPEN, containerStateCode=1000, packType=3RV, harnessType=ENGINE, stdTime=1.69, workstation=O-EZZIOURI, harnessList=[]} 
déc. 25, 2016 11:22:27 PM entity.ConfigUcs isHarnessPartExist
INFOS: Searching Harness part [22630882] in ConfigUCS: ENGINE
déc. 25, 2016 11:22:27 PM entity.ConfigUcs isHarnessPartExist
INFOS: Harness part [22630882] found for project [ENGINE].
déc. 25, 2016 11:22:27 PM state.S020_HarnessPartScan doAction
INFOS: Harness Part scanned [P22630882] OK.
déc. 25, 2016 11:22:32 PM entity.BaseHarness isCounterExist
INFOS: Searching Harness counter [P2263088200000000000011] in BaseHarness.
déc. 25, 2016 11:22:32 PM entity.BaseHarness isCounterExist
INFOS: FROM BaseHarness bh WHERE bh.counter = :counter
déc. 25, 2016 11:22:32 PM state.S030_MatrixIdScan doAction
INFOS: Valid Harness Counter scanned [P2263088200000000000011] OK.
déc. 25, 2016 11:22:38 PM entity.BaseEngineLabel isLabelCodeExist
INFOS: Searching Engine Label code [12345678917] in BaseEngineLabel.
déc. 25, 2016 11:22:38 PM entity.BaseEngineLabel isLabelCodeExist
INFOS: FROM BaseEngineLabel bel WHERE bel.labelCode = :labelCode
déc. 25, 2016 11:22:38 PM entity.BaseEngineLabel isLabelCodeExist
INFOS: New label engine [12345678917]
déc. 25, 2016 11:22:38 PM state.S031_PlasticBagScan doAction
INFOS: First Valid Engine Label scanned [12345678917] OK.
déc. 25, 2016 11:22:41 PM entity.BaseEngineLabel isLabelCodeExist
INFOS: Searching Engine Label code [12345678918] in BaseEngineLabel.
déc. 25, 2016 11:22:41 PM entity.BaseEngineLabel isLabelCodeExist
INFOS: FROM BaseEngineLabel bel WHERE bel.labelCode = :labelCode
déc. 25, 2016 11:22:41 PM entity.BaseEngineLabel isLabelCodeExist
INFOS: New label engine [12345678918]
déc. 25, 2016 11:22:48 PM state.S040_PalletChoice doAction
INFOS: Is it a new pallet ?
déc. 25, 2016 11:22:48 PM state.S040_PalletChoice doAction
INFOS:  [No]
déc. 25, 2016 11:22:48 PM state.S040_PalletChoice doAction
INFOS: Pallet values 
déc. 25, 2016 11:22:48 PM state.S040_PalletChoice doAction
INFOS: State           :   [true]
déc. 25, 2016 11:22:48 PM state.S040_PalletChoice doAction
INFOS: Qty Expected    :   [3]
déc. 25, 2016 11:22:48 PM state.S040_PalletChoice doAction
INFOS: Qty Read        :   [1]
déc. 25, 2016 11:22:48 PM state.S040_PalletChoice doAction
INFOS: Std Time        :   [1.69]
déc. 25, 2016 11:22:48 PM state.S040_PalletChoice doAction
INFOS: Harness Part [22630882] = Context Harness Part [22630882]
déc. 25, 2016 11:22:48 PM state.S040_PalletChoice doAction
INFOS: Harness Type [ENGINE] = Context Harness Type [ENGINE]
déc. 25, 2016 11:22:54 PM entity.BaseHarness checkHarnessPartFormat
INFOS: Invalid Harness Part scanned [P2263088200000000000012] !
déc. 25, 2016 11:22:54 PM state.S020_HarnessPartScan doAction
AVERTISSEMENT: Invalid Harness Part scanned [P2263088200000000000012] !
déc. 25, 2016 11:22:59 PM entity.ConfigUcs isHarnessPartExist
INFOS: Searching Harness part [22630882] in ConfigUCS: ENGINE
déc. 25, 2016 11:22:59 PM entity.ConfigUcs isHarnessPartExist
INFOS: Harness part [22630882] found for project [ENGINE].
déc. 25, 2016 11:22:59 PM state.S020_HarnessPartScan doAction
INFOS: Harness Part scanned [P22630882] OK.
déc. 25, 2016 11:23:02 PM entity.BaseHarness isCounterExist
INFOS: Searching Harness counter [P2263088200000000000012] in BaseHarness.
déc. 25, 2016 11:23:02 PM entity.BaseHarness isCounterExist
INFOS: FROM BaseHarness bh WHERE bh.counter = :counter
déc. 25, 2016 11:23:02 PM state.S030_MatrixIdScan doAction
INFOS: Valid Harness Counter scanned [P2263088200000000000012] OK.
déc. 25, 2016 11:23:09 PM entity.BaseEngineLabel isLabelCodeExist
INFOS: Searching Engine Label code [12345678919] in BaseEngineLabel.
déc. 25, 2016 11:23:09 PM entity.BaseEngineLabel isLabelCodeExist
INFOS: FROM BaseEngineLabel bel WHERE bel.labelCode = :labelCode
déc. 25, 2016 11:23:09 PM entity.BaseEngineLabel isLabelCodeExist
INFOS: New label engine [12345678919]
déc. 25, 2016 11:23:09 PM state.S031_PlasticBagScan doAction
INFOS: First Valid Engine Label scanned [12345678919] OK.
déc. 25, 2016 11:23:12 PM entity.BaseEngineLabel isLabelCodeExist
INFOS: Searching Engine Label code [12345678920] in BaseEngineLabel.
déc. 25, 2016 11:23:12 PM entity.BaseEngineLabel isLabelCodeExist
INFOS: FROM BaseEngineLabel bel WHERE bel.labelCode = :labelCode
déc. 25, 2016 11:23:12 PM entity.BaseEngineLabel isLabelCodeExist
INFOS: New label engine [12345678920]
déc. 25, 2016 11:23:20 PM state.S040_PalletChoice doAction
INFOS: Is it a new pallet ?
déc. 25, 2016 11:23:20 PM state.S040_PalletChoice doAction
INFOS:  [No]
déc. 25, 2016 11:23:20 PM state.S040_PalletChoice doAction
INFOS: Pallet values 
déc. 25, 2016 11:23:20 PM state.S040_PalletChoice doAction
INFOS: State           :   [true]
déc. 25, 2016 11:23:20 PM state.S040_PalletChoice doAction
INFOS: Qty Expected    :   [3]
déc. 25, 2016 11:23:20 PM state.S040_PalletChoice doAction
INFOS: Qty Read        :   [2]
déc. 25, 2016 11:23:20 PM state.S040_PalletChoice doAction
INFOS: Std Time        :   [1.69]
déc. 25, 2016 11:23:20 PM state.S040_PalletChoice doAction
INFOS: Harness Part [22630882] = Context Harness Part [22630882]
déc. 25, 2016 11:23:20 PM state.S040_PalletChoice doAction
INFOS: Harness Type [ENGINE] = Context Harness Type [ENGINE]
déc. 25, 2016 11:23:20 PM state.S040_PalletChoice doAction
INFOS: Quantité terminée BaseContainer{id=14775, createTime=2016-12-25 23:22:05.0, writeTime=Sun Dec 25 23:23:20 WET 2016, createId=4, writeId=4, user=9999, createUser=Admin  , startTime=2016-12-25 23:22:05.0, completeTime=null, workTime=null, palletNumber=200014784, harnessPart=22630882, harnessIndex=P02, supplierPartNumber=26C36540B, qtyExpected=3, qtyRead=2, containerState=OPEN, containerStateCode=1000, packType=3RV, harnessType=ENGINE, stdTime=1.69, workstation=O-EZZIOURI, harnessList=[entity.BaseHarness@241880aa, entity.BaseHarness@44a72b69, entity.BaseHarness@5fb0e753]}
déc. 25, 2016 11:23:20 PM helper.Helper InitDailyDestPrintDir
INFOS: nullPrint directory [.\print\2016_12_25] already exist!
Print sub directory [.\print\2016_12_25.\open_sheet] already exist!
Print sub directory [.\print\2016_12_25.\closing_sheet] already exist!
Print sub directory [.\print\2016_12_25.\picking_label] already exist!
Print sub directory [.\print\2016_12_25.\dispatch_label] already exist!

déc. 25, 2016 11:23:20 PM helper.PrinterHelper saveAndPrintClosingSheet
INFOS: Set Closing Pallet item [14531] state to [IN_PROCESS]
déc. 25, 2016 11:23:20 PM print.PrintClosingPallet_A5 sentToDefaultDesktopPrinter
INFOS: Sending [.\print\2016_12_25\closing_sheet\PrintClosingPallet_A5_22630882_2016_12_25_23_23_20.pdf] to the default printer...
déc. 25, 2016 11:23:20 PM print.PrintClosingPallet_A5 sentToDefaultDesktopPrinter
INFOS: File [%s] has been printed.
déc. 25, 2016 11:23:20 PM helper.PrinterHelper saveAndPrintClosingSheet
INFOS: Set Closing Pallet [14531] state to [PRINTED]
déc. 25, 2016 11:24:11 PM entity.ConfigUcs isHarnessPartExist
INFOS: Searching Harness part [22630882] in ConfigUCS: ENGINE
déc. 25, 2016 11:24:11 PM entity.ConfigUcs isHarnessPartExist
INFOS: Harness part [22630882] found for project [ENGINE].
déc. 25, 2016 11:24:11 PM state.S020_HarnessPartScan doAction
INFOS: Harness Part scanned [P22630882] OK.
déc. 25, 2016 11:24:20 PM entity.BaseHarness isCounterExist
INFOS: Searching Harness counter [P2263088200000000000013] in BaseHarness.
déc. 25, 2016 11:24:20 PM entity.BaseHarness isCounterExist
INFOS: FROM BaseHarness bh WHERE bh.counter = :counter
déc. 25, 2016 11:24:20 PM state.S030_MatrixIdScan doAction
INFOS: Valid Harness Counter scanned [P2263088200000000000013] OK.
déc. 25, 2016 11:24:30 PM entity.BaseEngineLabel isLabelCodeExist
INFOS: Searching Engine Label code [12345678921] in BaseEngineLabel.
déc. 25, 2016 11:24:30 PM entity.BaseEngineLabel isLabelCodeExist
INFOS: FROM BaseEngineLabel bel WHERE bel.labelCode = :labelCode
déc. 25, 2016 11:24:30 PM entity.BaseEngineLabel isLabelCodeExist
INFOS: New label engine [12345678921]
déc. 25, 2016 11:24:30 PM state.S031_PlasticBagScan doAction
INFOS: First Valid Engine Label scanned [12345678921] OK.
déc. 25, 2016 11:24:33 PM entity.BaseEngineLabel isLabelCodeExist
INFOS: Searching Engine Label code [12345678922] in BaseEngineLabel.
déc. 25, 2016 11:24:33 PM entity.BaseEngineLabel isLabelCodeExist
INFOS: FROM BaseEngineLabel bel WHERE bel.labelCode = :labelCode
déc. 25, 2016 11:24:33 PM entity.BaseEngineLabel isLabelCodeExist
INFOS: New label engine [12345678922]
déc. 25, 2016 11:24:35 PM state.S040_PalletChoice doAction
INFOS: Is it a new pallet ?
déc. 25, 2016 11:24:35 PM state.S040_PalletChoice doAction
INFOS:  [Yes]
déc. 25, 2016 11:24:35 PM gui.packaging.PACKAGING_UI9000_ChoosePackType <init>
INFOS: Item found 22630882--26C36540B--P02--3RV--3--1.69--C3--ENGINE--C3--200--1
déc. 25, 2016 11:24:35 PM gui.packaging.PACKAGING_UI9000_ChoosePackType <init>
INFOS: Item found 22630882--26C36540B--P02--3RV--24--1.69--C3--ENGINE--C3--103---1
déc. 25, 2016 11:24:35 PM gui.packaging.PACKAGING_UI9000_ChoosePackType <init>
INFOS: 2 UCS founds for Harness Part[22630882].
déc. 25, 2016 11:24:42 PM gui.packaging.PACKAGING_UI9000_ChoosePackType mappingContextVals
INFOS: Selected pack type : 22630882--26C36540B--P02--3RV--3--1.69--C3--ENGINE--C3--200--1 
déc. 25, 2016 11:24:42 PM helper.Helper InitDailyDestPrintDir
INFOS: nullPrint directory [.\print\2016_12_25] already exist!
Print sub directory [.\print\2016_12_25.\open_sheet] already exist!
Print sub directory [.\print\2016_12_25.\closing_sheet] already exist!
Print sub directory [.\print\2016_12_25.\picking_label] already exist!
Print sub directory [.\print\2016_12_25.\dispatch_label] already exist!

déc. 25, 2016 11:24:42 PM helper.PrinterHelper saveAndPrintOpenSheet
INFOS: Set Pallet [200014785] state to [IN_PROCESS]
déc. 25, 2016 11:24:42 PM print.PrintOpenPallet_A5 sentToDefaultDesktopPrinter
INFOS: Sending [.\print\2016_12_25\open_sheet\PrintOpenPallet_A5_2016_12_25_23_24_42_22630882_200014785.pdf] to the default printer...
déc. 25, 2016 11:24:42 PM print.PrintOpenPallet_A5 sentToDefaultDesktopPrinter
INFOS: File [.\print\2016_12_25\open_sheet\PrintOpenPallet_A5_2016_12_25_23_24_42_22630882_200014785.pdf] has been printed.
déc. 25, 2016 11:24:42 PM helper.PrinterHelper saveAndPrintOpenSheet
INFOS: Set Pallet [200014785] state to [PRINTED]
déc. 25, 2016 11:24:42 PM gui.packaging.PACKAGING_UI9000_ChoosePackType loadConfigUcs
INFOS: Openning new container for first harness part [22630882].
déc. 25, 2016 11:24:52 PM state.S041_NewPalletScan doAction
INFOS: Scanned Pallet number [200014785] OK.
déc. 25, 2016 11:24:52 PM state.S041_NewPalletScan doAction
INFOS: BaseContainer created BaseContainer{id=14776, createTime=Sun Dec 25 23:24:52 WET 2016, writeTime=Sun Dec 25 23:24:52 WET 2016, createId=4, writeId=4, user=9999, createUser=Admin  , startTime=Sun Dec 25 23:24:52 WET 2016, completeTime=null, workTime=null, palletNumber=200014785, harnessPart=22630882, harnessIndex=P02, supplierPartNumber=26C36540B, qtyExpected=3, qtyRead=1, containerState=OPEN, containerStateCode=1000, packType=3RV, harnessType=ENGINE, stdTime=1.69, workstation=O-EZZIOURI, harnessList=[]} 
déc. 25, 2016 11:24:58 PM entity.BaseHarness checkHarnessPartFormat
INFOS: Invalid Harness Part scanned [P2263088200000000000014] !
déc. 25, 2016 11:24:58 PM state.S020_HarnessPartScan doAction
AVERTISSEMENT: Invalid Harness Part scanned [P2263088200000000000014] !
déc. 25, 2016 11:25:02 PM entity.ConfigUcs isHarnessPartExist
INFOS: Searching Harness part [22630882] in ConfigUCS: ENGINE
déc. 25, 2016 11:25:02 PM entity.ConfigUcs isHarnessPartExist
INFOS: Harness part [22630882] found for project [ENGINE].
déc. 25, 2016 11:25:02 PM state.S020_HarnessPartScan doAction
INFOS: Harness Part scanned [P22630882] OK.
déc. 25, 2016 11:25:08 PM entity.BaseHarness isCounterExist
INFOS: Searching Harness counter [P2263088200000000000014] in BaseHarness.
déc. 25, 2016 11:25:08 PM entity.BaseHarness isCounterExist
INFOS: FROM BaseHarness bh WHERE bh.counter = :counter
déc. 25, 2016 11:25:08 PM state.S030_MatrixIdScan doAction
INFOS: Valid Harness Counter scanned [P2263088200000000000014] OK.
déc. 25, 2016 11:25:18 PM entity.BaseEngineLabel isLabelCodeExist
INFOS: Searching Engine Label code [12345678923] in BaseEngineLabel.
déc. 25, 2016 11:25:18 PM entity.BaseEngineLabel isLabelCodeExist
INFOS: FROM BaseEngineLabel bel WHERE bel.labelCode = :labelCode
déc. 25, 2016 11:25:18 PM entity.BaseEngineLabel isLabelCodeExist
INFOS: New label engine [12345678923]
déc. 25, 2016 11:25:18 PM state.S031_PlasticBagScan doAction
INFOS: First Valid Engine Label scanned [12345678923] OK.
déc. 25, 2016 11:25:22 PM entity.BaseEngineLabel isLabelCodeExist
INFOS: Searching Engine Label code [12345678924] in BaseEngineLabel.
déc. 25, 2016 11:25:22 PM entity.BaseEngineLabel isLabelCodeExist
INFOS: FROM BaseEngineLabel bel WHERE bel.labelCode = :labelCode
déc. 25, 2016 11:25:22 PM entity.BaseEngineLabel isLabelCodeExist
INFOS: New label engine [12345678924]
déc. 25, 2016 11:25:36 PM state.S040_PalletChoice doAction
INFOS: Is it a new pallet ?
déc. 25, 2016 11:25:36 PM state.S040_PalletChoice doAction
INFOS:  [No]
déc. 25, 2016 11:25:36 PM state.S040_PalletChoice doAction
INFOS: Pallet values 
déc. 25, 2016 11:25:36 PM state.S040_PalletChoice doAction
INFOS: State           :   [true]
déc. 25, 2016 11:25:36 PM state.S040_PalletChoice doAction
INFOS: Qty Expected    :   [3]
déc. 25, 2016 11:25:36 PM state.S040_PalletChoice doAction
INFOS: Qty Read        :   [1]
déc. 25, 2016 11:25:36 PM state.S040_PalletChoice doAction
INFOS: Std Time        :   [1.69]
déc. 25, 2016 11:25:36 PM state.S040_PalletChoice doAction
INFOS: Harness Part [22630882] = Context Harness Part [22630882]
déc. 25, 2016 11:25:36 PM state.S040_PalletChoice doAction
INFOS: Harness Type [ENGINE] = Context Harness Type [ENGINE]
déc. 25, 2016 11:25:41 PM entity.ConfigUcs isHarnessPartExist
INFOS: Searching Harness part [22630882] in ConfigUCS: ENGINE
déc. 25, 2016 11:25:41 PM entity.ConfigUcs isHarnessPartExist
INFOS: Harness part [22630882] found for project [ENGINE].
déc. 25, 2016 11:25:41 PM state.S020_HarnessPartScan doAction
INFOS: Harness Part scanned [P22630882] OK.
déc. 25, 2016 11:25:46 PM entity.BaseHarness isCounterExist
INFOS: Searching Harness counter [P2263088200000000000015] in BaseHarness.
déc. 25, 2016 11:25:46 PM entity.BaseHarness isCounterExist
INFOS: FROM BaseHarness bh WHERE bh.counter = :counter
déc. 25, 2016 11:25:46 PM state.S030_MatrixIdScan doAction
INFOS: Valid Harness Counter scanned [P2263088200000000000015] OK.
déc. 25, 2016 11:25:52 PM entity.BaseEngineLabel isLabelCodeExist
INFOS: Searching Engine Label code [12345678925] in BaseEngineLabel.
déc. 25, 2016 11:25:52 PM entity.BaseEngineLabel isLabelCodeExist
INFOS: FROM BaseEngineLabel bel WHERE bel.labelCode = :labelCode
déc. 25, 2016 11:25:52 PM entity.BaseEngineLabel isLabelCodeExist
INFOS: New label engine [12345678925]
déc. 25, 2016 11:25:52 PM state.S031_PlasticBagScan doAction
INFOS: First Valid Engine Label scanned [12345678925] OK.
déc. 25, 2016 11:25:54 PM entity.BaseEngineLabel isLabelCodeExist
INFOS: Searching Engine Label code [12345678926] in BaseEngineLabel.
déc. 25, 2016 11:25:54 PM entity.BaseEngineLabel isLabelCodeExist
INFOS: FROM BaseEngineLabel bel WHERE bel.labelCode = :labelCode
déc. 25, 2016 11:25:54 PM entity.BaseEngineLabel isLabelCodeExist
INFOS: New label engine [12345678926]
déc. 25, 2016 11:26:03 PM state.S040_PalletChoice doAction
INFOS: Is it a new pallet ?
déc. 25, 2016 11:26:03 PM state.S040_PalletChoice doAction
INFOS:  [No]
déc. 25, 2016 11:26:03 PM state.S040_PalletChoice doAction
INFOS: Pallet values 
déc. 25, 2016 11:26:03 PM state.S040_PalletChoice doAction
INFOS: State           :   [true]
déc. 25, 2016 11:26:03 PM state.S040_PalletChoice doAction
INFOS: Qty Expected    :   [3]
déc. 25, 2016 11:26:03 PM state.S040_PalletChoice doAction
INFOS: Qty Read        :   [2]
déc. 25, 2016 11:26:03 PM state.S040_PalletChoice doAction
INFOS: Std Time        :   [1.69]
déc. 25, 2016 11:26:04 PM state.S040_PalletChoice doAction
INFOS: Harness Part [22630882] = Context Harness Part [22630882]
déc. 25, 2016 11:26:04 PM state.S040_PalletChoice doAction
INFOS: Harness Type [ENGINE] = Context Harness Type [ENGINE]
déc. 25, 2016 11:26:04 PM state.S040_PalletChoice doAction
INFOS: Quantité terminée BaseContainer{id=14776, createTime=2016-12-25 23:24:52.0, writeTime=Sun Dec 25 23:26:04 WET 2016, createId=4, writeId=4, user=9999, createUser=Admin  , startTime=2016-12-25 23:24:52.0, completeTime=null, workTime=null, palletNumber=200014785, harnessPart=22630882, harnessIndex=P02, supplierPartNumber=26C36540B, qtyExpected=3, qtyRead=2, containerState=OPEN, containerStateCode=1000, packType=3RV, harnessType=ENGINE, stdTime=1.69, workstation=O-EZZIOURI, harnessList=[entity.BaseHarness@32304c49, entity.BaseHarness@442a3c24, entity.BaseHarness@415307f8]}
déc. 25, 2016 11:26:04 PM helper.Helper InitDailyDestPrintDir
INFOS: nullPrint directory [.\print\2016_12_25] already exist!
Print sub directory [.\print\2016_12_25.\open_sheet] already exist!
Print sub directory [.\print\2016_12_25.\closing_sheet] already exist!
Print sub directory [.\print\2016_12_25.\picking_label] already exist!
Print sub directory [.\print\2016_12_25.\dispatch_label] already exist!

déc. 25, 2016 11:26:04 PM helper.PrinterHelper saveAndPrintClosingSheet
INFOS: Set Closing Pallet item [14532] state to [IN_PROCESS]
déc. 25, 2016 11:26:04 PM print.PrintClosingPallet_A5 sentToDefaultDesktopPrinter
INFOS: Sending [.\print\2016_12_25\closing_sheet\PrintClosingPallet_A5_22630882_2016_12_25_23_26_04.pdf] to the default printer...
déc. 25, 2016 11:26:04 PM print.PrintClosingPallet_A5 sentToDefaultDesktopPrinter
INFOS: File [%s] has been printed.
déc. 25, 2016 11:26:04 PM helper.PrinterHelper saveAndPrintClosingSheet
INFOS: Set Closing Pallet [14532] state to [PRINTED]
déc. 25, 2016 11:26:40 PM entity.ConfigUcs isHarnessPartExist
INFOS: Searching Harness part [22630882] in ConfigUCS: ENGINE
déc. 25, 2016 11:26:40 PM entity.ConfigUcs isHarnessPartExist
INFOS: Harness part [22630882] found for project [ENGINE].
déc. 25, 2016 11:26:40 PM state.S020_HarnessPartScan doAction
INFOS: Harness Part scanned [P22630882] OK.
déc. 25, 2016 11:26:45 PM entity.BaseHarness isCounterExist
INFOS: Searching Harness counter [P2263088200000000000016] in BaseHarness.
déc. 25, 2016 11:26:45 PM entity.BaseHarness isCounterExist
INFOS: FROM BaseHarness bh WHERE bh.counter = :counter
déc. 25, 2016 11:26:46 PM state.S030_MatrixIdScan doAction
INFOS: Valid Harness Counter scanned [P2263088200000000000016] OK.
déc. 25, 2016 11:26:54 PM entity.BaseEngineLabel isLabelCodeExist
INFOS: Searching Engine Label code [12345678927] in BaseEngineLabel.
déc. 25, 2016 11:26:54 PM entity.BaseEngineLabel isLabelCodeExist
INFOS: FROM BaseEngineLabel bel WHERE bel.labelCode = :labelCode
déc. 25, 2016 11:26:54 PM entity.BaseEngineLabel isLabelCodeExist
INFOS: New label engine [12345678927]
déc. 25, 2016 11:26:54 PM state.S031_PlasticBagScan doAction
INFOS: First Valid Engine Label scanned [12345678927] OK.
déc. 25, 2016 11:26:57 PM entity.BaseEngineLabel isLabelCodeExist
INFOS: Searching Engine Label code [12345678928] in BaseEngineLabel.
déc. 25, 2016 11:26:57 PM entity.BaseEngineLabel isLabelCodeExist
INFOS: FROM BaseEngineLabel bel WHERE bel.labelCode = :labelCode
déc. 25, 2016 11:26:57 PM entity.BaseEngineLabel isLabelCodeExist
INFOS: New label engine [12345678928]
déc. 25, 2016 11:26:59 PM state.S040_PalletChoice doAction
INFOS: Is it a new pallet ?
déc. 25, 2016 11:26:59 PM state.S040_PalletChoice doAction
INFOS:  [Yes]
déc. 25, 2016 11:26:59 PM gui.packaging.PACKAGING_UI9000_ChoosePackType <init>
INFOS: Item found 22630882--26C36540B--P02--3RV--24--1.69--C3--ENGINE--C3--103---1
déc. 25, 2016 11:26:59 PM gui.packaging.PACKAGING_UI9000_ChoosePackType <init>
INFOS: 1 UCS founds for Harness Part[22630882].
déc. 25, 2016 11:27:23 PM gui.config.CONFIG_UI0000_AdminPassword checkLoginAndPass
INFOS: User Admin   / 9999 connected to host O-EZZIOURI at 2016-12-25 23:27:23 Module : Planner.
déc. 25, 2016 11:27:51 PM gui.warehouse_output.WAREHOUSE_OUT_UI0003_PasswordRequest connect
INFOS: User Admin   / 9999 connected to host O-EZZIOURI at 2016-12-25 23:27:51 Dispatch interface : .
déc. 25, 2016 11:27:54 PM gui.warehouse_output.WAREHOUSE_OUT_UI0003_PasswordRequest connect
INFOS: User Admin   / 9999 connected to host O-EZZIOURI at 2016-12-25 23:27:54 Dispatch interface : .
déc. 25, 2016 11:28:25 PM gui.packaging.PACKAGING_UI0001_Main loadBarcodeConfig
INFOS: FROM ConfigBarcode cb WHERE cb.keyWord = :keyWord ORDER BY id ASC
déc. 25, 2016 11:28:25 PM entity.ConfigProject select
INFOS: FROM ConfigProject bp ORDER BY harnessType ASC
déc. 25, 2016 11:28:25 PM entity.ConfigProject select
INFOS: FROM ConfigProject bp ORDER BY harnessType ASC
déc. 25, 2016 11:28:48 PM entity.ConfigSegment select
INFOS: FROM ConfigSegment bp ORDER BY segment ASC
déc. 25, 2016 11:28:48 PM entity.ConfigSegment select
INFOS: FROM ConfigSegment bp ORDER BY segment ASC
déc. 25, 2016 11:28:48 PM entity.ConfigWorkplace select
INFOS: FROM ConfigWorkplace bp ORDER BY workplace ASC
déc. 25, 2016 11:28:57 PM entity.ConfigSegment select
INFOS: FROM ConfigSegment bp ORDER BY segment ASC
déc. 25, 2016 11:28:57 PM entity.ConfigWorkplace select
INFOS: FROM ConfigWorkplace bp ORDER BY workplace ASC
déc. 25, 2016 11:29:06 PM entity.ConfigSegment select
INFOS: FROM ConfigSegment bp ORDER BY segment ASC
déc. 25, 2016 11:29:06 PM entity.ConfigWorkplace select
INFOS: FROM ConfigWorkplace bp ORDER BY workplace ASC
déc. 25, 2016 11:29:06 PM entity.ConfigSegment select
INFOS: FROM ConfigSegment bp ORDER BY segment ASC
déc. 25, 2016 11:29:06 PM entity.ConfigWorkplace select
INFOS: FROM ConfigWorkplace bp ORDER BY workplace ASC
déc. 25, 2016 11:29:08 PM entity.ConfigSegment select
INFOS: FROM ConfigSegment bp ORDER BY segment ASC
déc. 25, 2016 11:29:08 PM entity.ConfigWorkplace select
INFOS: FROM ConfigWorkplace bp ORDER BY workplace ASC
déc. 25, 2016 11:29:08 PM entity.ConfigSegment select
INFOS: FROM ConfigSegment bp ORDER BY segment ASC
déc. 25, 2016 11:29:08 PM entity.ConfigWorkplace select
INFOS: FROM ConfigWorkplace bp ORDER BY workplace ASC
déc. 25, 2016 11:29:11 PM entity.ConfigWorkplace selectBySegment
INFOS: FROM ConfigWorkplace bp WHERE segment = :segment ORDER BY workplace ASC
déc. 25, 2016 11:29:11 PM entity.ConfigWorkplace selectBySegment
INFOS: FROM ConfigWorkplace bp WHERE segment = :segment ORDER BY workplace ASC
déc. 25, 2016 11:29:11 PM entity.ConfigWorkplace selectBySegment
INFOS: FROM ConfigWorkplace bp WHERE segment = :segment ORDER BY workplace ASC
déc. 25, 2016 11:29:12 PM entity.ConfigWorkplace selectBySegment
INFOS: FROM ConfigWorkplace bp WHERE segment = :segment ORDER BY workplace ASC
déc. 25, 2016 11:29:12 PM entity.ConfigWorkplace selectBySegment
INFOS: FROM ConfigWorkplace bp WHERE segment = :segment ORDER BY workplace ASC
déc. 25, 2016 11:29:12 PM entity.ConfigWorkplace selectBySegment
INFOS: FROM ConfigWorkplace bp WHERE segment = :segment ORDER BY workplace ASC
déc. 25, 2016 11:29:17 PM entity.ConfigWorkplace selectBySegment
INFOS: FROM ConfigWorkplace bp WHERE segment = :segment ORDER BY workplace ASC
déc. 25, 2016 11:29:17 PM entity.ConfigWorkplace selectBySegment
INFOS: FROM ConfigWorkplace bp WHERE segment = :segment ORDER BY workplace ASC
déc. 25, 2016 11:29:17 PM entity.ConfigWorkplace selectBySegment
INFOS: FROM ConfigWorkplace bp WHERE segment = :segment ORDER BY workplace ASC
déc. 25, 2016 11:29:17 PM entity.ConfigWorkplace selectBySegment
INFOS: FROM ConfigWorkplace bp WHERE segment = :segment ORDER BY workplace ASC
déc. 25, 2016 11:29:17 PM entity.ConfigWorkplace selectBySegment
INFOS: FROM ConfigWorkplace bp WHERE segment = :segment ORDER BY workplace ASC
déc. 25, 2016 11:29:17 PM entity.ConfigWorkplace selectBySegment
INFOS: FROM ConfigWorkplace bp WHERE segment = :segment ORDER BY workplace ASC
déc. 25, 2016 11:29:22 PM entity.ConfigWorkplace selectBySegment
INFOS: FROM ConfigWorkplace bp WHERE segment = :segment ORDER BY workplace ASC
déc. 25, 2016 11:29:22 PM entity.ConfigWorkplace selectBySegment
INFOS: FROM ConfigWorkplace bp WHERE segment = :segment ORDER BY workplace ASC
déc. 25, 2016 11:29:22 PM entity.ConfigWorkplace selectBySegment
INFOS: FROM ConfigWorkplace bp WHERE segment = :segment ORDER BY workplace ASC
déc. 25, 2016 11:29:22 PM entity.ConfigWorkplace selectBySegment
INFOS: FROM ConfigWorkplace bp WHERE segment = :segment ORDER BY workplace ASC
déc. 25, 2016 11:29:22 PM entity.ConfigWorkplace selectBySegment
INFOS: FROM ConfigWorkplace bp WHERE segment = :segment ORDER BY workplace ASC
déc. 25, 2016 11:29:22 PM entity.ConfigWorkplace selectBySegment
INFOS: FROM ConfigWorkplace bp WHERE segment = :segment ORDER BY workplace ASC
déc. 25, 2016 11:29:29 PM entity.ConfigSegment select
INFOS: FROM ConfigSegment bp ORDER BY segment ASC
déc. 25, 2016 11:29:29 PM entity.ConfigSegment select
INFOS: FROM ConfigSegment bp ORDER BY segment ASC
déc. 25, 2016 11:29:29 PM entity.ConfigWorkplace select
INFOS: FROM ConfigWorkplace bp ORDER BY workplace ASC
déc. 25, 2016 11:29:49 PM entity.ConfigSegment select
INFOS: FROM ConfigSegment bp ORDER BY segment ASC
déc. 25, 2016 11:29:49 PM entity.ConfigWorkplace select
INFOS: FROM ConfigWorkplace bp ORDER BY workplace ASC
déc. 25, 2016 11:29:55 PM entity.ConfigSegment select
INFOS: FROM ConfigSegment bp ORDER BY segment ASC
déc. 25, 2016 11:29:55 PM entity.ConfigWorkplace select
INFOS: FROM ConfigWorkplace bp ORDER BY workplace ASC
déc. 25, 2016 11:29:58 PM entity.ConfigSegment select
INFOS: FROM ConfigSegment bp ORDER BY segment ASC
déc. 25, 2016 11:29:58 PM entity.ConfigWorkplace select
INFOS: FROM ConfigWorkplace bp ORDER BY workplace ASC
déc. 25, 2016 11:30:00 PM entity.ConfigSegment select
INFOS: FROM ConfigSegment bp ORDER BY segment ASC
déc. 25, 2016 11:30:00 PM entity.ConfigWorkplace select
INFOS: FROM ConfigWorkplace bp ORDER BY workplace ASC
déc. 25, 2016 11:30:03 PM entity.ConfigSegment select
INFOS: FROM ConfigSegment bp ORDER BY segment ASC
déc. 25, 2016 11:30:03 PM entity.ConfigWorkplace select
INFOS: FROM ConfigWorkplace bp ORDER BY workplace ASC
déc. 25, 2016 11:30:06 PM entity.ConfigSegment select
INFOS: FROM ConfigSegment bp ORDER BY segment ASC
déc. 25, 2016 11:30:06 PM entity.ConfigWorkplace select
INFOS: FROM ConfigWorkplace bp ORDER BY workplace ASC
déc. 25, 2016 11:30:19 PM entity.ConfigWorkplace selectBySegment
INFOS: FROM ConfigWorkplace bp WHERE segment = :segment ORDER BY workplace ASC
déc. 25, 2016 11:30:19 PM entity.ConfigWorkplace selectBySegment
INFOS: FROM ConfigWorkplace bp WHERE segment = :segment ORDER BY workplace ASC
déc. 25, 2016 11:30:19 PM entity.ConfigWorkplace selectBySegment
INFOS: FROM ConfigWorkplace bp WHERE segment = :segment ORDER BY workplace ASC
déc. 25, 2016 11:30:19 PM entity.ConfigWorkplace selectBySegment
INFOS: FROM ConfigWorkplace bp WHERE segment = :segment ORDER BY workplace ASC
déc. 25, 2016 11:30:19 PM entity.ConfigWorkplace selectBySegment
INFOS: FROM ConfigWorkplace bp WHERE segment = :segment ORDER BY workplace ASC
déc. 25, 2016 11:30:19 PM entity.ConfigWorkplace selectBySegment
INFOS: FROM ConfigWorkplace bp WHERE segment = :segment ORDER BY workplace ASC
déc. 25, 2016 11:30:21 PM entity.ConfigWorkplace selectBySegment
INFOS: FROM ConfigWorkplace bp WHERE segment = :segment ORDER BY workplace ASC
déc. 25, 2016 11:36:14 PM helper.Helper InitDailyDestPrintDir
INFOS: Print directory [.\print\2016_12_25] already exist!
Print sub directory [.\print\2016_12_25.\open_sheet] already exist!
Print sub directory [.\print\2016_12_25.\closing_sheet] already exist!
Print sub directory [.\print\2016_12_25.\picking_label] already exist!
Print sub directory [.\print\2016_12_25.\dispatch_label] already exist!

déc. 25, 2016 11:36:17 PM gui.packaging.PACKAGING_UI0001_Main loadBarcodeConfig
INFOS: FROM ConfigBarcode cb WHERE cb.keyWord = :keyWord ORDER BY id ASC
déc. 25, 2016 11:36:17 PM entity.ConfigProject select
INFOS: FROM ConfigProject bp ORDER BY harnessType ASC
déc. 25, 2016 11:36:17 PM entity.ConfigProject select
INFOS: FROM ConfigProject bp ORDER BY harnessType ASC
déc. 25, 2016 11:36:25 PM gui.packaging.PACKAGING_UI0001_Main loadBarcodeConfig
INFOS: FROM ConfigBarcode cb WHERE cb.keyWord = :keyWord ORDER BY id ASC
déc. 25, 2016 11:36:25 PM entity.ConfigProject select
INFOS: FROM ConfigProject bp ORDER BY harnessType ASC
déc. 25, 2016 11:36:25 PM entity.ConfigProject select
INFOS: FROM ConfigProject bp ORDER BY harnessType ASC
déc. 25, 2016 11:36:50 PM gui.packaging.PACKAGING_UI0001_Main loadBarcodeConfig
INFOS: FROM ConfigBarcode cb WHERE cb.keyWord = :keyWord ORDER BY id ASC
déc. 25, 2016 11:36:50 PM entity.ConfigProject select
INFOS: FROM ConfigProject bp ORDER BY harnessType ASC
déc. 25, 2016 11:36:50 PM entity.ConfigProject select
INFOS: FROM ConfigProject bp ORDER BY harnessType ASC
déc. 25, 2016 11:36:58 PM state.S010_UserCodeScan doAction
INFOS: Invalid matricule number or account locked !
déc. 25, 2016 11:37:01 PM state.S010_UserCodeScan doAction
INFOS: Invalid matricule number or account locked !
déc. 25, 2016 11:37:10 PM state.S010_UserCodeScan doAction
INFOS: Invalid matricule number or account locked !
déc. 25, 2016 11:38:34 PM helper.Helper InitDailyDestPrintDir
INFOS: Print directory [.\print\2016_12_25] already exist!
Print sub directory [.\print\2016_12_25.\open_sheet] already exist!
Print sub directory [.\print\2016_12_25.\closing_sheet] already exist!
Print sub directory [.\print\2016_12_25.\picking_label] already exist!
Print sub directory [.\print\2016_12_25.\dispatch_label] already exist!

déc. 25, 2016 11:38:39 PM gui.packaging.PACKAGING_UI0001_Main loadBarcodeConfig
INFOS: FROM ConfigBarcode cb WHERE cb.keyWord = :keyWord ORDER BY id ASC
déc. 25, 2016 11:38:39 PM entity.ConfigProject select
INFOS: FROM ConfigProject bp ORDER BY harnessType ASC
déc. 25, 2016 11:38:39 PM entity.ConfigProject select
INFOS: FROM ConfigProject bp ORDER BY harnessType ASC
déc. 25, 2016 11:38:43 PM state.S010_UserCodeScan doAction
INFOS: Invalid matricule number or account locked !
déc. 25, 2016 11:40:00 PM helper.Helper InitDailyDestPrintDir
INFOS: Print directory [.\print\2016_12_25] already exist!
Print sub directory [.\print\2016_12_25.\open_sheet] already exist!
Print sub directory [.\print\2016_12_25.\closing_sheet] already exist!
Print sub directory [.\print\2016_12_25.\picking_label] already exist!
Print sub directory [.\print\2016_12_25.\dispatch_label] already exist!

déc. 25, 2016 11:40:02 PM gui.packaging.PACKAGING_UI0001_Main loadBarcodeConfig
INFOS: FROM ConfigBarcode cb WHERE cb.keyWord = :keyWord ORDER BY id ASC
déc. 25, 2016 11:40:02 PM entity.ConfigProject select
INFOS: FROM ConfigProject bp ORDER BY harnessType ASC
déc. 25, 2016 11:40:02 PM entity.ConfigProject select
INFOS: FROM ConfigProject bp ORDER BY harnessType ASC
déc. 25, 2016 11:40:10 PM gui.packaging.PACKAGING_UI0002_PasswordRequest connect
INFOS: User Admin   / 9999 connected to host O-EZZIOURI at 2016-12-25 23:40:10 Project : MDEP.
déc. 25, 2016 11:41:34 PM helper.Helper InitDailyDestPrintDir
INFOS: Print directory [.\print\2016_12_25] already exist!
Print sub directory [.\print\2016_12_25.\open_sheet] already exist!
Print sub directory [.\print\2016_12_25.\closing_sheet] already exist!
Print sub directory [.\print\2016_12_25.\picking_label] already exist!
Print sub directory [.\print\2016_12_25.\dispatch_label] already exist!

déc. 25, 2016 11:41:38 PM gui.packaging.PACKAGING_UI0001_Main loadBarcodeConfig
INFOS: FROM ConfigBarcode cb WHERE cb.keyWord = :keyWord ORDER BY id ASC
déc. 25, 2016 11:41:38 PM entity.ConfigProject select
INFOS: FROM ConfigProject bp ORDER BY harnessType ASC
déc. 25, 2016 11:41:38 PM entity.ConfigProject select
INFOS: FROM ConfigProject bp ORDER BY harnessType ASC
déc. 25, 2016 11:41:44 PM gui.packaging.PACKAGING_UI0002_PasswordRequest connect
INFOS: User Admin   / 9999 connected to host O-EZZIOURI at 2016-12-25 23:41:44 Project : MDEP.
déc. 25, 2016 11:42:30 PM helper.Helper InitDailyDestPrintDir
INFOS: Print directory [.\print\2016_12_25] already exist!
Print sub directory [.\print\2016_12_25.\open_sheet] already exist!
Print sub directory [.\print\2016_12_25.\closing_sheet] already exist!
Print sub directory [.\print\2016_12_25.\picking_label] already exist!
Print sub directory [.\print\2016_12_25.\dispatch_label] already exist!

déc. 25, 2016 11:42:32 PM gui.packaging.PACKAGING_UI0001_Main loadBarcodeConfig
INFOS: FROM ConfigBarcode cb WHERE cb.keyWord = :keyWord ORDER BY id ASC
déc. 25, 2016 11:42:32 PM entity.ConfigProject select
INFOS: FROM ConfigProject bp ORDER BY harnessType ASC
déc. 25, 2016 11:42:32 PM entity.ConfigProject select
INFOS: FROM ConfigProject bp ORDER BY harnessType ASC
déc. 25, 2016 11:42:39 PM gui.packaging.PACKAGING_UI0002_PasswordRequest connect
INFOS: User Admin   / 9999 connected to host O-EZZIOURI at 2016-12-25 23:42:39 Project : MDEP.
