juin 28, 2017 7:52:46 AM helper.Helper InitDailyDestPrintDir
INFOS: Print directory [.\print\2017_06_28] is created!
Print sub directory [.\print\2017_06_28.\open_sheet] is created!
Print sub directory [.\print\2017_06_28.\closing_sheet] is created!
Print sub directory [.\print\2017_06_28.\picking_label] is created!
Print sub directory [.\print\2017_06_28.\dispatch_label] is created!

juin 28, 2017 7:53:02 AM gui.packaging_warehouse.PACKAGING_WAREHOUSE_UI0001_PasswordRequest connect
INFOS: User OUSSAMA EZZIOURI / ezou1001 connected to host WSMA7040 at 2017-06-28 07:53:02 Packaging warehouse interface : .
juin 28, 2017 8:04:53 AM gui.packaging.PACKAGING_UI0001_Main loadBarcodeConfig
INFOS: FROM ConfigBarcode cb WHERE cb.keyWord = :keyWord ORDER BY id ASC
juin 28, 2017 8:04:53 AM entity.ConfigProject select
INFOS: FROM ConfigProject bp ORDER BY harnessType ASC
juin 28, 2017 8:04:53 AM entity.ConfigProject select
INFOS: FROM ConfigProject bp ORDER BY harnessType ASC
juin 28, 2017 8:04:57 AM entity.ConfigSegment select
INFOS: FROM ConfigSegment bp ORDER BY segment ASC
juin 28, 2017 8:04:57 AM entity.ConfigSegment select
INFOS: FROM ConfigSegment bp ORDER BY segment ASC
juin 28, 2017 8:04:57 AM entity.ConfigWorkplace select
INFOS: FROM ConfigWorkplace bp ORDER BY workplace ASC
juin 28, 2017 8:05:04 AM entity.ConfigSegment select
INFOS: FROM ConfigSegment bp ORDER BY segment ASC
juin 28, 2017 8:05:04 AM entity.ConfigWorkplace select
INFOS: FROM ConfigWorkplace bp ORDER BY workplace ASC
juin 28, 2017 8:05:05 AM entity.ConfigSegment select
INFOS: FROM ConfigSegment bp ORDER BY segment ASC
juin 28, 2017 8:05:05 AM entity.ConfigWorkplace select
INFOS: FROM ConfigWorkplace bp ORDER BY workplace ASC
juin 28, 2017 8:05:05 AM entity.ConfigSegment select
INFOS: FROM ConfigSegment bp ORDER BY segment ASC
juin 28, 2017 8:05:05 AM entity.ConfigWorkplace select
INFOS: FROM ConfigWorkplace bp ORDER BY workplace ASC
juin 28, 2017 8:05:16 AM entity.ConfigSegment select
INFOS: FROM ConfigSegment bp ORDER BY segment ASC
juin 28, 2017 8:05:16 AM entity.ConfigWorkplace select
INFOS: FROM ConfigWorkplace bp ORDER BY workplace ASC
juin 28, 2017 8:05:30 AM entity.ConfigSegment select
INFOS: FROM ConfigSegment bp ORDER BY segment ASC
juin 28, 2017 8:05:30 AM entity.ConfigWorkplace select
INFOS: FROM ConfigWorkplace bp ORDER BY workplace ASC
juin 28, 2017 8:05:31 AM entity.ConfigSegment select
INFOS: FROM ConfigSegment bp ORDER BY segment ASC
juin 28, 2017 8:05:31 AM entity.ConfigWorkplace select
INFOS: FROM ConfigWorkplace bp ORDER BY workplace ASC
juin 28, 2017 8:05:34 AM entity.ConfigSegment select
INFOS: FROM ConfigSegment bp ORDER BY segment ASC
juin 28, 2017 8:05:34 AM entity.ConfigWorkplace select
INFOS: FROM ConfigWorkplace bp ORDER BY workplace ASC
juin 28, 2017 8:05:34 AM entity.ConfigSegment select
INFOS: FROM ConfigSegment bp ORDER BY segment ASC
juin 28, 2017 8:05:34 AM entity.ConfigWorkplace select
INFOS: FROM ConfigWorkplace bp ORDER BY workplace ASC
juin 28, 2017 8:05:35 AM entity.ConfigSegment select
INFOS: FROM ConfigSegment bp ORDER BY segment ASC
juin 28, 2017 8:05:35 AM entity.ConfigWorkplace select
INFOS: FROM ConfigWorkplace bp ORDER BY workplace ASC
juin 28, 2017 8:40:27 AM entity.ConfigSegment select
INFOS: FROM ConfigSegment bp ORDER BY segment ASC
juin 28, 2017 8:40:27 AM entity.ConfigWorkplace select
INFOS: FROM ConfigWorkplace bp ORDER BY workplace ASC
juin 28, 2017 8:40:30 AM entity.ConfigSegment select
INFOS: FROM ConfigSegment bp ORDER BY segment ASC
juin 28, 2017 8:40:30 AM entity.ConfigWorkplace select
INFOS: FROM ConfigWorkplace bp ORDER BY workplace ASC
juin 28, 2017 8:40:34 AM entity.ConfigSegment select
INFOS: FROM ConfigSegment bp ORDER BY segment ASC
juin 28, 2017 8:40:34 AM entity.ConfigWorkplace select
INFOS: FROM ConfigWorkplace bp ORDER BY workplace ASC
juin 28, 2017 8:40:35 AM entity.ConfigSegment select
INFOS: FROM ConfigSegment bp ORDER BY segment ASC
juin 28, 2017 8:40:35 AM entity.ConfigWorkplace select
INFOS: FROM ConfigWorkplace bp ORDER BY workplace ASC
juin 28, 2017 10:31:28 AM helper.Helper InitDailyDestPrintDir
INFOS: Print directory [.\print\2017_06_28] already exist!
Print sub directory [.\print\2017_06_28.\open_sheet] already exist!
Print sub directory [.\print\2017_06_28.\closing_sheet] already exist!
Print sub directory [.\print\2017_06_28.\picking_label] already exist!
Print sub directory [.\print\2017_06_28.\dispatch_label] already exist!

juin 28, 2017 10:31:30 AM gui.packaging.PACKAGING_UI0001_Main loadBarcodeConfig
INFOS: FROM ConfigBarcode cb WHERE cb.keyWord = :keyWord ORDER BY id ASC
juin 28, 2017 10:31:30 AM entity.ConfigProject select
INFOS: FROM ConfigProject bp ORDER BY harnessType ASC
juin 28, 2017 10:31:39 AM entity.ConfigProject select
INFOS: FROM ConfigProject bp ORDER BY harnessType ASC
juin 28, 2017 10:31:44 AM entity.ConfigSegment select
INFOS: FROM ConfigSegment bp ORDER BY segment ASC
juin 28, 2017 10:31:44 AM entity.ConfigSegment select
INFOS: FROM ConfigSegment bp ORDER BY segment ASC
juin 28, 2017 10:31:44 AM entity.ConfigWorkplace select
INFOS: FROM ConfigWorkplace bp ORDER BY workplace ASC
juin 28, 2017 10:32:20 AM entity.ConfigSegment select
INFOS: FROM ConfigSegment bp ORDER BY segment ASC
juin 28, 2017 10:32:20 AM entity.ConfigWorkplace select
INFOS: FROM ConfigWorkplace bp ORDER BY workplace ASC
juin 28, 2017 10:32:56 AM state.S010_UserCodeScan doAction
INFOS: Invalid matricule number or account locked !
juin 28, 2017 10:32:57 AM state.S010_UserCodeScan doAction
INFOS: Invalid matricule number or account locked !
juin 28, 2017 10:32:59 AM state.S010_UserCodeScan doAction
INFOS: Invalid matricule number or account locked !
juin 28, 2017 10:33:07 AM gui.packaging.PACKAGING_UI0002_PasswordRequest connect
INFOS: User OUSSAMA EZZIOURI / ezou1001 connected to host WSMA7040 at 2017-06-28 10:33:07 Project : ENGINE.
juin 28, 2017 10:33:20 AM entity.ConfigUcs isHarnessPartExist
INFOS: Searching Harness part [22644465] in ConfigUCS: ENGINE
juin 28, 2017 10:33:21 AM entity.ConfigUcs isHarnessPartExist
INFOS: Harness part [22644465] found for project [ENGINE].
juin 28, 2017 10:33:21 AM state.S020_HarnessPartScan doAction
INFOS: Harness Part scanned [P22644465] OK.
juin 28, 2017 10:33:30 AM entity.BaseHarness isCounterExist
INFOS: Searching Harness counter [P2264446500000000000000] in BaseHarness.
juin 28, 2017 10:33:30 AM entity.BaseHarness isCounterExist
INFOS: FROM BaseHarness bh WHERE bh.counter = :counter
juin 28, 2017 10:33:30 AM state.S030_MatrixIdScan doAction
INFOS: Valid Harness Counter scanned [P2264446500000000000000] OK.
juin 28, 2017 10:33:34 AM entity.BaseEngineLabel isLabelCodeExist
INFOS: Searching Engine Label code [1234567891] in BaseEngineLabel.
juin 28, 2017 10:33:34 AM entity.BaseEngineLabel isLabelCodeExist
INFOS: FROM BaseEngineLabel bel WHERE bel.labelCode = :labelCode
juin 28, 2017 10:33:34 AM entity.BaseEngineLabel isLabelCodeExist
INFOS: New label engine [1234567891]
juin 28, 2017 10:33:34 AM state.S031_PlasticBagScan doAction
INFOS: First Valid Engine Label scanned [1234567891] OK.
juin 28, 2017 10:33:36 AM entity.BaseEngineLabel checkLabelFormat
INFOS: Invalid Counter scanned format [134567892]!
juin 28, 2017 10:33:40 AM entity.BaseEngineLabel isLabelCodeExist
INFOS: Searching Engine Label code [1234567892] in BaseEngineLabel.
juin 28, 2017 10:33:40 AM entity.BaseEngineLabel isLabelCodeExist
INFOS: FROM BaseEngineLabel bel WHERE bel.labelCode = :labelCode
juin 28, 2017 10:33:40 AM entity.BaseEngineLabel isLabelCodeExist
INFOS: New label engine [1234567892]
juin 28, 2017 10:33:51 AM state.S040_PalletChoice doAction
INFOS: Is it a new pallet ?
juin 28, 2017 10:33:51 AM state.S040_PalletChoice doAction
AVERTISSEMENT: Vous êtes dans le poste WSMA7040. Vous devez scanner le faisceau dans le poste WSP28C05 !
juin 28, 2017 10:34:53 AM state.S040_PalletChoice doAction
INFOS: Is it a new pallet ?
juin 28, 2017 10:34:53 AM state.S040_PalletChoice doAction
INFOS:  [No]
juin 28, 2017 10:34:53 AM state.S040_PalletChoice doAction
INFOS: Pallet values 
juin 28, 2017 10:34:53 AM state.S040_PalletChoice doAction
INFOS: State           :   [true]
juin 28, 2017 10:34:53 AM state.S040_PalletChoice doAction
INFOS: Qty Expected    :   [24]
juin 28, 2017 10:34:53 AM state.S040_PalletChoice doAction
INFOS: Qty Read        :   [16]
juin 28, 2017 10:34:53 AM state.S040_PalletChoice doAction
INFOS: Std Time        :   [1.628]
juin 28, 2017 10:34:53 AM state.S040_PalletChoice doAction
INFOS: Harness Part [22644465] = Context Harness Part [22644465]
juin 28, 2017 10:34:53 AM state.S040_PalletChoice doAction
INFOS: Harness Type [ENGINE] = Context Harness Type [ENGINE]
juin 28, 2017 10:35:36 AM gui.packaging.PACKAGING_UI9001_DropContainerConfirmation ok_btnActionPerformed
INFOS: Droping harness list...17
juin 28, 2017 10:43:00 AM entity.ConfigSegment select
INFOS: FROM ConfigSegment bp ORDER BY segment ASC
juin 28, 2017 10:47:37 AM entity.ConfigProject select
INFOS: FROM ConfigProject bp ORDER BY harnessType ASC
juin 28, 2017 10:48:24 AM gui.config.CONFIG_UI0000_AdminPassword checkLoginAndPass
INFOS: User OUSSAMA EZZIOURI / ezou1001 connected to host WSMA7040 at 2017-06-28 10:48:24 Module : Planner.
juin 28, 2017 10:48:24 AM entity.ConfigSegment select
INFOS: FROM ConfigSegment bp ORDER BY segment ASC
juin 28, 2017 10:48:24 AM entity.ConfigWorkplace selectBySegment
INFOS: FROM ConfigWorkplace bp WHERE segment = :segment ORDER BY workplace ASC
juin 28, 2017 10:48:24 AM entity.ConfigProject select
INFOS: FROM ConfigProject bp ORDER BY harnessType ASC
juin 28, 2017 10:50:30 AM entity.ConfigUcs isHarnessPartExist
INFOS: Searching Harness part [22644465] in ConfigUCS: ENGINE
juin 28, 2017 10:50:30 AM entity.ConfigUcs isHarnessPartExist
INFOS: Harness part [22644465] found for project [ENGINE].
juin 28, 2017 10:50:30 AM state.S020_HarnessPartScan doAction
INFOS: Harness Part scanned [P22644465] OK.
juin 28, 2017 10:50:36 AM entity.BaseHarness isCounterExist
INFOS: Searching Harness counter [P2264446522222222000000] in BaseHarness.
juin 28, 2017 10:50:36 AM entity.BaseHarness isCounterExist
INFOS: FROM BaseHarness bh WHERE bh.counter = :counter
juin 28, 2017 10:50:37 AM state.S030_MatrixIdScan doAction
INFOS: Valid Harness Counter scanned [P2264446522222222000000] OK.
juin 28, 2017 10:50:39 AM entity.BaseEngineLabel checkLabelFormat
INFOS: Invalid Counter scanned format [132465793]!
juin 28, 2017 10:50:43 AM entity.BaseEngineLabel isLabelCodeExist
INFOS: Searching Engine Label code [1234567893] in BaseEngineLabel.
juin 28, 2017 10:50:43 AM entity.BaseEngineLabel isLabelCodeExist
INFOS: FROM BaseEngineLabel bel WHERE bel.labelCode = :labelCode
juin 28, 2017 10:50:43 AM entity.BaseEngineLabel isLabelCodeExist
INFOS: New label engine [1234567893]
juin 28, 2017 10:50:43 AM state.S031_PlasticBagScan doAction
INFOS: First Valid Engine Label scanned [1234567893] OK.
juin 28, 2017 10:50:45 AM entity.BaseEngineLabel isLabelCodeExist
INFOS: Searching Engine Label code [1234567894] in BaseEngineLabel.
juin 28, 2017 10:50:45 AM entity.BaseEngineLabel isLabelCodeExist
INFOS: FROM BaseEngineLabel bel WHERE bel.labelCode = :labelCode
juin 28, 2017 10:50:45 AM entity.BaseEngineLabel isLabelCodeExist
INFOS: New label engine [1234567894]
juin 28, 2017 10:50:48 AM state.S040_PalletChoice doAction
INFOS: Is it a new pallet ?
juin 28, 2017 10:50:48 AM state.S040_PalletChoice doAction
INFOS:  [Yes]
juin 28, 2017 10:50:52 AM helper.Helper InitDailyDestPrintDir
INFOS: nullPrint directory [.\print\2017_06_28] already exist!
Print sub directory [.\print\2017_06_28.\open_sheet] already exist!
Print sub directory [.\print\2017_06_28.\closing_sheet] already exist!
Print sub directory [.\print\2017_06_28.\picking_label] already exist!
Print sub directory [.\print\2017_06_28.\dispatch_label] already exist!

juin 28, 2017 10:50:53 AM helper.PrinterHelper saveAndPrintOpenSheet
INFOS: Set Pallet [200027664] state to [IN_PROCESS]
juin 28, 2017 10:50:53 AM print.PrintOpenPallet_A5 sentToDefaultDesktopPrinter
INFOS: Sending [.\print\2017_06_28\open_sheet\PrintOpenPallet_A5_2017_06_28_10_50_52_22644465_200027664.pdf] to the default printer...
juin 28, 2017 10:50:53 AM print.PrintOpenPallet_A5 sentToDefaultDesktopPrinter
INFOS: File [.\print\2017_06_28\open_sheet\PrintOpenPallet_A5_2017_06_28_10_50_52_22644465_200027664.pdf] has been printed.
juin 28, 2017 10:50:53 AM helper.PrinterHelper saveAndPrintOpenSheet
INFOS: Set Pallet [200027664] state to [PRINTED]
juin 28, 2017 10:50:53 AM gui.packaging.PACKAGING_UI9000_ChoosePackType loadConfigUcs
INFOS: Openning new container for first harness part [22644465].
juin 28, 2017 10:51:14 AM state.S041_NewPalletScan doAction
INFOS: Scanned Pallet number [200027664] OK.
juin 28, 2017 10:51:14 AM state.S041_NewPalletScan doAction
INFOS: BaseContainer created BaseContainer{id=27387, createTime=Wed Jun 28 10:51:14 GMT 2017, writeTime=Wed Jun 28 10:51:14 GMT 2017, createId=4, writeId=4, user=ezou1001, createUser=OUSSAMA EZZIOURI, startTime=Wed Jun 28 10:51:14 GMT 2017, closedTime=null, workTime=null, palletNumber=200027664, harnessPart=22644465, harnessIndex=P01, supplierPartNumber=26C39670B, qtyExpected=2, qtyRead=1, containerState=OPEN, containerStateCode=1000, packType=3RV, harnessType=ENGINE, stdTime=1.628, workstation=WSMA7040, harnessList=[]} 
juin 28, 2017 10:51:20 AM entity.ConfigUcs isHarnessPartExist
INFOS: Searching Harness part [22644465] in ConfigUCS: ENGINE
juin 28, 2017 10:51:20 AM entity.ConfigUcs isHarnessPartExist
INFOS: Harness part [22644465] found for project [ENGINE].
juin 28, 2017 10:51:20 AM state.S020_HarnessPartScan doAction
INFOS: Harness Part scanned [P22644465] OK.
juin 28, 2017 10:51:26 AM entity.BaseHarness isCounterExist
INFOS: Searching Harness counter [P2264446511111122222016] in BaseHarness.
juin 28, 2017 10:51:26 AM entity.BaseHarness isCounterExist
INFOS: FROM BaseHarness bh WHERE bh.counter = :counter
juin 28, 2017 10:51:26 AM state.S030_MatrixIdScan doAction
INFOS: Valid Harness Counter scanned [P2264446511111122222016] OK.
juin 28, 2017 10:51:31 AM entity.BaseEngineLabel isLabelCodeExist
INFOS: Searching Engine Label code [1234567895] in BaseEngineLabel.
juin 28, 2017 10:51:31 AM entity.BaseEngineLabel isLabelCodeExist
INFOS: FROM BaseEngineLabel bel WHERE bel.labelCode = :labelCode
juin 28, 2017 10:51:31 AM entity.BaseEngineLabel isLabelCodeExist
INFOS: New label engine [1234567895]
juin 28, 2017 10:51:31 AM state.S031_PlasticBagScan doAction
INFOS: First Valid Engine Label scanned [1234567895] OK.
juin 28, 2017 10:51:32 AM entity.BaseEngineLabel checkLabelFormat
INFOS: Invalid Counter scanned format [123456796]!
juin 28, 2017 10:51:38 AM entity.BaseEngineLabel isLabelCodeExist
INFOS: Searching Engine Label code [1234567896] in BaseEngineLabel.
juin 28, 2017 10:51:38 AM entity.BaseEngineLabel isLabelCodeExist
INFOS: FROM BaseEngineLabel bel WHERE bel.labelCode = :labelCode
juin 28, 2017 10:51:38 AM entity.BaseEngineLabel isLabelCodeExist
INFOS: New label engine [1234567896]
juin 28, 2017 10:51:44 AM state.S040_PalletChoice doAction
INFOS: Is it a new pallet ?
juin 28, 2017 10:51:44 AM state.S040_PalletChoice doAction
INFOS:  [No]
juin 28, 2017 10:51:44 AM state.S040_PalletChoice doAction
INFOS: Pallet values 
juin 28, 2017 10:51:44 AM state.S040_PalletChoice doAction
INFOS: State           :   [true]
juin 28, 2017 10:51:44 AM state.S040_PalletChoice doAction
INFOS: Qty Expected    :   [2]
juin 28, 2017 10:51:44 AM state.S040_PalletChoice doAction
INFOS: Qty Read        :   [1]
juin 28, 2017 10:51:44 AM state.S040_PalletChoice doAction
INFOS: Std Time        :   [1.628]
juin 28, 2017 10:51:44 AM state.S040_PalletChoice doAction
INFOS: Harness Part [22644465] = Context Harness Part [22644465]
juin 28, 2017 10:51:44 AM state.S040_PalletChoice doAction
INFOS: Harness Type [ENGINE] = Context Harness Type [ENGINE]
juin 28, 2017 10:51:44 AM state.S040_PalletChoice doAction
INFOS: Quantité terminée BaseContainer{id=27387, createTime=2017-06-28 10:51:14.0, writeTime=Wed Jun 28 10:51:44 GMT 2017, createId=4, writeId=4, user=ezou1001, createUser=OUSSAMA EZZIOURI, startTime=2017-06-28 10:51:14.0, closedTime=null, workTime=null, palletNumber=200027664, harnessPart=22644465, harnessIndex=P01, supplierPartNumber=26C39670B, qtyExpected=2, qtyRead=1, containerState=OPEN, containerStateCode=1000, packType=3RV, harnessType=ENGINE, stdTime=1.628, workstation=WSMA7040, harnessList=[entity.BaseHarness@786ded21, entity.BaseHarness@6ddcd49a]}
juin 28, 2017 10:51:44 AM helper.Helper InitDailyDestPrintDir
INFOS: nullPrint directory [.\print\2017_06_28] already exist!
Print sub directory [.\print\2017_06_28.\open_sheet] already exist!
Print sub directory [.\print\2017_06_28.\closing_sheet] already exist!
Print sub directory [.\print\2017_06_28.\picking_label] already exist!
Print sub directory [.\print\2017_06_28.\dispatch_label] already exist!

juin 28, 2017 10:51:45 AM helper.PrinterHelper saveAndPrintClosingSheet
INFOS: Set Closing Pallet item [27046] state to [IN_PROCESS]
juin 28, 2017 10:51:45 AM print.PrintClosingPallet_A5 sentToDefaultDesktopPrinter
INFOS: Sending [.\print\2017_06_28\closing_sheet\PrintClosingPallet_A5_22644465_2017_06_28_10_51_45.pdf] to the default printer...
juin 28, 2017 10:51:45 AM print.PrintClosingPallet_A5 sentToDefaultDesktopPrinter
INFOS: File [%s] has been printed.
juin 28, 2017 10:51:45 AM helper.PrinterHelper saveAndPrintClosingSheet
INFOS: Set Closing Pallet [27046] state to [PRINTED]
juin 28, 2017 10:52:10 AM entity.ConfigSegment select
INFOS: FROM ConfigSegment bp ORDER BY segment ASC
juin 28, 2017 10:52:12 AM entity.ConfigSegment select
INFOS: FROM ConfigSegment bp ORDER BY segment ASC
juin 28, 2017 10:52:12 AM entity.ConfigWorkplace select
INFOS: FROM ConfigWorkplace bp ORDER BY workplace ASC
juin 28, 2017 10:52:55 AM entity.ConfigSegment select
INFOS: FROM ConfigSegment bp ORDER BY segment ASC
juin 28, 2017 10:52:55 AM entity.ConfigSegment select
INFOS: FROM ConfigSegment bp ORDER BY segment ASC
juin 28, 2017 10:52:55 AM entity.ConfigWorkplace select
INFOS: FROM ConfigWorkplace bp ORDER BY workplace ASC
juin 28, 2017 10:52:58 AM entity.ConfigSegment select
INFOS: FROM ConfigSegment bp ORDER BY segment ASC
juin 28, 2017 10:52:58 AM entity.ConfigWorkplace select
INFOS: FROM ConfigWorkplace bp ORDER BY workplace ASC
juin 28, 2017 10:52:59 AM entity.ConfigSegment select
INFOS: FROM ConfigSegment bp ORDER BY segment ASC
juin 28, 2017 10:52:59 AM entity.ConfigWorkplace select
INFOS: FROM ConfigWorkplace bp ORDER BY workplace ASC
juin 28, 2017 10:53:04 AM entity.ConfigSegment select
INFOS: FROM ConfigSegment bp ORDER BY segment ASC
juin 28, 2017 10:53:04 AM entity.ConfigWorkplace select
INFOS: FROM ConfigWorkplace bp ORDER BY workplace ASC
juin 28, 2017 10:53:05 AM entity.ConfigSegment select
INFOS: FROM ConfigSegment bp ORDER BY segment ASC
juin 28, 2017 10:53:05 AM entity.ConfigWorkplace select
INFOS: FROM ConfigWorkplace bp ORDER BY workplace ASC
juin 28, 2017 10:53:16 AM entity.ConfigSegment select
INFOS: FROM ConfigSegment bp ORDER BY segment ASC
juin 28, 2017 10:53:16 AM entity.ConfigSegment select
INFOS: FROM ConfigSegment bp ORDER BY segment ASC
juin 28, 2017 10:53:16 AM entity.ConfigWorkplace select
INFOS: FROM ConfigWorkplace bp ORDER BY workplace ASC
juin 28, 2017 10:53:17 AM entity.ConfigSegment select
INFOS: FROM ConfigSegment bp ORDER BY segment ASC
juin 28, 2017 10:53:17 AM entity.ConfigWorkplace select
INFOS: FROM ConfigWorkplace bp ORDER BY workplace ASC
juin 28, 2017 10:53:23 AM entity.ConfigSegment select
INFOS: FROM ConfigSegment bp ORDER BY segment ASC
juin 28, 2017 10:53:23 AM entity.ConfigWorkplace select
INFOS: FROM ConfigWorkplace bp ORDER BY workplace ASC
juin 28, 2017 10:53:27 AM entity.ConfigSegment select
INFOS: FROM ConfigSegment bp ORDER BY segment ASC
juin 28, 2017 10:53:27 AM entity.ConfigWorkplace select
INFOS: FROM ConfigWorkplace bp ORDER BY workplace ASC
juin 28, 2017 10:53:31 AM entity.ConfigSegment select
INFOS: FROM ConfigSegment bp ORDER BY segment ASC
juin 28, 2017 10:53:31 AM entity.ConfigWorkplace select
INFOS: FROM ConfigWorkplace bp ORDER BY workplace ASC
juin 28, 2017 10:53:35 AM entity.ConfigSegment select
INFOS: FROM ConfigSegment bp ORDER BY segment ASC
juin 28, 2017 10:53:35 AM entity.ConfigWorkplace select
INFOS: FROM ConfigWorkplace bp ORDER BY workplace ASC
juin 28, 2017 10:54:02 AM entity.ConfigSegment select
INFOS: FROM ConfigSegment bp ORDER BY segment ASC
juin 28, 2017 10:54:08 AM entity.ConfigSegment select
INFOS: FROM ConfigSegment bp ORDER BY segment ASC
juin 28, 2017 10:54:08 AM entity.ConfigWorkplace select
INFOS: FROM ConfigWorkplace bp ORDER BY workplace ASC
juin 28, 2017 10:54:41 AM entity.ConfigSegment select
INFOS: FROM ConfigSegment bp ORDER BY segment ASC
juin 28, 2017 10:54:42 AM entity.ConfigSegment select
INFOS: FROM ConfigSegment bp ORDER BY segment ASC
juin 28, 2017 10:54:42 AM entity.ConfigWorkplace select
INFOS: FROM ConfigWorkplace bp ORDER BY workplace ASC
juin 28, 2017 10:55:08 AM entity.ConfigProject select
INFOS: FROM ConfigProject bp ORDER BY harnessType ASC
juin 28, 2017 10:55:24 AM entity.ConfigProject select
INFOS: FROM ConfigProject bp ORDER BY harnessType ASC
juin 28, 2017 10:55:47 AM entity.BaseContainer checkContainerByState
INFOS: Searching Container [200027664] in BaseContainer.
juin 28, 2017 10:55:47 AM entity.BaseContainer checkContainerByState
INFOS: FROM BaseContainer bc WHERE bc.palletNumber = :palletNumber AND bc.containerState = :state
juin 28, 2017 10:56:00 AM gui.packaging_warehouse.PACKAGING_WAREHOUSE_UI0001_PasswordRequest connect
INFOS: User OUSSAMA EZZIOURI / ezou1001 connected to host WSMA7040 at 2017-06-28 10:56:00 Packaging warehouse interface : .
juin 28, 2017 10:57:07 AM gui.warehouse_dispatch.WAREHOUSE_DISPATCH_UI0003_PasswordRequest connect
INFOS: User OUSSAMA EZZIOURI / ezou1001 connected to host WSMA7040 at 2017-06-28 10:57:07 Dispatch interface : .
juin 28, 2017 10:59:41 AM helper.Helper InitDailyDestPrintDir
INFOS: Print directory [.\print\2017_06_28] already exist!
Print sub directory [.\print\2017_06_28.\open_sheet] already exist!
Print sub directory [.\print\2017_06_28.\closing_sheet] already exist!
Print sub directory [.\print\2017_06_28.\picking_label] already exist!
Print sub directory [.\print\2017_06_28.\dispatch_label] already exist!

juin 28, 2017 10:59:52 AM gui.warehouse_dispatch.WAREHOUSE_DISPATCH_UI0003_PasswordRequest connect
INFOS: User OUSSAMA EZZIOURI / ezou1001 connected to host WSMA7040 at 2017-06-28 10:59:52 Dispatch interface : .
juin 28, 2017 11:00:13 AM gui.packaging.PACKAGING_UI0001_Main loadBarcodeConfig
INFOS: FROM ConfigBarcode cb WHERE cb.keyWord = :keyWord ORDER BY id ASC
juin 28, 2017 11:00:13 AM entity.ConfigProject select
INFOS: FROM ConfigProject bp ORDER BY harnessType ASC
juin 28, 2017 11:00:13 AM entity.ConfigProject select
INFOS: FROM ConfigProject bp ORDER BY harnessType ASC
juin 28, 2017 11:00:15 AM entity.ConfigSegment select
INFOS: FROM ConfigSegment bp ORDER BY segment ASC
juin 28, 2017 11:00:16 AM entity.ConfigSegment select
INFOS: FROM ConfigSegment bp ORDER BY segment ASC
juin 28, 2017 11:00:16 AM entity.ConfigWorkplace select
INFOS: FROM ConfigWorkplace bp ORDER BY workplace ASC
juin 28, 2017 11:02:02 AM entity.ConfigSegment select
INFOS: FROM ConfigSegment bp ORDER BY segment ASC
juin 28, 2017 11:02:06 AM entity.ConfigSegment select
INFOS: FROM ConfigSegment bp ORDER BY segment ASC
juin 28, 2017 11:02:06 AM entity.ConfigWorkplace select
INFOS: FROM ConfigWorkplace bp ORDER BY workplace ASC
juin 28, 2017 11:10:10 AM helper.Helper InitDailyDestPrintDir
INFOS: Print directory [.\print\2017_06_28] already exist!
Print sub directory [.\print\2017_06_28.\open_sheet] already exist!
Print sub directory [.\print\2017_06_28.\closing_sheet] already exist!
Print sub directory [.\print\2017_06_28.\picking_label] already exist!
Print sub directory [.\print\2017_06_28.\dispatch_label] already exist!

juin 28, 2017 11:10:23 AM entity.ConfigSegment select
INFOS: FROM ConfigSegment bp ORDER BY segment ASC
juin 28, 2017 11:10:25 AM entity.ConfigSegment select
INFOS: FROM ConfigSegment bp ORDER BY segment ASC
juin 28, 2017 11:10:25 AM entity.ConfigWorkplace select
INFOS: FROM ConfigWorkplace bp ORDER BY workplace ASC
juin 28, 2017 11:10:57 AM entity.ConfigSegment select
INFOS: FROM ConfigSegment bp ORDER BY segment ASC
juin 28, 2017 11:10:57 AM entity.ConfigWorkplace select
INFOS: FROM ConfigWorkplace bp ORDER BY workplace ASC
juin 28, 2017 11:10:57 AM entity.ConfigSegment select
INFOS: FROM ConfigSegment bp ORDER BY segment ASC
juin 28, 2017 11:10:57 AM entity.ConfigWorkplace select
INFOS: FROM ConfigWorkplace bp ORDER BY workplace ASC
juin 28, 2017 11:10:58 AM entity.ConfigSegment select
INFOS: FROM ConfigSegment bp ORDER BY segment ASC
juin 28, 2017 11:10:58 AM entity.ConfigWorkplace select
INFOS: FROM ConfigWorkplace bp ORDER BY workplace ASC
juin 28, 2017 11:11:00 AM entity.ConfigSegment select
INFOS: FROM ConfigSegment bp ORDER BY segment ASC
juin 28, 2017 11:11:00 AM entity.ConfigWorkplace select
INFOS: FROM ConfigWorkplace bp ORDER BY workplace ASC
juin 28, 2017 11:11:00 AM entity.ConfigSegment select
INFOS: FROM ConfigSegment bp ORDER BY segment ASC
juin 28, 2017 11:11:00 AM entity.ConfigWorkplace select
INFOS: FROM ConfigWorkplace bp ORDER BY workplace ASC
juin 28, 2017 11:11:00 AM entity.ConfigSegment select
INFOS: FROM ConfigSegment bp ORDER BY segment ASC
juin 28, 2017 11:11:00 AM entity.ConfigWorkplace select
INFOS: FROM ConfigWorkplace bp ORDER BY workplace ASC
juin 28, 2017 11:11:04 AM entity.ConfigSegment select
INFOS: FROM ConfigSegment bp ORDER BY segment ASC
juin 28, 2017 11:11:04 AM entity.ConfigWorkplace select
INFOS: FROM ConfigWorkplace bp ORDER BY workplace ASC
juin 28, 2017 11:11:27 AM entity.ConfigSegment select
INFOS: FROM ConfigSegment bp ORDER BY segment ASC
juin 28, 2017 11:11:27 AM entity.ConfigWorkplace select
INFOS: FROM ConfigWorkplace bp ORDER BY workplace ASC
juin 28, 2017 11:11:28 AM entity.ConfigSegment select
INFOS: FROM ConfigSegment bp ORDER BY segment ASC
juin 28, 2017 11:11:28 AM entity.ConfigWorkplace select
INFOS: FROM ConfigWorkplace bp ORDER BY workplace ASC
juin 28, 2017 11:11:28 AM entity.ConfigSegment select
INFOS: FROM ConfigSegment bp ORDER BY segment ASC
juin 28, 2017 11:11:28 AM entity.ConfigWorkplace select
INFOS: FROM ConfigWorkplace bp ORDER BY workplace ASC
juin 28, 2017 11:11:29 AM entity.ConfigSegment select
INFOS: FROM ConfigSegment bp ORDER BY segment ASC
juin 28, 2017 11:11:29 AM entity.ConfigWorkplace select
INFOS: FROM ConfigWorkplace bp ORDER BY workplace ASC
juin 28, 2017 11:15:40 AM helper.Helper InitDailyDestPrintDir
INFOS: Print directory [.\print\2017_06_28] already exist!
Print sub directory [.\print\2017_06_28.\open_sheet] already exist!
Print sub directory [.\print\2017_06_28.\closing_sheet] already exist!
Print sub directory [.\print\2017_06_28.\picking_label] already exist!
Print sub directory [.\print\2017_06_28.\dispatch_label] already exist!

juin 28, 2017 11:15:47 AM gui.config.CONFIG_UI0000_AdminPassword checkLoginAndPass
INFOS: User OUSSAMA EZZIOURI / ezou1001 connected to host WSMA7040 at 2017-06-28 11:15:47 Module : Planner.
juin 28, 2017 11:15:47 AM entity.ConfigSegment select
INFOS: FROM ConfigSegment bp ORDER BY segment ASC
juin 28, 2017 11:15:47 AM entity.ConfigWorkplace selectBySegment
INFOS: FROM ConfigWorkplace bp WHERE segment = :segment ORDER BY workplace ASC
juin 28, 2017 11:15:47 AM entity.ConfigProject select
INFOS: FROM ConfigProject bp ORDER BY harnessType ASC
juin 28, 2017 11:58:34 AM helper.Helper InitDailyDestPrintDir
INFOS: Print directory [.\print\2017_06_28] already exist!
Print sub directory [.\print\2017_06_28.\open_sheet] already exist!
Print sub directory [.\print\2017_06_28.\closing_sheet] already exist!
Print sub directory [.\print\2017_06_28.\picking_label] already exist!
Print sub directory [.\print\2017_06_28.\dispatch_label] already exist!

juin 28, 2017 11:58:50 AM gui.packaging.PACKAGING_UI0001_Main loadBarcodeConfig
INFOS: FROM ConfigBarcode cb WHERE cb.keyWord = :keyWord ORDER BY id ASC
juin 28, 2017 11:58:50 AM entity.ConfigProject select
INFOS: FROM ConfigProject bp ORDER BY harnessType ASC
juin 28, 2017 11:58:50 AM entity.ConfigProject select
INFOS: FROM ConfigProject bp ORDER BY harnessType ASC
juin 28, 2017 11:58:55 AM entity.ConfigSegment select
INFOS: FROM ConfigSegment bp ORDER BY segment ASC
juin 28, 2017 11:59:04 AM state.S010_UserCodeScan doAction
INFOS: Invalid matricule number or account locked !
juin 28, 2017 11:59:12 AM gui.packaging.PACKAGING_UI0002_PasswordRequest connect
INFOS: User OUSSAMA EZZIOURI / ezou1001 connected to host WSMA7040 at 2017-06-28 11:59:12 Project : ENGINE.
juin 28, 2017 11:59:19 AM entity.ConfigUcs isHarnessPartExist
INFOS: Searching Harness part [22644500] in ConfigUCS: ENGINE
juin 28, 2017 11:59:19 AM entity.ConfigUcs isHarnessPartExist
INFOS: Harness part [22644500] found for project [ENGINE].
juin 28, 2017 11:59:19 AM state.S020_HarnessPartScan doAction
INFOS: Harness Part scanned [P22644500] OK.
juin 28, 2017 11:59:25 AM entity.BaseHarness checkCounterFormat
INFOS: Invalid Counter scanned format [P226445002222222000000]!
juin 28, 2017 11:59:33 AM entity.BaseHarness isCounterExist
INFOS: Searching Harness counter [P2264450022331122222016] in BaseHarness.
juin 28, 2017 11:59:33 AM entity.BaseHarness isCounterExist
INFOS: FROM BaseHarness bh WHERE bh.counter = :counter
juin 28, 2017 11:59:33 AM state.S030_MatrixIdScan doAction
INFOS: Valid Harness Counter scanned [P2264450022331122222016] OK.
juin 28, 2017 11:59:45 AM entity.BaseEngineLabel isLabelCodeExist
INFOS: Searching Engine Label code [1234567897] in BaseEngineLabel.
juin 28, 2017 11:59:45 AM entity.BaseEngineLabel isLabelCodeExist
INFOS: FROM BaseEngineLabel bel WHERE bel.labelCode = :labelCode
juin 28, 2017 11:59:45 AM entity.BaseEngineLabel isLabelCodeExist
INFOS: New label engine [1234567897]
juin 28, 2017 11:59:45 AM state.S031_PlasticBagScan doAction
INFOS: First Valid Engine Label scanned [1234567897] OK.
juin 28, 2017 11:59:48 AM entity.BaseEngineLabel isLabelCodeExist
INFOS: Searching Engine Label code [1324567898] in BaseEngineLabel.
juin 28, 2017 11:59:48 AM entity.BaseEngineLabel isLabelCodeExist
INFOS: FROM BaseEngineLabel bel WHERE bel.labelCode = :labelCode
juin 28, 2017 11:59:48 AM entity.BaseEngineLabel isLabelCodeExist
INFOS: New label engine [1324567898]
juin 28, 2017 11:59:48 AM state.S031_PlasticBagScan doAction
INFOS: First Valid Engine Label scanned [1324567898] OK.
juin 28, 2017 11:59:50 AM entity.BaseEngineLabel isLabelCodeExist
INFOS: Searching Engine Label code [1234567899] in BaseEngineLabel.
juin 28, 2017 11:59:50 AM entity.BaseEngineLabel isLabelCodeExist
INFOS: FROM BaseEngineLabel bel WHERE bel.labelCode = :labelCode
juin 28, 2017 11:59:50 AM entity.BaseEngineLabel isLabelCodeExist
INFOS: New label engine [1234567899]
juin 28, 2017 11:59:50 AM state.S031_PlasticBagScan doAction
INFOS: First Valid Engine Label scanned [1234567899] OK.
juin 28, 2017 12:00:08 PM entity.BaseEngineLabel checkLabelFormat
INFOS: Invalid Counter scanned format [234567891]!
juin 28, 2017 12:00:16 PM entity.BaseEngineLabel checkLabelFormat
INFOS: Invalid Counter scanned format [132345678]!
juin 28, 2017 12:00:21 PM entity.BaseEngineLabel isLabelCodeExist
INFOS: Searching Engine Label code [1234567901] in BaseEngineLabel.
juin 28, 2017 12:00:21 PM entity.BaseEngineLabel isLabelCodeExist
INFOS: FROM BaseEngineLabel bel WHERE bel.labelCode = :labelCode
juin 28, 2017 12:00:21 PM entity.BaseEngineLabel isLabelCodeExist
INFOS: New label engine [1234567901]
juin 28, 2017 12:00:25 PM state.S040_PalletChoice doAction
INFOS: Is it a new pallet ?
juin 28, 2017 12:00:25 PM state.S040_PalletChoice doAction
INFOS:  [Yes]
juin 28, 2017 12:00:27 PM helper.Helper InitDailyDestPrintDir
INFOS: nullPrint directory [.\print\2017_06_28] already exist!
Print sub directory [.\print\2017_06_28.\open_sheet] already exist!
Print sub directory [.\print\2017_06_28.\closing_sheet] already exist!
Print sub directory [.\print\2017_06_28.\picking_label] already exist!
Print sub directory [.\print\2017_06_28.\dispatch_label] already exist!

juin 28, 2017 12:00:28 PM helper.PrinterHelper saveAndPrintOpenSheet
INFOS: Set Pallet [200027665] state to [IN_PROCESS]
juin 28, 2017 12:00:28 PM print.PrintOpenPallet_A5 sentToDefaultDesktopPrinter
INFOS: Sending [.\print\2017_06_28\open_sheet\PrintOpenPallet_A5_2017_06_28_12_00_27_22644500_200027665.pdf] to the default printer...
juin 28, 2017 12:00:29 PM print.PrintOpenPallet_A5 sentToDefaultDesktopPrinter
INFOS: File [.\print\2017_06_28\open_sheet\PrintOpenPallet_A5_2017_06_28_12_00_27_22644500_200027665.pdf] has been printed.
juin 28, 2017 12:00:29 PM helper.PrinterHelper saveAndPrintOpenSheet
INFOS: Set Pallet [200027665] state to [PRINTED]
juin 28, 2017 12:00:29 PM gui.packaging.PACKAGING_UI9000_ChoosePackType loadConfigUcs
INFOS: Openning new container for first harness part [22644500].
juin 28, 2017 12:00:42 PM state.S041_NewPalletScan doAction
INFOS: Scanned Pallet number [200027665] OK.
juin 28, 2017 12:00:42 PM state.S041_NewPalletScan doAction
INFOS: BaseContainer created BaseContainer{id=27388, createTime=Wed Jun 28 12:00:42 GMT 2017, writeTime=Wed Jun 28 12:00:42 GMT 2017, createId=4, writeId=4, user=ezou1001, createUser=OUSSAMA EZZIOURI, startTime=Wed Jun 28 12:00:42 GMT 2017, closedTime=null, workTime=null, palletNumber=200027665, harnessPart=22644500, harnessIndex=P02, supplierPartNumber=26C39532A, qtyExpected=2, qtyRead=1, containerState=OPEN, containerStateCode=1000, packType=1HV, harnessType=ENGINE, stdTime=1.911, workstation=WSMA7040, harnessList=[]} 
juin 28, 2017 12:01:02 PM entity.ConfigUcs isHarnessPartExist
INFOS: Searching Harness part [22644500] in ConfigUCS: ENGINE
juin 28, 2017 12:01:02 PM entity.ConfigUcs isHarnessPartExist
INFOS: Harness part [22644500] found for project [ENGINE].
juin 28, 2017 12:01:02 PM state.S020_HarnessPartScan doAction
INFOS: Harness Part scanned [P22644500] OK.
juin 28, 2017 12:01:21 PM entity.BaseHarness isCounterExist
INFOS: Searching Harness counter [P2264450022112222000000] in BaseHarness.
juin 28, 2017 12:01:21 PM entity.BaseHarness isCounterExist
INFOS: FROM BaseHarness bh WHERE bh.counter = :counter
juin 28, 2017 12:01:21 PM state.S030_MatrixIdScan doAction
INFOS: Valid Harness Counter scanned [P2264450022112222000000] OK.
juin 28, 2017 12:01:36 PM entity.BaseEngineLabel checkLabelFormat
INFOS: Invalid Counter scanned format [123456792]!
juin 28, 2017 12:01:45 PM entity.BaseEngineLabel isLabelCodeExist
INFOS: Searching Engine Label code [1234567899] in BaseEngineLabel.
juin 28, 2017 12:01:45 PM entity.BaseEngineLabel isLabelCodeExist
INFOS: FROM BaseEngineLabel bel WHERE bel.labelCode = :labelCode
juin 28, 2017 12:01:45 PM entity.BaseEngineLabel isLabelCodeExist
INFOS: New label engine [1234567899]
juin 28, 2017 12:01:45 PM state.S031_PlasticBagScan doAction
INFOS: First Valid Engine Label scanned [1234567899] OK.
juin 28, 2017 12:01:53 PM entity.BaseEngineLabel isLabelCodeExist
INFOS: Searching Engine Label code [1234567991] in BaseEngineLabel.
juin 28, 2017 12:01:53 PM entity.BaseEngineLabel isLabelCodeExist
INFOS: FROM BaseEngineLabel bel WHERE bel.labelCode = :labelCode
juin 28, 2017 12:01:53 PM entity.BaseEngineLabel isLabelCodeExist
INFOS: New label engine [1234567991]
juin 28, 2017 12:01:53 PM state.S031_PlasticBagScan doAction
INFOS: First Valid Engine Label scanned [1234567991] OK.
juin 28, 2017 12:01:57 PM entity.BaseEngineLabel isLabelCodeExist
INFOS: Searching Engine Label code [1234567992] in BaseEngineLabel.
juin 28, 2017 12:01:57 PM entity.BaseEngineLabel isLabelCodeExist
INFOS: FROM BaseEngineLabel bel WHERE bel.labelCode = :labelCode
juin 28, 2017 12:01:57 PM entity.BaseEngineLabel isLabelCodeExist
INFOS: New label engine [1234567992]
juin 28, 2017 12:01:57 PM state.S031_PlasticBagScan doAction
INFOS: First Valid Engine Label scanned [1234567992] OK.
juin 28, 2017 12:02:05 PM entity.BaseEngineLabel isLabelCodeExist
INFOS: Searching Engine Label code [12345678903] in BaseEngineLabel.
juin 28, 2017 12:02:05 PM entity.BaseEngineLabel isLabelCodeExist
INFOS: FROM BaseEngineLabel bel WHERE bel.labelCode = :labelCode
juin 28, 2017 12:02:05 PM entity.BaseEngineLabel isLabelCodeExist
INFOS: New label engine [12345678903]
juin 28, 2017 12:02:12 PM state.S040_PalletChoice doAction
INFOS: Is it a new pallet ?
juin 28, 2017 12:02:12 PM state.S040_PalletChoice doAction
INFOS:  [No]
juin 28, 2017 12:02:12 PM state.S040_PalletChoice doAction
INFOS: Pallet values 
juin 28, 2017 12:02:12 PM state.S040_PalletChoice doAction
INFOS: State           :   [true]
juin 28, 2017 12:02:12 PM state.S040_PalletChoice doAction
INFOS: Qty Expected    :   [2]
juin 28, 2017 12:02:12 PM state.S040_PalletChoice doAction
INFOS: Qty Read        :   [1]
juin 28, 2017 12:02:12 PM state.S040_PalletChoice doAction
INFOS: Std Time        :   [1.911]
juin 28, 2017 12:02:12 PM state.S040_PalletChoice doAction
INFOS: Harness Part [22644500] = Context Harness Part [22644500]
juin 28, 2017 12:02:12 PM state.S040_PalletChoice doAction
INFOS: Harness Type [ENGINE] = Context Harness Type [ENGINE]
juin 28, 2017 12:02:12 PM state.S040_PalletChoice doAction
INFOS: Quantité terminée BaseContainer{id=27388, createTime=2017-06-28 12:00:42.0, writeTime=Wed Jun 28 12:02:12 GMT 2017, createId=4, writeId=4, user=ezou1001, createUser=OUSSAMA EZZIOURI, startTime=2017-06-28 12:00:42.0, closedTime=null, workTime=null, palletNumber=200027665, harnessPart=22644500, harnessIndex=P02, supplierPartNumber=26C39532A, qtyExpected=2, qtyRead=1, containerState=OPEN, containerStateCode=1000, packType=1HV, harnessType=ENGINE, stdTime=1.911, workstation=WSMA7040, harnessList=[entity.BaseHarness@69c54bfb, entity.BaseHarness@7e42a983]}
juin 28, 2017 12:02:12 PM helper.Helper InitDailyDestPrintDir
INFOS: nullPrint directory [.\print\2017_06_28] already exist!
Print sub directory [.\print\2017_06_28.\open_sheet] already exist!
Print sub directory [.\print\2017_06_28.\closing_sheet] already exist!
Print sub directory [.\print\2017_06_28.\picking_label] already exist!
Print sub directory [.\print\2017_06_28.\dispatch_label] already exist!

juin 28, 2017 12:02:13 PM helper.PrinterHelper saveAndPrintClosingSheet
INFOS: Set Closing Pallet item [27047] state to [IN_PROCESS]
juin 28, 2017 12:02:13 PM print.PrintClosingPallet_A5 sentToDefaultDesktopPrinter
INFOS: Sending [.\print\2017_06_28\closing_sheet\PrintClosingPallet_A5_22644500_2017_06_28_12_02_12.pdf] to the default printer...
juin 28, 2017 12:02:13 PM print.PrintClosingPallet_A5 sentToDefaultDesktopPrinter
INFOS: File [%s] has been printed.
juin 28, 2017 12:02:13 PM helper.PrinterHelper saveAndPrintClosingSheet
INFOS: Set Closing Pallet [27047] state to [PRINTED]
juin 28, 2017 12:02:26 PM entity.ConfigSegment select
INFOS: FROM ConfigSegment bp ORDER BY segment ASC
juin 28, 2017 12:02:28 PM entity.ConfigSegment select
INFOS: FROM ConfigSegment bp ORDER BY segment ASC
juin 28, 2017 12:02:28 PM entity.ConfigWorkplace select
INFOS: FROM ConfigWorkplace bp ORDER BY workplace ASC
juin 28, 2017 12:02:30 PM entity.ConfigSegment select
INFOS: FROM ConfigSegment bp ORDER BY segment ASC
juin 28, 2017 12:02:30 PM entity.ConfigWorkplace select
INFOS: FROM ConfigWorkplace bp ORDER BY workplace ASC
juin 28, 2017 12:02:32 PM entity.ConfigSegment select
INFOS: FROM ConfigSegment bp ORDER BY segment ASC
juin 28, 2017 12:02:32 PM entity.ConfigWorkplace select
INFOS: FROM ConfigWorkplace bp ORDER BY workplace ASC
juin 28, 2017 12:02:39 PM entity.ConfigSegment select
INFOS: FROM ConfigSegment bp ORDER BY segment ASC
juin 28, 2017 12:02:39 PM entity.ConfigWorkplace select
INFOS: FROM ConfigWorkplace bp ORDER BY workplace ASC
juin 28, 2017 12:02:39 PM entity.ConfigSegment select
INFOS: FROM ConfigSegment bp ORDER BY segment ASC
juin 28, 2017 12:02:39 PM entity.ConfigWorkplace select
INFOS: FROM ConfigWorkplace bp ORDER BY workplace ASC
juin 28, 2017 12:02:39 PM entity.ConfigSegment select
INFOS: FROM ConfigSegment bp ORDER BY segment ASC
juin 28, 2017 12:02:39 PM entity.ConfigWorkplace select
INFOS: FROM ConfigWorkplace bp ORDER BY workplace ASC
juin 28, 2017 12:03:01 PM entity.ConfigSegment select
INFOS: FROM ConfigSegment bp ORDER BY segment ASC
juin 28, 2017 12:03:01 PM entity.ConfigWorkplace select
INFOS: FROM ConfigWorkplace bp ORDER BY workplace ASC
juin 28, 2017 12:03:20 PM entity.BaseContainer checkContainerByState
INFOS: Searching Container [200027665] in BaseContainer.
juin 28, 2017 12:03:20 PM entity.BaseContainer checkContainerByState
INFOS: FROM BaseContainer bc WHERE bc.palletNumber = :palletNumber AND bc.containerState = :state
juin 28, 2017 12:03:25 PM entity.ConfigSegment select
INFOS: FROM ConfigSegment bp ORDER BY segment ASC
juin 28, 2017 12:03:25 PM entity.ConfigWorkplace select
INFOS: FROM ConfigWorkplace bp ORDER BY workplace ASC
juin 28, 2017 12:03:26 PM entity.ConfigSegment select
INFOS: FROM ConfigSegment bp ORDER BY segment ASC
juin 28, 2017 12:03:26 PM entity.ConfigWorkplace select
INFOS: FROM ConfigWorkplace bp ORDER BY workplace ASC
juin 28, 2017 12:03:26 PM entity.ConfigSegment select
INFOS: FROM ConfigSegment bp ORDER BY segment ASC
juin 28, 2017 12:03:26 PM entity.ConfigWorkplace select
INFOS: FROM ConfigWorkplace bp ORDER BY workplace ASC
juin 28, 2017 12:03:27 PM entity.ConfigSegment select
INFOS: FROM ConfigSegment bp ORDER BY segment ASC
juin 28, 2017 12:03:27 PM entity.ConfigWorkplace select
INFOS: FROM ConfigWorkplace bp ORDER BY workplace ASC
juin 28, 2017 12:04:04 PM gui.warehouse_dispatch.WAREHOUSE_DISPATCH_UI0003_PasswordRequest connect
INFOS: User OUSSAMA EZZIOURI / ezou1001 connected to host WSMA7040 at 2017-06-28 12:04:04 Dispatch interface : .
juin 28, 2017 12:17:14 PM entity.ConfigSegment select
INFOS: FROM ConfigSegment bp ORDER BY segment ASC
juin 28, 2017 12:17:14 PM entity.ConfigWorkplace select
INFOS: FROM ConfigWorkplace bp ORDER BY workplace ASC
juin 28, 2017 12:17:15 PM entity.ConfigSegment select
INFOS: FROM ConfigSegment bp ORDER BY segment ASC
juin 28, 2017 12:17:15 PM entity.ConfigWorkplace select
INFOS: FROM ConfigWorkplace bp ORDER BY workplace ASC
juin 28, 2017 12:17:15 PM entity.ConfigSegment select
INFOS: FROM ConfigSegment bp ORDER BY segment ASC
juin 28, 2017 12:17:15 PM entity.ConfigWorkplace select
INFOS: FROM ConfigWorkplace bp ORDER BY workplace ASC
juin 28, 2017 12:17:15 PM entity.ConfigSegment select
INFOS: FROM ConfigSegment bp ORDER BY segment ASC
juin 28, 2017 12:17:15 PM entity.ConfigWorkplace select
INFOS: FROM ConfigWorkplace bp ORDER BY workplace ASC
juin 28, 2017 12:17:45 PM entity.ConfigSegment select
INFOS: FROM ConfigSegment bp ORDER BY segment ASC
juin 28, 2017 12:17:45 PM entity.ConfigWorkplace select
INFOS: FROM ConfigWorkplace bp ORDER BY workplace ASC
juin 28, 2017 12:17:45 PM entity.ConfigSegment select
INFOS: FROM ConfigSegment bp ORDER BY segment ASC
juin 28, 2017 12:17:45 PM entity.ConfigWorkplace select
INFOS: FROM ConfigWorkplace bp ORDER BY workplace ASC
juin 28, 2017 12:17:45 PM entity.ConfigSegment select
INFOS: FROM ConfigSegment bp ORDER BY segment ASC
juin 28, 2017 12:17:45 PM entity.ConfigWorkplace select
INFOS: FROM ConfigWorkplace bp ORDER BY workplace ASC
juin 28, 2017 12:17:49 PM entity.ConfigSegment select
INFOS: FROM ConfigSegment bp ORDER BY segment ASC
juin 28, 2017 12:17:49 PM entity.ConfigSegment select
INFOS: FROM ConfigSegment bp ORDER BY segment ASC
juin 28, 2017 12:17:49 PM entity.ConfigWorkplace select
INFOS: FROM ConfigWorkplace bp ORDER BY workplace ASC
juin 28, 2017 12:17:50 PM entity.ConfigSegment select
INFOS: FROM ConfigSegment bp ORDER BY segment ASC
juin 28, 2017 12:17:50 PM entity.ConfigWorkplace select
INFOS: FROM ConfigWorkplace bp ORDER BY workplace ASC
juin 28, 2017 12:17:50 PM entity.ConfigSegment select
INFOS: FROM ConfigSegment bp ORDER BY segment ASC
juin 28, 2017 12:17:50 PM entity.ConfigWorkplace select
INFOS: FROM ConfigWorkplace bp ORDER BY workplace ASC
juin 28, 2017 1:39:46 PM helper.Helper InitDailyDestPrintDir
INFOS: Print directory [.\print\2017_06_28] already exist!
Print sub directory [.\print\2017_06_28.\open_sheet] already exist!
Print sub directory [.\print\2017_06_28.\closing_sheet] already exist!
Print sub directory [.\print\2017_06_28.\picking_label] already exist!
Print sub directory [.\print\2017_06_28.\dispatch_label] already exist!

juin 28, 2017 2:08:46 PM helper.Helper InitDailyDestPrintDir
INFOS: Print directory [.\print\2017_06_28] already exist!
Print sub directory [.\print\2017_06_28.\open_sheet] already exist!
Print sub directory [.\print\2017_06_28.\closing_sheet] already exist!
Print sub directory [.\print\2017_06_28.\picking_label] already exist!
Print sub directory [.\print\2017_06_28.\dispatch_label] already exist!

juin 28, 2017 2:08:52 PM entity.ConfigSegment select
INFOS: FROM ConfigSegment bp ORDER BY segment ASC
juin 28, 2017 2:08:54 PM entity.ConfigSegment select
INFOS: FROM ConfigSegment bp ORDER BY segment ASC
juin 28, 2017 2:08:54 PM entity.ConfigWorkplace select
INFOS: FROM ConfigWorkplace bp ORDER BY workplace ASC
juin 28, 2017 2:08:54 PM entity.ConfigSegment select
INFOS: FROM ConfigSegment bp ORDER BY segment ASC
juin 28, 2017 2:08:54 PM entity.ConfigWorkplace select
INFOS: FROM ConfigWorkplace bp ORDER BY workplace ASC
juin 28, 2017 2:08:55 PM entity.ConfigSegment select
INFOS: FROM ConfigSegment bp ORDER BY segment ASC
juin 28, 2017 2:08:55 PM entity.ConfigWorkplace select
INFOS: FROM ConfigWorkplace bp ORDER BY workplace ASC
juin 28, 2017 2:10:14 PM entity.ConfigSegment select
INFOS: FROM ConfigSegment bp ORDER BY segment ASC
juin 28, 2017 2:10:14 PM entity.ConfigWorkplace select
INFOS: FROM ConfigWorkplace bp ORDER BY workplace ASC
