avr. 16, 2017 11:57:22 AM helper.Helper InitDailyDestPrintDir
INFOS: Print directory [.\print\2017_04_16] is created!
Print sub directory [.\print\2017_04_16.\open_sheet] is created!
Print sub directory [.\print\2017_04_16.\closing_sheet] is created!
Print sub directory [.\print\2017_04_16.\picking_label] is created!
Print sub directory [.\print\2017_04_16.\dispatch_label] is created!

avr. 16, 2017 12:17:12 PM helper.Helper InitDailyDestPrintDir
INFOS: Print directory [.\print\2017_04_16] already exist!
Print sub directory [.\print\2017_04_16.\open_sheet] already exist!
Print sub directory [.\print\2017_04_16.\closing_sheet] already exist!
Print sub directory [.\print\2017_04_16.\picking_label] already exist!
Print sub directory [.\print\2017_04_16.\dispatch_label] already exist!

avr. 16, 2017 3:40:03 PM helper.Helper InitDailyDestPrintDir
INFOS: Print directory [.\print\2017_04_16] already exist!
Print sub directory [.\print\2017_04_16.\open_sheet] already exist!
Print sub directory [.\print\2017_04_16.\closing_sheet] already exist!
Print sub directory [.\print\2017_04_16.\picking_label] already exist!
Print sub directory [.\print\2017_04_16.\dispatch_label] already exist!

avr. 16, 2017 3:40:05 PM gui.packaging.PACKAGING_UI0001_Main loadBarcodeConfig
INFOS: FROM ConfigBarcode cb WHERE cb.keyWord = :keyWord ORDER BY id ASC
avr. 16, 2017 3:40:05 PM entity.ConfigProject select
INFOS: FROM ConfigProject bp ORDER BY harnessType ASC
avr. 16, 2017 3:40:06 PM entity.ConfigProject select
INFOS: FROM ConfigProject bp ORDER BY harnessType ASC
avr. 16, 2017 3:40:23 PM entity.ConfigSegment select
INFOS: FROM ConfigSegment bp ORDER BY segment ASC
avr. 16, 2017 3:40:25 PM entity.ConfigSegment select
INFOS: FROM ConfigSegment bp ORDER BY segment ASC
avr. 16, 2017 3:40:25 PM entity.ConfigWorkplace select
INFOS: FROM ConfigWorkplace bp ORDER BY workplace ASC
avr. 16, 2017 3:40:31 PM entity.ConfigSegment select
INFOS: FROM ConfigSegment bp ORDER BY segment ASC
avr. 16, 2017 3:40:31 PM entity.ConfigWorkplace select
INFOS: FROM ConfigWorkplace bp ORDER BY workplace ASC
avr. 16, 2017 3:40:39 PM entity.ConfigSegment select
INFOS: FROM ConfigSegment bp ORDER BY segment ASC
avr. 16, 2017 3:40:39 PM entity.ConfigWorkplace select
INFOS: FROM ConfigWorkplace bp ORDER BY workplace ASC
avr. 16, 2017 3:40:39 PM entity.ConfigSegment select
INFOS: FROM ConfigSegment bp ORDER BY segment ASC
avr. 16, 2017 3:40:39 PM entity.ConfigWorkplace select
INFOS: FROM ConfigWorkplace bp ORDER BY workplace ASC
avr. 16, 2017 3:41:07 PM entity.BaseContainer checkContainerByState
INFOS: Searching Container [200020877] in BaseContainer.
avr. 16, 2017 3:41:07 PM entity.BaseContainer checkContainerByState
INFOS: FROM BaseContainer bc WHERE bc.palletNumber = :palletNumber AND bc.containerState = :state
avr. 16, 2017 3:44:16 PM entity.ConfigSegment select
INFOS: FROM ConfigSegment bp ORDER BY segment ASC
avr. 16, 2017 3:44:19 PM entity.ConfigSegment select
INFOS: FROM ConfigSegment bp ORDER BY segment ASC
avr. 16, 2017 3:44:19 PM entity.ConfigWorkplace select
INFOS: FROM ConfigWorkplace bp ORDER BY workplace ASC
avr. 16, 2017 3:44:19 PM entity.ConfigSegment select
INFOS: FROM ConfigSegment bp ORDER BY segment ASC
avr. 16, 2017 3:44:19 PM entity.ConfigWorkplace select
INFOS: FROM ConfigWorkplace bp ORDER BY workplace ASC
avr. 16, 2017 3:44:23 PM entity.ConfigSegment select
INFOS: FROM ConfigSegment bp ORDER BY segment ASC
avr. 16, 2017 3:44:23 PM entity.ConfigWorkplace select
INFOS: FROM ConfigWorkplace bp ORDER BY workplace ASC
