sept. 13, 2017 3:29:47 PM helper.Helper InitDailyDestPrintDir
INFOS: Print directory [.\print\2017_09_13] is created!
Print sub directory [.\print\2017_09_13.\open_sheet] is created!
Print sub directory [.\print\2017_09_13.\closing_sheet] is created!
Print sub directory [.\print\2017_09_13.\picking_label] is created!
Print sub directory [.\print\2017_09_13.\dispatch_label] is created!

sept. 13, 2017 3:29:57 PM gui.packaging_warehouse.PACKAGING_WAREHOUSE_UI0001_PasswordRequest connect
INFOS: User OUSSAMA EZZIOURI / ezou1001 connected to host WSMA7040 at 2017-09-13 15:29:57 Packaging warehouse interface : .
sept. 13, 2017 3:30:44 PM entity.ConfigProject select
INFOS: FROM ConfigProject bp ORDER BY harnessType ASC
sept. 13, 2017 3:30:45 PM entity.ConfigProject select
INFOS: FROM ConfigProject bp ORDER BY harnessType ASC
sept. 13, 2017 3:30:51 PM gui.packaging.state.S010_UserCodeScan doAction
INFOS: Invalid matricule number or account locked !
sept. 13, 2017 3:30:53 PM gui.packaging.PACKAGING_UI0002_PasswordRequest connect
INFOS: User OUSSAMA EZZIOURI / ezou1001 connected to host WSMA7040 at 2017-09-13 15:30:53 Project : DUCATI.
sept. 13, 2017 3:30:53 PM gui.packaging.PACKAGING_UI0002_PasswordRequest loadDotMatrixCodePatterns
INFOS: FROM ConfigBarcode cb WHERE cb.keyWord = :keyWord AND cb.customer = :customer ORDER BY id ASC
sept. 13, 2017 3:30:53 PM gui.packaging.PACKAGING_UI0002_PasswordRequest loadPartNumberCodePatterns
INFOS: FROM ConfigBarcode cb WHERE cb.keyWord = :keyWord AND cb.customer = :customer ORDER BY id ASC
sept. 13, 2017 3:31:13 PM entity.BaseHarness checkPartNumberFormat
INFOS: Invalid part number format [P5101C371B;18.07.2017;00:00:00]!
sept. 13, 2017 3:31:13 PM gui.packaging.state.S020_HarnessPartScan doAction
AVERTISSEMENT: Invalid Harness Part scanned [P5101C371B;18.07.2017;00:00:00] !
sept. 13, 2017 3:31:18 PM entity.ConfigUcs isHarnessPartExist
INFOS: Searching Harness part [5101C371B] in ConfigUCS: DUCATI
sept. 13, 2017 3:31:18 PM entity.ConfigUcs isHarnessPartExist
INFOS: Harness part [5101C371B] found for project [DUCATI].
sept. 13, 2017 3:31:18 PM gui.packaging.state.S020_HarnessPartScan doAction
INFOS: Harness Part scanned [P5101C371B] OK.
sept. 13, 2017 3:31:25 PM entity.BaseHarness isCounterExist
INFOS: Searching Harness counter [P5101C371B;18.07.2017;00:00:00] in BaseHarness.
sept. 13, 2017 3:31:25 PM entity.BaseHarness isCounterExist
INFOS: FROM BaseHarness bh WHERE bh.counter = :counter
sept. 13, 2017 3:31:26 PM gui.packaging.state.S030_MatrixIdScan doAction
INFOS: Valid Harness Counter scanned [P5101C371B;18.07.2017;00:00:00] OK.
sept. 13, 2017 3:31:32 PM gui.packaging.state.S040_PalletChoice doAction
INFOS: Is it a new pallet ?
sept. 13, 2017 3:31:32 PM gui.packaging.state.S040_PalletChoice doAction
INFOS:  [No]
sept. 13, 2017 3:31:32 PM gui.packaging.state.S040_PalletChoice doAction
INFOS: Pallet values 
sept. 13, 2017 3:31:32 PM gui.packaging.state.S040_PalletChoice doAction
INFOS: State           :   [true]
sept. 13, 2017 3:31:32 PM gui.packaging.state.S040_PalletChoice doAction
INFOS: Qty Expected    :   [100]
sept. 13, 2017 3:31:32 PM gui.packaging.state.S040_PalletChoice doAction
INFOS: Qty Read        :   [3]
sept. 13, 2017 3:31:32 PM gui.packaging.state.S040_PalletChoice doAction
INFOS: Std Time        :   [0.1]
sept. 13, 2017 3:31:32 PM gui.packaging.state.S040_PalletChoice doAction
INFOS: Harness Part [5101C371B] = Context Harness Part [5101C371B]
sept. 13, 2017 3:31:32 PM gui.packaging.state.S040_PalletChoice doAction
INFOS: Harness Type [DUCATI] = Context Harness Type [DUCATI]
sept. 13, 2017 3:32:21 PM gui.packaging.PACKAGING_UI9001_DropContainerConfirmation ok_btnActionPerformed
INFOS: Droping harness list...4
sept. 13, 2017 3:32:41 PM entity.ConfigUcs isHarnessPartExist
INFOS: Searching Harness part [5101C371B] in ConfigUCS: DUCATI
sept. 13, 2017 3:32:41 PM entity.ConfigUcs isHarnessPartExist
INFOS: Harness part [5101C371B] found for project [DUCATI].
sept. 13, 2017 3:32:41 PM gui.packaging.state.S020_HarnessPartScan doAction
INFOS: Harness Part scanned [P5101C371B] OK.
sept. 13, 2017 3:32:47 PM entity.BaseHarness isCounterExist
INFOS: Searching Harness counter [P5101C371B;18.07.2017;10:23:24] in BaseHarness.
sept. 13, 2017 3:32:47 PM entity.BaseHarness isCounterExist
INFOS: FROM BaseHarness bh WHERE bh.counter = :counter
sept. 13, 2017 3:32:47 PM gui.packaging.state.S030_MatrixIdScan doAction
INFOS: Valid Harness Counter scanned [P5101C371B;18.07.2017;10:23:24] OK.
sept. 13, 2017 3:32:50 PM gui.packaging.state.S040_PalletChoice doAction
INFOS: Is it a new pallet ?
sept. 13, 2017 3:32:50 PM gui.packaging.state.S040_PalletChoice doAction
INFOS:  [Yes]
sept. 13, 2017 3:32:55 PM helper.Helper InitDailyDestPrintDir
INFOS: nullPrint directory [.\print\2017_09_13] already exist!
Print sub directory [.\print\2017_09_13.\open_sheet] already exist!
Print sub directory [.\print\2017_09_13.\closing_sheet] already exist!
Print sub directory [.\print\2017_09_13.\picking_label] already exist!
Print sub directory [.\print\2017_09_13.\dispatch_label] already exist!

sept. 13, 2017 3:32:56 PM helper.PrinterHelper saveAndPrintOpenSheet
INFOS: Set Pallet [200027667] state to [IN_PROCESS]
sept. 13, 2017 3:32:56 PM print.PrintOpenPallet_A5 sentToDefaultDesktopPrinter
INFOS: Sending [.\print\2017_09_13\open_sheet\PrintOpenPallet_A5_2017_09_13_15_32_56_5101C371B_200027667.pdf] to the default printer...
sept. 13, 2017 3:32:56 PM print.PrintOpenPallet_A5 sentToDefaultDesktopPrinter
INFOS: File [.\print\2017_09_13\open_sheet\PrintOpenPallet_A5_2017_09_13_15_32_56_5101C371B_200027667.pdf] has been printed.
sept. 13, 2017 3:32:56 PM helper.PrinterHelper saveAndPrintOpenSheet
INFOS: Set Pallet [200027667] state to [PRINTED]
sept. 13, 2017 3:32:56 PM gui.packaging.PACKAGING_UI9000_ChoosePackType loadConfigUcs
INFOS: Openning new container for first harness part [5101C371B].
sept. 13, 2017 3:33:12 PM gui.packaging.state.S041_NewPalletScan doAction
INFOS: Scanned Pallet number [200027667] OK.
sept. 13, 2017 3:33:12 PM gui.packaging.state.S041_NewPalletScan doAction
INFOS: BaseContainer created BaseContainer{id=27390, createTime=Wed Sep 13 15:33:12 WEST 2017, writeTime=Wed Sep 13 15:33:12 WEST 2017, createId=4, writeId=4, user=ezou1001, createUser=OUSSAMA EZZIOURI, startTime=Wed Sep 13 15:33:12 WEST 2017, closedTime=null, workTime=null, palletNumber=200027667, harnessPart=5101C371B, harnessIndex=00, supplierPartNumber=26F139103, qtyExpected=100, qtyRead=1, containerState=OPEN, containerStateCode=1000, packType=C9, harnessType=DUCATI, stdTime=0.1, workstation=WSMA7040, harnessList=[]} 
sept. 13, 2017 3:34:37 PM entity.ConfigUcs isHarnessPartExist
INFOS: Searching Harness part [5101C371B] in ConfigUCS: DUCATI
sept. 13, 2017 3:34:37 PM entity.ConfigUcs isHarnessPartExist
INFOS: Harness part [5101C371B] found for project [DUCATI].
sept. 13, 2017 3:34:37 PM gui.packaging.state.S020_HarnessPartScan doAction
INFOS: Harness Part scanned [P5101C371B] OK.
sept. 13, 2017 3:34:40 PM entity.BaseHarness isCounterExist
INFOS: Searching Harness counter [P5101C371B;18.07.2017;10:23:22] in BaseHarness.
sept. 13, 2017 3:34:40 PM entity.BaseHarness isCounterExist
INFOS: FROM BaseHarness bh WHERE bh.counter = :counter
sept. 13, 2017 3:34:40 PM gui.packaging.state.S030_MatrixIdScan doAction
INFOS: Valid Harness Counter scanned [P5101C371B;18.07.2017;10:23:22] OK.
sept. 13, 2017 3:34:44 PM gui.packaging.state.S040_PalletChoice doAction
INFOS: Is it a new pallet ?
sept. 13, 2017 3:34:44 PM gui.packaging.state.S040_PalletChoice doAction
INFOS:  [No]
sept. 13, 2017 3:34:44 PM gui.packaging.state.S040_PalletChoice doAction
INFOS: Pallet values 
sept. 13, 2017 3:34:44 PM gui.packaging.state.S040_PalletChoice doAction
INFOS: State           :   [true]
sept. 13, 2017 3:34:44 PM gui.packaging.state.S040_PalletChoice doAction
INFOS: Qty Expected    :   [2]
sept. 13, 2017 3:34:44 PM gui.packaging.state.S040_PalletChoice doAction
INFOS: Qty Read        :   [1]
sept. 13, 2017 3:34:44 PM gui.packaging.state.S040_PalletChoice doAction
INFOS: Std Time        :   [0.1]
sept. 13, 2017 3:34:44 PM gui.packaging.state.S040_PalletChoice doAction
INFOS: Harness Part [5101C371B] = Context Harness Part [5101C371B]
sept. 13, 2017 3:34:44 PM gui.packaging.state.S040_PalletChoice doAction
INFOS: Harness Type [DUCATI] = Context Harness Type [DUCATI]
sept. 13, 2017 3:34:44 PM gui.packaging.state.S040_PalletChoice doAction
INFOS: Quantité terminée BaseContainer{id=27390, createTime=2017-09-13 15:33:12.0, writeTime=Wed Sep 13 15:34:44 WEST 2017, createId=4, writeId=4, user=ezou1001, createUser=OUSSAMA EZZIOURI, startTime=2017-09-13 15:33:12.0, closedTime=null, workTime=null, palletNumber=200027667, harnessPart=5101C371B, harnessIndex=00, supplierPartNumber=26F139103, qtyExpected=2, qtyRead=1, containerState=OPEN, containerStateCode=1000, packType=C9, harnessType=DUCATI, stdTime=0.1, workstation=WSMA7040, harnessList=[entity.BaseHarness@684e66f, entity.BaseHarness@4494aed2]}
sept. 13, 2017 3:34:44 PM helper.Helper InitDailyDestPrintDir
INFOS: nullPrint directory [.\print\2017_09_13] already exist!
Print sub directory [.\print\2017_09_13.\open_sheet] already exist!
Print sub directory [.\print\2017_09_13.\closing_sheet] already exist!
Print sub directory [.\print\2017_09_13.\picking_label] already exist!
Print sub directory [.\print\2017_09_13.\dispatch_label] already exist!

sept. 13, 2017 3:34:45 PM helper.PrinterHelper saveAndPrintClosingSheet
INFOS: Set Closing Pallet item [27048] state to [IN_PROCESS]
sept. 13, 2017 3:34:45 PM print.PrintClosingPallet_A5 sentToDefaultDesktopPrinter
INFOS: Sending [.\print\2017_09_13\closing_sheet\PrintClosingPallet_A5_5101C371B_2017_09_13_15_34_45.pdf] to the default printer...
sept. 13, 2017 3:34:45 PM print.PrintClosingPallet_A5 sentToDefaultDesktopPrinter
INFOS: File [%s] has been printed.
sept. 13, 2017 3:34:45 PM helper.PrinterHelper saveAndPrintClosingSheet
INFOS: Set Closing Pallet [27048] state to [PRINTED]
sept. 13, 2017 3:35:57 PM gui.warehouse_dispatch.WAREHOUSE_DISPATCH_UI0003_PasswordRequest connect
INFOS: User OUSSAMA EZZIOURI / ezou1001 connected to host WSMA7040 at 2017-09-13 15:35:57 Dispatch interface : .
sept. 13, 2017 3:38:57 PM helper.Helper InitDailyDestPrintDir
INFOS: Print directory [.\print\2017_09_13] already exist!
Print sub directory [.\print\2017_09_13.\open_sheet] already exist!
Print sub directory [.\print\2017_09_13.\closing_sheet] already exist!
Print sub directory [.\print\2017_09_13.\picking_label] already exist!
Print sub directory [.\print\2017_09_13.\dispatch_label] already exist!

sept. 13, 2017 3:39:07 PM gui.warehouse_dispatch.WAREHOUSE_DISPATCH_UI0003_PasswordRequest connect
INFOS: User OUSSAMA EZZIOURI / ezou1001 connected to host WSMA7040 at 2017-09-13 15:39:07 Dispatch interface : .
sept. 13, 2017 3:40:53 PM helper.Helper InitDailyDestPrintDir
INFOS: Print directory [.\print\2017_09_13] already exist!
Print sub directory [.\print\2017_09_13.\open_sheet] already exist!
Print sub directory [.\print\2017_09_13.\closing_sheet] already exist!
Print sub directory [.\print\2017_09_13.\picking_label] already exist!
Print sub directory [.\print\2017_09_13.\dispatch_label] already exist!

sept. 13, 2017 3:40:59 PM gui.warehouse_dispatch.WAREHOUSE_DISPATCH_UI0003_PasswordRequest connect
INFOS: User OUSSAMA EZZIOURI / ezou1001 connected to host WSMA7040 at 2017-09-13 15:40:59 Dispatch interface : .
sept. 13, 2017 3:43:38 PM helper.Helper InitDailyDestPrintDir
INFOS: Print directory [.\print\2017_09_13] already exist!
Print sub directory [.\print\2017_09_13.\open_sheet] already exist!
Print sub directory [.\print\2017_09_13.\closing_sheet] already exist!
Print sub directory [.\print\2017_09_13.\picking_label] already exist!
Print sub directory [.\print\2017_09_13.\dispatch_label] already exist!

sept. 13, 2017 3:43:50 PM entity.ConfigProject select
INFOS: FROM ConfigProject bp ORDER BY harnessType ASC
sept. 13, 2017 3:43:50 PM entity.ConfigProject select
INFOS: FROM ConfigProject bp ORDER BY harnessType ASC
sept. 13, 2017 3:43:56 PM gui.warehouse_dispatch.WAREHOUSE_DISPATCH_UI0003_PasswordRequest connect
INFOS: User OUSSAMA EZZIOURI / ezou1001 connected to host WSMA7040 at 2017-09-13 15:43:56 Dispatch interface : .
sept. 13, 2017 3:46:37 PM helper.Helper InitDailyDestPrintDir
INFOS: Print directory [.\print\2017_09_13] already exist!
Print sub directory [.\print\2017_09_13.\open_sheet] already exist!
Print sub directory [.\print\2017_09_13.\closing_sheet] already exist!
Print sub directory [.\print\2017_09_13.\picking_label] already exist!
Print sub directory [.\print\2017_09_13.\dispatch_label] already exist!

sept. 13, 2017 3:46:44 PM gui.warehouse_dispatch.WAREHOUSE_DISPATCH_UI0003_PasswordRequest connect
INFOS: User OUSSAMA EZZIOURI / ezou1001 connected to host WSMA7040 at 2017-09-13 15:46:44 Dispatch interface : .
sept. 13, 2017 3:49:43 PM helper.Helper InitDailyDestPrintDir
INFOS: Print directory [.\print\2017_09_13] already exist!
Print sub directory [.\print\2017_09_13.\open_sheet] already exist!
Print sub directory [.\print\2017_09_13.\closing_sheet] already exist!
Print sub directory [.\print\2017_09_13.\picking_label] already exist!
Print sub directory [.\print\2017_09_13.\dispatch_label] already exist!

sept. 13, 2017 3:49:49 PM gui.warehouse_dispatch.WAREHOUSE_DISPATCH_UI0003_PasswordRequest connect
INFOS: User OUSSAMA EZZIOURI / ezou1001 connected to host WSMA7040 at 2017-09-13 15:49:49 Dispatch interface : .
sept. 13, 2017 3:54:09 PM helper.Helper InitDailyDestPrintDir
INFOS: Print directory [.\print\2017_09_13] already exist!
Print sub directory [.\print\2017_09_13.\open_sheet] already exist!
Print sub directory [.\print\2017_09_13.\closing_sheet] already exist!
Print sub directory [.\print\2017_09_13.\picking_label] already exist!
Print sub directory [.\print\2017_09_13.\dispatch_label] already exist!

sept. 13, 2017 3:54:19 PM gui.warehouse_dispatch.WAREHOUSE_DISPATCH_UI0003_PasswordRequest connect
INFOS: User OUSSAMA EZZIOURI / ezou1001 connected to host WSMA7040 at 2017-09-13 15:54:19 Dispatch interface : .
sept. 13, 2017 3:58:18 PM helper.Helper InitDailyDestPrintDir
INFOS: Print directory [.\print\2017_09_13] already exist!
Print sub directory [.\print\2017_09_13.\open_sheet] already exist!
Print sub directory [.\print\2017_09_13.\closing_sheet] already exist!
Print sub directory [.\print\2017_09_13.\picking_label] already exist!
Print sub directory [.\print\2017_09_13.\dispatch_label] already exist!

sept. 13, 2017 4:07:57 PM gui.warehouse_dispatch.WAREHOUSE_DISPATCH_UI0003_PasswordRequest connect
INFOS: User OUSSAMA EZZIOURI / ezou1001 connected to host WSMA7040 at 2017-09-13 16:07:57 Dispatch interface : .
sept. 13, 2017 4:08:50 PM helper.Helper InitDailyDestPrintDir
INFOS: Print directory [.\print\2017_09_13] already exist!
Print sub directory [.\print\2017_09_13.\open_sheet] already exist!
Print sub directory [.\print\2017_09_13.\closing_sheet] already exist!
Print sub directory [.\print\2017_09_13.\picking_label] already exist!
Print sub directory [.\print\2017_09_13.\dispatch_label] already exist!

sept. 13, 2017 4:08:54 PM gui.warehouse_dispatch.WAREHOUSE_DISPATCH_UI0003_PasswordRequest connect
INFOS: User OUSSAMA EZZIOURI / ezou1001 connected to host WSMA7040 at 2017-09-13 16:08:54 Dispatch interface : .
sept. 13, 2017 4:10:31 PM helper.Helper InitDailyDestPrintDir
INFOS: Print directory [.\print\2017_09_13] already exist!
Print sub directory [.\print\2017_09_13.\open_sheet] already exist!
Print sub directory [.\print\2017_09_13.\closing_sheet] already exist!
Print sub directory [.\print\2017_09_13.\picking_label] already exist!
Print sub directory [.\print\2017_09_13.\dispatch_label] already exist!

sept. 13, 2017 4:10:42 PM gui.warehouse_dispatch.WAREHOUSE_DISPATCH_UI0003_PasswordRequest connect
INFOS: User OUSSAMA EZZIOURI / ezou1001 connected to host WSMA7040 at 2017-09-13 16:10:42 Dispatch interface : .
sept. 13, 2017 4:11:22 PM helper.Helper InitDailyDestPrintDir
INFOS: Print directory [.\print\2017_09_13] already exist!
Print sub directory [.\print\2017_09_13.\open_sheet] already exist!
Print sub directory [.\print\2017_09_13.\closing_sheet] already exist!
Print sub directory [.\print\2017_09_13.\picking_label] already exist!
Print sub directory [.\print\2017_09_13.\dispatch_label] already exist!

sept. 13, 2017 4:11:25 PM gui.warehouse_dispatch.WAREHOUSE_DISPATCH_UI0003_PasswordRequest connect
INFOS: User OUSSAMA EZZIOURI / ezou1001 connected to host WSMA7040 at 2017-09-13 16:11:25 Dispatch interface : .
sept. 13, 2017 4:13:38 PM helper.Helper InitDailyDestPrintDir
INFOS: Print directory [.\print\2017_09_13] already exist!
Print sub directory [.\print\2017_09_13.\open_sheet] already exist!
Print sub directory [.\print\2017_09_13.\closing_sheet] already exist!
Print sub directory [.\print\2017_09_13.\picking_label] already exist!
Print sub directory [.\print\2017_09_13.\dispatch_label] already exist!

sept. 13, 2017 4:13:46 PM gui.warehouse_dispatch.WAREHOUSE_DISPATCH_UI0003_PasswordRequest connect
INFOS: User OUSSAMA EZZIOURI / ezou1001 connected to host WSMA7040 at 2017-09-13 16:13:46 Dispatch interface : .
sept. 13, 2017 4:27:35 PM helper.Helper InitDailyDestPrintDir
INFOS: Print directory [.\print\2017_09_13] already exist!
Print sub directory [.\print\2017_09_13.\open_sheet] already exist!
Print sub directory [.\print\2017_09_13.\closing_sheet] already exist!
Print sub directory [.\print\2017_09_13.\picking_label] already exist!
Print sub directory [.\print\2017_09_13.\dispatch_label] already exist!

sept. 13, 2017 4:27:43 PM gui.warehouse_dispatch.WAREHOUSE_DISPATCH_UI0003_PasswordRequest connect
INFOS: User OUSSAMA EZZIOURI / ezou1001 connected to host WSMA7040 at 2017-09-13 16:27:43 Dispatch interface : .
sept. 13, 2017 4:29:38 PM helper.Helper InitDailyDestPrintDir
INFOS: Print directory [.\print\2017_09_13] already exist!
Print sub directory [.\print\2017_09_13.\open_sheet] already exist!
Print sub directory [.\print\2017_09_13.\closing_sheet] already exist!
Print sub directory [.\print\2017_09_13.\picking_label] already exist!
Print sub directory [.\print\2017_09_13.\dispatch_label] already exist!

sept. 13, 2017 4:29:45 PM gui.warehouse_dispatch.WAREHOUSE_DISPATCH_UI0003_PasswordRequest connect
INFOS: User OUSSAMA EZZIOURI / ezou1001 connected to host WSMA7040 at 2017-09-13 16:29:45 Dispatch interface : .
sept. 13, 2017 4:30:17 PM helper.Helper InitDailyDestPrintDir
INFOS: Print directory [.\print\2017_09_13] already exist!
Print sub directory [.\print\2017_09_13.\open_sheet] already exist!
Print sub directory [.\print\2017_09_13.\closing_sheet] already exist!
Print sub directory [.\print\2017_09_13.\picking_label] already exist!
Print sub directory [.\print\2017_09_13.\dispatch_label] already exist!

sept. 13, 2017 4:30:21 PM gui.warehouse_dispatch.WAREHOUSE_DISPATCH_UI0003_PasswordRequest connect
INFOS: User OUSSAMA EZZIOURI / ezou1001 connected to host WSMA7040 at 2017-09-13 16:30:21 Dispatch interface : .
sept. 13, 2017 4:37:37 PM helper.Helper InitDailyDestPrintDir
INFOS: Print directory [.\print\2017_09_13] already exist!
Print sub directory [.\print\2017_09_13.\open_sheet] already exist!
Print sub directory [.\print\2017_09_13.\closing_sheet] already exist!
Print sub directory [.\print\2017_09_13.\picking_label] already exist!
Print sub directory [.\print\2017_09_13.\dispatch_label] already exist!

sept. 13, 2017 4:37:41 PM gui.warehouse_dispatch.WAREHOUSE_DISPATCH_UI0003_PasswordRequest connect
INFOS: User OUSSAMA EZZIOURI / ezou1001 connected to host WSMA7040 at 2017-09-13 16:37:41 Dispatch interface : .
sept. 13, 2017 4:40:14 PM helper.Helper InitDailyDestPrintDir
INFOS: Print directory [.\print\2017_09_13] already exist!
Print sub directory [.\print\2017_09_13.\open_sheet] already exist!
Print sub directory [.\print\2017_09_13.\closing_sheet] already exist!
Print sub directory [.\print\2017_09_13.\picking_label] already exist!
Print sub directory [.\print\2017_09_13.\dispatch_label] already exist!

sept. 13, 2017 4:40:26 PM gui.warehouse_dispatch.WAREHOUSE_DISPATCH_UI0003_PasswordRequest connect
INFOS: User OUSSAMA EZZIOURI / ezou1001 connected to host WSMA7040 at 2017-09-13 16:40:26 Dispatch interface : .
sept. 13, 2017 4:50:50 PM helper.Helper InitDailyDestPrintDir
INFOS: Print directory [.\print\2017_09_13] already exist!
Print sub directory [.\print\2017_09_13.\open_sheet] already exist!
Print sub directory [.\print\2017_09_13.\closing_sheet] already exist!
Print sub directory [.\print\2017_09_13.\picking_label] already exist!
Print sub directory [.\print\2017_09_13.\dispatch_label] already exist!

sept. 13, 2017 4:50:55 PM gui.warehouse_dispatch.WAREHOUSE_DISPATCH_UI0003_PasswordRequest connect
INFOS: User OUSSAMA EZZIOURI / ezou1001 connected to host WSMA7040 at 2017-09-13 16:50:55 Dispatch interface : .
sept. 13, 2017 4:52:23 PM helper.Helper InitDailyDestPrintDir
INFOS: Print directory [.\print\2017_09_13] already exist!
Print sub directory [.\print\2017_09_13.\open_sheet] already exist!
Print sub directory [.\print\2017_09_13.\closing_sheet] already exist!
Print sub directory [.\print\2017_09_13.\picking_label] already exist!
Print sub directory [.\print\2017_09_13.\dispatch_label] already exist!

sept. 13, 2017 4:52:27 PM gui.warehouse_dispatch.WAREHOUSE_DISPATCH_UI0003_PasswordRequest connect
INFOS: User OUSSAMA EZZIOURI / ezou1001 connected to host WSMA7040 at 2017-09-13 16:52:27 Dispatch interface : .
