nov. 30, 2016 4:33:07 PM helper.Helper InitDailyDestPrintDir
INFOS: Print directory [.\print\2016_11_30] is created!
Print sub directory [.\print\2016_11_30.\open_sheet] is created!
Print sub directory [.\print\2016_11_30.\closing_sheet] is created!
Print sub directory [.\print\2016_11_30.\picking_label] is created!
Print sub directory [.\print\2016_11_30.\dispatch_label] is created!

nov. 30, 2016 4:33:14 PM gui.warehouse_output.WAREHOUSE_OUT_UI0003_PasswordRequest connect
INFOS: User Admin   / 9999 connected to host WSMA7040 at 2016-11-30 16:33:14 Dispatch interface : .
nov. 30, 2016 4:46:57 PM helper.Helper InitDailyDestPrintDir
INFOS: Print directory [.\print\2016_11_30] already exist!
Print sub directory [.\print\2016_11_30.\open_sheet] already exist!
Print sub directory [.\print\2016_11_30.\closing_sheet] already exist!
Print sub directory [.\print\2016_11_30.\picking_label] already exist!
Print sub directory [.\print\2016_11_30.\dispatch_label] already exist!

nov. 30, 2016 5:54:24 PM helper.Helper InitDailyDestPrintDir
INFOS: Print directory [.\print\2016_11_30] already exist!
Print sub directory [.\print\2016_11_30.\open_sheet] already exist!
Print sub directory [.\print\2016_11_30.\closing_sheet] already exist!
Print sub directory [.\print\2016_11_30.\picking_label] already exist!
Print sub directory [.\print\2016_11_30.\dispatch_label] already exist!

nov. 30, 2016 5:59:46 PM helper.Helper InitDailyDestPrintDir
INFOS: Print directory [.\print\2016_11_30] already exist!
Print sub directory [.\print\2016_11_30.\open_sheet] already exist!
Print sub directory [.\print\2016_11_30.\closing_sheet] already exist!
Print sub directory [.\print\2016_11_30.\picking_label] already exist!
Print sub directory [.\print\2016_11_30.\dispatch_label] already exist!

nov. 30, 2016 6:01:11 PM helper.Helper InitDailyDestPrintDir
INFOS: Print directory [.\print\2016_11_30] already exist!
Print sub directory [.\print\2016_11_30.\open_sheet] already exist!
Print sub directory [.\print\2016_11_30.\closing_sheet] already exist!
Print sub directory [.\print\2016_11_30.\picking_label] already exist!
Print sub directory [.\print\2016_11_30.\dispatch_label] already exist!

nov. 30, 2016 6:03:04 PM helper.Helper InitDailyDestPrintDir
INFOS: Print directory [.\print\2016_11_30] already exist!
Print sub directory [.\print\2016_11_30.\open_sheet] already exist!
Print sub directory [.\print\2016_11_30.\closing_sheet] already exist!
Print sub directory [.\print\2016_11_30.\picking_label] already exist!
Print sub directory [.\print\2016_11_30.\dispatch_label] already exist!

nov. 30, 2016 6:09:30 PM gui.packaging.PACKAGING_UI0001_Main loadBarcodeConfig
INFOS: FROM ConfigBarcode cb WHERE cb.keyWord = :keyWord ORDER BY id ASC
nov. 30, 2016 6:09:30 PM entity.ConfigProject select
INFOS: FROM ConfigProject bp ORDER BY harnessType ASC
nov. 30, 2016 6:09:30 PM entity.ConfigProject select
INFOS: FROM ConfigProject bp ORDER BY harnessType ASC
nov. 30, 2016 6:09:38 PM gui.packaging.PACKAGING_UI0002_PasswordRequest connect
INFOS: User Admin   / 9999 connected to host WSMA7040 at 2016-11-30 18:09:38 Project : ENGINE.
nov. 30, 2016 6:09:50 PM entity.BaseHarness checkHarnessPartFormat
INFOS: Invalid Harness Part scanned [P2228636] !
nov. 30, 2016 6:09:50 PM state.S020_HarnessPartScan doAction
AVERTISSEMENT: Invalid Harness Part scanned [P2228636] !
nov. 30, 2016 6:10:07 PM entity.ConfigUcs isHarnessPartExist
INFOS: Searching Harness part [21564014] in ConfigUCS: ENGINE
nov. 30, 2016 6:10:07 PM entity.ConfigUcs isHarnessPartExist
INFOS: Harness part [21564014] found for project [ENGINE].
nov. 30, 2016 6:10:07 PM state.S020_HarnessPartScan doAction
INFOS: Harness Part scanned [P21564014] OK.
nov. 30, 2016 6:10:20 PM entity.BaseHarness isCounterExist
INFOS: Searching Harness counter [P2156401400000000000000] in BaseHarness.
nov. 30, 2016 6:10:20 PM entity.BaseHarness isCounterExist
INFOS: FROM BaseHarness bh WHERE bh.counter = :counter
nov. 30, 2016 6:10:20 PM state.S030_MatrixIdScan doAction
INFOS: Valid Harness Counter scanned [P2156401400000000000000] OK.
nov. 30, 2016 6:10:23 PM state.S040_PalletChoice doAction
INFOS: Is it a new pallet ?
nov. 30, 2016 6:10:23 PM state.S040_PalletChoice doAction
INFOS:  [Yes]
nov. 30, 2016 6:10:23 PM gui.packaging.PACKAGING_UI9000_ChoosePackType <init>
INFOS: Item found 21564014--26C43460A--P01--3RV--24--0.0--null
nov. 30, 2016 6:10:23 PM gui.packaging.PACKAGING_UI9000_ChoosePackType <init>
INFOS: 1 UCS founds for Harness Part[21564014].
nov. 30, 2016 6:12:26 PM entity.ConfigUcs isHarnessPartExist
INFOS: Searching Harness part [22584142] in ConfigUCS: ENGINE
nov. 30, 2016 6:12:26 PM entity.ConfigUcs isHarnessPartExist
INFOS: Harness part [22584142] found for project [ENGINE].
nov. 30, 2016 6:12:26 PM state.S020_HarnessPartScan doAction
INFOS: Harness Part scanned [P22584142] OK.
nov. 30, 2016 6:12:31 PM entity.BaseHarness isCounterExist
INFOS: Searching Harness counter [P2258414200000000000000] in BaseHarness.
nov. 30, 2016 6:12:31 PM entity.BaseHarness isCounterExist
INFOS: FROM BaseHarness bh WHERE bh.counter = :counter
nov. 30, 2016 6:12:31 PM state.S030_MatrixIdScan doAction
INFOS: Valid Harness Counter scanned [P2258414200000000000000] OK.
nov. 30, 2016 6:12:33 PM state.S040_PalletChoice doAction
INFOS: Is it a new pallet ?
nov. 30, 2016 6:12:33 PM state.S040_PalletChoice doAction
INFOS:  [Yes]
nov. 30, 2016 6:12:33 PM gui.packaging.PACKAGING_UI9000_ChoosePackType <init>
INFOS: Item found 22584142--26C31862A--P02--1RV--5--10.0--AssyWorkstation{id=2, workstation=C3, operators=30}
nov. 30, 2016 6:12:33 PM gui.packaging.PACKAGING_UI9000_ChoosePackType <init>
INFOS: 1 UCS founds for Harness Part[22584142].
nov. 30, 2016 6:22:13 PM helper.Helper InitDailyDestPrintDir
INFOS: Print directory [.\print\2016_11_30] already exist!
Print sub directory [.\print\2016_11_30.\open_sheet] already exist!
Print sub directory [.\print\2016_11_30.\closing_sheet] already exist!
Print sub directory [.\print\2016_11_30.\picking_label] already exist!
Print sub directory [.\print\2016_11_30.\dispatch_label] already exist!

nov. 30, 2016 6:22:15 PM gui.packaging.PACKAGING_UI0001_Main loadBarcodeConfig
INFOS: FROM ConfigBarcode cb WHERE cb.keyWord = :keyWord ORDER BY id ASC
nov. 30, 2016 6:22:15 PM entity.ConfigProject select
INFOS: FROM ConfigProject bp ORDER BY harnessType ASC
nov. 30, 2016 6:22:15 PM entity.ConfigProject select
INFOS: FROM ConfigProject bp ORDER BY harnessType ASC
nov. 30, 2016 6:22:19 PM gui.packaging.PACKAGING_UI0002_PasswordRequest connect
INFOS: User Admin   / 9999 connected to host WSMA7040 at 2016-11-30 18:22:19 Project : ENGINE.
nov. 30, 2016 6:22:38 PM entity.ConfigUcs isHarnessPartExist
INFOS: Searching Harness part [22584142] in ConfigUCS: ENGINE
nov. 30, 2016 6:22:38 PM entity.ConfigUcs isHarnessPartExist
INFOS: Harness part [22584142] found for project [ENGINE].
nov. 30, 2016 6:22:38 PM state.S020_HarnessPartScan doAction
INFOS: Harness Part scanned [P22584142] OK.
nov. 30, 2016 6:22:42 PM entity.BaseHarness isCounterExist
INFOS: Searching Harness counter [P2258414200000000000000] in BaseHarness.
nov. 30, 2016 6:22:42 PM entity.BaseHarness isCounterExist
INFOS: FROM BaseHarness bh WHERE bh.counter = :counter
nov. 30, 2016 6:22:42 PM state.S030_MatrixIdScan doAction
INFOS: Valid Harness Counter scanned [P2258414200000000000000] OK.
nov. 30, 2016 6:22:44 PM state.S040_PalletChoice doAction
INFOS: Is it a new pallet ?
nov. 30, 2016 6:22:44 PM state.S040_PalletChoice doAction
INFOS:  [Yes]
nov. 30, 2016 6:22:44 PM gui.packaging.PACKAGING_UI9000_ChoosePackType <init>
INFOS: Item found 22584142--26C31862A--P02--1RV--5--10.0--C3
nov. 30, 2016 6:22:44 PM gui.packaging.PACKAGING_UI9000_ChoosePackType <init>
INFOS: 1 UCS founds for Harness Part[22584142].
nov. 30, 2016 6:22:52 PM gui.packaging.PACKAGING_UI9000_ChoosePackType mappingContextVals
INFOS: Selected pack type : 22584142--26C31862A--P02--1RV--5--10.0--C3 
nov. 30, 2016 6:52:34 PM helper.Helper InitDailyDestPrintDir
INFOS: Print directory [.\print\2016_11_30] already exist!
Print sub directory [.\print\2016_11_30.\open_sheet] already exist!
Print sub directory [.\print\2016_11_30.\closing_sheet] already exist!
Print sub directory [.\print\2016_11_30.\picking_label] already exist!
Print sub directory [.\print\2016_11_30.\dispatch_label] already exist!

nov. 30, 2016 6:52:36 PM gui.packaging.PACKAGING_UI0001_Main loadBarcodeConfig
INFOS: FROM ConfigBarcode cb WHERE cb.keyWord = :keyWord ORDER BY id ASC
nov. 30, 2016 6:52:36 PM entity.ConfigProject select
INFOS: FROM ConfigProject bp ORDER BY harnessType ASC
nov. 30, 2016 6:52:36 PM entity.ConfigProject select
INFOS: FROM ConfigProject bp ORDER BY harnessType ASC
nov. 30, 2016 6:52:39 PM gui.packaging.PACKAGING_UI0002_PasswordRequest connect
INFOS: User Admin   / 9999 connected to host WSMA7040 at 2016-11-30 18:52:39 Project : ENGINE.
nov. 30, 2016 6:52:56 PM entity.ConfigUcs isHarnessPartExist
INFOS: Searching Harness part [22584142] in ConfigUCS: ENGINE
nov. 30, 2016 6:52:56 PM entity.ConfigUcs isHarnessPartExist
INFOS: Harness part [22584142] found for project [ENGINE].
nov. 30, 2016 6:52:56 PM state.S020_HarnessPartScan doAction
INFOS: Harness Part scanned [P22584142] OK.
nov. 30, 2016 6:53:03 PM entity.BaseHarness isCounterExist
INFOS: Searching Harness counter [P2258414200002016000000] in BaseHarness.
nov. 30, 2016 6:53:03 PM entity.BaseHarness isCounterExist
INFOS: FROM BaseHarness bh WHERE bh.counter = :counter
nov. 30, 2016 6:53:03 PM state.S030_MatrixIdScan doAction
INFOS: Valid Harness Counter scanned [P2258414200002016000000] OK.
nov. 30, 2016 6:53:07 PM state.S040_PalletChoice doAction
INFOS: Is it a new pallet ?
nov. 30, 2016 6:53:07 PM state.S040_PalletChoice doAction
INFOS:  [Yes]
nov. 30, 2016 6:53:07 PM gui.packaging.PACKAGING_UI9000_ChoosePackType <init>
INFOS: Item found 22584142--26C31862A--P02--1RV--5--10.0--C3
nov. 30, 2016 6:53:07 PM gui.packaging.PACKAGING_UI9000_ChoosePackType <init>
INFOS: 1 UCS founds for Harness Part[22584142].
nov. 30, 2016 6:53:14 PM gui.packaging.PACKAGING_UI9000_ChoosePackType mappingContextVals
INFOS: Selected pack type : 22584142--26C31862A--P02--1RV--5--10.0--C3 
nov. 30, 2016 6:53:41 PM helper.Helper InitDailyDestPrintDir
INFOS: Print directory [.\print\2016_11_30] already exist!
Print sub directory [.\print\2016_11_30.\open_sheet] already exist!
Print sub directory [.\print\2016_11_30.\closing_sheet] already exist!
Print sub directory [.\print\2016_11_30.\picking_label] already exist!
Print sub directory [.\print\2016_11_30.\dispatch_label] already exist!

nov. 30, 2016 6:53:43 PM gui.packaging.PACKAGING_UI0001_Main loadBarcodeConfig
INFOS: FROM ConfigBarcode cb WHERE cb.keyWord = :keyWord ORDER BY id ASC
nov. 30, 2016 6:53:43 PM entity.ConfigProject select
INFOS: FROM ConfigProject bp ORDER BY harnessType ASC
nov. 30, 2016 6:53:43 PM entity.ConfigProject select
INFOS: FROM ConfigProject bp ORDER BY harnessType ASC
nov. 30, 2016 6:53:47 PM gui.packaging.PACKAGING_UI0002_PasswordRequest connect
INFOS: User Admin   / 9999 connected to host WSMA7040 at 2016-11-30 18:53:47 Project : ENGINE.
nov. 30, 2016 6:53:52 PM entity.ConfigUcs isHarnessPartExist
INFOS: Searching Harness part [22584142] in ConfigUCS: ENGINE
nov. 30, 2016 6:53:52 PM entity.ConfigUcs isHarnessPartExist
INFOS: Harness part [22584142] found for project [ENGINE].
nov. 30, 2016 6:53:52 PM state.S020_HarnessPartScan doAction
INFOS: Harness Part scanned [P22584142] OK.
nov. 30, 2016 6:53:57 PM entity.BaseHarness isCounterExist
INFOS: Searching Harness counter [P2258414200002016000000] in BaseHarness.
nov. 30, 2016 6:53:57 PM entity.BaseHarness isCounterExist
INFOS: FROM BaseHarness bh WHERE bh.counter = :counter
nov. 30, 2016 6:53:57 PM state.S030_MatrixIdScan doAction
INFOS: Valid Harness Counter scanned [P2258414200002016000000] OK.
nov. 30, 2016 6:54:00 PM state.S040_PalletChoice doAction
INFOS: Is it a new pallet ?
nov. 30, 2016 6:54:00 PM state.S040_PalletChoice doAction
INFOS:  [Yes]
nov. 30, 2016 6:54:01 PM gui.packaging.PACKAGING_UI9000_ChoosePackType <init>
INFOS: Item found 22584142--26C31862A--P02--1RV--5--10.0--C3
nov. 30, 2016 6:54:01 PM gui.packaging.PACKAGING_UI9000_ChoosePackType <init>
INFOS: 1 UCS founds for Harness Part[22584142].
nov. 30, 2016 6:54:03 PM gui.packaging.PACKAGING_UI9000_ChoosePackType mappingContextVals
INFOS: Selected pack type : 22584142--26C31862A--P02--1RV--5--10.0--C3 
nov. 30, 2016 6:54:03 PM helper.Helper InitDailyDestPrintDir
INFOS: nullPrint directory [.\print\2016_11_30] already exist!
Print sub directory [.\print\2016_11_30.\open_sheet] already exist!
Print sub directory [.\print\2016_11_30.\closing_sheet] already exist!
Print sub directory [.\print\2016_11_30.\picking_label] already exist!
Print sub directory [.\print\2016_11_30.\dispatch_label] already exist!

nov. 30, 2016 6:54:04 PM helper.PrinterHelper saveAndPrintOpenSheet
INFOS: Set Pallet [200000507] state to [IN_PROCESS]
nov. 30, 2016 6:54:04 PM print.PrintOpenPallet_A5 sentToDefaultDesktopPrinter
INFOS: Sending [.\print\2016_11_30\open_sheet\PrintOpenPallet_A5_2016_11_30_18_54_04_22584142_200000507.pdf] to the default printer...
nov. 30, 2016 6:54:04 PM print.PrintOpenPallet_A5 sentToDefaultDesktopPrinter
INFOS: File [.\print\2016_11_30\open_sheet\PrintOpenPallet_A5_2016_11_30_18_54_04_22584142_200000507.pdf] has been printed.
nov. 30, 2016 6:54:04 PM helper.PrinterHelper saveAndPrintOpenSheet
INFOS: Set Pallet [200000507] state to [PRINTED]
nov. 30, 2016 6:54:04 PM gui.packaging.PACKAGING_UI9000_ChoosePackType loadConfigUcs
INFOS: Openning new container for first harness part [22584142].
nov. 30, 2016 6:54:13 PM state.S041_NewPalletScan doAction
INFOS: Scanned Pallet number [200000507] OK.
nov. 30, 2016 6:54:13 PM state.S041_NewPalletScan doAction
INFOS: BaseContainer created BaseContainer{id=774, createTime=Wed Nov 30 18:54:13 WET 2016, writeTime=Wed Nov 30 18:54:13 WET 2016, createId=4, writeId=4, user=9999, createUser=Admin  , startTime=Wed Nov 30 18:54:13 WET 2016, completeTime=null, workTime=null, palletNumber=200000507, harnessPart=22584142, harnessIndex=P02, supplierPartNumber=26C31862A, qtyExpected=5, qtyRead=1, containerState=OPEN, containerStateCode=1000, packType=1RV, harnessType=ENGINE, stdTime=10.0, workstation=WSMA7040, harnessList=[]} 
nov. 30, 2016 7:40:32 PM entity.ConfigProject select
INFOS: FROM ConfigProject bp ORDER BY harnessType ASC
nov. 30, 2016 7:40:34 PM entity.ConfigProject select
INFOS: FROM ConfigProject bp ORDER BY harnessType ASC
nov. 30, 2016 8:55:59 PM entity.ConfigProject select
INFOS: FROM ConfigProject bp ORDER BY harnessType ASC
nov. 30, 2016 9:02:42 PM helper.Helper InitDailyDestPrintDir
INFOS: Print directory [.\print\2016_11_30] already exist!
Print sub directory [.\print\2016_11_30.\open_sheet] already exist!
Print sub directory [.\print\2016_11_30.\closing_sheet] already exist!
Print sub directory [.\print\2016_11_30.\picking_label] already exist!
Print sub directory [.\print\2016_11_30.\dispatch_label] already exist!

nov. 30, 2016 9:02:43 PM gui.packaging.PACKAGING_UI0001_Main loadBarcodeConfig
INFOS: FROM ConfigBarcode cb WHERE cb.keyWord = :keyWord ORDER BY id ASC
nov. 30, 2016 9:02:43 PM entity.ConfigProject select
INFOS: FROM ConfigProject bp ORDER BY harnessType ASC
nov. 30, 2016 9:02:43 PM entity.ConfigProject select
INFOS: FROM ConfigProject bp ORDER BY harnessType ASC
nov. 30, 2016 9:02:45 PM entity.ConfigProject select
INFOS: FROM ConfigProject bp ORDER BY harnessType ASC
nov. 30, 2016 9:06:28 PM helper.Helper InitDailyDestPrintDir
INFOS: Print directory [.\print\2016_11_30] already exist!
Print sub directory [.\print\2016_11_30.\open_sheet] already exist!
Print sub directory [.\print\2016_11_30.\closing_sheet] already exist!
Print sub directory [.\print\2016_11_30.\picking_label] already exist!
Print sub directory [.\print\2016_11_30.\dispatch_label] already exist!

nov. 30, 2016 9:06:30 PM gui.packaging.PACKAGING_UI0001_Main loadBarcodeConfig
INFOS: FROM ConfigBarcode cb WHERE cb.keyWord = :keyWord ORDER BY id ASC
nov. 30, 2016 9:06:30 PM entity.ConfigProject select
INFOS: FROM ConfigProject bp ORDER BY harnessType ASC
nov. 30, 2016 9:06:30 PM entity.ConfigProject select
INFOS: FROM ConfigProject bp ORDER BY harnessType ASC
nov. 30, 2016 9:06:32 PM entity.ConfigProject select
INFOS: FROM ConfigProject bp ORDER BY harnessType ASC
nov. 30, 2016 9:08:28 PM helper.Helper InitDailyDestPrintDir
INFOS: Print directory [.\print\2016_11_30] already exist!
Print sub directory [.\print\2016_11_30.\open_sheet] already exist!
Print sub directory [.\print\2016_11_30.\closing_sheet] already exist!
Print sub directory [.\print\2016_11_30.\picking_label] already exist!
Print sub directory [.\print\2016_11_30.\dispatch_label] already exist!

nov. 30, 2016 9:08:41 PM gui.packaging.PACKAGING_UI0001_Main loadBarcodeConfig
INFOS: FROM ConfigBarcode cb WHERE cb.keyWord = :keyWord ORDER BY id ASC
nov. 30, 2016 9:08:41 PM entity.ConfigProject select
INFOS: FROM ConfigProject bp ORDER BY harnessType ASC
nov. 30, 2016 9:08:41 PM entity.ConfigProject select
INFOS: FROM ConfigProject bp ORDER BY harnessType ASC
nov. 30, 2016 9:08:44 PM entity.ConfigProject select
INFOS: FROM ConfigProject bp ORDER BY harnessType ASC
déc. 01, 2016 12:05:39 PM entity.ConfigProject select
INFOS: FROM ConfigProject bp ORDER BY harnessType ASC
déc. 01, 2016 12:43:34 PM entity.ConfigProject select
INFOS: FROM ConfigProject bp ORDER BY harnessType ASC
