oct. 05, 2017 12:17:17 AM helper.Helper InitDailyDestPrintDir
INFOS: File 2017_10_05.log created !Print directory [.\print\2017_10_05] created !
Print sub directory [.\print\2017_10_05.\open_sheet] created !
Print sub directory [.\print\2017_10_05.\closing_sheet] created !
Print sub directory [.\print\2017_10_05.\picking_label] created !
Print sub directory [.\print\2017_10_05.\dispatch_label] created !

oct. 05, 2017 12:17:20 AM entity.ConfigProject select
INFOS: FROM ConfigProject bp ORDER BY harnessType ASC
oct. 05, 2017 12:17:20 AM entity.ConfigProject select
INFOS: FROM ConfigProject bp ORDER BY harnessType ASC
oct. 05, 2017 12:17:23 AM gui.packaging.state.S010_UserCodeScan doAction
INFOS: Invalid matricule number or account locked !
oct. 05, 2017 12:17:26 AM gui.packaging.PACKAGING_UI0002_PasswordRequest connect
INFOS: User EZZIOURI OUSSAMA / ducati connected to host Oussama-PC at 2017-10-05 00:17:26 Project : DUCATI.
oct. 05, 2017 12:17:26 AM gui.packaging.PACKAGING_UI0002_PasswordRequest loadDotMatrixCodePatterns
INFOS: FROM ConfigBarcode cb WHERE cb.keyWord = :keyWord AND cb.customer = :customer ORDER BY id ASC
oct. 05, 2017 12:17:26 AM gui.packaging.PACKAGING_UI0002_PasswordRequest loadPartNumberCodePatterns
INFOS: FROM ConfigBarcode cb WHERE cb.keyWord = :keyWord AND cb.customer = :customer ORDER BY id ASC
oct. 05, 2017 12:17:28 AM entity.ConfigSegment select
INFOS: FROM ConfigSegment bp ORDER BY segment ASC
oct. 05, 2017 12:17:32 AM entity.ConfigSegment select
INFOS: FROM ConfigSegment bp ORDER BY segment ASC
oct. 05, 2017 12:17:32 AM entity.ConfigWorkplace select
INFOS: FROM ConfigWorkplace bp ORDER BY workplace ASC
oct. 05, 2017 12:17:36 AM helper.Helper InitDailyDestPrintDir
INFOS: File 2017_10_05.log created !Print directory [.\print\2017_10_05] created !
Print sub directory [.\print\2017_10_05.\open_sheet] created !
Print sub directory [.\print\2017_10_05.\closing_sheet] created !
Print sub directory [.\print\2017_10_05.\picking_label] created !
Print sub directory [.\print\2017_10_05.\dispatch_label] created !
Print directory [.\print\2017_10_05] already exist!
Print sub directory [.\print\2017_10_05.\open_sheet] already exist!
Print sub directory [.\print\2017_10_05.\closing_sheet] already exist!
Print sub directory [.\print\2017_10_05.\picking_label] already exist!
Print sub directory [.\print\2017_10_05.\dispatch_label] already exist!

oct. 05, 2017 12:17:36 AM helper.PrinterHelper saveAndPrintClosingSheet
INFOS: Set Closing Pallet item [34173] state to [IN_PROCESS]
oct. 05, 2017 12:17:36 AM print.PrintClosingPallet_A5 sentToDefaultDesktopPrinter
INFOS: Sending [.\print\2017_10_05\closing_sheet\PrintClosingPallet_A5_5101C861C_2017_10_05_00_17_36.pdf] to the default printer...
oct. 05, 2017 12:17:36 AM print.PrintClosingPallet_A5 sentToDefaultDesktopPrinter
INFOS: File [%s] has been printed.
oct. 05, 2017 12:17:36 AM helper.PrinterHelper saveAndPrintClosingSheet
INFOS: Set Closing Pallet [34173] state to [PRINTED]
oct. 05, 2017 12:18:21 AM helper.Helper InitDailyDestPrintDir
INFOS: File 2017_10_05.log created !Print directory [.\print\2017_10_05] created !
Print sub directory [.\print\2017_10_05.\open_sheet] created !
Print sub directory [.\print\2017_10_05.\closing_sheet] created !
Print sub directory [.\print\2017_10_05.\picking_label] created !
Print sub directory [.\print\2017_10_05.\dispatch_label] created !
Print directory [.\print\2017_10_05] already exist!
Print sub directory [.\print\2017_10_05.\open_sheet] already exist!
Print sub directory [.\print\2017_10_05.\closing_sheet] already exist!
Print sub directory [.\print\2017_10_05.\picking_label] already exist!
Print sub directory [.\print\2017_10_05.\dispatch_label] already exist!
Print directory [.\print\2017_10_05] already exist!
Print sub directory [.\print\2017_10_05.\open_sheet] already exist!
Print sub directory [.\print\2017_10_05.\closing_sheet] already exist!
Print sub directory [.\print\2017_10_05.\picking_label] already exist!
Print sub directory [.\print\2017_10_05.\dispatch_label] already exist!

oct. 05, 2017 12:18:21 AM helper.PrinterHelper saveAndPrintClosingSheet
INFOS: Set Closing Pallet item [34173] state to [IN_PROCESS]
oct. 05, 2017 12:18:21 AM print.PrintClosingPallet_A5 sentToDefaultDesktopPrinter
INFOS: Sending [.\print\2017_10_05\closing_sheet\PrintClosingPallet_A5_5101C861C_2017_10_05_00_18_21.pdf] to the default printer...
oct. 05, 2017 12:18:21 AM print.PrintClosingPallet_A5 sentToDefaultDesktopPrinter
INFOS: File [%s] has been printed.
oct. 05, 2017 12:18:21 AM helper.PrinterHelper saveAndPrintClosingSheet
INFOS: Set Closing Pallet [34173] state to [PRINTED]
oct. 05, 2017 12:18:21 AM helper.Helper InitDailyDestPrintDir
INFOS: File 2017_10_05.log created !Print directory [.\print\2017_10_05] created !
Print sub directory [.\print\2017_10_05.\open_sheet] created !
Print sub directory [.\print\2017_10_05.\closing_sheet] created !
Print sub directory [.\print\2017_10_05.\picking_label] created !
Print sub directory [.\print\2017_10_05.\dispatch_label] created !
Print directory [.\print\2017_10_05] already exist!
Print sub directory [.\print\2017_10_05.\open_sheet] already exist!
Print sub directory [.\print\2017_10_05.\closing_sheet] already exist!
Print sub directory [.\print\2017_10_05.\picking_label] already exist!
Print sub directory [.\print\2017_10_05.\dispatch_label] already exist!
Print directory [.\print\2017_10_05] already exist!
Print sub directory [.\print\2017_10_05.\open_sheet] already exist!
Print sub directory [.\print\2017_10_05.\closing_sheet] already exist!
Print sub directory [.\print\2017_10_05.\picking_label] already exist!
Print sub directory [.\print\2017_10_05.\dispatch_label] already exist!
Print directory [.\print\2017_10_05] already exist!
Print sub directory [.\print\2017_10_05.\open_sheet] already exist!
Print sub directory [.\print\2017_10_05.\closing_sheet] already exist!
Print sub directory [.\print\2017_10_05.\picking_label] already exist!
Print sub directory [.\print\2017_10_05.\dispatch_label] already exist!

oct. 05, 2017 12:18:21 AM helper.PrinterHelper saveAndPrintClosingSheet
INFOS: Set Closing Pallet item [34173] state to [IN_PROCESS]
oct. 05, 2017 12:18:21 AM print.PrintClosingPallet_A5 sentToDefaultDesktopPrinter
INFOS: Sending [.\print\2017_10_05\closing_sheet\PrintClosingPallet_A5_5101C861C_2017_10_05_00_18_21.pdf] to the default printer...
oct. 05, 2017 12:18:21 AM print.PrintClosingPallet_A5 sentToDefaultDesktopPrinter
INFOS: File [%s] has been printed.
oct. 05, 2017 12:18:21 AM helper.PrinterHelper saveAndPrintClosingSheet
INFOS: Set Closing Pallet [34173] state to [PRINTED]
oct. 05, 2017 12:18:22 AM helper.Helper InitDailyDestPrintDir
INFOS: File 2017_10_05.log created !Print directory [.\print\2017_10_05] created !
Print sub directory [.\print\2017_10_05.\open_sheet] created !
Print sub directory [.\print\2017_10_05.\closing_sheet] created !
Print sub directory [.\print\2017_10_05.\picking_label] created !
Print sub directory [.\print\2017_10_05.\dispatch_label] created !
Print directory [.\print\2017_10_05] already exist!
Print sub directory [.\print\2017_10_05.\open_sheet] already exist!
Print sub directory [.\print\2017_10_05.\closing_sheet] already exist!
Print sub directory [.\print\2017_10_05.\picking_label] already exist!
Print sub directory [.\print\2017_10_05.\dispatch_label] already exist!
Print directory [.\print\2017_10_05] already exist!
Print sub directory [.\print\2017_10_05.\open_sheet] already exist!
Print sub directory [.\print\2017_10_05.\closing_sheet] already exist!
Print sub directory [.\print\2017_10_05.\picking_label] already exist!
Print sub directory [.\print\2017_10_05.\dispatch_label] already exist!
Print directory [.\print\2017_10_05] already exist!
Print sub directory [.\print\2017_10_05.\open_sheet] already exist!
Print sub directory [.\print\2017_10_05.\closing_sheet] already exist!
Print sub directory [.\print\2017_10_05.\picking_label] already exist!
Print sub directory [.\print\2017_10_05.\dispatch_label] already exist!
Print directory [.\print\2017_10_05] already exist!
Print sub directory [.\print\2017_10_05.\open_sheet] already exist!
Print sub directory [.\print\2017_10_05.\closing_sheet] already exist!
Print sub directory [.\print\2017_10_05.\picking_label] already exist!
Print sub directory [.\print\2017_10_05.\dispatch_label] already exist!

oct. 05, 2017 12:18:22 AM helper.PrinterHelper saveAndPrintClosingSheet
INFOS: Set Closing Pallet item [34173] state to [IN_PROCESS]
oct. 05, 2017 12:18:22 AM print.PrintClosingPallet_A5 sentToDefaultDesktopPrinter
INFOS: Sending [.\print\2017_10_05\closing_sheet\PrintClosingPallet_A5_5101C861C_2017_10_05_00_18_22.pdf] to the default printer...
oct. 05, 2017 12:18:22 AM print.PrintClosingPallet_A5 sentToDefaultDesktopPrinter
INFOS: File [%s] has been printed.
oct. 05, 2017 12:18:22 AM helper.PrinterHelper saveAndPrintClosingSheet
INFOS: Set Closing Pallet [34173] state to [PRINTED]
oct. 05, 2017 12:18:40 AM helper.Helper InitDailyDestPrintDir
INFOS: File 2017_10_05.log created !Print directory [.\print\2017_10_05] created !
Print sub directory [.\print\2017_10_05.\open_sheet] created !
Print sub directory [.\print\2017_10_05.\closing_sheet] created !
Print sub directory [.\print\2017_10_05.\picking_label] created !
Print sub directory [.\print\2017_10_05.\dispatch_label] created !
Print directory [.\print\2017_10_05] already exist!
Print sub directory [.\print\2017_10_05.\open_sheet] already exist!
Print sub directory [.\print\2017_10_05.\closing_sheet] already exist!
Print sub directory [.\print\2017_10_05.\picking_label] already exist!
Print sub directory [.\print\2017_10_05.\dispatch_label] already exist!
Print directory [.\print\2017_10_05] already exist!
Print sub directory [.\print\2017_10_05.\open_sheet] already exist!
Print sub directory [.\print\2017_10_05.\closing_sheet] already exist!
Print sub directory [.\print\2017_10_05.\picking_label] already exist!
Print sub directory [.\print\2017_10_05.\dispatch_label] already exist!
Print directory [.\print\2017_10_05] already exist!
Print sub directory [.\print\2017_10_05.\open_sheet] already exist!
Print sub directory [.\print\2017_10_05.\closing_sheet] already exist!
Print sub directory [.\print\2017_10_05.\picking_label] already exist!
Print sub directory [.\print\2017_10_05.\dispatch_label] already exist!
Print directory [.\print\2017_10_05] already exist!
Print sub directory [.\print\2017_10_05.\open_sheet] already exist!
Print sub directory [.\print\2017_10_05.\closing_sheet] already exist!
Print sub directory [.\print\2017_10_05.\picking_label] already exist!
Print sub directory [.\print\2017_10_05.\dispatch_label] already exist!
Print directory [.\print\2017_10_05] already exist!
Print sub directory [.\print\2017_10_05.\open_sheet] already exist!
Print sub directory [.\print\2017_10_05.\closing_sheet] already exist!
Print sub directory [.\print\2017_10_05.\picking_label] already exist!
Print sub directory [.\print\2017_10_05.\dispatch_label] already exist!

oct. 05, 2017 12:18:40 AM helper.PrinterHelper saveAndPrintClosingSheet
INFOS: Set Closing Pallet item [34173] state to [IN_PROCESS]
oct. 05, 2017 12:18:40 AM print.PrintClosingPallet_A5 sentToDefaultDesktopPrinter
INFOS: Sending [.\print\2017_10_05\closing_sheet\PrintClosingPallet_A5_5101C861C_2017_10_05_00_18_40.pdf] to the default printer...
oct. 05, 2017 12:18:40 AM print.PrintClosingPallet_A5 sentToDefaultDesktopPrinter
INFOS: File [%s] has been printed.
oct. 05, 2017 12:18:40 AM helper.PrinterHelper saveAndPrintClosingSheet
INFOS: Set Closing Pallet [34173] state to [PRINTED]
oct. 05, 2017 12:21:15 AM helper.Helper InitDailyDestPrintDir
INFOS: File 2017_10_05.log already exists.Print directory [.\print\2017_10_05] already exist!
Print sub directory [.\print\2017_10_05.\open_sheet] already exist!
Print sub directory [.\print\2017_10_05.\closing_sheet] already exist!
Print sub directory [.\print\2017_10_05.\picking_label] already exist!
Print sub directory [.\print\2017_10_05.\dispatch_label] already exist!

oct. 05, 2017 12:21:18 AM entity.ConfigProject select
INFOS: FROM ConfigProject bp ORDER BY harnessType ASC
oct. 05, 2017 12:21:18 AM entity.ConfigProject select
INFOS: FROM ConfigProject bp ORDER BY harnessType ASC
oct. 05, 2017 12:21:21 AM gui.packaging.state.S010_UserCodeScan doAction
INFOS: Invalid matricule number or account locked !
oct. 05, 2017 12:21:24 AM gui.packaging.PACKAGING_UI0002_PasswordRequest connect
INFOS: User EZZIOURI OUSSAMA / ducati connected to host Oussama-PC at 2017-10-05 00:21:24 Project : DUCATI.
oct. 05, 2017 12:21:24 AM gui.packaging.PACKAGING_UI0002_PasswordRequest loadDotMatrixCodePatterns
INFOS: FROM ConfigBarcode cb WHERE cb.keyWord = :keyWord AND cb.customer = :customer ORDER BY id ASC
oct. 05, 2017 12:21:24 AM gui.packaging.PACKAGING_UI0002_PasswordRequest loadPartNumberCodePatterns
INFOS: FROM ConfigBarcode cb WHERE cb.keyWord = :keyWord AND cb.customer = :customer ORDER BY id ASC
oct. 05, 2017 12:21:25 AM entity.ConfigSegment select
INFOS: FROM ConfigSegment bp ORDER BY segment ASC
oct. 05, 2017 12:21:26 AM entity.ConfigSegment select
INFOS: FROM ConfigSegment bp ORDER BY segment ASC
oct. 05, 2017 12:21:26 AM entity.ConfigWorkplace select
INFOS: FROM ConfigWorkplace bp ORDER BY workplace ASC
oct. 05, 2017 12:21:29 AM entity.ConfigSegment select
INFOS: FROM ConfigSegment bp ORDER BY segment ASC
oct. 05, 2017 12:21:29 AM entity.ConfigWorkplace select
INFOS: FROM ConfigWorkplace bp ORDER BY workplace ASC
oct. 05, 2017 12:21:34 AM helper.Helper InitDailyDestPrintDir
INFOS: File 2017_10_05.log already exists.Print directory [.\print\2017_10_05] already exist!
Print sub directory [.\print\2017_10_05.\open_sheet] already exist!
Print sub directory [.\print\2017_10_05.\closing_sheet] already exist!
Print sub directory [.\print\2017_10_05.\picking_label] already exist!
Print sub directory [.\print\2017_10_05.\dispatch_label] already exist!
Print directory [.\print\2017_10_05] already exist!
Print sub directory [.\print\2017_10_05.\open_sheet] already exist!
Print sub directory [.\print\2017_10_05.\closing_sheet] already exist!
Print sub directory [.\print\2017_10_05.\picking_label] already exist!
Print sub directory [.\print\2017_10_05.\dispatch_label] already exist!

oct. 05, 2017 12:21:34 AM helper.PrinterHelper saveAndPrintClosingSheet
INFOS: Set Closing Pallet item [34173] state to [IN_PROCESS]
oct. 05, 2017 12:21:34 AM print.PrintClosingPallet_A5 sentToDefaultDesktopPrinter
INFOS: Sending [.\print\2017_10_05\closing_sheet\PrintClosingPallet_A5_5101C861C_2017_10_05_00_21_34.pdf] to the default printer...
oct. 05, 2017 12:21:34 AM print.PrintClosingPallet_A5 sentToDefaultDesktopPrinter
INFOS: File [%s] has been printed.
oct. 05, 2017 12:21:34 AM helper.PrinterHelper saveAndPrintClosingSheet
INFOS: Set Closing Pallet [34173] state to [PRINTED]
oct. 05, 2017 12:22:18 AM helper.Helper InitDailyDestPrintDir
INFOS: File 2017_10_05.log already exists.Print directory [.\print\2017_10_05] already exist!
Print sub directory [.\print\2017_10_05.\open_sheet] already exist!
Print sub directory [.\print\2017_10_05.\closing_sheet] already exist!
Print sub directory [.\print\2017_10_05.\picking_label] already exist!
Print sub directory [.\print\2017_10_05.\dispatch_label] already exist!

oct. 05, 2017 12:22:20 AM entity.ConfigProject select
INFOS: FROM ConfigProject bp ORDER BY harnessType ASC
oct. 05, 2017 12:22:20 AM entity.ConfigProject select
INFOS: FROM ConfigProject bp ORDER BY harnessType ASC
oct. 05, 2017 12:22:25 AM gui.packaging.state.S010_UserCodeScan doAction
INFOS: Invalid matricule number or account locked !
oct. 05, 2017 12:22:27 AM gui.packaging.PACKAGING_UI0002_PasswordRequest connect
INFOS: User EZZIOURI OUSSAMA / ducati connected to host Oussama-PC at 2017-10-05 00:22:27 Project : DUCATI.
oct. 05, 2017 12:22:27 AM gui.packaging.PACKAGING_UI0002_PasswordRequest loadDotMatrixCodePatterns
INFOS: FROM ConfigBarcode cb WHERE cb.keyWord = :keyWord AND cb.customer = :customer ORDER BY id ASC
oct. 05, 2017 12:22:27 AM gui.packaging.PACKAGING_UI0002_PasswordRequest loadPartNumberCodePatterns
INFOS: FROM ConfigBarcode cb WHERE cb.keyWord = :keyWord AND cb.customer = :customer ORDER BY id ASC
oct. 05, 2017 12:22:29 AM entity.ConfigSegment select
INFOS: FROM ConfigSegment bp ORDER BY segment ASC
oct. 05, 2017 12:22:33 AM entity.ConfigSegment select
INFOS: FROM ConfigSegment bp ORDER BY segment ASC
oct. 05, 2017 12:22:33 AM entity.ConfigWorkplace select
INFOS: FROM ConfigWorkplace bp ORDER BY workplace ASC
oct. 05, 2017 12:22:37 AM helper.Helper InitDailyDestPrintDir
INFOS: File 2017_10_05.log already exists.Print directory [.\print\2017_10_05] already exist!
Print sub directory [.\print\2017_10_05.\open_sheet] already exist!
Print sub directory [.\print\2017_10_05.\closing_sheet] already exist!
Print sub directory [.\print\2017_10_05.\picking_label] already exist!
Print sub directory [.\print\2017_10_05.\dispatch_label] already exist!
Print directory [.\print\2017_10_05] already exist!
Print sub directory [.\print\2017_10_05.\open_sheet] already exist!
Print sub directory [.\print\2017_10_05.\closing_sheet] already exist!
Print sub directory [.\print\2017_10_05.\picking_label] already exist!
Print sub directory [.\print\2017_10_05.\dispatch_label] already exist!

oct. 05, 2017 12:22:37 AM helper.PrinterHelper saveAndPrintClosingSheet
INFOS: Set Closing Pallet item [34173] state to [IN_PROCESS]
oct. 05, 2017 12:22:37 AM print.PrintClosingPallet_A5 sentToDefaultDesktopPrinter
INFOS: Sending [.\print\2017_10_05\closing_sheet\PrintClosingPallet_A5_5101C861C_2017_10_05_00_22_37.pdf] to the default printer...
oct. 05, 2017 12:22:37 AM print.PrintClosingPallet_A5 sentToDefaultDesktopPrinter
INFOS: File [%s] has been printed.
oct. 05, 2017 12:22:37 AM helper.PrinterHelper saveAndPrintClosingSheet
INFOS: Set Closing Pallet [34173] state to [PRINTED]
oct. 05, 2017 12:23:14 AM helper.Helper InitDailyDestPrintDir
INFOS: File 2017_10_05.log already exists.Print directory [.\print\2017_10_05] already exist!
Print sub directory [.\print\2017_10_05.\open_sheet] already exist!
Print sub directory [.\print\2017_10_05.\closing_sheet] already exist!
Print sub directory [.\print\2017_10_05.\picking_label] already exist!
Print sub directory [.\print\2017_10_05.\dispatch_label] already exist!

oct. 05, 2017 12:23:15 AM entity.ConfigProject select
INFOS: FROM ConfigProject bp ORDER BY harnessType ASC
oct. 05, 2017 12:23:15 AM entity.ConfigProject select
INFOS: FROM ConfigProject bp ORDER BY harnessType ASC
oct. 05, 2017 12:23:23 AM entity.ConfigProject select
INFOS: FROM ConfigProject bp ORDER BY harnessType ASC
oct. 05, 2017 12:23:23 AM entity.ConfigProject select
INFOS: FROM ConfigProject bp ORDER BY harnessType ASC
oct. 05, 2017 12:23:26 AM gui.packaging.state.S010_UserCodeScan doAction
INFOS: Invalid matricule number or account locked !
oct. 05, 2017 12:23:29 AM gui.packaging.PACKAGING_UI0002_PasswordRequest connect
INFOS: User EZZIOURI OUSSAMA / ducati connected to host Oussama-PC at 2017-10-05 00:23:29 Project : DUCATI.
oct. 05, 2017 12:23:29 AM gui.packaging.PACKAGING_UI0002_PasswordRequest loadDotMatrixCodePatterns
INFOS: FROM ConfigBarcode cb WHERE cb.keyWord = :keyWord AND cb.customer = :customer ORDER BY id ASC
oct. 05, 2017 12:23:29 AM gui.packaging.PACKAGING_UI0002_PasswordRequest loadPartNumberCodePatterns
INFOS: FROM ConfigBarcode cb WHERE cb.keyWord = :keyWord AND cb.customer = :customer ORDER BY id ASC
oct. 05, 2017 12:23:31 AM entity.ConfigSegment select
INFOS: FROM ConfigSegment bp ORDER BY segment ASC
oct. 05, 2017 12:23:33 AM entity.ConfigSegment select
INFOS: FROM ConfigSegment bp ORDER BY segment ASC
oct. 05, 2017 12:23:33 AM entity.ConfigWorkplace select
INFOS: FROM ConfigWorkplace bp ORDER BY workplace ASC
oct. 05, 2017 12:23:36 AM helper.Helper InitDailyDestPrintDir
INFOS: File 2017_10_05.log already exists.Print directory [.\print\2017_10_05] already exist!
Print sub directory [.\print\2017_10_05.\open_sheet] already exist!
Print sub directory [.\print\2017_10_05.\closing_sheet] already exist!
Print sub directory [.\print\2017_10_05.\picking_label] already exist!
Print sub directory [.\print\2017_10_05.\dispatch_label] already exist!
Print directory [.\print\2017_10_05] already exist!
Print sub directory [.\print\2017_10_05.\open_sheet] already exist!
Print sub directory [.\print\2017_10_05.\closing_sheet] already exist!
Print sub directory [.\print\2017_10_05.\picking_label] already exist!
Print sub directory [.\print\2017_10_05.\dispatch_label] already exist!

oct. 05, 2017 12:23:36 AM helper.PrinterHelper saveAndPrintClosingSheet
INFOS: Set Closing Pallet item [34173] state to [IN_PROCESS]
oct. 05, 2017 12:23:36 AM print.PrintClosingPallet_A5 sentToDefaultDesktopPrinter
INFOS: Sending [.\print\2017_10_05\closing_sheet\PrintClosingPallet_A5_5101C861C_2017_10_05_00_23_36.pdf] to the default printer...
oct. 05, 2017 12:23:36 AM print.PrintClosingPallet_A5 sentToDefaultDesktopPrinter
INFOS: File [%s] has been printed.
oct. 05, 2017 12:23:36 AM helper.PrinterHelper saveAndPrintClosingSheet
INFOS: Set Closing Pallet [34173] state to [PRINTED]
oct. 05, 2017 12:24:05 AM entity.ConfigSegment select
INFOS: FROM ConfigSegment bp ORDER BY segment ASC
oct. 05, 2017 12:24:05 AM entity.ConfigSegment select
INFOS: FROM ConfigSegment bp ORDER BY segment ASC
oct. 05, 2017 12:24:05 AM entity.ConfigWorkplace select
INFOS: FROM ConfigWorkplace bp ORDER BY workplace ASC
oct. 05, 2017 12:24:07 AM entity.ConfigSegment select
INFOS: FROM ConfigSegment bp ORDER BY segment ASC
oct. 05, 2017 12:24:07 AM entity.ConfigWorkplace select
INFOS: FROM ConfigWorkplace bp ORDER BY workplace ASC
oct. 05, 2017 12:24:07 AM entity.ConfigSegment select
INFOS: FROM ConfigSegment bp ORDER BY segment ASC
oct. 05, 2017 12:24:07 AM entity.ConfigWorkplace select
INFOS: FROM ConfigWorkplace bp ORDER BY workplace ASC
oct. 05, 2017 12:24:07 AM entity.ConfigSegment select
INFOS: FROM ConfigSegment bp ORDER BY segment ASC
oct. 05, 2017 12:24:07 AM entity.ConfigWorkplace select
INFOS: FROM ConfigWorkplace bp ORDER BY workplace ASC
oct. 05, 2017 12:24:11 AM entity.ConfigSegment select
INFOS: FROM ConfigSegment bp ORDER BY segment ASC
oct. 05, 2017 12:24:11 AM entity.ConfigWorkplace select
INFOS: FROM ConfigWorkplace bp ORDER BY workplace ASC
oct. 05, 2017 12:24:16 AM entity.ConfigSegment select
INFOS: FROM ConfigSegment bp ORDER BY segment ASC
oct. 05, 2017 12:24:16 AM entity.ConfigWorkplace select
INFOS: FROM ConfigWorkplace bp ORDER BY workplace ASC
oct. 05, 2017 12:24:29 AM gui.config.CONFIG_UI0000_AUTH checkLoginAndPass
INFOS: User EZZIOURI OUSSAMA / ezou1001 connected to host Oussama-PC at 2017-10-05 00:24:29 Module : Planner.
oct. 05, 2017 12:24:30 AM entity.ConfigSegment select
INFOS: FROM ConfigSegment bp ORDER BY segment ASC
oct. 05, 2017 12:24:30 AM entity.ConfigWorkplace selectBySegment
INFOS: FROM ConfigWorkplace bp WHERE segment = :segment ORDER BY workplace ASC
oct. 05, 2017 12:24:30 AM entity.ConfigProject select
INFOS: FROM ConfigProject bp ORDER BY harnessType ASC
oct. 05, 2017 12:24:59 AM entity.ConfigUcs isHarnessPartExist
INFOS: Searching Harness part [5101C371D] in ConfigUCS: DUCATI
oct. 05, 2017 12:24:59 AM entity.ConfigUcs isHarnessPartExist
INFOS: Harness part [5101C371D] found for project [DUCATI].
oct. 05, 2017 12:24:59 AM gui.packaging.state.S020_HarnessPartScan doAction
INFOS: Harness Part scanned [P5101C371D] OK.
oct. 05, 2017 12:25:27 AM entity.BaseHarness checkDataMatrixFormat
INFOS: Invalid Counter scanned format [P5P5101C371D;05.10.2017;10:05:01]!
oct. 05, 2017 12:25:39 AM entity.BaseHarness isCounterExist
INFOS: Searching Harness counter [P5101C371D;05.10.2017;10:05:01] in BaseHarness.
oct. 05, 2017 12:25:39 AM entity.BaseHarness isCounterExist
INFOS: FROM BaseHarness bh WHERE bh.counter = :counter
oct. 05, 2017 12:25:39 AM gui.packaging.state.S030_MatrixIdScan doAction
INFOS: Valid Harness Counter scanned [P5101C371D;05.10.2017;10:05:01] OK.
oct. 05, 2017 12:25:41 AM gui.packaging.state.S040_PalletChoice doAction
INFOS: Is it a new pallet ?
oct. 05, 2017 12:25:41 AM gui.packaging.state.S040_PalletChoice doAction
INFOS:  [Yes]
oct. 05, 2017 12:25:54 AM helper.Helper InitDailyDestPrintDir
INFOS: File 2017_10_05.log already exists.Print directory [.\print\2017_10_05] already exist!
Print sub directory [.\print\2017_10_05.\open_sheet] already exist!
Print sub directory [.\print\2017_10_05.\closing_sheet] already exist!
Print sub directory [.\print\2017_10_05.\picking_label] already exist!
Print sub directory [.\print\2017_10_05.\dispatch_label] already exist!
Print directory [.\print\2017_10_05] already exist!
Print sub directory [.\print\2017_10_05.\open_sheet] already exist!
Print sub directory [.\print\2017_10_05.\closing_sheet] already exist!
Print sub directory [.\print\2017_10_05.\picking_label] already exist!
Print sub directory [.\print\2017_10_05.\dispatch_label] already exist!
Print directory [.\print\2017_10_05] already exist!
Print sub directory [.\print\2017_10_05.\open_sheet] already exist!
Print sub directory [.\print\2017_10_05.\closing_sheet] already exist!
Print sub directory [.\print\2017_10_05.\picking_label] already exist!
Print sub directory [.\print\2017_10_05.\dispatch_label] already exist!

oct. 05, 2017 12:25:54 AM helper.PrinterHelper saveAndPrintOpenSheet
INFOS: Set Pallet [200034896] state to [IN_PROCESS]
oct. 05, 2017 12:25:54 AM print.PrintOpenPallet_A5 sentToDefaultDesktopPrinter
INFOS: Sending [.\print\2017_10_05\open_sheet\PrintOpenPallet_A5_2017_10_05_00_25_54_5101C371D_200034896.pdf] to the default printer...
oct. 05, 2017 12:25:54 AM print.PrintOpenPallet_A5 sentToDefaultDesktopPrinter
INFOS: File [.\print\2017_10_05\open_sheet\PrintOpenPallet_A5_2017_10_05_00_25_54_5101C371D_200034896.pdf] has been printed.
oct. 05, 2017 12:25:54 AM helper.PrinterHelper saveAndPrintOpenSheet
INFOS: Set Pallet [200034896] state to [PRINTED]
oct. 05, 2017 12:25:54 AM gui.packaging.PACKAGING_UI9000_ChoosePackType loadConfigUcs
INFOS: Openning new container for first harness part [5101C371D].
oct. 05, 2017 12:26:05 AM gui.packaging.state.S041_NewPalletScan doAction
INFOS: Scanned Pallet number [200034896] OK.
oct. 05, 2017 12:26:05 AM gui.packaging.state.S041_NewPalletScan doAction
INFOS: BaseContainer created BaseContainer{id=34540, createTime=Thu Oct 05 00:26:05 WAT 2017, writeTime=Thu Oct 05 00:26:05 WAT 2017, createId=58, writeId=58, user=ezou1001, createUser=EZZIOURI OUSSAMA, startTime=Thu Oct 05 00:26:05 WAT 2017, closedTime=null, workTime=null, palletNumber=200034896, harnessPart=5101C371D, harnessIndex=1D, supplierPartNumber=26F139103, qtyExpected=1, qtyRead=1, containerState=OPEN, containerStateCode=1000, packType=C11, harnessType=DUCATI, stdTime=0.0, workstation=Oussama-PC, harnessList=[]} 
oct. 05, 2017 12:26:05 AM helper.Helper InitDailyDestPrintDir
INFOS: File 2017_10_05.log already exists.Print directory [.\print\2017_10_05] already exist!
Print sub directory [.\print\2017_10_05.\open_sheet] already exist!
Print sub directory [.\print\2017_10_05.\closing_sheet] already exist!
Print sub directory [.\print\2017_10_05.\picking_label] already exist!
Print sub directory [.\print\2017_10_05.\dispatch_label] already exist!
Print directory [.\print\2017_10_05] already exist!
Print sub directory [.\print\2017_10_05.\open_sheet] already exist!
Print sub directory [.\print\2017_10_05.\closing_sheet] already exist!
Print sub directory [.\print\2017_10_05.\picking_label] already exist!
Print sub directory [.\print\2017_10_05.\dispatch_label] already exist!
Print directory [.\print\2017_10_05] already exist!
Print sub directory [.\print\2017_10_05.\open_sheet] already exist!
Print sub directory [.\print\2017_10_05.\closing_sheet] already exist!
Print sub directory [.\print\2017_10_05.\picking_label] already exist!
Print sub directory [.\print\2017_10_05.\dispatch_label] already exist!
Print directory [.\print\2017_10_05] already exist!
Print sub directory [.\print\2017_10_05.\open_sheet] already exist!
Print sub directory [.\print\2017_10_05.\closing_sheet] already exist!
Print sub directory [.\print\2017_10_05.\picking_label] already exist!
Print sub directory [.\print\2017_10_05.\dispatch_label] already exist!

oct. 05, 2017 12:26:05 AM helper.PrinterHelper saveAndPrintClosingSheet
INFOS: Set Closing Pallet item [34174] state to [IN_PROCESS]
oct. 05, 2017 12:26:05 AM print.PrintClosingPallet_A5 sentToDefaultDesktopPrinter
INFOS: Sending [.\print\2017_10_05\closing_sheet\PrintClosingPallet_A5_5101C371D_2017_10_05_00_26_05.pdf] to the default printer...
oct. 05, 2017 12:26:06 AM print.PrintClosingPallet_A5 sentToDefaultDesktopPrinter
INFOS: File [%s] has been printed.
oct. 05, 2017 12:26:06 AM helper.PrinterHelper saveAndPrintClosingSheet
INFOS: Set Closing Pallet [34174] state to [PRINTED]
oct. 05, 2017 12:26:49 AM entity.ConfigSegment select
INFOS: FROM ConfigSegment bp ORDER BY segment ASC
oct. 05, 2017 12:26:49 AM entity.ConfigSegment select
INFOS: FROM ConfigSegment bp ORDER BY segment ASC
oct. 05, 2017 12:26:49 AM entity.ConfigWorkplace select
INFOS: FROM ConfigWorkplace bp ORDER BY workplace ASC
oct. 05, 2017 12:26:50 AM entity.ConfigSegment select
INFOS: FROM ConfigSegment bp ORDER BY segment ASC
oct. 05, 2017 12:26:50 AM entity.ConfigWorkplace select
INFOS: FROM ConfigWorkplace bp ORDER BY workplace ASC
oct. 05, 2017 12:26:51 AM entity.ConfigSegment select
INFOS: FROM ConfigSegment bp ORDER BY segment ASC
oct. 05, 2017 12:26:51 AM entity.ConfigWorkplace select
INFOS: FROM ConfigWorkplace bp ORDER BY workplace ASC
oct. 05, 2017 12:26:51 AM entity.ConfigSegment select
INFOS: FROM ConfigSegment bp ORDER BY segment ASC
oct. 05, 2017 12:26:51 AM entity.ConfigWorkplace select
INFOS: FROM ConfigWorkplace bp ORDER BY workplace ASC
oct. 05, 2017 12:26:52 AM entity.ConfigSegment select
INFOS: FROM ConfigSegment bp ORDER BY segment ASC
oct. 05, 2017 12:26:52 AM entity.ConfigWorkplace select
INFOS: FROM ConfigWorkplace bp ORDER BY workplace ASC
oct. 05, 2017 12:26:53 AM entity.ConfigWorkplace selectBySegment
INFOS: FROM ConfigWorkplace bp WHERE segment = :segment ORDER BY workplace ASC
oct. 05, 2017 12:26:53 AM entity.ConfigWorkplace selectBySegment
INFOS: FROM ConfigWorkplace bp WHERE segment = :segment ORDER BY workplace ASC
oct. 05, 2017 12:26:53 AM entity.ConfigWorkplace selectBySegment
INFOS: FROM ConfigWorkplace bp WHERE segment = :segment ORDER BY workplace ASC
oct. 05, 2017 12:26:53 AM entity.ConfigWorkplace selectBySegment
INFOS: FROM ConfigWorkplace bp WHERE segment = :segment ORDER BY workplace ASC
oct. 05, 2017 12:26:53 AM entity.ConfigWorkplace selectBySegment
INFOS: FROM ConfigWorkplace bp WHERE segment = :segment ORDER BY workplace ASC
oct. 05, 2017 12:26:53 AM entity.ConfigWorkplace selectBySegment
INFOS: FROM ConfigWorkplace bp WHERE segment = :segment ORDER BY workplace ASC
oct. 05, 2017 12:26:56 AM entity.ConfigWorkplace selectBySegment
INFOS: FROM ConfigWorkplace bp WHERE segment = :segment ORDER BY workplace ASC
oct. 05, 2017 12:27:03 AM entity.ConfigWorkplace selectBySegment
INFOS: FROM ConfigWorkplace bp WHERE segment = :segment ORDER BY workplace ASC
oct. 05, 2017 12:27:03 AM entity.ConfigWorkplace selectBySegment
INFOS: FROM ConfigWorkplace bp WHERE segment = :segment ORDER BY workplace ASC
oct. 05, 2017 12:27:05 AM entity.ConfigWorkplace selectBySegment
INFOS: FROM ConfigWorkplace bp WHERE segment = :segment ORDER BY workplace ASC
oct. 05, 2017 12:27:05 AM entity.ConfigWorkplace selectBySegment
INFOS: FROM ConfigWorkplace bp WHERE segment = :segment ORDER BY workplace ASC
oct. 05, 2017 12:27:10 AM entity.ConfigSegment select
INFOS: FROM ConfigSegment bp ORDER BY segment ASC
oct. 05, 2017 12:27:11 AM entity.ConfigSegment select
INFOS: FROM ConfigSegment bp ORDER BY segment ASC
oct. 05, 2017 12:27:11 AM entity.ConfigWorkplace select
INFOS: FROM ConfigWorkplace bp ORDER BY workplace ASC
oct. 05, 2017 12:27:13 AM entity.ConfigSegment select
INFOS: FROM ConfigSegment bp ORDER BY segment ASC
oct. 05, 2017 12:27:13 AM entity.ConfigWorkplace select
INFOS: FROM ConfigWorkplace bp ORDER BY workplace ASC
oct. 05, 2017 12:27:13 AM entity.ConfigSegment select
INFOS: FROM ConfigSegment bp ORDER BY segment ASC
oct. 05, 2017 12:27:13 AM entity.ConfigWorkplace select
INFOS: FROM ConfigWorkplace bp ORDER BY workplace ASC
oct. 05, 2017 12:27:17 AM entity.ConfigSegment select
INFOS: FROM ConfigSegment bp ORDER BY segment ASC
oct. 05, 2017 12:27:17 AM entity.ConfigWorkplace select
INFOS: FROM ConfigWorkplace bp ORDER BY workplace ASC
oct. 05, 2017 12:27:21 AM helper.Helper InitDailyDestPrintDir
INFOS: File 2017_10_05.log already exists.Print directory [.\print\2017_10_05] already exist!
Print sub directory [.\print\2017_10_05.\open_sheet] already exist!
Print sub directory [.\print\2017_10_05.\closing_sheet] already exist!
Print sub directory [.\print\2017_10_05.\picking_label] already exist!
Print sub directory [.\print\2017_10_05.\dispatch_label] already exist!
Print directory [.\print\2017_10_05] already exist!
Print sub directory [.\print\2017_10_05.\open_sheet] already exist!
Print sub directory [.\print\2017_10_05.\closing_sheet] already exist!
Print sub directory [.\print\2017_10_05.\picking_label] already exist!
Print sub directory [.\print\2017_10_05.\dispatch_label] already exist!
Print directory [.\print\2017_10_05] already exist!
Print sub directory [.\print\2017_10_05.\open_sheet] already exist!
Print sub directory [.\print\2017_10_05.\closing_sheet] already exist!
Print sub directory [.\print\2017_10_05.\picking_label] already exist!
Print sub directory [.\print\2017_10_05.\dispatch_label] already exist!
Print directory [.\print\2017_10_05] already exist!
Print sub directory [.\print\2017_10_05.\open_sheet] already exist!
Print sub directory [.\print\2017_10_05.\closing_sheet] already exist!
Print sub directory [.\print\2017_10_05.\picking_label] already exist!
Print sub directory [.\print\2017_10_05.\dispatch_label] already exist!
Print directory [.\print\2017_10_05] already exist!
Print sub directory [.\print\2017_10_05.\open_sheet] already exist!
Print sub directory [.\print\2017_10_05.\closing_sheet] already exist!
Print sub directory [.\print\2017_10_05.\picking_label] already exist!
Print sub directory [.\print\2017_10_05.\dispatch_label] already exist!

oct. 05, 2017 12:27:21 AM helper.PrinterHelper saveAndPrintClosingSheet
INFOS: Set Closing Pallet item [34174] state to [IN_PROCESS]
oct. 05, 2017 12:27:21 AM print.PrintClosingPallet_A5 sentToDefaultDesktopPrinter
INFOS: Sending [.\print\2017_10_05\closing_sheet\PrintClosingPallet_A5_5101C371D_2017_10_05_00_27_21.pdf] to the default printer...
oct. 05, 2017 12:27:21 AM print.PrintClosingPallet_A5 sentToDefaultDesktopPrinter
INFOS: File [%s] has been printed.
oct. 05, 2017 12:27:21 AM helper.PrinterHelper saveAndPrintClosingSheet
INFOS: Set Closing Pallet [34174] state to [PRINTED]
