nov. 28, 2016 12:51:39 PM helper.Helper InitDailyDestPrintDir
INFOS: Print directory [.\print\2016_11_28] is created!
Print sub directory [.\print\2016_11_28.\open_sheet] is created!
Print sub directory [.\print\2016_11_28.\closing_sheet] is created!
Print sub directory [.\print\2016_11_28.\picking_label] is created!
Print sub directory [.\print\2016_11_28.\dispatch_label] is created!

nov. 28, 2016 12:51:48 PM gui.warehouse_output.WAREHOUSE_OUT_UI0003_PasswordRequest connect
INFOS: User Admin SMALL / 9999 connected to host O-EZZIOURI at 2016-11-28 12:51:48 Dispatch interface : .
nov. 28, 2016 12:53:14 PM helper.Helper InitDailyDestPrintDir
INFOS: Print directory [.\print\2016_11_28] already exist!
Print sub directory [.\print\2016_11_28.\open_sheet] already exist!
Print sub directory [.\print\2016_11_28.\closing_sheet] already exist!
Print sub directory [.\print\2016_11_28.\picking_label] already exist!
Print sub directory [.\print\2016_11_28.\dispatch_label] already exist!

nov. 28, 2016 12:53:20 PM gui.warehouse_output.WAREHOUSE_OUT_UI0003_PasswordRequest connect
INFOS: User Admin SMALL / 9999 connected to host O-EZZIOURI at 2016-11-28 12:53:20 Dispatch interface : .
nov. 28, 2016 2:15:06 PM helper.Helper InitDailyDestPrintDir
INFOS: Print directory [.\print\2016_11_28] already exist!
Print sub directory [.\print\2016_11_28.\open_sheet] already exist!
Print sub directory [.\print\2016_11_28.\closing_sheet] already exist!
Print sub directory [.\print\2016_11_28.\picking_label] already exist!
Print sub directory [.\print\2016_11_28.\dispatch_label] already exist!

nov. 28, 2016 2:15:09 PM gui.packaging.PACKAGING_UI0001_Main loadBarcodeConfig
INFOS: FROM ConfigBarcode cb WHERE cb.keyWord = :keyWord ORDER BY id ASC
nov. 28, 2016 2:15:09 PM entity.ConfigProject select
INFOS: FROM ConfigProject bp ORDER BY harnessType ASC
nov. 28, 2016 2:15:10 PM entity.ConfigProject select
INFOS: FROM ConfigProject bp ORDER BY harnessType ASC
nov. 28, 2016 2:15:24 PM gui.warehouse_output.WAREHOUSE_OUT_UI0003_PasswordRequest connect
INFOS: User Admin SMALL / 9999 connected to host O-EZZIOURI at 2016-11-28 14:15:24 Dispatch interface : .
nov. 28, 2016 2:20:06 PM helper.Helper InitDailyDestPrintDir
INFOS: Print directory [.\print\2016_11_28] already exist!
Print sub directory [.\print\2016_11_28.\open_sheet] already exist!
Print sub directory [.\print\2016_11_28.\closing_sheet] already exist!
Print sub directory [.\print\2016_11_28.\picking_label] already exist!
Print sub directory [.\print\2016_11_28.\dispatch_label] already exist!

nov. 28, 2016 2:20:12 PM gui.warehouse_output.WAREHOUSE_OUT_UI0003_PasswordRequest connect
INFOS: User Admin SMALL / 9999 connected to host O-EZZIOURI at 2016-11-28 14:20:12 Dispatch interface : .
nov. 28, 2016 2:41:07 PM helper.Helper InitDailyDestPrintDir
INFOS: Print directory [.\print\2016_11_28] already exist!
Print sub directory [.\print\2016_11_28.\open_sheet] already exist!
Print sub directory [.\print\2016_11_28.\closing_sheet] already exist!
Print sub directory [.\print\2016_11_28.\picking_label] already exist!
Print sub directory [.\print\2016_11_28.\dispatch_label] already exist!

nov. 28, 2016 2:42:22 PM helper.Helper InitDailyDestPrintDir
INFOS: Print directory [.\print\2016_11_28] already exist!
Print sub directory [.\print\2016_11_28.\open_sheet] already exist!
Print sub directory [.\print\2016_11_28.\closing_sheet] already exist!
Print sub directory [.\print\2016_11_28.\picking_label] already exist!
Print sub directory [.\print\2016_11_28.\dispatch_label] already exist!

nov. 28, 2016 2:42:29 PM gui.warehouse_output.WAREHOUSE_OUT_UI0003_PasswordRequest connect
INFOS: User Admin SMALL / 9999 connected to host O-EZZIOURI at 2016-11-28 14:42:29 Dispatch interface : .
nov. 28, 2016 2:44:16 PM helper.Helper InitDailyDestPrintDir
INFOS: Print directory [.\print\2016_11_28] already exist!
Print sub directory [.\print\2016_11_28.\open_sheet] already exist!
Print sub directory [.\print\2016_11_28.\closing_sheet] already exist!
Print sub directory [.\print\2016_11_28.\picking_label] already exist!
Print sub directory [.\print\2016_11_28.\dispatch_label] already exist!

nov. 28, 2016 2:44:21 PM gui.warehouse_output.WAREHOUSE_OUT_UI0003_PasswordRequest connect
INFOS: User Admin SMALL / 9999 connected to host O-EZZIOURI at 2016-11-28 14:44:21 Dispatch interface : .
nov. 28, 2016 2:53:44 PM helper.Helper InitDailyDestPrintDir
INFOS: Print directory [.\print\2016_11_28] already exist!
Print sub directory [.\print\2016_11_28.\open_sheet] already exist!
Print sub directory [.\print\2016_11_28.\closing_sheet] already exist!
Print sub directory [.\print\2016_11_28.\picking_label] already exist!
Print sub directory [.\print\2016_11_28.\dispatch_label] already exist!

nov. 28, 2016 2:53:51 PM gui.warehouse_output.WAREHOUSE_OUT_UI0003_PasswordRequest connect
INFOS: User Admin SMALL / 9999 connected to host O-EZZIOURI at 2016-11-28 14:53:51 Dispatch interface : .
nov. 28, 2016 2:55:32 PM helper.Helper InitDailyDestPrintDir
INFOS: Print directory [.\print\2016_11_28] already exist!
Print sub directory [.\print\2016_11_28.\open_sheet] already exist!
Print sub directory [.\print\2016_11_28.\closing_sheet] already exist!
Print sub directory [.\print\2016_11_28.\picking_label] already exist!
Print sub directory [.\print\2016_11_28.\dispatch_label] already exist!

nov. 28, 2016 2:55:38 PM gui.warehouse_output.WAREHOUSE_OUT_UI0003_PasswordRequest connect
INFOS: User Admin SMALL / 9999 connected to host O-EZZIOURI at 2016-11-28 14:55:38 Dispatch interface : .
nov. 28, 2016 2:56:48 PM helper.Helper InitDailyDestPrintDir
INFOS: Print directory [.\print\2016_11_28] already exist!
Print sub directory [.\print\2016_11_28.\open_sheet] already exist!
Print sub directory [.\print\2016_11_28.\closing_sheet] already exist!
Print sub directory [.\print\2016_11_28.\picking_label] already exist!
Print sub directory [.\print\2016_11_28.\dispatch_label] already exist!

nov. 28, 2016 2:56:53 PM gui.warehouse_output.WAREHOUSE_OUT_UI0003_PasswordRequest connect
INFOS: User Admin SMALL / 9999 connected to host O-EZZIOURI at 2016-11-28 14:56:53 Dispatch interface : .
nov. 28, 2016 3:08:42 PM gui.packaging.PACKAGING_UI0001_Main loadBarcodeConfig
INFOS: FROM ConfigBarcode cb WHERE cb.keyWord = :keyWord ORDER BY id ASC
nov. 28, 2016 3:08:42 PM entity.ConfigProject select
INFOS: FROM ConfigProject bp ORDER BY harnessType ASC
nov. 28, 2016 3:08:42 PM entity.ConfigProject select
INFOS: FROM ConfigProject bp ORDER BY harnessType ASC
nov. 28, 2016 3:08:46 PM entity.ConfigProject select
INFOS: FROM ConfigProject bp ORDER BY harnessType ASC
nov. 28, 2016 3:20:44 PM gui.packaging.PACKAGING_UI0001_Main loadBarcodeConfig
INFOS: FROM ConfigBarcode cb WHERE cb.keyWord = :keyWord ORDER BY id ASC
nov. 28, 2016 3:20:44 PM entity.ConfigProject select
INFOS: FROM ConfigProject bp ORDER BY harnessType ASC
nov. 28, 2016 3:20:44 PM entity.ConfigProject select
INFOS: FROM ConfigProject bp ORDER BY harnessType ASC
nov. 28, 2016 3:21:35 PM entity.ConfigProject select
INFOS: FROM ConfigProject bp ORDER BY harnessType ASC
nov. 28, 2016 3:32:14 PM gui.packaging.PACKAGING_UI0001_Main loadBarcodeConfig
INFOS: FROM ConfigBarcode cb WHERE cb.keyWord = :keyWord ORDER BY id ASC
nov. 28, 2016 3:32:14 PM entity.ConfigProject select
INFOS: FROM ConfigProject bp ORDER BY harnessType ASC
nov. 28, 2016 3:32:14 PM entity.ConfigProject select
INFOS: FROM ConfigProject bp ORDER BY harnessType ASC
nov. 28, 2016 3:32:21 PM entity.ConfigProject select
INFOS: FROM ConfigProject bp ORDER BY harnessType ASC
nov. 28, 2016 3:37:09 PM helper.Helper InitDailyDestPrintDir
INFOS: Print directory [.\print\2016_11_28] already exist!
Print sub directory [.\print\2016_11_28.\open_sheet] already exist!
Print sub directory [.\print\2016_11_28.\closing_sheet] already exist!
Print sub directory [.\print\2016_11_28.\picking_label] already exist!
Print sub directory [.\print\2016_11_28.\dispatch_label] already exist!

nov. 28, 2016 3:37:11 PM gui.packaging.PACKAGING_UI0001_Main loadBarcodeConfig
INFOS: FROM ConfigBarcode cb WHERE cb.keyWord = :keyWord ORDER BY id ASC
nov. 28, 2016 3:37:11 PM entity.ConfigProject select
INFOS: FROM ConfigProject bp ORDER BY harnessType ASC
nov. 28, 2016 3:37:11 PM entity.ConfigProject select
INFOS: FROM ConfigProject bp ORDER BY harnessType ASC
nov. 28, 2016 3:37:14 PM entity.ConfigProject select
INFOS: FROM ConfigProject bp ORDER BY harnessType ASC
nov. 28, 2016 3:38:32 PM helper.Helper InitDailyDestPrintDir
INFOS: Print directory [.\print\2016_11_28] already exist!
Print sub directory [.\print\2016_11_28.\open_sheet] already exist!
Print sub directory [.\print\2016_11_28.\closing_sheet] already exist!
Print sub directory [.\print\2016_11_28.\picking_label] already exist!
Print sub directory [.\print\2016_11_28.\dispatch_label] already exist!

nov. 28, 2016 3:47:04 PM helper.Helper InitDailyDestPrintDir
INFOS: Print directory [.\print\2016_11_28] already exist!
Print sub directory [.\print\2016_11_28.\open_sheet] already exist!
Print sub directory [.\print\2016_11_28.\closing_sheet] already exist!
Print sub directory [.\print\2016_11_28.\picking_label] already exist!
Print sub directory [.\print\2016_11_28.\dispatch_label] already exist!

nov. 28, 2016 3:47:10 PM gui.packaging.PACKAGING_UI0001_Main loadBarcodeConfig
INFOS: FROM ConfigBarcode cb WHERE cb.keyWord = :keyWord ORDER BY id ASC
nov. 28, 2016 3:47:10 PM entity.ConfigProject select
INFOS: FROM ConfigProject bp ORDER BY harnessType ASC
nov. 28, 2016 3:47:10 PM entity.ConfigProject select
INFOS: FROM ConfigProject bp ORDER BY harnessType ASC
nov. 28, 2016 3:47:14 PM entity.ConfigProject select
INFOS: FROM ConfigProject bp ORDER BY harnessType ASC
nov. 28, 2016 4:41:14 PM gui.warehouse_output.WAREHOUSE_OUT_UI0003_PasswordRequest connect
INFOS: User Admin SMALL / 9999 connected to host O-EZZIOURI at 2016-11-28 16:41:14 Dispatch interface : .
nov. 28, 2016 4:43:33 PM gui.packaging.PACKAGING_UI0001_Main loadBarcodeConfig
INFOS: FROM ConfigBarcode cb WHERE cb.keyWord = :keyWord ORDER BY id ASC
nov. 28, 2016 4:43:33 PM entity.ConfigProject select
INFOS: FROM ConfigProject bp ORDER BY harnessType ASC
nov. 28, 2016 4:43:33 PM entity.ConfigProject select
INFOS: FROM ConfigProject bp ORDER BY harnessType ASC
