nov. 05, 2016 4:31:49 PM helper.Helper InitDailyDestPrintDir
INFOS: Print directory [.\print\2016_11_05] is created!
Print sub directory [.\print\2016_11_05.\open_sheet] is created!
Print sub directory [.\print\2016_11_05.\closing_sheet] is created!
Print sub directory [.\print\2016_11_05.\picking_label] is created!
Print sub directory [.\print\2016_11_05.\dispatch_label] is created!

nov. 05, 2016 4:32:00 PM gui.warehouse_output.WAREHOUSE_OUT_UI0002_DISPATCH_SCAN loadBarcodeConfig
INFOS: FROM ConfigBarcode cb WHERE cb.keyWord IN (:keyWords) ORDER BY id ASC
nov. 05, 2016 4:32:07 PM gui.warehouse_output.WAREHOUSE_OUT_UI0003_PasswordRequest connect
INFOS: User Admin ENGINE / 9999 connected to host O-EZZIOURI at 2016-11-05 16:32:07 Dispatch interface : .
nov. 05, 2016 4:54:26 PM helper.Helper InitDailyDestPrintDir
INFOS: Print directory [.\print\2016_11_05] already exist!
Print sub directory [.\print\2016_11_05.\open_sheet] already exist!
Print sub directory [.\print\2016_11_05.\closing_sheet] already exist!
Print sub directory [.\print\2016_11_05.\picking_label] already exist!
Print sub directory [.\print\2016_11_05.\dispatch_label] already exist!

nov. 05, 2016 4:55:00 PM helper.Helper InitDailyDestPrintDir
INFOS: Print directory [.\print\2016_11_05] already exist!
Print sub directory [.\print\2016_11_05.\open_sheet] already exist!
Print sub directory [.\print\2016_11_05.\closing_sheet] already exist!
Print sub directory [.\print\2016_11_05.\picking_label] already exist!
Print sub directory [.\print\2016_11_05.\dispatch_label] already exist!

nov. 05, 2016 4:55:02 PM gui.warehouse_output.WAREHOUSE_OUT_UI0002_DISPATCH_SCAN loadBarcodeConfig
INFOS: FROM ConfigBarcode cb WHERE cb.keyWord IN (:keyWords) ORDER BY id ASC
nov. 05, 2016 4:55:08 PM gui.warehouse_output.state.S010_DispatchUserCodeScan doAction
INFOS: Invalid matricule number or account locked !
nov. 05, 2016 4:55:20 PM gui.warehouse_output.WAREHOUSE_OUT_UI0003_PasswordRequest connect
INFOS: User Admin ENGINE / 9999 connected to host O-EZZIOURI at 2016-11-05 16:55:20 Dispatch interface : .
nov. 05, 2016 4:55:45 PM gui.warehouse_output.state.S020_PalletNumberScan doAction
INFOS: Invalid matricule number or account locked !
nov. 05, 2016 5:36:52 PM helper.Helper InitDailyDestPrintDir
INFOS: Print directory [.\print\2016_11_05] already exist!
Print sub directory [.\print\2016_11_05.\open_sheet] already exist!
Print sub directory [.\print\2016_11_05.\closing_sheet] already exist!
Print sub directory [.\print\2016_11_05.\picking_label] already exist!
Print sub directory [.\print\2016_11_05.\dispatch_label] already exist!

nov. 05, 2016 5:36:54 PM gui.warehouse_output.WAREHOUSE_OUT_UI0002_DISPATCH_SCAN loadBarcodeConfig
INFOS: FROM ConfigBarcode cb WHERE cb.keyWord IN (:keyWords) ORDER BY id ASC
nov. 05, 2016 5:36:59 PM gui.warehouse_output.WAREHOUSE_OUT_UI0003_PasswordRequest connect
INFOS: User Admin ENGINE / 9999 connected to host O-EZZIOURI at 2016-11-05 17:36:59 Dispatch interface : .
nov. 05, 2016 5:37:27 PM gui.packaging.PACKAGING_UI0001_Main loadBarcodeConfig
INFOS: FROM ConfigBarcode cb WHERE cb.keyWord = :keyWord ORDER BY id ASC
nov. 05, 2016 5:37:27 PM entity.ConfigProject select
INFOS: FROM ConfigProject bp ORDER BY harnessType ASC
nov. 05, 2016 5:37:27 PM entity.ConfigProject select
INFOS: FROM ConfigProject bp ORDER BY harnessType ASC
nov. 05, 2016 5:38:39 PM helper.Helper InitDailyDestPrintDir
INFOS: Print directory [.\print\2016_11_05] already exist!
Print sub directory [.\print\2016_11_05.\open_sheet] already exist!
Print sub directory [.\print\2016_11_05.\closing_sheet] already exist!
Print sub directory [.\print\2016_11_05.\picking_label] already exist!
Print sub directory [.\print\2016_11_05.\dispatch_label] already exist!

nov. 05, 2016 5:38:43 PM gui.warehouse_output.WAREHOUSE_OUT_UI0002_DISPATCH_SCAN loadBarcodeConfig
INFOS: FROM ConfigBarcode cb WHERE cb.keyWord IN (:keyWords) ORDER BY id ASC
nov. 05, 2016 5:38:48 PM gui.warehouse_output.WAREHOUSE_OUT_UI0003_PasswordRequest connect
INFOS: User Admin ENGINE / 9999 connected to host O-EZZIOURI at 2016-11-05 17:38:48 Dispatch interface : .
