avr. 13, 2016 8:43:58 AM helper.Helper InitDailyDestPrintDir
INFOS: Print directory [.\print\2016_04_13] is created!
Print sub directory [.\print\2016_04_13.\open_sheet] is created!
Print sub directory [.\print\2016_04_13.\closing_sheet] is created!
Print sub directory [.\print\2016_04_13.\picking_label] is created!

avr. 13, 2016 8:44:02 AM entity.ConfigProject select
INFOS: FROM ConfigProject bp ORDER BY harnessType ASC
avr. 13, 2016 8:44:02 AM entity.ConfigProject select
INFOS: FROM ConfigProject bp ORDER BY harnessType ASC
avr. 13, 2016 8:44:16 AM entity.ConfigProject select
INFOS: FROM ConfigProject bp ORDER BY harnessType ASC
avr. 13, 2016 8:44:55 AM entity.ConfigProject select
INFOS: FROM ConfigProject bp ORDER BY harnessType ASC
avr. 13, 2016 8:44:55 AM entity.ConfigProject select
INFOS: FROM ConfigProject bp ORDER BY harnessType ASC
avr. 13, 2016 8:45:17 AM helper.Helper InitDailyDestPrintDir
INFOS: Print directory [.\print\2016_04_13] already exist!
Print sub directory [.\print\2016_04_13.\open_sheet] already exist!
Print sub directory [.\print\2016_04_13.\closing_sheet] already exist!
Print sub directory [.\print\2016_04_13.\picking_label] already exist!

avr. 13, 2016 8:45:18 AM entity.ConfigProject select
INFOS: FROM ConfigProject bp ORDER BY harnessType ASC
avr. 13, 2016 8:45:18 AM entity.ConfigProject select
INFOS: FROM ConfigProject bp ORDER BY harnessType ASC
avr. 13, 2016 10:02:35 AM helper.Helper InitDailyDestPrintDir
INFOS: Print directory [.\print\2016_04_13] already exist!
Print sub directory [.\print\2016_04_13.\open_sheet] already exist!
Print sub directory [.\print\2016_04_13.\closing_sheet] already exist!
Print sub directory [.\print\2016_04_13.\picking_label] already exist!

avr. 13, 2016 10:02:41 AM entity.ConfigProject select
INFOS: FROM ConfigProject bp ORDER BY harnessType ASC
avr. 13, 2016 10:12:05 AM entity.ConfigProject select
INFOS: FROM ConfigProject bp ORDER BY harnessType ASC
avr. 13, 2016 10:12:17 AM helper.Helper InitDailyDestPrintDir
INFOS: Print directory [.\print\2016_04_13] already exist!
Print sub directory [.\print\2016_04_13.\open_sheet] already exist!
Print sub directory [.\print\2016_04_13.\closing_sheet] already exist!
Print sub directory [.\print\2016_04_13.\picking_label] already exist!

avr. 13, 2016 10:12:22 AM entity.ConfigProject select
INFOS: FROM ConfigProject bp ORDER BY harnessType ASC
avr. 13, 2016 10:17:37 AM helper.Helper InitDailyDestPrintDir
INFOS: Print directory [.\print\2016_04_13] already exist!
Print sub directory [.\print\2016_04_13.\open_sheet] already exist!
Print sub directory [.\print\2016_04_13.\closing_sheet] already exist!
Print sub directory [.\print\2016_04_13.\picking_label] already exist!

avr. 13, 2016 10:17:46 AM entity.ConfigProject select
INFOS: FROM ConfigProject bp ORDER BY harnessType ASC
avr. 13, 2016 4:11:48 PM helper.Helper InitDailyDestPrintDir
INFOS: Print directory [.\print\2016_04_13] already exist!
Print sub directory [.\print\2016_04_13.\open_sheet] already exist!
Print sub directory [.\print\2016_04_13.\closing_sheet] already exist!
Print sub directory [.\print\2016_04_13.\picking_label] already exist!

avr. 13, 2016 4:13:16 PM helper.Helper InitDailyDestPrintDir
INFOS: Print directory [.\print\2016_04_13] already exist!
Print sub directory [.\print\2016_04_13.\open_sheet] already exist!
Print sub directory [.\print\2016_04_13.\closing_sheet] already exist!
Print sub directory [.\print\2016_04_13.\picking_label] already exist!

avr. 13, 2016 4:13:39 PM entity.ConfigProject select
INFOS: FROM ConfigProject bp ORDER BY harnessType ASC
avr. 13, 2016 4:13:39 PM entity.ConfigProject select
INFOS: FROM ConfigProject bp ORDER BY harnessType ASC
avr. 13, 2016 4:22:09 PM helper.Helper InitDailyDestPrintDir
INFOS: Print directory [.\print\2016_04_13] already exist!
Print sub directory [.\print\2016_04_13.\open_sheet] already exist!
Print sub directory [.\print\2016_04_13.\closing_sheet] already exist!
Print sub directory [.\print\2016_04_13.\picking_label] already exist!

avr. 13, 2016 4:22:12 PM entity.ConfigProject select
INFOS: FROM ConfigProject bp ORDER BY harnessType ASC
avr. 13, 2016 4:22:12 PM entity.ConfigProject select
INFOS: FROM ConfigProject bp ORDER BY harnessType ASC
avr. 13, 2016 4:22:14 PM entity.ConfigProject select
INFOS: FROM ConfigProject bp ORDER BY harnessType ASC
avr. 13, 2016 4:32:33 PM helper.Helper InitDailyDestPrintDir
INFOS: Print directory [.\print\2016_04_13] already exist!
Print sub directory [.\print\2016_04_13.\open_sheet] already exist!
Print sub directory [.\print\2016_04_13.\closing_sheet] already exist!
Print sub directory [.\print\2016_04_13.\picking_label] already exist!

avr. 13, 2016 4:33:42 PM helper.Helper InitDailyDestPrintDir
INFOS: Print directory [.\print\2016_04_13] already exist!
Print sub directory [.\print\2016_04_13.\open_sheet] already exist!
Print sub directory [.\print\2016_04_13.\closing_sheet] already exist!
Print sub directory [.\print\2016_04_13.\picking_label] already exist!

avr. 13, 2016 4:34:07 PM entity.BaseContainer checkContainerByState
INFOS: Searching Container [200000419] in BaseContainer.
avr. 13, 2016 4:34:07 PM entity.BaseContainer checkContainerByState
INFOS: FROM BaseContainer bc WHERE bc.palletNumber = :palletNumber AND bc.containerState = :state
avr. 13, 2016 4:34:16 PM entity.ConfigProject select
INFOS: FROM ConfigProject bp ORDER BY harnessType ASC
avr. 13, 2016 4:36:04 PM helper.Helper InitDailyDestPrintDir
INFOS: Print directory [.\print\2016_04_13] already exist!
Print sub directory [.\print\2016_04_13.\open_sheet] already exist!
Print sub directory [.\print\2016_04_13.\closing_sheet] already exist!
Print sub directory [.\print\2016_04_13.\picking_label] already exist!

avr. 13, 2016 4:36:08 PM entity.ConfigProject select
INFOS: FROM ConfigProject bp ORDER BY harnessType ASC
avr. 13, 2016 4:36:08 PM entity.ConfigProject select
INFOS: FROM ConfigProject bp ORDER BY harnessType ASC
avr. 13, 2016 4:36:12 PM entity.ConfigProject select
INFOS: FROM ConfigProject bp ORDER BY harnessType ASC
avr. 13, 2016 4:36:26 PM entity.ConfigProject select
INFOS: FROM ConfigProject bp ORDER BY harnessType ASC
avr. 13, 2016 4:40:47 PM helper.Helper InitDailyDestPrintDir
INFOS: Print directory [.\print\2016_04_13] already exist!
Print sub directory [.\print\2016_04_13.\open_sheet] already exist!
Print sub directory [.\print\2016_04_13.\closing_sheet] already exist!
Print sub directory [.\print\2016_04_13.\picking_label] already exist!

avr. 13, 2016 4:40:48 PM entity.ConfigProject select
INFOS: FROM ConfigProject bp ORDER BY harnessType ASC
avr. 13, 2016 4:40:48 PM entity.ConfigProject select
INFOS: FROM ConfigProject bp ORDER BY harnessType ASC
avr. 13, 2016 4:40:49 PM entity.ConfigProject select
INFOS: FROM ConfigProject bp ORDER BY harnessType ASC
avr. 13, 2016 4:41:29 PM helper.Helper InitDailyDestPrintDir
INFOS: Print directory [.\print\2016_04_13] already exist!
Print sub directory [.\print\2016_04_13.\open_sheet] already exist!
Print sub directory [.\print\2016_04_13.\closing_sheet] already exist!
Print sub directory [.\print\2016_04_13.\picking_label] already exist!

avr. 13, 2016 4:41:31 PM entity.ConfigProject select
INFOS: FROM ConfigProject bp ORDER BY harnessType ASC
avr. 13, 2016 4:41:31 PM entity.ConfigProject select
INFOS: FROM ConfigProject bp ORDER BY harnessType ASC
avr. 13, 2016 4:41:33 PM entity.ConfigProject select
INFOS: FROM ConfigProject bp ORDER BY harnessType ASC
avr. 13, 2016 4:43:52 PM entity.ConfigProject select
INFOS: FROM ConfigProject bp ORDER BY harnessType ASC
avr. 13, 2016 4:44:21 PM entity.BaseContainer checkContainerByState
INFOS: Searching Container [200000242] in BaseContainer.
avr. 13, 2016 4:44:21 PM entity.BaseContainer checkContainerByState
INFOS: FROM BaseContainer bc WHERE bc.palletNumber = :palletNumber AND bc.containerState = :state
avr. 13, 2016 4:44:24 PM entity.BaseContainer checkContainerByState
INFOS: Searching Container [200000242] in BaseContainer.
avr. 13, 2016 4:44:24 PM entity.BaseContainer checkContainerByState
INFOS: FROM BaseContainer bc WHERE bc.palletNumber = :palletNumber AND bc.containerState = :state
avr. 13, 2016 4:44:26 PM entity.ConfigProject select
INFOS: FROM ConfigProject bp ORDER BY harnessType ASC
avr. 13, 2016 4:44:47 PM entity.BaseContainer checkContainerByState
INFOS: Searching Container [200000316] in BaseContainer.
avr. 13, 2016 4:44:47 PM entity.BaseContainer checkContainerByState
INFOS: FROM BaseContainer bc WHERE bc.palletNumber = :palletNumber AND bc.containerState = :state
avr. 13, 2016 4:45:17 PM entity.BaseContainer checkContainerByState
INFOS: Searching Container [0000316] in BaseContainer.
avr. 13, 2016 4:45:17 PM entity.BaseContainer checkContainerByState
INFOS: FROM BaseContainer bc WHERE bc.palletNumber = :palletNumber AND bc.containerState = :state
avr. 13, 2016 4:45:26 PM entity.BaseContainer checkContainerByState
INFOS: Searching Container [0000316] in BaseContainer.
avr. 13, 2016 4:45:26 PM entity.BaseContainer checkContainerByState
INFOS: FROM BaseContainer bc WHERE bc.palletNumber = :palletNumber AND bc.containerState = :state
avr. 13, 2016 4:45:35 PM entity.BaseContainer checkContainerByState
INFOS: Searching Container [0000316] in BaseContainer.
avr. 13, 2016 4:45:35 PM entity.BaseContainer checkContainerByState
INFOS: FROM BaseContainer bc WHERE bc.palletNumber = :palletNumber AND bc.containerState = :state
avr. 13, 2016 4:45:39 PM entity.BaseContainer checkContainerByState
INFOS: Searching Container [200000316] in BaseContainer.
avr. 13, 2016 4:45:39 PM entity.BaseContainer checkContainerByState
INFOS: FROM BaseContainer bc WHERE bc.palletNumber = :palletNumber AND bc.containerState = :state
avr. 13, 2016 4:47:50 PM helper.Helper InitDailyDestPrintDir
INFOS: Print directory [.\print\2016_04_13] already exist!
Print sub directory [.\print\2016_04_13.\open_sheet] already exist!
Print sub directory [.\print\2016_04_13.\closing_sheet] already exist!
Print sub directory [.\print\2016_04_13.\picking_label] already exist!

avr. 13, 2016 4:49:10 PM helper.Helper InitDailyDestPrintDir
INFOS: Print directory [.\print\2016_04_13] already exist!
Print sub directory [.\print\2016_04_13.\open_sheet] already exist!
Print sub directory [.\print\2016_04_13.\closing_sheet] already exist!
Print sub directory [.\print\2016_04_13.\picking_label] already exist!

avr. 13, 2016 4:52:08 PM helper.Helper InitDailyDestPrintDir
INFOS: Print directory [.\print\2016_04_13] already exist!
Print sub directory [.\print\2016_04_13.\open_sheet] already exist!
Print sub directory [.\print\2016_04_13.\closing_sheet] already exist!
Print sub directory [.\print\2016_04_13.\picking_label] already exist!

