oct. 10, 2016 8:20:07 AM helper.Helper InitDailyDestPrintDir
INFOS: Print directory [.\print\2016_10_10] is created!
Print sub directory [.\print\2016_10_10.\open_sheet] is created!
Print sub directory [.\print\2016_10_10.\closing_sheet] is created!
Print sub directory [.\print\2016_10_10.\picking_label] is created!

oct. 10, 2016 8:20:24 AM gui.packaging.PACKAGING_UI0001_Main loadBarcodeConfig
INFOS: FROM ConfigBarcode cb WHERE cb.keyWord = :keyWord ORDER BY id ASC
oct. 10, 2016 8:20:24 AM entity.ConfigProject select
INFOS: FROM ConfigProject bp ORDER BY harnessType ASC
oct. 10, 2016 8:20:24 AM entity.ConfigProject select
INFOS: FROM ConfigProject bp ORDER BY harnessType ASC
oct. 10, 2016 8:20:28 AM gui.packaging.PACKAGING_UI0002_PasswordRequest connect
INFOS: User Admin   / 9999 connected to host WSMA7040 at 2016-10-10 08:20:28 Project : ENGINE.
oct. 10, 2016 8:22:19 AM gui.packaging.PACKAGING_UI9001_DropContainerConfirmation ok_btnActionPerformed
INFOS: Droping harness list...1
oct. 10, 2016 8:22:28 AM gui.packaging.PACKAGING_UI9001_DropContainerConfirmation ok_btnActionPerformed
INFOS: Droping harness list...1
oct. 10, 2016 8:22:47 AM gui.packaging.PACKAGING_UI9001_DropContainerConfirmation ok_btnActionPerformed
INFOS: Droping harness list...5
oct. 10, 2016 8:22:51 AM entity.ConfigUcs isHarnessPartExist
INFOS: Searching Harness part [22701793] in ConfigUCS: ENGINE
oct. 10, 2016 8:22:51 AM entity.ConfigUcs isHarnessPartExist
INFOS: Harness part [22701793] found for project [ENGINE].
oct. 10, 2016 8:22:51 AM state.S020_HarnessPartScan doAction
INFOS: Harness Part scanned [P22701793] OK.
oct. 10, 2016 8:22:55 AM entity.BaseHarness isCounterExist
INFOS: Searching Harness counter [P2270179322112016112233] in BaseHarness.
oct. 10, 2016 8:22:55 AM entity.BaseHarness isCounterExist
INFOS: FROM BaseHarness bh WHERE bh.counter = :counter
oct. 10, 2016 8:22:55 AM state.S030_MatrixIdScan doAction
INFOS: Valid Harness Counter scanned [P2270179322112016112233] OK.
oct. 10, 2016 8:22:59 AM state.S040_PalletChoice doAction
INFOS: Is it a new pallet ?
oct. 10, 2016 8:22:59 AM state.S040_PalletChoice doAction
INFOS:  [Yes]
oct. 10, 2016 8:22:59 AM gui.packaging.PACKAGING_UI9000_ChoosePackType <init>
INFOS: Item found 22701793--26C37100A--P01--3RV--24--0.390057633333333
oct. 10, 2016 8:22:59 AM gui.packaging.PACKAGING_UI9000_ChoosePackType <init>
INFOS: 1 UCS founds for Harness Part[22701793].
oct. 10, 2016 8:23:04 AM gui.packaging.PACKAGING_UI9000_ChoosePackType mappingContextVals
INFOS: Selected pack type : 22701793--26C37100A--P01--3RV--24--0.390057633333333 
oct. 10, 2016 8:23:17 AM gui.packaging.PACKAGING_UI9000_ChoosePackType items_listKeyPressed
INFOS: Palette/Box déjà ouvert(e) du type 3RV dans ce poste WSMA7040, pour la référence 22630882.
Solution N° 1 : - Veuillez terminer le packaging de la palette 22701793 avant d'ouvrir une nouvelle palette de type 200000505.
Solution N° 2 : - Emballer cette référence dans un autre poste packaging.
oct. 10, 2016 12:54:23 PM helper.Helper InitDailyDestPrintDir
INFOS: Print directory [.\print\2016_10_10] already exist!
Print sub directory [.\print\2016_10_10.\open_sheet] already exist!
Print sub directory [.\print\2016_10_10.\closing_sheet] already exist!
Print sub directory [.\print\2016_10_10.\picking_label] already exist!

oct. 10, 2016 12:54:25 PM gui.packaging.PACKAGING_UI0001_Main loadBarcodeConfig
INFOS: FROM ConfigBarcode cb WHERE cb.keyWord = :keyWord ORDER BY id ASC
oct. 10, 2016 12:54:25 PM entity.ConfigProject select
INFOS: FROM ConfigProject bp ORDER BY harnessType ASC
oct. 10, 2016 12:54:25 PM entity.ConfigProject select
INFOS: FROM ConfigProject bp ORDER BY harnessType ASC
oct. 10, 2016 12:54:34 PM gui.packaging.PACKAGING_UI0002_PasswordRequest connect
INFOS: User Admin   / 9999 connected to host WSMA7040 at 2016-10-10 12:54:34 Project : ENGINE.
oct. 10, 2016 12:54:52 PM helper.Helper InitDailyDestPrintDir
INFOS: nullPrint directory [.\print\2016_10_10] already exist!
Print sub directory [.\print\2016_10_10.\open_sheet] already exist!
Print sub directory [.\print\2016_10_10.\closing_sheet] already exist!
Print sub directory [.\print\2016_10_10.\picking_label] already exist!

oct. 10, 2016 12:54:53 PM helper.PrinterHelper saveAndReprintOpenSheet
INFOS: Set Pallet [200000505] state to [IN_PROCESS]
oct. 10, 2016 12:54:53 PM print.PrintOpenPallet_A5 sentToDefaultDesktopPrinter
INFOS: Sending [.\print\2016_10_10\open_sheet\PrintOpenPallet_A5_2016_10_10_12_54_52_200000505.pdf] to the default printer...
oct. 10, 2016 12:54:53 PM print.PrintOpenPallet_A5 sentToDefaultDesktopPrinter
INFOS: File [%s] has been printed.
oct. 10, 2016 12:54:53 PM helper.PrinterHelper saveAndReprintOpenSheet
INFOS: Set Pallet [200000505] state to [PRINTED]
oct. 10, 2016 1:01:48 PM helper.Helper InitDailyDestPrintDir
INFOS: Print directory [.\print\2016_10_10] already exist!
Print sub directory [.\print\2016_10_10.\open_sheet] already exist!
Print sub directory [.\print\2016_10_10.\closing_sheet] already exist!
Print sub directory [.\print\2016_10_10.\picking_label] already exist!

oct. 10, 2016 1:01:51 PM gui.packaging.PACKAGING_UI0001_Main loadBarcodeConfig
INFOS: FROM ConfigBarcode cb WHERE cb.keyWord = :keyWord ORDER BY id ASC
oct. 10, 2016 1:01:51 PM entity.ConfigProject select
INFOS: FROM ConfigProject bp ORDER BY harnessType ASC
oct. 10, 2016 1:01:51 PM entity.ConfigProject select
INFOS: FROM ConfigProject bp ORDER BY harnessType ASC
oct. 10, 2016 1:01:55 PM gui.packaging.PACKAGING_UI0002_PasswordRequest connect
INFOS: User Admin   / 9999 connected to host WSMA7040 at 2016-10-10 13:01:55 Project : ENGINE.
oct. 10, 2016 1:03:22 PM helper.Helper InitDailyDestPrintDir
INFOS: nullPrint directory [.\print\2016_10_10] already exist!
Print sub directory [.\print\2016_10_10.\open_sheet] already exist!
Print sub directory [.\print\2016_10_10.\closing_sheet] already exist!
Print sub directory [.\print\2016_10_10.\picking_label] already exist!

oct. 10, 2016 1:03:23 PM helper.PrinterHelper saveAndReprintOpenSheet
INFOS: Set Pallet [200000503] state to [IN_PROCESS]
oct. 10, 2016 1:03:23 PM print.PrintOpenPallet_A5 sentToDefaultDesktopPrinter
INFOS: Sending [.\print\2016_10_10\open_sheet\PrintOpenPallet_A5_2016_10_10_13_03_22_200000503.pdf] to the default printer...
oct. 10, 2016 1:03:23 PM print.PrintOpenPallet_A5 sentToDefaultDesktopPrinter
INFOS: File [.\print\2016_10_10\open_sheet\PrintOpenPallet_A5_2016_10_10_13_03_22_200000503.pdf] has been printed.
oct. 10, 2016 1:03:23 PM helper.PrinterHelper saveAndReprintOpenSheet
INFOS: Set Pallet [200000503] state to [PRINTED]
oct. 10, 2016 1:05:55 PM helper.Helper InitDailyDestPrintDir
INFOS: Print directory [.\print\2016_10_10] already exist!
Print sub directory [.\print\2016_10_10.\open_sheet] already exist!
Print sub directory [.\print\2016_10_10.\closing_sheet] already exist!
Print sub directory [.\print\2016_10_10.\picking_label] already exist!

oct. 10, 2016 1:05:57 PM gui.packaging.PACKAGING_UI0001_Main loadBarcodeConfig
INFOS: FROM ConfigBarcode cb WHERE cb.keyWord = :keyWord ORDER BY id ASC
oct. 10, 2016 1:05:57 PM entity.ConfigProject select
INFOS: FROM ConfigProject bp ORDER BY harnessType ASC
oct. 10, 2016 1:05:57 PM entity.ConfigProject select
INFOS: FROM ConfigProject bp ORDER BY harnessType ASC
oct. 10, 2016 1:06:01 PM gui.packaging.PACKAGING_UI0002_PasswordRequest connect
INFOS: User Admin   / 9999 connected to host WSMA7040 at 2016-10-10 13:06:01 Project : ENGINE.
oct. 10, 2016 1:06:07 PM helper.Helper InitDailyDestPrintDir
INFOS: nullPrint directory [.\print\2016_10_10] already exist!
Print sub directory [.\print\2016_10_10.\open_sheet] already exist!
Print sub directory [.\print\2016_10_10.\closing_sheet] already exist!
Print sub directory [.\print\2016_10_10.\picking_label] already exist!

oct. 10, 2016 1:06:08 PM helper.PrinterHelper saveAndReprintOpenSheet
INFOS: Set Pallet [200000505] state to [IN_PROCESS]
oct. 10, 2016 1:06:08 PM print.PrintOpenPallet_A5 sentToDefaultDesktopPrinter
INFOS: Sending [.\print\2016_10_10\open_sheet\PrintOpenPallet_A5_2016_10_10_13_06_07_200000505.pdf] to the default printer...
oct. 10, 2016 1:06:08 PM print.PrintOpenPallet_A5 sentToDefaultDesktopPrinter
INFOS: File [.\print\2016_10_10\open_sheet\PrintOpenPallet_A5_2016_10_10_13_06_07_200000505.pdf] has been printed.
oct. 10, 2016 1:06:08 PM helper.PrinterHelper saveAndReprintOpenSheet
INFOS: Set Pallet [200000505] state to [PRINTED]
oct. 10, 2016 1:10:04 PM helper.Helper InitDailyDestPrintDir
INFOS: Print directory [.\print\2016_10_10] already exist!
Print sub directory [.\print\2016_10_10.\open_sheet] already exist!
Print sub directory [.\print\2016_10_10.\closing_sheet] already exist!
Print sub directory [.\print\2016_10_10.\picking_label] already exist!

oct. 10, 2016 1:10:04 PM gui.UI0000_ModuleChoice$6 run
INFOS: Target printer found: Win32 Printer : Send To OneNote 2010 
oct. 10, 2016 1:11:52 PM helper.Helper InitDailyDestPrintDir
INFOS: Print directory [.\print\2016_10_10] already exist!
Print sub directory [.\print\2016_10_10.\open_sheet] already exist!
Print sub directory [.\print\2016_10_10.\closing_sheet] already exist!
Print sub directory [.\print\2016_10_10.\picking_label] already exist!

oct. 10, 2016 1:11:52 PM gui.UI0000_ModuleChoice$6 run
INFOS: Target printer found: Win32 Printer : Send To OneNote 2010 
oct. 10, 2016 1:12:23 PM helper.Helper InitDailyDestPrintDir
INFOS: Print directory [.\print\2016_10_10] already exist!
Print sub directory [.\print\2016_10_10.\open_sheet] already exist!
Print sub directory [.\print\2016_10_10.\closing_sheet] already exist!
Print sub directory [.\print\2016_10_10.\picking_label] already exist!

oct. 10, 2016 1:12:23 PM gui.UI0000_ModuleChoice$6 run
INFOS: Target printer found: Win32 Printer : Send To OneNote 2010 
oct. 10, 2016 2:38:49 PM helper.Helper InitDailyDestPrintDir
INFOS: Print directory [.\print\2016_10_10] already exist!
Print sub directory [.\print\2016_10_10.\open_sheet] already exist!
Print sub directory [.\print\2016_10_10.\closing_sheet] already exist!
Print sub directory [.\print\2016_10_10.\picking_label] already exist!

oct. 10, 2016 2:38:51 PM gui.packaging.PACKAGING_UI0001_Main loadBarcodeConfig
INFOS: FROM ConfigBarcode cb WHERE cb.keyWord = :keyWord ORDER BY id ASC
oct. 10, 2016 2:38:51 PM entity.ConfigProject select
INFOS: FROM ConfigProject bp ORDER BY harnessType ASC
oct. 10, 2016 2:38:51 PM entity.ConfigProject select
INFOS: FROM ConfigProject bp ORDER BY harnessType ASC
oct. 10, 2016 2:38:58 PM gui.packaging.PACKAGING_UI0002_PasswordRequest connect
INFOS: User Admin   / 9999 connected to host WSMA7040 at 2016-10-10 14:38:58 Project : ENGINE.
oct. 10, 2016 2:39:04 PM helper.Helper InitDailyDestPrintDir
INFOS: nullPrint directory [.\print\2016_10_10] already exist!
Print sub directory [.\print\2016_10_10.\open_sheet] already exist!
Print sub directory [.\print\2016_10_10.\closing_sheet] already exist!
Print sub directory [.\print\2016_10_10.\picking_label] already exist!

oct. 10, 2016 2:39:05 PM helper.PrinterHelper saveAndReprintOpenSheet
INFOS: Set Pallet [200000503] state to [IN_PROCESS]
oct. 10, 2016 2:39:05 PM print.PrintOpenPallet_A5 sentToDefaultDesktopPrinter
INFOS: Sending [.\print\2016_10_10\open_sheet\PrintOpenPallet_A5_2016_10_10_14_39_04_200000503.pdf] to the default printer...
oct. 10, 2016 2:39:05 PM print.PrintOpenPallet_A5 sentToDefaultDesktopPrinter
INFOS: File [.\print\2016_10_10\open_sheet\PrintOpenPallet_A5_2016_10_10_14_39_04_200000503.pdf] has been printed.
oct. 10, 2016 2:39:05 PM helper.PrinterHelper saveAndReprintOpenSheet
INFOS: Set Pallet [200000503] state to [PRINTED]
oct. 10, 2016 2:39:14 PM helper.Helper InitDailyDestPrintDir
INFOS: nullPrint directory [.\print\2016_10_10] already exist!
Print sub directory [.\print\2016_10_10.\open_sheet] already exist!
Print sub directory [.\print\2016_10_10.\closing_sheet] already exist!
Print sub directory [.\print\2016_10_10.\picking_label] already exist!

oct. 10, 2016 2:39:14 PM helper.PrinterHelper saveAndReprintOpenSheet
INFOS: Set Pallet [200000503] state to [IN_PROCESS]
oct. 10, 2016 2:39:14 PM print.PrintOpenPallet_A5 sentToDefaultDesktopPrinter
INFOS: Sending [.\print\2016_10_10\open_sheet\PrintOpenPallet_A5_2016_10_10_14_39_14_200000503.pdf] to the default printer...
oct. 10, 2016 2:39:14 PM print.PrintOpenPallet_A5 sentToDefaultDesktopPrinter
INFOS: File [.\print\2016_10_10\open_sheet\PrintOpenPallet_A5_2016_10_10_14_39_14_200000503.pdf] has been printed.
oct. 10, 2016 2:39:14 PM helper.PrinterHelper saveAndReprintOpenSheet
INFOS: Set Pallet [200000503] state to [PRINTED]
oct. 10, 2016 6:38:06 PM helper.Helper InitDailyDestPrintDir
INFOS: Print directory [.\print\2016_10_10] already exist!
Print sub directory [.\print\2016_10_10.\open_sheet] already exist!
Print sub directory [.\print\2016_10_10.\closing_sheet] already exist!
Print sub directory [.\print\2016_10_10.\picking_label] already exist!

oct. 10, 2016 6:38:08 PM gui.packaging.PACKAGING_UI0001_Main loadBarcodeConfig
INFOS: FROM ConfigBarcode cb WHERE cb.keyWord = :keyWord ORDER BY id ASC
oct. 10, 2016 6:38:08 PM entity.ConfigProject select
INFOS: FROM ConfigProject bp ORDER BY harnessType ASC
oct. 10, 2016 6:38:08 PM entity.ConfigProject select
INFOS: FROM ConfigProject bp ORDER BY harnessType ASC
oct. 10, 2016 6:38:09 PM entity.ConfigProject select
INFOS: FROM ConfigProject bp ORDER BY harnessType ASC
oct. 10, 2016 6:38:43 PM helper.Helper InitDailyDestPrintDir
INFOS: Print directory [.\print\2016_10_10] already exist!
Print sub directory [.\print\2016_10_10.\open_sheet] already exist!
Print sub directory [.\print\2016_10_10.\closing_sheet] already exist!
Print sub directory [.\print\2016_10_10.\picking_label] already exist!

oct. 10, 2016 6:38:44 PM gui.packaging.PACKAGING_UI0001_Main loadBarcodeConfig
INFOS: FROM ConfigBarcode cb WHERE cb.keyWord = :keyWord ORDER BY id ASC
oct. 10, 2016 6:38:44 PM entity.ConfigProject select
INFOS: FROM ConfigProject bp ORDER BY harnessType ASC
oct. 10, 2016 6:38:44 PM entity.ConfigProject select
INFOS: FROM ConfigProject bp ORDER BY harnessType ASC
oct. 10, 2016 6:38:49 PM entity.ConfigProject select
INFOS: FROM ConfigProject bp ORDER BY harnessType ASC
oct. 10, 2016 6:39:49 PM helper.Helper InitDailyDestPrintDir
INFOS: Print directory [.\print\2016_10_10] already exist!
Print sub directory [.\print\2016_10_10.\open_sheet] already exist!
Print sub directory [.\print\2016_10_10.\closing_sheet] already exist!
Print sub directory [.\print\2016_10_10.\picking_label] already exist!

oct. 10, 2016 6:39:50 PM gui.packaging.PACKAGING_UI0001_Main loadBarcodeConfig
INFOS: FROM ConfigBarcode cb WHERE cb.keyWord = :keyWord ORDER BY id ASC
oct. 10, 2016 6:39:50 PM entity.ConfigProject select
INFOS: FROM ConfigProject bp ORDER BY harnessType ASC
oct. 10, 2016 6:39:50 PM entity.ConfigProject select
INFOS: FROM ConfigProject bp ORDER BY harnessType ASC
oct. 10, 2016 6:39:52 PM entity.ConfigProject select
INFOS: FROM ConfigProject bp ORDER BY harnessType ASC
oct. 10, 2016 6:40:21 PM helper.Helper InitDailyDestPrintDir
INFOS: Print directory [.\print\2016_10_10] already exist!
Print sub directory [.\print\2016_10_10.\open_sheet] already exist!
Print sub directory [.\print\2016_10_10.\closing_sheet] already exist!
Print sub directory [.\print\2016_10_10.\picking_label] already exist!

oct. 10, 2016 6:40:22 PM gui.packaging.PACKAGING_UI0001_Main loadBarcodeConfig
INFOS: FROM ConfigBarcode cb WHERE cb.keyWord = :keyWord ORDER BY id ASC
oct. 10, 2016 6:40:22 PM entity.ConfigProject select
INFOS: FROM ConfigProject bp ORDER BY harnessType ASC
oct. 10, 2016 6:40:22 PM entity.ConfigProject select
INFOS: FROM ConfigProject bp ORDER BY harnessType ASC
oct. 10, 2016 6:40:24 PM entity.ConfigProject select
INFOS: FROM ConfigProject bp ORDER BY harnessType ASC
oct. 10, 2016 6:41:49 PM helper.Helper InitDailyDestPrintDir
INFOS: Print directory [.\print\2016_10_10] already exist!
Print sub directory [.\print\2016_10_10.\open_sheet] already exist!
Print sub directory [.\print\2016_10_10.\closing_sheet] already exist!
Print sub directory [.\print\2016_10_10.\picking_label] already exist!

oct. 10, 2016 6:41:51 PM gui.packaging.PACKAGING_UI0001_Main loadBarcodeConfig
INFOS: FROM ConfigBarcode cb WHERE cb.keyWord = :keyWord ORDER BY id ASC
oct. 10, 2016 6:41:51 PM entity.ConfigProject select
INFOS: FROM ConfigProject bp ORDER BY harnessType ASC
oct. 10, 2016 6:41:51 PM entity.ConfigProject select
INFOS: FROM ConfigProject bp ORDER BY harnessType ASC
oct. 10, 2016 6:41:52 PM entity.ConfigProject select
INFOS: FROM ConfigProject bp ORDER BY harnessType ASC
oct. 10, 2016 6:42:22 PM helper.Helper InitDailyDestPrintDir
INFOS: Print directory [.\print\2016_10_10] already exist!
Print sub directory [.\print\2016_10_10.\open_sheet] already exist!
Print sub directory [.\print\2016_10_10.\closing_sheet] already exist!
Print sub directory [.\print\2016_10_10.\picking_label] already exist!

oct. 10, 2016 6:42:23 PM gui.packaging.PACKAGING_UI0001_Main loadBarcodeConfig
INFOS: FROM ConfigBarcode cb WHERE cb.keyWord = :keyWord ORDER BY id ASC
oct. 10, 2016 6:42:23 PM entity.ConfigProject select
INFOS: FROM ConfigProject bp ORDER BY harnessType ASC
oct. 10, 2016 6:42:23 PM entity.ConfigProject select
INFOS: FROM ConfigProject bp ORDER BY harnessType ASC
oct. 10, 2016 6:42:25 PM entity.ConfigProject select
INFOS: FROM ConfigProject bp ORDER BY harnessType ASC
oct. 10, 2016 6:42:49 PM helper.Helper InitDailyDestPrintDir
INFOS: Print directory [.\print\2016_10_10] already exist!
Print sub directory [.\print\2016_10_10.\open_sheet] already exist!
Print sub directory [.\print\2016_10_10.\closing_sheet] already exist!
Print sub directory [.\print\2016_10_10.\picking_label] already exist!

oct. 10, 2016 6:42:50 PM gui.packaging.PACKAGING_UI0001_Main loadBarcodeConfig
INFOS: FROM ConfigBarcode cb WHERE cb.keyWord = :keyWord ORDER BY id ASC
oct. 10, 2016 6:42:50 PM entity.ConfigProject select
INFOS: FROM ConfigProject bp ORDER BY harnessType ASC
oct. 10, 2016 6:42:50 PM entity.ConfigProject select
INFOS: FROM ConfigProject bp ORDER BY harnessType ASC
oct. 10, 2016 6:42:52 PM entity.ConfigProject select
INFOS: FROM ConfigProject bp ORDER BY harnessType ASC
oct. 10, 2016 6:42:55 PM entity.ConfigProject select
INFOS: FROM ConfigProject bp ORDER BY harnessType ASC
