mars 29, 2016 8:36:13 AM helper.Helper InitDailyDestPrintDir
INFOS: Print directory [.\print\2016_03_29] is created!
Print sub directory [.\print\2016_03_29.\open_sheet] is created!
Print sub directory [.\print\2016_03_29.\closing_sheet] is created!

mars 29, 2016 8:36:17 AM gui.planner.PLANNER_UI0002_AdminPassword checkLoginAndPass
INFOS: User Admin   / 0 connected to host WSMA7040 at 2016-03-29 08:36:17 Module : Planner.
mars 29, 2016 8:36:17 AM entity.ConfigProject select
INFOS: FROM ConfigProject bp ORDER BY harnessType ASC
mars 29, 2016 8:36:17 AM entity.ConfigShift select
INFOS: FROM ConfigShift cs ORDER BY startHour ASC
mars 29, 2016 1:16:44 PM helper.Helper InitDailyDestPrintDir
INFOS: Print directory [.\print\2016_03_29] already exist!
Print sub directory [.\print\2016_03_29.\open_sheet] already exist!
Print sub directory [.\print\2016_03_29.\closing_sheet] already exist!

mars 29, 2016 1:16:48 PM gui.planner.PLANNER_UI0002_AdminPassword checkLoginAndPass
INFOS: User Admin   / 0 connected to host WSMA7040 at 2016-03-29 13:16:48 Module : Planner.
mars 29, 2016 1:16:49 PM entity.ConfigProject select
INFOS: FROM ConfigProject bp ORDER BY harnessType ASC
mars 29, 2016 1:16:49 PM entity.ConfigShift select
INFOS: FROM ConfigShift cs ORDER BY startHour ASC
mars 29, 2016 1:18:08 PM helper.Helper InitDailyDestPrintDir
INFOS: Print directory [.\print\2016_03_29] already exist!
Print sub directory [.\print\2016_03_29.\open_sheet] already exist!
Print sub directory [.\print\2016_03_29.\closing_sheet] already exist!

mars 29, 2016 1:18:12 PM gui.planner.PLANNER_UI0002_AdminPassword checkLoginAndPass
INFOS: User Admin   / 0 connected to host WSMA7040 at 2016-03-29 13:18:12 Module : Planner.
mars 29, 2016 1:18:13 PM entity.ConfigProject select
INFOS: FROM ConfigProject bp ORDER BY harnessType ASC
mars 29, 2016 1:18:13 PM entity.ConfigShift select
INFOS: FROM ConfigShift cs ORDER BY startHour ASC
mars 29, 2016 2:23:02 PM helper.Helper InitDailyDestPrintDir
INFOS: Print directory [.\print\2016_03_29] already exist!
Print sub directory [.\print\2016_03_29.\open_sheet] already exist!
Print sub directory [.\print\2016_03_29.\closing_sheet] already exist!

mars 29, 2016 2:26:16 PM helper.Helper InitDailyDestPrintDir
INFOS: Print directory [.\print\2016_03_29] already exist!
Print sub directory [.\print\2016_03_29.\open_sheet] already exist!
Print sub directory [.\print\2016_03_29.\closing_sheet] already exist!

mars 29, 2016 2:27:00 PM helper.Helper InitDailyDestPrintDir
INFOS: Print directory [.\print\2016_03_29] already exist!
Print sub directory [.\print\2016_03_29.\open_sheet] already exist!
Print sub directory [.\print\2016_03_29.\closing_sheet] already exist!

mars 29, 2016 2:27:06 PM gui.planner.PLANNER_UI0002_AdminPassword checkLoginAndPass
INFOS: User Admin   / 0 connected to host WSMA7040 at 2016-03-29 14:27:06 Module : Planner.
mars 29, 2016 2:27:06 PM entity.ConfigProject select
INFOS: FROM ConfigProject bp ORDER BY harnessType ASC
mars 29, 2016 2:27:06 PM entity.ConfigShift select
INFOS: FROM ConfigShift cs ORDER BY startHour ASC
mars 29, 2016 2:28:53 PM helper.Helper InitDailyDestPrintDir
INFOS: Print directory [.\print\2016_03_29] already exist!
Print sub directory [.\print\2016_03_29.\open_sheet] already exist!
Print sub directory [.\print\2016_03_29.\closing_sheet] already exist!

mars 29, 2016 2:28:57 PM gui.planner.PLANNER_UI0002_AdminPassword checkLoginAndPass
INFOS: User Admin   / 0 connected to host WSMA7040 at 2016-03-29 14:28:57 Module : Planner.
mars 29, 2016 2:28:58 PM entity.ConfigProject select
INFOS: FROM ConfigProject bp ORDER BY harnessType ASC
mars 29, 2016 2:28:58 PM entity.ConfigShift select
INFOS: FROM ConfigShift cs ORDER BY startHour ASC
mars 29, 2016 2:35:11 PM helper.Helper InitDailyDestPrintDir
INFOS: Print directory [.\print\2016_03_29] already exist!
Print sub directory [.\print\2016_03_29.\open_sheet] already exist!
Print sub directory [.\print\2016_03_29.\closing_sheet] already exist!

mars 29, 2016 2:35:15 PM gui.planner.PLANNER_UI0002_AdminPassword checkLoginAndPass
INFOS: User Admin   / 0 connected to host WSMA7040 at 2016-03-29 14:35:15 Module : Planner.
mars 29, 2016 2:35:15 PM entity.ConfigProject select
INFOS: FROM ConfigProject bp ORDER BY harnessType ASC
mars 29, 2016 2:35:15 PM entity.ConfigShift select
INFOS: FROM ConfigShift cs ORDER BY startHour ASC
mars 29, 2016 2:36:55 PM helper.Helper InitDailyDestPrintDir
INFOS: Print directory [.\print\2016_03_29] already exist!
Print sub directory [.\print\2016_03_29.\open_sheet] already exist!
Print sub directory [.\print\2016_03_29.\closing_sheet] already exist!

mars 29, 2016 2:36:57 PM gui.planner.PLANNER_UI0002_AdminPassword checkLoginAndPass
INFOS: User Admin   / 0 connected to host WSMA7040 at 2016-03-29 14:36:57 Module : Planner.
mars 29, 2016 2:36:57 PM entity.ConfigProject select
INFOS: FROM ConfigProject bp ORDER BY harnessType ASC
mars 29, 2016 2:36:57 PM entity.ConfigShift select
INFOS: FROM ConfigShift cs ORDER BY startHour ASC
mars 29, 2016 2:39:35 PM helper.Helper InitDailyDestPrintDir
INFOS: Print directory [.\print\2016_03_29] already exist!
Print sub directory [.\print\2016_03_29.\open_sheet] already exist!
Print sub directory [.\print\2016_03_29.\closing_sheet] already exist!

mars 29, 2016 2:39:37 PM gui.planner.PLANNER_UI0002_AdminPassword checkLoginAndPass
INFOS: User Admin   / 0 connected to host WSMA7040 at 2016-03-29 14:39:37 Module : Planner.
mars 29, 2016 2:39:37 PM entity.ConfigProject select
INFOS: FROM ConfigProject bp ORDER BY harnessType ASC
mars 29, 2016 2:39:37 PM entity.ConfigShift select
INFOS: FROM ConfigShift cs ORDER BY startHour ASC
mars 29, 2016 2:40:30 PM helper.Helper InitDailyDestPrintDir
INFOS: Print directory [.\print\2016_03_29] already exist!
Print sub directory [.\print\2016_03_29.\open_sheet] already exist!
Print sub directory [.\print\2016_03_29.\closing_sheet] already exist!

mars 29, 2016 2:40:34 PM gui.planner.PLANNER_UI0002_AdminPassword checkLoginAndPass
INFOS: User Admin   / 0 connected to host WSMA7040 at 2016-03-29 14:40:34 Module : Planner.
mars 29, 2016 2:40:35 PM entity.ConfigProject select
INFOS: FROM ConfigProject bp ORDER BY harnessType ASC
mars 29, 2016 2:40:35 PM entity.ConfigShift select
INFOS: FROM ConfigShift cs ORDER BY startHour ASC
mars 29, 2016 4:14:10 PM helper.Helper InitDailyDestPrintDir
INFOS: Print directory [.\print\2016_03_29] already exist!
Print sub directory [.\print\2016_03_29.\open_sheet] already exist!
Print sub directory [.\print\2016_03_29.\closing_sheet] already exist!

mars 29, 2016 4:14:15 PM gui.planner.PLANNER_UI0002_AdminPassword checkLoginAndPass
INFOS: User Admin   / 0 connected to host WSMA7040 at 2016-03-29 16:14:15 Module : Planner.
mars 29, 2016 4:14:15 PM entity.ConfigProject select
INFOS: FROM ConfigProject bp ORDER BY harnessType ASC
mars 29, 2016 4:14:15 PM entity.ConfigShift select
INFOS: FROM ConfigShift cs ORDER BY startHour ASC
mars 29, 2016 4:30:15 PM helper.Helper InitDailyDestPrintDir
INFOS: Print directory [.\print\2016_03_29] already exist!
Print sub directory [.\print\2016_03_29.\open_sheet] already exist!
Print sub directory [.\print\2016_03_29.\closing_sheet] already exist!

mars 29, 2016 4:30:30 PM gui.planner.PLANNER_UI0002_AdminPassword checkLoginAndPass
INFOS: User Admin   / 0 connected to host WSMA7040 at 2016-03-29 16:30:30 Module : Planner.
mars 29, 2016 4:30:30 PM entity.ConfigProject select
INFOS: FROM ConfigProject bp ORDER BY harnessType ASC
mars 29, 2016 4:30:30 PM entity.ConfigShift select
INFOS: FROM ConfigShift cs ORDER BY startHour ASC
mars 29, 2016 4:31:11 PM helper.Helper InitDailyDestPrintDir
INFOS: Print directory [.\print\2016_03_29] already exist!
Print sub directory [.\print\2016_03_29.\open_sheet] already exist!
Print sub directory [.\print\2016_03_29.\closing_sheet] already exist!

mars 29, 2016 4:31:17 PM gui.planner.PLANNER_UI0002_AdminPassword checkLoginAndPass
INFOS: User Admin   / 0 connected to host WSMA7040 at 2016-03-29 16:31:17 Module : Planner.
mars 29, 2016 4:31:18 PM entity.ConfigProject select
INFOS: FROM ConfigProject bp ORDER BY harnessType ASC
mars 29, 2016 4:31:18 PM entity.ConfigShift select
INFOS: FROM ConfigShift cs ORDER BY startHour ASC
mars 29, 2016 4:35:27 PM helper.Helper InitDailyDestPrintDir
INFOS: Print directory [.\print\2016_03_29] already exist!
Print sub directory [.\print\2016_03_29.\open_sheet] already exist!
Print sub directory [.\print\2016_03_29.\closing_sheet] already exist!

mars 29, 2016 4:35:30 PM gui.planner.PLANNER_UI0002_AdminPassword checkLoginAndPass
INFOS: User Admin   / 0 connected to host WSMA7040 at 2016-03-29 16:35:30 Module : Planner.
mars 29, 2016 4:35:30 PM entity.ConfigProject select
INFOS: FROM ConfigProject bp ORDER BY harnessType ASC
mars 29, 2016 4:35:30 PM entity.ConfigShift select
INFOS: FROM ConfigShift cs ORDER BY startHour ASC
mars 29, 2016 4:36:48 PM helper.Helper InitDailyDestPrintDir
INFOS: Print directory [.\print\2016_03_29] already exist!
Print sub directory [.\print\2016_03_29.\open_sheet] already exist!
Print sub directory [.\print\2016_03_29.\closing_sheet] already exist!

mars 29, 2016 4:36:50 PM gui.planner.PLANNER_UI0002_AdminPassword checkLoginAndPass
INFOS: User Admin   / 0 connected to host WSMA7040 at 2016-03-29 16:36:50 Module : Planner.
mars 29, 2016 4:36:50 PM entity.ConfigProject select
INFOS: FROM ConfigProject bp ORDER BY harnessType ASC
mars 29, 2016 4:36:50 PM entity.ConfigShift select
INFOS: FROM ConfigShift cs ORDER BY startHour ASC
