juin 13, 2017 12:12:07 PM helper.Helper InitDailyDestPrintDir
INFOS: Print directory [.\print\2017_06_13] is created!
Print sub directory [.\print\2017_06_13.\open_sheet] is created!
Print sub directory [.\print\2017_06_13.\closing_sheet] is created!
Print sub directory [.\print\2017_06_13.\picking_label] is created!
Print sub directory [.\print\2017_06_13.\dispatch_label] is created!

juin 13, 2017 12:12:22 PM gui.packaging_warehouse.PACKAGING_WAREHOUSE_UI0001_PasswordRequest connect
INFOS: User OUSSAMA EZZIOURI / ezou1001 connected to host WSMA7040 at 2017-06-13 12:12:22 Packaging warehouse interface : .
juin 13, 2017 12:27:17 PM gui.warehouse_dispatch.WAREHOUSE_DISPATCH_UI0003_PasswordRequest connect
INFOS: User OUSSAMA EZZIOURI / ezou1001 connected to host WSMA7040 at 2017-06-13 12:27:17 Dispatch interface : .
juin 13, 2017 12:42:02 PM gui.config.CONFIG_UI0000_AdminPassword checkLoginAndPass
INFOS: User OUSSAMA EZZIOURI / ezou1001 connected to host WSMA7040 at 2017-06-13 12:42:02 Module : Planner.
juin 13, 2017 12:42:02 PM entity.ConfigSegment select
INFOS: FROM ConfigSegment bp ORDER BY segment ASC
juin 13, 2017 12:42:02 PM entity.ConfigWorkplace selectBySegment
INFOS: FROM ConfigWorkplace bp WHERE segment = :segment ORDER BY workplace ASC
juin 13, 2017 12:42:02 PM entity.ConfigProject select
INFOS: FROM ConfigProject bp ORDER BY harnessType ASC
juin 13, 2017 12:42:10 PM entity.ConfigWorkplace selectBySegment
INFOS: FROM ConfigWorkplace bp WHERE segment = :segment ORDER BY workplace ASC
juin 13, 2017 12:42:10 PM entity.ConfigWorkplace selectBySegment
INFOS: FROM ConfigWorkplace bp WHERE segment = :segment ORDER BY workplace ASC
juin 13, 2017 12:47:31 PM gui.packaging.PACKAGING_UI0001_Main loadBarcodeConfig
INFOS: FROM ConfigBarcode cb WHERE cb.keyWord = :keyWord ORDER BY id ASC
juin 13, 2017 12:47:31 PM entity.ConfigProject select
INFOS: FROM ConfigProject bp ORDER BY harnessType ASC
juin 13, 2017 12:47:32 PM entity.ConfigProject select
INFOS: FROM ConfigProject bp ORDER BY harnessType ASC
juin 13, 2017 12:47:33 PM entity.ConfigSegment select
INFOS: FROM ConfigSegment bp ORDER BY segment ASC
juin 13, 2017 12:47:35 PM entity.ConfigSegment select
INFOS: FROM ConfigSegment bp ORDER BY segment ASC
juin 13, 2017 12:47:35 PM entity.ConfigWorkplace select
INFOS: FROM ConfigWorkplace bp ORDER BY workplace ASC
juin 13, 2017 12:47:36 PM entity.ConfigSegment select
INFOS: FROM ConfigSegment bp ORDER BY segment ASC
juin 13, 2017 12:47:36 PM entity.ConfigWorkplace select
INFOS: FROM ConfigWorkplace bp ORDER BY workplace ASC
juin 13, 2017 12:47:38 PM entity.ConfigSegment select
INFOS: FROM ConfigSegment bp ORDER BY segment ASC
juin 13, 2017 12:47:38 PM entity.ConfigWorkplace select
INFOS: FROM ConfigWorkplace bp ORDER BY workplace ASC
juin 13, 2017 12:47:39 PM entity.ConfigSegment select
INFOS: FROM ConfigSegment bp ORDER BY segment ASC
juin 13, 2017 12:47:39 PM entity.ConfigWorkplace select
INFOS: FROM ConfigWorkplace bp ORDER BY workplace ASC
juin 13, 2017 12:47:40 PM entity.ConfigSegment select
INFOS: FROM ConfigSegment bp ORDER BY segment ASC
juin 13, 2017 12:47:40 PM entity.ConfigWorkplace select
INFOS: FROM ConfigWorkplace bp ORDER BY workplace ASC
juin 13, 2017 12:47:46 PM entity.ConfigSegment select
INFOS: FROM ConfigSegment bp ORDER BY segment ASC
juin 13, 2017 12:47:46 PM entity.ConfigSegment select
INFOS: FROM ConfigSegment bp ORDER BY segment ASC
juin 13, 2017 12:47:46 PM entity.ConfigWorkplace select
INFOS: FROM ConfigWorkplace bp ORDER BY workplace ASC
juin 13, 2017 12:47:48 PM entity.ConfigSegment select
INFOS: FROM ConfigSegment bp ORDER BY segment ASC
juin 13, 2017 12:47:48 PM entity.ConfigWorkplace select
INFOS: FROM ConfigWorkplace bp ORDER BY workplace ASC
juin 13, 2017 12:47:48 PM entity.ConfigSegment select
INFOS: FROM ConfigSegment bp ORDER BY segment ASC
juin 13, 2017 12:47:48 PM entity.ConfigWorkplace select
INFOS: FROM ConfigWorkplace bp ORDER BY workplace ASC
juin 13, 2017 12:47:51 PM entity.ConfigSegment select
INFOS: FROM ConfigSegment bp ORDER BY segment ASC
juin 13, 2017 12:47:51 PM entity.ConfigWorkplace select
INFOS: FROM ConfigWorkplace bp ORDER BY workplace ASC
juin 13, 2017 12:48:40 PM entity.ConfigSegment select
INFOS: FROM ConfigSegment bp ORDER BY segment ASC
juin 13, 2017 12:48:40 PM entity.ConfigWorkplace select
INFOS: FROM ConfigWorkplace bp ORDER BY workplace ASC
juin 13, 2017 12:48:48 PM entity.ConfigSegment select
INFOS: FROM ConfigSegment bp ORDER BY segment ASC
juin 13, 2017 12:48:48 PM entity.ConfigWorkplace select
INFOS: FROM ConfigWorkplace bp ORDER BY workplace ASC
juin 13, 2017 1:02:30 PM entity.ConfigSegment select
INFOS: FROM ConfigSegment bp ORDER BY segment ASC
juin 13, 2017 1:04:18 PM entity.ConfigSegment select
INFOS: FROM ConfigSegment bp ORDER BY segment ASC
juin 13, 2017 1:04:20 PM entity.ConfigSegment select
INFOS: FROM ConfigSegment bp ORDER BY segment ASC
juin 13, 2017 1:04:20 PM entity.ConfigWorkplace select
INFOS: FROM ConfigWorkplace bp ORDER BY workplace ASC
juin 13, 2017 1:04:24 PM entity.ConfigSegment select
INFOS: FROM ConfigSegment bp ORDER BY segment ASC
juin 13, 2017 1:04:24 PM entity.ConfigWorkplace select
INFOS: FROM ConfigWorkplace bp ORDER BY workplace ASC
juin 13, 2017 1:04:46 PM entity.ConfigSegment select
INFOS: FROM ConfigSegment bp ORDER BY segment ASC
juin 13, 2017 1:04:46 PM entity.ConfigSegment select
INFOS: FROM ConfigSegment bp ORDER BY segment ASC
juin 13, 2017 1:04:46 PM entity.ConfigWorkplace select
INFOS: FROM ConfigWorkplace bp ORDER BY workplace ASC
juin 13, 2017 1:04:49 PM entity.ConfigSegment select
INFOS: FROM ConfigSegment bp ORDER BY segment ASC
juin 13, 2017 1:04:49 PM entity.ConfigWorkplace select
INFOS: FROM ConfigWorkplace bp ORDER BY workplace ASC
juin 13, 2017 1:04:49 PM entity.ConfigSegment select
INFOS: FROM ConfigSegment bp ORDER BY segment ASC
juin 13, 2017 1:04:49 PM entity.ConfigWorkplace select
INFOS: FROM ConfigWorkplace bp ORDER BY workplace ASC
juin 13, 2017 1:05:04 PM entity.ConfigSegment select
INFOS: FROM ConfigSegment bp ORDER BY segment ASC
juin 13, 2017 1:05:06 PM entity.ConfigSegment select
INFOS: FROM ConfigSegment bp ORDER BY segment ASC
juin 13, 2017 1:05:06 PM entity.ConfigWorkplace select
INFOS: FROM ConfigWorkplace bp ORDER BY workplace ASC
juin 13, 2017 1:05:11 PM entity.ConfigSegment select
INFOS: FROM ConfigSegment bp ORDER BY segment ASC
juin 13, 2017 1:05:11 PM entity.ConfigWorkplace select
INFOS: FROM ConfigWorkplace bp ORDER BY workplace ASC
juin 13, 2017 1:05:19 PM entity.ConfigSegment select
INFOS: FROM ConfigSegment bp ORDER BY segment ASC
juin 13, 2017 1:05:19 PM entity.ConfigWorkplace select
INFOS: FROM ConfigWorkplace bp ORDER BY workplace ASC
juin 13, 2017 1:05:22 PM entity.ConfigSegment select
INFOS: FROM ConfigSegment bp ORDER BY segment ASC
juin 13, 2017 1:05:22 PM entity.ConfigWorkplace select
INFOS: FROM ConfigWorkplace bp ORDER BY workplace ASC
juin 13, 2017 1:05:22 PM entity.ConfigSegment select
INFOS: FROM ConfigSegment bp ORDER BY segment ASC
juin 13, 2017 1:05:22 PM entity.ConfigWorkplace select
INFOS: FROM ConfigWorkplace bp ORDER BY workplace ASC
juin 13, 2017 1:05:28 PM entity.ConfigSegment select
INFOS: FROM ConfigSegment bp ORDER BY segment ASC
juin 13, 2017 1:05:28 PM entity.ConfigWorkplace select
INFOS: FROM ConfigWorkplace bp ORDER BY workplace ASC
juin 13, 2017 1:05:40 PM entity.ConfigSegment select
INFOS: FROM ConfigSegment bp ORDER BY segment ASC
juin 13, 2017 1:05:40 PM entity.ConfigWorkplace select
INFOS: FROM ConfigWorkplace bp ORDER BY workplace ASC
juin 13, 2017 1:06:03 PM entity.ConfigSegment select
INFOS: FROM ConfigSegment bp ORDER BY segment ASC
juin 13, 2017 1:06:05 PM entity.ConfigSegment select
INFOS: FROM ConfigSegment bp ORDER BY segment ASC
juin 13, 2017 1:06:05 PM entity.ConfigWorkplace select
INFOS: FROM ConfigWorkplace bp ORDER BY workplace ASC
juin 13, 2017 1:06:11 PM entity.ConfigSegment select
INFOS: FROM ConfigSegment bp ORDER BY segment ASC
juin 13, 2017 1:06:11 PM entity.ConfigWorkplace select
INFOS: FROM ConfigWorkplace bp ORDER BY workplace ASC
juin 13, 2017 1:06:30 PM entity.ConfigSegment select
INFOS: FROM ConfigSegment bp ORDER BY segment ASC
juin 13, 2017 1:06:35 PM entity.ConfigSegment select
INFOS: FROM ConfigSegment bp ORDER BY segment ASC
juin 13, 2017 1:06:35 PM entity.ConfigWorkplace select
INFOS: FROM ConfigWorkplace bp ORDER BY workplace ASC
juin 13, 2017 1:06:42 PM entity.ConfigSegment select
INFOS: FROM ConfigSegment bp ORDER BY segment ASC
juin 13, 2017 1:06:42 PM entity.ConfigWorkplace select
INFOS: FROM ConfigWorkplace bp ORDER BY workplace ASC
juin 13, 2017 1:06:42 PM entity.ConfigSegment select
INFOS: FROM ConfigSegment bp ORDER BY segment ASC
juin 13, 2017 1:06:42 PM entity.ConfigWorkplace select
INFOS: FROM ConfigWorkplace bp ORDER BY workplace ASC
juin 13, 2017 1:07:27 PM entity.ConfigSegment select
INFOS: FROM ConfigSegment bp ORDER BY segment ASC
juin 13, 2017 1:07:29 PM entity.ConfigSegment select
INFOS: FROM ConfigSegment bp ORDER BY segment ASC
juin 13, 2017 1:07:29 PM entity.ConfigWorkplace select
INFOS: FROM ConfigWorkplace bp ORDER BY workplace ASC
juin 13, 2017 1:07:32 PM entity.ConfigSegment select
INFOS: FROM ConfigSegment bp ORDER BY segment ASC
juin 13, 2017 1:07:32 PM entity.ConfigWorkplace select
INFOS: FROM ConfigWorkplace bp ORDER BY workplace ASC
juin 13, 2017 2:28:35 PM helper.Helper InitDailyDestPrintDir
INFOS: Print directory [.\print\2017_06_13] already exist!
Print sub directory [.\print\2017_06_13.\open_sheet] already exist!
Print sub directory [.\print\2017_06_13.\closing_sheet] already exist!
Print sub directory [.\print\2017_06_13.\picking_label] already exist!
Print sub directory [.\print\2017_06_13.\dispatch_label] already exist!

juin 13, 2017 2:28:50 PM gui.warehouse_dispatch.WAREHOUSE_DISPATCH_UI0003_PasswordRequest connect
INFOS: User OUSSAMA EZZIOURI / ezou1001 connected to host WSMA7040 at 2017-06-13 14:28:50 Dispatch interface : .
juin 13, 2017 2:44:39 PM helper.Helper InitDailyDestPrintDir
INFOS: Print directory [.\print\2017_06_13] already exist!
Print sub directory [.\print\2017_06_13.\open_sheet] already exist!
Print sub directory [.\print\2017_06_13.\closing_sheet] already exist!
Print sub directory [.\print\2017_06_13.\picking_label] already exist!
Print sub directory [.\print\2017_06_13.\dispatch_label] already exist!

juin 13, 2017 2:44:49 PM gui.warehouse_dispatch.WAREHOUSE_DISPATCH_UI0003_PasswordRequest connect
INFOS: User OUSSAMA EZZIOURI / ezou1001 connected to host WSMA7040 at 2017-06-13 14:44:49 Dispatch interface : .
juin 13, 2017 3:14:32 PM helper.Helper InitDailyDestPrintDir
INFOS: Print directory [.\print\2017_06_13] already exist!
Print sub directory [.\print\2017_06_13.\open_sheet] already exist!
Print sub directory [.\print\2017_06_13.\closing_sheet] already exist!
Print sub directory [.\print\2017_06_13.\picking_label] already exist!
Print sub directory [.\print\2017_06_13.\dispatch_label] already exist!

juin 13, 2017 3:14:40 PM gui.warehouse_dispatch.WAREHOUSE_DISPATCH_UI0003_PasswordRequest connect
INFOS: User OUSSAMA EZZIOURI / ezou1001 connected to host WSMA7040 at 2017-06-13 15:14:40 Dispatch interface : .
juin 13, 2017 3:20:10 PM helper.Helper InitDailyDestPrintDir
INFOS: Print directory [.\print\2017_06_13] already exist!
Print sub directory [.\print\2017_06_13.\open_sheet] already exist!
Print sub directory [.\print\2017_06_13.\closing_sheet] already exist!
Print sub directory [.\print\2017_06_13.\picking_label] already exist!
Print sub directory [.\print\2017_06_13.\dispatch_label] already exist!

juin 13, 2017 3:20:31 PM gui.warehouse_dispatch.WAREHOUSE_DISPATCH_UI0003_PasswordRequest connect
INFOS: User OUSSAMA EZZIOURI / ezou1001 connected to host WSMA7040 at 2017-06-13 15:20:31 Dispatch interface : .
juin 13, 2017 3:24:20 PM helper.Helper InitDailyDestPrintDir
INFOS: Print directory [.\print\2017_06_13] already exist!
Print sub directory [.\print\2017_06_13.\open_sheet] already exist!
Print sub directory [.\print\2017_06_13.\closing_sheet] already exist!
Print sub directory [.\print\2017_06_13.\picking_label] already exist!
Print sub directory [.\print\2017_06_13.\dispatch_label] already exist!

juin 13, 2017 3:24:27 PM gui.warehouse_dispatch.WAREHOUSE_DISPATCH_UI0003_PasswordRequest connect
INFOS: User OUSSAMA EZZIOURI / ezou1001 connected to host WSMA7040 at 2017-06-13 15:24:27 Dispatch interface : .
juin 13, 2017 3:31:18 PM helper.Helper InitDailyDestPrintDir
INFOS: Print directory [.\print\2017_06_13] already exist!
Print sub directory [.\print\2017_06_13.\open_sheet] already exist!
Print sub directory [.\print\2017_06_13.\closing_sheet] already exist!
Print sub directory [.\print\2017_06_13.\picking_label] already exist!
Print sub directory [.\print\2017_06_13.\dispatch_label] already exist!

juin 13, 2017 3:31:28 PM gui.warehouse_dispatch.WAREHOUSE_DISPATCH_UI0003_PasswordRequest connect
INFOS: User OUSSAMA EZZIOURI / ezou1001 connected to host WSMA7040 at 2017-06-13 15:31:28 Dispatch interface : .
juin 13, 2017 3:35:22 PM helper.Helper InitDailyDestPrintDir
INFOS: Print directory [.\print\2017_06_13] already exist!
Print sub directory [.\print\2017_06_13.\open_sheet] already exist!
Print sub directory [.\print\2017_06_13.\closing_sheet] already exist!
Print sub directory [.\print\2017_06_13.\picking_label] already exist!
Print sub directory [.\print\2017_06_13.\dispatch_label] already exist!

juin 13, 2017 3:35:30 PM gui.warehouse_dispatch.WAREHOUSE_DISPATCH_UI0003_PasswordRequest connect
INFOS: User OUSSAMA EZZIOURI / ezou1001 connected to host WSMA7040 at 2017-06-13 15:35:30 Dispatch interface : .
juin 13, 2017 3:37:36 PM helper.Helper InitDailyDestPrintDir
INFOS: Print directory [.\print\2017_06_13] already exist!
Print sub directory [.\print\2017_06_13.\open_sheet] already exist!
Print sub directory [.\print\2017_06_13.\closing_sheet] already exist!
Print sub directory [.\print\2017_06_13.\picking_label] already exist!
Print sub directory [.\print\2017_06_13.\dispatch_label] already exist!

juin 13, 2017 3:37:44 PM gui.warehouse_dispatch.WAREHOUSE_DISPATCH_UI0003_PasswordRequest connect
INFOS: User OUSSAMA EZZIOURI / ezou1001 connected to host WSMA7040 at 2017-06-13 15:37:44 Dispatch interface : .
juin 13, 2017 3:39:19 PM helper.Helper InitDailyDestPrintDir
INFOS: Print directory [.\print\2017_06_13] already exist!
Print sub directory [.\print\2017_06_13.\open_sheet] already exist!
Print sub directory [.\print\2017_06_13.\closing_sheet] already exist!
Print sub directory [.\print\2017_06_13.\picking_label] already exist!
Print sub directory [.\print\2017_06_13.\dispatch_label] already exist!

juin 13, 2017 3:39:26 PM gui.warehouse_dispatch.WAREHOUSE_DISPATCH_UI0003_PasswordRequest connect
INFOS: User OUSSAMA EZZIOURI / ezou1001 connected to host WSMA7040 at 2017-06-13 15:39:26 Dispatch interface : .
juin 13, 2017 3:41:05 PM helper.Helper InitDailyDestPrintDir
INFOS: Print directory [.\print\2017_06_13] already exist!
Print sub directory [.\print\2017_06_13.\open_sheet] already exist!
Print sub directory [.\print\2017_06_13.\closing_sheet] already exist!
Print sub directory [.\print\2017_06_13.\picking_label] already exist!
Print sub directory [.\print\2017_06_13.\dispatch_label] already exist!

juin 13, 2017 3:41:13 PM gui.warehouse_dispatch.WAREHOUSE_DISPATCH_UI0003_PasswordRequest connect
INFOS: User OUSSAMA EZZIOURI / ezou1001 connected to host WSMA7040 at 2017-06-13 15:41:13 Dispatch interface : .
juin 13, 2017 3:43:06 PM helper.Helper InitDailyDestPrintDir
INFOS: Print directory [.\print\2017_06_13] already exist!
Print sub directory [.\print\2017_06_13.\open_sheet] already exist!
Print sub directory [.\print\2017_06_13.\closing_sheet] already exist!
Print sub directory [.\print\2017_06_13.\picking_label] already exist!
Print sub directory [.\print\2017_06_13.\dispatch_label] already exist!

juin 13, 2017 3:43:13 PM gui.warehouse_dispatch.WAREHOUSE_DISPATCH_UI0003_PasswordRequest connect
INFOS: User OUSSAMA EZZIOURI / ezou1001 connected to host WSMA7040 at 2017-06-13 15:43:13 Dispatch interface : .
juin 13, 2017 3:43:43 PM helper.Helper InitDailyDestPrintDir
INFOS: Print directory [.\print\2017_06_13] already exist!
Print sub directory [.\print\2017_06_13.\open_sheet] already exist!
Print sub directory [.\print\2017_06_13.\closing_sheet] already exist!
Print sub directory [.\print\2017_06_13.\picking_label] already exist!
Print sub directory [.\print\2017_06_13.\dispatch_label] already exist!

juin 13, 2017 3:43:49 PM gui.warehouse_dispatch.WAREHOUSE_DISPATCH_UI0003_PasswordRequest connect
INFOS: User OUSSAMA EZZIOURI / ezou1001 connected to host WSMA7040 at 2017-06-13 15:43:49 Dispatch interface : .
juin 14, 2017 8:28:53 AM gui.packaging.PACKAGING_UI0001_Main loadBarcodeConfig
INFOS: FROM ConfigBarcode cb WHERE cb.keyWord = :keyWord ORDER BY id ASC
juin 14, 2017 8:28:53 AM entity.ConfigProject select
INFOS: FROM ConfigProject bp ORDER BY harnessType ASC
juin 14, 2017 8:28:53 AM entity.ConfigProject select
INFOS: FROM ConfigProject bp ORDER BY harnessType ASC
juin 14, 2017 8:28:55 AM entity.ConfigSegment select
INFOS: FROM ConfigSegment bp ORDER BY segment ASC
juin 14, 2017 8:28:55 AM entity.ConfigSegment select
INFOS: FROM ConfigSegment bp ORDER BY segment ASC
juin 14, 2017 8:28:55 AM entity.ConfigWorkplace select
INFOS: FROM ConfigWorkplace bp ORDER BY workplace ASC
juin 14, 2017 8:29:01 AM entity.ConfigSegment select
INFOS: FROM ConfigSegment bp ORDER BY segment ASC
juin 14, 2017 8:29:01 AM entity.ConfigWorkplace select
INFOS: FROM ConfigWorkplace bp ORDER BY workplace ASC
juin 14, 2017 8:29:01 AM entity.ConfigSegment select
INFOS: FROM ConfigSegment bp ORDER BY segment ASC
juin 14, 2017 8:29:01 AM entity.ConfigWorkplace select
INFOS: FROM ConfigWorkplace bp ORDER BY workplace ASC
juin 14, 2017 8:35:44 AM entity.ConfigSegment select
INFOS: FROM ConfigSegment bp ORDER BY segment ASC
juin 14, 2017 8:35:49 AM entity.ConfigSegment select
INFOS: FROM ConfigSegment bp ORDER BY segment ASC
juin 14, 2017 8:35:49 AM entity.ConfigWorkplace select
INFOS: FROM ConfigWorkplace bp ORDER BY workplace ASC
juin 14, 2017 8:35:54 AM entity.ConfigSegment select
INFOS: FROM ConfigSegment bp ORDER BY segment ASC
juin 14, 2017 8:35:54 AM entity.ConfigWorkplace select
INFOS: FROM ConfigWorkplace bp ORDER BY workplace ASC
juin 14, 2017 8:36:08 AM entity.ConfigSegment select
INFOS: FROM ConfigSegment bp ORDER BY segment ASC
juin 14, 2017 8:36:08 AM entity.ConfigWorkplace select
INFOS: FROM ConfigWorkplace bp ORDER BY workplace ASC
juin 14, 2017 8:38:04 AM entity.ConfigSegment select
INFOS: FROM ConfigSegment bp ORDER BY segment ASC
juin 14, 2017 8:38:04 AM entity.ConfigSegment select
INFOS: FROM ConfigSegment bp ORDER BY segment ASC
juin 14, 2017 8:38:04 AM entity.ConfigWorkplace select
INFOS: FROM ConfigWorkplace bp ORDER BY workplace ASC
juin 14, 2017 8:38:07 AM entity.ConfigSegment select
INFOS: FROM ConfigSegment bp ORDER BY segment ASC
juin 14, 2017 8:38:07 AM entity.ConfigWorkplace select
INFOS: FROM ConfigWorkplace bp ORDER BY workplace ASC
juin 14, 2017 8:38:08 AM entity.ConfigSegment select
INFOS: FROM ConfigSegment bp ORDER BY segment ASC
juin 14, 2017 8:38:08 AM entity.ConfigWorkplace select
INFOS: FROM ConfigWorkplace bp ORDER BY workplace ASC
juin 14, 2017 8:38:11 AM entity.ConfigSegment select
INFOS: FROM ConfigSegment bp ORDER BY segment ASC
juin 14, 2017 8:38:11 AM entity.ConfigWorkplace select
INFOS: FROM ConfigWorkplace bp ORDER BY workplace ASC
juin 14, 2017 8:38:29 AM entity.ConfigSegment select
INFOS: FROM ConfigSegment bp ORDER BY segment ASC
juin 14, 2017 8:38:29 AM entity.ConfigWorkplace select
INFOS: FROM ConfigWorkplace bp ORDER BY workplace ASC
juin 14, 2017 8:48:20 AM entity.ConfigSegment select
INFOS: FROM ConfigSegment bp ORDER BY segment ASC
juin 14, 2017 8:48:20 AM entity.ConfigSegment select
INFOS: FROM ConfigSegment bp ORDER BY segment ASC
juin 14, 2017 8:48:20 AM entity.ConfigWorkplace select
INFOS: FROM ConfigWorkplace bp ORDER BY workplace ASC
juin 14, 2017 8:48:24 AM entity.ConfigSegment select
INFOS: FROM ConfigSegment bp ORDER BY segment ASC
juin 14, 2017 8:48:24 AM entity.ConfigWorkplace select
INFOS: FROM ConfigWorkplace bp ORDER BY workplace ASC
juin 14, 2017 8:48:24 AM entity.ConfigSegment select
INFOS: FROM ConfigSegment bp ORDER BY segment ASC
juin 14, 2017 8:48:24 AM entity.ConfigWorkplace select
INFOS: FROM ConfigWorkplace bp ORDER BY workplace ASC
juin 14, 2017 8:48:25 AM entity.ConfigSegment select
INFOS: FROM ConfigSegment bp ORDER BY segment ASC
juin 14, 2017 8:48:25 AM entity.ConfigWorkplace select
INFOS: FROM ConfigWorkplace bp ORDER BY workplace ASC
juin 14, 2017 8:48:25 AM entity.ConfigSegment select
INFOS: FROM ConfigSegment bp ORDER BY segment ASC
juin 14, 2017 8:48:25 AM entity.ConfigWorkplace select
INFOS: FROM ConfigWorkplace bp ORDER BY workplace ASC
juin 14, 2017 8:48:27 AM entity.ConfigSegment select
INFOS: FROM ConfigSegment bp ORDER BY segment ASC
juin 14, 2017 8:48:33 AM entity.ConfigSegment select
INFOS: FROM ConfigSegment bp ORDER BY segment ASC
juin 14, 2017 8:48:33 AM entity.ConfigWorkplace select
INFOS: FROM ConfigWorkplace bp ORDER BY workplace ASC
juin 14, 2017 8:48:38 AM entity.ConfigSegment select
INFOS: FROM ConfigSegment bp ORDER BY segment ASC
juin 14, 2017 8:48:38 AM entity.ConfigWorkplace select
INFOS: FROM ConfigWorkplace bp ORDER BY workplace ASC
juin 14, 2017 8:48:39 AM entity.ConfigSegment select
INFOS: FROM ConfigSegment bp ORDER BY segment ASC
juin 14, 2017 8:48:39 AM entity.ConfigWorkplace select
INFOS: FROM ConfigWorkplace bp ORDER BY workplace ASC
juin 14, 2017 8:56:47 AM entity.ConfigSegment select
INFOS: FROM ConfigSegment bp ORDER BY segment ASC
juin 14, 2017 8:56:47 AM entity.ConfigWorkplace select
INFOS: FROM ConfigWorkplace bp ORDER BY workplace ASC
juin 14, 2017 8:58:06 AM entity.ConfigSegment select
INFOS: FROM ConfigSegment bp ORDER BY segment ASC
juin 14, 2017 8:58:06 AM entity.ConfigWorkplace select
INFOS: FROM ConfigWorkplace bp ORDER BY workplace ASC
juin 14, 2017 8:58:11 AM entity.ConfigSegment select
INFOS: FROM ConfigSegment bp ORDER BY segment ASC
juin 14, 2017 8:58:11 AM entity.ConfigWorkplace select
INFOS: FROM ConfigWorkplace bp ORDER BY workplace ASC
juin 14, 2017 9:00:00 AM entity.ConfigSegment select
INFOS: FROM ConfigSegment bp ORDER BY segment ASC
juin 14, 2017 9:00:00 AM entity.ConfigWorkplace select
INFOS: FROM ConfigWorkplace bp ORDER BY workplace ASC
juin 14, 2017 9:00:04 AM entity.ConfigSegment select
INFOS: FROM ConfigSegment bp ORDER BY segment ASC
juin 14, 2017 9:00:04 AM entity.ConfigWorkplace select
INFOS: FROM ConfigWorkplace bp ORDER BY workplace ASC
juin 14, 2017 9:00:12 AM entity.ConfigSegment select
INFOS: FROM ConfigSegment bp ORDER BY segment ASC
juin 14, 2017 9:00:12 AM entity.ConfigWorkplace select
INFOS: FROM ConfigWorkplace bp ORDER BY workplace ASC
juin 14, 2017 9:00:13 AM entity.ConfigSegment select
INFOS: FROM ConfigSegment bp ORDER BY segment ASC
juin 14, 2017 9:00:13 AM entity.ConfigWorkplace select
INFOS: FROM ConfigWorkplace bp ORDER BY workplace ASC
juin 14, 2017 9:00:14 AM entity.ConfigSegment select
INFOS: FROM ConfigSegment bp ORDER BY segment ASC
juin 14, 2017 9:00:14 AM entity.ConfigWorkplace select
INFOS: FROM ConfigWorkplace bp ORDER BY workplace ASC
juin 14, 2017 9:00:14 AM entity.ConfigSegment select
INFOS: FROM ConfigSegment bp ORDER BY segment ASC
juin 14, 2017 9:00:14 AM entity.ConfigWorkplace select
INFOS: FROM ConfigWorkplace bp ORDER BY workplace ASC
juin 14, 2017 9:00:17 AM entity.ConfigSegment select
INFOS: FROM ConfigSegment bp ORDER BY segment ASC
juin 14, 2017 9:00:17 AM entity.ConfigWorkplace select
INFOS: FROM ConfigWorkplace bp ORDER BY workplace ASC
juin 14, 2017 9:00:24 AM entity.ConfigSegment select
INFOS: FROM ConfigSegment bp ORDER BY segment ASC
juin 14, 2017 9:00:24 AM entity.ConfigWorkplace select
INFOS: FROM ConfigWorkplace bp ORDER BY workplace ASC
juin 14, 2017 9:00:34 AM entity.ConfigSegment select
INFOS: FROM ConfigSegment bp ORDER BY segment ASC
juin 14, 2017 9:00:34 AM entity.ConfigWorkplace select
INFOS: FROM ConfigWorkplace bp ORDER BY workplace ASC
juin 14, 2017 9:00:40 AM entity.ConfigSegment select
INFOS: FROM ConfigSegment bp ORDER BY segment ASC
juin 14, 2017 9:00:40 AM entity.ConfigWorkplace select
INFOS: FROM ConfigWorkplace bp ORDER BY workplace ASC
juin 14, 2017 11:03:52 AM gui.config.CONFIG_UI0000_AdminPassword checkLoginAndPass
INFOS: User OUSSAMA EZZIOURI / ezou1001 connected to host WSMA7040 at 2017-06-14 11:03:52 Module : Planner.
juin 14, 2017 11:03:52 AM entity.ConfigSegment select
INFOS: FROM ConfigSegment bp ORDER BY segment ASC
juin 14, 2017 11:03:52 AM entity.ConfigWorkplace selectBySegment
INFOS: FROM ConfigWorkplace bp WHERE segment = :segment ORDER BY workplace ASC
juin 14, 2017 11:03:52 AM entity.ConfigProject select
INFOS: FROM ConfigProject bp ORDER BY harnessType ASC
juin 14, 2017 11:03:58 AM entity.ConfigWorkplace selectBySegment
INFOS: FROM ConfigWorkplace bp WHERE segment = :segment ORDER BY workplace ASC
juin 14, 2017 11:03:58 AM entity.ConfigWorkplace selectBySegment
INFOS: FROM ConfigWorkplace bp WHERE segment = :segment ORDER BY workplace ASC
juin 14, 2017 12:06:21 PM gui.packaging_warehouse.PACKAGING_WAREHOUSE_UI0001_PasswordRequest connect
INFOS: User OUSSAMA EZZIOURI / ezou1001 connected to host WSMA7040 at 2017-06-14 12:06:21 Packaging warehouse interface : .
juin 14, 2017 12:52:14 PM entity.ConfigSegment select
INFOS: FROM ConfigSegment bp ORDER BY segment ASC
juin 14, 2017 12:52:14 PM entity.ConfigSegment select
INFOS: FROM ConfigSegment bp ORDER BY segment ASC
juin 14, 2017 12:52:14 PM entity.ConfigWorkplace select
INFOS: FROM ConfigWorkplace bp ORDER BY workplace ASC
juin 14, 2017 12:52:16 PM entity.ConfigSegment select
INFOS: FROM ConfigSegment bp ORDER BY segment ASC
juin 14, 2017 12:52:16 PM entity.ConfigWorkplace select
INFOS: FROM ConfigWorkplace bp ORDER BY workplace ASC
juin 14, 2017 12:52:17 PM entity.ConfigSegment select
INFOS: FROM ConfigSegment bp ORDER BY segment ASC
juin 14, 2017 12:52:17 PM entity.ConfigWorkplace select
INFOS: FROM ConfigWorkplace bp ORDER BY workplace ASC
juin 14, 2017 12:52:17 PM entity.ConfigSegment select
INFOS: FROM ConfigSegment bp ORDER BY segment ASC
juin 14, 2017 12:52:17 PM entity.ConfigWorkplace select
INFOS: FROM ConfigWorkplace bp ORDER BY workplace ASC
