sept. 05, 2016 12:02:22 PM helper.Helper InitDailyDestPrintDir
INFOS: Print directory [.\print\2016_09_05] is created!
Print sub directory [.\print\2016_09_05.\open_sheet] is created!
Print sub directory [.\print\2016_09_05.\closing_sheet] is created!
Print sub directory [.\print\2016_09_05.\picking_label] is created!

sept. 05, 2016 12:02:25 PM gui.packaging.PACKAGING_UI0001_Main loadDataMatrixList
INFOS: FROM ConfigBarcode cb WHERE cb.keyWord = :keyWord ORDER BY id ASC
sept. 05, 2016 12:02:25 PM entity.ConfigProject select
INFOS: FROM ConfigProject bp ORDER BY harnessType ASC
sept. 05, 2016 12:02:25 PM entity.ConfigProject select
INFOS: FROM ConfigProject bp ORDER BY harnessType ASC
sept. 05, 2016 12:02:31 PM entity.ConfigProject select
INFOS: FROM ConfigProject bp ORDER BY harnessType ASC
sept. 05, 2016 2:37:35 PM helper.Helper InitDailyDestPrintDir
INFOS: Print directory [.\print\2016_09_05] already exist!
Print sub directory [.\print\2016_09_05.\open_sheet] already exist!
Print sub directory [.\print\2016_09_05.\closing_sheet] already exist!
Print sub directory [.\print\2016_09_05.\picking_label] already exist!

sept. 05, 2016 2:37:38 PM gui.packaging.PACKAGING_UI0001_Main loadDataMatrixList
INFOS: FROM ConfigBarcode cb WHERE cb.keyWord = :keyWord ORDER BY id ASC
sept. 05, 2016 2:37:38 PM entity.ConfigProject select
INFOS: FROM ConfigProject bp ORDER BY harnessType ASC
sept. 05, 2016 2:37:38 PM entity.ConfigProject select
INFOS: FROM ConfigProject bp ORDER BY harnessType ASC
sept. 05, 2016 2:37:46 PM entity.ConfigProject select
INFOS: FROM ConfigProject bp ORDER BY harnessType ASC
sept. 05, 2016 2:40:02 PM helper.Helper InitDailyDestPrintDir
INFOS: Print directory [.\print\2016_09_05] already exist!
Print sub directory [.\print\2016_09_05.\open_sheet] already exist!
Print sub directory [.\print\2016_09_05.\closing_sheet] already exist!
Print sub directory [.\print\2016_09_05.\picking_label] already exist!

sept. 05, 2016 2:40:03 PM gui.packaging.PACKAGING_UI0001_Main loadDataMatrixList
INFOS: FROM ConfigBarcode cb WHERE cb.keyWord = :keyWord ORDER BY id ASC
sept. 05, 2016 2:40:03 PM entity.ConfigProject select
INFOS: FROM ConfigProject bp ORDER BY harnessType ASC
sept. 05, 2016 2:40:03 PM entity.ConfigProject select
INFOS: FROM ConfigProject bp ORDER BY harnessType ASC
sept. 05, 2016 2:40:07 PM entity.ConfigProject select
INFOS: FROM ConfigProject bp ORDER BY harnessType ASC
sept. 05, 2016 2:51:01 PM helper.Helper InitDailyDestPrintDir
INFOS: Print directory [.\print\2016_09_05] already exist!
Print sub directory [.\print\2016_09_05.\open_sheet] already exist!
Print sub directory [.\print\2016_09_05.\closing_sheet] already exist!
Print sub directory [.\print\2016_09_05.\picking_label] already exist!

sept. 05, 2016 2:51:03 PM gui.packaging.PACKAGING_UI0001_Main loadDataMatrixList
INFOS: FROM ConfigBarcode cb WHERE cb.keyWord = :keyWord ORDER BY id ASC
sept. 05, 2016 2:51:03 PM entity.ConfigProject select
INFOS: FROM ConfigProject bp ORDER BY harnessType ASC
sept. 05, 2016 2:51:03 PM entity.ConfigProject select
INFOS: FROM ConfigProject bp ORDER BY harnessType ASC
sept. 05, 2016 2:51:08 PM entity.ConfigProject select
INFOS: FROM ConfigProject bp ORDER BY harnessType ASC
sept. 05, 2016 2:51:09 PM entity.ConfigProject select
INFOS: FROM ConfigProject bp ORDER BY harnessType ASC
sept. 05, 2016 2:51:11 PM entity.ConfigProject select
INFOS: FROM ConfigProject bp ORDER BY harnessType ASC
sept. 05, 2016 2:51:14 PM entity.ConfigProject select
INFOS: FROM ConfigProject bp ORDER BY harnessType ASC
sept. 05, 2016 2:51:15 PM entity.ConfigProject select
INFOS: FROM ConfigProject bp ORDER BY harnessType ASC
sept. 05, 2016 2:51:17 PM entity.ConfigProject select
INFOS: FROM ConfigProject bp ORDER BY harnessType ASC
sept. 05, 2016 2:51:21 PM entity.ConfigProject select
INFOS: FROM ConfigProject bp ORDER BY harnessType ASC
sept. 05, 2016 2:52:05 PM helper.Helper InitDailyDestPrintDir
INFOS: Print directory [.\print\2016_09_05] already exist!
Print sub directory [.\print\2016_09_05.\open_sheet] already exist!
Print sub directory [.\print\2016_09_05.\closing_sheet] already exist!
Print sub directory [.\print\2016_09_05.\picking_label] already exist!

sept. 05, 2016 2:52:06 PM gui.packaging.PACKAGING_UI0001_Main loadDataMatrixList
INFOS: FROM ConfigBarcode cb WHERE cb.keyWord = :keyWord ORDER BY id ASC
sept. 05, 2016 2:52:06 PM entity.ConfigProject select
INFOS: FROM ConfigProject bp ORDER BY harnessType ASC
sept. 05, 2016 2:52:06 PM entity.ConfigProject select
INFOS: FROM ConfigProject bp ORDER BY harnessType ASC
sept. 05, 2016 2:52:08 PM entity.ConfigProject select
INFOS: FROM ConfigProject bp ORDER BY harnessType ASC
sept. 05, 2016 2:53:56 PM helper.Helper InitDailyDestPrintDir
INFOS: Print directory [.\print\2016_09_05] already exist!
Print sub directory [.\print\2016_09_05.\open_sheet] already exist!
Print sub directory [.\print\2016_09_05.\closing_sheet] already exist!
Print sub directory [.\print\2016_09_05.\picking_label] already exist!

sept. 05, 2016 2:53:58 PM gui.packaging.PACKAGING_UI0001_Main loadDataMatrixList
INFOS: FROM ConfigBarcode cb WHERE cb.keyWord = :keyWord ORDER BY id ASC
sept. 05, 2016 2:53:58 PM entity.ConfigProject select
INFOS: FROM ConfigProject bp ORDER BY harnessType ASC
sept. 05, 2016 2:53:58 PM entity.ConfigProject select
INFOS: FROM ConfigProject bp ORDER BY harnessType ASC
sept. 05, 2016 2:54:02 PM entity.ConfigProject select
INFOS: FROM ConfigProject bp ORDER BY harnessType ASC
sept. 05, 2016 4:08:41 PM helper.Helper InitDailyDestPrintDir
INFOS: Print directory [.\print\2016_09_05] already exist!
Print sub directory [.\print\2016_09_05.\open_sheet] already exist!
Print sub directory [.\print\2016_09_05.\closing_sheet] already exist!
Print sub directory [.\print\2016_09_05.\picking_label] already exist!

sept. 05, 2016 4:32:23 PM helper.Helper InitDailyDestPrintDir
INFOS: Print directory [.\print\2016_09_05] already exist!
Print sub directory [.\print\2016_09_05.\open_sheet] already exist!
Print sub directory [.\print\2016_09_05.\closing_sheet] already exist!
Print sub directory [.\print\2016_09_05.\picking_label] already exist!

sept. 05, 2016 4:32:24 PM gui.packaging.PACKAGING_UI0001_Main loadBarcodeConfig
INFOS: FROM ConfigBarcode cb WHERE cb.keyWord = :keyWord ORDER BY id ASC
sept. 05, 2016 4:32:24 PM entity.ConfigProject select
INFOS: FROM ConfigProject bp ORDER BY harnessType ASC
sept. 05, 2016 4:32:24 PM entity.ConfigProject select
INFOS: FROM ConfigProject bp ORDER BY harnessType ASC
sept. 05, 2016 4:32:29 PM gui.packaging.PACKAGING_UI0002_PasswordRequest admin_password_txtboxKeyPressed
INFOS: User Admin   / 9999 connected to host WSMA7040 at 2016-09-05 16:32:29 Project : ENGINE.
sept. 05, 2016 4:32:35 PM entity.ConfigUcs isHarnessPartExist
INFOS: Searching Harness part [22701793] in ConfigUCS: ENGINE
sept. 05, 2016 4:32:35 PM entity.ConfigUcs isHarnessPartExist
INFOS: Harness part [22701793] found for project [ENGINE].
sept. 05, 2016 4:32:35 PM state.S020_HarnessPartScan doAction
INFOS: Harness Part scanned [P22701793] OK.
sept. 05, 2016 5:18:32 PM helper.Helper InitDailyDestPrintDir
INFOS: Print directory [.\print\2016_09_05] already exist!
Print sub directory [.\print\2016_09_05.\open_sheet] already exist!
Print sub directory [.\print\2016_09_05.\closing_sheet] already exist!
Print sub directory [.\print\2016_09_05.\picking_label] already exist!

sept. 05, 2016 5:18:34 PM gui.packaging.PACKAGING_UI0001_Main loadBarcodeConfig
INFOS: FROM ConfigBarcode cb WHERE cb.keyWord = :keyWord ORDER BY id ASC
sept. 05, 2016 5:18:35 PM entity.ConfigProject select
INFOS: FROM ConfigProject bp ORDER BY harnessType ASC
sept. 05, 2016 5:18:35 PM entity.ConfigProject select
INFOS: FROM ConfigProject bp ORDER BY harnessType ASC
sept. 05, 2016 5:18:49 PM gui.packaging.PACKAGING_UI0002_PasswordRequest admin_password_txtboxKeyPressed
INFOS: User Admin   / 9999 connected to host WSMA7040 at 2016-09-05 17:18:49 Project : ENGINE.
sept. 05, 2016 5:19:04 PM entity.ConfigUcs isHarnessPartExist
INFOS: Searching Harness part [22630882] in ConfigUCS: ENGINE
sept. 05, 2016 5:21:00 PM helper.Helper InitDailyDestPrintDir
INFOS: Print directory [.\print\2016_09_05] already exist!
Print sub directory [.\print\2016_09_05.\open_sheet] already exist!
Print sub directory [.\print\2016_09_05.\closing_sheet] already exist!
Print sub directory [.\print\2016_09_05.\picking_label] already exist!

sept. 05, 2016 5:21:15 PM gui.packaging.PACKAGING_UI0001_Main loadBarcodeConfig
INFOS: FROM ConfigBarcode cb WHERE cb.keyWord = :keyWord ORDER BY id ASC
sept. 05, 2016 5:21:15 PM entity.ConfigProject select
INFOS: FROM ConfigProject bp ORDER BY harnessType ASC
sept. 05, 2016 5:21:15 PM entity.ConfigProject select
INFOS: FROM ConfigProject bp ORDER BY harnessType ASC
sept. 05, 2016 5:21:21 PM gui.packaging.PACKAGING_UI0002_PasswordRequest admin_password_txtboxKeyPressed
INFOS: User Admin   / 9999 connected to host WSMA7040 at 2016-09-05 17:21:21 Project : ENGINE.
sept. 05, 2016 5:21:22 PM entity.ConfigUcs isHarnessPartExist
INFOS: Searching Harness part [22630882] in ConfigUCS: ENGINE
sept. 05, 2016 5:21:22 PM entity.ConfigUcs isHarnessPartExist
INFOS: Harness part [22630882] found for project [ENGINE].
sept. 05, 2016 5:21:22 PM state.S020_HarnessPartScan doAction
INFOS: Harness Part scanned [P22630882] OK.
sept. 05, 2016 5:21:32 PM entity.BaseHarness isCounterExist
INFOS: Searching Harness counter [P2263088205092016172100] in BaseHarness.
sept. 05, 2016 5:21:32 PM entity.BaseHarness isCounterExist
INFOS: FROM BaseHarness bh WHERE bh.counter = :counter
sept. 05, 2016 5:21:32 PM state.S030_MatrixIdScan doAction
INFOS: Valid Harness Counter scanned [P2263088205092016172100] OK.
sept. 05, 2016 5:22:46 PM helper.Helper InitDailyDestPrintDir
INFOS: Print directory [.\print\2016_09_05] already exist!
Print sub directory [.\print\2016_09_05.\open_sheet] already exist!
Print sub directory [.\print\2016_09_05.\closing_sheet] already exist!
Print sub directory [.\print\2016_09_05.\picking_label] already exist!

sept. 05, 2016 5:22:49 PM gui.packaging.PACKAGING_UI0001_Main loadBarcodeConfig
INFOS: FROM ConfigBarcode cb WHERE cb.keyWord = :keyWord ORDER BY id ASC
sept. 05, 2016 5:22:49 PM entity.ConfigProject select
INFOS: FROM ConfigProject bp ORDER BY harnessType ASC
sept. 05, 2016 5:22:49 PM entity.ConfigProject select
INFOS: FROM ConfigProject bp ORDER BY harnessType ASC
sept. 05, 2016 5:23:00 PM gui.packaging.PACKAGING_UI0002_PasswordRequest admin_password_txtboxKeyPressed
INFOS: User Admin   / 9999 connected to host WSMA7040 at 2016-09-05 17:23:00 Project : ENGINE.
sept. 05, 2016 5:23:07 PM entity.ConfigUcs isHarnessPartExist
INFOS: Searching Harness part [22630882] in ConfigUCS: ENGINE
sept. 05, 2016 5:23:07 PM entity.ConfigUcs isHarnessPartExist
INFOS: Harness part [22630882] found for project [ENGINE].
sept. 05, 2016 5:23:07 PM state.S020_HarnessPartScan doAction
INFOS: Harness Part scanned [P22630882] OK.
sept. 05, 2016 5:23:14 PM entity.BaseHarness isCounterExist
INFOS: Searching Harness counter [P2263088205092016172300] in BaseHarness.
sept. 05, 2016 5:23:14 PM entity.BaseHarness isCounterExist
INFOS: FROM BaseHarness bh WHERE bh.counter = :counter
sept. 05, 2016 5:23:14 PM state.S030_MatrixIdScan doAction
INFOS: Valid Harness Counter scanned [P2263088205092016172300] OK.
sept. 05, 2016 5:24:42 PM helper.Helper InitDailyDestPrintDir
INFOS: Print directory [.\print\2016_09_05] already exist!
Print sub directory [.\print\2016_09_05.\open_sheet] already exist!
Print sub directory [.\print\2016_09_05.\closing_sheet] already exist!
Print sub directory [.\print\2016_09_05.\picking_label] already exist!

sept. 05, 2016 5:24:43 PM gui.packaging.PACKAGING_UI0001_Main loadBarcodeConfig
INFOS: FROM ConfigBarcode cb WHERE cb.keyWord = :keyWord ORDER BY id ASC
sept. 05, 2016 5:24:43 PM entity.ConfigProject select
INFOS: FROM ConfigProject bp ORDER BY harnessType ASC
sept. 05, 2016 5:24:43 PM entity.ConfigProject select
INFOS: FROM ConfigProject bp ORDER BY harnessType ASC
sept. 05, 2016 5:24:58 PM gui.packaging.PACKAGING_UI0002_PasswordRequest admin_password_txtboxKeyPressed
INFOS: User Admin   / 9999 connected to host WSMA7040 at 2016-09-05 17:24:58 Project : ENGINE.
sept. 05, 2016 5:24:59 PM entity.ConfigUcs isHarnessPartExist
INFOS: Searching Harness part [22630882] in ConfigUCS: ENGINE
sept. 05, 2016 5:24:59 PM entity.ConfigUcs isHarnessPartExist
INFOS: Harness part [22630882] found for project [ENGINE].
sept. 05, 2016 5:24:59 PM state.S020_HarnessPartScan doAction
INFOS: Harness Part scanned [P22630882] OK.
sept. 05, 2016 5:25:07 PM entity.BaseHarness isCounterExist
INFOS: Searching Harness counter [P2263088205092016172500] in BaseHarness.
sept. 05, 2016 5:25:07 PM entity.BaseHarness isCounterExist
INFOS: FROM BaseHarness bh WHERE bh.counter = :counter
sept. 05, 2016 5:25:07 PM state.S030_MatrixIdScan doAction
INFOS: Valid Harness Counter scanned [P2263088205092016172500] OK.
sept. 05, 2016 5:26:28 PM helper.Helper InitDailyDestPrintDir
INFOS: Print directory [.\print\2016_09_05] already exist!
Print sub directory [.\print\2016_09_05.\open_sheet] already exist!
Print sub directory [.\print\2016_09_05.\closing_sheet] already exist!
Print sub directory [.\print\2016_09_05.\picking_label] already exist!

sept. 05, 2016 5:26:29 PM gui.packaging.PACKAGING_UI0001_Main loadBarcodeConfig
INFOS: FROM ConfigBarcode cb WHERE cb.keyWord = :keyWord ORDER BY id ASC
sept. 05, 2016 5:26:29 PM entity.ConfigProject select
INFOS: FROM ConfigProject bp ORDER BY harnessType ASC
sept. 05, 2016 5:26:30 PM entity.ConfigProject select
INFOS: FROM ConfigProject bp ORDER BY harnessType ASC
sept. 05, 2016 5:26:35 PM gui.packaging.PACKAGING_UI0002_PasswordRequest admin_password_txtboxKeyPressed
INFOS: User Admin   / 9999 connected to host WSMA7040 at 2016-09-05 17:26:35 Project : ENGINE.
sept. 05, 2016 5:26:49 PM entity.ConfigUcs isHarnessPartExist
INFOS: Searching Harness part [22630882] in ConfigUCS: ENGINE
sept. 05, 2016 5:26:49 PM entity.ConfigUcs isHarnessPartExist
INFOS: Harness part [22630882] found for project [ENGINE].
sept. 05, 2016 5:26:49 PM state.S020_HarnessPartScan doAction
INFOS: Harness Part scanned [P22630882] OK.
sept. 05, 2016 5:26:55 PM entity.BaseHarness isCounterExist
INFOS: Searching Harness counter [P2263088205092016172600] in BaseHarness.
sept. 05, 2016 5:26:55 PM entity.BaseHarness isCounterExist
INFOS: FROM BaseHarness bh WHERE bh.counter = :counter
sept. 05, 2016 5:26:55 PM state.S030_MatrixIdScan doAction
INFOS: Valid Harness Counter scanned [P2263088205092016172600] OK.
sept. 05, 2016 5:27:25 PM helper.Helper InitDailyDestPrintDir
INFOS: Print directory [.\print\2016_09_05] already exist!
Print sub directory [.\print\2016_09_05.\open_sheet] already exist!
Print sub directory [.\print\2016_09_05.\closing_sheet] already exist!
Print sub directory [.\print\2016_09_05.\picking_label] already exist!

sept. 05, 2016 5:27:27 PM gui.packaging.PACKAGING_UI0001_Main loadBarcodeConfig
INFOS: FROM ConfigBarcode cb WHERE cb.keyWord = :keyWord ORDER BY id ASC
sept. 05, 2016 5:27:27 PM entity.ConfigProject select
INFOS: FROM ConfigProject bp ORDER BY harnessType ASC
sept. 05, 2016 5:27:27 PM entity.ConfigProject select
INFOS: FROM ConfigProject bp ORDER BY harnessType ASC
sept. 05, 2016 5:27:33 PM gui.packaging.PACKAGING_UI0002_PasswordRequest admin_password_txtboxKeyPressed
INFOS: User Admin   / 9999 connected to host WSMA7040 at 2016-09-05 17:27:33 Project : ENGINE.
sept. 05, 2016 5:27:39 PM entity.ConfigUcs isHarnessPartExist
INFOS: Searching Harness part [22630882] in ConfigUCS: ENGINE
sept. 05, 2016 5:27:39 PM entity.ConfigUcs isHarnessPartExist
INFOS: Harness part [22630882] found for project [ENGINE].
sept. 05, 2016 5:27:39 PM state.S020_HarnessPartScan doAction
INFOS: Harness Part scanned [P22630882] OK.
sept. 05, 2016 5:27:45 PM entity.BaseHarness isCounterExist
INFOS: Searching Harness counter [P2263088205092016172700] in BaseHarness.
sept. 05, 2016 5:27:45 PM entity.BaseHarness isCounterExist
INFOS: FROM BaseHarness bh WHERE bh.counter = :counter
sept. 05, 2016 5:27:45 PM state.S030_MatrixIdScan doAction
INFOS: Valid Harness Counter scanned [P2263088205092016172700] OK.
sept. 05, 2016 5:29:36 PM helper.Helper InitDailyDestPrintDir
INFOS: Print directory [.\print\2016_09_05] already exist!
Print sub directory [.\print\2016_09_05.\open_sheet] already exist!
Print sub directory [.\print\2016_09_05.\closing_sheet] already exist!
Print sub directory [.\print\2016_09_05.\picking_label] already exist!

sept. 05, 2016 5:29:37 PM gui.packaging.PACKAGING_UI0001_Main loadBarcodeConfig
INFOS: FROM ConfigBarcode cb WHERE cb.keyWord = :keyWord ORDER BY id ASC
sept. 05, 2016 5:29:37 PM entity.ConfigProject select
INFOS: FROM ConfigProject bp ORDER BY harnessType ASC
sept. 05, 2016 5:29:37 PM entity.ConfigProject select
INFOS: FROM ConfigProject bp ORDER BY harnessType ASC
sept. 05, 2016 5:29:41 PM gui.packaging.PACKAGING_UI0002_PasswordRequest admin_password_txtboxKeyPressed
INFOS: User Admin   / 9999 connected to host WSMA7040 at 2016-09-05 17:29:41 Project : ENGINE.
sept. 05, 2016 5:30:20 PM entity.ConfigUcs isHarnessPartExist
INFOS: Searching Harness part [22630882] in ConfigUCS: ENGINE
sept. 05, 2016 5:30:20 PM entity.ConfigUcs isHarnessPartExist
INFOS: Harness part [22630882] found for project [ENGINE].
sept. 05, 2016 5:30:20 PM state.S020_HarnessPartScan doAction
INFOS: Harness Part scanned [P22630882] OK.
sept. 05, 2016 5:30:28 PM entity.BaseHarness isCounterExist
INFOS: Searching Harness counter [P2263088205082016173300] in BaseHarness.
sept. 05, 2016 5:30:28 PM entity.BaseHarness isCounterExist
INFOS: FROM BaseHarness bh WHERE bh.counter = :counter
sept. 05, 2016 5:30:28 PM state.S030_MatrixIdScan doAction
INFOS: Valid Harness Counter scanned [P2263088205082016173300] OK.
sept. 05, 2016 5:31:10 PM helper.Helper InitDailyDestPrintDir
INFOS: Print directory [.\print\2016_09_05] already exist!
Print sub directory [.\print\2016_09_05.\open_sheet] already exist!
Print sub directory [.\print\2016_09_05.\closing_sheet] already exist!
Print sub directory [.\print\2016_09_05.\picking_label] already exist!

sept. 05, 2016 5:31:12 PM gui.packaging.PACKAGING_UI0001_Main loadBarcodeConfig
INFOS: FROM ConfigBarcode cb WHERE cb.keyWord = :keyWord ORDER BY id ASC
sept. 05, 2016 5:31:12 PM entity.ConfigProject select
INFOS: FROM ConfigProject bp ORDER BY harnessType ASC
sept. 05, 2016 5:31:12 PM entity.ConfigProject select
INFOS: FROM ConfigProject bp ORDER BY harnessType ASC
sept. 05, 2016 5:31:17 PM gui.packaging.PACKAGING_UI0002_PasswordRequest admin_password_txtboxKeyPressed
INFOS: User Admin   / 9999 connected to host WSMA7040 at 2016-09-05 17:31:17 Project : ENGINE.
sept. 05, 2016 5:31:22 PM entity.ConfigUcs isHarnessPartExist
INFOS: Searching Harness part [22630882] in ConfigUCS: ENGINE
sept. 05, 2016 5:31:22 PM entity.ConfigUcs isHarnessPartExist
INFOS: Harness part [22630882] found for project [ENGINE].
sept. 05, 2016 5:31:22 PM state.S020_HarnessPartScan doAction
INFOS: Harness Part scanned [P22630882] OK.
sept. 05, 2016 5:31:28 PM entity.BaseHarness isCounterExist
INFOS: Searching Harness counter [P2263088211111111000000] in BaseHarness.
sept. 05, 2016 5:31:28 PM entity.BaseHarness isCounterExist
INFOS: FROM BaseHarness bh WHERE bh.counter = :counter
sept. 05, 2016 5:31:28 PM state.S030_MatrixIdScan doAction
INFOS: Valid Harness Counter scanned [P2263088211111111000000] OK.
sept. 05, 2016 5:32:48 PM helper.Helper InitDailyDestPrintDir
INFOS: Print directory [.\print\2016_09_05] already exist!
Print sub directory [.\print\2016_09_05.\open_sheet] already exist!
Print sub directory [.\print\2016_09_05.\closing_sheet] already exist!
Print sub directory [.\print\2016_09_05.\picking_label] already exist!

sept. 05, 2016 5:32:49 PM gui.packaging.PACKAGING_UI0001_Main loadBarcodeConfig
INFOS: FROM ConfigBarcode cb WHERE cb.keyWord = :keyWord ORDER BY id ASC
sept. 05, 2016 5:32:49 PM entity.ConfigProject select
INFOS: FROM ConfigProject bp ORDER BY harnessType ASC
sept. 05, 2016 5:32:49 PM entity.ConfigProject select
INFOS: FROM ConfigProject bp ORDER BY harnessType ASC
sept. 05, 2016 5:32:51 PM gui.packaging.PACKAGING_UI0002_PasswordRequest admin_password_txtboxKeyPressed
INFOS: User Admin   / 9999 connected to host WSMA7040 at 2016-09-05 17:32:51 Project : ENGINE.
sept. 05, 2016 5:32:56 PM entity.ConfigUcs isHarnessPartExist
INFOS: Searching Harness part [22630882] in ConfigUCS: ENGINE
sept. 05, 2016 5:32:56 PM entity.ConfigUcs isHarnessPartExist
INFOS: Harness part [22630882] found for project [ENGINE].
sept. 05, 2016 5:32:56 PM state.S020_HarnessPartScan doAction
INFOS: Harness Part scanned [P22630882] OK.
sept. 05, 2016 5:33:02 PM entity.BaseHarness isCounterExist
INFOS: Searching Harness counter [P2263088211002200000000] in BaseHarness.
sept. 05, 2016 5:33:02 PM entity.BaseHarness isCounterExist
INFOS: FROM BaseHarness bh WHERE bh.counter = :counter
sept. 05, 2016 5:33:02 PM state.S030_MatrixIdScan doAction
INFOS: Valid Harness Counter scanned [P2263088211002200000000] OK.
sept. 05, 2016 5:34:51 PM gui.packaging.PACKAGING_UI0002_PasswordRequest admin_password_txtboxKeyPressed
INFOS: User Admin   / 9999 connected to host WSMA7040 at 2016-09-05 17:34:51 Project : ENGINE.
sept. 05, 2016 5:34:59 PM entity.ConfigUcs isHarnessPartExist
INFOS: Searching Harness part [22630882] in ConfigUCS: ENGINE
sept. 05, 2016 5:34:59 PM entity.ConfigUcs isHarnessPartExist
INFOS: Harness part [22630882] found for project [ENGINE].
sept. 05, 2016 5:34:59 PM state.S020_HarnessPartScan doAction
INFOS: Harness Part scanned [P22630882] OK.
sept. 05, 2016 5:35:04 PM entity.BaseHarness isCounterExist
INFOS: Searching Harness counter [P2263088211112222111100] in BaseHarness.
sept. 05, 2016 5:35:04 PM entity.BaseHarness isCounterExist
INFOS: FROM BaseHarness bh WHERE bh.counter = :counter
sept. 05, 2016 5:35:04 PM state.S030_MatrixIdScan doAction
INFOS: Valid Harness Counter scanned [P2263088211112222111100] OK.
sept. 05, 2016 5:35:12 PM helper.Helper InitDailyDestPrintDir
INFOS: Print directory [.\print\2016_09_05] already exist!
Print sub directory [.\print\2016_09_05.\open_sheet] already exist!
Print sub directory [.\print\2016_09_05.\closing_sheet] already exist!
Print sub directory [.\print\2016_09_05.\picking_label] already exist!

sept. 05, 2016 5:35:13 PM gui.packaging.PACKAGING_UI0001_Main loadBarcodeConfig
INFOS: FROM ConfigBarcode cb WHERE cb.keyWord = :keyWord ORDER BY id ASC
sept. 05, 2016 5:35:13 PM entity.ConfigProject select
INFOS: FROM ConfigProject bp ORDER BY harnessType ASC
sept. 05, 2016 5:35:13 PM entity.ConfigProject select
INFOS: FROM ConfigProject bp ORDER BY harnessType ASC
sept. 05, 2016 5:35:17 PM gui.packaging.PACKAGING_UI0002_PasswordRequest admin_password_txtboxKeyPressed
INFOS: User Admin   / 9999 connected to host WSMA7040 at 2016-09-05 17:35:17 Project : ENGINE.
sept. 05, 2016 5:35:21 PM entity.ConfigUcs isHarnessPartExist
INFOS: Searching Harness part [22630882] in ConfigUCS: ENGINE
sept. 05, 2016 5:35:21 PM entity.ConfigUcs isHarnessPartExist
INFOS: Harness part [22630882] found for project [ENGINE].
sept. 05, 2016 5:35:21 PM state.S020_HarnessPartScan doAction
INFOS: Harness Part scanned [P22630882] OK.
sept. 05, 2016 5:35:25 PM entity.BaseHarness isCounterExist
INFOS: Searching Harness counter [P2263088211221111222222] in BaseHarness.
sept. 05, 2016 5:35:25 PM entity.BaseHarness isCounterExist
INFOS: FROM BaseHarness bh WHERE bh.counter = :counter
sept. 05, 2016 5:35:25 PM state.S030_MatrixIdScan doAction
INFOS: Valid Harness Counter scanned [P2263088211221111222222] OK.
sept. 05, 2016 5:40:57 PM helper.Helper InitDailyDestPrintDir
INFOS: Print directory [.\print\2016_09_05] already exist!
Print sub directory [.\print\2016_09_05.\open_sheet] already exist!
Print sub directory [.\print\2016_09_05.\closing_sheet] already exist!
Print sub directory [.\print\2016_09_05.\picking_label] already exist!

sept. 05, 2016 5:40:58 PM gui.packaging.PACKAGING_UI0001_Main loadBarcodeConfig
INFOS: FROM ConfigBarcode cb WHERE cb.keyWord = :keyWord ORDER BY id ASC
sept. 05, 2016 5:40:58 PM entity.ConfigProject select
INFOS: FROM ConfigProject bp ORDER BY harnessType ASC
sept. 05, 2016 5:40:58 PM entity.ConfigProject select
INFOS: FROM ConfigProject bp ORDER BY harnessType ASC
sept. 05, 2016 5:41:00 PM gui.packaging.PACKAGING_UI0002_PasswordRequest admin_password_txtboxKeyPressed
INFOS: User Admin   / 9999 connected to host WSMA7040 at 2016-09-05 17:41:00 Project : ENGINE.
sept. 05, 2016 5:41:07 PM entity.ConfigUcs isHarnessPartExist
INFOS: Searching Harness part [22630882] in ConfigUCS: ENGINE
sept. 05, 2016 5:41:07 PM entity.ConfigUcs isHarnessPartExist
INFOS: Harness part [22630882] found for project [ENGINE].
sept. 05, 2016 5:41:07 PM state.S020_HarnessPartScan doAction
INFOS: Harness Part scanned [P22630882] OK.
sept. 05, 2016 5:41:11 PM entity.BaseHarness isCounterExist
INFOS: Searching Harness counter [P2263088211112222111111] in BaseHarness.
sept. 05, 2016 5:41:11 PM entity.BaseHarness isCounterExist
INFOS: FROM BaseHarness bh WHERE bh.counter = :counter
sept. 05, 2016 5:41:11 PM state.S030_MatrixIdScan doAction
INFOS: Valid Harness Counter scanned [P2263088211112222111111] OK.
sept. 05, 2016 5:41:16 PM entity.BaseEngineLabel checkLabelFormat
INFOS: Invalid Counter scanned format [mlkrdsgmlkdrg]!
sept. 05, 2016 5:41:24 PM entity.BaseEngineLabel checkLabelFormat
INFOS: Invalid Counter scanned format [;d:fg,:;,dfg:,dfg]!
sept. 05, 2016 5:41:41 PM entity.BaseEngineLabel isLabelCodeExist
INFOS: Searching Engine Label code [12345678912] in BaseEngineLabel.
sept. 05, 2016 5:41:41 PM entity.BaseEngineLabel isLabelCodeExist
INFOS: FROM BaseEngineLabel bel WHERE bel.labelCode = :labelCode
sept. 05, 2016 5:41:41 PM entity.BaseEngineLabel isLabelCodeExist
INFOS: New label engine [12345678912]
sept. 05, 2016 5:55:07 PM helper.Helper InitDailyDestPrintDir
INFOS: Print directory [.\print\2016_09_05] already exist!
Print sub directory [.\print\2016_09_05.\open_sheet] already exist!
Print sub directory [.\print\2016_09_05.\closing_sheet] already exist!
Print sub directory [.\print\2016_09_05.\picking_label] already exist!

sept. 05, 2016 5:55:09 PM gui.packaging.PACKAGING_UI0001_Main loadBarcodeConfig
INFOS: FROM ConfigBarcode cb WHERE cb.keyWord = :keyWord ORDER BY id ASC
sept. 05, 2016 5:55:09 PM entity.ConfigProject select
INFOS: FROM ConfigProject bp ORDER BY harnessType ASC
sept. 05, 2016 5:55:09 PM entity.ConfigProject select
INFOS: FROM ConfigProject bp ORDER BY harnessType ASC
sept. 05, 2016 5:55:14 PM gui.packaging.PACKAGING_UI0002_PasswordRequest admin_password_txtboxKeyPressed
INFOS: User Admin   / 9999 connected to host WSMA7040 at 2016-09-05 17:55:14 Project : ENGINE.
sept. 05, 2016 5:55:21 PM entity.ConfigUcs isHarnessPartExist
INFOS: Searching Harness part [22630882] in ConfigUCS: ENGINE
sept. 05, 2016 5:55:21 PM entity.ConfigUcs isHarnessPartExist
INFOS: Harness part [22630882] found for project [ENGINE].
sept. 05, 2016 5:55:21 PM state.S020_HarnessPartScan doAction
INFOS: Harness Part scanned [P22630882] OK.
sept. 05, 2016 5:55:26 PM entity.BaseHarness isCounterExist
INFOS: Searching Harness counter [P2263088211222016111111] in BaseHarness.
sept. 05, 2016 5:55:26 PM entity.BaseHarness isCounterExist
INFOS: FROM BaseHarness bh WHERE bh.counter = :counter
sept. 05, 2016 5:55:26 PM state.S030_MatrixIdScan doAction
INFOS: Valid Harness Counter scanned [P2263088211222016111111] OK.
sept. 05, 2016 5:55:33 PM entity.BaseEngineLabel isLabelCodeExist
INFOS: Searching Engine Label code [12345678912] in BaseEngineLabel.
sept. 05, 2016 5:55:33 PM entity.BaseEngineLabel isLabelCodeExist
INFOS: FROM BaseEngineLabel bel WHERE bel.labelCode = :labelCode
sept. 05, 2016 5:55:33 PM entity.BaseEngineLabel isLabelCodeExist
INFOS: New label engine [12345678912]
sept. 05, 2016 5:55:33 PM state.S031_PlasticBagScan doAction
INFOS: First Valid Engine Label scanned [12345678912] OK.
sept. 05, 2016 5:56:35 PM helper.Helper InitDailyDestPrintDir
INFOS: Print directory [.\print\2016_09_05] already exist!
Print sub directory [.\print\2016_09_05.\open_sheet] already exist!
Print sub directory [.\print\2016_09_05.\closing_sheet] already exist!
Print sub directory [.\print\2016_09_05.\picking_label] already exist!

sept. 05, 2016 5:56:36 PM gui.packaging.PACKAGING_UI0001_Main loadBarcodeConfig
INFOS: FROM ConfigBarcode cb WHERE cb.keyWord = :keyWord ORDER BY id ASC
sept. 05, 2016 5:56:36 PM entity.ConfigProject select
INFOS: FROM ConfigProject bp ORDER BY harnessType ASC
sept. 05, 2016 5:56:36 PM entity.ConfigProject select
INFOS: FROM ConfigProject bp ORDER BY harnessType ASC
sept. 05, 2016 5:56:42 PM gui.packaging.PACKAGING_UI0002_PasswordRequest admin_password_txtboxKeyPressed
INFOS: User Admin   / 9999 connected to host WSMA7040 at 2016-09-05 17:56:42 Project : ENGINE.
sept. 05, 2016 5:56:43 PM entity.ConfigUcs isHarnessPartExist
INFOS: Searching Harness part [22630882] in ConfigUCS: ENGINE
sept. 05, 2016 5:56:43 PM entity.ConfigUcs isHarnessPartExist
INFOS: Harness part [22630882] found for project [ENGINE].
sept. 05, 2016 5:56:43 PM state.S020_HarnessPartScan doAction
INFOS: Harness Part scanned [P22630882] OK.
sept. 05, 2016 5:56:51 PM entity.BaseHarness isCounterExist
INFOS: Searching Harness counter [P2263088211222016000000] in BaseHarness.
sept. 05, 2016 5:56:51 PM entity.BaseHarness isCounterExist
INFOS: FROM BaseHarness bh WHERE bh.counter = :counter
sept. 05, 2016 5:56:51 PM state.S030_MatrixIdScan doAction
INFOS: Valid Harness Counter scanned [P2263088211222016000000] OK.
sept. 05, 2016 5:56:58 PM entity.BaseEngineLabel isLabelCodeExist
INFOS: Searching Engine Label code [12345678912] in BaseEngineLabel.
sept. 05, 2016 5:56:58 PM entity.BaseEngineLabel isLabelCodeExist
INFOS: FROM BaseEngineLabel bel WHERE bel.labelCode = :labelCode
sept. 05, 2016 5:56:58 PM entity.BaseEngineLabel isLabelCodeExist
INFOS: New label engine [12345678912]
sept. 05, 2016 5:56:58 PM state.S031_PlasticBagScan doAction
INFOS: First Valid Engine Label scanned [12345678912] OK.
sept. 05, 2016 6:06:52 PM helper.Helper InitDailyDestPrintDir
INFOS: Print directory [.\print\2016_09_05] already exist!
Print sub directory [.\print\2016_09_05.\open_sheet] already exist!
Print sub directory [.\print\2016_09_05.\closing_sheet] already exist!
Print sub directory [.\print\2016_09_05.\picking_label] already exist!

sept. 05, 2016 6:06:53 PM gui.packaging.PACKAGING_UI0001_Main loadBarcodeConfig
INFOS: FROM ConfigBarcode cb WHERE cb.keyWord = :keyWord ORDER BY id ASC
sept. 05, 2016 6:06:53 PM entity.ConfigProject select
INFOS: FROM ConfigProject bp ORDER BY harnessType ASC
sept. 05, 2016 6:06:53 PM entity.ConfigProject select
INFOS: FROM ConfigProject bp ORDER BY harnessType ASC
sept. 05, 2016 6:06:55 PM gui.packaging.PACKAGING_UI0002_PasswordRequest admin_password_txtboxKeyPressed
INFOS: User Admin   / 9999 connected to host WSMA7040 at 2016-09-05 18:06:55 Project : ENGINE.
sept. 05, 2016 6:07:12 PM entity.ConfigUcs isHarnessPartExist
INFOS: Searching Harness part [22630882] in ConfigUCS: ENGINE
sept. 05, 2016 6:07:12 PM entity.ConfigUcs isHarnessPartExist
INFOS: Harness part [22630882] found for project [ENGINE].
sept. 05, 2016 6:07:12 PM state.S020_HarnessPartScan doAction
INFOS: Harness Part scanned [P22630882] OK.
sept. 05, 2016 6:07:18 PM entity.BaseHarness isCounterExist
INFOS: Searching Harness counter [P2263088211222016112233] in BaseHarness.
sept. 05, 2016 6:07:18 PM entity.BaseHarness isCounterExist
INFOS: FROM BaseHarness bh WHERE bh.counter = :counter
sept. 05, 2016 6:07:18 PM state.S030_MatrixIdScan doAction
INFOS: Valid Harness Counter scanned [P2263088211222016112233] OK.
sept. 05, 2016 6:07:24 PM entity.BaseEngineLabel isLabelCodeExist
INFOS: Searching Engine Label code [12345678912] in BaseEngineLabel.
sept. 05, 2016 6:07:24 PM entity.BaseEngineLabel isLabelCodeExist
INFOS: FROM BaseEngineLabel bel WHERE bel.labelCode = :labelCode
sept. 05, 2016 6:07:24 PM entity.BaseEngineLabel isLabelCodeExist
INFOS: New label engine [12345678912]
sept. 05, 2016 6:07:24 PM state.S031_PlasticBagScan doAction
INFOS: First Valid Engine Label scanned [12345678912] OK.
sept. 05, 2016 6:08:05 PM entity.BaseEngineLabel isLabelCodeExist
INFOS: Searching Engine Label code [12345678912] in BaseEngineLabel.
sept. 05, 2016 6:08:05 PM entity.BaseEngineLabel isLabelCodeExist
INFOS: FROM BaseEngineLabel bel WHERE bel.labelCode = :labelCode
sept. 05, 2016 6:08:05 PM entity.BaseEngineLabel isLabelCodeExist
INFOS: New label engine [12345678912]
sept. 05, 2016 6:08:05 PM state.S031_PlasticBagScan doAction
INFOS: First Valid Engine Label scanned [12345678912] OK.
sept. 05, 2016 6:08:12 PM entity.BaseEngineLabel isLabelCodeExist
INFOS: Searching Engine Label code [12345678912] in BaseEngineLabel.
sept. 05, 2016 6:08:12 PM entity.BaseEngineLabel isLabelCodeExist
INFOS: FROM BaseEngineLabel bel WHERE bel.labelCode = :labelCode
sept. 05, 2016 6:08:12 PM entity.BaseEngineLabel isLabelCodeExist
INFOS: New label engine [12345678912]
sept. 05, 2016 6:17:22 PM helper.Helper InitDailyDestPrintDir
INFOS: Print directory [.\print\2016_09_05] already exist!
Print sub directory [.\print\2016_09_05.\open_sheet] already exist!
Print sub directory [.\print\2016_09_05.\closing_sheet] already exist!
Print sub directory [.\print\2016_09_05.\picking_label] already exist!

sept. 05, 2016 6:17:23 PM gui.packaging.PACKAGING_UI0001_Main loadBarcodeConfig
INFOS: FROM ConfigBarcode cb WHERE cb.keyWord = :keyWord ORDER BY id ASC
sept. 05, 2016 6:17:23 PM entity.ConfigProject select
INFOS: FROM ConfigProject bp ORDER BY harnessType ASC
sept. 05, 2016 6:17:23 PM entity.ConfigProject select
INFOS: FROM ConfigProject bp ORDER BY harnessType ASC
sept. 05, 2016 6:17:27 PM gui.packaging.PACKAGING_UI0002_PasswordRequest admin_password_txtboxKeyPressed
INFOS: User Admin   / 9999 connected to host WSMA7040 at 2016-09-05 18:17:27 Project : ENGINE.
sept. 05, 2016 6:17:32 PM entity.ConfigUcs isHarnessPartExist
INFOS: Searching Harness part [22630882] in ConfigUCS: ENGINE
sept. 05, 2016 6:17:32 PM entity.ConfigUcs isHarnessPartExist
INFOS: Harness part [22630882] found for project [ENGINE].
sept. 05, 2016 6:17:32 PM state.S020_HarnessPartScan doAction
INFOS: Harness Part scanned [P22630882] OK.
sept. 05, 2016 6:17:37 PM entity.BaseHarness checkCounterFormat
INFOS: Invalid Counter scanned format [P226308821122332016111111]!
sept. 05, 2016 6:17:45 PM entity.BaseHarness isCounterExist
INFOS: Searching Harness counter [P2263088205092016181400] in BaseHarness.
sept. 05, 2016 6:17:45 PM entity.BaseHarness isCounterExist
INFOS: FROM BaseHarness bh WHERE bh.counter = :counter
sept. 05, 2016 6:17:45 PM state.S030_MatrixIdScan doAction
INFOS: Valid Harness Counter scanned [P2263088205092016181400] OK.
sept. 05, 2016 6:17:51 PM entity.BaseEngineLabel isLabelCodeExist
INFOS: Searching Engine Label code [12345678912] in BaseEngineLabel.
sept. 05, 2016 6:17:51 PM entity.BaseEngineLabel isLabelCodeExist
INFOS: FROM BaseEngineLabel bel WHERE bel.labelCode = :labelCode
sept. 05, 2016 6:17:51 PM entity.BaseEngineLabel isLabelCodeExist
INFOS: New label engine [12345678912]
sept. 05, 2016 6:17:51 PM state.S031_PlasticBagScan doAction
INFOS: First Valid Engine Label scanned [12345678912] OK.
sept. 05, 2016 6:17:55 PM entity.BaseEngineLabel isLabelCodeExist
INFOS: Searching Engine Label code [12345678912] in BaseEngineLabel.
sept. 05, 2016 6:17:55 PM entity.BaseEngineLabel isLabelCodeExist
INFOS: FROM BaseEngineLabel bel WHERE bel.labelCode = :labelCode
sept. 05, 2016 6:17:55 PM entity.BaseEngineLabel isLabelCodeExist
INFOS: New label engine [12345678912]
sept. 05, 2016 6:17:55 PM state.S031_PlasticBagScan doAction
INFOS: First Valid Engine Label scanned [12345678912] OK.
sept. 05, 2016 6:18:00 PM entity.BaseEngineLabel isLabelCodeExist
INFOS: Searching Engine Label code [12345678912] in BaseEngineLabel.
sept. 05, 2016 6:18:00 PM entity.BaseEngineLabel isLabelCodeExist
INFOS: FROM BaseEngineLabel bel WHERE bel.labelCode = :labelCode
sept. 05, 2016 6:18:01 PM entity.BaseEngineLabel isLabelCodeExist
INFOS: New label engine [12345678912]
sept. 05, 2016 6:18:22 PM helper.Helper InitDailyDestPrintDir
INFOS: Print directory [.\print\2016_09_05] already exist!
Print sub directory [.\print\2016_09_05.\open_sheet] already exist!
Print sub directory [.\print\2016_09_05.\closing_sheet] already exist!
Print sub directory [.\print\2016_09_05.\picking_label] already exist!

sept. 05, 2016 6:18:42 PM helper.Helper InitDailyDestPrintDir
INFOS: Print directory [.\print\2016_09_05] already exist!
Print sub directory [.\print\2016_09_05.\open_sheet] already exist!
Print sub directory [.\print\2016_09_05.\closing_sheet] already exist!
Print sub directory [.\print\2016_09_05.\picking_label] already exist!

sept. 05, 2016 6:18:44 PM gui.packaging.PACKAGING_UI0001_Main loadBarcodeConfig
INFOS: FROM ConfigBarcode cb WHERE cb.keyWord = :keyWord ORDER BY id ASC
sept. 05, 2016 6:18:44 PM entity.ConfigProject select
INFOS: FROM ConfigProject bp ORDER BY harnessType ASC
sept. 05, 2016 6:18:44 PM entity.ConfigProject select
INFOS: FROM ConfigProject bp ORDER BY harnessType ASC
sept. 05, 2016 6:18:47 PM gui.packaging.PACKAGING_UI0002_PasswordRequest admin_password_txtboxKeyPressed
INFOS: User Admin   / 9999 connected to host WSMA7040 at 2016-09-05 18:18:47 Project : ENGINE.
sept. 05, 2016 6:18:53 PM entity.ConfigUcs isHarnessPartExist
INFOS: Searching Harness part [22630882] in ConfigUCS: ENGINE
sept. 05, 2016 6:18:53 PM entity.ConfigUcs isHarnessPartExist
INFOS: Harness part [22630882] found for project [ENGINE].
sept. 05, 2016 6:18:53 PM state.S020_HarnessPartScan doAction
INFOS: Harness Part scanned [P22630882] OK.
sept. 05, 2016 6:18:59 PM entity.BaseHarness isCounterExist
INFOS: Searching Harness counter [P2263088211222016110011] in BaseHarness.
sept. 05, 2016 6:18:59 PM entity.BaseHarness isCounterExist
INFOS: FROM BaseHarness bh WHERE bh.counter = :counter
sept. 05, 2016 6:18:59 PM state.S030_MatrixIdScan doAction
INFOS: Valid Harness Counter scanned [P2263088211222016110011] OK.
sept. 05, 2016 6:19:03 PM entity.BaseEngineLabel isLabelCodeExist
INFOS: Searching Engine Label code [12345678912] in BaseEngineLabel.
sept. 05, 2016 6:19:03 PM entity.BaseEngineLabel isLabelCodeExist
INFOS: FROM BaseEngineLabel bel WHERE bel.labelCode = :labelCode
sept. 05, 2016 6:19:03 PM entity.BaseEngineLabel isLabelCodeExist
INFOS: New label engine [12345678912]
sept. 05, 2016 6:19:03 PM state.S031_PlasticBagScan doAction
INFOS: First Valid Engine Label scanned [12345678912] OK.
sept. 05, 2016 6:19:08 PM entity.BaseEngineLabel isLabelCodeExist
INFOS: Searching Engine Label code [12345678912] in BaseEngineLabel.
sept. 05, 2016 6:19:08 PM entity.BaseEngineLabel isLabelCodeExist
INFOS: FROM BaseEngineLabel bel WHERE bel.labelCode = :labelCode
sept. 05, 2016 6:19:08 PM entity.BaseEngineLabel isLabelCodeExist
INFOS: New label engine [12345678912]
sept. 05, 2016 6:19:15 PM state.S040_PalletChoice doAction
INFOS: Is it a new pallet ?
sept. 05, 2016 6:19:15 PM state.S040_PalletChoice doAction
INFOS:  [Yes]
sept. 05, 2016 6:19:15 PM gui.packaging.PACKAGING_UI9000_ChoosePackType <init>
INFOS: Item found 22630882--26C36540A--P02--3RV--24--0.0
sept. 05, 2016 6:19:15 PM gui.packaging.PACKAGING_UI9000_ChoosePackType <init>
INFOS: 1 UCS founds for Harness Part[22630882].
sept. 05, 2016 6:19:16 PM gui.packaging.PACKAGING_UI9000_ChoosePackType mappingContextVals
INFOS: Selected pack type : 22630882--26C36540A--P02--3RV--24--0.0 
sept. 05, 2016 6:19:16 PM helper.Helper InitDailyDestPrintDir
INFOS: nullPrint directory [.\print\2016_09_05] already exist!
Print sub directory [.\print\2016_09_05.\open_sheet] already exist!
Print sub directory [.\print\2016_09_05.\closing_sheet] already exist!
Print sub directory [.\print\2016_09_05.\picking_label] already exist!

sept. 05, 2016 6:19:17 PM helper.PrinterHelper saveAndPrintOpenSheet
INFOS: Set Pallet [200000491] state to [IN_PROCESS]
sept. 05, 2016 6:19:17 PM print.PrintOpenPallet_A5 sentToDefaultDesktopPrinter
INFOS: Sending [.\print\2016_09_05\open_sheet\PrintOpenPallet_A5_2016_09_05_18_19_16_200000491.pdf] to the default printer...
sept. 05, 2016 6:19:17 PM print.PrintOpenPallet_A5 sentToDefaultDesktopPrinter
INFOS: File [%s] has been printed.
sept. 05, 2016 6:19:17 PM helper.PrinterHelper saveAndPrintOpenSheet
INFOS: Set Pallet [200000491] state to [PRINTED]
sept. 05, 2016 6:19:17 PM gui.packaging.PACKAGING_UI9000_ChoosePackType items_listKeyPressed
INFOS: Openning new container for first harness part [22630882].
sept. 05, 2016 6:19:23 PM state.S041_NewPalletScan doAction
INFOS: Scanned Pallet number [200000491] OK.
sept. 05, 2016 6:19:24 PM state.S041_NewPalletScan doAction
INFOS: BaseContainer created BaseContainer{id=763,
 createTime=Mon Sep 05 18:19:23 WEST 2016,
 writeTime=Mon Sep 05 18:19:23 WEST 2016,
 createId=4,
 writeId=4,
 user=9999,
 startTime=Mon Sep 05 18:19:23 WEST 2016,
 completeTime=null,
 workTime=null,
 palletNumber=200000491,
 harnessPart=22630882,
 harnessIndex=P02,
 supplierPartNumber=26C36540A,
 qtyExpected=24,
 qtyRead=1,
 containerState=OPEN,
 containerStateCode=1000,
 packType=3RV,
 harnessType=ENGINE,
 harnessList=[],
 stdTime=0.0} 
sept. 05, 2016 6:26:07 PM helper.Helper InitDailyDestPrintDir
INFOS: Print directory [.\print\2016_09_05] already exist!
Print sub directory [.\print\2016_09_05.\open_sheet] already exist!
Print sub directory [.\print\2016_09_05.\closing_sheet] already exist!
Print sub directory [.\print\2016_09_05.\picking_label] already exist!

sept. 05, 2016 6:26:09 PM gui.packaging.PACKAGING_UI0001_Main loadBarcodeConfig
INFOS: FROM ConfigBarcode cb WHERE cb.keyWord = :keyWord ORDER BY id ASC
sept. 05, 2016 6:26:09 PM entity.ConfigProject select
INFOS: FROM ConfigProject bp ORDER BY harnessType ASC
sept. 05, 2016 6:26:09 PM entity.ConfigProject select
INFOS: FROM ConfigProject bp ORDER BY harnessType ASC
sept. 05, 2016 6:26:12 PM gui.packaging.PACKAGING_UI0002_PasswordRequest admin_password_txtboxKeyPressed
INFOS: User Admin   / 9999 connected to host WSMA7040 at 2016-09-05 18:26:12 Project : ENGINE.
sept. 05, 2016 6:26:19 PM entity.ConfigUcs isHarnessPartExist
INFOS: Searching Harness part [22630882] in ConfigUCS: ENGINE
sept. 05, 2016 6:26:19 PM entity.ConfigUcs isHarnessPartExist
INFOS: Harness part [22630882] found for project [ENGINE].
sept. 05, 2016 6:26:19 PM state.S020_HarnessPartScan doAction
INFOS: Harness Part scanned [P22630882] OK.
sept. 05, 2016 6:26:30 PM entity.BaseHarness isCounterExist
INFOS: Searching Harness counter [P2263088211222016182600] in BaseHarness.
sept. 05, 2016 6:26:30 PM entity.BaseHarness isCounterExist
INFOS: FROM BaseHarness bh WHERE bh.counter = :counter
sept. 05, 2016 6:26:30 PM state.S030_MatrixIdScan doAction
INFOS: Valid Harness Counter scanned [P2263088211222016182600] OK.
sept. 05, 2016 6:26:34 PM entity.BaseEngineLabel isLabelCodeExist
INFOS: Searching Engine Label code [12345678912] in BaseEngineLabel.
sept. 05, 2016 6:26:34 PM entity.BaseEngineLabel isLabelCodeExist
INFOS: FROM BaseEngineLabel bel WHERE bel.labelCode = :labelCode
sept. 05, 2016 6:26:34 PM entity.BaseEngineLabel isLabelCodeExist
AVERTISSEMENT: Duplicated engine label [12345678912]
sept. 05, 2016 6:26:41 PM entity.BaseEngineLabel isLabelCodeExist
INFOS: Searching Engine Label code [12345678900] in BaseEngineLabel.
sept. 05, 2016 6:26:41 PM entity.BaseEngineLabel isLabelCodeExist
INFOS: FROM BaseEngineLabel bel WHERE bel.labelCode = :labelCode
sept. 05, 2016 6:26:41 PM entity.BaseEngineLabel isLabelCodeExist
INFOS: New label engine [12345678900]
sept. 05, 2016 6:26:41 PM state.S031_PlasticBagScan doAction
INFOS: First Valid Engine Label scanned [12345678900] OK.
sept. 05, 2016 6:26:48 PM entity.BaseEngineLabel isLabelCodeExist
INFOS: Searching Engine Label code [12345678912] in BaseEngineLabel.
sept. 05, 2016 6:26:48 PM entity.BaseEngineLabel isLabelCodeExist
INFOS: FROM BaseEngineLabel bel WHERE bel.labelCode = :labelCode
sept. 05, 2016 6:26:48 PM entity.BaseEngineLabel isLabelCodeExist
AVERTISSEMENT: Duplicated engine label [12345678912]
sept. 05, 2016 6:26:53 PM entity.BaseEngineLabel isLabelCodeExist
INFOS: Searching Engine Label code [12345678900] in BaseEngineLabel.
sept. 05, 2016 6:26:53 PM entity.BaseEngineLabel isLabelCodeExist
INFOS: FROM BaseEngineLabel bel WHERE bel.labelCode = :labelCode
sept. 05, 2016 6:26:57 PM entity.BaseEngineLabel isLabelCodeExist
INFOS: Searching Engine Label code [12345678911] in BaseEngineLabel.
sept. 05, 2016 6:26:57 PM entity.BaseEngineLabel isLabelCodeExist
INFOS: FROM BaseEngineLabel bel WHERE bel.labelCode = :labelCode
sept. 05, 2016 6:26:57 PM entity.BaseEngineLabel isLabelCodeExist
INFOS: New label engine [12345678911]
sept. 05, 2016 6:27:02 PM state.S040_PalletChoice doAction
INFOS: Is it a new pallet ?
sept. 05, 2016 6:27:02 PM state.S040_PalletChoice doAction
INFOS:  [No]
sept. 05, 2016 6:27:02 PM state.S040_PalletChoice doAction
INFOS: Pallet values 
sept. 05, 2016 6:27:02 PM state.S040_PalletChoice doAction
INFOS: State           :   [true]
sept. 05, 2016 6:27:02 PM state.S040_PalletChoice doAction
INFOS: Qty Expected    :   [24]
sept. 05, 2016 6:27:02 PM state.S040_PalletChoice doAction
INFOS: Qty Read        :   [1]
sept. 05, 2016 6:27:02 PM state.S040_PalletChoice doAction
INFOS: Std Time        :   [0.0]
sept. 05, 2016 6:27:02 PM state.S040_PalletChoice doAction
INFOS: Harness Part [22630882] = Context Harness Part [22630882]
sept. 05, 2016 6:27:02 PM state.S040_PalletChoice doAction
INFOS: Harness Type [ENGINE] = Context Harness Type [ENGINE]
sept. 05, 2016 6:27:44 PM entity.ConfigUcs isHarnessPartExist
INFOS: Searching Harness part [22701793] in ConfigUCS: ENGINE
sept. 05, 2016 6:27:44 PM entity.ConfigUcs isHarnessPartExist
INFOS: Harness part [22701793] found for project [ENGINE].
sept. 05, 2016 6:27:44 PM state.S020_HarnessPartScan doAction
INFOS: Harness Part scanned [P22701793] OK.
sept. 05, 2016 6:27:51 PM entity.BaseHarness checkCounterFormat
INFOS: Invalid Counter scanned format [P22701793]!
sept. 05, 2016 6:27:58 PM entity.BaseHarness isCounterExist
INFOS: Searching Harness counter [P2270179311222016112211] in BaseHarness.
sept. 05, 2016 6:27:58 PM entity.BaseHarness isCounterExist
INFOS: FROM BaseHarness bh WHERE bh.counter = :counter
sept. 05, 2016 6:27:58 PM state.S030_MatrixIdScan doAction
INFOS: Valid Harness Counter scanned [P2270179311222016112211] OK.
sept. 05, 2016 6:30:34 PM helper.Helper InitDailyDestPrintDir
INFOS: Print directory [.\print\2016_09_05] already exist!
Print sub directory [.\print\2016_09_05.\open_sheet] already exist!
Print sub directory [.\print\2016_09_05.\closing_sheet] already exist!
Print sub directory [.\print\2016_09_05.\picking_label] already exist!

sept. 05, 2016 6:30:36 PM gui.packaging.PACKAGING_UI0001_Main loadBarcodeConfig
INFOS: FROM ConfigBarcode cb WHERE cb.keyWord = :keyWord ORDER BY id ASC
sept. 05, 2016 6:30:36 PM entity.ConfigProject select
INFOS: FROM ConfigProject bp ORDER BY harnessType ASC
sept. 05, 2016 6:30:36 PM entity.ConfigProject select
INFOS: FROM ConfigProject bp ORDER BY harnessType ASC
sept. 05, 2016 6:30:38 PM gui.packaging.PACKAGING_UI0002_PasswordRequest admin_password_txtboxKeyPressed
INFOS: User Admin   / 9999 connected to host WSMA7040 at 2016-09-05 18:30:38 Project : ENGINE.
sept. 05, 2016 6:30:44 PM entity.ConfigUcs isHarnessPartExist
INFOS: Searching Harness part [22701793] in ConfigUCS: ENGINE
sept. 05, 2016 6:30:44 PM entity.ConfigUcs isHarnessPartExist
INFOS: Harness part [22701793] found for project [ENGINE].
sept. 05, 2016 6:30:44 PM state.S020_HarnessPartScan doAction
INFOS: Harness Part scanned [P22701793] OK.
sept. 05, 2016 6:30:55 PM entity.BaseHarness isCounterExist
INFOS: Searching Harness counter [P2270179305092016183000] in BaseHarness.
sept. 05, 2016 6:30:55 PM entity.BaseHarness isCounterExist
INFOS: FROM BaseHarness bh WHERE bh.counter = :counter
sept. 05, 2016 6:30:55 PM state.S030_MatrixIdScan doAction
INFOS: Valid Harness Counter scanned [P2270179305092016183000] OK.
