nov. 01, 2016 10:37:14 PM helper.Helper InitDailyDestPrintDir
INFOS: Print directory [.\print\2016_11_01] is created!
Print sub directory [.\print\2016_11_01.\open_sheet] is created!
Print sub directory [.\print\2016_11_01.\closing_sheet] is created!
Print sub directory [.\print\2016_11_01.\picking_label] is created!
Print sub directory [.\print\2016_11_01.\dispatch_label] is created!

nov. 01, 2016 10:37:17 PM gui.packaging.PACKAGING_UI0001_Main loadBarcodeConfig
INFOS: FROM ConfigBarcode cb WHERE cb.keyWord = :keyWord ORDER BY id ASC
nov. 01, 2016 10:37:17 PM entity.ConfigProject select
INFOS: FROM ConfigProject bp ORDER BY harnessType ASC
nov. 01, 2016 10:37:17 PM entity.ConfigProject select
INFOS: FROM ConfigProject bp ORDER BY harnessType ASC
nov. 01, 2016 10:40:36 PM gui.packaging.PACKAGING_UI0001_Main loadBarcodeConfig
INFOS: FROM ConfigBarcode cb WHERE cb.keyWord = :keyWord ORDER BY id ASC
nov. 01, 2016 10:40:36 PM entity.ConfigProject select
INFOS: FROM ConfigProject bp ORDER BY harnessType ASC
nov. 01, 2016 10:40:36 PM entity.ConfigProject select
INFOS: FROM ConfigProject bp ORDER BY harnessType ASC
nov. 01, 2016 10:40:46 PM state.S010_UserCodeScan doAction
INFOS: Invalid matricule number or account locked !
nov. 01, 2016 10:40:47 PM state.S010_UserCodeScan doAction
INFOS: Invalid matricule number or account locked !
nov. 01, 2016 10:40:55 PM state.S010_UserCodeScan doAction
INFOS: Invalid matricule number or account locked !
nov. 01, 2016 10:41:15 PM gui.packaging.PACKAGING_UI0001_Main loadBarcodeConfig
INFOS: FROM ConfigBarcode cb WHERE cb.keyWord = :keyWord ORDER BY id ASC
nov. 01, 2016 10:41:15 PM entity.ConfigProject select
INFOS: FROM ConfigProject bp ORDER BY harnessType ASC
nov. 01, 2016 10:41:15 PM entity.ConfigProject select
INFOS: FROM ConfigProject bp ORDER BY harnessType ASC
nov. 01, 2016 10:41:23 PM state.S010_UserCodeScan doAction
INFOS: Invalid matricule number or account locked !
nov. 01, 2016 10:41:55 PM gui.packaging.PACKAGING_UI0001_Main loadBarcodeConfig
INFOS: FROM ConfigBarcode cb WHERE cb.keyWord = :keyWord ORDER BY id ASC
nov. 01, 2016 10:41:55 PM entity.ConfigProject select
INFOS: FROM ConfigProject bp ORDER BY harnessType ASC
nov. 01, 2016 10:41:55 PM entity.ConfigProject select
INFOS: FROM ConfigProject bp ORDER BY harnessType ASC
nov. 01, 2016 10:43:47 PM gui.packaging.PACKAGING_UI0001_Main loadBarcodeConfig
INFOS: FROM ConfigBarcode cb WHERE cb.keyWord = :keyWord ORDER BY id ASC
nov. 01, 2016 10:43:47 PM entity.ConfigProject select
INFOS: FROM ConfigProject bp ORDER BY harnessType ASC
nov. 01, 2016 10:43:47 PM entity.ConfigProject select
INFOS: FROM ConfigProject bp ORDER BY harnessType ASC
nov. 01, 2016 10:44:54 PM helper.Helper InitDailyDestPrintDir
INFOS: Print directory [.\print\2016_11_01] already exist!
Print sub directory [.\print\2016_11_01.\open_sheet] already exist!
Print sub directory [.\print\2016_11_01.\closing_sheet] already exist!
Print sub directory [.\print\2016_11_01.\picking_label] already exist!
Print sub directory [.\print\2016_11_01.\dispatch_label] already exist!

nov. 01, 2016 10:44:57 PM gui.packaging.PACKAGING_UI0001_Main loadBarcodeConfig
INFOS: FROM ConfigBarcode cb WHERE cb.keyWord = :keyWord ORDER BY id ASC
nov. 01, 2016 10:44:57 PM entity.ConfigProject select
INFOS: FROM ConfigProject bp ORDER BY harnessType ASC
nov. 01, 2016 10:44:57 PM entity.ConfigProject select
INFOS: FROM ConfigProject bp ORDER BY harnessType ASC
nov. 01, 2016 10:45:16 PM gui.packaging.PACKAGING_UI0002_PasswordRequest connect
INFOS: User Admin ENGINE / 9999 connected to host O-EZZIOURI at 2016-11-01 22:45:16 Project : ENGINE.
nov. 01, 2016 10:45:34 PM entity.BaseHarness checkHarnessPartFormat
INFOS: Invalid Harness Part scanned [P2163817700002016000000] !
nov. 01, 2016 10:45:34 PM state.S020_HarnessPartScan doAction
AVERTISSEMENT: Invalid Harness Part scanned [P2163817700002016000000] !
nov. 01, 2016 10:45:55 PM entity.BaseHarness checkHarnessPartFormat
INFOS: Invalid Harness Part scanned [P2168177] !
nov. 01, 2016 10:45:55 PM state.S020_HarnessPartScan doAction
AVERTISSEMENT: Invalid Harness Part scanned [P2168177] !
nov. 01, 2016 10:46:04 PM entity.ConfigUcs isHarnessPartExist
INFOS: Searching Harness part [21638177] in ConfigUCS: ENGINE
nov. 01, 2016 10:46:04 PM entity.ConfigUcs isHarnessPartExist
INFOS: Harness part [21638177] found for project [ENGINE].
nov. 01, 2016 10:46:04 PM state.S020_HarnessPartScan doAction
INFOS: Harness Part scanned [P21638177] OK.
nov. 01, 2016 10:46:21 PM entity.BaseHarness isCounterExist
INFOS: Searching Harness counter [P2163817720160000000000] in BaseHarness.
nov. 01, 2016 10:46:21 PM entity.BaseHarness isCounterExist
INFOS: FROM BaseHarness bh WHERE bh.counter = :counter
nov. 01, 2016 10:46:21 PM state.S030_MatrixIdScan doAction
INFOS: Valid Harness Counter scanned [P2163817720160000000000] OK.
nov. 01, 2016 10:46:32 PM state.S040_PalletChoice doAction
INFOS: Is it a new pallet ?
nov. 01, 2016 10:46:32 PM state.S040_PalletChoice doAction
AVERTISSEMENT: Vous êtes dans le poste O-EZZIOURI. Vous devez scanner le faisceau dans le poste NISSAN !
