nov. 29, 2016 7:11:16 PM helper.Helper InitDailyDestPrintDir
INFOS: Print directory [.\print\2016_11_29] is created!
Print sub directory [.\print\2016_11_29.\open_sheet] is created!
Print sub directory [.\print\2016_11_29.\closing_sheet] is created!
Print sub directory [.\print\2016_11_29.\picking_label] is created!
Print sub directory [.\print\2016_11_29.\dispatch_label] is created!

nov. 29, 2016 7:12:01 PM gui.warehouse_output.WAREHOUSE_OUT_UI0003_PasswordRequest connect
INFOS: User Admin SMALL / 9999 connected to host O-EZZIOURI at 2016-11-29 19:12:01 Dispatch interface : .
nov. 29, 2016 7:26:37 PM helper.Helper InitDailyDestPrintDir
INFOS: nullPrint directory [.\print\2016_11_29] already exist!
Print sub directory [.\print\2016_11_29.\open_sheet] already exist!
Print sub directory [.\print\2016_11_29.\closing_sheet] already exist!
Print sub directory [.\print\2016_11_29.\picking_label] already exist!
Print sub directory [.\print\2016_11_29.\dispatch_label] already exist!

nov. 29, 2016 7:26:38 PM print.PrintDispatchNote_A4 sentToDefaultDesktopPrinter
INFOS: Sending [.\print\2016_11_29\dispatch_label\PrintDispatchNote_A4_2016_11_29_19_26_37_15.pdf] to the default printer...
nov. 29, 2016 7:26:38 PM print.PrintDispatchNote_A4 sentToDefaultDesktopPrinter
INFOS: File [.\print\2016_11_29\dispatch_label\PrintDispatchNote_A4_2016_11_29_19_26_37_15.pdf] has been printed.
nov. 29, 2016 7:26:38 PM helper.PrinterHelper saveAndPrintDispatchNote
INFOS: Document printed.
nov. 29, 2016 7:51:35 PM gui.packaging.PACKAGING_UI0001_Main loadBarcodeConfig
INFOS: FROM ConfigBarcode cb WHERE cb.keyWord = :keyWord ORDER BY id ASC
nov. 29, 2016 7:51:35 PM entity.ConfigProject select
INFOS: FROM ConfigProject bp ORDER BY harnessType ASC
nov. 29, 2016 7:51:35 PM entity.ConfigProject select
INFOS: FROM ConfigProject bp ORDER BY harnessType ASC
nov. 29, 2016 8:24:37 PM gui.packaging.PACKAGING_UI0001_Main loadBarcodeConfig
INFOS: FROM ConfigBarcode cb WHERE cb.keyWord = :keyWord ORDER BY id ASC
nov. 29, 2016 8:24:37 PM entity.ConfigProject select
INFOS: FROM ConfigProject bp ORDER BY harnessType ASC
nov. 29, 2016 8:24:37 PM entity.ConfigProject select
INFOS: FROM ConfigProject bp ORDER BY harnessType ASC
