mars 17, 2016 2:19:55 PM helper.Helper InitDailyDestPrintDir
INFOS: Print directory [.\print\2016_03_17] is created!
Print sub directory [.\print\2016_03_17.\pallet] is created!
Print sub directory [.\print\2016_03_17.\closing_pallet] is created!

mars 17, 2016 2:19:57 PM entity.ConfigProject select
INFOS: FROM ConfigProject bp ORDER BY harnessType ASC
mars 17, 2016 2:19:58 PM entity.ConfigProject select
INFOS: FROM ConfigProject bp ORDER BY harnessType ASC
mars 17, 2016 2:40:35 PM helper.Helper InitDailyDestPrintDir
INFOS: Print directory [.\print\2016_03_17] already exist!
Print sub directory [.\print\2016_03_17.\pallet] already exist!
Print sub directory [.\print\2016_03_17.\closing_pallet] already exist!

mars 17, 2016 2:40:36 PM entity.ConfigProject select
INFOS: FROM ConfigProject bp ORDER BY harnessType ASC
mars 17, 2016 2:40:36 PM entity.ConfigProject select
INFOS: FROM ConfigProject bp ORDER BY harnessType ASC
mars 17, 2016 2:41:31 PM helper.Helper InitDailyDestPrintDir
INFOS: Print directory [.\print\2016_03_17] already exist!
Print sub directory [.\print\2016_03_17.\pallet] already exist!
Print sub directory [.\print\2016_03_17.\closing_pallet] already exist!

mars 17, 2016 2:41:31 PM entity.ConfigProject select
INFOS: FROM ConfigProject bp ORDER BY harnessType ASC
mars 17, 2016 2:41:32 PM entity.ConfigProject select
INFOS: FROM ConfigProject bp ORDER BY harnessType ASC
mars 17, 2016 2:42:05 PM helper.Helper InitDailyDestPrintDir
INFOS: Print directory [.\print\2016_03_17] already exist!
Print sub directory [.\print\2016_03_17.\pallet] already exist!
Print sub directory [.\print\2016_03_17.\closing_pallet] already exist!

mars 17, 2016 2:42:06 PM entity.ConfigProject select
INFOS: FROM ConfigProject bp ORDER BY harnessType ASC
mars 17, 2016 2:42:06 PM entity.ConfigProject select
INFOS: FROM ConfigProject bp ORDER BY harnessType ASC
mars 17, 2016 2:51:35 PM helper.Helper InitDailyDestPrintDir
INFOS: Print directory [.\print\2016_03_17] already exist!
Print sub directory [.\print\2016_03_17.\pallet] already exist!
Print sub directory [.\print\2016_03_17.\closing_pallet] already exist!

mars 17, 2016 2:51:36 PM entity.ConfigProject select
INFOS: FROM ConfigProject bp ORDER BY harnessType ASC
mars 17, 2016 2:51:36 PM entity.ConfigProject select
INFOS: FROM ConfigProject bp ORDER BY harnessType ASC
mars 17, 2016 2:55:23 PM helper.Helper InitDailyDestPrintDir
INFOS: Print directory [.\print\2016_03_17] already exist!
Print sub directory [.\print\2016_03_17.\pallet] already exist!
Print sub directory [.\print\2016_03_17.\closing_pallet] already exist!

mars 17, 2016 2:55:23 PM entity.ConfigProject select
INFOS: FROM ConfigProject bp ORDER BY harnessType ASC
mars 17, 2016 2:55:23 PM entity.ConfigProject select
INFOS: FROM ConfigProject bp ORDER BY harnessType ASC
mars 17, 2016 3:05:51 PM helper.Helper InitDailyDestPrintDir
INFOS: Print directory [.\print\2016_03_17] already exist!
Print sub directory [.\print\2016_03_17.\pallet] already exist!
Print sub directory [.\print\2016_03_17.\closing_pallet] already exist!

mars 17, 2016 3:05:51 PM entity.ConfigProject select
INFOS: FROM ConfigProject bp ORDER BY harnessType ASC
mars 17, 2016 3:05:51 PM entity.ConfigProject select
INFOS: FROM ConfigProject bp ORDER BY harnessType ASC
mars 17, 2016 3:07:53 PM helper.Helper InitDailyDestPrintDir
INFOS: Print directory [.\print\2016_03_17] already exist!
Print sub directory [.\print\2016_03_17.\pallet] already exist!
Print sub directory [.\print\2016_03_17.\closing_pallet] already exist!

mars 17, 2016 3:07:54 PM entity.ConfigProject select
INFOS: FROM ConfigProject bp ORDER BY harnessType ASC
mars 17, 2016 3:07:54 PM entity.ConfigProject select
INFOS: FROM ConfigProject bp ORDER BY harnessType ASC
mars 17, 2016 3:11:53 PM helper.Helper InitDailyDestPrintDir
INFOS: Print directory [.\print\2016_03_17] already exist!
Print sub directory [.\print\2016_03_17.\pallet] already exist!
Print sub directory [.\print\2016_03_17.\closing_pallet] already exist!

mars 17, 2016 3:11:54 PM entity.ConfigProject select
INFOS: FROM ConfigProject bp ORDER BY harnessType ASC
mars 17, 2016 3:11:54 PM entity.ConfigProject select
INFOS: FROM ConfigProject bp ORDER BY harnessType ASC
mars 17, 2016 3:17:16 PM helper.Helper InitDailyDestPrintDir
INFOS: Print directory [.\print\2016_03_17] already exist!
Print sub directory [.\print\2016_03_17.\pallet] already exist!
Print sub directory [.\print\2016_03_17.\closing_pallet] already exist!

mars 17, 2016 3:17:17 PM entity.ConfigProject select
INFOS: FROM ConfigProject bp ORDER BY harnessType ASC
mars 17, 2016 3:17:17 PM entity.ConfigProject select
INFOS: FROM ConfigProject bp ORDER BY harnessType ASC
mars 17, 2016 3:19:05 PM helper.Helper InitDailyDestPrintDir
INFOS: Print directory [.\print\2016_03_17] already exist!
Print sub directory [.\print\2016_03_17.\pallet] already exist!
Print sub directory [.\print\2016_03_17.\closing_pallet] already exist!

mars 17, 2016 3:19:05 PM entity.ConfigProject select
INFOS: FROM ConfigProject bp ORDER BY harnessType ASC
mars 17, 2016 3:19:05 PM entity.ConfigProject select
INFOS: FROM ConfigProject bp ORDER BY harnessType ASC
mars 17, 2016 3:20:11 PM helper.Helper InitDailyDestPrintDir
INFOS: Print directory [.\print\2016_03_17] already exist!
Print sub directory [.\print\2016_03_17.\pallet] already exist!
Print sub directory [.\print\2016_03_17.\closing_pallet] already exist!

mars 17, 2016 3:20:11 PM entity.ConfigProject select
INFOS: FROM ConfigProject bp ORDER BY harnessType ASC
mars 17, 2016 3:20:11 PM entity.ConfigProject select
INFOS: FROM ConfigProject bp ORDER BY harnessType ASC
mars 17, 2016 3:23:06 PM state.S010_UserCodeScan doAction
INFOS: Invalid matricule number or account locked !
mars 17, 2016 3:23:11 PM state.S010_UserCodeScan doAction
INFOS: User Admin   / 0 connected to host WSMA7040 at 2016-03-17 15:23:11 Project : ENGINE.
mars 17, 2016 3:23:43 PM gui.UI9001_DropPalletConfirmation ok_btnActionPerformed
INFOS: Droping harness list...1
mars 17, 2016 3:23:43 PM gui.UI9001_DropPalletConfirmation ok_btnActionPerformed
INFOS: Droping Engine label harness list...2
mars 17, 2016 3:24:35 PM helper.Helper InitDailyDestPrintDir
INFOS: Print directory [.\print\2016_03_17] already exist!
Print sub directory [.\print\2016_03_17.\pallet] already exist!
Print sub directory [.\print\2016_03_17.\closing_pallet] already exist!

mars 17, 2016 3:24:35 PM entity.ConfigProject select
INFOS: FROM ConfigProject bp ORDER BY harnessType ASC
mars 17, 2016 3:24:35 PM entity.ConfigProject select
INFOS: FROM ConfigProject bp ORDER BY harnessType ASC
mars 17, 2016 3:24:45 PM state.S010_UserCodeScan doAction
INFOS: User Admin   / 0 connected to host WSMA7040 at 2016-03-17 15:24:45 Project : ENGINE.
mars 17, 2016 3:25:42 PM helper.Helper InitDailyDestPrintDir
INFOS: Print directory [.\print\2016_03_17] already exist!
Print sub directory [.\print\2016_03_17.\pallet] already exist!
Print sub directory [.\print\2016_03_17.\closing_pallet] already exist!

mars 17, 2016 3:25:43 PM entity.ConfigProject select
INFOS: FROM ConfigProject bp ORDER BY harnessType ASC
mars 17, 2016 3:25:43 PM entity.ConfigProject select
INFOS: FROM ConfigProject bp ORDER BY harnessType ASC
mars 17, 2016 6:33:30 PM helper.Helper InitDailyDestPrintDir
INFOS: Print directory [.\print\2016_03_17] already exist!
Print sub directory [.\print\2016_03_17.\pallet] already exist!
Print sub directory [.\print\2016_03_17.\closing_pallet] already exist!

mars 17, 2016 6:33:30 PM entity.ConfigProject select
INFOS: FROM ConfigProject bp ORDER BY harnessType ASC
mars 17, 2016 6:33:30 PM entity.ConfigProject select
INFOS: FROM ConfigProject bp ORDER BY harnessType ASC
mars 17, 2016 6:35:26 PM helper.Helper InitDailyDestPrintDir
INFOS: Print directory [.\print\2016_03_17] already exist!
Print sub directory [.\print\2016_03_17.\pallet] already exist!
Print sub directory [.\print\2016_03_17.\closing_pallet] already exist!

mars 17, 2016 6:35:27 PM entity.ConfigProject select
INFOS: FROM ConfigProject bp ORDER BY harnessType ASC
mars 17, 2016 6:35:27 PM entity.ConfigProject select
INFOS: FROM ConfigProject bp ORDER BY harnessType ASC
mars 17, 2016 7:06:14 PM helper.Helper InitDailyDestPrintDir
INFOS: Print directory [.\print\2016_03_17] is created!
Print sub directory [.\print\2016_03_17.\pallet] is created!
Print sub directory [.\print\2016_03_17.\closing_pallet] is created!

mars 17, 2016 7:06:14 PM entity.ConfigProject select
INFOS: FROM ConfigProject bp ORDER BY harnessType ASC
mars 17, 2016 7:06:14 PM entity.ConfigProject select
INFOS: FROM ConfigProject bp ORDER BY harnessType ASC
mars 17, 2016 7:06:21 PM state.S010_UserCodeScan doAction
INFOS: User Mohamed Ramali / 14228 connected to host WSMA7040 at 2016-03-17 19:06:21 Project : SMALL.
mars 17, 2016 7:06:25 PM entity.ConfigUcs isHarnessPartExist
INFOS: Searching Harness part [22205127] in ConfigUCS: SMALL
mars 17, 2016 7:06:25 PM entity.ConfigUcs isHarnessPartExist
INFOS: Harness part [22205127] found for project [SMALL].
mars 17, 2016 7:06:25 PM state.S020_HarnessPartScan doAction
INFOS: Harness Part scanned [P22205127] OK.
mars 17, 2016 7:06:38 PM entity.BaseHarness isCounterExist
INFOS: Searching Harness counter [P2220512705.02.2016;00:00:00] in BaseHarness.
mars 17, 2016 7:06:38 PM entity.BaseHarness isCounterExist
INFOS: FROM BaseHarness bh WHERE bh.counter = :counter
mars 17, 2016 7:06:38 PM state.S030_QRCodeScan doAction
INFOS: Valid Harness Counter scanned [P2220512705.02.2016;00:00:00] OK.
mars 17, 2016 7:06:40 PM gui.UI9000_ChooseContainerType <init>
INFOS: Item found 22205127--26C03051A--P03--kltv-780--150
mars 17, 2016 7:06:40 PM gui.UI9000_ChooseContainerType <init>
INFOS: 1 item(s) found for Harness Part[22205127].
mars 17, 2016 7:06:41 PM gui.UI9000_ChooseContainerType mappingContextVals
INFOS: Selected pack type : 22205127--26C03051A--P03--kltv-780--150 
mars 17, 2016 7:06:41 PM gui.UI9000_ChooseContainerType items_listKeyPressed
DÉSACTIVÉ: FROM ConfigUcs cu WHERE cu.supplierPartNumber = :supplierPartNumber AND cu.harnessIndex = :harnessIndex
mars 17, 2016 7:06:42 PM helper.PrinterHelper saveAndPrintOpenSheet
INFOS: Set Pallet [100000001] state to [IN_PROCESS]
mars 17, 2016 7:06:42 PM print.PrintOpenPallet_A5 sentToDefaultDesktopPrinter
INFOS: Sending [.\print\2016_03_17\pallet\PrintOpenPallet_A5_2016_03_17_19_06_41.pdf] to the default printer...
mars 17, 2016 7:06:42 PM print.PrintOpenPallet_A5 sentToDefaultDesktopPrinter
INFOS: File [%s] has been printed.
mars 17, 2016 7:06:42 PM helper.PrinterHelper saveAndPrintOpenSheet
INFOS: Set Pallet [100000001] state to [PRINTED]
mars 17, 2016 7:06:42 PM gui.UI9000_ChooseContainerType items_listKeyPressed
INFOS: Openning new container for first harness part [22205127].
mars 17, 2016 7:08:52 PM helper.Helper InitDailyDestPrintDir
INFOS: Print directory [.\print\2016_03_17] already exist!
Print sub directory [.\print\2016_03_17.\open_sheet] is created!
Print sub directory [.\print\2016_03_17.\closing_sheet] is created!

mars 17, 2016 7:08:53 PM entity.ConfigProject select
INFOS: FROM ConfigProject bp ORDER BY harnessType ASC
mars 17, 2016 7:08:53 PM entity.ConfigProject select
INFOS: FROM ConfigProject bp ORDER BY harnessType ASC
