juin 15, 2017 8:18:41 AM helper.Helper InitDailyDestPrintDir
INFOS: Print directory [.\print\2017_06_15] is created!
Print sub directory [.\print\2017_06_15.\open_sheet] is created!
Print sub directory [.\print\2017_06_15.\closing_sheet] is created!
Print sub directory [.\print\2017_06_15.\picking_label] is created!
Print sub directory [.\print\2017_06_15.\dispatch_label] is created!

juin 15, 2017 8:18:45 AM gui.packaging.PACKAGING_UI0001_Main loadBarcodeConfig
INFOS: FROM ConfigBarcode cb WHERE cb.keyWord = :keyWord ORDER BY id ASC
juin 15, 2017 8:18:45 AM entity.ConfigProject select
INFOS: FROM ConfigProject bp ORDER BY harnessType ASC
juin 15, 2017 8:18:45 AM entity.ConfigProject select
INFOS: FROM ConfigProject bp ORDER BY harnessType ASC
juin 15, 2017 8:19:40 AM entity.ConfigSegment select
INFOS: FROM ConfigSegment bp ORDER BY segment ASC
juin 15, 2017 8:19:40 AM entity.ConfigSegment select
INFOS: FROM ConfigSegment bp ORDER BY segment ASC
juin 15, 2017 8:19:40 AM entity.ConfigWorkplace select
INFOS: FROM ConfigWorkplace bp ORDER BY workplace ASC
juin 15, 2017 8:19:46 AM entity.ConfigSegment select
INFOS: FROM ConfigSegment bp ORDER BY segment ASC
juin 15, 2017 8:19:46 AM entity.ConfigWorkplace select
INFOS: FROM ConfigWorkplace bp ORDER BY workplace ASC
juin 15, 2017 8:19:51 AM entity.ConfigSegment select
INFOS: FROM ConfigSegment bp ORDER BY segment ASC
juin 15, 2017 8:19:51 AM entity.ConfigWorkplace select
INFOS: FROM ConfigWorkplace bp ORDER BY workplace ASC
juin 15, 2017 8:19:51 AM entity.ConfigSegment select
INFOS: FROM ConfigSegment bp ORDER BY segment ASC
juin 15, 2017 8:19:51 AM entity.ConfigWorkplace select
INFOS: FROM ConfigWorkplace bp ORDER BY workplace ASC
juin 15, 2017 8:28:38 AM entity.ConfigSegment select
INFOS: FROM ConfigSegment bp ORDER BY segment ASC
juin 15, 2017 8:28:38 AM entity.ConfigWorkplace select
INFOS: FROM ConfigWorkplace bp ORDER BY workplace ASC
juin 15, 2017 8:29:15 AM entity.ConfigSegment select
INFOS: FROM ConfigSegment bp ORDER BY segment ASC
juin 15, 2017 8:29:15 AM entity.ConfigWorkplace select
INFOS: FROM ConfigWorkplace bp ORDER BY workplace ASC
juin 15, 2017 8:29:55 AM entity.ConfigSegment select
INFOS: FROM ConfigSegment bp ORDER BY segment ASC
juin 15, 2017 8:29:55 AM entity.ConfigWorkplace select
INFOS: FROM ConfigWorkplace bp ORDER BY workplace ASC
juin 15, 2017 8:35:44 AM entity.ConfigSegment select
INFOS: FROM ConfigSegment bp ORDER BY segment ASC
juin 15, 2017 8:35:51 AM entity.ConfigSegment select
INFOS: FROM ConfigSegment bp ORDER BY segment ASC
juin 15, 2017 8:35:51 AM entity.ConfigWorkplace select
INFOS: FROM ConfigWorkplace bp ORDER BY workplace ASC
juin 15, 2017 8:35:53 AM entity.ConfigSegment select
INFOS: FROM ConfigSegment bp ORDER BY segment ASC
juin 15, 2017 8:35:53 AM entity.ConfigWorkplace select
INFOS: FROM ConfigWorkplace bp ORDER BY workplace ASC
juin 15, 2017 8:35:53 AM entity.ConfigSegment select
INFOS: FROM ConfigSegment bp ORDER BY segment ASC
juin 15, 2017 8:35:53 AM entity.ConfigWorkplace select
INFOS: FROM ConfigWorkplace bp ORDER BY workplace ASC
juin 15, 2017 8:35:54 AM entity.ConfigSegment select
INFOS: FROM ConfigSegment bp ORDER BY segment ASC
juin 15, 2017 8:35:54 AM entity.ConfigWorkplace select
INFOS: FROM ConfigWorkplace bp ORDER BY workplace ASC
juin 15, 2017 8:35:54 AM entity.ConfigSegment select
INFOS: FROM ConfigSegment bp ORDER BY segment ASC
juin 15, 2017 8:35:54 AM entity.ConfigWorkplace select
INFOS: FROM ConfigWorkplace bp ORDER BY workplace ASC
juin 15, 2017 8:35:55 AM entity.ConfigSegment select
INFOS: FROM ConfigSegment bp ORDER BY segment ASC
juin 15, 2017 8:35:55 AM entity.ConfigWorkplace select
INFOS: FROM ConfigWorkplace bp ORDER BY workplace ASC
juin 15, 2017 8:35:55 AM entity.ConfigSegment select
INFOS: FROM ConfigSegment bp ORDER BY segment ASC
juin 15, 2017 8:35:55 AM entity.ConfigWorkplace select
INFOS: FROM ConfigWorkplace bp ORDER BY workplace ASC
juin 15, 2017 8:45:04 AM entity.ConfigSegment select
INFOS: FROM ConfigSegment bp ORDER BY segment ASC
juin 15, 2017 8:45:04 AM entity.ConfigWorkplace select
INFOS: FROM ConfigWorkplace bp ORDER BY workplace ASC
juin 15, 2017 8:45:09 AM entity.ConfigSegment select
INFOS: FROM ConfigSegment bp ORDER BY segment ASC
juin 15, 2017 8:45:09 AM entity.ConfigWorkplace select
INFOS: FROM ConfigWorkplace bp ORDER BY workplace ASC
juin 15, 2017 8:45:15 AM entity.ConfigSegment select
INFOS: FROM ConfigSegment bp ORDER BY segment ASC
juin 15, 2017 8:45:15 AM entity.ConfigWorkplace select
INFOS: FROM ConfigWorkplace bp ORDER BY workplace ASC
juin 15, 2017 8:52:26 AM gui.warehouse_dispatch.WAREHOUSE_DISPATCH_UI0003_PasswordRequest connect
INFOS: User OUSSAMA EZZIOURI / ezou1001 connected to host WSMA7040 at 2017-06-15 08:52:26 Dispatch interface : .
juin 15, 2017 9:00:15 AM entity.ConfigSegment select
INFOS: FROM ConfigSegment bp ORDER BY segment ASC
juin 15, 2017 9:00:18 AM entity.ConfigSegment select
INFOS: FROM ConfigSegment bp ORDER BY segment ASC
juin 15, 2017 9:00:18 AM entity.ConfigWorkplace select
INFOS: FROM ConfigWorkplace bp ORDER BY workplace ASC
juin 15, 2017 9:00:20 AM entity.ConfigSegment select
INFOS: FROM ConfigSegment bp ORDER BY segment ASC
juin 15, 2017 9:00:20 AM entity.ConfigWorkplace select
INFOS: FROM ConfigWorkplace bp ORDER BY workplace ASC
juin 15, 2017 9:00:44 AM entity.ConfigSegment select
INFOS: FROM ConfigSegment bp ORDER BY segment ASC
juin 15, 2017 9:00:44 AM entity.ConfigWorkplace select
INFOS: FROM ConfigWorkplace bp ORDER BY workplace ASC
juin 15, 2017 11:14:04 AM gui.packaging_warehouse.PACKAGING_WAREHOUSE_UI0001_PasswordRequest connect
INFOS: User OUSSAMA EZZIOURI / ezou1001 connected to host WSMA7040 at 2017-06-15 11:14:04 Packaging warehouse interface : .
juin 15, 2017 11:35:38 AM entity.ConfigSegment select
INFOS: FROM ConfigSegment bp ORDER BY segment ASC
juin 15, 2017 11:35:38 AM entity.ConfigWorkplace select
INFOS: FROM ConfigWorkplace bp ORDER BY workplace ASC
juin 15, 2017 11:35:41 AM entity.ConfigSegment select
INFOS: FROM ConfigSegment bp ORDER BY segment ASC
juin 15, 2017 11:35:41 AM entity.ConfigWorkplace select
INFOS: FROM ConfigWorkplace bp ORDER BY workplace ASC
juin 15, 2017 11:35:41 AM entity.ConfigSegment select
INFOS: FROM ConfigSegment bp ORDER BY segment ASC
juin 15, 2017 11:35:41 AM entity.ConfigWorkplace select
INFOS: FROM ConfigWorkplace bp ORDER BY workplace ASC
juin 15, 2017 11:35:47 AM entity.ConfigSegment select
INFOS: FROM ConfigSegment bp ORDER BY segment ASC
juin 15, 2017 11:35:47 AM entity.ConfigWorkplace select
INFOS: FROM ConfigWorkplace bp ORDER BY workplace ASC
juin 15, 2017 11:42:16 AM gui.config.CONFIG_UI0000_AdminPassword checkLoginAndPass
INFOS: User OUSSAMA EZZIOURI / ezou1001 connected to host WSMA7040 at 2017-06-15 11:42:16 Module : Planner.
juin 15, 2017 11:42:16 AM entity.ConfigSegment select
INFOS: FROM ConfigSegment bp ORDER BY segment ASC
juin 15, 2017 11:42:16 AM entity.ConfigWorkplace selectBySegment
INFOS: FROM ConfigWorkplace bp WHERE segment = :segment ORDER BY workplace ASC
juin 15, 2017 11:42:16 AM entity.ConfigProject select
INFOS: FROM ConfigProject bp ORDER BY harnessType ASC
juin 15, 2017 11:42:27 AM entity.ConfigWorkplace selectBySegment
INFOS: FROM ConfigWorkplace bp WHERE segment = :segment ORDER BY workplace ASC
juin 15, 2017 11:42:27 AM entity.ConfigWorkplace selectBySegment
INFOS: FROM ConfigWorkplace bp WHERE segment = :segment ORDER BY workplace ASC
juin 15, 2017 12:09:49 PM entity.ConfigSegment select
INFOS: FROM ConfigSegment bp ORDER BY segment ASC
juin 15, 2017 12:09:53 PM entity.ConfigSegment select
INFOS: FROM ConfigSegment bp ORDER BY segment ASC
juin 15, 2017 12:09:53 PM entity.ConfigWorkplace select
INFOS: FROM ConfigWorkplace bp ORDER BY workplace ASC
juin 15, 2017 12:09:58 PM entity.ConfigSegment select
INFOS: FROM ConfigSegment bp ORDER BY segment ASC
juin 15, 2017 12:09:58 PM entity.ConfigWorkplace select
INFOS: FROM ConfigWorkplace bp ORDER BY workplace ASC
juin 15, 2017 12:09:58 PM entity.ConfigSegment select
INFOS: FROM ConfigSegment bp ORDER BY segment ASC
juin 15, 2017 12:09:58 PM entity.ConfigWorkplace select
INFOS: FROM ConfigWorkplace bp ORDER BY workplace ASC
juin 15, 2017 12:09:59 PM entity.ConfigSegment select
INFOS: FROM ConfigSegment bp ORDER BY segment ASC
juin 15, 2017 12:09:59 PM entity.ConfigWorkplace select
INFOS: FROM ConfigWorkplace bp ORDER BY workplace ASC
juin 15, 2017 12:09:59 PM entity.ConfigSegment select
INFOS: FROM ConfigSegment bp ORDER BY segment ASC
juin 15, 2017 12:09:59 PM entity.ConfigWorkplace select
INFOS: FROM ConfigWorkplace bp ORDER BY workplace ASC
juin 15, 2017 12:09:59 PM entity.ConfigSegment select
INFOS: FROM ConfigSegment bp ORDER BY segment ASC
juin 15, 2017 12:09:59 PM entity.ConfigWorkplace select
INFOS: FROM ConfigWorkplace bp ORDER BY workplace ASC
juin 15, 2017 12:10:00 PM entity.ConfigSegment select
INFOS: FROM ConfigSegment bp ORDER BY segment ASC
juin 15, 2017 12:10:00 PM entity.ConfigWorkplace select
INFOS: FROM ConfigWorkplace bp ORDER BY workplace ASC
juin 15, 2017 12:10:01 PM entity.ConfigSegment select
INFOS: FROM ConfigSegment bp ORDER BY segment ASC
juin 15, 2017 12:10:01 PM entity.ConfigWorkplace select
INFOS: FROM ConfigWorkplace bp ORDER BY workplace ASC
juin 15, 2017 12:10:01 PM entity.ConfigSegment select
INFOS: FROM ConfigSegment bp ORDER BY segment ASC
juin 15, 2017 12:10:01 PM entity.ConfigWorkplace select
INFOS: FROM ConfigWorkplace bp ORDER BY workplace ASC
juin 15, 2017 12:10:07 PM entity.ConfigSegment select
INFOS: FROM ConfigSegment bp ORDER BY segment ASC
juin 15, 2017 12:10:07 PM entity.ConfigSegment select
INFOS: FROM ConfigSegment bp ORDER BY segment ASC
juin 15, 2017 12:10:07 PM entity.ConfigWorkplace select
INFOS: FROM ConfigWorkplace bp ORDER BY workplace ASC
juin 15, 2017 12:10:14 PM entity.ConfigSegment select
INFOS: FROM ConfigSegment bp ORDER BY segment ASC
juin 15, 2017 12:10:14 PM entity.ConfigWorkplace select
INFOS: FROM ConfigWorkplace bp ORDER BY workplace ASC
juin 15, 2017 12:10:14 PM entity.ConfigSegment select
INFOS: FROM ConfigSegment bp ORDER BY segment ASC
juin 15, 2017 12:10:14 PM entity.ConfigWorkplace select
INFOS: FROM ConfigWorkplace bp ORDER BY workplace ASC
juin 15, 2017 12:29:42 PM entity.ConfigSegment select
INFOS: FROM ConfigSegment bp ORDER BY segment ASC
juin 15, 2017 12:29:42 PM entity.ConfigWorkplace select
INFOS: FROM ConfigWorkplace bp ORDER BY workplace ASC
juin 15, 2017 12:29:48 PM entity.ConfigSegment select
INFOS: FROM ConfigSegment bp ORDER BY segment ASC
juin 15, 2017 12:29:48 PM entity.ConfigWorkplace select
INFOS: FROM ConfigWorkplace bp ORDER BY workplace ASC
juin 15, 2017 12:29:55 PM entity.ConfigSegment select
INFOS: FROM ConfigSegment bp ORDER BY segment ASC
juin 15, 2017 12:29:55 PM entity.ConfigWorkplace select
INFOS: FROM ConfigWorkplace bp ORDER BY workplace ASC
juin 15, 2017 12:33:31 PM helper.Helper InitDailyDestPrintDir
INFOS: Print directory [.\print\2017_06_15] already exist!
Print sub directory [.\print\2017_06_15.\open_sheet] already exist!
Print sub directory [.\print\2017_06_15.\closing_sheet] already exist!
Print sub directory [.\print\2017_06_15.\picking_label] already exist!
Print sub directory [.\print\2017_06_15.\dispatch_label] already exist!

juin 15, 2017 12:33:43 PM gui.warehouse_dispatch.WAREHOUSE_DISPATCH_UI0003_PasswordRequest connect
INFOS: User OUSSAMA EZZIOURI / ezou1001 connected to host WSMA7040 at 2017-06-15 12:33:43 Dispatch interface : .
juin 15, 2017 12:33:51 PM gui.packaging.PACKAGING_UI0001_Main loadBarcodeConfig
INFOS: FROM ConfigBarcode cb WHERE cb.keyWord = :keyWord ORDER BY id ASC
juin 15, 2017 12:33:51 PM entity.ConfigProject select
INFOS: FROM ConfigProject bp ORDER BY harnessType ASC
juin 15, 2017 12:33:51 PM entity.ConfigProject select
INFOS: FROM ConfigProject bp ORDER BY harnessType ASC
juin 15, 2017 12:33:53 PM entity.ConfigSegment select
INFOS: FROM ConfigSegment bp ORDER BY segment ASC
juin 15, 2017 12:33:55 PM entity.ConfigSegment select
INFOS: FROM ConfigSegment bp ORDER BY segment ASC
juin 15, 2017 12:33:55 PM entity.ConfigWorkplace select
INFOS: FROM ConfigWorkplace bp ORDER BY workplace ASC
juin 15, 2017 12:33:56 PM entity.ConfigSegment select
INFOS: FROM ConfigSegment bp ORDER BY segment ASC
juin 15, 2017 12:33:56 PM entity.ConfigWorkplace select
INFOS: FROM ConfigWorkplace bp ORDER BY workplace ASC
juin 15, 2017 12:33:57 PM entity.ConfigSegment select
INFOS: FROM ConfigSegment bp ORDER BY segment ASC
juin 15, 2017 12:33:57 PM entity.ConfigWorkplace select
INFOS: FROM ConfigWorkplace bp ORDER BY workplace ASC
juin 15, 2017 12:33:57 PM entity.ConfigSegment select
INFOS: FROM ConfigSegment bp ORDER BY segment ASC
juin 15, 2017 12:33:57 PM entity.ConfigWorkplace select
INFOS: FROM ConfigWorkplace bp ORDER BY workplace ASC
juin 15, 2017 12:35:06 PM helper.Helper InitDailyDestPrintDir
INFOS: Print directory [.\print\2017_06_15] already exist!
Print sub directory [.\print\2017_06_15.\open_sheet] already exist!
Print sub directory [.\print\2017_06_15.\closing_sheet] already exist!
Print sub directory [.\print\2017_06_15.\picking_label] already exist!
Print sub directory [.\print\2017_06_15.\dispatch_label] already exist!

juin 15, 2017 12:35:12 PM gui.warehouse_dispatch.WAREHOUSE_DISPATCH_UI0003_PasswordRequest connect
INFOS: User OUSSAMA EZZIOURI / ezou1001 connected to host WSMA7040 at 2017-06-15 12:35:12 Dispatch interface : .
juin 15, 2017 12:55:41 PM gui.packaging.PACKAGING_UI0001_Main loadBarcodeConfig
INFOS: FROM ConfigBarcode cb WHERE cb.keyWord = :keyWord ORDER BY id ASC
juin 15, 2017 12:55:41 PM entity.ConfigProject select
INFOS: FROM ConfigProject bp ORDER BY harnessType ASC
juin 15, 2017 12:55:41 PM entity.ConfigProject select
INFOS: FROM ConfigProject bp ORDER BY harnessType ASC
juin 15, 2017 1:18:36 PM entity.ConfigSegment select
INFOS: FROM ConfigSegment bp ORDER BY segment ASC
juin 15, 2017 1:18:36 PM entity.ConfigSegment select
INFOS: FROM ConfigSegment bp ORDER BY segment ASC
juin 15, 2017 1:18:36 PM entity.ConfigWorkplace select
INFOS: FROM ConfigWorkplace bp ORDER BY workplace ASC
juin 15, 2017 1:18:39 PM entity.ConfigSegment select
INFOS: FROM ConfigSegment bp ORDER BY segment ASC
juin 15, 2017 1:18:39 PM entity.ConfigWorkplace select
INFOS: FROM ConfigWorkplace bp ORDER BY workplace ASC
juin 15, 2017 1:18:39 PM entity.ConfigSegment select
INFOS: FROM ConfigSegment bp ORDER BY segment ASC
juin 15, 2017 1:18:39 PM entity.ConfigWorkplace select
INFOS: FROM ConfigWorkplace bp ORDER BY workplace ASC
juin 15, 2017 1:18:39 PM entity.ConfigSegment select
INFOS: FROM ConfigSegment bp ORDER BY segment ASC
juin 15, 2017 1:18:39 PM entity.ConfigWorkplace select
INFOS: FROM ConfigWorkplace bp ORDER BY workplace ASC
juin 15, 2017 1:46:30 PM gui.packaging_warehouse.PACKAGING_WAREHOUSE_UI0001_PasswordRequest connect
INFOS: User OUSSAMA EZZIOURI / ezou1001 connected to host WSMA7040 at 2017-06-15 13:46:30 Packaging warehouse interface : .
juin 15, 2017 2:02:14 PM gui.config.CONFIG_UI0000_AdminPassword checkLoginAndPass
INFOS: User OUSSAMA EZZIOURI / ezou1001 connected to host WSMA7040 at 2017-06-15 14:02:14 Module : Planner.
juin 15, 2017 2:02:15 PM entity.ConfigSegment select
INFOS: FROM ConfigSegment bp ORDER BY segment ASC
juin 15, 2017 2:02:15 PM entity.ConfigWorkplace selectBySegment
INFOS: FROM ConfigWorkplace bp WHERE segment = :segment ORDER BY workplace ASC
juin 15, 2017 2:02:15 PM entity.ConfigProject select
INFOS: FROM ConfigProject bp ORDER BY harnessType ASC
juin 15, 2017 2:06:26 PM entity.ConfigWorkplace selectBySegment
INFOS: FROM ConfigWorkplace bp WHERE segment = :segment ORDER BY workplace ASC
juin 15, 2017 2:06:26 PM entity.ConfigWorkplace selectBySegment
INFOS: FROM ConfigWorkplace bp WHERE segment = :segment ORDER BY workplace ASC
juin 15, 2017 3:59:52 PM entity.ConfigSegment select
INFOS: FROM ConfigSegment bp ORDER BY segment ASC
juin 15, 2017 3:59:54 PM entity.ConfigSegment select
INFOS: FROM ConfigSegment bp ORDER BY segment ASC
juin 15, 2017 3:59:54 PM entity.ConfigWorkplace select
INFOS: FROM ConfigWorkplace bp ORDER BY workplace ASC
juin 15, 2017 4:00:13 PM entity.ConfigSegment select
INFOS: FROM ConfigSegment bp ORDER BY segment ASC
juin 15, 2017 4:00:13 PM entity.ConfigWorkplace select
INFOS: FROM ConfigWorkplace bp ORDER BY workplace ASC
juin 15, 2017 4:00:18 PM entity.ConfigSegment select
INFOS: FROM ConfigSegment bp ORDER BY segment ASC
juin 15, 2017 4:00:18 PM entity.ConfigWorkplace select
INFOS: FROM ConfigWorkplace bp ORDER BY workplace ASC
juin 16, 2017 8:30:20 AM entity.ConfigSegment select
INFOS: FROM ConfigSegment bp ORDER BY segment ASC
juin 16, 2017 8:30:20 AM entity.ConfigSegment select
INFOS: FROM ConfigSegment bp ORDER BY segment ASC
juin 16, 2017 8:30:20 AM entity.ConfigWorkplace select
INFOS: FROM ConfigWorkplace bp ORDER BY workplace ASC
juin 16, 2017 8:30:30 AM entity.ConfigSegment select
INFOS: FROM ConfigSegment bp ORDER BY segment ASC
juin 16, 2017 8:30:30 AM entity.ConfigWorkplace select
INFOS: FROM ConfigWorkplace bp ORDER BY workplace ASC
juin 16, 2017 8:30:30 AM entity.ConfigSegment select
INFOS: FROM ConfigSegment bp ORDER BY segment ASC
juin 16, 2017 8:30:30 AM entity.ConfigWorkplace select
INFOS: FROM ConfigWorkplace bp ORDER BY workplace ASC
juin 16, 2017 8:30:31 AM entity.ConfigSegment select
INFOS: FROM ConfigSegment bp ORDER BY segment ASC
juin 16, 2017 8:30:31 AM entity.ConfigWorkplace select
INFOS: FROM ConfigWorkplace bp ORDER BY workplace ASC
juin 16, 2017 8:31:02 AM entity.ConfigSegment select
INFOS: FROM ConfigSegment bp ORDER BY segment ASC
juin 16, 2017 8:31:02 AM entity.ConfigWorkplace select
INFOS: FROM ConfigWorkplace bp ORDER BY workplace ASC
juin 16, 2017 8:32:10 AM entity.ConfigSegment select
INFOS: FROM ConfigSegment bp ORDER BY segment ASC
juin 16, 2017 8:32:10 AM entity.ConfigSegment select
INFOS: FROM ConfigSegment bp ORDER BY segment ASC
juin 16, 2017 8:32:10 AM entity.ConfigWorkplace select
INFOS: FROM ConfigWorkplace bp ORDER BY workplace ASC
juin 16, 2017 8:32:30 AM entity.ConfigWorkplace selectBySegment
INFOS: FROM ConfigWorkplace bp WHERE segment = :segment ORDER BY workplace ASC
juin 16, 2017 8:32:30 AM entity.ConfigWorkplace selectBySegment
INFOS: FROM ConfigWorkplace bp WHERE segment = :segment ORDER BY workplace ASC
juin 16, 2017 8:32:30 AM entity.ConfigWorkplace selectBySegment
INFOS: FROM ConfigWorkplace bp WHERE segment = :segment ORDER BY workplace ASC
juin 16, 2017 8:32:30 AM entity.ConfigWorkplace selectBySegment
INFOS: FROM ConfigWorkplace bp WHERE segment = :segment ORDER BY workplace ASC
juin 16, 2017 8:32:30 AM entity.ConfigWorkplace selectBySegment
INFOS: FROM ConfigWorkplace bp WHERE segment = :segment ORDER BY workplace ASC
juin 16, 2017 8:32:30 AM entity.ConfigWorkplace selectBySegment
INFOS: FROM ConfigWorkplace bp WHERE segment = :segment ORDER BY workplace ASC
juin 16, 2017 8:33:01 AM entity.ConfigSegment select
INFOS: FROM ConfigSegment bp ORDER BY segment ASC
juin 16, 2017 8:33:01 AM entity.ConfigSegment select
INFOS: FROM ConfigSegment bp ORDER BY segment ASC
juin 16, 2017 8:33:01 AM entity.ConfigWorkplace select
INFOS: FROM ConfigWorkplace bp ORDER BY workplace ASC
juin 16, 2017 8:33:04 AM entity.ConfigSegment select
INFOS: FROM ConfigSegment bp ORDER BY segment ASC
juin 16, 2017 8:33:04 AM entity.ConfigWorkplace select
INFOS: FROM ConfigWorkplace bp ORDER BY workplace ASC
juin 16, 2017 8:33:08 AM entity.ConfigSegment select
INFOS: FROM ConfigSegment bp ORDER BY segment ASC
juin 16, 2017 8:33:08 AM entity.ConfigWorkplace select
INFOS: FROM ConfigWorkplace bp ORDER BY workplace ASC
juin 16, 2017 8:36:08 AM entity.ConfigSegment select
INFOS: FROM ConfigSegment bp ORDER BY segment ASC
juin 16, 2017 8:36:14 AM entity.ConfigSegment select
INFOS: FROM ConfigSegment bp ORDER BY segment ASC
juin 16, 2017 8:36:14 AM entity.ConfigWorkplace select
INFOS: FROM ConfigWorkplace bp ORDER BY workplace ASC
juin 16, 2017 8:36:55 AM entity.ConfigProject select
INFOS: FROM ConfigProject bp ORDER BY harnessType ASC
juin 16, 2017 8:44:47 AM entity.ConfigSegment select
INFOS: FROM ConfigSegment bp ORDER BY segment ASC
juin 16, 2017 8:44:47 AM entity.ConfigSegment select
INFOS: FROM ConfigSegment bp ORDER BY segment ASC
juin 16, 2017 8:44:47 AM entity.ConfigWorkplace select
INFOS: FROM ConfigWorkplace bp ORDER BY workplace ASC
juin 16, 2017 8:44:55 AM entity.ConfigSegment select
INFOS: FROM ConfigSegment bp ORDER BY segment ASC
juin 16, 2017 8:44:55 AM entity.ConfigWorkplace select
INFOS: FROM ConfigWorkplace bp ORDER BY workplace ASC
juin 16, 2017 8:44:56 AM entity.ConfigSegment select
INFOS: FROM ConfigSegment bp ORDER BY segment ASC
juin 16, 2017 8:44:56 AM entity.ConfigWorkplace select
INFOS: FROM ConfigWorkplace bp ORDER BY workplace ASC
juin 16, 2017 8:44:58 AM entity.ConfigSegment select
INFOS: FROM ConfigSegment bp ORDER BY segment ASC
juin 16, 2017 8:44:59 AM entity.ConfigWorkplace select
INFOS: FROM ConfigWorkplace bp ORDER BY workplace ASC
juin 16, 2017 8:51:07 AM entity.ConfigSegment select
INFOS: FROM ConfigSegment bp ORDER BY segment ASC
juin 16, 2017 8:51:09 AM entity.ConfigSegment select
INFOS: FROM ConfigSegment bp ORDER BY segment ASC
juin 16, 2017 8:51:09 AM entity.ConfigWorkplace select
INFOS: FROM ConfigWorkplace bp ORDER BY workplace ASC
juin 16, 2017 8:51:12 AM entity.ConfigSegment select
INFOS: FROM ConfigSegment bp ORDER BY segment ASC
juin 16, 2017 8:51:12 AM entity.ConfigWorkplace select
INFOS: FROM ConfigWorkplace bp ORDER BY workplace ASC
juin 16, 2017 8:51:14 AM entity.ConfigSegment select
INFOS: FROM ConfigSegment bp ORDER BY segment ASC
juin 16, 2017 8:51:14 AM entity.ConfigWorkplace select
INFOS: FROM ConfigWorkplace bp ORDER BY workplace ASC
juin 16, 2017 8:54:09 AM entity.ConfigSegment select
INFOS: FROM ConfigSegment bp ORDER BY segment ASC
juin 16, 2017 8:54:13 AM entity.ConfigSegment select
INFOS: FROM ConfigSegment bp ORDER BY segment ASC
juin 16, 2017 8:54:13 AM entity.ConfigWorkplace select
INFOS: FROM ConfigWorkplace bp ORDER BY workplace ASC
juin 16, 2017 8:54:16 AM entity.ConfigSegment select
INFOS: FROM ConfigSegment bp ORDER BY segment ASC
juin 16, 2017 8:54:16 AM entity.ConfigWorkplace select
INFOS: FROM ConfigWorkplace bp ORDER BY workplace ASC
juin 16, 2017 8:54:16 AM entity.ConfigSegment select
INFOS: FROM ConfigSegment bp ORDER BY segment ASC
juin 16, 2017 8:54:16 AM entity.ConfigWorkplace select
INFOS: FROM ConfigWorkplace bp ORDER BY workplace ASC
juin 16, 2017 8:54:16 AM entity.ConfigSegment select
INFOS: FROM ConfigSegment bp ORDER BY segment ASC
juin 16, 2017 8:54:16 AM entity.ConfigWorkplace select
INFOS: FROM ConfigWorkplace bp ORDER BY workplace ASC
juin 16, 2017 9:03:57 AM entity.ConfigSegment select
INFOS: FROM ConfigSegment bp ORDER BY segment ASC
juin 16, 2017 9:04:01 AM entity.ConfigSegment select
INFOS: FROM ConfigSegment bp ORDER BY segment ASC
juin 16, 2017 9:04:01 AM entity.ConfigWorkplace select
INFOS: FROM ConfigWorkplace bp ORDER BY workplace ASC
juin 16, 2017 9:04:04 AM entity.ConfigSegment select
INFOS: FROM ConfigSegment bp ORDER BY segment ASC
juin 16, 2017 9:04:05 AM entity.ConfigWorkplace select
INFOS: FROM ConfigWorkplace bp ORDER BY workplace ASC
juin 16, 2017 9:04:05 AM entity.ConfigSegment select
INFOS: FROM ConfigSegment bp ORDER BY segment ASC
juin 16, 2017 9:04:05 AM entity.ConfigWorkplace select
INFOS: FROM ConfigWorkplace bp ORDER BY workplace ASC
juin 16, 2017 9:08:01 AM entity.ConfigSegment select
INFOS: FROM ConfigSegment bp ORDER BY segment ASC
juin 16, 2017 9:08:04 AM entity.ConfigSegment select
INFOS: FROM ConfigSegment bp ORDER BY segment ASC
juin 16, 2017 9:08:04 AM entity.ConfigWorkplace select
INFOS: FROM ConfigWorkplace bp ORDER BY workplace ASC
juin 16, 2017 9:08:07 AM entity.ConfigSegment select
INFOS: FROM ConfigSegment bp ORDER BY segment ASC
juin 16, 2017 9:08:07 AM entity.ConfigWorkplace select
INFOS: FROM ConfigWorkplace bp ORDER BY workplace ASC
juin 16, 2017 9:08:10 AM entity.ConfigSegment select
INFOS: FROM ConfigSegment bp ORDER BY segment ASC
juin 16, 2017 9:08:10 AM entity.ConfigWorkplace select
INFOS: FROM ConfigWorkplace bp ORDER BY workplace ASC
juin 16, 2017 9:08:12 AM entity.ConfigSegment select
INFOS: FROM ConfigSegment bp ORDER BY segment ASC
juin 16, 2017 9:08:12 AM entity.ConfigWorkplace select
INFOS: FROM ConfigWorkplace bp ORDER BY workplace ASC
juin 16, 2017 9:14:39 AM entity.ConfigSegment select
INFOS: FROM ConfigSegment bp ORDER BY segment ASC
juin 16, 2017 9:14:39 AM entity.ConfigWorkplace select
INFOS: FROM ConfigWorkplace bp ORDER BY workplace ASC
