mars 21, 2016 8:03:35 AM helper.Helper InitDailyDestPrintDir
INFOS: Print directory [.\print\2016_03_21] is created!
Print sub directory [.\print\2016_03_21.\open_sheet] is created!
Print sub directory [.\print\2016_03_21.\closing_sheet] is created!

mars 21, 2016 8:03:36 AM entity.ConfigProject select
INFOS: FROM ConfigProject bp ORDER BY harnessType ASC
mars 21, 2016 8:03:36 AM entity.ConfigProject select
INFOS: FROM ConfigProject bp ORDER BY harnessType ASC
mars 21, 2016 8:03:40 AM state.S010_UserCodeScan doAction
INFOS: User Admin   / 0 connected to host WSMA7040 at 2016-03-21 08:03:40 Project : ENGINE.
mars 21, 2016 8:03:57 AM helper.Helper InitDailyDestPrintDir
INFOS: nullPrint directory [.\print\2016_03_21] already exist!
Print sub directory [.\print\2016_03_21.\open_sheet] already exist!
Print sub directory [.\print\2016_03_21.\closing_sheet] already exist!

mars 21, 2016 8:03:57 AM helper.PrinterHelper saveAndReprintOpenSheet
INFOS: Set Pallet [200000002] state to [IN_PROCESS]
mars 21, 2016 8:03:57 AM print.PrintOpenPallet_A5 sentToDefaultDesktopPrinter
INFOS: Sending [.\print\2016_03_21\open_sheet\PrintOpenPallet_A5_2016_03_21_08_03_57_200000002.pdf] to the default printer...
mars 21, 2016 8:03:58 AM print.PrintOpenPallet_A5 sentToDefaultDesktopPrinter
INFOS: File [%s] has been printed.
mars 21, 2016 8:03:58 AM helper.PrinterHelper saveAndReprintOpenSheet
INFOS: Set Pallet [200000002] state to [PRINTED]
mars 21, 2016 9:44:56 AM helper.Helper InitDailyDestPrintDir
INFOS: Print directory [.\print\2016_03_21] already exist!
Print sub directory [.\print\2016_03_21.\open_sheet] already exist!
Print sub directory [.\print\2016_03_21.\closing_sheet] already exist!

mars 21, 2016 9:44:57 AM entity.ConfigProject select
INFOS: FROM ConfigProject bp ORDER BY harnessType ASC
mars 21, 2016 9:44:57 AM entity.ConfigProject select
INFOS: FROM ConfigProject bp ORDER BY harnessType ASC
mars 21, 2016 9:48:09 AM helper.Helper InitDailyDestPrintDir
INFOS: Print directory [.\print\2016_03_21] already exist!
Print sub directory [.\print\2016_03_21.\open_sheet] already exist!
Print sub directory [.\print\2016_03_21.\closing_sheet] already exist!

mars 21, 2016 9:48:09 AM entity.ConfigProject select
INFOS: FROM ConfigProject bp ORDER BY harnessType ASC
mars 21, 2016 9:48:09 AM entity.ConfigProject select
INFOS: FROM ConfigProject bp ORDER BY harnessType ASC
