janv. 04, 2018 8:10:38 PM helper.Helper InitDailyDestPrintDir
INFOS: File 2018_01_04.log created !Print directory [.\print\2018_01_04] created !
Print sub directory [.\print\2018_01_04.\open_sheet] created !
Print sub directory [.\print\2018_01_04.\closing_sheet] created !
Print sub directory [.\print\2018_01_04.\picking_label] created !
Print sub directory [.\print\2018_01_04.\dispatch_label] created !

janv. 04, 2018 8:10:40 PM entity.ConfigProject select
INFOS: FROM ConfigProject bp ORDER BY harnessType ASC
janv. 04, 2018 8:10:40 PM entity.ConfigProject select
INFOS: FROM ConfigProject bp ORDER BY harnessType ASC
janv. 04, 2018 8:10:50 PM gui.packaging.mode1.state.Mode1_S010_UserCodeScan doAction
INFOS: Invalid matricule number or account locked !
janv. 04, 2018 8:10:51 PM gui.packaging.mode1.gui.PACKAGING_UI0002_PasswordRequest_Mode1 connect_to_mode1
INFOS: User EZZIOURI OUSSAMA / ezou1001 connected to host Oussama-PC at 2018-01-04 20:10:51 Project : DUCATI.
janv. 04, 2018 8:10:51 PM gui.packaging.mode1.gui.PACKAGING_UI0002_PasswordRequest_Mode1 loadDotMatrixCodePatterns
INFOS: FROM ConfigBarcode cb WHERE cb.keyWord = :keyWord AND cb.harness_type = :harnessType ORDER BY id ASC
janv. 04, 2018 8:10:52 PM gui.packaging.mode1.gui.PACKAGING_UI0002_PasswordRequest_Mode1 loadPartNumberCodePatterns
INFOS: FROM ConfigBarcode cb WHERE cb.keyWord = :keyWord AND cb.harness_type = :harnessType ORDER BY id ASC
janv. 04, 2018 8:11:05 PM entity.ConfigUcs isHarnessPartExist
INFOS: Searching Harness part [5101C861D] in ConfigUCS: DUCATI
janv. 04, 2018 8:11:05 PM entity.ConfigUcs isHarnessPartExist
INFOS: Harness part [5101C861D] found for project [DUCATI].
janv. 04, 2018 8:11:05 PM gui.packaging.mode1.state.Mode1_S021_HarnessPartScan doAction
INFOS: Harness Part scanned [5101C861D] OK.
janv. 04, 2018 8:11:07 PM helper.Helper InitDailyDestPrintDir
INFOS: File 2018_01_04.log created !Print directory [.\print\2018_01_04] created !
Print sub directory [.\print\2018_01_04.\open_sheet] created !
Print sub directory [.\print\2018_01_04.\closing_sheet] created !
Print sub directory [.\print\2018_01_04.\picking_label] created !
Print sub directory [.\print\2018_01_04.\dispatch_label] created !
Print directory [.\print\2018_01_04] already exist!
Print sub directory [.\print\2018_01_04.\open_sheet] already exist!
Print sub directory [.\print\2018_01_04.\closing_sheet] already exist!
Print sub directory [.\print\2018_01_04.\picking_label] already exist!
Print sub directory [.\print\2018_01_04.\dispatch_label] already exist!

janv. 04, 2018 8:11:07 PM gui.packaging.mode1.gui.PACKAGING_UI9000_ChoosePackType_Mode1 loadConfigUcs
INFOS: Openning new container for first harness part [5101C861D].
janv. 04, 2018 8:14:27 PM helper.Helper InitDailyDestPrintDir
INFOS: File 2018_01_04.log already exists.Print directory [.\print\2018_01_04] already exist!
Print sub directory [.\print\2018_01_04.\open_sheet] already exist!
Print sub directory [.\print\2018_01_04.\closing_sheet] already exist!
Print sub directory [.\print\2018_01_04.\picking_label] already exist!
Print sub directory [.\print\2018_01_04.\dispatch_label] already exist!

janv. 04, 2018 8:14:29 PM entity.ConfigProject select
INFOS: FROM ConfigProject bp ORDER BY harnessType ASC
janv. 04, 2018 8:14:29 PM entity.ConfigProject select
INFOS: FROM ConfigProject bp ORDER BY harnessType ASC
janv. 04, 2018 8:14:33 PM gui.packaging.mode1.state.Mode1_S010_UserCodeScan doAction
INFOS: Invalid matricule number or account locked !
janv. 04, 2018 8:14:33 PM gui.packaging.mode1.gui.PACKAGING_UI0002_PasswordRequest_Mode1 connect_to_mode1
INFOS: User EZZIOURI OUSSAMA / ezou1001 connected to host Oussama-PC at 2018-01-04 20:14:33 Project : DUCATI.
janv. 04, 2018 8:14:33 PM gui.packaging.mode1.gui.PACKAGING_UI0002_PasswordRequest_Mode1 loadDotMatrixCodePatterns
INFOS: FROM ConfigBarcode cb WHERE cb.keyWord = :keyWord AND cb.harness_type = :harnessType ORDER BY id ASC
janv. 04, 2018 8:14:33 PM gui.packaging.mode1.gui.PACKAGING_UI0002_PasswordRequest_Mode1 loadPartNumberCodePatterns
INFOS: FROM ConfigBarcode cb WHERE cb.keyWord = :keyWord AND cb.harness_type = :harnessType ORDER BY id ASC
janv. 04, 2018 8:14:52 PM gui.packaging.reports.PACKAGING_UI9001_DropContainerConfirmation ok_btnActionPerformed
INFOS: Droping harness list...0
janv. 04, 2018 8:15:02 PM gui.packaging.reports.PACKAGING_UI9001_DropContainerConfirmation ok_btnActionPerformed
INFOS: Droping harness list...0
janv. 04, 2018 8:15:11 PM gui.packaging.reports.PACKAGING_UI9001_DropContainerConfirmation ok_btnActionPerformed
INFOS: Droping harness list...0
janv. 04, 2018 8:15:21 PM gui.packaging.reports.PACKAGING_UI9001_DropContainerConfirmation ok_btnActionPerformed
INFOS: Droping harness list...0
janv. 04, 2018 8:15:30 PM entity.ConfigUcs isHarnessPartExist
INFOS: Searching Harness part [5101C861D] in ConfigUCS: DUCATI
janv. 04, 2018 8:15:30 PM entity.ConfigUcs isHarnessPartExist
INFOS: Harness part [5101C861D] found for project [DUCATI].
janv. 04, 2018 8:15:30 PM gui.packaging.mode1.state.Mode1_S021_HarnessPartScan doAction
INFOS: Harness Part scanned [5101C861D] OK.
janv. 04, 2018 8:15:32 PM helper.Helper InitDailyDestPrintDir
INFOS: File 2018_01_04.log already exists.Print directory [.\print\2018_01_04] already exist!
Print sub directory [.\print\2018_01_04.\open_sheet] already exist!
Print sub directory [.\print\2018_01_04.\closing_sheet] already exist!
Print sub directory [.\print\2018_01_04.\picking_label] already exist!
Print sub directory [.\print\2018_01_04.\dispatch_label] already exist!
Print directory [.\print\2018_01_04] already exist!
Print sub directory [.\print\2018_01_04.\open_sheet] already exist!
Print sub directory [.\print\2018_01_04.\closing_sheet] already exist!
Print sub directory [.\print\2018_01_04.\picking_label] already exist!
Print sub directory [.\print\2018_01_04.\dispatch_label] already exist!

janv. 04, 2018 8:15:32 PM gui.packaging.mode1.gui.PACKAGING_UI9000_ChoosePackType_Mode1 loadConfigUcs
INFOS: Openning new container for first harness part [5101C861D].
janv. 04, 2018 8:18:20 PM helper.Helper InitDailyDestPrintDir
INFOS: File 2018_01_04.log already exists.Print directory [.\print\2018_01_04] already exist!
Print sub directory [.\print\2018_01_04.\open_sheet] already exist!
Print sub directory [.\print\2018_01_04.\closing_sheet] already exist!
Print sub directory [.\print\2018_01_04.\picking_label] already exist!
Print sub directory [.\print\2018_01_04.\dispatch_label] already exist!

janv. 04, 2018 8:18:22 PM entity.ConfigProject select
INFOS: FROM ConfigProject bp ORDER BY harnessType ASC
janv. 04, 2018 8:18:22 PM entity.ConfigProject select
INFOS: FROM ConfigProject bp ORDER BY harnessType ASC
janv. 04, 2018 8:18:26 PM gui.packaging.mode1.state.Mode1_S010_UserCodeScan doAction
INFOS: Invalid matricule number or account locked !
janv. 04, 2018 8:18:27 PM gui.packaging.mode1.gui.PACKAGING_UI0002_PasswordRequest_Mode1 connect_to_mode1
INFOS: User EZZIOURI OUSSAMA / ezou1001 connected to host Oussama-PC at 2018-01-04 20:18:27 Project : DUCATI.
janv. 04, 2018 8:18:27 PM gui.packaging.mode1.gui.PACKAGING_UI0002_PasswordRequest_Mode1 loadDotMatrixCodePatterns
INFOS: FROM ConfigBarcode cb WHERE cb.keyWord = :keyWord AND cb.harness_type = :harnessType ORDER BY id ASC
janv. 04, 2018 8:18:27 PM gui.packaging.mode1.gui.PACKAGING_UI0002_PasswordRequest_Mode1 loadPartNumberCodePatterns
INFOS: FROM ConfigBarcode cb WHERE cb.keyWord = :keyWord AND cb.harness_type = :harnessType ORDER BY id ASC
janv. 04, 2018 8:18:34 PM entity.ConfigUcs isHarnessPartExist
INFOS: Searching Harness part [5101C861D] in ConfigUCS: DUCATI
janv. 04, 2018 8:18:34 PM entity.ConfigUcs isHarnessPartExist
INFOS: Harness part [5101C861D] found for project [DUCATI].
janv. 04, 2018 8:18:34 PM gui.packaging.mode1.state.Mode1_S021_HarnessPartScan doAction
INFOS: Harness Part scanned [5101C861D] OK.
janv. 04, 2018 8:18:35 PM helper.Helper InitDailyDestPrintDir
INFOS: File 2018_01_04.log already exists.Print directory [.\print\2018_01_04] already exist!
Print sub directory [.\print\2018_01_04.\open_sheet] already exist!
Print sub directory [.\print\2018_01_04.\closing_sheet] already exist!
Print sub directory [.\print\2018_01_04.\picking_label] already exist!
Print sub directory [.\print\2018_01_04.\dispatch_label] already exist!
Print directory [.\print\2018_01_04] already exist!
Print sub directory [.\print\2018_01_04.\open_sheet] already exist!
Print sub directory [.\print\2018_01_04.\closing_sheet] already exist!
Print sub directory [.\print\2018_01_04.\picking_label] already exist!
Print sub directory [.\print\2018_01_04.\dispatch_label] already exist!

janv. 04, 2018 8:18:35 PM gui.packaging.mode1.gui.PACKAGING_UI9000_ChoosePackType_Mode1 loadConfigUcs
INFOS: Openning new container for first harness part [5101C861D].
janv. 04, 2018 8:19:45 PM helper.Helper InitDailyDestPrintDir
INFOS: File 2018_01_04.log already exists.Print directory [.\print\2018_01_04] already exist!
Print sub directory [.\print\2018_01_04.\open_sheet] already exist!
Print sub directory [.\print\2018_01_04.\closing_sheet] already exist!
Print sub directory [.\print\2018_01_04.\picking_label] already exist!
Print sub directory [.\print\2018_01_04.\dispatch_label] already exist!

janv. 04, 2018 8:19:48 PM entity.ConfigProject select
INFOS: FROM ConfigProject bp ORDER BY harnessType ASC
janv. 04, 2018 8:19:49 PM entity.ConfigProject select
INFOS: FROM ConfigProject bp ORDER BY harnessType ASC
janv. 04, 2018 8:19:51 PM gui.packaging.mode1.state.Mode1_S010_UserCodeScan doAction
INFOS: Invalid matricule number or account locked !
janv. 04, 2018 8:19:52 PM gui.packaging.mode1.gui.PACKAGING_UI0002_PasswordRequest_Mode1 connect_to_mode1
INFOS: User EZZIOURI OUSSAMA / ezou1001 connected to host Oussama-PC at 2018-01-04 20:19:52 Project : DUCATI.
janv. 04, 2018 8:19:52 PM gui.packaging.mode1.gui.PACKAGING_UI0002_PasswordRequest_Mode1 loadDotMatrixCodePatterns
INFOS: FROM ConfigBarcode cb WHERE cb.keyWord = :keyWord AND cb.harness_type = :harnessType ORDER BY id ASC
janv. 04, 2018 8:19:52 PM gui.packaging.mode1.gui.PACKAGING_UI0002_PasswordRequest_Mode1 loadPartNumberCodePatterns
INFOS: FROM ConfigBarcode cb WHERE cb.keyWord = :keyWord AND cb.harness_type = :harnessType ORDER BY id ASC
janv. 04, 2018 8:19:58 PM entity.ConfigUcs isHarnessPartExist
INFOS: Searching Harness part [5101C861D] in ConfigUCS: DUCATI
janv. 04, 2018 8:19:58 PM entity.ConfigUcs isHarnessPartExist
INFOS: Harness part [5101C861D] found for project [DUCATI].
janv. 04, 2018 8:19:58 PM gui.packaging.mode1.state.Mode1_S021_HarnessPartScan doAction
INFOS: Harness Part scanned [5101C861D] OK.
janv. 04, 2018 8:19:59 PM helper.Helper InitDailyDestPrintDir
INFOS: File 2018_01_04.log already exists.Print directory [.\print\2018_01_04] already exist!
Print sub directory [.\print\2018_01_04.\open_sheet] already exist!
Print sub directory [.\print\2018_01_04.\closing_sheet] already exist!
Print sub directory [.\print\2018_01_04.\picking_label] already exist!
Print sub directory [.\print\2018_01_04.\dispatch_label] already exist!
Print directory [.\print\2018_01_04] already exist!
Print sub directory [.\print\2018_01_04.\open_sheet] already exist!
Print sub directory [.\print\2018_01_04.\closing_sheet] already exist!
Print sub directory [.\print\2018_01_04.\picking_label] already exist!
Print sub directory [.\print\2018_01_04.\dispatch_label] already exist!

janv. 04, 2018 8:19:59 PM gui.packaging.mode1.gui.PACKAGING_UI9000_ChoosePackType_Mode1 loadConfigUcs
INFOS: Openning new container for first harness part [5101C861D].
janv. 04, 2018 8:24:54 PM helper.Helper InitDailyDestPrintDir
INFOS: File 2018_01_04.log already exists.Print directory [.\print\2018_01_04] already exist!
Print sub directory [.\print\2018_01_04.\open_sheet] already exist!
Print sub directory [.\print\2018_01_04.\closing_sheet] already exist!
Print sub directory [.\print\2018_01_04.\picking_label] already exist!
Print sub directory [.\print\2018_01_04.\dispatch_label] already exist!

janv. 04, 2018 8:24:55 PM entity.ConfigProject select
INFOS: FROM ConfigProject bp ORDER BY harnessType ASC
janv. 04, 2018 8:24:56 PM entity.ConfigProject select
INFOS: FROM ConfigProject bp ORDER BY harnessType ASC
janv. 04, 2018 8:24:59 PM gui.packaging.mode1.state.Mode1_S010_UserCodeScan doAction
INFOS: Invalid matricule number or account locked !
janv. 04, 2018 8:25:00 PM gui.packaging.mode1.gui.PACKAGING_UI0002_PasswordRequest_Mode1 connect_to_mode1
INFOS: User EZZIOURI OUSSAMA / ezou1001 connected to host Oussama-PC at 2018-01-04 20:25:00 Project : DUCATI.
janv. 04, 2018 8:25:00 PM gui.packaging.mode1.gui.PACKAGING_UI0002_PasswordRequest_Mode1 loadDotMatrixCodePatterns
INFOS: FROM ConfigBarcode cb WHERE cb.keyWord = :keyWord AND cb.harness_type = :harnessType ORDER BY id ASC
janv. 04, 2018 8:25:00 PM gui.packaging.mode1.gui.PACKAGING_UI0002_PasswordRequest_Mode1 loadPartNumberCodePatterns
INFOS: FROM ConfigBarcode cb WHERE cb.keyWord = :keyWord AND cb.harness_type = :harnessType ORDER BY id ASC
janv. 04, 2018 8:25:05 PM entity.ConfigUcs isHarnessPartExist
INFOS: Searching Harness part [5101C861D] in ConfigUCS: DUCATI
janv. 04, 2018 8:25:05 PM entity.ConfigUcs isHarnessPartExist
INFOS: Harness part [5101C861D] found for project [DUCATI].
janv. 04, 2018 8:25:05 PM gui.packaging.mode1.state.Mode1_S021_HarnessPartScan doAction
INFOS: Harness Part scanned [5101C861D] OK.
janv. 04, 2018 8:25:06 PM helper.Helper InitDailyDestPrintDir
INFOS: File 2018_01_04.log already exists.Print directory [.\print\2018_01_04] already exist!
Print sub directory [.\print\2018_01_04.\open_sheet] already exist!
Print sub directory [.\print\2018_01_04.\closing_sheet] already exist!
Print sub directory [.\print\2018_01_04.\picking_label] already exist!
Print sub directory [.\print\2018_01_04.\dispatch_label] already exist!
Print directory [.\print\2018_01_04] already exist!
Print sub directory [.\print\2018_01_04.\open_sheet] already exist!
Print sub directory [.\print\2018_01_04.\closing_sheet] already exist!
Print sub directory [.\print\2018_01_04.\picking_label] already exist!
Print sub directory [.\print\2018_01_04.\dispatch_label] already exist!

janv. 04, 2018 8:25:06 PM gui.packaging.mode1.gui.PACKAGING_UI9000_ChoosePackType_Mode1 loadConfigUcs
INFOS: Openning new container for first harness part [5101C861D].
janv. 04, 2018 8:25:33 PM entity.ConfigUcs isHarnessPartExist
INFOS: Searching Harness part [5101C861D] in ConfigUCS: DUCATI
janv. 04, 2018 8:25:33 PM entity.ConfigUcs isHarnessPartExist
INFOS: Harness part [5101C861D] found for project [DUCATI].
janv. 04, 2018 8:25:33 PM gui.packaging.mode1.state.Mode1_S021_HarnessPartScan doAction
INFOS: Harness Part scanned [5101C861D] OK.
janv. 04, 2018 8:25:52 PM gui.packaging.mode1.state.Mode1_S020_PalletChoice doAction
INFOS: Is it a new pallet ?
janv. 04, 2018 8:51:04 PM helper.Helper InitDailyDestPrintDir
INFOS: File 2018_01_04.log already exists.Print directory [.\print\2018_01_04] already exist!
Print sub directory [.\print\2018_01_04.\open_sheet] already exist!
Print sub directory [.\print\2018_01_04.\closing_sheet] already exist!
Print sub directory [.\print\2018_01_04.\picking_label] already exist!
Print sub directory [.\print\2018_01_04.\dispatch_label] already exist!

janv. 04, 2018 8:51:06 PM entity.ConfigProject select
INFOS: FROM ConfigProject bp ORDER BY harnessType ASC
janv. 04, 2018 8:51:06 PM entity.ConfigProject select
INFOS: FROM ConfigProject bp ORDER BY harnessType ASC
janv. 04, 2018 8:51:09 PM gui.packaging.mode1.state.Mode1_S010_UserCodeScan doAction
INFOS: Invalid matricule number or account locked !
janv. 04, 2018 8:51:09 PM gui.packaging.mode1.gui.PACKAGING_UI0002_PasswordRequest_Mode1 connect_to_mode1
INFOS: User EZZIOURI OUSSAMA / ezou1001 connected to host Oussama-PC at 2018-01-04 20:51:09 Project : DUCATI.
janv. 04, 2018 8:51:09 PM gui.packaging.mode1.gui.PACKAGING_UI0002_PasswordRequest_Mode1 loadDotMatrixCodePatterns
INFOS: FROM ConfigBarcode cb WHERE cb.keyWord = :keyWord AND cb.harness_type = :harnessType ORDER BY id ASC
janv. 04, 2018 8:51:09 PM gui.packaging.mode1.gui.PACKAGING_UI0002_PasswordRequest_Mode1 loadPartNumberCodePatterns
INFOS: FROM ConfigBarcode cb WHERE cb.keyWord = :keyWord AND cb.harness_type = :harnessType ORDER BY id ASC
janv. 04, 2018 8:51:23 PM entity.ConfigUcs isHarnessPartExist
INFOS: Searching Harness part [5101C861D] in ConfigUCS: DUCATI
janv. 04, 2018 8:51:23 PM entity.ConfigUcs isHarnessPartExist
INFOS: Harness part [5101C861D] found for project [DUCATI].
janv. 04, 2018 8:51:23 PM gui.packaging.mode1.state.Mode1_S021_HarnessPartScan doAction
INFOS: Harness Part scanned [5101C861D] OK.
janv. 04, 2018 8:51:24 PM helper.Helper InitDailyDestPrintDir
INFOS: File 2018_01_04.log already exists.Print directory [.\print\2018_01_04] already exist!
Print sub directory [.\print\2018_01_04.\open_sheet] already exist!
Print sub directory [.\print\2018_01_04.\closing_sheet] already exist!
Print sub directory [.\print\2018_01_04.\picking_label] already exist!
Print sub directory [.\print\2018_01_04.\dispatch_label] already exist!
Print directory [.\print\2018_01_04] already exist!
Print sub directory [.\print\2018_01_04.\open_sheet] already exist!
Print sub directory [.\print\2018_01_04.\closing_sheet] already exist!
Print sub directory [.\print\2018_01_04.\picking_label] already exist!
Print sub directory [.\print\2018_01_04.\dispatch_label] already exist!

janv. 04, 2018 8:51:24 PM gui.packaging.mode1.gui.PACKAGING_UI9000_ChoosePackType_Mode1 loadConfigUcs
INFOS: Openning new container for first harness part [5101C861D].
janv. 04, 2018 8:53:55 PM entity.ConfigUcs isHarnessPartExist
INFOS: Searching Harness part [5101C861D] in ConfigUCS: DUCATI
janv. 04, 2018 8:53:55 PM entity.ConfigUcs isHarnessPartExist
INFOS: Harness part [5101C861D] found for project [DUCATI].
janv. 04, 2018 8:53:55 PM gui.packaging.mode1.state.Mode1_S021_HarnessPartScan doAction
INFOS: Harness Part scanned [5101C861D] OK.
janv. 04, 2018 9:42:11 PM helper.Helper InitDailyDestPrintDir
INFOS: File 2018_01_04.log already exists.Print directory [.\print\2018_01_04] already exist!
Print sub directory [.\print\2018_01_04.\open_sheet] already exist!
Print sub directory [.\print\2018_01_04.\closing_sheet] already exist!
Print sub directory [.\print\2018_01_04.\picking_label] already exist!
Print sub directory [.\print\2018_01_04.\dispatch_label] already exist!

janv. 04, 2018 9:42:13 PM entity.ConfigProject select
INFOS: FROM ConfigProject bp ORDER BY harnessType ASC
janv. 04, 2018 9:42:13 PM entity.ConfigProject select
INFOS: FROM ConfigProject bp ORDER BY harnessType ASC
janv. 04, 2018 9:42:15 PM gui.packaging.mode1.state.Mode1_S010_UserCodeScan doAction
INFOS: Invalid matricule number or account locked !
janv. 04, 2018 9:42:17 PM gui.packaging.mode1.gui.PACKAGING_UI0002_PasswordRequest_Mode1 connect_to_mode1
INFOS: User EZZIOURI OUSSAMA / ezou1001 connected to host Oussama-PC at 2018-01-04 21:42:17 Project : DUCATI.
janv. 04, 2018 9:42:17 PM gui.packaging.mode1.gui.PACKAGING_UI0002_PasswordRequest_Mode1 loadDotMatrixCodePatterns
INFOS: FROM ConfigBarcode cb WHERE cb.keyWord = :keyWord AND cb.harness_type = :harnessType ORDER BY id ASC
janv. 04, 2018 9:42:17 PM gui.packaging.mode1.gui.PACKAGING_UI0002_PasswordRequest_Mode1 loadPartNumberCodePatterns
INFOS: FROM ConfigBarcode cb WHERE cb.keyWord = :keyWord AND cb.harness_type = :harnessType ORDER BY id ASC
janv. 04, 2018 9:42:29 PM entity.ConfigUcs isHarnessPartExist
INFOS: Searching Harness part [5101C861D] in ConfigUCS: DUCATI
janv. 04, 2018 9:42:29 PM entity.ConfigUcs isHarnessPartExist
INFOS: Harness part [5101C861D] found for project [DUCATI].
janv. 04, 2018 9:42:29 PM gui.packaging.mode1.state.Mode1_S021_HarnessPartScan doAction
INFOS: Harness Part scanned [5101C861D] OK.
janv. 04, 2018 9:42:30 PM helper.Helper InitDailyDestPrintDir
INFOS: File 2018_01_04.log already exists.Print directory [.\print\2018_01_04] already exist!
Print sub directory [.\print\2018_01_04.\open_sheet] already exist!
Print sub directory [.\print\2018_01_04.\closing_sheet] already exist!
Print sub directory [.\print\2018_01_04.\picking_label] already exist!
Print sub directory [.\print\2018_01_04.\dispatch_label] already exist!
Print directory [.\print\2018_01_04] already exist!
Print sub directory [.\print\2018_01_04.\open_sheet] already exist!
Print sub directory [.\print\2018_01_04.\closing_sheet] already exist!
Print sub directory [.\print\2018_01_04.\picking_label] already exist!
Print sub directory [.\print\2018_01_04.\dispatch_label] already exist!

janv. 04, 2018 9:42:30 PM gui.packaging.mode1.gui.PACKAGING_UI9000_ChoosePackType_Mode1 loadConfigUcs
INFOS: Openning new container for first harness part [5101C861D].
janv. 04, 2018 9:42:34 PM entity.ConfigUcs isHarnessPartExist
INFOS: Searching Harness part [5101C861D] in ConfigUCS: DUCATI
janv. 04, 2018 9:42:34 PM entity.ConfigUcs isHarnessPartExist
INFOS: Harness part [5101C861D] found for project [DUCATI].
janv. 04, 2018 9:42:34 PM gui.packaging.mode1.state.Mode1_S021_HarnessPartScan doAction
INFOS: Harness Part scanned [5101C861D] OK.
janv. 04, 2018 9:42:40 PM entity.BaseHarness isCounterExist
INFOS: Searching Harness counter [5101C861D201712210000000001] in BaseHarness.
janv. 04, 2018 9:42:40 PM entity.BaseHarness isCounterExist
INFOS: FROM BaseHarness bh WHERE bh.counter = :counter
janv. 04, 2018 9:42:42 PM gui.packaging.mode1.state.Mode1_S030_MatrixIdScan doAction
INFOS: Valid Harness Counter scanned [5101C861D201712210000000001] OK.
janv. 04, 2018 9:48:38 PM helper.Helper InitDailyDestPrintDir
INFOS: File 2018_01_04.log already exists.Print directory [.\print\2018_01_04] already exist!
Print sub directory [.\print\2018_01_04.\open_sheet] already exist!
Print sub directory [.\print\2018_01_04.\closing_sheet] already exist!
Print sub directory [.\print\2018_01_04.\picking_label] already exist!
Print sub directory [.\print\2018_01_04.\dispatch_label] already exist!

janv. 04, 2018 9:48:41 PM entity.ConfigProject select
INFOS: FROM ConfigProject bp ORDER BY harnessType ASC
janv. 04, 2018 9:48:41 PM entity.ConfigProject select
INFOS: FROM ConfigProject bp ORDER BY harnessType ASC
janv. 04, 2018 9:48:44 PM gui.packaging.mode1.state.Mode1_S010_UserCodeScan doAction
INFOS: Invalid matricule number or account locked !
janv. 04, 2018 9:48:45 PM gui.packaging.mode1.gui.PACKAGING_UI0002_PasswordRequest_Mode1 connect_to_mode1
INFOS: User EZZIOURI OUSSAMA / ezou1001 connected to host Oussama-PC at 2018-01-04 21:48:45 Project : DUCATI.
janv. 04, 2018 9:48:45 PM gui.packaging.mode1.gui.PACKAGING_UI0002_PasswordRequest_Mode1 loadDotMatrixCodePatterns
INFOS: FROM ConfigBarcode cb WHERE cb.keyWord = :keyWord AND cb.harness_type = :harnessType ORDER BY id ASC
janv. 04, 2018 9:48:45 PM gui.packaging.mode1.gui.PACKAGING_UI0002_PasswordRequest_Mode1 loadPartNumberCodePatterns
INFOS: FROM ConfigBarcode cb WHERE cb.keyWord = :keyWord AND cb.harness_type = :harnessType ORDER BY id ASC
janv. 04, 2018 9:48:51 PM gui.packaging.reports.PACKAGING_UI9001_DropContainerConfirmation ok_btnActionPerformed
INFOS: Droping harness list...0
janv. 04, 2018 9:48:59 PM gui.packaging.reports.PACKAGING_UI9001_DropContainerConfirmation ok_btnActionPerformed
INFOS: Droping harness list...0
janv. 04, 2018 9:49:10 PM gui.packaging.reports.PACKAGING_UI9001_DropContainerConfirmation ok_btnActionPerformed
INFOS: Droping harness list...0
janv. 04, 2018 9:49:17 PM gui.packaging.reports.PACKAGING_UI9001_DropContainerConfirmation ok_btnActionPerformed
INFOS: Droping harness list...0
janv. 04, 2018 9:49:26 PM gui.packaging.reports.PACKAGING_UI9001_DropContainerConfirmation ok_btnActionPerformed
INFOS: Droping harness list...0
janv. 04, 2018 9:49:34 PM gui.packaging.reports.PACKAGING_UI9001_DropContainerConfirmation ok_btnActionPerformed
INFOS: Droping harness list...0
janv. 04, 2018 9:49:42 PM entity.ConfigUcs isHarnessPartExist
INFOS: Searching Harness part [5101C861D] in ConfigUCS: DUCATI
janv. 04, 2018 9:49:42 PM entity.ConfigUcs isHarnessPartExist
INFOS: Harness part [5101C861D] found for project [DUCATI].
janv. 04, 2018 9:49:42 PM gui.packaging.mode1.state.Mode1_S021_HarnessPartScan doAction
INFOS: Harness Part scanned [5101C861D] OK.
janv. 04, 2018 9:49:44 PM helper.Helper InitDailyDestPrintDir
INFOS: File 2018_01_04.log already exists.Print directory [.\print\2018_01_04] already exist!
Print sub directory [.\print\2018_01_04.\open_sheet] already exist!
Print sub directory [.\print\2018_01_04.\closing_sheet] already exist!
Print sub directory [.\print\2018_01_04.\picking_label] already exist!
Print sub directory [.\print\2018_01_04.\dispatch_label] already exist!
Print directory [.\print\2018_01_04] already exist!
Print sub directory [.\print\2018_01_04.\open_sheet] already exist!
Print sub directory [.\print\2018_01_04.\closing_sheet] already exist!
Print sub directory [.\print\2018_01_04.\picking_label] already exist!
Print sub directory [.\print\2018_01_04.\dispatch_label] already exist!

janv. 04, 2018 9:49:44 PM gui.packaging.mode1.gui.PACKAGING_UI9000_ChoosePackType_Mode1 loadConfigUcs
INFOS: Openning new container for first harness part [5101C861D].
janv. 04, 2018 9:49:47 PM entity.ConfigUcs isHarnessPartExist
INFOS: Searching Harness part [5101C861D] in ConfigUCS: DUCATI
janv. 04, 2018 9:49:47 PM entity.ConfigUcs isHarnessPartExist
INFOS: Harness part [5101C861D] found for project [DUCATI].
janv. 04, 2018 9:49:47 PM gui.packaging.mode1.state.Mode1_S021_HarnessPartScan doAction
INFOS: Harness Part scanned [5101C861D] OK.
janv. 04, 2018 9:49:54 PM entity.BaseHarness isCounterExist
INFOS: Searching Harness counter [5101C861D201712210000000002] in BaseHarness.
janv. 04, 2018 9:49:54 PM entity.BaseHarness isCounterExist
INFOS: FROM BaseHarness bh WHERE bh.counter = :counter
janv. 04, 2018 9:49:54 PM gui.packaging.mode1.state.Mode1_S030_MatrixIdScan doAction
INFOS: Valid Harness Counter scanned [5101C861D201712210000000002] OK.
janv. 04, 2018 10:07:09 PM helper.Helper InitDailyDestPrintDir
INFOS: File 2018_01_04.log already exists.Print directory [.\print\2018_01_04] already exist!
Print sub directory [.\print\2018_01_04.\open_sheet] already exist!
Print sub directory [.\print\2018_01_04.\closing_sheet] already exist!
Print sub directory [.\print\2018_01_04.\picking_label] already exist!
Print sub directory [.\print\2018_01_04.\dispatch_label] already exist!

janv. 04, 2018 10:07:11 PM entity.ConfigProject select
INFOS: FROM ConfigProject bp ORDER BY harnessType ASC
janv. 04, 2018 10:07:11 PM entity.ConfigProject select
INFOS: FROM ConfigProject bp ORDER BY harnessType ASC
janv. 04, 2018 10:07:15 PM gui.packaging.mode1.state.Mode1_S010_UserCodeScan doAction
INFOS: Invalid matricule number or account locked !
janv. 04, 2018 10:07:16 PM gui.packaging.mode1.gui.PACKAGING_UI0002_PasswordRequest_Mode1 connect_to_mode1
INFOS: User EZZIOURI OUSSAMA / ezou1001 connected to host Oussama-PC at 2018-01-04 22:07:16 Project : DUCATI.
janv. 04, 2018 10:07:16 PM gui.packaging.mode1.gui.PACKAGING_UI0002_PasswordRequest_Mode1 loadDotMatrixCodePatterns
INFOS: FROM ConfigBarcode cb WHERE cb.keyWord = :keyWord AND cb.harness_type = :harnessType ORDER BY id ASC
janv. 04, 2018 10:07:16 PM gui.packaging.mode1.gui.PACKAGING_UI0002_PasswordRequest_Mode1 loadPartNumberCodePatterns
INFOS: FROM ConfigBarcode cb WHERE cb.keyWord = :keyWord AND cb.harness_type = :harnessType ORDER BY id ASC
janv. 04, 2018 10:07:23 PM gui.packaging.reports.PACKAGING_UI9001_DropContainerConfirmation ok_btnActionPerformed
INFOS: Droping harness list...0
janv. 04, 2018 10:07:32 PM entity.ConfigUcs isHarnessPartExist
INFOS: Searching Harness part [5101C861D] in ConfigUCS: DUCATI
janv. 04, 2018 10:07:32 PM entity.ConfigUcs isHarnessPartExist
INFOS: Harness part [5101C861D] found for project [DUCATI].
janv. 04, 2018 10:07:32 PM gui.packaging.mode1.state.Mode1_S021_HarnessPartScan doAction
INFOS: Harness Part scanned [5101C861D] OK.
janv. 04, 2018 10:07:34 PM helper.Helper InitDailyDestPrintDir
INFOS: File 2018_01_04.log already exists.Print directory [.\print\2018_01_04] already exist!
Print sub directory [.\print\2018_01_04.\open_sheet] already exist!
Print sub directory [.\print\2018_01_04.\closing_sheet] already exist!
Print sub directory [.\print\2018_01_04.\picking_label] already exist!
Print sub directory [.\print\2018_01_04.\dispatch_label] already exist!
Print directory [.\print\2018_01_04] already exist!
Print sub directory [.\print\2018_01_04.\open_sheet] already exist!
Print sub directory [.\print\2018_01_04.\closing_sheet] already exist!
Print sub directory [.\print\2018_01_04.\picking_label] already exist!
Print sub directory [.\print\2018_01_04.\dispatch_label] already exist!

janv. 04, 2018 10:07:34 PM gui.packaging.mode1.gui.PACKAGING_UI9000_ChoosePackType_Mode1 loadConfigUcs
INFOS: Openning new container for first harness part [5101C861D].
janv. 04, 2018 10:10:15 PM helper.Helper InitDailyDestPrintDir
INFOS: File 2018_01_04.log already exists.Print directory [.\print\2018_01_04] already exist!
Print sub directory [.\print\2018_01_04.\open_sheet] already exist!
Print sub directory [.\print\2018_01_04.\closing_sheet] already exist!
Print sub directory [.\print\2018_01_04.\picking_label] already exist!
Print sub directory [.\print\2018_01_04.\dispatch_label] already exist!

janv. 04, 2018 10:10:17 PM entity.ConfigProject select
INFOS: FROM ConfigProject bp ORDER BY harnessType ASC
janv. 04, 2018 10:10:17 PM entity.ConfigProject select
INFOS: FROM ConfigProject bp ORDER BY harnessType ASC
janv. 04, 2018 10:10:21 PM gui.packaging.mode1.state.Mode1_S010_UserCodeScan doAction
INFOS: Invalid matricule number or account locked !
janv. 04, 2018 10:10:22 PM gui.packaging.mode1.gui.PACKAGING_UI0002_PasswordRequest_Mode1 connect_to_mode1
INFOS: User EZZIOURI OUSSAMA / ezou1001 connected to host Oussama-PC at 2018-01-04 22:10:22 Project : DUCATI.
janv. 04, 2018 10:10:22 PM gui.packaging.mode1.gui.PACKAGING_UI0002_PasswordRequest_Mode1 loadDotMatrixCodePatterns
INFOS: FROM ConfigBarcode cb WHERE cb.keyWord = :keyWord AND cb.harness_type = :harnessType ORDER BY id ASC
janv. 04, 2018 10:10:22 PM gui.packaging.mode1.gui.PACKAGING_UI0002_PasswordRequest_Mode1 loadPartNumberCodePatterns
INFOS: FROM ConfigBarcode cb WHERE cb.keyWord = :keyWord AND cb.harness_type = :harnessType ORDER BY id ASC
janv. 04, 2018 10:10:29 PM gui.packaging.reports.PACKAGING_UI9001_DropContainerConfirmation ok_btnActionPerformed
INFOS: Droping harness list...0
janv. 04, 2018 10:10:35 PM entity.BaseHarness checkPartNumberFormat
INFOS: Invalid part number format [ezou1001]!
janv. 04, 2018 10:10:35 PM gui.packaging.mode1.state.Mode1_S021_HarnessPartScan doAction
AVERTISSEMENT: Invalid Harness Part scanned [ezou1001] !
janv. 04, 2018 10:10:39 PM entity.ConfigUcs isHarnessPartExist
INFOS: Searching Harness part [5101C861D] in ConfigUCS: DUCATI
janv. 04, 2018 10:10:39 PM entity.ConfigUcs isHarnessPartExist
INFOS: Harness part [5101C861D] found for project [DUCATI].
janv. 04, 2018 10:10:39 PM gui.packaging.mode1.state.Mode1_S021_HarnessPartScan doAction
INFOS: Harness Part scanned [5101C861D] OK.
janv. 04, 2018 10:10:40 PM helper.Helper InitDailyDestPrintDir
INFOS: File 2018_01_04.log already exists.Print directory [.\print\2018_01_04] already exist!
Print sub directory [.\print\2018_01_04.\open_sheet] already exist!
Print sub directory [.\print\2018_01_04.\closing_sheet] already exist!
Print sub directory [.\print\2018_01_04.\picking_label] already exist!
Print sub directory [.\print\2018_01_04.\dispatch_label] already exist!
Print directory [.\print\2018_01_04] already exist!
Print sub directory [.\print\2018_01_04.\open_sheet] already exist!
Print sub directory [.\print\2018_01_04.\closing_sheet] already exist!
Print sub directory [.\print\2018_01_04.\picking_label] already exist!
Print sub directory [.\print\2018_01_04.\dispatch_label] already exist!

janv. 04, 2018 10:10:40 PM gui.packaging.mode1.gui.PACKAGING_UI9000_ChoosePackType_Mode1 loadConfigUcs
INFOS: Openning new container for first harness part [5101C861D].
janv. 04, 2018 10:11:11 PM entity.ConfigUcs isHarnessPartExist
INFOS: Searching Harness part [5101C861D] in ConfigUCS: DUCATI
janv. 04, 2018 10:11:11 PM entity.ConfigUcs isHarnessPartExist
INFOS: Harness part [5101C861D] found for project [DUCATI].
janv. 04, 2018 10:11:11 PM gui.packaging.mode1.state.Mode1_S021_HarnessPartScan doAction
INFOS: Harness Part scanned [5101C861D] OK.
janv. 04, 2018 10:11:17 PM entity.BaseHarness isCounterExist
INFOS: Searching Harness counter [5101C861D201712210000000001] in BaseHarness.
janv. 04, 2018 10:11:17 PM entity.BaseHarness isCounterExist
INFOS: FROM BaseHarness bh WHERE bh.counter = :counter
janv. 04, 2018 10:11:17 PM gui.packaging.mode1.state.Mode1_S030_MatrixIdScan doAction
INFOS: Valid Harness Counter scanned [5101C861D201712210000000001] OK.
janv. 04, 2018 10:11:17 PM gui.packaging.mode1.state.Mode1_S030_MatrixIdScan addPieceToContainer
INFOS:  [No]
janv. 04, 2018 10:11:17 PM gui.packaging.mode1.state.Mode1_S030_MatrixIdScan addPieceToContainer
INFOS: Pallet values 
janv. 04, 2018 10:11:17 PM gui.packaging.mode1.state.Mode1_S030_MatrixIdScan addPieceToContainer
INFOS: State           :   [true]
janv. 04, 2018 10:11:17 PM gui.packaging.mode1.state.Mode1_S030_MatrixIdScan addPieceToContainer
INFOS: Qty Expected    :   [3]
janv. 04, 2018 10:11:17 PM gui.packaging.mode1.state.Mode1_S030_MatrixIdScan addPieceToContainer
INFOS: Qty Read        :   [0]
janv. 04, 2018 10:11:17 PM gui.packaging.mode1.state.Mode1_S030_MatrixIdScan addPieceToContainer
INFOS: Std Time        :   [0.0]
janv. 04, 2018 10:11:17 PM gui.packaging.mode1.state.Mode1_S030_MatrixIdScan addPieceToContainer
INFOS: Harness Part [5101C861D] = Context Harness Part [101C861D]
janv. 04, 2018 10:11:17 PM gui.packaging.mode1.state.Mode1_S030_MatrixIdScan addPieceToContainer
INFOS: Harness Type [DUCATI] = Context Harness Type [DUCATI]
janv. 04, 2018 10:17:14 PM entity.ConfigProject select
INFOS: FROM ConfigProject bp ORDER BY harnessType ASC
janv. 04, 2018 10:17:14 PM entity.ConfigProject select
INFOS: FROM ConfigProject bp ORDER BY harnessType ASC
janv. 04, 2018 10:19:32 PM helper.Helper InitDailyDestPrintDir
INFOS: File 2018_01_04.log already exists.Print directory [.\print\2018_01_04] already exist!
Print sub directory [.\print\2018_01_04.\open_sheet] already exist!
Print sub directory [.\print\2018_01_04.\closing_sheet] already exist!
Print sub directory [.\print\2018_01_04.\picking_label] already exist!
Print sub directory [.\print\2018_01_04.\dispatch_label] already exist!

janv. 04, 2018 10:19:34 PM entity.ConfigProject select
INFOS: FROM ConfigProject bp ORDER BY harnessType ASC
janv. 04, 2018 10:19:34 PM entity.ConfigProject select
INFOS: FROM ConfigProject bp ORDER BY harnessType ASC
janv. 04, 2018 10:19:36 PM gui.packaging.mode1.state.Mode1_S010_UserCodeScan doAction
INFOS: Invalid matricule number or account locked !
janv. 04, 2018 10:19:37 PM gui.packaging.mode1.gui.PACKAGING_UI0002_PasswordRequest_Mode1 connect_to_mode1
INFOS: User EZZIOURI OUSSAMA / ezou1001 connected to host Oussama-PC at 2018-01-04 22:19:37 Project : DUCATI.
janv. 04, 2018 10:19:37 PM gui.packaging.mode1.gui.PACKAGING_UI0002_PasswordRequest_Mode1 loadDotMatrixCodePatterns
INFOS: FROM ConfigBarcode cb WHERE cb.keyWord = :keyWord AND cb.harness_type = :harnessType ORDER BY id ASC
janv. 04, 2018 10:19:37 PM gui.packaging.mode1.gui.PACKAGING_UI0002_PasswordRequest_Mode1 loadPartNumberCodePatterns
INFOS: FROM ConfigBarcode cb WHERE cb.keyWord = :keyWord AND cb.harness_type = :harnessType ORDER BY id ASC
janv. 04, 2018 10:19:50 PM entity.ConfigUcs isHarnessPartExist
INFOS: Searching Harness part [5101C861D] in ConfigUCS: DUCATI
janv. 04, 2018 10:19:50 PM entity.ConfigUcs isHarnessPartExist
INFOS: Harness part [5101C861D] found for project [DUCATI].
janv. 04, 2018 10:19:50 PM gui.packaging.mode1.state.Mode1_S021_HarnessPartScan doAction
INFOS: Harness Part scanned [5101C861D] OK.
janv. 04, 2018 10:30:33 PM helper.Helper InitDailyDestPrintDir
INFOS: File 2018_01_04.log already exists.Print directory [.\print\2018_01_04] already exist!
Print sub directory [.\print\2018_01_04.\open_sheet] already exist!
Print sub directory [.\print\2018_01_04.\closing_sheet] already exist!
Print sub directory [.\print\2018_01_04.\picking_label] already exist!
Print sub directory [.\print\2018_01_04.\dispatch_label] already exist!

janv. 04, 2018 10:30:35 PM entity.ConfigProject select
INFOS: FROM ConfigProject bp ORDER BY harnessType ASC
janv. 04, 2018 10:30:36 PM entity.ConfigProject select
INFOS: FROM ConfigProject bp ORDER BY harnessType ASC
janv. 04, 2018 10:30:38 PM gui.packaging.mode1.state.Mode1_S010_UserCodeScan doAction
INFOS: Invalid matricule number or account locked !
janv. 04, 2018 10:30:39 PM gui.packaging.mode1.gui.PACKAGING_UI0002_PasswordRequest_Mode1 connect_to_mode1
INFOS: User EZZIOURI OUSSAMA / ezou1001 connected to host Oussama-PC at 2018-01-04 22:30:39 Project : DUCATI.
janv. 04, 2018 10:30:39 PM gui.packaging.mode1.gui.PACKAGING_UI0002_PasswordRequest_Mode1 loadDotMatrixCodePatterns
INFOS: FROM ConfigBarcode cb WHERE cb.keyWord = :keyWord AND cb.harness_type = :harnessType ORDER BY id ASC
janv. 04, 2018 10:30:39 PM gui.packaging.mode1.gui.PACKAGING_UI0002_PasswordRequest_Mode1 loadPartNumberCodePatterns
INFOS: FROM ConfigBarcode cb WHERE cb.keyWord = :keyWord AND cb.harness_type = :harnessType ORDER BY id ASC
janv. 04, 2018 10:30:56 PM gui.packaging.mode1.state.Mode1_S020_PalletChoice doAction
INFOS: Is it a new pallet ?
janv. 04, 2018 10:30:57 PM gui.packaging.mode1.state.Mode1_S020_PalletChoice doAction
AVERTISSEMENT: No pallet found for this number qs !
janv. 04, 2018 10:30:59 PM gui.packaging.mode1.state.Mode1_S020_PalletChoice doAction
INFOS: Is it a new pallet ?
janv. 04, 2018 10:30:59 PM gui.packaging.mode1.state.Mode1_S020_PalletChoice doAction
AVERTISSEMENT: No pallet found for this number qqsdq !
janv. 04, 2018 10:31:04 PM gui.packaging.mode1.state.Mode1_S020_PalletChoice doAction
INFOS: Is it a new pallet ?
janv. 04, 2018 10:31:04 PM gui.packaging.mode1.state.Mode1_S020_PalletChoice doAction
AVERTISSEMENT: No pallet found for this number 5101C861D !
janv. 04, 2018 10:32:51 PM helper.Helper InitDailyDestPrintDir
INFOS: File 2018_01_04.log already exists.Print directory [.\print\2018_01_04] already exist!
Print sub directory [.\print\2018_01_04.\open_sheet] already exist!
Print sub directory [.\print\2018_01_04.\closing_sheet] already exist!
Print sub directory [.\print\2018_01_04.\picking_label] already exist!
Print sub directory [.\print\2018_01_04.\dispatch_label] already exist!

janv. 04, 2018 10:32:53 PM entity.ConfigProject select
INFOS: FROM ConfigProject bp ORDER BY harnessType ASC
janv. 04, 2018 10:32:53 PM entity.ConfigProject select
INFOS: FROM ConfigProject bp ORDER BY harnessType ASC
janv. 04, 2018 10:32:58 PM gui.packaging.mode1.state.Mode1_S010_UserCodeScan doAction
INFOS: Invalid matricule number or account locked !
janv. 04, 2018 10:32:59 PM gui.packaging.mode1.gui.PACKAGING_UI0002_PasswordRequest_Mode1 connect_to_mode1
INFOS: User EZZIOURI OUSSAMA / ezou1001 connected to host Oussama-PC at 2018-01-04 22:32:59 Project : DUCATI.
janv. 04, 2018 10:32:59 PM gui.packaging.mode1.gui.PACKAGING_UI0002_PasswordRequest_Mode1 loadDotMatrixCodePatterns
INFOS: FROM ConfigBarcode cb WHERE cb.keyWord = :keyWord AND cb.harness_type = :harnessType ORDER BY id ASC
janv. 04, 2018 10:32:59 PM gui.packaging.mode1.gui.PACKAGING_UI0002_PasswordRequest_Mode1 loadPartNumberCodePatterns
INFOS: FROM ConfigBarcode cb WHERE cb.keyWord = :keyWord AND cb.harness_type = :harnessType ORDER BY id ASC
janv. 04, 2018 10:33:09 PM gui.packaging.mode1.state.Mode1_S020_PalletChoice doAction
INFOS: Is it a new pallet ?
janv. 04, 2018 10:33:09 PM gui.packaging.mode1.state.Mode1_S020_PalletChoice doAction
AVERTISSEMENT: No pallet found for this number 5101C861D !
janv. 04, 2018 10:34:54 PM helper.Helper InitDailyDestPrintDir
INFOS: File 2018_01_04.log already exists.Print directory [.\print\2018_01_04] already exist!
Print sub directory [.\print\2018_01_04.\open_sheet] already exist!
Print sub directory [.\print\2018_01_04.\closing_sheet] already exist!
Print sub directory [.\print\2018_01_04.\picking_label] already exist!
Print sub directory [.\print\2018_01_04.\dispatch_label] already exist!

janv. 04, 2018 10:34:56 PM entity.ConfigProject select
INFOS: FROM ConfigProject bp ORDER BY harnessType ASC
janv. 04, 2018 10:34:56 PM entity.ConfigProject select
INFOS: FROM ConfigProject bp ORDER BY harnessType ASC
janv. 04, 2018 10:34:59 PM gui.packaging.mode1.state.Mode1_S010_UserCodeScan doAction
INFOS: Invalid matricule number or account locked !
janv. 04, 2018 10:35:00 PM gui.packaging.mode1.gui.PACKAGING_UI0002_PasswordRequest_Mode1 connect_to_mode1
INFOS: User EZZIOURI OUSSAMA / ezou1001 connected to host Oussama-PC at 2018-01-04 22:35:00 Project : DUCATI.
janv. 04, 2018 10:35:00 PM gui.packaging.mode1.gui.PACKAGING_UI0002_PasswordRequest_Mode1 loadDotMatrixCodePatterns
INFOS: FROM ConfigBarcode cb WHERE cb.keyWord = :keyWord AND cb.harness_type = :harnessType ORDER BY id ASC
janv. 04, 2018 10:35:00 PM gui.packaging.mode1.gui.PACKAGING_UI0002_PasswordRequest_Mode1 loadPartNumberCodePatterns
INFOS: FROM ConfigBarcode cb WHERE cb.keyWord = :keyWord AND cb.harness_type = :harnessType ORDER BY id ASC
janv. 04, 2018 10:35:39 PM gui.packaging.mode1.state.Mode1_S020_PalletChoice doAction
INFOS: Is it a new pallet ?
janv. 04, 2018 10:35:39 PM gui.packaging.mode1.state.Mode1_S020_PalletChoice doAction
AVERTISSEMENT: No pallet found for this number 5101C861D !
janv. 04, 2018 10:41:04 PM helper.Helper InitDailyDestPrintDir
INFOS: File 2018_01_04.log already exists.Print directory [.\print\2018_01_04] already exist!
Print sub directory [.\print\2018_01_04.\open_sheet] already exist!
Print sub directory [.\print\2018_01_04.\closing_sheet] already exist!
Print sub directory [.\print\2018_01_04.\picking_label] already exist!
Print sub directory [.\print\2018_01_04.\dispatch_label] already exist!

janv. 04, 2018 10:41:06 PM entity.ConfigProject select
INFOS: FROM ConfigProject bp ORDER BY harnessType ASC
janv. 04, 2018 10:41:06 PM entity.ConfigProject select
INFOS: FROM ConfigProject bp ORDER BY harnessType ASC
janv. 04, 2018 10:41:08 PM gui.packaging.mode1.state.Mode1_S010_UserCodeScan doAction
INFOS: Invalid matricule number or account locked !
janv. 04, 2018 10:41:09 PM gui.packaging.mode1.gui.PACKAGING_UI0002_PasswordRequest_Mode1 connect_to_mode1
INFOS: User EZZIOURI OUSSAMA / ezou1001 connected to host Oussama-PC at 2018-01-04 22:41:09 Project : DUCATI.
janv. 04, 2018 10:41:09 PM gui.packaging.mode1.gui.PACKAGING_UI0002_PasswordRequest_Mode1 loadDotMatrixCodePatterns
INFOS: FROM ConfigBarcode cb WHERE cb.keyWord = :keyWord AND cb.harness_type = :harnessType ORDER BY id ASC
janv. 04, 2018 10:41:09 PM gui.packaging.mode1.gui.PACKAGING_UI0002_PasswordRequest_Mode1 loadPartNumberCodePatterns
INFOS: FROM ConfigBarcode cb WHERE cb.keyWord = :keyWord AND cb.harness_type = :harnessType ORDER BY id ASC
janv. 04, 2018 10:41:21 PM entity.ConfigUcs isHarnessPartExist
INFOS: Searching Harness part [5101C861D] in ConfigUCS: DUCATI
janv. 04, 2018 10:41:21 PM entity.ConfigUcs isHarnessPartExist
INFOS: Harness part [5101C861D] found for project [DUCATI].
janv. 04, 2018 10:41:21 PM gui.packaging.mode1.state.Mode1_S021_HarnessPartScan doAction
INFOS: Harness Part scanned [5101C861D] OK.
janv. 04, 2018 10:41:36 PM entity.ConfigUcs isHarnessPartExist
INFOS: Searching Harness part [5101C861D] in ConfigUCS: DUCATI
janv. 04, 2018 10:41:36 PM entity.ConfigUcs isHarnessPartExist
INFOS: Harness part [5101C861D] found for project [DUCATI].
janv. 04, 2018 10:41:36 PM gui.packaging.mode1.state.Mode1_S021_HarnessPartScan doAction
INFOS: Harness Part scanned [5101C861D] OK.
janv. 04, 2018 10:41:41 PM entity.BaseHarness isCounterExist
INFOS: Searching Harness counter [5101C861D201712210000000001] in BaseHarness.
janv. 04, 2018 10:41:41 PM entity.BaseHarness isCounterExist
INFOS: FROM BaseHarness bh WHERE bh.counter = :counter
janv. 04, 2018 10:41:43 PM entity.BaseHarness getHarnessByCounter
INFOS: FROM BaseHarness bh WHERE bh.counter = :counter
janv. 04, 2018 10:41:48 PM entity.BaseHarness isCounterExist
INFOS: Searching Harness counter [5101C861D201712210000000002] in BaseHarness.
janv. 04, 2018 10:41:48 PM entity.BaseHarness isCounterExist
INFOS: FROM BaseHarness bh WHERE bh.counter = :counter
janv. 04, 2018 10:41:48 PM gui.packaging.mode1.state.Mode1_S030_MatrixIdScan doAction
INFOS: Valid Harness Counter scanned [5101C861D201712210000000002] OK.
janv. 04, 2018 10:41:48 PM gui.packaging.mode1.state.Mode1_S030_MatrixIdScan addPieceToContainer
INFOS: Hostname check OK
janv. 04, 2018 10:41:48 PM gui.packaging.mode1.state.Mode1_S030_MatrixIdScan addPieceToContainer
INFOS: Pallet values 
janv. 04, 2018 10:41:48 PM gui.packaging.mode1.state.Mode1_S030_MatrixIdScan addPieceToContainer
INFOS: State           :   [true]
janv. 04, 2018 10:41:48 PM gui.packaging.mode1.state.Mode1_S030_MatrixIdScan addPieceToContainer
INFOS: Qty Expected    :   [3]
janv. 04, 2018 10:41:48 PM gui.packaging.mode1.state.Mode1_S030_MatrixIdScan addPieceToContainer
INFOS: Qty Read        :   [1]
janv. 04, 2018 10:41:48 PM gui.packaging.mode1.state.Mode1_S030_MatrixIdScan addPieceToContainer
INFOS: Std Time        :   [0.0]
janv. 04, 2018 10:41:48 PM gui.packaging.mode1.state.Mode1_S030_MatrixIdScan addPieceToContainer
INFOS: Harness Part [5101C861D] = Context Harness Part [5101C861D]
janv. 04, 2018 10:41:48 PM gui.packaging.mode1.state.Mode1_S030_MatrixIdScan addPieceToContainer
INFOS: Harness Type [DUCATI] = Context Harness Type [DUCATI]
janv. 04, 2018 10:42:44 PM helper.Helper InitDailyDestPrintDir
INFOS: File 2018_01_04.log already exists.Print directory [.\print\2018_01_04] already exist!
Print sub directory [.\print\2018_01_04.\open_sheet] already exist!
Print sub directory [.\print\2018_01_04.\closing_sheet] already exist!
Print sub directory [.\print\2018_01_04.\picking_label] already exist!
Print sub directory [.\print\2018_01_04.\dispatch_label] already exist!

janv. 04, 2018 10:42:46 PM entity.ConfigProject select
INFOS: FROM ConfigProject bp ORDER BY harnessType ASC
janv. 04, 2018 10:42:46 PM entity.ConfigProject select
INFOS: FROM ConfigProject bp ORDER BY harnessType ASC
janv. 04, 2018 10:42:49 PM gui.packaging.mode1.state.Mode1_S010_UserCodeScan doAction
INFOS: Invalid matricule number or account locked !
janv. 04, 2018 10:42:50 PM gui.packaging.mode1.gui.PACKAGING_UI0002_PasswordRequest_Mode1 connect_to_mode1
INFOS: User EZZIOURI OUSSAMA / ezou1001 connected to host Oussama-PC at 2018-01-04 22:42:50 Project : DUCATI.
janv. 04, 2018 10:42:50 PM gui.packaging.mode1.gui.PACKAGING_UI0002_PasswordRequest_Mode1 loadDotMatrixCodePatterns
INFOS: FROM ConfigBarcode cb WHERE cb.keyWord = :keyWord AND cb.harness_type = :harnessType ORDER BY id ASC
janv. 04, 2018 10:42:50 PM gui.packaging.mode1.gui.PACKAGING_UI0002_PasswordRequest_Mode1 loadPartNumberCodePatterns
INFOS: FROM ConfigBarcode cb WHERE cb.keyWord = :keyWord AND cb.harness_type = :harnessType ORDER BY id ASC
janv. 04, 2018 10:43:00 PM entity.ConfigUcs isHarnessPartExist
INFOS: Searching Harness part [5101C861D] in ConfigUCS: DUCATI
janv. 04, 2018 10:43:00 PM entity.ConfigUcs isHarnessPartExist
INFOS: Harness part [5101C861D] found for project [DUCATI].
janv. 04, 2018 10:43:00 PM gui.packaging.mode1.state.Mode1_S021_HarnessPartScan doAction
INFOS: Harness Part scanned [5101C861D] OK.
janv. 04, 2018 10:43:10 PM entity.ConfigUcs isHarnessPartExist
INFOS: Searching Harness part [5101C861D] in ConfigUCS: DUCATI
janv. 04, 2018 10:43:10 PM entity.ConfigUcs isHarnessPartExist
INFOS: Harness part [5101C861D] found for project [DUCATI].
janv. 04, 2018 10:43:10 PM gui.packaging.mode1.state.Mode1_S021_HarnessPartScan doAction
INFOS: Harness Part scanned [5101C861D] OK.
janv. 04, 2018 10:43:15 PM entity.BaseHarness isCounterExist
INFOS: Searching Harness counter [5101C861D201712210000000002] in BaseHarness.
janv. 04, 2018 10:43:15 PM entity.BaseHarness isCounterExist
INFOS: FROM BaseHarness bh WHERE bh.counter = :counter
janv. 04, 2018 10:43:16 PM entity.BaseHarness getHarnessByCounter
INFOS: FROM BaseHarness bh WHERE bh.counter = :counter
janv. 04, 2018 10:43:19 PM entity.BaseHarness isCounterExist
INFOS: Searching Harness counter [5101C861D201712210000000003] in BaseHarness.
janv. 04, 2018 10:43:19 PM entity.BaseHarness isCounterExist
INFOS: FROM BaseHarness bh WHERE bh.counter = :counter
janv. 04, 2018 10:43:20 PM gui.packaging.mode1.state.Mode1_S030_MatrixIdScan doAction
INFOS: Valid Harness Counter scanned [5101C861D201712210000000003] OK.
janv. 04, 2018 10:43:20 PM gui.packaging.mode1.state.Mode1_S030_MatrixIdScan addPieceToContainer
INFOS: Hostname check OK
janv. 04, 2018 10:43:20 PM gui.packaging.mode1.state.Mode1_S030_MatrixIdScan addPieceToContainer
INFOS: Pallet values 
janv. 04, 2018 10:43:20 PM gui.packaging.mode1.state.Mode1_S030_MatrixIdScan addPieceToContainer
INFOS: State           :   [true]
janv. 04, 2018 10:43:20 PM gui.packaging.mode1.state.Mode1_S030_MatrixIdScan addPieceToContainer
INFOS: Qty Expected    :   [3]
janv. 04, 2018 10:43:20 PM gui.packaging.mode1.state.Mode1_S030_MatrixIdScan addPieceToContainer
INFOS: Qty Read        :   [2]
janv. 04, 2018 10:43:20 PM gui.packaging.mode1.state.Mode1_S030_MatrixIdScan addPieceToContainer
INFOS: Std Time        :   [0.0]
janv. 04, 2018 10:43:20 PM gui.packaging.mode1.state.Mode1_S030_MatrixIdScan addPieceToContainer
INFOS: Harness Part [5101C861D] = Context Harness Part [5101C861D]
janv. 04, 2018 10:43:20 PM gui.packaging.mode1.state.Mode1_S030_MatrixIdScan addPieceToContainer
INFOS: Harness Type [DUCATI] = Context Harness Type [DUCATI]
janv. 04, 2018 10:43:20 PM gui.packaging.mode1.state.Mode1_S030_MatrixIdScan addPieceToContainer
INFOS: Quantit termine BaseContainer{id=34872, createTime=2018-01-04 22:10:40.0, writeTime=Thu Jan 04 22:43:20 WET 2018, createId=58, writeId=null, user=ezou1001, createUser=EZZIOURI OUSSAMA, startTime=2018-01-04 22:10:40.0, closedTime=null, workTime=null, palletNumber=200035330, harnessPart=5101C861D, harnessIndex=1D, supplierPartNumber=26F139204, qtyExpected=3, qtyRead=2, containerState=OPEN, containerStateCode=1000, packType=C11, harnessType=DUCATI, stdTime=0.0, workstation=Oussama-PC, harnessList=[entity.BaseHarness@1fcd81c, entity.BaseHarness@9ba2ff, entity.BaseHarness@55271f]}
janv. 04, 2018 10:43:20 PM helper.Helper InitDailyDestPrintDir
INFOS: File 2018_01_04.log already exists.Print directory [.\print\2018_01_04] already exist!
Print sub directory [.\print\2018_01_04.\open_sheet] already exist!
Print sub directory [.\print\2018_01_04.\closing_sheet] already exist!
Print sub directory [.\print\2018_01_04.\picking_label] already exist!
Print sub directory [.\print\2018_01_04.\dispatch_label] already exist!
Print directory [.\print\2018_01_04] already exist!
Print sub directory [.\print\2018_01_04.\open_sheet] already exist!
Print sub directory [.\print\2018_01_04.\closing_sheet] already exist!
Print sub directory [.\print\2018_01_04.\picking_label] already exist!
Print sub directory [.\print\2018_01_04.\dispatch_label] already exist!

janv. 04, 2018 10:43:21 PM helper.PrinterHelper saveAndPrintClosingSheet
INFOS: Set Closing Pallet item [34487] state to [IN_PROCESS]
janv. 04, 2018 10:43:21 PM print.PrintClosingPallet_A5 sentToDefaultDesktopPrinter
INFOS: Sending [.\print\2018_01_04\closing_sheet\PrintClosingPallet_A5_5101C861D_2018_01_04_22_43_20.pdf] to the default printer...
janv. 04, 2018 10:43:21 PM print.PrintClosingPallet_A5 sentToDefaultDesktopPrinter
INFOS: File [%s] has been printed.
janv. 04, 2018 10:43:21 PM helper.PrinterHelper saveAndPrintClosingSheet
INFOS: Set Closing Pallet [34487] state to [PRINTED]
janv. 04, 2018 10:43:58 PM gui.packaging.mode1.state.Mode1_S050_ClosingPallet doAction
AVERTISSEMENT: Invalid CLOSE PALLET barcode [PLS200035330]!
janv. 04, 2018 10:46:25 PM helper.Helper InitDailyDestPrintDir
INFOS: File 2018_01_04.log already exists.Print directory [.\print\2018_01_04] already exist!
Print sub directory [.\print\2018_01_04.\open_sheet] already exist!
Print sub directory [.\print\2018_01_04.\closing_sheet] already exist!
Print sub directory [.\print\2018_01_04.\picking_label] already exist!
Print sub directory [.\print\2018_01_04.\dispatch_label] already exist!

janv. 04, 2018 10:46:26 PM entity.ConfigProject select
INFOS: FROM ConfigProject bp ORDER BY harnessType ASC
janv. 04, 2018 10:46:26 PM entity.ConfigProject select
INFOS: FROM ConfigProject bp ORDER BY harnessType ASC
janv. 04, 2018 10:46:30 PM gui.packaging.mode1.state.Mode1_S010_UserCodeScan doAction
INFOS: Invalid matricule number or account locked !
janv. 04, 2018 10:46:31 PM gui.packaging.mode1.gui.PACKAGING_UI0002_PasswordRequest_Mode1 connect_to_mode1
INFOS: User EZZIOURI OUSSAMA / ezou1001 connected to host Oussama-PC at 2018-01-04 22:46:31 Project : DUCATI.
janv. 04, 2018 10:46:31 PM gui.packaging.mode1.gui.PACKAGING_UI0002_PasswordRequest_Mode1 loadDotMatrixCodePatterns
INFOS: FROM ConfigBarcode cb WHERE cb.keyWord = :keyWord AND cb.harness_type = :harnessType ORDER BY id ASC
janv. 04, 2018 10:46:31 PM gui.packaging.mode1.gui.PACKAGING_UI0002_PasswordRequest_Mode1 loadPartNumberCodePatterns
INFOS: FROM ConfigBarcode cb WHERE cb.keyWord = :keyWord AND cb.harness_type = :harnessType ORDER BY id ASC
janv. 04, 2018 10:46:39 PM entity.ConfigUcs isHarnessPartExist
INFOS: Searching Harness part [5101C861D] in ConfigUCS: DUCATI
janv. 04, 2018 10:46:39 PM entity.ConfigUcs isHarnessPartExist
INFOS: Harness part [5101C861D] found for project [DUCATI].
janv. 04, 2018 10:46:39 PM gui.packaging.mode1.state.Mode1_S021_HarnessPartScan doAction
INFOS: Harness Part scanned [5101C861D] OK.
janv. 04, 2018 10:46:44 PM entity.ConfigUcs isHarnessPartExist
INFOS: Searching Harness part [5101C861D] in ConfigUCS: DUCATI
janv. 04, 2018 10:46:44 PM entity.ConfigUcs isHarnessPartExist
INFOS: Harness part [5101C861D] found for project [DUCATI].
janv. 04, 2018 10:46:44 PM gui.packaging.mode1.state.Mode1_S021_HarnessPartScan doAction
INFOS: Harness Part scanned [5101C861D] OK.
janv. 04, 2018 10:46:49 PM entity.BaseHarness isCounterExist
INFOS: Searching Harness counter [5101C861D201712210000000004] in BaseHarness.
janv. 04, 2018 10:46:49 PM entity.BaseHarness isCounterExist
INFOS: FROM BaseHarness bh WHERE bh.counter = :counter
janv. 04, 2018 10:46:49 PM gui.packaging.mode1.state.Mode1_S030_MatrixIdScan doAction
INFOS: Valid Harness Counter scanned [5101C861D201712210000000004] OK.
janv. 04, 2018 10:47:22 PM entity.ConfigProject select
INFOS: FROM ConfigProject bp ORDER BY harnessType ASC
janv. 04, 2018 10:47:47 PM helper.Helper InitDailyDestPrintDir
INFOS: File 2018_01_04.log already exists.Print directory [.\print\2018_01_04] already exist!
Print sub directory [.\print\2018_01_04.\open_sheet] already exist!
Print sub directory [.\print\2018_01_04.\closing_sheet] already exist!
Print sub directory [.\print\2018_01_04.\picking_label] already exist!
Print sub directory [.\print\2018_01_04.\dispatch_label] already exist!
Print directory [.\print\2018_01_04] already exist!
Print sub directory [.\print\2018_01_04.\open_sheet] already exist!
Print sub directory [.\print\2018_01_04.\closing_sheet] already exist!
Print sub directory [.\print\2018_01_04.\picking_label] already exist!
Print sub directory [.\print\2018_01_04.\dispatch_label] already exist!

janv. 04, 2018 10:47:48 PM helper.PrinterHelper saveAndReprintOpenSheet
INFOS: Set Pallet [200035330] state to [IN_PROCESS]
janv. 04, 2018 10:47:48 PM print.PrintOpenPallet_A5 sentToDefaultDesktopPrinter
INFOS: Sending [.\print\2018_01_04\open_sheet\PrintOpenPallet_A5_2018_01_04_22_47_47_5101C861D_200035330.pdf] to the default printer...
janv. 04, 2018 10:47:48 PM print.PrintOpenPallet_A5 sentToDefaultDesktopPrinter
INFOS: File [.\print\2018_01_04\open_sheet\PrintOpenPallet_A5_2018_01_04_22_47_47_5101C861D_200035330.pdf] has been printed.
janv. 04, 2018 10:47:48 PM helper.PrinterHelper saveAndReprintOpenSheet
INFOS: Set Pallet [200035330] state to [PRINTED]
janv. 04, 2018 10:48:27 PM entity.ConfigSegment select
INFOS: FROM ConfigSegment bp ORDER BY segment ASC
janv. 04, 2018 10:48:29 PM entity.ConfigSegment select
INFOS: FROM ConfigSegment bp ORDER BY segment ASC
janv. 04, 2018 10:48:29 PM entity.ConfigWorkplace select
INFOS: FROM ConfigWorkplace bp ORDER BY workplace ASC
