déc. 27, 2016 9:43:53 PM helper.Helper InitDailyDestPrintDir
INFOS: Print directory [.\print\2016_12_27] is created!
Print sub directory [.\print\2016_12_27.\open_sheet] is created!
Print sub directory [.\print\2016_12_27.\closing_sheet] is created!
Print sub directory [.\print\2016_12_27.\picking_label] is created!
Print sub directory [.\print\2016_12_27.\dispatch_label] is created!

déc. 27, 2016 9:44:01 PM gui.packaging.PACKAGING_UI0001_Main loadBarcodeConfig
INFOS: FROM ConfigBarcode cb WHERE cb.keyWord = :keyWord ORDER BY id ASC
déc. 27, 2016 9:44:01 PM entity.ConfigProject select
INFOS: FROM ConfigProject bp ORDER BY harnessType ASC
déc. 27, 2016 9:44:01 PM entity.ConfigProject select
INFOS: FROM ConfigProject bp ORDER BY harnessType ASC
déc. 27, 2016 9:44:13 PM gui.packaging.PACKAGING_UI0002_PasswordRequest connect
INFOS: User Admin   / 9999 connected to host O-EZZIOURI at 2016-12-27 21:44:13 Project : ENGINE.
déc. 27, 2016 9:44:20 PM entity.ConfigSegment select
INFOS: FROM ConfigSegment bp ORDER BY segment ASC
déc. 27, 2016 9:44:36 PM entity.ConfigSegment select
INFOS: FROM ConfigSegment bp ORDER BY segment ASC
déc. 27, 2016 9:44:36 PM entity.ConfigWorkplace select
INFOS: FROM ConfigWorkplace bp ORDER BY workplace ASC
déc. 27, 2016 9:44:53 PM entity.ConfigSegment select
INFOS: FROM ConfigSegment bp ORDER BY segment ASC
déc. 27, 2016 9:44:53 PM entity.ConfigWorkplace select
INFOS: FROM ConfigWorkplace bp ORDER BY workplace ASC
déc. 27, 2016 9:45:04 PM entity.ConfigSegment select
INFOS: FROM ConfigSegment bp ORDER BY segment ASC
déc. 27, 2016 9:45:04 PM entity.ConfigWorkplace select
INFOS: FROM ConfigWorkplace bp ORDER BY workplace ASC
déc. 27, 2016 9:45:04 PM entity.ConfigSegment select
INFOS: FROM ConfigSegment bp ORDER BY segment ASC
déc. 27, 2016 9:45:04 PM entity.ConfigWorkplace select
INFOS: FROM ConfigWorkplace bp ORDER BY workplace ASC
déc. 27, 2016 9:45:06 PM entity.ConfigSegment select
INFOS: FROM ConfigSegment bp ORDER BY segment ASC
déc. 27, 2016 9:45:06 PM entity.ConfigWorkplace select
INFOS: FROM ConfigWorkplace bp ORDER BY workplace ASC
déc. 27, 2016 9:45:06 PM entity.ConfigSegment select
INFOS: FROM ConfigSegment bp ORDER BY segment ASC
déc. 27, 2016 9:45:06 PM entity.ConfigWorkplace select
INFOS: FROM ConfigWorkplace bp ORDER BY workplace ASC
déc. 27, 2016 10:03:26 PM helper.Helper InitDailyDestPrintDir
INFOS: Print directory [.\print\2016_12_27] already exist!
Print sub directory [.\print\2016_12_27.\open_sheet] already exist!
Print sub directory [.\print\2016_12_27.\closing_sheet] already exist!
Print sub directory [.\print\2016_12_27.\picking_label] already exist!
Print sub directory [.\print\2016_12_27.\dispatch_label] already exist!

déc. 27, 2016 10:03:28 PM gui.packaging.PACKAGING_UI0001_Main loadBarcodeConfig
INFOS: FROM ConfigBarcode cb WHERE cb.keyWord = :keyWord ORDER BY id ASC
déc. 27, 2016 10:03:28 PM entity.ConfigProject select
INFOS: FROM ConfigProject bp ORDER BY harnessType ASC
déc. 27, 2016 10:03:28 PM entity.ConfigProject select
INFOS: FROM ConfigProject bp ORDER BY harnessType ASC
déc. 27, 2016 10:03:35 PM entity.ConfigSegment select
INFOS: FROM ConfigSegment bp ORDER BY segment ASC
déc. 27, 2016 10:03:39 PM entity.ConfigSegment select
INFOS: FROM ConfigSegment bp ORDER BY segment ASC
déc. 27, 2016 10:03:39 PM entity.ConfigWorkplace select
INFOS: FROM ConfigWorkplace bp ORDER BY workplace ASC
déc. 27, 2016 10:05:59 PM helper.Helper InitDailyDestPrintDir
INFOS: Print directory [.\print\2016_12_27] already exist!
Print sub directory [.\print\2016_12_27.\open_sheet] already exist!
Print sub directory [.\print\2016_12_27.\closing_sheet] already exist!
Print sub directory [.\print\2016_12_27.\picking_label] already exist!
Print sub directory [.\print\2016_12_27.\dispatch_label] already exist!

déc. 27, 2016 10:06:02 PM gui.packaging.PACKAGING_UI0001_Main loadBarcodeConfig
INFOS: FROM ConfigBarcode cb WHERE cb.keyWord = :keyWord ORDER BY id ASC
déc. 27, 2016 10:06:02 PM entity.ConfigProject select
INFOS: FROM ConfigProject bp ORDER BY harnessType ASC
déc. 27, 2016 10:06:02 PM entity.ConfigProject select
INFOS: FROM ConfigProject bp ORDER BY harnessType ASC
déc. 27, 2016 10:06:06 PM entity.ConfigSegment select
INFOS: FROM ConfigSegment bp ORDER BY segment ASC
déc. 27, 2016 10:06:17 PM entity.ConfigSegment select
INFOS: FROM ConfigSegment bp ORDER BY segment ASC
déc. 27, 2016 10:06:17 PM entity.ConfigWorkplace select
INFOS: FROM ConfigWorkplace bp ORDER BY workplace ASC
déc. 27, 2016 10:07:00 PM helper.Helper InitDailyDestPrintDir
INFOS: Print directory [.\print\2016_12_27] already exist!
Print sub directory [.\print\2016_12_27.\open_sheet] already exist!
Print sub directory [.\print\2016_12_27.\closing_sheet] already exist!
Print sub directory [.\print\2016_12_27.\picking_label] already exist!
Print sub directory [.\print\2016_12_27.\dispatch_label] already exist!

déc. 27, 2016 10:07:03 PM gui.packaging.PACKAGING_UI0001_Main loadBarcodeConfig
INFOS: FROM ConfigBarcode cb WHERE cb.keyWord = :keyWord ORDER BY id ASC
déc. 27, 2016 10:07:03 PM entity.ConfigProject select
INFOS: FROM ConfigProject bp ORDER BY harnessType ASC
déc. 27, 2016 10:07:03 PM entity.ConfigProject select
INFOS: FROM ConfigProject bp ORDER BY harnessType ASC
déc. 27, 2016 10:07:06 PM entity.ConfigSegment select
INFOS: FROM ConfigSegment bp ORDER BY segment ASC
déc. 27, 2016 10:07:12 PM entity.ConfigSegment select
INFOS: FROM ConfigSegment bp ORDER BY segment ASC
déc. 27, 2016 10:07:12 PM entity.ConfigWorkplace select
INFOS: FROM ConfigWorkplace bp ORDER BY workplace ASC
déc. 27, 2016 10:08:13 PM helper.Helper InitDailyDestPrintDir
INFOS: Print directory [.\print\2016_12_27] already exist!
Print sub directory [.\print\2016_12_27.\open_sheet] already exist!
Print sub directory [.\print\2016_12_27.\closing_sheet] already exist!
Print sub directory [.\print\2016_12_27.\picking_label] already exist!
Print sub directory [.\print\2016_12_27.\dispatch_label] already exist!

déc. 27, 2016 10:08:15 PM gui.packaging.PACKAGING_UI0001_Main loadBarcodeConfig
INFOS: FROM ConfigBarcode cb WHERE cb.keyWord = :keyWord ORDER BY id ASC
déc. 27, 2016 10:08:15 PM entity.ConfigProject select
INFOS: FROM ConfigProject bp ORDER BY harnessType ASC
déc. 27, 2016 10:08:15 PM entity.ConfigProject select
INFOS: FROM ConfigProject bp ORDER BY harnessType ASC
déc. 27, 2016 10:08:18 PM entity.ConfigSegment select
INFOS: FROM ConfigSegment bp ORDER BY segment ASC
déc. 27, 2016 10:08:25 PM entity.ConfigSegment select
INFOS: FROM ConfigSegment bp ORDER BY segment ASC
déc. 27, 2016 10:08:25 PM entity.ConfigWorkplace select
INFOS: FROM ConfigWorkplace bp ORDER BY workplace ASC
déc. 27, 2016 10:12:09 PM helper.Helper InitDailyDestPrintDir
INFOS: Print directory [.\print\2016_12_27] already exist!
Print sub directory [.\print\2016_12_27.\open_sheet] already exist!
Print sub directory [.\print\2016_12_27.\closing_sheet] already exist!
Print sub directory [.\print\2016_12_27.\picking_label] already exist!
Print sub directory [.\print\2016_12_27.\dispatch_label] already exist!

déc. 27, 2016 10:12:11 PM gui.packaging.PACKAGING_UI0001_Main loadBarcodeConfig
INFOS: FROM ConfigBarcode cb WHERE cb.keyWord = :keyWord ORDER BY id ASC
déc. 27, 2016 10:12:11 PM entity.ConfigProject select
INFOS: FROM ConfigProject bp ORDER BY harnessType ASC
déc. 27, 2016 10:12:11 PM entity.ConfigProject select
INFOS: FROM ConfigProject bp ORDER BY harnessType ASC
déc. 27, 2016 10:12:12 PM entity.ConfigSegment select
INFOS: FROM ConfigSegment bp ORDER BY segment ASC
déc. 27, 2016 10:12:16 PM entity.ConfigSegment select
INFOS: FROM ConfigSegment bp ORDER BY segment ASC
déc. 27, 2016 10:12:16 PM entity.ConfigWorkplace select
INFOS: FROM ConfigWorkplace bp ORDER BY workplace ASC
déc. 27, 2016 10:14:28 PM entity.ConfigSegment select
INFOS: FROM ConfigSegment bp ORDER BY segment ASC
déc. 27, 2016 10:14:28 PM entity.ConfigSegment select
INFOS: FROM ConfigSegment bp ORDER BY segment ASC
déc. 27, 2016 10:14:28 PM entity.ConfigWorkplace select
INFOS: FROM ConfigWorkplace bp ORDER BY workplace ASC
déc. 27, 2016 10:14:33 PM entity.ConfigSegment select
INFOS: FROM ConfigSegment bp ORDER BY segment ASC
déc. 27, 2016 10:14:33 PM entity.ConfigWorkplace select
INFOS: FROM ConfigWorkplace bp ORDER BY workplace ASC
déc. 27, 2016 10:14:38 PM entity.ConfigSegment select
INFOS: FROM ConfigSegment bp ORDER BY segment ASC
déc. 27, 2016 10:14:38 PM entity.ConfigWorkplace select
INFOS: FROM ConfigWorkplace bp ORDER BY workplace ASC
déc. 27, 2016 10:17:38 PM gui.packaging.PACKAGING_UI0001_Main loadBarcodeConfig
INFOS: FROM ConfigBarcode cb WHERE cb.keyWord = :keyWord ORDER BY id ASC
déc. 27, 2016 10:17:38 PM entity.ConfigProject select
INFOS: FROM ConfigProject bp ORDER BY harnessType ASC
déc. 27, 2016 10:17:38 PM entity.ConfigProject select
INFOS: FROM ConfigProject bp ORDER BY harnessType ASC
déc. 27, 2016 10:17:39 PM entity.ConfigSegment select
INFOS: FROM ConfigSegment bp ORDER BY segment ASC
déc. 27, 2016 10:17:39 PM entity.ConfigSegment select
INFOS: FROM ConfigSegment bp ORDER BY segment ASC
déc. 27, 2016 10:17:39 PM entity.ConfigWorkplace select
INFOS: FROM ConfigWorkplace bp ORDER BY workplace ASC
déc. 27, 2016 10:17:54 PM entity.ConfigSegment select
INFOS: FROM ConfigSegment bp ORDER BY segment ASC
déc. 27, 2016 10:17:54 PM entity.ConfigWorkplace select
INFOS: FROM ConfigWorkplace bp ORDER BY workplace ASC
déc. 27, 2016 10:18:03 PM entity.ConfigSegment select
INFOS: FROM ConfigSegment bp ORDER BY segment ASC
déc. 27, 2016 10:18:03 PM entity.ConfigWorkplace select
INFOS: FROM ConfigWorkplace bp ORDER BY workplace ASC
déc. 27, 2016 10:18:08 PM entity.ConfigSegment select
INFOS: FROM ConfigSegment bp ORDER BY segment ASC
déc. 27, 2016 10:18:08 PM entity.ConfigWorkplace select
INFOS: FROM ConfigWorkplace bp ORDER BY workplace ASC
déc. 27, 2016 10:18:15 PM entity.ConfigSegment select
INFOS: FROM ConfigSegment bp ORDER BY segment ASC
déc. 27, 2016 10:18:15 PM entity.ConfigWorkplace select
INFOS: FROM ConfigWorkplace bp ORDER BY workplace ASC
déc. 27, 2016 10:18:18 PM entity.ConfigSegment select
INFOS: FROM ConfigSegment bp ORDER BY segment ASC
déc. 27, 2016 10:18:18 PM entity.ConfigWorkplace select
INFOS: FROM ConfigWorkplace bp ORDER BY workplace ASC
déc. 27, 2016 10:46:50 PM helper.Helper InitDailyDestPrintDir
INFOS: Print directory [.\print\2016_12_27] already exist!
Print sub directory [.\print\2016_12_27.\open_sheet] already exist!
Print sub directory [.\print\2016_12_27.\closing_sheet] already exist!
Print sub directory [.\print\2016_12_27.\picking_label] already exist!
Print sub directory [.\print\2016_12_27.\dispatch_label] already exist!

déc. 27, 2016 10:46:54 PM gui.packaging.PACKAGING_UI0001_Main loadBarcodeConfig
INFOS: FROM ConfigBarcode cb WHERE cb.keyWord = :keyWord ORDER BY id ASC
déc. 27, 2016 10:46:54 PM entity.ConfigProject select
INFOS: FROM ConfigProject bp ORDER BY harnessType ASC
déc. 27, 2016 10:46:54 PM entity.ConfigProject select
INFOS: FROM ConfigProject bp ORDER BY harnessType ASC
déc. 27, 2016 10:54:35 PM helper.Helper InitDailyDestPrintDir
INFOS: Print directory [.\print\2016_12_27] already exist!
Print sub directory [.\print\2016_12_27.\open_sheet] already exist!
Print sub directory [.\print\2016_12_27.\closing_sheet] already exist!
Print sub directory [.\print\2016_12_27.\picking_label] already exist!
Print sub directory [.\print\2016_12_27.\dispatch_label] already exist!

déc. 27, 2016 10:54:37 PM gui.packaging.PACKAGING_UI0001_Main loadBarcodeConfig
INFOS: FROM ConfigBarcode cb WHERE cb.keyWord = :keyWord ORDER BY id ASC
déc. 27, 2016 10:54:37 PM entity.ConfigProject select
INFOS: FROM ConfigProject bp ORDER BY harnessType ASC
déc. 27, 2016 10:54:37 PM entity.ConfigProject select
INFOS: FROM ConfigProject bp ORDER BY harnessType ASC
déc. 27, 2016 10:55:45 PM helper.Helper InitDailyDestPrintDir
INFOS: Print directory [.\print\2016_12_27] already exist!
Print sub directory [.\print\2016_12_27.\open_sheet] already exist!
Print sub directory [.\print\2016_12_27.\closing_sheet] already exist!
Print sub directory [.\print\2016_12_27.\picking_label] already exist!
Print sub directory [.\print\2016_12_27.\dispatch_label] already exist!

déc. 27, 2016 10:55:48 PM gui.packaging.PACKAGING_UI0001_Main loadBarcodeConfig
INFOS: FROM ConfigBarcode cb WHERE cb.keyWord = :keyWord ORDER BY id ASC
déc. 27, 2016 10:55:48 PM entity.ConfigProject select
INFOS: FROM ConfigProject bp ORDER BY harnessType ASC
déc. 27, 2016 10:55:48 PM entity.ConfigProject select
INFOS: FROM ConfigProject bp ORDER BY harnessType ASC
déc. 27, 2016 10:55:50 PM entity.ConfigSegment select
INFOS: FROM ConfigSegment bp ORDER BY segment ASC
déc. 27, 2016 10:55:50 PM entity.ConfigSegment select
INFOS: FROM ConfigSegment bp ORDER BY segment ASC
déc. 27, 2016 10:55:50 PM entity.ConfigWorkplace select
INFOS: FROM ConfigWorkplace bp ORDER BY workplace ASC
déc. 27, 2016 10:55:58 PM entity.ConfigWorkplace selectBySegment
INFOS: FROM ConfigWorkplace bp WHERE segment = :segment ORDER BY workplace ASC
déc. 27, 2016 10:55:59 PM entity.ConfigWorkplace selectBySegment
INFOS: FROM ConfigWorkplace bp WHERE segment = :segment ORDER BY workplace ASC
déc. 27, 2016 10:55:59 PM entity.ConfigWorkplace selectBySegment
INFOS: FROM ConfigWorkplace bp WHERE segment = :segment ORDER BY workplace ASC
déc. 27, 2016 10:55:59 PM entity.ConfigWorkplace selectBySegment
INFOS: FROM ConfigWorkplace bp WHERE segment = :segment ORDER BY workplace ASC
déc. 27, 2016 10:55:59 PM entity.ConfigWorkplace selectBySegment
INFOS: FROM ConfigWorkplace bp WHERE segment = :segment ORDER BY workplace ASC
déc. 27, 2016 10:55:59 PM entity.ConfigWorkplace selectBySegment
INFOS: FROM ConfigWorkplace bp WHERE segment = :segment ORDER BY workplace ASC
déc. 27, 2016 10:56:02 PM entity.ConfigWorkplace selectBySegment
INFOS: FROM ConfigWorkplace bp WHERE segment = :segment ORDER BY workplace ASC
déc. 27, 2016 10:56:02 PM entity.ConfigWorkplace selectBySegment
INFOS: FROM ConfigWorkplace bp WHERE segment = :segment ORDER BY workplace ASC
déc. 27, 2016 10:56:02 PM entity.ConfigWorkplace selectBySegment
INFOS: FROM ConfigWorkplace bp WHERE segment = :segment ORDER BY workplace ASC
déc. 27, 2016 10:56:03 PM entity.ConfigWorkplace selectBySegment
INFOS: FROM ConfigWorkplace bp WHERE segment = :segment ORDER BY workplace ASC
déc. 27, 2016 10:56:03 PM entity.ConfigWorkplace selectBySegment
INFOS: FROM ConfigWorkplace bp WHERE segment = :segment ORDER BY workplace ASC
déc. 27, 2016 10:56:03 PM entity.ConfigWorkplace selectBySegment
INFOS: FROM ConfigWorkplace bp WHERE segment = :segment ORDER BY workplace ASC
déc. 27, 2016 10:56:05 PM entity.ConfigSegment select
INFOS: FROM ConfigSegment bp ORDER BY segment ASC
déc. 27, 2016 10:56:05 PM entity.ConfigWorkplace select
INFOS: FROM ConfigWorkplace bp ORDER BY workplace ASC
déc. 27, 2016 10:56:05 PM entity.ConfigSegment select
INFOS: FROM ConfigSegment bp ORDER BY segment ASC
déc. 27, 2016 10:56:05 PM entity.ConfigWorkplace select
INFOS: FROM ConfigWorkplace bp ORDER BY workplace ASC
