avr. 06, 2016 10:26:11 AM helper.Helper InitDailyDestPrintDir
INFOS: Print directory [.\print\2016_04_06] is created!
Print sub directory [.\print\2016_04_06.\open_sheet] is created!
Print sub directory [.\print\2016_04_06.\closing_sheet] is created!
Print sub directory [.\print\2016_04_06.\picking_label] is created!

avr. 06, 2016 10:26:27 AM entity.BaseContainer checkContainerByState
INFOS: Searching Container [200000254] in BaseContainer.
avr. 06, 2016 10:26:27 AM entity.BaseContainer checkContainerByState
INFOS: FROM BaseContainer bc WHERE bc.palletNumber = :palletNumber AND bc.containerState = :state
avr. 06, 2016 10:29:06 AM helper.Helper InitDailyDestPrintDir
INFOS: Print directory [.\print\2016_04_06] already exist!
Print sub directory [.\print\2016_04_06.\open_sheet] already exist!
Print sub directory [.\print\2016_04_06.\closing_sheet] already exist!
Print sub directory [.\print\2016_04_06.\picking_label] already exist!

avr. 06, 2016 10:31:52 AM helper.Helper InitDailyDestPrintDir
INFOS: Print directory [.\print\2016_04_06] already exist!
Print sub directory [.\print\2016_04_06.\open_sheet] already exist!
Print sub directory [.\print\2016_04_06.\closing_sheet] already exist!
Print sub directory [.\print\2016_04_06.\picking_label] already exist!

avr. 06, 2016 10:33:53 AM helper.Helper InitDailyDestPrintDir
INFOS: Print directory [.\print\2016_04_06] already exist!
Print sub directory [.\print\2016_04_06.\open_sheet] already exist!
Print sub directory [.\print\2016_04_06.\closing_sheet] already exist!
Print sub directory [.\print\2016_04_06.\picking_label] already exist!

avr. 06, 2016 10:46:48 AM helper.Helper InitDailyDestPrintDir
INFOS: Print directory [.\print\2016_04_06] already exist!
Print sub directory [.\print\2016_04_06.\open_sheet] already exist!
Print sub directory [.\print\2016_04_06.\closing_sheet] already exist!
Print sub directory [.\print\2016_04_06.\picking_label] already exist!

avr. 06, 2016 11:45:07 AM entity.ConfigProject select
INFOS: FROM ConfigProject bp ORDER BY harnessType ASC
avr. 06, 2016 11:45:07 AM entity.ConfigProject select
INFOS: FROM ConfigProject bp ORDER BY harnessType ASC
avr. 06, 2016 11:50:22 AM helper.Helper InitDailyDestPrintDir
INFOS: Print directory [.\print\2016_04_06] already exist!
Print sub directory [.\print\2016_04_06.\open_sheet] already exist!
Print sub directory [.\print\2016_04_06.\closing_sheet] already exist!
Print sub directory [.\print\2016_04_06.\picking_label] already exist!

avr. 06, 2016 11:50:34 AM entity.BaseContainer checkContainerByState
INFOS: Searching Container [200000253] in BaseContainer.
avr. 06, 2016 11:50:34 AM entity.BaseContainer checkContainerByState
INFOS: FROM BaseContainer bc WHERE bc.palletNumber = :palletNumber AND bc.containerState = :state
avr. 06, 2016 11:51:03 AM helper.Helper InitDailyDestPrintDir
INFOS: Print directory [.\print\2016_04_06] already exist!
Print sub directory [.\print\2016_04_06.\open_sheet] already exist!
Print sub directory [.\print\2016_04_06.\closing_sheet] already exist!
Print sub directory [.\print\2016_04_06.\picking_label] already exist!

avr. 06, 2016 11:51:10 AM entity.BaseContainer checkContainerByState
INFOS: Searching Container [200000253] in BaseContainer.
avr. 06, 2016 11:51:10 AM entity.BaseContainer checkContainerByState
INFOS: FROM BaseContainer bc WHERE bc.palletNumber = :palletNumber AND bc.containerState = :state
avr. 06, 2016 11:53:08 AM helper.Helper InitDailyDestPrintDir
INFOS: Print directory [.\print\2016_04_06] already exist!
Print sub directory [.\print\2016_04_06.\open_sheet] already exist!
Print sub directory [.\print\2016_04_06.\closing_sheet] already exist!
Print sub directory [.\print\2016_04_06.\picking_label] already exist!

avr. 06, 2016 11:54:30 AM entity.BaseContainer checkContainerByState
INFOS: Searching Container [200000253] in BaseContainer.
avr. 06, 2016 11:54:30 AM entity.BaseContainer checkContainerByState
INFOS: FROM BaseContainer bc WHERE bc.palletNumber = :palletNumber AND bc.containerState = :state
avr. 06, 2016 11:54:41 AM entity.BaseContainer checkContainerByState
INFOS: Searching Container [200000252] in BaseContainer.
avr. 06, 2016 11:54:41 AM entity.BaseContainer checkContainerByState
INFOS: FROM BaseContainer bc WHERE bc.palletNumber = :palletNumber AND bc.containerState = :state
avr. 06, 2016 11:59:55 AM helper.Helper InitDailyDestPrintDir
INFOS: Print directory [.\print\2016_04_06] already exist!
Print sub directory [.\print\2016_04_06.\open_sheet] already exist!
Print sub directory [.\print\2016_04_06.\closing_sheet] already exist!
Print sub directory [.\print\2016_04_06.\picking_label] already exist!

avr. 06, 2016 12:01:06 PM helper.Helper InitDailyDestPrintDir
INFOS: Print directory [.\print\2016_04_06] already exist!
Print sub directory [.\print\2016_04_06.\open_sheet] already exist!
Print sub directory [.\print\2016_04_06.\closing_sheet] already exist!
Print sub directory [.\print\2016_04_06.\picking_label] already exist!

avr. 06, 2016 12:02:27 PM helper.Helper InitDailyDestPrintDir
INFOS: Print directory [.\print\2016_04_06] already exist!
Print sub directory [.\print\2016_04_06.\open_sheet] already exist!
Print sub directory [.\print\2016_04_06.\closing_sheet] already exist!
Print sub directory [.\print\2016_04_06.\picking_label] already exist!

avr. 06, 2016 12:07:34 PM helper.Helper InitDailyDestPrintDir
INFOS: Print directory [.\print\2016_04_06] already exist!
Print sub directory [.\print\2016_04_06.\open_sheet] already exist!
Print sub directory [.\print\2016_04_06.\closing_sheet] already exist!
Print sub directory [.\print\2016_04_06.\picking_label] already exist!

avr. 06, 2016 12:08:15 PM entity.BaseContainer checkContainerByState
INFOS: Searching Container [200000251] in BaseContainer.
avr. 06, 2016 12:08:15 PM entity.BaseContainer checkContainerByState
INFOS: FROM BaseContainer bc WHERE bc.palletNumber = :palletNumber AND bc.containerState = :state
avr. 06, 2016 12:08:21 PM entity.BaseContainer checkContainerByState
INFOS: Searching Container [200000251] in BaseContainer.
avr. 06, 2016 12:08:21 PM entity.BaseContainer checkContainerByState
INFOS: FROM BaseContainer bc WHERE bc.palletNumber = :palletNumber AND bc.containerState = :state
avr. 06, 2016 12:09:55 PM helper.Helper InitDailyDestPrintDir
INFOS: Print directory [.\print\2016_04_06] already exist!
Print sub directory [.\print\2016_04_06.\open_sheet] already exist!
Print sub directory [.\print\2016_04_06.\closing_sheet] already exist!
Print sub directory [.\print\2016_04_06.\picking_label] already exist!

avr. 06, 2016 12:11:30 PM helper.Helper InitDailyDestPrintDir
INFOS: Print directory [.\print\2016_04_06] already exist!
Print sub directory [.\print\2016_04_06.\open_sheet] already exist!
Print sub directory [.\print\2016_04_06.\closing_sheet] already exist!
Print sub directory [.\print\2016_04_06.\picking_label] already exist!

avr. 06, 2016 12:12:52 PM helper.Helper InitDailyDestPrintDir
INFOS: Print directory [.\print\2016_04_06] already exist!
Print sub directory [.\print\2016_04_06.\open_sheet] already exist!
Print sub directory [.\print\2016_04_06.\closing_sheet] already exist!
Print sub directory [.\print\2016_04_06.\picking_label] already exist!

avr. 06, 2016 12:13:32 PM entity.BaseContainer checkContainerByState
INFOS: Searching Container [200000250] in BaseContainer.
avr. 06, 2016 12:13:32 PM entity.BaseContainer checkContainerByState
INFOS: FROM BaseContainer bc WHERE bc.palletNumber = :palletNumber AND bc.containerState = :state
avr. 06, 2016 12:14:35 PM helper.Helper InitDailyDestPrintDir
INFOS: Print directory [.\print\2016_04_06] already exist!
Print sub directory [.\print\2016_04_06.\open_sheet] already exist!
Print sub directory [.\print\2016_04_06.\closing_sheet] already exist!
Print sub directory [.\print\2016_04_06.\picking_label] already exist!

avr. 06, 2016 12:14:48 PM entity.BaseContainer checkContainerByState
INFOS: Searching Container [200000247] in BaseContainer.
avr. 06, 2016 12:14:49 PM entity.BaseContainer checkContainerByState
INFOS: FROM BaseContainer bc WHERE bc.palletNumber = :palletNumber AND bc.containerState = :state
avr. 06, 2016 12:16:31 PM helper.Helper InitDailyDestPrintDir
INFOS: Print directory [.\print\2016_04_06] already exist!
Print sub directory [.\print\2016_04_06.\open_sheet] already exist!
Print sub directory [.\print\2016_04_06.\closing_sheet] already exist!
Print sub directory [.\print\2016_04_06.\picking_label] already exist!

avr. 06, 2016 12:16:57 PM entity.BaseContainer checkContainerByState
INFOS: Searching Container [200000245] in BaseContainer.
avr. 06, 2016 12:16:57 PM entity.BaseContainer checkContainerByState
INFOS: FROM BaseContainer bc WHERE bc.palletNumber = :palletNumber AND bc.containerState = :state
avr. 06, 2016 12:18:42 PM helper.Helper InitDailyDestPrintDir
INFOS: Print directory [.\print\2016_04_06] already exist!
Print sub directory [.\print\2016_04_06.\open_sheet] already exist!
Print sub directory [.\print\2016_04_06.\closing_sheet] already exist!
Print sub directory [.\print\2016_04_06.\picking_label] already exist!

avr. 06, 2016 12:19:27 PM helper.Helper InitDailyDestPrintDir
INFOS: Print directory [.\print\2016_04_06] already exist!
Print sub directory [.\print\2016_04_06.\open_sheet] already exist!
Print sub directory [.\print\2016_04_06.\closing_sheet] already exist!
Print sub directory [.\print\2016_04_06.\picking_label] already exist!

avr. 06, 2016 12:19:53 PM entity.BaseContainer checkContainerByState
INFOS: Searching Container [200000244] in BaseContainer.
avr. 06, 2016 12:19:53 PM entity.BaseContainer checkContainerByState
INFOS: FROM BaseContainer bc WHERE bc.palletNumber = :palletNumber AND bc.containerState = :state
avr. 06, 2016 12:45:48 PM helper.Helper InitDailyDestPrintDir
INFOS: Print directory [.\print\2016_04_06] already exist!
Print sub directory [.\print\2016_04_06.\open_sheet] already exist!
Print sub directory [.\print\2016_04_06.\closing_sheet] already exist!
Print sub directory [.\print\2016_04_06.\picking_label] already exist!

avr. 06, 2016 12:46:31 PM helper.Helper InitDailyDestPrintDir
INFOS: Print directory [.\print\2016_04_06] already exist!
Print sub directory [.\print\2016_04_06.\open_sheet] already exist!
Print sub directory [.\print\2016_04_06.\closing_sheet] already exist!
Print sub directory [.\print\2016_04_06.\picking_label] already exist!

avr. 06, 2016 12:49:37 PM helper.Helper InitDailyDestPrintDir
INFOS: Print directory [.\print\2016_04_06] already exist!
Print sub directory [.\print\2016_04_06.\open_sheet] already exist!
Print sub directory [.\print\2016_04_06.\closing_sheet] already exist!
Print sub directory [.\print\2016_04_06.\picking_label] already exist!

avr. 06, 2016 12:56:16 PM helper.Helper InitDailyDestPrintDir
INFOS: Print directory [.\print\2016_04_06] already exist!
Print sub directory [.\print\2016_04_06.\open_sheet] already exist!
Print sub directory [.\print\2016_04_06.\closing_sheet] already exist!
Print sub directory [.\print\2016_04_06.\picking_label] already exist!

avr. 06, 2016 1:06:14 PM helper.Helper InitDailyDestPrintDir
INFOS: Print directory [.\print\2016_04_06] already exist!
Print sub directory [.\print\2016_04_06.\open_sheet] already exist!
Print sub directory [.\print\2016_04_06.\closing_sheet] already exist!
Print sub directory [.\print\2016_04_06.\picking_label] already exist!

avr. 06, 2016 1:06:16 PM entity.ConfigProject select
INFOS: FROM ConfigProject bp ORDER BY harnessType ASC
avr. 06, 2016 1:06:46 PM helper.Helper InitDailyDestPrintDir
INFOS: Print directory [.\print\2016_04_06] already exist!
Print sub directory [.\print\2016_04_06.\open_sheet] already exist!
Print sub directory [.\print\2016_04_06.\closing_sheet] already exist!
Print sub directory [.\print\2016_04_06.\picking_label] already exist!

avr. 06, 2016 2:43:09 PM entity.BaseContainer checkContainerByState
INFOS: Searching Container [200000243] in BaseContainer.
avr. 06, 2016 2:43:09 PM entity.BaseContainer checkContainerByState
INFOS: FROM BaseContainer bc WHERE bc.palletNumber = :palletNumber AND bc.containerState = :state
avr. 06, 2016 2:43:17 PM entity.ConfigProject select
INFOS: FROM ConfigProject bp ORDER BY harnessType ASC
avr. 06, 2016 2:43:22 PM entity.ConfigProject select
INFOS: FROM ConfigProject bp ORDER BY harnessType ASC
avr. 06, 2016 2:51:00 PM helper.Helper InitDailyDestPrintDir
INFOS: Print directory [.\print\2016_04_06] already exist!
Print sub directory [.\print\2016_04_06.\open_sheet] already exist!
Print sub directory [.\print\2016_04_06.\closing_sheet] already exist!
Print sub directory [.\print\2016_04_06.\picking_label] already exist!

avr. 06, 2016 2:52:37 PM entity.BaseContainer checkContainerByState
INFOS: Searching Container [200000250] in BaseContainer.
avr. 06, 2016 2:52:37 PM entity.BaseContainer checkContainerByState
INFOS: FROM BaseContainer bc WHERE bc.palletNumber = :palletNumber AND bc.containerState = :state
avr. 06, 2016 2:53:29 PM entity.BaseContainer checkContainerByState
INFOS: Searching Container [200000252] in BaseContainer.
avr. 06, 2016 2:53:29 PM entity.BaseContainer checkContainerByState
INFOS: FROM BaseContainer bc WHERE bc.palletNumber = :palletNumber AND bc.containerState = :state
avr. 06, 2016 3:22:59 PM helper.Helper InitDailyDestPrintDir
INFOS: Print directory [.\print\2016_04_06] already exist!
Print sub directory [.\print\2016_04_06.\open_sheet] already exist!
Print sub directory [.\print\2016_04_06.\closing_sheet] already exist!
Print sub directory [.\print\2016_04_06.\picking_label] already exist!

avr. 07, 2016 10:42:25 AM entity.ConfigProject select
INFOS: FROM ConfigProject bp ORDER BY harnessType ASC
