mai 14, 2017 6:33:14 PM helper.Helper InitDailyDestPrintDir
INFOS: Print directory [.\print\2017_05_14] is created!
Print sub directory [.\print\2017_05_14.\open_sheet] is created!
Print sub directory [.\print\2017_05_14.\closing_sheet] is created!
Print sub directory [.\print\2017_05_14.\picking_label] is created!
Print sub directory [.\print\2017_05_14.\dispatch_label] is created!

mai 14, 2017 6:34:04 PM helper.Helper InitDailyDestPrintDir
INFOS: Print directory [.\print\2017_05_14] already exist!
Print sub directory [.\print\2017_05_14.\open_sheet] already exist!
Print sub directory [.\print\2017_05_14.\closing_sheet] already exist!
Print sub directory [.\print\2017_05_14.\picking_label] already exist!
Print sub directory [.\print\2017_05_14.\dispatch_label] already exist!

mai 14, 2017 6:36:24 PM helper.Helper InitDailyDestPrintDir
INFOS: Print directory [.\print\2017_05_14] already exist!
Print sub directory [.\print\2017_05_14.\open_sheet] already exist!
Print sub directory [.\print\2017_05_14.\closing_sheet] already exist!
Print sub directory [.\print\2017_05_14.\picking_label] already exist!
Print sub directory [.\print\2017_05_14.\dispatch_label] already exist!

mai 14, 2017 6:36:32 PM gui.packaging_warehouse.PACKAGING_WAREHOUSE_UI0001_PasswordRequest connect
INFOS: User Admin   / 9999 connected to host O-EZZIOURI at 2017-05-14 18:36:32 Packaging warehouse interface : .
mai 14, 2017 6:37:19 PM helper.Helper InitDailyDestPrintDir
INFOS: Print directory [.\print\2017_05_14] already exist!
Print sub directory [.\print\2017_05_14.\open_sheet] already exist!
Print sub directory [.\print\2017_05_14.\closing_sheet] already exist!
Print sub directory [.\print\2017_05_14.\picking_label] already exist!
Print sub directory [.\print\2017_05_14.\dispatch_label] already exist!

mai 14, 2017 6:38:01 PM gui.packaging_warehouse.PACKAGING_WAREHOUSE_UI0001_PasswordRequest connect
INFOS: User Admin   / 9999 connected to host O-EZZIOURI at 2017-05-14 18:38:01 Packaging warehouse interface : .
mai 14, 2017 6:38:50 PM helper.Helper InitDailyDestPrintDir
INFOS: Print directory [.\print\2017_05_14] already exist!
Print sub directory [.\print\2017_05_14.\open_sheet] already exist!
Print sub directory [.\print\2017_05_14.\closing_sheet] already exist!
Print sub directory [.\print\2017_05_14.\picking_label] already exist!
Print sub directory [.\print\2017_05_14.\dispatch_label] already exist!

mai 14, 2017 6:38:58 PM gui.packaging_warehouse.PACKAGING_WAREHOUSE_UI0001_PasswordRequest connect
INFOS: User Admin   / 9999 connected to host O-EZZIOURI at 2017-05-14 18:38:58 Packaging warehouse interface : .
mai 14, 2017 6:41:25 PM helper.Helper InitDailyDestPrintDir
INFOS: Print directory [.\print\2017_05_14] already exist!
Print sub directory [.\print\2017_05_14.\open_sheet] already exist!
Print sub directory [.\print\2017_05_14.\closing_sheet] already exist!
Print sub directory [.\print\2017_05_14.\picking_label] already exist!
Print sub directory [.\print\2017_05_14.\dispatch_label] already exist!

mai 14, 2017 6:41:30 PM gui.packaging_warehouse.PACKAGING_WAREHOUSE_UI0001_PasswordRequest connect
INFOS: User Admin   / 9999 connected to host O-EZZIOURI at 2017-05-14 18:41:30 Packaging warehouse interface : .
mai 14, 2017 6:43:43 PM helper.Helper InitDailyDestPrintDir
INFOS: Print directory [.\print\2017_05_14] already exist!
Print sub directory [.\print\2017_05_14.\open_sheet] already exist!
Print sub directory [.\print\2017_05_14.\closing_sheet] already exist!
Print sub directory [.\print\2017_05_14.\picking_label] already exist!
Print sub directory [.\print\2017_05_14.\dispatch_label] already exist!

mai 14, 2017 6:43:47 PM gui.packaging_warehouse.PACKAGING_WAREHOUSE_UI0001_PasswordRequest connect
INFOS: User Admin   / 9999 connected to host O-EZZIOURI at 2017-05-14 18:43:47 Packaging warehouse interface : .
mai 14, 2017 6:46:40 PM helper.Helper InitDailyDestPrintDir
INFOS: Print directory [.\print\2017_05_14] already exist!
Print sub directory [.\print\2017_05_14.\open_sheet] already exist!
Print sub directory [.\print\2017_05_14.\closing_sheet] already exist!
Print sub directory [.\print\2017_05_14.\picking_label] already exist!
Print sub directory [.\print\2017_05_14.\dispatch_label] already exist!

mai 14, 2017 6:46:45 PM gui.packaging_warehouse.PACKAGING_WAREHOUSE_UI0001_PasswordRequest connect
INFOS: User Admin   / 9999 connected to host O-EZZIOURI at 2017-05-14 18:46:45 Packaging warehouse interface : .
mai 14, 2017 6:54:22 PM helper.Helper InitDailyDestPrintDir
INFOS: Print directory [.\print\2017_05_14] already exist!
Print sub directory [.\print\2017_05_14.\open_sheet] already exist!
Print sub directory [.\print\2017_05_14.\closing_sheet] already exist!
Print sub directory [.\print\2017_05_14.\picking_label] already exist!
Print sub directory [.\print\2017_05_14.\dispatch_label] already exist!

mai 14, 2017 6:54:26 PM gui.packaging_warehouse.PACKAGING_WAREHOUSE_UI0001_PasswordRequest connect
INFOS: User Admin   / 9999 connected to host O-EZZIOURI at 2017-05-14 18:54:26 Packaging warehouse interface : .
mai 14, 2017 6:56:40 PM gui.config.CONFIG_UI0000_AdminPassword checkLoginAndPass
INFOS: User Admin   / 9999 connected to host O-EZZIOURI at 2017-05-14 18:56:40 Module : Planner.
mai 14, 2017 7:00:02 PM helper.Helper InitDailyDestPrintDir
INFOS: Print directory [.\print\2017_05_14] already exist!
Print sub directory [.\print\2017_05_14.\open_sheet] already exist!
Print sub directory [.\print\2017_05_14.\closing_sheet] already exist!
Print sub directory [.\print\2017_05_14.\picking_label] already exist!
Print sub directory [.\print\2017_05_14.\dispatch_label] already exist!

mai 14, 2017 7:00:08 PM gui.packaging_warehouse.PACKAGING_WAREHOUSE_UI0001_PasswordRequest connect
INFOS: User Admin   / 9999 connected to host O-EZZIOURI at 2017-05-14 19:00:08 Packaging warehouse interface : .
mai 14, 2017 7:02:01 PM helper.Helper InitDailyDestPrintDir
INFOS: Print directory [.\print\2017_05_14] already exist!
Print sub directory [.\print\2017_05_14.\open_sheet] already exist!
Print sub directory [.\print\2017_05_14.\closing_sheet] already exist!
Print sub directory [.\print\2017_05_14.\picking_label] already exist!
Print sub directory [.\print\2017_05_14.\dispatch_label] already exist!

mai 14, 2017 7:02:06 PM gui.packaging_warehouse.PACKAGING_WAREHOUSE_UI0001_PasswordRequest connect
INFOS: User Admin   / 9999 connected to host O-EZZIOURI at 2017-05-14 19:02:06 Packaging warehouse interface : .
mai 14, 2017 7:04:07 PM helper.Helper InitDailyDestPrintDir
INFOS: Print directory [.\print\2017_05_14] already exist!
Print sub directory [.\print\2017_05_14.\open_sheet] already exist!
Print sub directory [.\print\2017_05_14.\closing_sheet] already exist!
Print sub directory [.\print\2017_05_14.\picking_label] already exist!
Print sub directory [.\print\2017_05_14.\dispatch_label] already exist!

mai 14, 2017 7:04:10 PM gui.packaging_warehouse.PACKAGING_WAREHOUSE_UI0001_PasswordRequest connect
INFOS: User Admin   / 9999 connected to host O-EZZIOURI at 2017-05-14 19:04:10 Packaging warehouse interface : .
mai 14, 2017 7:06:20 PM helper.Helper InitDailyDestPrintDir
INFOS: Print directory [.\print\2017_05_14] already exist!
Print sub directory [.\print\2017_05_14.\open_sheet] already exist!
Print sub directory [.\print\2017_05_14.\closing_sheet] already exist!
Print sub directory [.\print\2017_05_14.\picking_label] already exist!
Print sub directory [.\print\2017_05_14.\dispatch_label] already exist!

mai 14, 2017 7:06:28 PM gui.packaging_warehouse.PACKAGING_WAREHOUSE_UI0001_PasswordRequest connect
INFOS: User Admin   / 9999 connected to host O-EZZIOURI at 2017-05-14 19:06:28 Packaging warehouse interface : .
mai 14, 2017 7:31:15 PM helper.Helper InitDailyDestPrintDir
INFOS: Print directory [.\print\2017_05_14] already exist!
Print sub directory [.\print\2017_05_14.\open_sheet] already exist!
Print sub directory [.\print\2017_05_14.\closing_sheet] already exist!
Print sub directory [.\print\2017_05_14.\picking_label] already exist!
Print sub directory [.\print\2017_05_14.\dispatch_label] already exist!

mai 14, 2017 7:31:34 PM gui.packaging_warehouse.PACKAGING_WAREHOUSE_UI0001_PasswordRequest connect
INFOS: User Admin   / 9999 connected to host O-EZZIOURI at 2017-05-14 19:31:34 Packaging warehouse interface : .
mai 14, 2017 7:33:51 PM helper.Helper InitDailyDestPrintDir
INFOS: Print directory [.\print\2017_05_14] already exist!
Print sub directory [.\print\2017_05_14.\open_sheet] already exist!
Print sub directory [.\print\2017_05_14.\closing_sheet] already exist!
Print sub directory [.\print\2017_05_14.\picking_label] already exist!
Print sub directory [.\print\2017_05_14.\dispatch_label] already exist!

mai 14, 2017 7:33:55 PM gui.packaging_warehouse.PACKAGING_WAREHOUSE_UI0001_PasswordRequest connect
INFOS: User Admin   / 9999 connected to host O-EZZIOURI at 2017-05-14 19:33:55 Packaging warehouse interface : .
mai 14, 2017 7:36:32 PM helper.Helper InitDailyDestPrintDir
INFOS: Print directory [.\print\2017_05_14] already exist!
Print sub directory [.\print\2017_05_14.\open_sheet] already exist!
Print sub directory [.\print\2017_05_14.\closing_sheet] already exist!
Print sub directory [.\print\2017_05_14.\picking_label] already exist!
Print sub directory [.\print\2017_05_14.\dispatch_label] already exist!

mai 14, 2017 7:36:36 PM gui.packaging_warehouse.PACKAGING_WAREHOUSE_UI0001_PasswordRequest connect
INFOS: User Admin   / 9999 connected to host O-EZZIOURI at 2017-05-14 19:36:36 Packaging warehouse interface : .
mai 14, 2017 7:49:07 PM helper.Helper InitDailyDestPrintDir
INFOS: Print directory [.\print\2017_05_14] already exist!
Print sub directory [.\print\2017_05_14.\open_sheet] already exist!
Print sub directory [.\print\2017_05_14.\closing_sheet] already exist!
Print sub directory [.\print\2017_05_14.\picking_label] already exist!
Print sub directory [.\print\2017_05_14.\dispatch_label] already exist!

mai 14, 2017 7:49:14 PM gui.packaging_warehouse.PACKAGING_WAREHOUSE_UI0001_PasswordRequest connect
INFOS: User Admin   / 9999 connected to host O-EZZIOURI at 2017-05-14 19:49:14 Packaging warehouse interface : .
mai 14, 2017 7:52:29 PM helper.Helper InitDailyDestPrintDir
INFOS: Print directory [.\print\2017_05_14] already exist!
Print sub directory [.\print\2017_05_14.\open_sheet] already exist!
Print sub directory [.\print\2017_05_14.\closing_sheet] already exist!
Print sub directory [.\print\2017_05_14.\picking_label] already exist!
Print sub directory [.\print\2017_05_14.\dispatch_label] already exist!

mai 14, 2017 7:53:52 PM helper.Helper InitDailyDestPrintDir
INFOS: Print directory [.\print\2017_05_14] already exist!
Print sub directory [.\print\2017_05_14.\open_sheet] already exist!
Print sub directory [.\print\2017_05_14.\closing_sheet] already exist!
Print sub directory [.\print\2017_05_14.\picking_label] already exist!
Print sub directory [.\print\2017_05_14.\dispatch_label] already exist!

mai 14, 2017 7:53:57 PM gui.packaging_warehouse.PACKAGING_WAREHOUSE_UI0001_PasswordRequest connect
INFOS: User Admin   / 9999 connected to host O-EZZIOURI at 2017-05-14 19:53:57 Packaging warehouse interface : .
mai 14, 2017 8:10:34 PM helper.Helper InitDailyDestPrintDir
INFOS: Print directory [.\print\2017_05_14] already exist!
Print sub directory [.\print\2017_05_14.\open_sheet] already exist!
Print sub directory [.\print\2017_05_14.\closing_sheet] already exist!
Print sub directory [.\print\2017_05_14.\picking_label] already exist!
Print sub directory [.\print\2017_05_14.\dispatch_label] already exist!

mai 14, 2017 8:10:38 PM gui.packaging_warehouse.PACKAGING_WAREHOUSE_UI0001_PasswordRequest connect
INFOS: User Admin   / 9999 connected to host O-EZZIOURI at 2017-05-14 20:10:38 Packaging warehouse interface : .
mai 14, 2017 8:14:40 PM helper.Helper InitDailyDestPrintDir
INFOS: Print directory [.\print\2017_05_14] already exist!
Print sub directory [.\print\2017_05_14.\open_sheet] already exist!
Print sub directory [.\print\2017_05_14.\closing_sheet] already exist!
Print sub directory [.\print\2017_05_14.\picking_label] already exist!
Print sub directory [.\print\2017_05_14.\dispatch_label] already exist!

mai 14, 2017 8:15:02 PM gui.packaging_warehouse.PACKAGING_WAREHOUSE_UI0001_PasswordRequest connect
INFOS: User Admin   / 9999 connected to host O-EZZIOURI at 2017-05-14 20:15:02 Packaging warehouse interface : .
mai 14, 2017 8:17:32 PM helper.Helper InitDailyDestPrintDir
INFOS: Print directory [.\print\2017_05_14] already exist!
Print sub directory [.\print\2017_05_14.\open_sheet] already exist!
Print sub directory [.\print\2017_05_14.\closing_sheet] already exist!
Print sub directory [.\print\2017_05_14.\picking_label] already exist!
Print sub directory [.\print\2017_05_14.\dispatch_label] already exist!

mai 14, 2017 8:17:40 PM gui.packaging_warehouse.PACKAGING_WAREHOUSE_UI0001_PasswordRequest connect
INFOS: User Admin   / 9999 connected to host O-EZZIOURI at 2017-05-14 20:17:40 Packaging warehouse interface : .
mai 14, 2017 8:21:19 PM helper.Helper InitDailyDestPrintDir
INFOS: Print directory [.\print\2017_05_14] already exist!
Print sub directory [.\print\2017_05_14.\open_sheet] already exist!
Print sub directory [.\print\2017_05_14.\closing_sheet] already exist!
Print sub directory [.\print\2017_05_14.\picking_label] already exist!
Print sub directory [.\print\2017_05_14.\dispatch_label] already exist!

mai 14, 2017 8:21:24 PM gui.packaging_warehouse.PACKAGING_WAREHOUSE_UI0001_PasswordRequest connect
INFOS: User Admin   / 9999 connected to host O-EZZIOURI at 2017-05-14 20:21:24 Packaging warehouse interface : .
mai 14, 2017 8:21:57 PM helper.Helper InitDailyDestPrintDir
INFOS: Print directory [.\print\2017_05_14] already exist!
Print sub directory [.\print\2017_05_14.\open_sheet] already exist!
Print sub directory [.\print\2017_05_14.\closing_sheet] already exist!
Print sub directory [.\print\2017_05_14.\picking_label] already exist!
Print sub directory [.\print\2017_05_14.\dispatch_label] already exist!

mai 14, 2017 8:22:02 PM gui.packaging_warehouse.PACKAGING_WAREHOUSE_UI0001_PasswordRequest connect
INFOS: User Admin   / 9999 connected to host O-EZZIOURI at 2017-05-14 20:22:02 Packaging warehouse interface : .
