déc. 24, 2016 7:49:52 PM helper.Helper InitDailyDestPrintDir
INFOS: Print directory [.\print\2016_12_24] is created!
Print sub directory [.\print\2016_12_24.\open_sheet] is created!
Print sub directory [.\print\2016_12_24.\closing_sheet] is created!
Print sub directory [.\print\2016_12_24.\picking_label] is created!
Print sub directory [.\print\2016_12_24.\dispatch_label] is created!

déc. 24, 2016 7:50:01 PM gui.packaging.PACKAGING_UI0001_Main loadBarcodeConfig
INFOS: FROM ConfigBarcode cb WHERE cb.keyWord = :keyWord ORDER BY id ASC
déc. 24, 2016 7:50:01 PM entity.ConfigProject select
INFOS: FROM ConfigProject bp ORDER BY harnessType ASC
déc. 24, 2016 7:50:01 PM entity.ConfigProject select
INFOS: FROM ConfigProject bp ORDER BY harnessType ASC
déc. 24, 2016 7:51:04 PM gui.packaging.PACKAGING_UI0001_Main loadBarcodeConfig
INFOS: FROM ConfigBarcode cb WHERE cb.keyWord = :keyWord ORDER BY id ASC
déc. 24, 2016 7:51:04 PM entity.ConfigProject select
INFOS: FROM ConfigProject bp ORDER BY harnessType ASC
déc. 24, 2016 7:51:04 PM entity.ConfigProject select
INFOS: FROM ConfigProject bp ORDER BY harnessType ASC
déc. 24, 2016 7:51:23 PM gui.packaging.PACKAGING_UI0002_PasswordRequest connect
INFOS: User Admin   / 9999 connected to host O-EZZIOURI at 2016-12-24 19:51:23 Project : ENGINE.
déc. 24, 2016 7:51:51 PM entity.BaseHarness checkHarnessPartFormat
INFOS: Invalid Harness Part scanned [P2263088200000000000001] !
déc. 24, 2016 7:51:51 PM state.S020_HarnessPartScan doAction
AVERTISSEMENT: Invalid Harness Part scanned [P2263088200000000000001] !
déc. 24, 2016 7:51:59 PM entity.ConfigUcs isHarnessPartExist
INFOS: Searching Harness part [22630882] in ConfigUCS: ENGINE
déc. 24, 2016 7:51:59 PM entity.ConfigUcs isHarnessPartExist
INFOS: Harness part [22630882] found for project [ENGINE].
déc. 24, 2016 7:51:59 PM state.S020_HarnessPartScan doAction
INFOS: Harness Part scanned [P22630882] OK.
déc. 24, 2016 7:52:06 PM entity.BaseHarness isCounterExist
INFOS: Searching Harness counter [P2263088200000000000001] in BaseHarness.
déc. 24, 2016 7:52:06 PM entity.BaseHarness isCounterExist
INFOS: FROM BaseHarness bh WHERE bh.counter = :counter
déc. 24, 2016 7:52:07 PM state.S030_MatrixIdScan doAction
INFOS: Valid Harness Counter scanned [P2263088200000000000001] OK.
déc. 24, 2016 7:52:22 PM entity.BaseEngineLabel isLabelCodeExist
INFOS: Searching Engine Label code [12345678901] in BaseEngineLabel.
déc. 24, 2016 7:52:22 PM entity.BaseEngineLabel isLabelCodeExist
INFOS: FROM BaseEngineLabel bel WHERE bel.labelCode = :labelCode
déc. 24, 2016 7:52:22 PM entity.BaseEngineLabel isLabelCodeExist
INFOS: New label engine [12345678901]
déc. 24, 2016 7:52:22 PM state.S031_PlasticBagScan doAction
INFOS: First Valid Engine Label scanned [12345678901] OK.
déc. 24, 2016 7:52:28 PM entity.BaseEngineLabel isLabelCodeExist
INFOS: Searching Engine Label code [12345678902] in BaseEngineLabel.
déc. 24, 2016 7:52:28 PM entity.BaseEngineLabel isLabelCodeExist
INFOS: FROM BaseEngineLabel bel WHERE bel.labelCode = :labelCode
déc. 24, 2016 7:52:28 PM entity.BaseEngineLabel isLabelCodeExist
INFOS: New label engine [12345678902]
déc. 24, 2016 7:56:11 PM state.S040_PalletChoice doAction
INFOS: Is it a new pallet ?
déc. 24, 2016 7:56:11 PM state.S040_PalletChoice doAction
INFOS:  [Yes]
déc. 24, 2016 7:56:11 PM gui.packaging.PACKAGING_UI9000_ChoosePackType <init>
INFOS: Item found 22630882--26C36540B--P02--3RV--3--1.69--null--ENGINE--C3
déc. 24, 2016 7:56:11 PM gui.packaging.PACKAGING_UI9000_ChoosePackType <init>
INFOS: Item found 22630882--26C36540B--P02--3RV--24--1.69--C3--ENGINE--C3
déc. 24, 2016 7:56:11 PM gui.packaging.PACKAGING_UI9000_ChoosePackType <init>
INFOS: 2 UCS founds for Harness Part[22630882].
déc. 24, 2016 7:57:16 PM gui.packaging.PACKAGING_UI9000_ChoosePackType mappingContextVals
INFOS: Selected pack type : 22630882--26C36540B--P02--3RV--3--1.69--null--ENGINE--C3 
déc. 24, 2016 7:57:16 PM helper.Helper InitDailyDestPrintDir
INFOS: nullPrint directory [.\print\2016_12_24] already exist!
Print sub directory [.\print\2016_12_24.\open_sheet] already exist!
Print sub directory [.\print\2016_12_24.\closing_sheet] already exist!
Print sub directory [.\print\2016_12_24.\picking_label] already exist!
Print sub directory [.\print\2016_12_24.\dispatch_label] already exist!

déc. 24, 2016 7:57:16 PM helper.PrinterHelper saveAndPrintOpenSheet
INFOS: Set Pallet [200014781] state to [IN_PROCESS]
déc. 24, 2016 7:57:16 PM print.PrintOpenPallet_A5 sentToDefaultDesktopPrinter
INFOS: Sending [.\print\2016_12_24\open_sheet\PrintOpenPallet_A5_2016_12_24_19_57_16_22630882_200014781.pdf] to the default printer...
déc. 24, 2016 7:57:17 PM print.PrintOpenPallet_A5 sentToDefaultDesktopPrinter
INFOS: File [.\print\2016_12_24\open_sheet\PrintOpenPallet_A5_2016_12_24_19_57_16_22630882_200014781.pdf] has been printed.
déc. 24, 2016 7:57:17 PM helper.PrinterHelper saveAndPrintOpenSheet
INFOS: Set Pallet [200014781] state to [PRINTED]
déc. 24, 2016 7:57:17 PM gui.packaging.PACKAGING_UI9000_ChoosePackType loadConfigUcs
INFOS: Openning new container for first harness part [22630882].
déc. 24, 2016 7:59:17 PM state.S041_NewPalletScan doAction
INFOS: Scanned Pallet number [200014781] OK.
déc. 24, 2016 7:59:17 PM state.S041_NewPalletScan doAction
INFOS: BaseContainer created BaseContainer{id=14772, createTime=Sat Dec 24 19:59:17 WET 2016, writeTime=Sat Dec 24 19:59:17 WET 2016, createId=4, writeId=4, user=9999, createUser=Admin  , startTime=Sat Dec 24 19:59:17 WET 2016, completeTime=null, workTime=null, palletNumber=200014781, harnessPart=22630882, harnessIndex=P02, supplierPartNumber=26C36540B, qtyExpected=3, qtyRead=1, containerState=OPEN, containerStateCode=1000, packType=3RV, harnessType=ENGINE, stdTime=1.69, workstation=O-EZZIOURI, harnessList=[]} 
déc. 24, 2016 8:24:15 PM gui.packaging.PACKAGING_UI0001_Main loadBarcodeConfig
INFOS: FROM ConfigBarcode cb WHERE cb.keyWord = :keyWord ORDER BY id ASC
déc. 24, 2016 8:24:15 PM entity.ConfigProject select
INFOS: FROM ConfigProject bp ORDER BY harnessType ASC
déc. 24, 2016 8:24:15 PM entity.ConfigProject select
INFOS: FROM ConfigProject bp ORDER BY harnessType ASC
déc. 24, 2016 8:24:22 PM state.S010_UserCodeScan doAction
INFOS: Invalid matricule number or account locked !
déc. 24, 2016 8:24:43 PM state.S010_UserCodeScan doAction
INFOS: Invalid matricule number or account locked !
déc. 24, 2016 8:24:57 PM gui.packaging.PACKAGING_UI0002_PasswordRequest connect
INFOS: User Admin   / 9999 connected to host O-EZZIOURI at 2016-12-24 20:24:57 Project : ENGINE.
déc. 24, 2016 8:25:24 PM entity.BaseHarness checkHarnessPartFormat
INFOS: Invalid Harness Part scanned [P2263088200000000000002] !
déc. 24, 2016 8:25:24 PM state.S020_HarnessPartScan doAction
AVERTISSEMENT: Invalid Harness Part scanned [P2263088200000000000002] !
déc. 24, 2016 8:25:31 PM entity.ConfigUcs isHarnessPartExist
INFOS: Searching Harness part [22630882] in ConfigUCS: ENGINE
déc. 24, 2016 8:25:31 PM entity.ConfigUcs isHarnessPartExist
INFOS: Harness part [22630882] found for project [ENGINE].
déc. 24, 2016 8:25:31 PM state.S020_HarnessPartScan doAction
INFOS: Harness Part scanned [P22630882] OK.
déc. 24, 2016 8:25:36 PM entity.BaseHarness isCounterExist
INFOS: Searching Harness counter [P2263088200000000000002] in BaseHarness.
déc. 24, 2016 8:25:36 PM entity.BaseHarness isCounterExist
INFOS: FROM BaseHarness bh WHERE bh.counter = :counter
déc. 24, 2016 8:25:36 PM state.S030_MatrixIdScan doAction
INFOS: Valid Harness Counter scanned [P2263088200000000000002] OK.
déc. 24, 2016 8:25:52 PM entity.BaseEngineLabel isLabelCodeExist
INFOS: Searching Engine Label code [12345678903] in BaseEngineLabel.
déc. 24, 2016 8:25:52 PM entity.BaseEngineLabel isLabelCodeExist
INFOS: FROM BaseEngineLabel bel WHERE bel.labelCode = :labelCode
déc. 24, 2016 8:25:52 PM entity.BaseEngineLabel isLabelCodeExist
INFOS: New label engine [12345678903]
déc. 24, 2016 8:25:52 PM state.S031_PlasticBagScan doAction
INFOS: First Valid Engine Label scanned [12345678903] OK.
déc. 24, 2016 8:25:55 PM entity.BaseEngineLabel isLabelCodeExist
INFOS: Searching Engine Label code [12345678904] in BaseEngineLabel.
déc. 24, 2016 8:25:55 PM entity.BaseEngineLabel isLabelCodeExist
INFOS: FROM BaseEngineLabel bel WHERE bel.labelCode = :labelCode
déc. 24, 2016 8:25:55 PM entity.BaseEngineLabel isLabelCodeExist
INFOS: New label engine [12345678904]
déc. 24, 2016 8:30:52 PM state.S040_PalletChoice doAction
INFOS: Is it a new pallet ?
déc. 24, 2016 8:30:52 PM state.S040_PalletChoice doAction
INFOS:  [No]
déc. 24, 2016 8:30:52 PM state.S040_PalletChoice doAction
INFOS: Pallet values 
déc. 24, 2016 8:30:52 PM state.S040_PalletChoice doAction
INFOS: State           :   [true]
déc. 24, 2016 8:30:52 PM state.S040_PalletChoice doAction
INFOS: Qty Expected    :   [3]
déc. 24, 2016 8:30:52 PM state.S040_PalletChoice doAction
INFOS: Qty Read        :   [1]
déc. 24, 2016 8:30:52 PM state.S040_PalletChoice doAction
INFOS: Std Time        :   [1.69]
déc. 24, 2016 8:30:52 PM state.S040_PalletChoice doAction
INFOS: Harness Part [22630882] = Context Harness Part [22630882]
déc. 24, 2016 8:30:52 PM state.S040_PalletChoice doAction
INFOS: Harness Type [ENGINE] = Context Harness Type [ENGINE]
déc. 24, 2016 8:31:03 PM entity.ConfigUcs isHarnessPartExist
INFOS: Searching Harness part [22630882] in ConfigUCS: ENGINE
déc. 24, 2016 8:31:03 PM entity.ConfigUcs isHarnessPartExist
INFOS: Harness part [22630882] found for project [ENGINE].
déc. 24, 2016 8:31:03 PM state.S020_HarnessPartScan doAction
INFOS: Harness Part scanned [P22630882] OK.
déc. 24, 2016 8:31:07 PM entity.BaseHarness isCounterExist
INFOS: Searching Harness counter [P2263088200000000000003] in BaseHarness.
déc. 24, 2016 8:31:07 PM entity.BaseHarness isCounterExist
INFOS: FROM BaseHarness bh WHERE bh.counter = :counter
déc. 24, 2016 8:31:07 PM state.S030_MatrixIdScan doAction
INFOS: Valid Harness Counter scanned [P2263088200000000000003] OK.
déc. 24, 2016 8:31:13 PM entity.BaseEngineLabel isLabelCodeExist
INFOS: Searching Engine Label code [12345678905] in BaseEngineLabel.
déc. 24, 2016 8:31:13 PM entity.BaseEngineLabel isLabelCodeExist
INFOS: FROM BaseEngineLabel bel WHERE bel.labelCode = :labelCode
déc. 24, 2016 8:31:13 PM entity.BaseEngineLabel isLabelCodeExist
INFOS: New label engine [12345678905]
déc. 24, 2016 8:31:13 PM state.S031_PlasticBagScan doAction
INFOS: First Valid Engine Label scanned [12345678905] OK.
déc. 24, 2016 8:31:15 PM entity.BaseEngineLabel isLabelCodeExist
INFOS: Searching Engine Label code [12345678906] in BaseEngineLabel.
déc. 24, 2016 8:31:15 PM entity.BaseEngineLabel isLabelCodeExist
INFOS: FROM BaseEngineLabel bel WHERE bel.labelCode = :labelCode
déc. 24, 2016 8:31:15 PM entity.BaseEngineLabel isLabelCodeExist
INFOS: New label engine [12345678906]
déc. 24, 2016 8:31:21 PM state.S040_PalletChoice doAction
INFOS: Is it a new pallet ?
déc. 24, 2016 8:31:21 PM state.S040_PalletChoice doAction
INFOS:  [No]
déc. 24, 2016 8:31:21 PM state.S040_PalletChoice doAction
INFOS: Pallet values 
déc. 24, 2016 8:31:21 PM state.S040_PalletChoice doAction
INFOS: State           :   [true]
déc. 24, 2016 8:31:21 PM state.S040_PalletChoice doAction
INFOS: Qty Expected    :   [3]
déc. 24, 2016 8:31:21 PM state.S040_PalletChoice doAction
INFOS: Qty Read        :   [2]
déc. 24, 2016 8:31:21 PM state.S040_PalletChoice doAction
INFOS: Std Time        :   [1.69]
déc. 24, 2016 8:31:21 PM state.S040_PalletChoice doAction
INFOS: Harness Part [22630882] = Context Harness Part [22630882]
déc. 24, 2016 8:31:21 PM state.S040_PalletChoice doAction
INFOS: Harness Type [ENGINE] = Context Harness Type [ENGINE]
déc. 24, 2016 8:31:21 PM state.S040_PalletChoice doAction
INFOS: Quantité terminée BaseContainer{id=14772, createTime=2016-12-24 19:59:17.0, writeTime=Sat Dec 24 20:31:21 WET 2016, createId=4, writeId=4, user=9999, createUser=Admin  , startTime=2016-12-24 19:59:17.0, completeTime=null, workTime=null, palletNumber=200014781, harnessPart=22630882, harnessIndex=P02, supplierPartNumber=26C36540B, qtyExpected=3, qtyRead=2, containerState=OPEN, containerStateCode=1000, packType=3RV, harnessType=ENGINE, stdTime=1.69, workstation=O-EZZIOURI, harnessList=[entity.BaseHarness@6647690f, entity.BaseHarness@2fb4ebc8, entity.BaseHarness@349ef43d]}
déc. 24, 2016 8:31:21 PM helper.Helper InitDailyDestPrintDir
INFOS: nullPrint directory [.\print\2016_12_24] already exist!
Print sub directory [.\print\2016_12_24.\open_sheet] already exist!
Print sub directory [.\print\2016_12_24.\closing_sheet] already exist!
Print sub directory [.\print\2016_12_24.\picking_label] already exist!
Print sub directory [.\print\2016_12_24.\dispatch_label] already exist!

déc. 24, 2016 8:31:21 PM helper.PrinterHelper saveAndPrintClosingSheet
INFOS: Set Closing Pallet item [14529] state to [IN_PROCESS]
déc. 24, 2016 8:31:21 PM print.PrintClosingPallet_A5 sentToDefaultDesktopPrinter
INFOS: Sending [.\print\2016_12_24\closing_sheet\PrintClosingPallet_A5_22630882_2016_12_24_20_31_21.pdf] to the default printer...
déc. 24, 2016 8:31:22 PM print.PrintClosingPallet_A5 sentToDefaultDesktopPrinter
INFOS: File [%s] has been printed.
déc. 24, 2016 8:31:22 PM helper.PrinterHelper saveAndPrintClosingSheet
INFOS: Set Closing Pallet [14529] state to [PRINTED]
déc. 24, 2016 8:55:33 PM entity.ConfigSegment select
INFOS: FROM ConfigSegment bp ORDER BY segment ASC
déc. 24, 2016 8:55:33 PM entity.ConfigSegment select
INFOS: FROM ConfigSegment bp ORDER BY segment ASC
déc. 24, 2016 8:55:33 PM entity.ConfigWorkplace select
INFOS: FROM ConfigWorkplace bp ORDER BY workplace ASC
déc. 24, 2016 8:55:50 PM entity.ConfigSegment select
INFOS: FROM ConfigSegment bp ORDER BY segment ASC
déc. 24, 2016 8:55:50 PM entity.ConfigWorkplace select
INFOS: FROM ConfigWorkplace bp ORDER BY workplace ASC
déc. 24, 2016 8:55:50 PM entity.ConfigSegment select
INFOS: FROM ConfigSegment bp ORDER BY segment ASC
déc. 24, 2016 8:55:50 PM entity.ConfigWorkplace select
INFOS: FROM ConfigWorkplace bp ORDER BY workplace ASC
déc. 24, 2016 8:55:52 PM entity.ConfigSegment select
INFOS: FROM ConfigSegment bp ORDER BY segment ASC
déc. 24, 2016 8:55:52 PM entity.ConfigWorkplace select
INFOS: FROM ConfigWorkplace bp ORDER BY workplace ASC
déc. 24, 2016 8:58:24 PM entity.ConfigSegment select
INFOS: FROM ConfigSegment bp ORDER BY segment ASC
déc. 24, 2016 8:58:24 PM entity.ConfigWorkplace select
INFOS: FROM ConfigWorkplace bp ORDER BY workplace ASC
déc. 24, 2016 8:58:36 PM entity.ConfigWorkplace selectBySegment
INFOS: FROM ConfigWorkplace bp WHERE segment = :segment ORDER BY workplace ASC
déc. 24, 2016 8:58:36 PM entity.ConfigWorkplace selectBySegment
INFOS: FROM ConfigWorkplace bp WHERE segment = :segment ORDER BY workplace ASC
déc. 24, 2016 8:58:36 PM entity.ConfigWorkplace selectBySegment
INFOS: FROM ConfigWorkplace bp WHERE segment = :segment ORDER BY workplace ASC
déc. 24, 2016 8:58:36 PM entity.ConfigWorkplace selectBySegment
INFOS: FROM ConfigWorkplace bp WHERE segment = :segment ORDER BY workplace ASC
déc. 24, 2016 8:58:36 PM entity.ConfigWorkplace selectBySegment
INFOS: FROM ConfigWorkplace bp WHERE segment = :segment ORDER BY workplace ASC
déc. 24, 2016 8:58:36 PM entity.ConfigWorkplace selectBySegment
INFOS: FROM ConfigWorkplace bp WHERE segment = :segment ORDER BY workplace ASC
déc. 24, 2016 9:38:48 PM helper.Helper InitDailyDestPrintDir
INFOS: Print directory [.\print\2016_12_24] already exist!
Print sub directory [.\print\2016_12_24.\open_sheet] already exist!
Print sub directory [.\print\2016_12_24.\closing_sheet] already exist!
Print sub directory [.\print\2016_12_24.\picking_label] already exist!
Print sub directory [.\print\2016_12_24.\dispatch_label] already exist!

