janv. 23, 2017 9:35:37 AM helper.Helper InitDailyDestPrintDir
INFOS: Print directory [.\print\2017_01_23] is created!
Print sub directory [.\print\2017_01_23.\open_sheet] is created!
Print sub directory [.\print\2017_01_23.\closing_sheet] is created!
Print sub directory [.\print\2017_01_23.\picking_label] is created!
Print sub directory [.\print\2017_01_23.\dispatch_label] is created!

janv. 23, 2017 9:35:41 AM gui.packaging.PACKAGING_UI0001_Main loadBarcodeConfig
INFOS: FROM ConfigBarcode cb WHERE cb.keyWord = :keyWord ORDER BY id ASC
janv. 23, 2017 9:35:41 AM entity.ConfigProject select
INFOS: FROM ConfigProject bp ORDER BY harnessType ASC
janv. 23, 2017 9:35:41 AM entity.ConfigProject select
INFOS: FROM ConfigProject bp ORDER BY harnessType ASC
janv. 23, 2017 9:35:45 AM entity.ConfigSegment select
INFOS: FROM ConfigSegment bp ORDER BY segment ASC
janv. 23, 2017 9:35:45 AM entity.ConfigSegment select
INFOS: FROM ConfigSegment bp ORDER BY segment ASC
janv. 23, 2017 9:35:45 AM entity.ConfigWorkplace select
INFOS: FROM ConfigWorkplace bp ORDER BY workplace ASC
janv. 23, 2017 9:35:49 AM entity.ConfigSegment select
INFOS: FROM ConfigSegment bp ORDER BY segment ASC
janv. 23, 2017 9:35:49 AM entity.ConfigWorkplace select
INFOS: FROM ConfigWorkplace bp ORDER BY workplace ASC
janv. 23, 2017 9:35:50 AM entity.ConfigSegment select
INFOS: FROM ConfigSegment bp ORDER BY segment ASC
janv. 23, 2017 9:35:50 AM entity.ConfigWorkplace select
INFOS: FROM ConfigWorkplace bp ORDER BY workplace ASC
janv. 23, 2017 2:09:09 PM helper.Helper InitDailyDestPrintDir
INFOS: Print directory [.\print\2017_01_23] already exist!
Print sub directory [.\print\2017_01_23.\open_sheet] already exist!
Print sub directory [.\print\2017_01_23.\closing_sheet] already exist!
Print sub directory [.\print\2017_01_23.\picking_label] already exist!
Print sub directory [.\print\2017_01_23.\dispatch_label] already exist!

janv. 23, 2017 2:09:10 PM gui.packaging.PACKAGING_UI0001_Main loadBarcodeConfig
INFOS: FROM ConfigBarcode cb WHERE cb.keyWord = :keyWord ORDER BY id ASC
janv. 23, 2017 2:09:10 PM entity.ConfigProject select
INFOS: FROM ConfigProject bp ORDER BY harnessType ASC
janv. 23, 2017 2:09:10 PM entity.ConfigProject select
INFOS: FROM ConfigProject bp ORDER BY harnessType ASC
janv. 23, 2017 2:09:18 PM entity.ConfigSegment select
INFOS: FROM ConfigSegment bp ORDER BY segment ASC
janv. 23, 2017 2:09:18 PM entity.ConfigSegment select
INFOS: FROM ConfigSegment bp ORDER BY segment ASC
janv. 23, 2017 2:09:18 PM entity.ConfigWorkplace select
INFOS: FROM ConfigWorkplace bp ORDER BY workplace ASC
janv. 23, 2017 2:09:30 PM entity.ConfigSegment select
INFOS: FROM ConfigSegment bp ORDER BY segment ASC
janv. 23, 2017 2:09:30 PM entity.ConfigWorkplace select
INFOS: FROM ConfigWorkplace bp ORDER BY workplace ASC
janv. 23, 2017 2:37:07 PM entity.ConfigWorkplace selectBySegment
INFOS: FROM ConfigWorkplace bp WHERE segment = :segment ORDER BY workplace ASC
janv. 23, 2017 2:37:07 PM entity.ConfigWorkplace selectBySegment
INFOS: FROM ConfigWorkplace bp WHERE segment = :segment ORDER BY workplace ASC
janv. 23, 2017 2:37:07 PM entity.ConfigWorkplace selectBySegment
INFOS: FROM ConfigWorkplace bp WHERE segment = :segment ORDER BY workplace ASC
janv. 23, 2017 2:37:07 PM entity.ConfigWorkplace selectBySegment
INFOS: FROM ConfigWorkplace bp WHERE segment = :segment ORDER BY workplace ASC
janv. 23, 2017 2:37:07 PM entity.ConfigWorkplace selectBySegment
INFOS: FROM ConfigWorkplace bp WHERE segment = :segment ORDER BY workplace ASC
janv. 23, 2017 2:37:07 PM entity.ConfigWorkplace selectBySegment
INFOS: FROM ConfigWorkplace bp WHERE segment = :segment ORDER BY workplace ASC
janv. 23, 2017 2:37:08 PM entity.ConfigWorkplace selectBySegment
INFOS: FROM ConfigWorkplace bp WHERE segment = :segment ORDER BY workplace ASC
janv. 23, 2017 2:46:08 PM entity.ConfigWorkplace selectBySegment
INFOS: FROM ConfigWorkplace bp WHERE segment = :segment ORDER BY workplace ASC
janv. 23, 2017 2:46:09 PM entity.ConfigSegment select
INFOS: FROM ConfigSegment bp ORDER BY segment ASC
janv. 23, 2017 2:46:09 PM entity.ConfigWorkplace select
INFOS: FROM ConfigWorkplace bp ORDER BY workplace ASC
janv. 23, 2017 2:46:10 PM entity.ConfigSegment select
INFOS: FROM ConfigSegment bp ORDER BY segment ASC
janv. 23, 2017 2:46:10 PM entity.ConfigWorkplace select
INFOS: FROM ConfigWorkplace bp ORDER BY workplace ASC
janv. 23, 2017 4:14:32 PM entity.ConfigSegment select
INFOS: FROM ConfigSegment bp ORDER BY segment ASC
janv. 23, 2017 4:14:32 PM entity.ConfigWorkplace select
INFOS: FROM ConfigWorkplace bp ORDER BY workplace ASC
janv. 23, 2017 4:51:07 PM entity.ConfigSegment select
INFOS: FROM ConfigSegment bp ORDER BY segment ASC
janv. 23, 2017 4:51:07 PM entity.ConfigWorkplace select
INFOS: FROM ConfigWorkplace bp ORDER BY workplace ASC
janv. 23, 2017 4:53:43 PM gui.config.CONFIG_UI0000_AdminPassword checkLoginAndPass
INFOS: User Admin   / 9999 connected to host WSMA7040 at 2017-01-23 16:53:43 Module : Planner.
janv. 23, 2017 5:00:42 PM entity.ConfigSegment select
INFOS: FROM ConfigSegment bp ORDER BY segment ASC
janv. 23, 2017 5:00:42 PM entity.ConfigSegment select
INFOS: FROM ConfigSegment bp ORDER BY segment ASC
janv. 23, 2017 5:00:42 PM entity.ConfigWorkplace select
INFOS: FROM ConfigWorkplace bp ORDER BY workplace ASC
janv. 23, 2017 5:01:04 PM entity.ConfigSegment select
INFOS: FROM ConfigSegment bp ORDER BY segment ASC
janv. 23, 2017 5:01:04 PM entity.ConfigWorkplace select
INFOS: FROM ConfigWorkplace bp ORDER BY workplace ASC
janv. 23, 2017 5:01:13 PM entity.ConfigSegment select
INFOS: FROM ConfigSegment bp ORDER BY segment ASC
janv. 23, 2017 5:01:13 PM entity.ConfigWorkplace select
INFOS: FROM ConfigWorkplace bp ORDER BY workplace ASC
janv. 23, 2017 5:01:19 PM entity.ConfigSegment select
INFOS: FROM ConfigSegment bp ORDER BY segment ASC
janv. 23, 2017 5:01:19 PM entity.ConfigWorkplace select
INFOS: FROM ConfigWorkplace bp ORDER BY workplace ASC
