mars 23, 2016 9:54:44 AM helper.Helper InitDailyDestPrintDir
INFOS: Print directory [.\print\2016_03_23] is created!
Print sub directory [.\print\2016_03_23.\open_sheet] is created!
Print sub directory [.\print\2016_03_23.\closing_sheet] is created!

mars 23, 2016 9:54:46 AM entity.ConfigProject select
INFOS: FROM ConfigProject bp ORDER BY harnessType ASC
mars 23, 2016 9:54:46 AM entity.ConfigProject select
INFOS: FROM ConfigProject bp ORDER BY harnessType ASC
mars 23, 2016 9:54:57 AM entity.ConfigProject select
INFOS: FROM ConfigProject bp ORDER BY harnessType ASC
mars 23, 2016 9:56:40 AM helper.Helper InitDailyDestPrintDir
INFOS: Print directory [.\print\2016_03_23] already exist!
Print sub directory [.\print\2016_03_23.\open_sheet] already exist!
Print sub directory [.\print\2016_03_23.\closing_sheet] already exist!

mars 23, 2016 9:56:42 AM entity.ConfigProject select
INFOS: FROM ConfigProject bp ORDER BY harnessType ASC
mars 23, 2016 9:56:42 AM entity.ConfigProject select
INFOS: FROM ConfigProject bp ORDER BY harnessType ASC
mars 23, 2016 9:56:44 AM entity.ConfigProject select
INFOS: FROM ConfigProject bp ORDER BY harnessType ASC
mars 23, 2016 9:58:10 AM helper.Helper InitDailyDestPrintDir
INFOS: Print directory [.\print\2016_03_23] already exist!
Print sub directory [.\print\2016_03_23.\open_sheet] already exist!
Print sub directory [.\print\2016_03_23.\closing_sheet] already exist!

mars 23, 2016 9:58:12 AM entity.ConfigProject select
INFOS: FROM ConfigProject bp ORDER BY harnessType ASC
mars 23, 2016 9:58:12 AM entity.ConfigProject select
INFOS: FROM ConfigProject bp ORDER BY harnessType ASC
mars 23, 2016 9:58:14 AM entity.ConfigProject select
INFOS: FROM ConfigProject bp ORDER BY harnessType ASC
mars 23, 2016 10:00:01 AM helper.Helper InitDailyDestPrintDir
INFOS: Print directory [.\print\2016_03_23] already exist!
Print sub directory [.\print\2016_03_23.\open_sheet] already exist!
Print sub directory [.\print\2016_03_23.\closing_sheet] already exist!

mars 23, 2016 10:00:03 AM entity.ConfigProject select
INFOS: FROM ConfigProject bp ORDER BY harnessType ASC
mars 23, 2016 10:00:03 AM entity.ConfigProject select
INFOS: FROM ConfigProject bp ORDER BY harnessType ASC
mars 23, 2016 10:00:05 AM entity.ConfigProject select
INFOS: FROM ConfigProject bp ORDER BY harnessType ASC
mars 23, 2016 10:02:54 AM helper.Helper InitDailyDestPrintDir
INFOS: Print directory [.\print\2016_03_23] already exist!
Print sub directory [.\print\2016_03_23.\open_sheet] already exist!
Print sub directory [.\print\2016_03_23.\closing_sheet] already exist!

mars 23, 2016 10:02:57 AM entity.ConfigProject select
INFOS: FROM ConfigProject bp ORDER BY harnessType ASC
mars 23, 2016 10:02:57 AM entity.ConfigProject select
INFOS: FROM ConfigProject bp ORDER BY harnessType ASC
mars 23, 2016 10:03:00 AM entity.ConfigProject select
INFOS: FROM ConfigProject bp ORDER BY harnessType ASC
mars 23, 2016 10:16:56 AM helper.Helper InitDailyDestPrintDir
INFOS: Print directory [.\print\2016_03_23] already exist!
Print sub directory [.\print\2016_03_23.\open_sheet] already exist!
Print sub directory [.\print\2016_03_23.\closing_sheet] already exist!

mars 23, 2016 10:16:58 AM entity.ConfigProject select
INFOS: FROM ConfigProject bp ORDER BY harnessType ASC
mars 23, 2016 10:16:58 AM entity.ConfigProject select
INFOS: FROM ConfigProject bp ORDER BY harnessType ASC
mars 23, 2016 10:17:01 AM entity.ConfigProject select
INFOS: FROM ConfigProject bp ORDER BY harnessType ASC
mars 23, 2016 10:17:56 AM helper.Helper InitDailyDestPrintDir
INFOS: Print directory [.\print\2016_03_23] already exist!
Print sub directory [.\print\2016_03_23.\open_sheet] already exist!
Print sub directory [.\print\2016_03_23.\closing_sheet] already exist!

mars 23, 2016 10:17:58 AM entity.ConfigProject select
INFOS: FROM ConfigProject bp ORDER BY harnessType ASC
mars 23, 2016 10:17:58 AM entity.ConfigProject select
INFOS: FROM ConfigProject bp ORDER BY harnessType ASC
mars 23, 2016 10:18:02 AM entity.ConfigProject select
INFOS: FROM ConfigProject bp ORDER BY harnessType ASC
mars 23, 2016 10:20:20 AM helper.Helper InitDailyDestPrintDir
INFOS: Print directory [.\print\2016_03_23] already exist!
Print sub directory [.\print\2016_03_23.\open_sheet] already exist!
Print sub directory [.\print\2016_03_23.\closing_sheet] already exist!

mars 23, 2016 10:20:22 AM entity.ConfigProject select
INFOS: FROM ConfigProject bp ORDER BY harnessType ASC
mars 23, 2016 10:20:22 AM entity.ConfigProject select
INFOS: FROM ConfigProject bp ORDER BY harnessType ASC
mars 23, 2016 10:20:23 AM entity.ConfigProject select
INFOS: FROM ConfigProject bp ORDER BY harnessType ASC
mars 23, 2016 10:21:11 AM helper.Helper InitDailyDestPrintDir
INFOS: Print directory [.\print\2016_03_23] already exist!
Print sub directory [.\print\2016_03_23.\open_sheet] already exist!
Print sub directory [.\print\2016_03_23.\closing_sheet] already exist!

mars 23, 2016 10:21:13 AM entity.ConfigProject select
INFOS: FROM ConfigProject bp ORDER BY harnessType ASC
mars 23, 2016 10:21:13 AM entity.ConfigProject select
INFOS: FROM ConfigProject bp ORDER BY harnessType ASC
mars 23, 2016 12:10:39 PM helper.Helper InitDailyDestPrintDir
INFOS: Print directory [.\print\2016_03_23] already exist!
Print sub directory [.\print\2016_03_23.\open_sheet] already exist!
Print sub directory [.\print\2016_03_23.\closing_sheet] already exist!

mars 23, 2016 1:58:51 PM helper.Helper InitDailyDestPrintDir
INFOS: Print directory [.\print\2016_03_23] already exist!
Print sub directory [.\print\2016_03_23.\open_sheet] already exist!
Print sub directory [.\print\2016_03_23.\closing_sheet] already exist!

mars 23, 2016 2:00:47 PM helper.Helper InitDailyDestPrintDir
INFOS: Print directory [.\print\2016_03_23] already exist!
Print sub directory [.\print\2016_03_23.\open_sheet] already exist!
Print sub directory [.\print\2016_03_23.\closing_sheet] already exist!

mars 23, 2016 2:01:43 PM helper.Helper InitDailyDestPrintDir
INFOS: Print directory [.\print\2016_03_23] already exist!
Print sub directory [.\print\2016_03_23.\open_sheet] already exist!
Print sub directory [.\print\2016_03_23.\closing_sheet] already exist!

mars 23, 2016 2:10:55 PM helper.Helper InitDailyDestPrintDir
INFOS: Print directory [.\print\2016_03_23] already exist!
Print sub directory [.\print\2016_03_23.\open_sheet] already exist!
Print sub directory [.\print\2016_03_23.\closing_sheet] already exist!

mars 23, 2016 2:11:01 PM entity.ConfigProject select
INFOS: FROM ConfigProject bp ORDER BY harnessType ASC
mars 23, 2016 2:39:26 PM helper.Helper InitDailyDestPrintDir
INFOS: Print directory [.\print\2016_03_23] already exist!
Print sub directory [.\print\2016_03_23.\open_sheet] already exist!
Print sub directory [.\print\2016_03_23.\closing_sheet] already exist!

mars 23, 2016 2:39:27 PM entity.ConfigProject select
INFOS: FROM ConfigProject bp ORDER BY harnessType ASC
mars 23, 2016 2:39:27 PM entity.ConfigProject select
INFOS: FROM ConfigProject bp ORDER BY harnessType ASC
mars 23, 2016 2:40:58 PM helper.Helper InitDailyDestPrintDir
INFOS: Print directory [.\print\2016_03_23] already exist!
Print sub directory [.\print\2016_03_23.\open_sheet] already exist!
Print sub directory [.\print\2016_03_23.\closing_sheet] already exist!

mars 23, 2016 2:40:59 PM entity.ConfigProject select
INFOS: FROM ConfigProject bp ORDER BY harnessType ASC
mars 23, 2016 2:40:59 PM entity.ConfigProject select
INFOS: FROM ConfigProject bp ORDER BY harnessType ASC
mars 23, 2016 2:43:18 PM helper.Helper InitDailyDestPrintDir
INFOS: Print directory [.\print\2016_03_23] already exist!
Print sub directory [.\print\2016_03_23.\open_sheet] already exist!
Print sub directory [.\print\2016_03_23.\closing_sheet] already exist!

mars 23, 2016 2:43:20 PM entity.ConfigProject select
INFOS: FROM ConfigProject bp ORDER BY harnessType ASC
mars 23, 2016 2:43:20 PM entity.ConfigProject select
INFOS: FROM ConfigProject bp ORDER BY harnessType ASC
mars 23, 2016 2:52:10 PM helper.Helper InitDailyDestPrintDir
INFOS: Print directory [.\print\2016_03_23] already exist!
Print sub directory [.\print\2016_03_23.\open_sheet] already exist!
Print sub directory [.\print\2016_03_23.\closing_sheet] already exist!

mars 23, 2016 2:52:13 PM entity.ConfigProject select
INFOS: FROM ConfigProject bp ORDER BY harnessType ASC
mars 23, 2016 2:52:13 PM entity.ConfigProject select
INFOS: FROM ConfigProject bp ORDER BY harnessType ASC
mars 23, 2016 2:54:10 PM helper.Helper InitDailyDestPrintDir
INFOS: Print directory [.\print\2016_03_23] already exist!
Print sub directory [.\print\2016_03_23.\open_sheet] already exist!
Print sub directory [.\print\2016_03_23.\closing_sheet] already exist!

mars 23, 2016 2:54:18 PM entity.ConfigProject select
INFOS: FROM ConfigProject bp ORDER BY harnessType ASC
mars 23, 2016 2:54:19 PM entity.ConfigProject select
INFOS: FROM ConfigProject bp ORDER BY harnessType ASC
mars 23, 2016 2:58:15 PM helper.Helper InitDailyDestPrintDir
INFOS: Print directory [.\print\2016_03_23] already exist!
Print sub directory [.\print\2016_03_23.\open_sheet] already exist!
Print sub directory [.\print\2016_03_23.\closing_sheet] already exist!

mars 23, 2016 2:58:16 PM entity.ConfigProject select
INFOS: FROM ConfigProject bp ORDER BY harnessType ASC
mars 23, 2016 2:58:16 PM entity.ConfigProject select
INFOS: FROM ConfigProject bp ORDER BY harnessType ASC
mars 23, 2016 2:59:36 PM helper.Helper InitDailyDestPrintDir
INFOS: Print directory [.\print\2016_03_23] already exist!
Print sub directory [.\print\2016_03_23.\open_sheet] already exist!
Print sub directory [.\print\2016_03_23.\closing_sheet] already exist!

mars 23, 2016 2:59:42 PM entity.ConfigProject select
INFOS: FROM ConfigProject bp ORDER BY harnessType ASC
mars 23, 2016 2:59:42 PM entity.ConfigProject select
INFOS: FROM ConfigProject bp ORDER BY harnessType ASC
mars 23, 2016 3:00:14 PM helper.Helper InitDailyDestPrintDir
INFOS: Print directory [.\print\2016_03_23] already exist!
Print sub directory [.\print\2016_03_23.\open_sheet] already exist!
Print sub directory [.\print\2016_03_23.\closing_sheet] already exist!

mars 23, 2016 3:00:15 PM entity.ConfigProject select
INFOS: FROM ConfigProject bp ORDER BY harnessType ASC
mars 23, 2016 3:00:15 PM entity.ConfigProject select
INFOS: FROM ConfigProject bp ORDER BY harnessType ASC
mars 23, 2016 3:00:27 PM helper.Helper InitDailyDestPrintDir
INFOS: Print directory [.\print\2016_03_23] already exist!
Print sub directory [.\print\2016_03_23.\open_sheet] already exist!
Print sub directory [.\print\2016_03_23.\closing_sheet] already exist!

mars 23, 2016 3:00:28 PM entity.ConfigProject select
INFOS: FROM ConfigProject bp ORDER BY harnessType ASC
mars 23, 2016 3:00:28 PM entity.ConfigProject select
INFOS: FROM ConfigProject bp ORDER BY harnessType ASC
mars 23, 2016 3:05:26 PM helper.Helper InitDailyDestPrintDir
INFOS: Print directory [.\print\2016_03_23] already exist!
Print sub directory [.\print\2016_03_23.\open_sheet] already exist!
Print sub directory [.\print\2016_03_23.\closing_sheet] already exist!

mars 23, 2016 3:05:30 PM entity.ConfigProject select
INFOS: FROM ConfigProject bp ORDER BY harnessType ASC
mars 23, 2016 3:05:30 PM entity.ConfigProject select
INFOS: FROM ConfigProject bp ORDER BY harnessType ASC
mars 23, 2016 3:06:55 PM helper.Helper InitDailyDestPrintDir
INFOS: Print directory [.\print\2016_03_23] already exist!
Print sub directory [.\print\2016_03_23.\open_sheet] already exist!
Print sub directory [.\print\2016_03_23.\closing_sheet] already exist!

mars 23, 2016 3:06:57 PM entity.ConfigProject select
INFOS: FROM ConfigProject bp ORDER BY harnessType ASC
mars 23, 2016 3:06:57 PM entity.ConfigProject select
INFOS: FROM ConfigProject bp ORDER BY harnessType ASC
mars 23, 2016 3:07:50 PM helper.Helper InitDailyDestPrintDir
INFOS: Print directory [.\print\2016_03_23] already exist!
Print sub directory [.\print\2016_03_23.\open_sheet] already exist!
Print sub directory [.\print\2016_03_23.\closing_sheet] already exist!

mars 23, 2016 3:07:53 PM entity.ConfigProject select
INFOS: FROM ConfigProject bp ORDER BY harnessType ASC
mars 23, 2016 3:07:53 PM entity.ConfigProject select
INFOS: FROM ConfigProject bp ORDER BY harnessType ASC
mars 23, 2016 3:10:53 PM helper.Helper InitDailyDestPrintDir
INFOS: Print directory [.\print\2016_03_23] already exist!
Print sub directory [.\print\2016_03_23.\open_sheet] already exist!
Print sub directory [.\print\2016_03_23.\closing_sheet] already exist!

mars 23, 2016 3:10:57 PM entity.ConfigProject select
INFOS: FROM ConfigProject bp ORDER BY harnessType ASC
mars 23, 2016 3:10:57 PM entity.ConfigProject select
INFOS: FROM ConfigProject bp ORDER BY harnessType ASC
mars 23, 2016 3:11:15 PM helper.Helper InitDailyDestPrintDir
INFOS: Print directory [.\print\2016_03_23] already exist!
Print sub directory [.\print\2016_03_23.\open_sheet] already exist!
Print sub directory [.\print\2016_03_23.\closing_sheet] already exist!

mars 23, 2016 3:11:17 PM entity.ConfigProject select
INFOS: FROM ConfigProject bp ORDER BY harnessType ASC
mars 23, 2016 3:11:17 PM entity.ConfigProject select
INFOS: FROM ConfigProject bp ORDER BY harnessType ASC
mars 23, 2016 3:13:21 PM helper.Helper InitDailyDestPrintDir
INFOS: Print directory [.\print\2016_03_23] already exist!
Print sub directory [.\print\2016_03_23.\open_sheet] already exist!
Print sub directory [.\print\2016_03_23.\closing_sheet] already exist!

mars 23, 2016 3:13:23 PM entity.ConfigProject select
INFOS: FROM ConfigProject bp ORDER BY harnessType ASC
mars 23, 2016 3:13:23 PM entity.ConfigProject select
INFOS: FROM ConfigProject bp ORDER BY harnessType ASC
mars 23, 2016 3:15:12 PM state.S010_UserCodeScan doAction
INFOS: Invalid matricule number or account locked !
mars 23, 2016 3:15:16 PM state.S010_UserCodeScan doAction
INFOS: User Mohamed Ramali / 14228 connected to host WSMA7040 at 2016-03-23 15:15:16 Project : ENGINE.
mars 23, 2016 3:15:35 PM entity.ConfigUcs isHarnessPartExist
INFOS: Searching Harness part [22205127] in ConfigUCS: ENGINE
mars 23, 2016 3:15:35 PM entity.ConfigUcs isHarnessPartExist
INFOS: Harness part [22205127] NOT found.
mars 23, 2016 3:15:35 PM state.S020_HarnessPartScan doAction
AVERTISSEMENT: Harness part [P22205127] NOT found in UCS [ENGINE].
mars 23, 2016 3:15:39 PM entity.ConfigUcs isHarnessPartExist
INFOS: Searching Harness part [22205127] in ConfigUCS: ENGINE
mars 23, 2016 3:15:39 PM entity.ConfigUcs isHarnessPartExist
INFOS: Harness part [22205127] NOT found.
mars 23, 2016 3:15:39 PM state.S020_HarnessPartScan doAction
AVERTISSEMENT: Harness part [P22205127] NOT found in UCS [ENGINE].
mars 23, 2016 3:15:48 PM state.S010_UserCodeScan doAction
INFOS: User Mohamed Ramali / 14228 connected to host WSMA7040 at 2016-03-23 15:15:48 Project : SMALL.
mars 23, 2016 3:15:51 PM entity.ConfigUcs isHarnessPartExist
INFOS: Searching Harness part [22205127] in ConfigUCS: SMALL
mars 23, 2016 3:15:51 PM entity.ConfigUcs isHarnessPartExist
INFOS: Harness part [22205127] found for project [SMALL].
mars 23, 2016 3:15:51 PM state.S020_HarnessPartScan doAction
INFOS: Harness Part scanned [P22205127] OK.
mars 23, 2016 3:15:55 PM entity.BaseHarness isCounterExist
INFOS: Searching Harness counter [P2220512705.02.2016;00:00:08] in BaseHarness.
mars 23, 2016 3:15:55 PM entity.BaseHarness isCounterExist
INFOS: FROM BaseHarness bh WHERE bh.counter = :counter
mars 23, 2016 3:15:55 PM state.S030_MatrixIdScan doAction
INFOS: Valid Harness Counter scanned [P2220512705.02.2016;00:00:08] OK.
mars 23, 2016 3:16:10 PM state.S040_PalletChoice doAction
AVERTISSEMENT: Invalid OPEN PALLET barcode [00000000008]!
mars 23, 2016 3:16:12 PM state.S040_PalletChoice doAction
AVERTISSEMENT: Invalid OPEN PALLET barcode [00000000009]!
mars 23, 2016 3:16:21 PM gui.packaging.PACKAGING_UI9000_ChooseContainerType <init>
INFOS: Item found 22205127--26C03051A--P03--kltv-780--150
mars 23, 2016 3:16:21 PM gui.packaging.PACKAGING_UI9000_ChooseContainerType <init>
INFOS: 1 item(s) found for Harness Part[22205127].
mars 23, 2016 3:16:21 PM gui.packaging.PACKAGING_UI9000_ChooseContainerType mappingContextVals
INFOS: Selected pack type : 22205127--26C03051A--P03--kltv-780--150 
mars 23, 2016 3:16:21 PM helper.Helper InitDailyDestPrintDir
INFOS: nullPrint directory [.\print\2016_03_23] already exist!
Print sub directory [.\print\2016_03_23.\open_sheet] already exist!
Print sub directory [.\print\2016_03_23.\closing_sheet] already exist!

mars 23, 2016 3:16:22 PM helper.PrinterHelper saveAndPrintOpenSheet
INFOS: Set Pallet [200000033] state to [IN_PROCESS]
mars 23, 2016 3:16:22 PM print.PrintOpenPallet_A5 sentToDefaultDesktopPrinter
INFOS: Sending [.\print\2016_03_23\open_sheet\PrintOpenPallet_A5_2016_03_23_15_16_21_200000033.pdf] to the default printer...
mars 23, 2016 3:16:22 PM print.PrintOpenPallet_A5 sentToDefaultDesktopPrinter
INFOS: File [%s] has been printed.
mars 23, 2016 3:16:22 PM helper.PrinterHelper saveAndPrintOpenSheet
INFOS: Set Pallet [200000033] state to [PRINTED]
mars 23, 2016 3:16:22 PM gui.packaging.PACKAGING_UI9000_ChooseContainerType items_listKeyPressed
INFOS: Openning new container for first harness part [22205127].
mars 23, 2016 3:16:33 PM state.S041_NewPalletScan doAction
INFOS: Scanned Pallet number [200000033] OK.
mars 23, 2016 3:16:33 PM state.S041_NewPalletScan doAction
INFOS: BaseContainer created BaseContainer{id=33, createTime=Wed Mar 23 15:16:33 WET 2016, writeTime=Wed Mar 23 15:16:33 WET 2016, createId=6, writeId=6, user=14228, startTime=Wed Mar 23 15:16:33 WET 2016, completeTime=null, workTime=null, palletNumber=200000033, harnessPart=22205127, harnessIndex=P03, supplierPartNumber=26C03051A, qtyExpected=150, qtyRead=1, state=OPEN, packType=kltv-780} 
mars 23, 2016 3:17:28 PM helper.Helper InitDailyDestPrintDir
INFOS: Print directory [.\print\2016_03_23] already exist!
Print sub directory [.\print\2016_03_23.\open_sheet] already exist!
Print sub directory [.\print\2016_03_23.\closing_sheet] already exist!

mars 23, 2016 3:19:48 PM entity.ConfigProject select
INFOS: FROM ConfigProject bp ORDER BY harnessType ASC
mars 23, 2016 3:19:48 PM entity.ConfigProject select
INFOS: FROM ConfigProject bp ORDER BY harnessType ASC
mars 23, 2016 3:21:35 PM helper.Helper InitDailyDestPrintDir
INFOS: Print directory [.\print\2016_03_23] already exist!
Print sub directory [.\print\2016_03_23.\open_sheet] already exist!
Print sub directory [.\print\2016_03_23.\closing_sheet] already exist!

mars 23, 2016 3:21:36 PM entity.ConfigProject select
INFOS: FROM ConfigProject bp ORDER BY harnessType ASC
mars 23, 2016 3:21:36 PM entity.ConfigProject select
INFOS: FROM ConfigProject bp ORDER BY harnessType ASC
mars 23, 2016 3:21:52 PM helper.Helper InitDailyDestPrintDir
INFOS: Print directory [.\print\2016_03_23] already exist!
Print sub directory [.\print\2016_03_23.\open_sheet] already exist!
Print sub directory [.\print\2016_03_23.\closing_sheet] already exist!

mars 23, 2016 3:21:54 PM entity.ConfigProject select
INFOS: FROM ConfigProject bp ORDER BY harnessType ASC
mars 23, 2016 3:21:54 PM entity.ConfigProject select
INFOS: FROM ConfigProject bp ORDER BY harnessType ASC
mars 23, 2016 3:49:30 PM helper.Helper InitDailyDestPrintDir
INFOS: Print directory [.\print\2016_03_23] already exist!
Print sub directory [.\print\2016_03_23.\open_sheet] already exist!
Print sub directory [.\print\2016_03_23.\closing_sheet] already exist!

mars 23, 2016 3:49:33 PM entity.ConfigProject select
INFOS: FROM ConfigProject bp ORDER BY harnessType ASC
mars 23, 2016 3:49:33 PM entity.ConfigProject select
INFOS: FROM ConfigProject bp ORDER BY harnessType ASC
mars 23, 2016 3:49:41 PM helper.Helper InitDailyDestPrintDir
INFOS: Print directory [.\print\2016_03_23] already exist!
Print sub directory [.\print\2016_03_23.\open_sheet] already exist!
Print sub directory [.\print\2016_03_23.\closing_sheet] already exist!

mars 23, 2016 3:49:51 PM entity.ConfigProject select
INFOS: FROM ConfigProject bp ORDER BY harnessType ASC
mars 23, 2016 3:49:57 PM helper.Helper InitDailyDestPrintDir
INFOS: Print directory [.\print\2016_03_23] already exist!
Print sub directory [.\print\2016_03_23.\open_sheet] already exist!
Print sub directory [.\print\2016_03_23.\closing_sheet] already exist!

mars 23, 2016 3:49:58 PM entity.ConfigProject select
INFOS: FROM ConfigProject bp ORDER BY harnessType ASC
mars 23, 2016 3:56:39 PM helper.Helper InitDailyDestPrintDir
INFOS: Print directory [.\print\2016_03_23] already exist!
Print sub directory [.\print\2016_03_23.\open_sheet] already exist!
Print sub directory [.\print\2016_03_23.\closing_sheet] already exist!

mars 23, 2016 3:56:41 PM entity.ConfigProject select
INFOS: FROM ConfigProject bp ORDER BY harnessType ASC
mars 23, 2016 3:56:41 PM entity.ConfigShift select
INFOS: FROM ConfigShift cs ORDER BY startHour ASC
mars 23, 2016 4:04:43 PM helper.Helper InitDailyDestPrintDir
INFOS: Print directory [.\print\2016_03_23] already exist!
Print sub directory [.\print\2016_03_23.\open_sheet] already exist!
Print sub directory [.\print\2016_03_23.\closing_sheet] already exist!

mars 23, 2016 4:04:58 PM entity.ConfigProject select
INFOS: FROM ConfigProject bp ORDER BY harnessType ASC
mars 23, 2016 4:04:58 PM entity.ConfigShift select
INFOS: FROM ConfigShift cs ORDER BY startHour ASC
mars 23, 2016 4:04:58 PM entity.ConfigUcs select
INFOS: FROM ConfigUcs cu WHERE cu.harnessPart = :hp
mars 23, 2016 4:15:10 PM helper.Helper InitDailyDestPrintDir
INFOS: Print directory [.\print\2016_03_23] already exist!
Print sub directory [.\print\2016_03_23.\open_sheet] already exist!
Print sub directory [.\print\2016_03_23.\closing_sheet] already exist!

mars 23, 2016 4:15:13 PM entity.ConfigProject select
INFOS: FROM ConfigProject bp ORDER BY harnessType ASC
mars 23, 2016 4:15:13 PM entity.ConfigShift select
INFOS: FROM ConfigShift cs ORDER BY startHour ASC
mars 23, 2016 4:15:13 PM entity.ConfigUcs select
INFOS: FROM ConfigUcs cu WHERE cu.harnessPart = :hp
mars 23, 2016 4:26:42 PM helper.Helper InitDailyDestPrintDir
INFOS: Print directory [.\print\2016_03_23] already exist!
Print sub directory [.\print\2016_03_23.\open_sheet] already exist!
Print sub directory [.\print\2016_03_23.\closing_sheet] already exist!

mars 23, 2016 4:26:43 PM entity.ConfigProject select
INFOS: FROM ConfigProject bp ORDER BY harnessType ASC
mars 23, 2016 4:26:43 PM entity.ConfigShift select
INFOS: FROM ConfigShift cs ORDER BY startHour ASC
mars 23, 2016 4:26:43 PM entity.ConfigUcs select
INFOS: FROM ConfigUcs cu WHERE cu.harnessPart = :hp
mars 23, 2016 4:31:35 PM helper.Helper InitDailyDestPrintDir
INFOS: Print directory [.\print\2016_03_23] already exist!
Print sub directory [.\print\2016_03_23.\open_sheet] already exist!
Print sub directory [.\print\2016_03_23.\closing_sheet] already exist!

mars 23, 2016 4:31:36 PM entity.ConfigProject select
INFOS: FROM ConfigProject bp ORDER BY harnessType ASC
mars 23, 2016 4:31:36 PM entity.ConfigShift select
INFOS: FROM ConfigShift cs ORDER BY startHour ASC
mars 23, 2016 4:31:41 PM entity.ConfigUcs select
INFOS: FROM ConfigUcs cu WHERE cu.harnessPart = :hp
mars 23, 2016 4:31:46 PM entity.ConfigUcs select
INFOS: FROM ConfigUcs cu WHERE cu.harnessPart = :hp
mars 23, 2016 4:33:28 PM helper.Helper InitDailyDestPrintDir
INFOS: Print directory [.\print\2016_03_23] already exist!
Print sub directory [.\print\2016_03_23.\open_sheet] already exist!
Print sub directory [.\print\2016_03_23.\closing_sheet] already exist!

mars 23, 2016 4:33:32 PM entity.ConfigProject select
INFOS: FROM ConfigProject bp ORDER BY harnessType ASC
mars 23, 2016 4:33:32 PM entity.ConfigShift select
INFOS: FROM ConfigShift cs ORDER BY startHour ASC
mars 23, 2016 4:39:10 PM helper.Helper InitDailyDestPrintDir
INFOS: Print directory [.\print\2016_03_23] already exist!
Print sub directory [.\print\2016_03_23.\open_sheet] already exist!
Print sub directory [.\print\2016_03_23.\closing_sheet] already exist!

mars 23, 2016 4:39:11 PM entity.ConfigProject select
INFOS: FROM ConfigProject bp ORDER BY harnessType ASC
mars 23, 2016 4:39:11 PM entity.ConfigShift select
INFOS: FROM ConfigShift cs ORDER BY startHour ASC
mars 23, 2016 4:39:49 PM helper.Helper InitDailyDestPrintDir
INFOS: Print directory [.\print\2016_03_23] already exist!
Print sub directory [.\print\2016_03_23.\open_sheet] already exist!
Print sub directory [.\print\2016_03_23.\closing_sheet] already exist!

mars 23, 2016 4:39:51 PM entity.ConfigProject select
INFOS: FROM ConfigProject bp ORDER BY harnessType ASC
mars 23, 2016 4:39:51 PM entity.ConfigShift select
INFOS: FROM ConfigShift cs ORDER BY startHour ASC
mars 23, 2016 4:40:09 PM helper.Helper InitDailyDestPrintDir
INFOS: Print directory [.\print\2016_03_23] already exist!
Print sub directory [.\print\2016_03_23.\open_sheet] already exist!
Print sub directory [.\print\2016_03_23.\closing_sheet] already exist!

mars 23, 2016 4:40:11 PM entity.ConfigProject select
INFOS: FROM ConfigProject bp ORDER BY harnessType ASC
mars 23, 2016 4:40:11 PM entity.ConfigShift select
INFOS: FROM ConfigShift cs ORDER BY startHour ASC
mars 23, 2016 4:41:10 PM helper.Helper InitDailyDestPrintDir
INFOS: Print directory [.\print\2016_03_23] already exist!
Print sub directory [.\print\2016_03_23.\open_sheet] already exist!
Print sub directory [.\print\2016_03_23.\closing_sheet] already exist!

mars 23, 2016 4:41:12 PM entity.ConfigProject select
INFOS: FROM ConfigProject bp ORDER BY harnessType ASC
mars 23, 2016 4:41:12 PM entity.ConfigShift select
INFOS: FROM ConfigShift cs ORDER BY startHour ASC
mars 23, 2016 4:43:10 PM helper.Helper InitDailyDestPrintDir
INFOS: Print directory [.\print\2016_03_23] already exist!
Print sub directory [.\print\2016_03_23.\open_sheet] already exist!
Print sub directory [.\print\2016_03_23.\closing_sheet] already exist!

mars 23, 2016 4:43:12 PM entity.ConfigProject select
INFOS: FROM ConfigProject bp ORDER BY harnessType ASC
mars 23, 2016 4:43:12 PM entity.ConfigShift select
INFOS: FROM ConfigShift cs ORDER BY startHour ASC
mars 23, 2016 4:45:12 PM helper.Helper InitDailyDestPrintDir
INFOS: Print directory [.\print\2016_03_23] already exist!
Print sub directory [.\print\2016_03_23.\open_sheet] already exist!
Print sub directory [.\print\2016_03_23.\closing_sheet] already exist!

mars 23, 2016 4:45:14 PM entity.ConfigProject select
INFOS: FROM ConfigProject bp ORDER BY harnessType ASC
mars 23, 2016 4:45:14 PM entity.ConfigShift select
INFOS: FROM ConfigShift cs ORDER BY startHour ASC
mars 23, 2016 4:57:57 PM helper.Helper InitDailyDestPrintDir
INFOS: Print directory [.\print\2016_03_23] already exist!
Print sub directory [.\print\2016_03_23.\open_sheet] already exist!
Print sub directory [.\print\2016_03_23.\closing_sheet] already exist!

mars 23, 2016 4:57:58 PM entity.ConfigProject select
INFOS: FROM ConfigProject bp ORDER BY harnessType ASC
mars 23, 2016 4:57:58 PM entity.ConfigShift select
INFOS: FROM ConfigShift cs ORDER BY startHour ASC
mars 23, 2016 4:58:20 PM helper.Helper InitDailyDestPrintDir
INFOS: Print directory [.\print\2016_03_23] already exist!
Print sub directory [.\print\2016_03_23.\open_sheet] already exist!
Print sub directory [.\print\2016_03_23.\closing_sheet] already exist!

mars 23, 2016 4:58:22 PM entity.ConfigProject select
INFOS: FROM ConfigProject bp ORDER BY harnessType ASC
mars 23, 2016 4:58:22 PM entity.ConfigShift select
INFOS: FROM ConfigShift cs ORDER BY startHour ASC
mars 23, 2016 5:02:14 PM helper.Helper InitDailyDestPrintDir
INFOS: Print directory [.\print\2016_03_23] already exist!
Print sub directory [.\print\2016_03_23.\open_sheet] already exist!
Print sub directory [.\print\2016_03_23.\closing_sheet] already exist!

mars 23, 2016 5:02:15 PM entity.ConfigProject select
INFOS: FROM ConfigProject bp ORDER BY harnessType ASC
mars 23, 2016 5:02:15 PM entity.ConfigShift select
INFOS: FROM ConfigShift cs ORDER BY startHour ASC
mars 23, 2016 5:03:24 PM helper.Helper InitDailyDestPrintDir
INFOS: Print directory [.\print\2016_03_23] already exist!
Print sub directory [.\print\2016_03_23.\open_sheet] already exist!
Print sub directory [.\print\2016_03_23.\closing_sheet] already exist!

mars 23, 2016 5:03:28 PM entity.ConfigProject select
INFOS: FROM ConfigProject bp ORDER BY harnessType ASC
mars 23, 2016 5:03:28 PM entity.ConfigShift select
INFOS: FROM ConfigShift cs ORDER BY startHour ASC
mars 23, 2016 5:04:17 PM entity.ConfigProject select
INFOS: FROM ConfigProject bp ORDER BY harnessType ASC
mars 23, 2016 5:04:17 PM entity.ConfigProject select
INFOS: FROM ConfigProject bp ORDER BY harnessType ASC
mars 23, 2016 5:04:20 PM entity.ConfigProject select
INFOS: FROM ConfigProject bp ORDER BY harnessType ASC
