avr. 26, 2016 8:23:23 AM helper.Helper InitDailyDestPrintDir
INFOS: Print directory [.\print\2016_04_26] is created!
Print sub directory [.\print\2016_04_26.\open_sheet] is created!
Print sub directory [.\print\2016_04_26.\closing_sheet] is created!
Print sub directory [.\print\2016_04_26.\picking_label] is created!

avr. 26, 2016 8:23:24 AM entity.ConfigProject select
INFOS: FROM ConfigProject bp ORDER BY harnessType ASC
avr. 26, 2016 8:23:24 AM entity.ConfigProject select
INFOS: FROM ConfigProject bp ORDER BY harnessType ASC
avr. 26, 2016 8:23:32 AM state.S010_UserCodeScan doAction
INFOS: User Admin   / 9999 connected to host WSMA7040 at 2016-04-26 08:23:32 Project : ENGINE.
avr. 26, 2016 11:24:43 AM helper.Helper InitDailyDestPrintDir
INFOS: Print directory [.\print\2016_04_26] already exist!
Print sub directory [.\print\2016_04_26.\open_sheet] already exist!
Print sub directory [.\print\2016_04_26.\closing_sheet] already exist!
Print sub directory [.\print\2016_04_26.\picking_label] already exist!

avr. 26, 2016 11:24:44 AM entity.ConfigProject select
INFOS: FROM ConfigProject bp ORDER BY harnessType ASC
avr. 26, 2016 11:24:44 AM entity.ConfigProject select
INFOS: FROM ConfigProject bp ORDER BY harnessType ASC
avr. 26, 2016 11:24:51 AM state.S010_UserCodeScan doAction
INFOS: User Admin   / 9999 connected to host WSMA7040 at 2016-04-26 11:24:51 Project : ENGINE.
avr. 26, 2016 11:44:44 AM helper.Helper InitDailyDestPrintDir
INFOS: Print directory [.\print\2016_04_26] already exist!
Print sub directory [.\print\2016_04_26.\open_sheet] already exist!
Print sub directory [.\print\2016_04_26.\closing_sheet] already exist!
Print sub directory [.\print\2016_04_26.\picking_label] already exist!

avr. 26, 2016 11:44:46 AM entity.ConfigProject select
INFOS: FROM ConfigProject bp ORDER BY harnessType ASC
avr. 26, 2016 11:44:46 AM entity.ConfigProject select
INFOS: FROM ConfigProject bp ORDER BY harnessType ASC
avr. 26, 2016 11:44:50 AM state.S010_UserCodeScan doAction
INFOS: User Admin   / 9999 connected to host WSMA7040 at 2016-04-26 11:44:50 Project : ENGINE.
avr. 26, 2016 11:45:44 AM entity.BaseHarness checkHarnessPartFormat
INFOS: Invalid Harness Part scanned [] !
avr. 26, 2016 11:45:44 AM state.S020_HarnessPartScan doAction
AVERTISSEMENT: Invalid Harness Part scanned [] !
