févr. 12, 2016 8:33:30 AM classes.Helper InitDailyDestPrintDir
INFOS: Print directory [.\print\2016_12_02] is created!
Print sub directory [.\print\2016_12_02.\pallet] is created!
Print sub directory [.\print\2016_12_02.\closing_pallet] is created!

févr. 12, 2016 8:34:36 AM classes.Helper InitDailyDestPrintDir
INFOS: Print directory [.\print\2016_12_02] already exist!
Print sub directory [.\print\2016_12_02.\pallet] already exist!
Print sub directory [.\print\2016_12_02.\closing_pallet] already exist!

févr. 12, 2016 8:35:12 AM classes.Helper InitDailyDestPrintDir
INFOS: Print directory [.\print\2016_12_02] already exist!
Print sub directory [.\print\2016_12_02.\pallet] already exist!
Print sub directory [.\print\2016_12_02.\closing_pallet] already exist!

févr. 12, 2016 8:36:05 AM classes.Helper InitDailyDestPrintDir
INFOS: Print directory [.\print\2016_12_02] already exist!
Print sub directory [.\print\2016_12_02.\pallet] already exist!
Print sub directory [.\print\2016_12_02.\closing_pallet] already exist!

févr. 12, 2016 8:38:46 AM classes.Helper InitDailyDestPrintDir
INFOS: Print directory [.\print\2016_12_02] already exist!
Print sub directory [.\print\2016_12_02.\pallet] already exist!
Print sub directory [.\print\2016_12_02.\closing_pallet] already exist!

févr. 12, 2016 8:40:55 AM classes.Helper InitDailyDestPrintDir
INFOS: Print directory [.\print\2016_12_02] already exist!
Print sub directory [.\print\2016_12_02.\pallet] already exist!
Print sub directory [.\print\2016_12_02.\closing_pallet] already exist!

févr. 12, 2016 8:41:19 AM classes.Helper InitDailyDestPrintDir
INFOS: Print directory [.\print\2016_12_02] already exist!
Print sub directory [.\print\2016_12_02.\pallet] already exist!
Print sub directory [.\print\2016_12_02.\closing_pallet] already exist!

févr. 12, 2016 8:42:57 AM classes.Helper InitDailyDestPrintDir
INFOS: Print directory [.\print\2016_12_02] already exist!
Print sub directory [.\print\2016_12_02.\pallet] already exist!
Print sub directory [.\print\2016_12_02.\closing_pallet] already exist!

févr. 12, 2016 9:01:52 AM classes.Helper InitDailyDestPrintDir
INFOS: Print directory [.\print\2016_12_02] already exist!
Print sub directory [.\print\2016_12_02.\pallet] already exist!
Print sub directory [.\print\2016_12_02.\closing_pallet] already exist!

févr. 12, 2016 9:01:53 AM entity.BaseContainer select
INFOS: FROM BaseContainer bc ORDER BY createTime DESC
févr. 12, 2016 9:02:21 AM classes.Helper InitDailyDestPrintDir
INFOS: Print directory [.\print\2016_12_02] already exist!
Print sub directory [.\print\2016_12_02.\pallet] already exist!
Print sub directory [.\print\2016_12_02.\closing_pallet] already exist!

févr. 12, 2016 9:02:21 AM entity.BaseContainer select
INFOS: FROM BaseContainer bc ORDER BY createTime DESC
févr. 12, 2016 9:02:23 AM state.S01_UserCodeScan doAction
DÉSACTIVÉ: FROM BaseUser bu WHERE bu.login = :login
févr. 12, 2016 9:02:23 AM state.S01_UserCodeScan doAction
INFOS: User Oussama EZZIOURI / 1001 connected to host null at 2016-02-12 09:02:21.
févr. 12, 2016 9:02:23 AM entity.BaseContainer select
INFOS: FROM BaseContainer bc ORDER BY createTime DESC
févr. 12, 2016 9:02:26 AM entity.ConfigUcs isHarnessPartExist
INFOS: Searching Harness part [22205127] in ConfigUCS: 22205127
févr. 12, 2016 9:02:26 AM entity.ConfigUcs select
INFOS: FROM ConfigUcs cu WHERE cu.harnessPart = :hp
févr. 12, 2016 9:02:26 AM entity.ConfigUcs isHarnessPartExist
INFOS: Harness part [22205127] found.
févr. 12, 2016 9:02:26 AM state.S02_HarnessPartScan doAction
INFOS: Harness Part scanned [P22205127] OK.
févr. 12, 2016 9:02:38 AM entity.BaseHarness isCounterExist
INFOS: Searching Harness counter [P2220512705.02.2016;11:47:24] in BaseHarness.
févr. 12, 2016 9:02:38 AM entity.BaseHarness isCounterExist
INFOS: FROM BaseHarness bh WHERE bh.counter = :counter
févr. 12, 2016 9:02:38 AM entity.BaseHarness isCounterExist
INFOS: New Harness counter [P2220512705.02.2016;11:47:24].
févr. 12, 2016 9:02:38 AM state.S03_QRCodeScan doAction
INFOS: Valid Harness Counter scanned [P2220512705.02.2016;11:47:24] OK.
févr. 12, 2016 9:02:56 AM entity.BaseContainer getBaseContainer
INFOS: FROM BaseContainer bc WHERE bc.palletNumber = :palletNumber
févr. 12, 2016 9:02:57 AM state.S040_PalletChoice saveAndPrintGalia
INFOS: Set Closing Pallet item [5] state to [in_process]
févr. 12, 2016 9:02:57 AM print.PrintClosingPallet_A5 sentToDefaultJobPrinter
INFOS: Target printer found: Win32 Printer : Fax 
févr. 12, 2016 9:02:57 AM state.S040_PalletChoice saveAndPrintGalia
INFOS: Set Closing Pallet [5] state to [printed]
févr. 12, 2016 9:02:57 AM entity.BaseContainer select
INFOS: FROM BaseContainer bc ORDER BY createTime DESC
févr. 12, 2016 9:03:25 AM entity.BaseContainer getBaseContainer
INFOS: FROM BaseContainer bc WHERE bc.palletNumber = :palletNumber
févr. 12, 2016 9:03:26 AM entity.BaseContainer select
INFOS: FROM BaseContainer bc ORDER BY createTime DESC
févr. 12, 2016 9:07:11 AM classes.Helper InitDailyDestPrintDir
INFOS: Print directory [.\print\2016_12_02] already exist!
Print sub directory [.\print\2016_12_02.\pallet] already exist!
Print sub directory [.\print\2016_12_02.\closing_pallet] already exist!

févr. 12, 2016 9:07:11 AM entity.BaseContainer select
INFOS: FROM BaseContainer bc ORDER BY createTime DESC
févr. 12, 2016 9:07:15 AM state.S01_UserCodeScan doAction
DÉSACTIVÉ: FROM BaseUser bu WHERE bu.login = :login
févr. 12, 2016 9:07:15 AM state.S01_UserCodeScan doAction
INFOS: User Yassine HADDANI / 1002 connected to host null at 2016-02-12 09:07:11.
févr. 12, 2016 9:07:15 AM entity.BaseContainer select
INFOS: FROM BaseContainer bc ORDER BY createTime DESC
févr. 12, 2016 9:07:19 AM entity.ConfigUcs isHarnessPartExist
INFOS: Searching Harness part [22205127] in ConfigUCS: 22205127
févr. 12, 2016 9:07:19 AM entity.ConfigUcs select
INFOS: FROM ConfigUcs cu WHERE cu.harnessPart = :hp
févr. 12, 2016 9:07:20 AM entity.ConfigUcs isHarnessPartExist
INFOS: Harness part [22205127] found.
févr. 12, 2016 9:07:20 AM state.S02_HarnessPartScan doAction
INFOS: Harness Part scanned [P22205127] OK.
févr. 12, 2016 9:07:31 AM entity.BaseHarness isCounterExist
INFOS: Searching Harness counter [P2220512705.02.2016;11:47:26] in BaseHarness.
févr. 12, 2016 9:07:31 AM entity.BaseHarness isCounterExist
INFOS: FROM BaseHarness bh WHERE bh.counter = :counter
févr. 12, 2016 9:07:31 AM entity.BaseHarness isCounterExist
INFOS: New Harness counter [P2220512705.02.2016;11:47:26].
févr. 12, 2016 9:07:31 AM state.S03_QRCodeScan doAction
INFOS: Valid Harness Counter scanned [P2220512705.02.2016;11:47:26] OK.
févr. 12, 2016 9:07:39 AM entity.BaseContainer getBaseContainer
INFOS: FROM BaseContainer bc WHERE bc.palletNumber = :palletNumber
févr. 12, 2016 9:07:39 AM state.S040_PalletChoice saveAndPrintGalia
INFOS: Set Closing Pallet item [6] state to [in_process]
févr. 12, 2016 9:07:39 AM print.PrintClosingPallet_A5 sentToDefaultJobPrinter
INFOS: Target printer found: Win32 Printer : Fax 
févr. 12, 2016 9:07:39 AM state.S040_PalletChoice saveAndPrintGalia
INFOS: Set Closing Pallet [6] state to [printed]
févr. 12, 2016 9:07:39 AM entity.BaseContainer select
INFOS: FROM BaseContainer bc ORDER BY createTime DESC
févr. 12, 2016 9:08:02 AM entity.BaseContainer getBaseContainer
INFOS: FROM BaseContainer bc WHERE bc.palletNumber = :palletNumber
févr. 12, 2016 9:08:02 AM entity.BaseContainer select
INFOS: FROM BaseContainer bc ORDER BY createTime DESC
févr. 12, 2016 11:03:54 AM classes.Helper InitDailyDestPrintDir
INFOS: Print directory [.\print\2016_12_02] already exist!
Print sub directory [.\print\2016_12_02.\pallet] already exist!
Print sub directory [.\print\2016_12_02.\closing_pallet] already exist!

févr. 12, 2016 11:03:55 AM entity.BaseContainer select
INFOS: FROM BaseContainer bc ORDER BY createTime DESC
févr. 12, 2016 11:06:06 AM classes.Helper InitDailyDestPrintDir
INFOS: Print directory [.\print\2016_12_02] already exist!
Print sub directory [.\print\2016_12_02.\pallet] already exist!
Print sub directory [.\print\2016_12_02.\closing_pallet] already exist!

févr. 12, 2016 11:06:06 AM entity.BaseContainer select
INFOS: FROM BaseContainer bc ORDER BY createTime DESC
févr. 12, 2016 11:06:46 AM classes.Helper InitDailyDestPrintDir
INFOS: Print directory [.\print\2016_12_02] already exist!
Print sub directory [.\print\2016_12_02.\pallet] already exist!
Print sub directory [.\print\2016_12_02.\closing_pallet] already exist!

févr. 12, 2016 11:06:46 AM entity.BaseContainer select
INFOS: FROM BaseContainer bc ORDER BY createTime DESC
févr. 12, 2016 11:07:48 AM classes.Helper InitDailyDestPrintDir
INFOS: Print directory [.\print\2016_12_02] already exist!
Print sub directory [.\print\2016_12_02.\pallet] already exist!
Print sub directory [.\print\2016_12_02.\closing_pallet] already exist!

févr. 12, 2016 11:07:48 AM entity.BaseContainer select
INFOS: FROM BaseContainer bc ORDER BY createTime DESC
févr. 12, 2016 11:11:01 AM classes.Helper InitDailyDestPrintDir
INFOS: Print directory [.\print\2016_12_02] already exist!
Print sub directory [.\print\2016_12_02.\pallet] already exist!
Print sub directory [.\print\2016_12_02.\closing_pallet] already exist!

févr. 12, 2016 11:11:01 AM entity.BaseContainer select
INFOS: FROM BaseContainer bc ORDER BY createTime DESC
févr. 12, 2016 11:11:44 AM classes.Helper InitDailyDestPrintDir
INFOS: Print directory [.\print\2016_12_02] already exist!
Print sub directory [.\print\2016_12_02.\pallet] already exist!
Print sub directory [.\print\2016_12_02.\closing_pallet] already exist!

févr. 12, 2016 11:11:45 AM entity.BaseContainer select
INFOS: FROM BaseContainer bc ORDER BY createTime DESC
févr. 12, 2016 11:15:27 AM classes.Helper InitDailyDestPrintDir
INFOS: Print directory [.\print\2016_12_02] already exist!
Print sub directory [.\print\2016_12_02.\pallet] already exist!
Print sub directory [.\print\2016_12_02.\closing_pallet] already exist!

févr. 12, 2016 11:15:28 AM entity.BaseContainer select
INFOS: FROM BaseContainer bc ORDER BY createTime DESC
févr. 12, 2016 11:15:30 AM state.S01_UserCodeScan doAction
DÉSACTIVÉ: FROM BaseUser bu WHERE bu.login = :login
févr. 12, 2016 11:15:30 AM state.S01_UserCodeScan doAction
INFOS: User Yassine HADDANI / 1002 connected to host null at 2016-02-12 11:15:27.
févr. 12, 2016 11:15:30 AM entity.BaseContainer select
INFOS: FROM BaseContainer bc ORDER BY createTime DESC
févr. 12, 2016 11:16:45 AM classes.Helper InitDailyDestPrintDir
INFOS: Print directory [.\print\2016_12_02] already exist!
Print sub directory [.\print\2016_12_02.\pallet] already exist!
Print sub directory [.\print\2016_12_02.\closing_pallet] already exist!

févr. 12, 2016 11:16:46 AM entity.BaseContainer select
INFOS: FROM BaseContainer bc ORDER BY createTime DESC
févr. 12, 2016 11:16:47 AM state.S01_UserCodeScan doAction
DÉSACTIVÉ: FROM BaseUser bu WHERE bu.login = :login
févr. 12, 2016 11:16:47 AM state.S01_UserCodeScan doAction
INFOS: User Oussama EZZIOURI / 1001 connected to host null at 2016-02-12 11:16:45.
févr. 12, 2016 11:16:47 AM entity.BaseContainer select
INFOS: FROM BaseContainer bc ORDER BY createTime DESC
févr. 12, 2016 11:18:15 AM classes.Helper InitDailyDestPrintDir
INFOS: Print directory [.\print\2016_12_02] already exist!
Print sub directory [.\print\2016_12_02.\pallet] already exist!
Print sub directory [.\print\2016_12_02.\closing_pallet] already exist!

févr. 12, 2016 11:18:16 AM entity.BaseContainer select
INFOS: FROM BaseContainer bc ORDER BY createTime DESC
févr. 12, 2016 11:18:18 AM state.S01_UserCodeScan doAction
DÉSACTIVÉ: FROM BaseUser bu WHERE bu.login = :login
févr. 12, 2016 11:18:18 AM state.S01_UserCodeScan doAction
INFOS: User Yassine HADDANI / 1002 connected to host null at 2016-02-12 11:18:15.
févr. 12, 2016 11:18:18 AM entity.BaseContainer select
INFOS: FROM BaseContainer bc ORDER BY createTime DESC
févr. 12, 2016 11:18:55 AM classes.Helper InitDailyDestPrintDir
INFOS: Print directory [.\print\2016_12_02] already exist!
Print sub directory [.\print\2016_12_02.\pallet] already exist!
Print sub directory [.\print\2016_12_02.\closing_pallet] already exist!

févr. 12, 2016 11:18:56 AM entity.BaseContainer select
INFOS: FROM BaseContainer bc ORDER BY createTime DESC
févr. 12, 2016 11:18:57 AM state.S01_UserCodeScan doAction
DÉSACTIVÉ: FROM BaseUser bu WHERE bu.login = :login
févr. 12, 2016 11:18:57 AM state.S01_UserCodeScan doAction
INFOS: User Yassine HADDANI / 1002 connected to host null at 2016-02-12 11:18:55.
févr. 12, 2016 11:18:57 AM entity.BaseContainer select
INFOS: FROM BaseContainer bc ORDER BY createTime DESC
févr. 12, 2016 11:19:19 AM entity.ConfigUcs isHarnessPartExist
INFOS: Searching Harness part [22205127] in ConfigUCS: 22205127
févr. 12, 2016 11:19:19 AM entity.ConfigUcs select
INFOS: FROM ConfigUcs cu WHERE cu.harnessPart = :hp
févr. 12, 2016 11:19:19 AM entity.ConfigUcs isHarnessPartExist
INFOS: Harness part [22205127] found.
févr. 12, 2016 11:19:19 AM state.S02_HarnessPartScan doAction
INFOS: Harness Part scanned [P22205127] OK.
févr. 12, 2016 11:19:26 AM entity.BaseHarness isCounterExist
INFOS: Searching Harness counter [P2220512705.02.2016;11:47:30] in BaseHarness.
févr. 12, 2016 11:19:26 AM entity.BaseHarness isCounterExist
INFOS: FROM BaseHarness bh WHERE bh.counter = :counter
févr. 12, 2016 11:19:26 AM entity.BaseHarness isCounterExist
INFOS: New Harness counter [P2220512705.02.2016;11:47:30].
févr. 12, 2016 11:19:26 AM state.S03_QRCodeScan doAction
INFOS: Valid Harness Counter scanned [P2220512705.02.2016;11:47:30] OK.
févr. 12, 2016 11:19:28 AM entity.BaseContainer getBaseContainer
INFOS: FROM BaseContainer bc WHERE bc.palletNumber = :palletNumber
févr. 12, 2016 11:19:29 AM gui.UI0002_Choose_Harness <init>
DÉSACTIVÉ: FROM ConfigUcs cu WHERE cu.harnessPart = :hp
févr. 12, 2016 11:19:29 AM gui.UI0002_Choose_Harness <init>
INFOS: Item found 22205127--26C42291A--P01--kltv-781--3
févr. 12, 2016 11:19:29 AM gui.UI0002_Choose_Harness <init>
INFOS: Item found 22205127--26C42291A--P02--3RV--3
févr. 12, 2016 11:19:29 AM gui.UI0002_Choose_Harness <init>
INFOS: 2 item(s) found for Harness Part[22205127].
févr. 12, 2016 11:19:30 AM gui.UI0002_Choose_Harness mappingContextVals
INFOS: Selected pack type : {harness_index=P02, harness_part=22205127, uid=4, choosen_pack_type=22205127--26C42291A--P02--3RV--3, supplier_part_number=26C42291A, harness_counter=P2220512705.02.2016;11:47:30, pallet_number=null, qty_expected=3, pack_type=3RV} 
févr. 12, 2016 11:19:30 AM gui.UI0002_Choose_Harness items_listKeyPressed
DÉSACTIVÉ: FROM ConfigUcs cu WHERE cu.supplierPartNumber = :supplierPartNumber AND cu.harnessIndex = :harnessIndex
févr. 12, 2016 11:19:31 AM gui.UI0002_Choose_Harness items_listKeyPressed
INFOS: Set Pallet [100000039] state to [in_process]
févr. 12, 2016 11:19:31 AM print.PrintOpenPallet_A5 sentToDefaultJobPrinter
INFOS: Target printer found: Win32 Printer : Fax 
févr. 12, 2016 11:19:31 AM gui.UI0002_Choose_Harness items_listKeyPressed
INFOS: Set Pallet [100000039] state to [printed]
févr. 12, 2016 11:19:31 AM state.S040_PalletChoice doAction
INFOS: Openning new container for first harness part [2205127].
févr. 12, 2016 11:19:36 AM state.S041_NewPalletScan doAction
INFOS: Scanned Pallet number [100000039] OK.
févr. 12, 2016 11:19:36 AM state.S041_NewPalletScan doAction
INFOS: BaseContainer created BaseContainer{id=25, createTime=Fri Feb 12 11:19:36 WET 2016, writeTime=Fri Feb 12 11:19:36 WET 2016, createId=4, writeId=4, user=1002, startTime=Fri Feb 12 11:19:36 WET 2016, completeTime=null, workTime=null, palletNumber=100000039, harnessPart=22205127, harnessIndex=P02, supplierPartNumber=26C42291A, qtyExpected=3, qtyRead=1, state=open, packType=3RV} 
févr. 12, 2016 11:19:36 AM entity.BaseContainer select
INFOS: FROM BaseContainer bc ORDER BY createTime DESC
févr. 12, 2016 11:19:55 AM entity.ConfigUcs isHarnessPartExist
INFOS: Searching Harness part [22205127] in ConfigUCS: 22205127
févr. 12, 2016 11:19:55 AM entity.ConfigUcs select
INFOS: FROM ConfigUcs cu WHERE cu.harnessPart = :hp
févr. 12, 2016 11:19:55 AM entity.ConfigUcs isHarnessPartExist
INFOS: Harness part [22205127] found.
févr. 12, 2016 11:19:55 AM state.S02_HarnessPartScan doAction
INFOS: Harness Part scanned [P22205127] OK.
févr. 12, 2016 11:19:59 AM entity.BaseHarness isCounterExist
INFOS: Searching Harness counter [P2220512705.02.2016;11:47:31] in BaseHarness.
févr. 12, 2016 11:19:59 AM entity.BaseHarness isCounterExist
INFOS: FROM BaseHarness bh WHERE bh.counter = :counter
févr. 12, 2016 11:19:59 AM entity.BaseHarness isCounterExist
INFOS: New Harness counter [P2220512705.02.2016;11:47:31].
févr. 12, 2016 11:19:59 AM state.S03_QRCodeScan doAction
INFOS: Valid Harness Counter scanned [P2220512705.02.2016;11:47:31] OK.
févr. 12, 2016 11:26:23 AM classes.Helper InitDailyDestPrintDir
INFOS: Print directory [.\print\2016_12_02] already exist!
Print sub directory [.\print\2016_12_02.\pallet] already exist!
Print sub directory [.\print\2016_12_02.\closing_pallet] already exist!

févr. 12, 2016 11:26:24 AM entity.BaseContainer select
INFOS: FROM BaseContainer bc ORDER BY createTime DESC
févr. 12, 2016 11:26:28 AM state.S01_UserCodeScan doAction
DÉSACTIVÉ: FROM BaseUser bu WHERE bu.login = :login
févr. 12, 2016 11:26:28 AM state.S01_UserCodeScan doAction
INFOS: User Oussama EZZIOURI / 1001 connected to host null at 2016-02-12 11:26:23.
févr. 12, 2016 11:26:28 AM entity.BaseContainer select
INFOS: FROM BaseContainer bc ORDER BY createTime DESC
févr. 12, 2016 11:26:37 AM entity.ConfigUcs isHarnessPartExist
INFOS: Searching Harness part [22205127] in ConfigUCS: 22205127
févr. 12, 2016 11:26:37 AM entity.ConfigUcs select
INFOS: FROM ConfigUcs cu WHERE cu.harnessPart = :hp
févr. 12, 2016 11:26:37 AM entity.ConfigUcs isHarnessPartExist
INFOS: Harness part [22205127] found.
févr. 12, 2016 11:26:37 AM state.S02_HarnessPartScan doAction
INFOS: Harness Part scanned [P22205127] OK.
févr. 12, 2016 11:26:43 AM entity.BaseHarness isCounterExist
INFOS: Searching Harness counter [P2220512705.02.2016;11:47:32] in BaseHarness.
févr. 12, 2016 11:26:43 AM entity.BaseHarness isCounterExist
INFOS: FROM BaseHarness bh WHERE bh.counter = :counter
févr. 12, 2016 11:26:43 AM entity.BaseHarness isCounterExist
INFOS: New Harness counter [P2220512705.02.2016;11:47:32].
févr. 12, 2016 11:26:43 AM state.S03_QRCodeScan doAction
INFOS: Valid Harness Counter scanned [P2220512705.02.2016;11:47:32] OK.
févr. 12, 2016 11:26:45 AM entity.BaseContainer getBaseContainer
INFOS: FROM BaseContainer bc WHERE bc.palletNumber = :palletNumber
févr. 12, 2016 11:26:45 AM gui.UI0002_Choose_Harness <init>
DÉSACTIVÉ: FROM ConfigUcs cu WHERE cu.harnessPart = :hp
févr. 12, 2016 11:26:45 AM gui.UI0002_Choose_Harness <init>
INFOS: Item found 22205127--26C42291A--P01--kltv-781--3
févr. 12, 2016 11:26:45 AM gui.UI0002_Choose_Harness <init>
INFOS: Item found 22205127--26C42291A--P02--3RV--3
févr. 12, 2016 11:26:45 AM gui.UI0002_Choose_Harness <init>
INFOS: 2 item(s) found for Harness Part[22205127].
févr. 12, 2016 11:26:47 AM gui.UI0002_Choose_Harness mappingContextVals
INFOS: Selected pack type : {harness_index=P02, harness_part=22205127, uid=3, choosen_pack_type=22205127--26C42291A--P02--3RV--3, supplier_part_number=26C42291A, harness_counter=P2220512705.02.2016;11:47:32, pallet_number=null, qty_expected=3, pack_type=3RV} 
févr. 12, 2016 11:26:47 AM gui.UI0002_Choose_Harness items_listKeyPressed
DÉSACTIVÉ: FROM ConfigUcs cu WHERE cu.supplierPartNumber = :supplierPartNumber AND cu.harnessIndex = :harnessIndex
févr. 12, 2016 11:26:47 AM gui.UI0002_Choose_Harness items_listKeyPressed
INFOS: Set Pallet [100000040] state to [in_process]
févr. 12, 2016 11:26:47 AM print.PrintOpenPallet_A5 sentToDefaultJobPrinter
INFOS: Target printer found: Win32 Printer : Fax 
févr. 12, 2016 11:26:47 AM gui.UI0002_Choose_Harness items_listKeyPressed
INFOS: Set Pallet [100000040] state to [printed]
févr. 12, 2016 11:26:47 AM state.S040_PalletChoice doAction
INFOS: Openning new container for first harness part [2205127].
févr. 12, 2016 11:27:04 AM state.S041_NewPalletScan doAction
INFOS: Scanned Pallet number [100000040] OK.
févr. 12, 2016 11:27:04 AM state.S041_NewPalletScan doAction
INFOS: BaseContainer created BaseContainer{id=26, createTime=Fri Feb 12 11:27:04 WET 2016, writeTime=Fri Feb 12 11:27:04 WET 2016, createId=3, writeId=3, user=1001, startTime=Fri Feb 12 11:27:04 WET 2016, completeTime=null, workTime=null, palletNumber=100000040, harnessPart=22205127, harnessIndex=P02, supplierPartNumber=26C42291A, qtyExpected=3, qtyRead=1, state=open, packType=3RV} 
févr. 12, 2016 11:27:04 AM entity.BaseContainer select
INFOS: FROM BaseContainer bc ORDER BY createTime DESC
févr. 12, 2016 11:27:10 AM entity.ConfigUcs isHarnessPartExist
INFOS: Searching Harness part [22205127] in ConfigUCS: 22205127
févr. 12, 2016 11:27:10 AM entity.ConfigUcs select
INFOS: FROM ConfigUcs cu WHERE cu.harnessPart = :hp
févr. 12, 2016 11:27:10 AM entity.ConfigUcs isHarnessPartExist
INFOS: Harness part [22205127] found.
févr. 12, 2016 11:27:10 AM state.S02_HarnessPartScan doAction
INFOS: Harness Part scanned [P22205127] OK.
févr. 12, 2016 11:27:13 AM entity.BaseHarness isCounterExist
INFOS: Searching Harness counter [P2220512705.02.2016;11:47:23] in BaseHarness.
févr. 12, 2016 11:27:13 AM entity.BaseHarness isCounterExist
INFOS: FROM BaseHarness bh WHERE bh.counter = :counter
févr. 12, 2016 11:27:13 AM entity.BaseHarness isCounterExist
AVERTISSEMENT: Harness counter [P2220512705.02.2016;11:47:23] already scanned !
févr. 12, 2016 11:27:17 AM entity.BaseHarness isCounterExist
INFOS: Searching Harness counter [P2220512705.02.2016;11:47:33] in BaseHarness.
févr. 12, 2016 11:27:17 AM entity.BaseHarness isCounterExist
INFOS: FROM BaseHarness bh WHERE bh.counter = :counter
févr. 12, 2016 11:27:17 AM entity.BaseHarness isCounterExist
INFOS: New Harness counter [P2220512705.02.2016;11:47:33].
févr. 12, 2016 11:27:17 AM state.S03_QRCodeScan doAction
INFOS: Valid Harness Counter scanned [P2220512705.02.2016;11:47:33] OK.
févr. 12, 2016 11:27:26 AM entity.BaseContainer getBaseContainer
INFOS: FROM BaseContainer bc WHERE bc.palletNumber = :palletNumber
févr. 12, 2016 11:27:26 AM entity.BaseContainer select
INFOS: FROM BaseContainer bc ORDER BY createTime DESC
févr. 12, 2016 11:28:14 AM classes.Helper InitDailyDestPrintDir
INFOS: Print directory [.\print\2016_12_02] already exist!
Print sub directory [.\print\2016_12_02.\pallet] already exist!
Print sub directory [.\print\2016_12_02.\closing_pallet] already exist!

févr. 12, 2016 11:28:15 AM entity.BaseContainer select
INFOS: FROM BaseContainer bc ORDER BY createTime DESC
févr. 12, 2016 11:30:44 AM classes.Helper InitDailyDestPrintDir
INFOS: Print directory [.\print\2016_12_02] already exist!
Print sub directory [.\print\2016_12_02.\pallet] already exist!
Print sub directory [.\print\2016_12_02.\closing_pallet] already exist!

févr. 12, 2016 11:30:45 AM entity.BaseContainer select
INFOS: FROM BaseContainer bc ORDER BY createTime DESC
févr. 12, 2016 11:31:22 AM classes.Helper InitDailyDestPrintDir
INFOS: Print directory [.\print\2016_12_02] already exist!
Print sub directory [.\print\2016_12_02.\pallet] already exist!
Print sub directory [.\print\2016_12_02.\closing_pallet] already exist!

févr. 12, 2016 11:31:23 AM entity.BaseContainer select
INFOS: FROM BaseContainer bc ORDER BY createTime DESC
févr. 12, 2016 11:32:05 AM classes.Helper InitDailyDestPrintDir
INFOS: Print directory [.\print\2016_12_02] already exist!
Print sub directory [.\print\2016_12_02.\pallet] already exist!
Print sub directory [.\print\2016_12_02.\closing_pallet] already exist!

févr. 12, 2016 11:32:05 AM entity.BaseContainer select
INFOS: FROM BaseContainer bc ORDER BY createTime DESC
févr. 12, 2016 11:32:22 AM classes.Helper InitDailyDestPrintDir
INFOS: Print directory [.\print\2016_12_02] already exist!
Print sub directory [.\print\2016_12_02.\pallet] already exist!
Print sub directory [.\print\2016_12_02.\closing_pallet] already exist!

févr. 12, 2016 11:32:23 AM entity.BaseContainer select
INFOS: FROM BaseContainer bc ORDER BY createTime DESC
févr. 12, 2016 11:32:42 AM classes.Helper InitDailyDestPrintDir
INFOS: Print directory [.\print\2016_12_02] already exist!
Print sub directory [.\print\2016_12_02.\pallet] already exist!
Print sub directory [.\print\2016_12_02.\closing_pallet] already exist!

févr. 12, 2016 11:32:43 AM entity.BaseContainer select
INFOS: FROM BaseContainer bc ORDER BY createTime DESC
févr. 12, 2016 11:33:32 AM classes.Helper InitDailyDestPrintDir
INFOS: Print directory [.\print\2016_12_02] already exist!
Print sub directory [.\print\2016_12_02.\pallet] already exist!
Print sub directory [.\print\2016_12_02.\closing_pallet] already exist!

févr. 12, 2016 11:33:33 AM entity.BaseContainer select
INFOS: FROM BaseContainer bc ORDER BY createTime DESC
févr. 12, 2016 11:33:48 AM classes.Helper InitDailyDestPrintDir
INFOS: Print directory [.\print\2016_12_02] already exist!
Print sub directory [.\print\2016_12_02.\pallet] already exist!
Print sub directory [.\print\2016_12_02.\closing_pallet] already exist!

févr. 12, 2016 11:33:48 AM entity.BaseContainer select
INFOS: FROM BaseContainer bc ORDER BY createTime DESC
févr. 12, 2016 11:35:03 AM classes.Helper InitDailyDestPrintDir
INFOS: Print directory [.\print\2016_12_02] already exist!
Print sub directory [.\print\2016_12_02.\pallet] already exist!
Print sub directory [.\print\2016_12_02.\closing_pallet] already exist!

févr. 12, 2016 11:35:03 AM entity.BaseContainer select
INFOS: FROM BaseContainer bc ORDER BY createTime DESC
févr. 12, 2016 11:35:56 AM classes.Helper InitDailyDestPrintDir
INFOS: Print directory [.\print\2016_12_02] already exist!
Print sub directory [.\print\2016_12_02.\pallet] already exist!
Print sub directory [.\print\2016_12_02.\closing_pallet] already exist!

févr. 12, 2016 11:35:57 AM entity.BaseContainer select
INFOS: FROM BaseContainer bc ORDER BY createTime DESC
févr. 12, 2016 11:36:16 AM classes.Helper InitDailyDestPrintDir
INFOS: Print directory [.\print\2016_12_02] already exist!
Print sub directory [.\print\2016_12_02.\pallet] already exist!
Print sub directory [.\print\2016_12_02.\closing_pallet] already exist!

févr. 12, 2016 11:36:16 AM entity.BaseContainer select
INFOS: FROM BaseContainer bc ORDER BY createTime DESC
févr. 12, 2016 11:36:46 AM classes.Helper InitDailyDestPrintDir
INFOS: Print directory [.\print\2016_12_02] already exist!
Print sub directory [.\print\2016_12_02.\pallet] already exist!
Print sub directory [.\print\2016_12_02.\closing_pallet] already exist!

févr. 12, 2016 11:36:47 AM entity.BaseContainer select
INFOS: FROM BaseContainer bc ORDER BY createTime DESC
févr. 12, 2016 11:36:57 AM classes.Helper InitDailyDestPrintDir
INFOS: Print directory [.\print\2016_12_02] already exist!
Print sub directory [.\print\2016_12_02.\pallet] already exist!
Print sub directory [.\print\2016_12_02.\closing_pallet] already exist!

févr. 12, 2016 11:36:58 AM entity.BaseContainer select
INFOS: FROM BaseContainer bc ORDER BY createTime DESC
févr. 12, 2016 11:37:25 AM classes.Helper InitDailyDestPrintDir
INFOS: Print directory [.\print\2016_12_02] already exist!
Print sub directory [.\print\2016_12_02.\pallet] already exist!
Print sub directory [.\print\2016_12_02.\closing_pallet] already exist!

févr. 12, 2016 11:37:26 AM entity.BaseContainer select
INFOS: FROM BaseContainer bc ORDER BY createTime DESC
févr. 12, 2016 11:37:55 AM classes.Helper InitDailyDestPrintDir
INFOS: Print directory [.\print\2016_12_02] already exist!
Print sub directory [.\print\2016_12_02.\pallet] already exist!
Print sub directory [.\print\2016_12_02.\closing_pallet] already exist!

févr. 12, 2016 11:37:56 AM entity.BaseContainer select
INFOS: FROM BaseContainer bc ORDER BY createTime DESC
févr. 12, 2016 11:38:15 AM classes.Helper InitDailyDestPrintDir
INFOS: Print directory [.\print\2016_12_02] already exist!
Print sub directory [.\print\2016_12_02.\pallet] already exist!
Print sub directory [.\print\2016_12_02.\closing_pallet] already exist!

févr. 12, 2016 11:38:15 AM entity.BaseContainer select
INFOS: FROM BaseContainer bc ORDER BY createTime DESC
févr. 12, 2016 11:38:49 AM classes.Helper InitDailyDestPrintDir
INFOS: Print directory [.\print\2016_12_02] already exist!
Print sub directory [.\print\2016_12_02.\pallet] already exist!
Print sub directory [.\print\2016_12_02.\closing_pallet] already exist!

févr. 12, 2016 11:38:49 AM entity.BaseContainer select
INFOS: FROM BaseContainer bc ORDER BY createTime DESC
févr. 12, 2016 11:40:04 AM classes.Helper InitDailyDestPrintDir
INFOS: Print directory [.\print\2016_12_02] already exist!
Print sub directory [.\print\2016_12_02.\pallet] already exist!
Print sub directory [.\print\2016_12_02.\closing_pallet] already exist!

févr. 12, 2016 11:40:05 AM entity.BaseContainer select
INFOS: FROM BaseContainer bc ORDER BY createTime DESC
févr. 12, 2016 11:41:25 AM classes.Helper InitDailyDestPrintDir
INFOS: Print directory [.\print\2016_12_02] already exist!
Print sub directory [.\print\2016_12_02.\pallet] already exist!
Print sub directory [.\print\2016_12_02.\closing_pallet] already exist!

févr. 12, 2016 11:41:25 AM entity.BaseContainer select
INFOS: FROM BaseContainer bc ORDER BY createTime DESC
févr. 12, 2016 11:41:32 AM state.S01_UserCodeScan doAction
DÉSACTIVÉ: FROM BaseUser bu WHERE bu.login = :login
févr. 12, 2016 11:41:32 AM state.S01_UserCodeScan doAction
INFOS: User Yassine HADDANI / 1002 connected to host null at 2016-02-12 11:41:25.
févr. 12, 2016 11:41:32 AM entity.BaseContainer select
INFOS: FROM BaseContainer bc ORDER BY createTime DESC
févr. 12, 2016 11:42:38 AM classes.Helper InitDailyDestPrintDir
INFOS: Print directory [.\print\2016_12_02] already exist!
Print sub directory [.\print\2016_12_02.\pallet] already exist!
Print sub directory [.\print\2016_12_02.\closing_pallet] already exist!

févr. 12, 2016 11:42:38 AM entity.BaseContainer select
INFOS: FROM BaseContainer bc ORDER BY createTime DESC
févr. 12, 2016 11:45:06 AM classes.Helper InitDailyDestPrintDir
INFOS: Print directory [.\print\2016_12_02] already exist!
Print sub directory [.\print\2016_12_02.\pallet] already exist!
Print sub directory [.\print\2016_12_02.\closing_pallet] already exist!

févr. 12, 2016 11:45:07 AM entity.BaseContainer select
INFOS: FROM BaseContainer bc ORDER BY createTime DESC
févr. 12, 2016 11:46:12 AM classes.Helper InitDailyDestPrintDir
INFOS: Print directory [.\print\2016_12_02] already exist!
Print sub directory [.\print\2016_12_02.\pallet] already exist!
Print sub directory [.\print\2016_12_02.\closing_pallet] already exist!

févr. 12, 2016 11:46:12 AM entity.BaseContainer select
INFOS: FROM BaseContainer bc ORDER BY createTime DESC
févr. 12, 2016 11:47:20 AM classes.Helper InitDailyDestPrintDir
INFOS: Print directory [.\print\2016_12_02] already exist!
Print sub directory [.\print\2016_12_02.\pallet] already exist!
Print sub directory [.\print\2016_12_02.\closing_pallet] already exist!

févr. 12, 2016 11:47:21 AM entity.BaseContainer select
INFOS: FROM BaseContainer bc ORDER BY createTime DESC
févr. 12, 2016 11:48:21 AM classes.Helper InitDailyDestPrintDir
INFOS: Print directory [.\print\2016_12_02] already exist!
Print sub directory [.\print\2016_12_02.\pallet] already exist!
Print sub directory [.\print\2016_12_02.\closing_pallet] already exist!

févr. 12, 2016 11:48:21 AM entity.BaseContainer select
INFOS: FROM BaseContainer bc ORDER BY createTime DESC
févr. 12, 2016 11:48:36 AM classes.Helper InitDailyDestPrintDir
INFOS: Print directory [.\print\2016_12_02] already exist!
Print sub directory [.\print\2016_12_02.\pallet] already exist!
Print sub directory [.\print\2016_12_02.\closing_pallet] already exist!

févr. 12, 2016 11:48:36 AM entity.BaseContainer select
INFOS: FROM BaseContainer bc ORDER BY createTime DESC
févr. 12, 2016 11:48:50 AM classes.Helper InitDailyDestPrintDir
INFOS: Print directory [.\print\2016_12_02] already exist!
Print sub directory [.\print\2016_12_02.\pallet] already exist!
Print sub directory [.\print\2016_12_02.\closing_pallet] already exist!

févr. 12, 2016 11:48:50 AM entity.BaseContainer select
INFOS: FROM BaseContainer bc ORDER BY createTime DESC
févr. 12, 2016 11:48:56 AM state.S01_UserCodeScan doAction
DÉSACTIVÉ: FROM BaseUser bu WHERE bu.login = :login
févr. 12, 2016 11:48:56 AM state.S01_UserCodeScan doAction
INFOS: User Oussama EZZIOURI / 1001 connected to host null at 2016-02-12 11:48:50.
févr. 12, 2016 11:48:56 AM entity.BaseContainer select
INFOS: FROM BaseContainer bc ORDER BY createTime DESC
févr. 12, 2016 11:49:06 AM entity.ConfigUcs isHarnessPartExist
INFOS: Searching Harness part [22205127] in ConfigUCS: 22205127
févr. 12, 2016 11:49:06 AM entity.ConfigUcs select
INFOS: FROM ConfigUcs cu WHERE cu.harnessPart = :hp
févr. 12, 2016 11:49:06 AM entity.ConfigUcs isHarnessPartExist
INFOS: Harness part [22205127] found.
févr. 12, 2016 11:49:06 AM state.S02_HarnessPartScan doAction
INFOS: Harness Part scanned [P22205127] OK.
févr. 12, 2016 11:49:14 AM entity.BaseHarness isCounterExist
INFOS: Searching Harness counter [P2220512705.02.2016;11:47:35] in BaseHarness.
févr. 12, 2016 11:49:14 AM entity.BaseHarness isCounterExist
INFOS: FROM BaseHarness bh WHERE bh.counter = :counter
févr. 12, 2016 11:49:14 AM entity.BaseHarness isCounterExist
INFOS: New Harness counter [P2220512705.02.2016;11:47:35].
févr. 12, 2016 11:49:14 AM state.S03_QRCodeScan doAction
INFOS: Valid Harness Counter scanned [P2220512705.02.2016;11:47:35] OK.
févr. 12, 2016 11:49:17 AM entity.BaseContainer getBaseContainer
INFOS: FROM BaseContainer bc WHERE bc.palletNumber = :palletNumber
févr. 12, 2016 11:49:17 AM gui.UI0002_Choose_Harness <init>
DÉSACTIVÉ: FROM ConfigUcs cu WHERE cu.harnessPart = :hp
févr. 12, 2016 11:49:17 AM gui.UI0002_Choose_Harness <init>
INFOS: Item found 22205127--26C42291A--P01--kltv-781--3
févr. 12, 2016 11:49:17 AM gui.UI0002_Choose_Harness <init>
INFOS: Item found 22205127--26C42291A--P02--3RV--3
févr. 12, 2016 11:49:17 AM gui.UI0002_Choose_Harness <init>
INFOS: 2 item(s) found for Harness Part[22205127].
févr. 12, 2016 11:49:19 AM gui.UI0002_Choose_Harness mappingContextVals
INFOS: Selected pack type : {harness_index=P02, harness_part=22205127, uid=3, choosen_pack_type=22205127--26C42291A--P02--3RV--3, supplier_part_number=26C42291A, harness_counter=P2220512705.02.2016;11:47:35, pallet_number=null, qty_expected=3, pack_type=3RV} 
févr. 12, 2016 11:49:19 AM gui.UI0002_Choose_Harness items_listKeyPressed
DÉSACTIVÉ: FROM ConfigUcs cu WHERE cu.supplierPartNumber = :supplierPartNumber AND cu.harnessIndex = :harnessIndex
févr. 12, 2016 11:49:19 AM gui.UI0002_Choose_Harness items_listKeyPressed
INFOS: Set Pallet [100000041] state to [in_process]
févr. 12, 2016 11:49:19 AM print.PrintOpenPallet_A5 sentToDefaultJobPrinter
INFOS: Target printer found: Win32 Printer : Fax 
févr. 12, 2016 11:49:20 AM gui.UI0002_Choose_Harness items_listKeyPressed
INFOS: Set Pallet [100000041] state to [printed]
févr. 12, 2016 11:49:20 AM state.S040_PalletChoice doAction
INFOS: Openning new container for first harness part [2205127].
févr. 12, 2016 11:53:23 AM classes.Helper InitDailyDestPrintDir
INFOS: Print directory [.\print\2016_12_02] already exist!
Print sub directory [.\print\2016_12_02.\pallet] already exist!
Print sub directory [.\print\2016_12_02.\closing_pallet] already exist!

févr. 12, 2016 11:53:35 AM classes.Helper InitDailyDestPrintDir
INFOS: Print directory [.\print\2016_12_02] already exist!
Print sub directory [.\print\2016_12_02.\pallet] already exist!
Print sub directory [.\print\2016_12_02.\closing_pallet] already exist!

févr. 12, 2016 11:54:15 AM classes.Helper InitDailyDestPrintDir
INFOS: Print directory [.\print\2016_12_02] already exist!
Print sub directory [.\print\2016_12_02.\pallet] already exist!
Print sub directory [.\print\2016_12_02.\closing_pallet] already exist!

févr. 12, 2016 11:54:32 AM classes.Helper InitDailyDestPrintDir
INFOS: Print directory [.\print\2016_12_02] already exist!
Print sub directory [.\print\2016_12_02.\pallet] already exist!
Print sub directory [.\print\2016_12_02.\closing_pallet] already exist!

févr. 12, 2016 11:54:43 AM classes.Helper InitDailyDestPrintDir
INFOS: Print directory [.\print\2016_12_02] already exist!
Print sub directory [.\print\2016_12_02.\pallet] already exist!
Print sub directory [.\print\2016_12_02.\closing_pallet] already exist!

févr. 12, 2016 12:01:16 PM classes.Helper InitDailyDestPrintDir
INFOS: Print directory [.\print\2016_12_02] already exist!
Print sub directory [.\print\2016_12_02.\pallet] already exist!
Print sub directory [.\print\2016_12_02.\closing_pallet] already exist!

févr. 12, 2016 12:01:50 PM classes.Helper InitDailyDestPrintDir
INFOS: Print directory [.\print\2016_12_02] already exist!
Print sub directory [.\print\2016_12_02.\pallet] already exist!
Print sub directory [.\print\2016_12_02.\closing_pallet] already exist!

févr. 12, 2016 12:02:38 PM classes.Helper InitDailyDestPrintDir
INFOS: Print directory [.\print\2016_12_02] already exist!
Print sub directory [.\print\2016_12_02.\pallet] already exist!
Print sub directory [.\print\2016_12_02.\closing_pallet] already exist!

févr. 12, 2016 12:02:38 PM entity.BaseContainer select
INFOS: FROM BaseContainer bc ORDER BY createTime DESC
févr. 12, 2016 12:02:41 PM state.S01_UserCodeScan doAction
DÉSACTIVÉ: FROM BaseUser bu WHERE bu.login = :login
févr. 12, 2016 12:02:41 PM state.S01_UserCodeScan doAction
INFOS: User Oussama EZZIOURI / 1001 connected to host null at 2016-02-12 12:02:38.
févr. 12, 2016 12:02:41 PM entity.BaseContainer select
INFOS: FROM BaseContainer bc ORDER BY createTime DESC
févr. 12, 2016 12:02:47 PM entity.BaseHarness checkHarnessPartFormat
INFOS: Invalid Harness Part scanned !
févr. 12, 2016 12:02:47 PM state.S02_HarnessPartScan doAction
INFOS: Invalid Harness Part scanned ! [qsd]
févr. 12, 2016 12:03:21 PM classes.Helper InitDailyDestPrintDir
INFOS: Print directory [.\print\2016_12_02] already exist!
Print sub directory [.\print\2016_12_02.\pallet] already exist!
Print sub directory [.\print\2016_12_02.\closing_pallet] already exist!

févr. 12, 2016 12:03:22 PM entity.BaseContainer select
INFOS: FROM BaseContainer bc ORDER BY createTime DESC
févr. 12, 2016 12:03:24 PM state.S01_UserCodeScan doAction
DÉSACTIVÉ: FROM BaseUser bu WHERE bu.login = :login
févr. 12, 2016 12:03:25 PM state.S01_UserCodeScan doAction
INFOS: Invalid matricule number !
févr. 12, 2016 12:03:26 PM state.S01_UserCodeScan doAction
DÉSACTIVÉ: FROM BaseUser bu WHERE bu.login = :login
févr. 12, 2016 12:03:26 PM state.S01_UserCodeScan doAction
INFOS: User Oussama EZZIOURI / 1001 connected to host null at 2016-02-12 12:03:21.
févr. 12, 2016 12:03:26 PM entity.BaseContainer select
INFOS: FROM BaseContainer bc ORDER BY createTime DESC
févr. 12, 2016 12:03:31 PM entity.ConfigUcs isHarnessPartExist
INFOS: Searching Harness part [22205127] in ConfigUCS: 22205127
févr. 12, 2016 12:03:31 PM entity.ConfigUcs select
INFOS: FROM ConfigUcs cu WHERE cu.harnessPart = :hp
févr. 12, 2016 12:03:31 PM entity.ConfigUcs isHarnessPartExist
INFOS: Harness part [22205127] found.
févr. 12, 2016 12:03:31 PM state.S02_HarnessPartScan doAction
INFOS: Harness Part scanned [P22205127] OK.
févr. 12, 2016 12:03:37 PM entity.BaseHarness checkCounterFormat
INFOS: Invalid Harness Part scanned [l]!
févr. 12, 2016 12:07:14 PM classes.Helper InitDailyDestPrintDir
INFOS: Print directory [.\print\2016_12_02] already exist!
Print sub directory [.\print\2016_12_02.\pallet] already exist!
Print sub directory [.\print\2016_12_02.\closing_pallet] already exist!

févr. 12, 2016 12:07:14 PM entity.BaseContainer select
INFOS: FROM BaseContainer bc ORDER BY createTime DESC
févr. 12, 2016 12:07:16 PM state.S01_UserCodeScan doAction
DÉSACTIVÉ: FROM BaseUser bu WHERE bu.login = :login
févr. 12, 2016 12:07:16 PM state.S01_UserCodeScan doAction
INFOS: User Yassine HADDANI / 1002 connected to host null at 2016-02-12 12:07:14.
févr. 12, 2016 12:07:16 PM entity.BaseContainer select
INFOS: FROM BaseContainer bc ORDER BY createTime DESC
févr. 12, 2016 12:07:20 PM entity.BaseHarness checkHarnessPartFormat
INFOS: Invalid Harness Part scanned !
févr. 12, 2016 12:07:20 PM state.S02_HarnessPartScan doAction
INFOS: Invalid Harness Part scanned ! []
févr. 12, 2016 12:07:21 PM entity.BaseHarness checkHarnessPartFormat
INFOS: Invalid Harness Part scanned !
févr. 12, 2016 12:07:21 PM state.S02_HarnessPartScan doAction
INFOS: Invalid Harness Part scanned ! [qsd]
févr. 12, 2016 12:07:26 PM entity.BaseHarness checkHarnessPartFormat
INFOS: Invalid Harness Part scanned !
févr. 12, 2016 12:07:26 PM state.S02_HarnessPartScan doAction
INFOS: Invalid Harness Part scanned ! [1001]
févr. 12, 2016 12:09:28 PM classes.Helper InitDailyDestPrintDir
INFOS: Print directory [.\print\2016_12_02] already exist!
Print sub directory [.\print\2016_12_02.\pallet] already exist!
Print sub directory [.\print\2016_12_02.\closing_pallet] already exist!

févr. 12, 2016 12:09:28 PM entity.BaseContainer select
INFOS: FROM BaseContainer bc ORDER BY createTime DESC
févr. 12, 2016 12:09:30 PM state.S01_UserCodeScan doAction
DÉSACTIVÉ: FROM BaseUser bu WHERE bu.login = :login
févr. 12, 2016 12:09:30 PM state.S01_UserCodeScan doAction
INFOS: User Yassine HADDANI / 1002 connected to host null at 2016-02-12 12:09:28.
févr. 12, 2016 12:09:30 PM entity.BaseContainer select
INFOS: FROM BaseContainer bc ORDER BY createTime DESC
févr. 12, 2016 12:09:44 PM classes.Helper InitDailyDestPrintDir
INFOS: Print directory [.\print\2016_12_02] already exist!
Print sub directory [.\print\2016_12_02.\pallet] already exist!
Print sub directory [.\print\2016_12_02.\closing_pallet] already exist!

févr. 12, 2016 12:09:44 PM entity.BaseContainer select
INFOS: FROM BaseContainer bc ORDER BY createTime DESC
févr. 12, 2016 12:09:46 PM state.S01_UserCodeScan doAction
DÉSACTIVÉ: FROM BaseUser bu WHERE bu.login = :login
févr. 12, 2016 12:09:46 PM state.S01_UserCodeScan doAction
INFOS: User Oussama EZZIOURI / 1001 connected to host null at 2016-02-12 12:09:44.
févr. 12, 2016 12:09:46 PM entity.BaseContainer select
INFOS: FROM BaseContainer bc ORDER BY createTime DESC
févr. 12, 2016 12:09:48 PM state.S01_UserCodeScan doAction
DÉSACTIVÉ: FROM BaseUser bu WHERE bu.login = :login
févr. 12, 2016 12:09:50 PM state.S01_UserCodeScan doAction
INFOS: Invalid matricule number !
févr. 12, 2016 12:09:54 PM state.S01_UserCodeScan doAction
DÉSACTIVÉ: FROM BaseUser bu WHERE bu.login = :login
févr. 12, 2016 12:09:55 PM state.S01_UserCodeScan doAction
INFOS: Invalid matricule number !
févr. 12, 2016 12:09:58 PM state.S01_UserCodeScan doAction
DÉSACTIVÉ: FROM BaseUser bu WHERE bu.login = :login
févr. 12, 2016 12:09:58 PM state.S01_UserCodeScan doAction
INFOS: User Yassine HADDANI / 1002 connected to host null at 2016-02-12 12:09:44.
févr. 12, 2016 12:09:58 PM entity.BaseContainer select
INFOS: FROM BaseContainer bc ORDER BY createTime DESC
févr. 12, 2016 12:10:03 PM entity.ConfigUcs isHarnessPartExist
INFOS: Searching Harness part [22205127] in ConfigUCS: 22205127
févr. 12, 2016 12:10:03 PM entity.ConfigUcs select
INFOS: FROM ConfigUcs cu WHERE cu.harnessPart = :hp
févr. 12, 2016 12:10:03 PM entity.ConfigUcs isHarnessPartExist
INFOS: Harness part [22205127] found.
févr. 12, 2016 12:10:03 PM state.S02_HarnessPartScan doAction
INFOS: Harness Part scanned [P22205127] OK.
févr. 12, 2016 12:10:10 PM state.S01_UserCodeScan doAction
DÉSACTIVÉ: FROM BaseUser bu WHERE bu.login = :login
févr. 12, 2016 12:10:10 PM state.S01_UserCodeScan doAction
INFOS: User Oussama EZZIOURI / 1001 connected to host null at 2016-02-12 12:09:44.
févr. 12, 2016 12:10:10 PM entity.BaseContainer select
INFOS: FROM BaseContainer bc ORDER BY createTime DESC
févr. 12, 2016 12:10:35 PM classes.Helper InitDailyDestPrintDir
INFOS: Print directory [.\print\2016_12_02] already exist!
Print sub directory [.\print\2016_12_02.\pallet] already exist!
Print sub directory [.\print\2016_12_02.\closing_pallet] already exist!

févr. 12, 2016 12:10:35 PM entity.BaseContainer select
INFOS: FROM BaseContainer bc ORDER BY createTime DESC
févr. 12, 2016 12:10:36 PM state.S01_UserCodeScan doAction
DÉSACTIVÉ: FROM BaseUser bu WHERE bu.login = :login
févr. 12, 2016 12:10:36 PM state.S01_UserCodeScan doAction
INFOS: User Oussama EZZIOURI / 1001 connected to host null at 2016-02-12 12:10:34.
févr. 12, 2016 12:10:36 PM entity.BaseContainer select
INFOS: FROM BaseContainer bc ORDER BY createTime DESC
févr. 12, 2016 12:10:39 PM state.S01_UserCodeScan doAction
DÉSACTIVÉ: FROM BaseUser bu WHERE bu.login = :login
févr. 12, 2016 12:10:39 PM state.S01_UserCodeScan doAction
INFOS: Invalid matricule number !
févr. 12, 2016 12:10:40 PM state.S01_UserCodeScan doAction
DÉSACTIVÉ: FROM BaseUser bu WHERE bu.login = :login
févr. 12, 2016 12:10:41 PM state.S01_UserCodeScan doAction
INFOS: Invalid matricule number !
févr. 12, 2016 12:10:42 PM state.S01_UserCodeScan doAction
DÉSACTIVÉ: FROM BaseUser bu WHERE bu.login = :login
févr. 12, 2016 12:10:43 PM state.S01_UserCodeScan doAction
INFOS: Invalid matricule number !
févr. 12, 2016 12:10:44 PM state.S01_UserCodeScan doAction
DÉSACTIVÉ: FROM BaseUser bu WHERE bu.login = :login
févr. 12, 2016 12:10:44 PM state.S01_UserCodeScan doAction
INFOS: User Yassine HADDANI / 1002 connected to host null at 2016-02-12 12:10:34.
févr. 12, 2016 12:10:44 PM entity.BaseContainer select
INFOS: FROM BaseContainer bc ORDER BY createTime DESC
févr. 12, 2016 12:10:49 PM entity.ConfigUcs isHarnessPartExist
INFOS: Searching Harness part [22205127] in ConfigUCS: 22205127
févr. 12, 2016 12:10:49 PM entity.ConfigUcs select
INFOS: FROM ConfigUcs cu WHERE cu.harnessPart = :hp
févr. 12, 2016 12:10:49 PM entity.ConfigUcs isHarnessPartExist
INFOS: Harness part [22205127] found.
févr. 12, 2016 12:10:49 PM state.S02_HarnessPartScan doAction
INFOS: Harness Part scanned [P22205127] OK.
févr. 12, 2016 12:10:51 PM state.S01_UserCodeScan doAction
DÉSACTIVÉ: FROM BaseUser bu WHERE bu.login = :login
févr. 12, 2016 12:10:52 PM state.S01_UserCodeScan doAction
INFOS: Invalid matricule number !
févr. 12, 2016 12:11:52 PM classes.Helper InitDailyDestPrintDir
INFOS: Print directory [.\print\2016_12_02] already exist!
Print sub directory [.\print\2016_12_02.\pallet] already exist!
Print sub directory [.\print\2016_12_02.\closing_pallet] already exist!

févr. 12, 2016 12:11:52 PM entity.BaseContainer select
INFOS: FROM BaseContainer bc ORDER BY createTime DESC
févr. 12, 2016 12:11:54 PM state.S01_UserCodeScan doAction
DÉSACTIVÉ: FROM BaseUser bu WHERE bu.login = :login
févr. 12, 2016 12:11:54 PM state.S01_UserCodeScan doAction
INFOS: User Yassine HADDANI / 1002 connected to host null at 2016-02-12 12:11:52.
févr. 12, 2016 12:11:55 PM entity.BaseContainer select
INFOS: FROM BaseContainer bc ORDER BY createTime DESC
févr. 12, 2016 12:11:56 PM entity.BaseHarness checkHarnessPartFormat
INFOS: Invalid Harness Part scanned !
févr. 12, 2016 12:11:56 PM state.S02_HarnessPartScan doAction
INFOS: Invalid Harness Part scanned ! []
févr. 12, 2016 12:11:59 PM state.S01_UserCodeScan doAction
INFOS: Invalid matricule number !
févr. 12, 2016 12:11:59 PM state.S01_UserCodeScan doAction
INFOS: Invalid matricule number !
févr. 12, 2016 12:12:01 PM state.S01_UserCodeScan doAction
DÉSACTIVÉ: FROM BaseUser bu WHERE bu.login = :login
févr. 12, 2016 12:12:01 PM state.S01_UserCodeScan doAction
INFOS: Invalid matricule number !
févr. 12, 2016 12:12:03 PM state.S01_UserCodeScan doAction
DÉSACTIVÉ: FROM BaseUser bu WHERE bu.login = :login
févr. 12, 2016 12:12:03 PM state.S01_UserCodeScan doAction
INFOS: User Yassine HADDANI / 1002 connected to host null at 2016-02-12 12:11:52.
févr. 12, 2016 12:12:03 PM entity.BaseContainer select
INFOS: FROM BaseContainer bc ORDER BY createTime DESC
févr. 12, 2016 12:12:17 PM classes.Helper InitDailyDestPrintDir
INFOS: Print directory [.\print\2016_12_02] already exist!
Print sub directory [.\print\2016_12_02.\pallet] already exist!
Print sub directory [.\print\2016_12_02.\closing_pallet] already exist!

févr. 12, 2016 12:12:18 PM entity.BaseContainer select
INFOS: FROM BaseContainer bc ORDER BY createTime DESC
févr. 12, 2016 12:12:26 PM state.S01_UserCodeScan doAction
DÉSACTIVÉ: FROM BaseUser bu WHERE bu.login = :login
févr. 12, 2016 12:12:26 PM state.S01_UserCodeScan doAction
INFOS: User Oussama EZZIOURI / 1001 connected to host null at 2016-02-12 12:12:17.
févr. 12, 2016 12:12:26 PM entity.BaseContainer select
INFOS: FROM BaseContainer bc ORDER BY createTime DESC
févr. 12, 2016 12:12:31 PM entity.BaseHarness checkHarnessPartFormat
INFOS: Invalid Harness Part scanned !
févr. 12, 2016 12:12:31 PM state.S02_HarnessPartScan doAction
INFOS: Invalid Harness Part scanned ! [P2205127]
févr. 12, 2016 12:12:34 PM entity.ConfigUcs isHarnessPartExist
INFOS: Searching Harness part [22205127] in ConfigUCS: 22205127
févr. 12, 2016 12:12:34 PM entity.ConfigUcs select
INFOS: FROM ConfigUcs cu WHERE cu.harnessPart = :hp
févr. 12, 2016 12:12:34 PM entity.ConfigUcs isHarnessPartExist
INFOS: Harness part [22205127] found.
févr. 12, 2016 12:12:34 PM state.S02_HarnessPartScan doAction
INFOS: Harness Part scanned [P22205127] OK.
févr. 12, 2016 12:12:43 PM entity.BaseHarness isCounterExist
INFOS: Searching Harness counter [P2220512705.02.2016;11:47:37] in BaseHarness.
févr. 12, 2016 12:12:43 PM entity.BaseHarness isCounterExist
INFOS: FROM BaseHarness bh WHERE bh.counter = :counter
févr. 12, 2016 12:12:43 PM entity.BaseHarness isCounterExist
INFOS: New Harness counter [P2220512705.02.2016;11:47:37].
févr. 12, 2016 12:12:43 PM state.S03_QRCodeScan doAction
INFOS: Valid Harness Counter scanned [P2220512705.02.2016;11:47:37] OK.
févr. 12, 2016 12:12:48 PM entity.BaseContainer getBaseContainer
INFOS: FROM BaseContainer bc WHERE bc.palletNumber = :palletNumber
févr. 12, 2016 12:12:49 PM state.S040_PalletChoice saveAndPrintGalia
INFOS: Set Closing Pallet item [7] state to [in_process]
févr. 12, 2016 12:12:49 PM print.PrintClosingPallet_A5 sentToDefaultJobPrinter
INFOS: Target printer found: Win32 Printer : Fax 
févr. 12, 2016 12:12:49 PM state.S040_PalletChoice saveAndPrintGalia
INFOS: Set Closing Pallet [7] state to [printed]
févr. 12, 2016 12:12:49 PM entity.BaseContainer select
INFOS: FROM BaseContainer bc ORDER BY createTime DESC
févr. 12, 2016 12:13:11 PM entity.BaseContainer getBaseContainer
INFOS: FROM BaseContainer bc WHERE bc.palletNumber = :palletNumber
févr. 12, 2016 12:13:11 PM entity.BaseContainer select
INFOS: FROM BaseContainer bc ORDER BY createTime DESC
févr. 12, 2016 12:20:45 PM classes.Helper InitDailyDestPrintDir
INFOS: Print directory [.\print\2016_12_02] already exist!
Print sub directory [.\print\2016_12_02.\pallet] already exist!
Print sub directory [.\print\2016_12_02.\closing_pallet] already exist!

févr. 12, 2016 12:20:45 PM entity.BaseContainer select
INFOS: FROM BaseContainer bc ORDER BY createTime DESC
févr. 12, 2016 12:21:07 PM classes.Helper InitDailyDestPrintDir
INFOS: Print directory [.\print\2016_12_02] already exist!
Print sub directory [.\print\2016_12_02.\pallet] already exist!
Print sub directory [.\print\2016_12_02.\closing_pallet] already exist!

févr. 12, 2016 12:21:07 PM entity.BaseContainer select
INFOS: FROM BaseContainer bc ORDER BY createTime DESC
févr. 12, 2016 12:23:44 PM classes.Helper InitDailyDestPrintDir
INFOS: Print directory [.\print\2016_12_02] already exist!
Print sub directory [.\print\2016_12_02.\pallet] already exist!
Print sub directory [.\print\2016_12_02.\closing_pallet] already exist!

févr. 12, 2016 12:23:45 PM entity.BaseContainer select
INFOS: FROM BaseContainer bc ORDER BY createTime DESC
févr. 12, 2016 12:27:05 PM classes.Helper InitDailyDestPrintDir
INFOS: Print directory [.\print\2016_12_02] already exist!
Print sub directory [.\print\2016_12_02.\pallet] already exist!
Print sub directory [.\print\2016_12_02.\closing_pallet] already exist!

févr. 12, 2016 12:27:06 PM entity.BaseContainer select
INFOS: FROM BaseContainer bc ORDER BY createTime DESC
févr. 12, 2016 12:32:41 PM classes.Helper InitDailyDestPrintDir
INFOS: Print directory [.\print\2016_12_02] already exist!
Print sub directory [.\print\2016_12_02.\pallet] already exist!
Print sub directory [.\print\2016_12_02.\closing_pallet] already exist!

févr. 12, 2016 12:33:02 PM classes.Helper InitDailyDestPrintDir
INFOS: Print directory [.\print\2016_12_02] already exist!
Print sub directory [.\print\2016_12_02.\pallet] already exist!
Print sub directory [.\print\2016_12_02.\closing_pallet] already exist!

févr. 12, 2016 12:37:43 PM classes.Helper InitDailyDestPrintDir
INFOS: Print directory [.\print\2016_12_02] already exist!
Print sub directory [.\print\2016_12_02.\pallet] already exist!
Print sub directory [.\print\2016_12_02.\closing_pallet] already exist!

févr. 12, 2016 12:38:29 PM classes.Helper InitDailyDestPrintDir
INFOS: Print directory [.\print\2016_12_02] already exist!
Print sub directory [.\print\2016_12_02.\pallet] already exist!
Print sub directory [.\print\2016_12_02.\closing_pallet] already exist!

févr. 12, 2016 12:38:57 PM classes.Helper InitDailyDestPrintDir
INFOS: Print directory [.\print\2016_12_02] already exist!
Print sub directory [.\print\2016_12_02.\pallet] already exist!
Print sub directory [.\print\2016_12_02.\closing_pallet] already exist!

févr. 12, 2016 12:38:57 PM entity.BaseContainer select
INFOS: FROM BaseContainer bc ORDER BY createTime DESC
févr. 12, 2016 2:44:50 PM classes.Helper InitDailyDestPrintDir
INFOS: Print directory [.\print\2016_12_02] already exist!
Print sub directory [.\print\2016_12_02.\pallet] already exist!
Print sub directory [.\print\2016_12_02.\closing_pallet] already exist!

févr. 12, 2016 2:44:50 PM entity.BaseContainer select
INFOS: FROM BaseContainer bc ORDER BY createTime DESC
févr. 12, 2016 2:44:58 PM state.S01_UserCodeScan doAction
DÉSACTIVÉ: FROM BaseUser bu WHERE bu.login = :login
févr. 12, 2016 2:44:58 PM state.S01_UserCodeScan doAction
INFOS: User Oussama EZZIOURI / 1001 connected to host null at 2016-02-12 14:44:50.
févr. 12, 2016 2:44:58 PM entity.BaseContainer select
INFOS: FROM BaseContainer bc ORDER BY createTime DESC
févr. 12, 2016 2:45:28 PM entity.ConfigUcs isHarnessPartExist
INFOS: Searching Harness part [22205127] in ConfigUCS: 22205127
févr. 12, 2016 2:45:28 PM entity.ConfigUcs select
INFOS: FROM ConfigUcs cu WHERE cu.harnessPart = :hp
févr. 12, 2016 2:45:28 PM entity.ConfigUcs isHarnessPartExist
INFOS: Harness part [22205127] found.
févr. 12, 2016 2:45:28 PM state.S02_HarnessPartScan doAction
INFOS: Harness Part scanned [P22205127] OK.
févr. 12, 2016 2:45:43 PM entity.BaseHarness isCounterExist
INFOS: Searching Harness counter [P2220512705.02.2016;11:50:01] in BaseHarness.
févr. 12, 2016 2:45:43 PM entity.BaseHarness isCounterExist
INFOS: FROM BaseHarness bh WHERE bh.counter = :counter
févr. 12, 2016 2:45:43 PM entity.BaseHarness isCounterExist
INFOS: New Harness counter [P2220512705.02.2016;11:50:01].
févr. 12, 2016 2:45:43 PM state.S03_QRCodeScan doAction
INFOS: Valid Harness Counter scanned [P2220512705.02.2016;11:50:01] OK.
févr. 12, 2016 2:45:53 PM entity.BaseContainer getBaseContainer
INFOS: FROM BaseContainer bc WHERE bc.palletNumber = :palletNumber
févr. 12, 2016 2:45:53 PM gui.UI0002_Choose_Harness <init>
DÉSACTIVÉ: FROM ConfigUcs cu WHERE cu.harnessPart = :hp
févr. 12, 2016 2:45:53 PM gui.UI0002_Choose_Harness <init>
INFOS: Item found 22205127--26C42291A--P01--kltv-781--3
févr. 12, 2016 2:45:53 PM gui.UI0002_Choose_Harness <init>
INFOS: Item found 22205127--26C42291A--P02--3RV--3
févr. 12, 2016 2:45:53 PM gui.UI0002_Choose_Harness <init>
INFOS: 2 item(s) found for Harness Part[22205127].
févr. 12, 2016 2:45:55 PM gui.UI0002_Choose_Harness mappingContextVals
INFOS: Selected pack type : {harness_index=P01, harness_part=22205127, uid=3, choosen_pack_type=22205127--26C42291A--P01--kltv-781--3, supplier_part_number=26C42291A, harness_counter=P2220512705.02.2016;11:50:01, pallet_number=null, qty_expected=3, pack_type=kltv-781} 
févr. 12, 2016 2:45:55 PM gui.UI0002_Choose_Harness items_listKeyPressed
DÉSACTIVÉ: FROM ConfigUcs cu WHERE cu.supplierPartNumber = :supplierPartNumber AND cu.harnessIndex = :harnessIndex
févr. 12, 2016 2:45:55 PM gui.UI0002_Choose_Harness items_listKeyPressed
INFOS: Set Pallet [100000042] state to [in_process]
févr. 12, 2016 2:45:55 PM print.PrintOpenPallet_A5 sentToDefaultJobPrinter
INFOS: Target printer found: Win32 Printer : Fax 
févr. 12, 2016 2:45:55 PM gui.UI0002_Choose_Harness items_listKeyPressed
INFOS: Set Pallet [100000042] state to [printed]
févr. 12, 2016 2:45:55 PM state.S040_PalletChoice doAction
INFOS: Openning new container for first harness part [2205127].
févr. 12, 2016 2:46:22 PM state.S041_NewPalletScan doAction
AVERTISSEMENT: Incorrect pallet number [100]
févr. 12, 2016 2:46:24 PM state.S041_NewPalletScan doAction
AVERTISSEMENT: Incorrect pallet number [10000]
févr. 12, 2016 2:46:31 PM state.S041_NewPalletScan doAction
INFOS: Scanned Pallet number [100000042] OK.
févr. 12, 2016 2:46:31 PM state.S041_NewPalletScan doAction
INFOS: BaseContainer created BaseContainer{id=27, createTime=Fri Feb 12 14:46:31 WET 2016, writeTime=Fri Feb 12 14:46:31 WET 2016, createId=3, writeId=3, user=1001, startTime=Fri Feb 12 14:46:31 WET 2016, completeTime=null, workTime=null, palletNumber=100000042, harnessPart=22205127, harnessIndex=P01, supplierPartNumber=26C42291A, qtyExpected=3, qtyRead=1, state=open, packType=kltv-781} 
févr. 12, 2016 2:46:32 PM entity.BaseContainer select
INFOS: FROM BaseContainer bc ORDER BY createTime DESC
févr. 12, 2016 2:48:17 PM classes.Helper InitDailyDestPrintDir
INFOS: Print directory [.\print\2016_12_02] already exist!
Print sub directory [.\print\2016_12_02.\pallet] already exist!
Print sub directory [.\print\2016_12_02.\closing_pallet] already exist!

févr. 12, 2016 2:48:18 PM entity.BaseContainer select
INFOS: FROM BaseContainer bc ORDER BY createTime DESC
févr. 12, 2016 2:48:22 PM state.S01_UserCodeScan doAction
DÉSACTIVÉ: FROM BaseUser bu WHERE bu.login = :login
févr. 12, 2016 2:48:22 PM state.S01_UserCodeScan doAction
INFOS: User Yassine HADDANI / 1002 connected to host null at 2016-02-12 14:48:17.
févr. 12, 2016 2:48:22 PM entity.BaseContainer select
INFOS: FROM BaseContainer bc ORDER BY createTime DESC
févr. 12, 2016 2:48:26 PM entity.ConfigUcs isHarnessPartExist
INFOS: Searching Harness part [22205127] in ConfigUCS: 22205127
févr. 12, 2016 2:48:26 PM entity.ConfigUcs select
INFOS: FROM ConfigUcs cu WHERE cu.harnessPart = :hp
févr. 12, 2016 2:48:26 PM entity.ConfigUcs isHarnessPartExist
INFOS: Harness part [22205127] found.
févr. 12, 2016 2:48:26 PM state.S02_HarnessPartScan doAction
INFOS: Harness Part scanned [P22205127] OK.
févr. 12, 2016 2:48:38 PM entity.BaseHarness isCounterExist
INFOS: Searching Harness counter [P2220512705.02.2016;11:48:40] in BaseHarness.
févr. 12, 2016 2:48:38 PM entity.BaseHarness isCounterExist
INFOS: FROM BaseHarness bh WHERE bh.counter = :counter
févr. 12, 2016 2:48:38 PM entity.BaseHarness isCounterExist
INFOS: New Harness counter [P2220512705.02.2016;11:48:40].
févr. 12, 2016 2:48:38 PM state.S03_QRCodeScan doAction
INFOS: Valid Harness Counter scanned [P2220512705.02.2016;11:48:40] OK.
févr. 12, 2016 2:48:43 PM entity.BaseContainer getBaseContainer
INFOS: FROM BaseContainer bc WHERE bc.palletNumber = :palletNumber
févr. 12, 2016 2:48:43 PM gui.UI0002_Choose_Harness <init>
DÉSACTIVÉ: FROM ConfigUcs cu WHERE cu.harnessPart = :hp
févr. 12, 2016 2:48:43 PM gui.UI0002_Choose_Harness <init>
INFOS: Item found 22205127--26C42291A--P01--kltv-781--3
févr. 12, 2016 2:48:43 PM gui.UI0002_Choose_Harness <init>
INFOS: Item found 22205127--26C42291A--P02--3RV--3
févr. 12, 2016 2:48:43 PM gui.UI0002_Choose_Harness <init>
INFOS: 2 item(s) found for Harness Part[22205127].
févr. 12, 2016 2:48:44 PM gui.UI0002_Choose_Harness mappingContextVals
INFOS: Selected pack type : {harness_index=P02, harness_part=22205127, uid=4, choosen_pack_type=22205127--26C42291A--P02--3RV--3, supplier_part_number=26C42291A, harness_counter=P2220512705.02.2016;11:48:40, pallet_number=null, qty_expected=3, pack_type=3RV} 
févr. 12, 2016 2:48:44 PM gui.UI0002_Choose_Harness items_listKeyPressed
DÉSACTIVÉ: FROM ConfigUcs cu WHERE cu.supplierPartNumber = :supplierPartNumber AND cu.harnessIndex = :harnessIndex
févr. 12, 2016 2:48:45 PM gui.UI0002_Choose_Harness items_listKeyPressed
INFOS: Set Pallet [100000043] state to [in_process]
févr. 12, 2016 2:48:45 PM print.PrintOpenPallet_A5 sentToDefaultJobPrinter
INFOS: Target printer found: Win32 Printer : Fax 
févr. 12, 2016 2:48:45 PM gui.UI0002_Choose_Harness items_listKeyPressed
INFOS: Set Pallet [100000043] state to [printed]
févr. 12, 2016 2:48:45 PM state.S040_PalletChoice doAction
INFOS: Openning new container for first harness part [2205127].
févr. 12, 2016 2:51:30 PM classes.Helper InitDailyDestPrintDir
INFOS: Print directory [.\print\2016_12_02] already exist!
Print sub directory [.\print\2016_12_02.\pallet] already exist!
Print sub directory [.\print\2016_12_02.\closing_pallet] already exist!

févr. 12, 2016 2:51:30 PM entity.BaseContainer select
INFOS: FROM BaseContainer bc ORDER BY createTime DESC
févr. 12, 2016 9:32:02 PM classes.Helper InitDailyDestPrintDir
INFOS: Print directory [.\print\2016_12_02] already exist!
Print sub directory [.\print\2016_12_02.\pallet] already exist!
Print sub directory [.\print\2016_12_02.\closing_pallet] already exist!

févr. 12, 2016 9:36:20 PM classes.Helper InitDailyDestPrintDir
INFOS: Print directory [.\print\2016_12_02] already exist!
Print sub directory [.\print\2016_12_02.\pallet] already exist!
Print sub directory [.\print\2016_12_02.\closing_pallet] already exist!

févr. 12, 2016 9:36:50 PM classes.Helper InitDailyDestPrintDir
INFOS: Print directory [.\print\2016_12_02] already exist!
Print sub directory [.\print\2016_12_02.\pallet] already exist!
Print sub directory [.\print\2016_12_02.\closing_pallet] already exist!

févr. 12, 2016 9:45:04 PM classes.Helper InitDailyDestPrintDir
INFOS: Print directory [.\print\2016_12_02] already exist!
Print sub directory [.\print\2016_12_02.\pallet] already exist!
Print sub directory [.\print\2016_12_02.\closing_pallet] already exist!

févr. 12, 2016 9:46:42 PM classes.Helper InitDailyDestPrintDir
INFOS: Print directory [.\print\2016_12_02] already exist!
Print sub directory [.\print\2016_12_02.\pallet] already exist!
Print sub directory [.\print\2016_12_02.\closing_pallet] already exist!

févr. 12, 2016 9:54:46 PM classes.Helper InitDailyDestPrintDir
INFOS: Print directory [.\print\2016_12_02] already exist!
Print sub directory [.\print\2016_12_02.\pallet] already exist!
Print sub directory [.\print\2016_12_02.\closing_pallet] already exist!

févr. 12, 2016 9:55:42 PM classes.Helper InitDailyDestPrintDir
INFOS: Print directory [.\print\2016_12_02] already exist!
Print sub directory [.\print\2016_12_02.\pallet] already exist!
Print sub directory [.\print\2016_12_02.\closing_pallet] already exist!

févr. 12, 2016 9:56:26 PM classes.Helper InitDailyDestPrintDir
INFOS: Print directory [.\print\2016_12_02] already exist!
Print sub directory [.\print\2016_12_02.\pallet] already exist!
Print sub directory [.\print\2016_12_02.\closing_pallet] already exist!

févr. 12, 2016 9:57:02 PM classes.Helper InitDailyDestPrintDir
INFOS: Print directory [.\print\2016_12_02] already exist!
Print sub directory [.\print\2016_12_02.\pallet] already exist!
Print sub directory [.\print\2016_12_02.\closing_pallet] already exist!

févr. 12, 2016 10:01:49 PM classes.Helper InitDailyDestPrintDir
INFOS: Print directory [.\print\2016_12_02] already exist!
Print sub directory [.\print\2016_12_02.\pallet] already exist!
Print sub directory [.\print\2016_12_02.\closing_pallet] already exist!

févr. 12, 2016 10:03:05 PM classes.Helper InitDailyDestPrintDir
INFOS: Print directory [.\print\2016_12_02] already exist!
Print sub directory [.\print\2016_12_02.\pallet] already exist!
Print sub directory [.\print\2016_12_02.\closing_pallet] already exist!

févr. 12, 2016 10:03:34 PM classes.Helper InitDailyDestPrintDir
INFOS: Print directory [.\print\2016_12_02] already exist!
Print sub directory [.\print\2016_12_02.\pallet] already exist!
Print sub directory [.\print\2016_12_02.\closing_pallet] already exist!

févr. 12, 2016 10:07:29 PM classes.Helper InitDailyDestPrintDir
INFOS: Print directory [.\print\2016_12_02] already exist!
Print sub directory [.\print\2016_12_02.\pallet] already exist!
Print sub directory [.\print\2016_12_02.\closing_pallet] already exist!

févr. 12, 2016 10:08:13 PM classes.Helper InitDailyDestPrintDir
INFOS: Print directory [.\print\2016_12_02] already exist!
Print sub directory [.\print\2016_12_02.\pallet] already exist!
Print sub directory [.\print\2016_12_02.\closing_pallet] already exist!

févr. 12, 2016 10:09:14 PM classes.Helper InitDailyDestPrintDir
INFOS: Print directory [.\print\2016_12_02] already exist!
Print sub directory [.\print\2016_12_02.\pallet] already exist!
Print sub directory [.\print\2016_12_02.\closing_pallet] already exist!

févr. 12, 2016 10:09:31 PM classes.Helper InitDailyDestPrintDir
INFOS: Print directory [.\print\2016_12_02] already exist!
Print sub directory [.\print\2016_12_02.\pallet] already exist!
Print sub directory [.\print\2016_12_02.\closing_pallet] already exist!

févr. 12, 2016 10:09:56 PM classes.Helper InitDailyDestPrintDir
INFOS: Print directory [.\print\2016_12_02] already exist!
Print sub directory [.\print\2016_12_02.\pallet] already exist!
Print sub directory [.\print\2016_12_02.\closing_pallet] already exist!

févr. 12, 2016 10:11:40 PM classes.Helper InitDailyDestPrintDir
INFOS: Print directory [.\print\2016_12_02] already exist!
Print sub directory [.\print\2016_12_02.\pallet] already exist!
Print sub directory [.\print\2016_12_02.\closing_pallet] already exist!

févr. 12, 2016 10:12:26 PM classes.Helper InitDailyDestPrintDir
INFOS: Print directory [.\print\2016_12_02] already exist!
Print sub directory [.\print\2016_12_02.\pallet] already exist!
Print sub directory [.\print\2016_12_02.\closing_pallet] already exist!

févr. 12, 2016 10:13:07 PM classes.Helper InitDailyDestPrintDir
INFOS: Print directory [.\print\2016_12_02] already exist!
Print sub directory [.\print\2016_12_02.\pallet] already exist!
Print sub directory [.\print\2016_12_02.\closing_pallet] already exist!

févr. 12, 2016 10:13:28 PM classes.Helper InitDailyDestPrintDir
INFOS: Print directory [.\print\2016_12_02] already exist!
Print sub directory [.\print\2016_12_02.\pallet] already exist!
Print sub directory [.\print\2016_12_02.\closing_pallet] already exist!

févr. 12, 2016 10:14:14 PM classes.Helper InitDailyDestPrintDir
INFOS: Print directory [.\print\2016_12_02] already exist!
Print sub directory [.\print\2016_12_02.\pallet] already exist!
Print sub directory [.\print\2016_12_02.\closing_pallet] already exist!

févr. 12, 2016 10:14:48 PM classes.Helper InitDailyDestPrintDir
INFOS: Print directory [.\print\2016_12_02] already exist!
Print sub directory [.\print\2016_12_02.\pallet] already exist!
Print sub directory [.\print\2016_12_02.\closing_pallet] already exist!

févr. 12, 2016 10:15:14 PM classes.Helper InitDailyDestPrintDir
INFOS: Print directory [.\print\2016_12_02] already exist!
Print sub directory [.\print\2016_12_02.\pallet] already exist!
Print sub directory [.\print\2016_12_02.\closing_pallet] already exist!

févr. 12, 2016 10:17:07 PM classes.Helper InitDailyDestPrintDir
INFOS: Print directory [.\print\2016_12_02] already exist!
Print sub directory [.\print\2016_12_02.\pallet] already exist!
Print sub directory [.\print\2016_12_02.\closing_pallet] already exist!

févr. 12, 2016 10:17:07 PM entity.BaseContainer select
INFOS: FROM BaseContainer bc ORDER BY createTime DESC
févr. 12, 2016 10:17:17 PM state.S01_UserCodeScan doAction
DÉSACTIVÉ: FROM BaseUser bu WHERE bu.login = :login
févr. 12, 2016 10:17:17 PM state.S01_UserCodeScan doAction
INFOS: User Yassine HADDANI / 1002 connected to host null at 2016-02-12 22:17:07.
févr. 12, 2016 10:17:17 PM entity.BaseContainer select
INFOS: FROM BaseContainer bc ORDER BY createTime DESC
févr. 12, 2016 10:17:23 PM entity.ConfigUcs isHarnessPartExist
INFOS: Searching Harness part [22205127] in ConfigUCS: 22205127
févr. 12, 2016 10:17:23 PM entity.ConfigUcs select
INFOS: FROM ConfigUcs cu WHERE cu.harnessPart = :hp
févr. 12, 2016 10:17:23 PM entity.ConfigUcs isHarnessPartExist
INFOS: Harness part [22205127] found.
févr. 12, 2016 10:17:23 PM state.S02_HarnessPartScan doAction
INFOS: Harness Part scanned [P22205127] OK.
févr. 12, 2016 10:17:33 PM entity.BaseHarness isCounterExist
INFOS: Searching Harness counter [P2220512705.02.2016;11:48:00] in BaseHarness.
févr. 12, 2016 10:17:33 PM entity.BaseHarness isCounterExist
INFOS: FROM BaseHarness bh WHERE bh.counter = :counter
févr. 12, 2016 10:17:33 PM entity.BaseHarness isCounterExist
INFOS: New Harness counter [P2220512705.02.2016;11:48:00].
févr. 12, 2016 10:17:33 PM state.S03_QRCodeScan doAction
INFOS: Valid Harness Counter scanned [P2220512705.02.2016;11:48:00] OK.
févr. 12, 2016 10:17:39 PM entity.BaseContainer getBaseContainer
INFOS: FROM BaseContainer bc WHERE bc.palletNumber = :palletNumber
févr. 12, 2016 10:17:39 PM entity.BaseContainer select
INFOS: FROM BaseContainer bc ORDER BY createTime DESC
févr. 12, 2016 10:17:44 PM entity.ConfigUcs isHarnessPartExist
INFOS: Searching Harness part [22205127] in ConfigUCS: 22205127
févr. 12, 2016 10:17:44 PM entity.ConfigUcs select
INFOS: FROM ConfigUcs cu WHERE cu.harnessPart = :hp
févr. 12, 2016 10:17:44 PM entity.ConfigUcs isHarnessPartExist
INFOS: Harness part [22205127] found.
févr. 12, 2016 10:17:44 PM state.S02_HarnessPartScan doAction
INFOS: Harness Part scanned [P22205127] OK.
févr. 12, 2016 10:17:50 PM entity.BaseHarness isCounterExist
INFOS: Searching Harness counter [P2220512705.02.2016;11:48:01] in BaseHarness.
févr. 12, 2016 10:17:50 PM entity.BaseHarness isCounterExist
INFOS: FROM BaseHarness bh WHERE bh.counter = :counter
févr. 12, 2016 10:17:50 PM entity.BaseHarness isCounterExist
INFOS: New Harness counter [P2220512705.02.2016;11:48:01].
févr. 12, 2016 10:17:50 PM state.S03_QRCodeScan doAction
INFOS: Valid Harness Counter scanned [P2220512705.02.2016;11:48:01] OK.
févr. 12, 2016 10:17:56 PM entity.BaseContainer getBaseContainer
INFOS: FROM BaseContainer bc WHERE bc.palletNumber = :palletNumber
févr. 12, 2016 10:17:56 PM state.S040_PalletChoice saveAndPrintGalia
INFOS: Set Closing Pallet item [8] state to [in_process]
févr. 12, 2016 10:17:56 PM print.PrintClosingPallet_A5 sentToDefaultJobPrinter
INFOS: Target printer found: Win32 Printer : Fax 
févr. 12, 2016 10:17:57 PM state.S040_PalletChoice saveAndPrintGalia
INFOS: Set Closing Pallet [8] state to [printed]
févr. 12, 2016 10:17:57 PM entity.BaseContainer select
INFOS: FROM BaseContainer bc ORDER BY createTime DESC
févr. 12, 2016 10:18:40 PM entity.BaseContainer getBaseContainer
INFOS: FROM BaseContainer bc WHERE bc.palletNumber = :palletNumber
févr. 12, 2016 10:18:40 PM entity.BaseContainer select
INFOS: FROM BaseContainer bc ORDER BY createTime DESC
févr. 12, 2016 10:19:14 PM state.S01_UserCodeScan doAction
DÉSACTIVÉ: FROM BaseUser bu WHERE bu.login = :login
févr. 12, 2016 10:19:15 PM state.S01_UserCodeScan doAction
INFOS: User Oussama EZZIOURI / 1001 connected to host null at 2016-02-12 22:17:07.
févr. 12, 2016 10:19:15 PM entity.BaseContainer select
INFOS: FROM BaseContainer bc ORDER BY createTime DESC
févr. 12, 2016 10:19:27 PM entity.ConfigUcs isHarnessPartExist
INFOS: Searching Harness part [22205127] in ConfigUCS: 22205127
févr. 12, 2016 10:19:27 PM entity.ConfigUcs select
INFOS: FROM ConfigUcs cu WHERE cu.harnessPart = :hp
févr. 12, 2016 10:19:27 PM entity.ConfigUcs isHarnessPartExist
INFOS: Harness part [22205127] found.
févr. 12, 2016 10:19:27 PM state.S02_HarnessPartScan doAction
INFOS: Harness Part scanned [P22205127] OK.
févr. 12, 2016 10:19:32 PM entity.BaseHarness isCounterExist
INFOS: Searching Harness counter [P2220512705.02.2016;11:47:55] in BaseHarness.
févr. 12, 2016 10:19:32 PM entity.BaseHarness isCounterExist
INFOS: FROM BaseHarness bh WHERE bh.counter = :counter
févr. 12, 2016 10:19:32 PM entity.BaseHarness isCounterExist
INFOS: New Harness counter [P2220512705.02.2016;11:47:55].
févr. 12, 2016 10:19:32 PM state.S03_QRCodeScan doAction
INFOS: Valid Harness Counter scanned [P2220512705.02.2016;11:47:55] OK.
févr. 12, 2016 10:19:45 PM entity.BaseContainer getBaseContainer
INFOS: FROM BaseContainer bc WHERE bc.palletNumber = :palletNumber
févr. 12, 2016 10:19:45 PM gui.UI0002_Choose_Harness <init>
DÉSACTIVÉ: FROM ConfigUcs cu WHERE cu.harnessPart = :hp
févr. 12, 2016 10:19:45 PM gui.UI0002_Choose_Harness <init>
INFOS: Item found 22205127--26C42291A--P01--kltv-781--3
févr. 12, 2016 10:19:45 PM gui.UI0002_Choose_Harness <init>
INFOS: Item found 22205127--26C42291A--P02--3RV--3
févr. 12, 2016 10:19:45 PM gui.UI0002_Choose_Harness <init>
INFOS: 2 item(s) found for Harness Part[22205127].
févr. 12, 2016 10:19:52 PM gui.UI0002_Choose_Harness mappingContextVals
INFOS: Selected pack type : {harness_index=P02, harness_part=22205127, uid=3, choosen_pack_type=22205127--26C42291A--P02--3RV--3, supplier_part_number=26C42291A, harness_counter=P2220512705.02.2016;11:47:55, pallet_number=null, qty_expected=3, pack_type=3RV} 
févr. 12, 2016 10:19:52 PM gui.UI0002_Choose_Harness items_listKeyPressed
DÉSACTIVÉ: FROM ConfigUcs cu WHERE cu.supplierPartNumber = :supplierPartNumber AND cu.harnessIndex = :harnessIndex
févr. 12, 2016 10:19:52 PM gui.UI0002_Choose_Harness items_listKeyPressed
INFOS: Set Pallet [100000044] state to [in_process]
févr. 12, 2016 10:19:52 PM print.PrintOpenPallet_A5 sentToDefaultJobPrinter
INFOS: Target printer found: Win32 Printer : Fax 
févr. 12, 2016 10:19:53 PM gui.UI0002_Choose_Harness items_listKeyPressed
INFOS: Set Pallet [100000044] state to [printed]
févr. 12, 2016 10:19:53 PM state.S040_PalletChoice doAction
INFOS: Openning new container for first harness part [2205127].
févr. 12, 2016 10:20:01 PM state.S041_NewPalletScan doAction
INFOS: Scanned Pallet number [100000044] OK.
févr. 12, 2016 10:20:01 PM state.S041_NewPalletScan doAction
INFOS: BaseContainer created BaseContainer{id=28, createTime=Fri Feb 12 22:20:01 WET 2016, writeTime=Fri Feb 12 22:20:01 WET 2016, createId=3, writeId=3, user=1001, startTime=Fri Feb 12 22:20:01 WET 2016, completeTime=null, workTime=null, palletNumber=100000044, harnessPart=22205127, harnessIndex=P02, supplierPartNumber=26C42291A, qtyExpected=3, qtyRead=1, state=open, packType=3RV} 
févr. 12, 2016 10:20:01 PM entity.BaseContainer select
INFOS: FROM BaseContainer bc ORDER BY createTime DESC
déc. 02, 2016 10:38:49 AM helper.Helper InitDailyDestPrintDir
INFOS: Print directory [.\print\2016_12_02] is created!
Print sub directory [.\print\2016_12_02.\open_sheet] is created!
Print sub directory [.\print\2016_12_02.\closing_sheet] is created!
Print sub directory [.\print\2016_12_02.\picking_label] is created!
Print sub directory [.\print\2016_12_02.\dispatch_label] is created!

déc. 02, 2016 10:38:58 AM gui.packaging.PACKAGING_UI0001_Main loadBarcodeConfig
INFOS: FROM ConfigBarcode cb WHERE cb.keyWord = :keyWord ORDER BY id ASC
déc. 02, 2016 10:38:59 AM entity.ConfigProject select
INFOS: FROM ConfigProject bp ORDER BY harnessType ASC
déc. 02, 2016 10:38:59 AM entity.ConfigProject select
INFOS: FROM ConfigProject bp ORDER BY harnessType ASC
déc. 02, 2016 10:39:09 AM entity.ConfigProject select
INFOS: FROM ConfigProject bp ORDER BY harnessType ASC
déc. 02, 2016 10:41:14 AM helper.Helper InitDailyDestPrintDir
INFOS: Print directory [.\print\2016_12_02] already exist!
Print sub directory [.\print\2016_12_02.\open_sheet] already exist!
Print sub directory [.\print\2016_12_02.\closing_sheet] already exist!
Print sub directory [.\print\2016_12_02.\picking_label] already exist!
Print sub directory [.\print\2016_12_02.\dispatch_label] already exist!

déc. 02, 2016 10:41:19 AM gui.packaging.PACKAGING_UI0001_Main loadBarcodeConfig
INFOS: FROM ConfigBarcode cb WHERE cb.keyWord = :keyWord ORDER BY id ASC
déc. 02, 2016 10:41:19 AM entity.ConfigProject select
INFOS: FROM ConfigProject bp ORDER BY harnessType ASC
déc. 02, 2016 10:41:19 AM entity.ConfigProject select
INFOS: FROM ConfigProject bp ORDER BY harnessType ASC
déc. 02, 2016 10:41:21 AM entity.ConfigProject select
INFOS: FROM ConfigProject bp ORDER BY harnessType ASC
déc. 02, 2016 10:51:56 AM entity.ConfigProject select
INFOS: FROM ConfigProject bp ORDER BY harnessType ASC
déc. 02, 2016 10:52:33 AM entity.ConfigProject select
INFOS: FROM ConfigProject bp ORDER BY harnessType ASC
déc. 02, 2016 10:55:34 AM helper.Helper InitDailyDestPrintDir
INFOS: Print directory [.\print\2016_12_02] already exist!
Print sub directory [.\print\2016_12_02.\open_sheet] already exist!
Print sub directory [.\print\2016_12_02.\closing_sheet] already exist!
Print sub directory [.\print\2016_12_02.\picking_label] already exist!
Print sub directory [.\print\2016_12_02.\dispatch_label] already exist!

déc. 02, 2016 10:55:36 AM gui.packaging.PACKAGING_UI0001_Main loadBarcodeConfig
INFOS: FROM ConfigBarcode cb WHERE cb.keyWord = :keyWord ORDER BY id ASC
déc. 02, 2016 10:55:36 AM entity.ConfigProject select
INFOS: FROM ConfigProject bp ORDER BY harnessType ASC
déc. 02, 2016 10:55:36 AM entity.ConfigProject select
INFOS: FROM ConfigProject bp ORDER BY harnessType ASC
déc. 02, 2016 10:55:37 AM entity.ConfigProject select
INFOS: FROM ConfigProject bp ORDER BY harnessType ASC
déc. 02, 2016 10:58:47 AM helper.Helper InitDailyDestPrintDir
INFOS: Print directory [.\print\2016_12_02] already exist!
Print sub directory [.\print\2016_12_02.\open_sheet] already exist!
Print sub directory [.\print\2016_12_02.\closing_sheet] already exist!
Print sub directory [.\print\2016_12_02.\picking_label] already exist!
Print sub directory [.\print\2016_12_02.\dispatch_label] already exist!

déc. 02, 2016 10:58:58 AM gui.packaging.PACKAGING_UI0001_Main loadBarcodeConfig
INFOS: FROM ConfigBarcode cb WHERE cb.keyWord = :keyWord ORDER BY id ASC
déc. 02, 2016 10:58:58 AM entity.ConfigProject select
INFOS: FROM ConfigProject bp ORDER BY harnessType ASC
déc. 02, 2016 10:58:58 AM entity.ConfigProject select
INFOS: FROM ConfigProject bp ORDER BY harnessType ASC
déc. 02, 2016 10:59:00 AM entity.ConfigProject select
INFOS: FROM ConfigProject bp ORDER BY harnessType ASC
déc. 02, 2016 11:03:32 AM helper.Helper InitDailyDestPrintDir
INFOS: Print directory [.\print\2016_12_02] already exist!
Print sub directory [.\print\2016_12_02.\open_sheet] already exist!
Print sub directory [.\print\2016_12_02.\closing_sheet] already exist!
Print sub directory [.\print\2016_12_02.\picking_label] already exist!
Print sub directory [.\print\2016_12_02.\dispatch_label] already exist!

déc. 02, 2016 11:03:33 AM gui.packaging.PACKAGING_UI0001_Main loadBarcodeConfig
INFOS: FROM ConfigBarcode cb WHERE cb.keyWord = :keyWord ORDER BY id ASC
déc. 02, 2016 11:03:34 AM entity.ConfigProject select
INFOS: FROM ConfigProject bp ORDER BY harnessType ASC
déc. 02, 2016 11:03:34 AM entity.ConfigProject select
INFOS: FROM ConfigProject bp ORDER BY harnessType ASC
déc. 02, 2016 11:03:36 AM entity.ConfigProject select
INFOS: FROM ConfigProject bp ORDER BY harnessType ASC
déc. 02, 2016 11:05:22 AM helper.Helper InitDailyDestPrintDir
INFOS: Print directory [.\print\2016_12_02] already exist!
Print sub directory [.\print\2016_12_02.\open_sheet] already exist!
Print sub directory [.\print\2016_12_02.\closing_sheet] already exist!
Print sub directory [.\print\2016_12_02.\picking_label] already exist!
Print sub directory [.\print\2016_12_02.\dispatch_label] already exist!

déc. 02, 2016 11:05:24 AM gui.packaging.PACKAGING_UI0001_Main loadBarcodeConfig
INFOS: FROM ConfigBarcode cb WHERE cb.keyWord = :keyWord ORDER BY id ASC
déc. 02, 2016 11:05:24 AM entity.ConfigProject select
INFOS: FROM ConfigProject bp ORDER BY harnessType ASC
déc. 02, 2016 11:05:24 AM entity.ConfigProject select
INFOS: FROM ConfigProject bp ORDER BY harnessType ASC
déc. 02, 2016 11:05:26 AM entity.ConfigProject select
INFOS: FROM ConfigProject bp ORDER BY harnessType ASC
déc. 02, 2016 12:16:03 PM helper.Helper InitDailyDestPrintDir
INFOS: Print directory [.\print\2016_12_02] already exist!
Print sub directory [.\print\2016_12_02.\open_sheet] already exist!
Print sub directory [.\print\2016_12_02.\closing_sheet] already exist!
Print sub directory [.\print\2016_12_02.\picking_label] already exist!
Print sub directory [.\print\2016_12_02.\dispatch_label] already exist!

déc. 02, 2016 12:16:06 PM gui.packaging.PACKAGING_UI0001_Main loadBarcodeConfig
INFOS: FROM ConfigBarcode cb WHERE cb.keyWord = :keyWord ORDER BY id ASC
déc. 02, 2016 12:16:06 PM entity.ConfigProject select
INFOS: FROM ConfigProject bp ORDER BY harnessType ASC
déc. 02, 2016 12:16:06 PM entity.ConfigProject select
INFOS: FROM ConfigProject bp ORDER BY harnessType ASC
déc. 02, 2016 12:16:08 PM entity.ConfigProject select
INFOS: FROM ConfigProject bp ORDER BY harnessType ASC
déc. 02, 2016 12:30:17 PM helper.Helper InitDailyDestPrintDir
INFOS: Print directory [.\print\2016_12_02] already exist!
Print sub directory [.\print\2016_12_02.\open_sheet] already exist!
Print sub directory [.\print\2016_12_02.\closing_sheet] already exist!
Print sub directory [.\print\2016_12_02.\picking_label] already exist!
Print sub directory [.\print\2016_12_02.\dispatch_label] already exist!

déc. 02, 2016 12:30:24 PM gui.packaging.PACKAGING_UI0001_Main loadBarcodeConfig
INFOS: FROM ConfigBarcode cb WHERE cb.keyWord = :keyWord ORDER BY id ASC
déc. 02, 2016 12:30:24 PM entity.ConfigProject select
INFOS: FROM ConfigProject bp ORDER BY harnessType ASC
déc. 02, 2016 12:30:24 PM entity.ConfigProject select
INFOS: FROM ConfigProject bp ORDER BY harnessType ASC
déc. 02, 2016 12:32:45 PM gui.packaging.PACKAGING_UI0001_Main loadBarcodeConfig
INFOS: FROM ConfigBarcode cb WHERE cb.keyWord = :keyWord ORDER BY id ASC
déc. 02, 2016 12:32:45 PM entity.ConfigProject select
INFOS: FROM ConfigProject bp ORDER BY harnessType ASC
déc. 02, 2016 12:32:45 PM entity.ConfigProject select
INFOS: FROM ConfigProject bp ORDER BY harnessType ASC
déc. 02, 2016 12:34:48 PM helper.Helper InitDailyDestPrintDir
INFOS: Print directory [.\print\2016_12_02] already exist!
Print sub directory [.\print\2016_12_02.\open_sheet] already exist!
Print sub directory [.\print\2016_12_02.\closing_sheet] already exist!
Print sub directory [.\print\2016_12_02.\picking_label] already exist!
Print sub directory [.\print\2016_12_02.\dispatch_label] already exist!

déc. 02, 2016 12:34:49 PM gui.packaging.PACKAGING_UI0001_Main loadBarcodeConfig
INFOS: FROM ConfigBarcode cb WHERE cb.keyWord = :keyWord ORDER BY id ASC
déc. 02, 2016 12:34:49 PM entity.ConfigProject select
INFOS: FROM ConfigProject bp ORDER BY harnessType ASC
