mai 16, 2017 5:38:50 PM helper.Helper InitDailyDestPrintDir
INFOS: Print directory [.\print\2017_05_16] is created!
Print sub directory [.\print\2017_05_16.\open_sheet] is created!
Print sub directory [.\print\2017_05_16.\closing_sheet] is created!
Print sub directory [.\print\2017_05_16.\picking_label] is created!
Print sub directory [.\print\2017_05_16.\dispatch_label] is created!

mai 16, 2017 5:38:54 PM gui.packaging.PACKAGING_UI9000_ChoosePackType <init>
INFOS: 1 UCS founds for Harness Part[22216200].
mai 16, 2017 5:40:03 PM helper.Helper InitDailyDestPrintDir
INFOS: Print directory [.\print\2017_05_16] already exist!
Print sub directory [.\print\2017_05_16.\open_sheet] already exist!
Print sub directory [.\print\2017_05_16.\closing_sheet] already exist!
Print sub directory [.\print\2017_05_16.\picking_label] already exist!
Print sub directory [.\print\2017_05_16.\dispatch_label] already exist!

mai 16, 2017 5:40:04 PM gui.packaging.PACKAGING_UI9000_ChoosePackType <init>
INFOS: 1 UCS founds for Harness Part[22216200].
mai 16, 2017 5:56:44 PM helper.Helper InitDailyDestPrintDir
INFOS: Print directory [.\print\2017_05_16] already exist!
Print sub directory [.\print\2017_05_16.\open_sheet] already exist!
Print sub directory [.\print\2017_05_16.\closing_sheet] already exist!
Print sub directory [.\print\2017_05_16.\picking_label] already exist!
Print sub directory [.\print\2017_05_16.\dispatch_label] already exist!

mai 16, 2017 5:56:45 PM gui.packaging.PACKAGING_UI9000_ChoosePackType <init>
INFOS: 1 UCS founds for Harness Part[22216200].
mai 16, 2017 6:20:04 PM helper.Helper InitDailyDestPrintDir
INFOS: Print directory [.\print\2017_05_16] already exist!
Print sub directory [.\print\2017_05_16.\open_sheet] already exist!
Print sub directory [.\print\2017_05_16.\closing_sheet] already exist!
Print sub directory [.\print\2017_05_16.\picking_label] already exist!
Print sub directory [.\print\2017_05_16.\dispatch_label] already exist!

mai 16, 2017 7:05:28 PM helper.Helper InitDailyDestPrintDir
INFOS: Print directory [.\print\2017_05_16] already exist!
Print sub directory [.\print\2017_05_16.\open_sheet] already exist!
Print sub directory [.\print\2017_05_16.\closing_sheet] already exist!
Print sub directory [.\print\2017_05_16.\picking_label] already exist!
Print sub directory [.\print\2017_05_16.\dispatch_label] already exist!

mai 16, 2017 7:08:03 PM helper.Helper InitDailyDestPrintDir
INFOS: Print directory [.\print\2017_05_16] already exist!
Print sub directory [.\print\2017_05_16.\open_sheet] already exist!
Print sub directory [.\print\2017_05_16.\closing_sheet] already exist!
Print sub directory [.\print\2017_05_16.\picking_label] already exist!
Print sub directory [.\print\2017_05_16.\dispatch_label] already exist!

mai 16, 2017 7:09:58 PM helper.Helper InitDailyDestPrintDir
INFOS: Print directory [.\print\2017_05_16] already exist!
Print sub directory [.\print\2017_05_16.\open_sheet] already exist!
Print sub directory [.\print\2017_05_16.\closing_sheet] already exist!
Print sub directory [.\print\2017_05_16.\picking_label] already exist!
Print sub directory [.\print\2017_05_16.\dispatch_label] already exist!

mai 16, 2017 7:11:26 PM helper.Helper InitDailyDestPrintDir
INFOS: Print directory [.\print\2017_05_16] already exist!
Print sub directory [.\print\2017_05_16.\open_sheet] already exist!
Print sub directory [.\print\2017_05_16.\closing_sheet] already exist!
Print sub directory [.\print\2017_05_16.\picking_label] already exist!
Print sub directory [.\print\2017_05_16.\dispatch_label] already exist!

mai 16, 2017 7:13:28 PM helper.Helper InitDailyDestPrintDir
INFOS: Print directory [.\print\2017_05_16] already exist!
Print sub directory [.\print\2017_05_16.\open_sheet] already exist!
Print sub directory [.\print\2017_05_16.\closing_sheet] already exist!
Print sub directory [.\print\2017_05_16.\picking_label] already exist!
Print sub directory [.\print\2017_05_16.\dispatch_label] already exist!

mai 16, 2017 7:14:41 PM helper.Helper InitDailyDestPrintDir
INFOS: Print directory [.\print\2017_05_16] already exist!
Print sub directory [.\print\2017_05_16.\open_sheet] already exist!
Print sub directory [.\print\2017_05_16.\closing_sheet] already exist!
Print sub directory [.\print\2017_05_16.\picking_label] already exist!
Print sub directory [.\print\2017_05_16.\dispatch_label] already exist!

mai 16, 2017 7:15:20 PM helper.Helper InitDailyDestPrintDir
INFOS: Print directory [.\print\2017_05_16] already exist!
Print sub directory [.\print\2017_05_16.\open_sheet] already exist!
Print sub directory [.\print\2017_05_16.\closing_sheet] already exist!
Print sub directory [.\print\2017_05_16.\picking_label] already exist!
Print sub directory [.\print\2017_05_16.\dispatch_label] already exist!

mai 16, 2017 7:15:23 PM gui.packaging.PACKAGING_UI9000_ChoosePackType mappingValsToContext
INFOS: Selected pack type : CARTON 
mai 16, 2017 7:15:23 PM helper.Helper InitDailyDestPrintDir
INFOS: nullPrint directory [.\print\2017_05_16] already exist!
Print sub directory [.\print\2017_05_16.\open_sheet] already exist!
Print sub directory [.\print\2017_05_16.\closing_sheet] already exist!
Print sub directory [.\print\2017_05_16.\picking_label] already exist!
Print sub directory [.\print\2017_05_16.\dispatch_label] already exist!

mai 16, 2017 7:16:53 PM helper.Helper InitDailyDestPrintDir
INFOS: Print directory [.\print\2017_05_16] already exist!
Print sub directory [.\print\2017_05_16.\open_sheet] already exist!
Print sub directory [.\print\2017_05_16.\closing_sheet] already exist!
Print sub directory [.\print\2017_05_16.\picking_label] already exist!
Print sub directory [.\print\2017_05_16.\dispatch_label] already exist!

mai 16, 2017 7:17:00 PM gui.packaging.PACKAGING_UI0001_Main loadBarcodeConfig
INFOS: FROM ConfigBarcode cb WHERE cb.keyWord = :keyWord ORDER BY id ASC
mai 16, 2017 7:17:01 PM entity.ConfigProject select
INFOS: FROM ConfigProject bp ORDER BY harnessType ASC
mai 16, 2017 7:17:01 PM entity.ConfigProject select
INFOS: FROM ConfigProject bp ORDER BY harnessType ASC
mai 16, 2017 7:17:12 PM state.S010_UserCodeScan doAction
INFOS: Invalid matricule number or account locked !
mai 16, 2017 7:17:13 PM gui.packaging.PACKAGING_UI0002_PasswordRequest connect
INFOS: User Admin   / 9999 connected to host O-EZZIOURI at 2017-05-16 19:17:13 Project : SMALL.
mai 16, 2017 7:17:24 PM entity.ConfigUcs isHarnessPartExist
INFOS: Searching Harness part [22216200] in ConfigUCS: SMALL
mai 16, 2017 7:17:24 PM entity.ConfigUcs isHarnessPartExist
INFOS: Harness part [22216200] found for project [SMALL].
mai 16, 2017 7:17:24 PM state.S020_HarnessPartScan doAction
INFOS: Harness Part scanned [P22216200] OK.
mai 16, 2017 7:17:32 PM entity.BaseHarness isCounterExist
INFOS: Searching Harness counter [P2221620020160512222222] in BaseHarness.
mai 16, 2017 7:17:32 PM entity.BaseHarness isCounterExist
INFOS: FROM BaseHarness bh WHERE bh.counter = :counter
mai 16, 2017 7:17:33 PM state.S030_MatrixIdScan doAction
INFOS: Valid Harness Counter scanned [P2221620020160512222222] OK.
mai 16, 2017 7:17:36 PM state.S040_PalletChoice doAction
INFOS: Is it a new pallet ?
mai 16, 2017 7:17:36 PM state.S040_PalletChoice doAction
INFOS:  [Yes]
mai 16, 2017 7:17:43 PM gui.packaging.PACKAGING_UI9000_ChoosePackType mappingValsToContext
INFOS: Selected pack type : CARTON 
mai 16, 2017 7:17:44 PM helper.Helper InitDailyDestPrintDir
INFOS: nullPrint directory [.\print\2017_05_16] already exist!
Print sub directory [.\print\2017_05_16.\open_sheet] already exist!
Print sub directory [.\print\2017_05_16.\closing_sheet] already exist!
Print sub directory [.\print\2017_05_16.\picking_label] already exist!
Print sub directory [.\print\2017_05_16.\dispatch_label] already exist!

mai 16, 2017 7:17:45 PM helper.PrinterHelper saveAndPrintOpenSheet
INFOS: Set Pallet [200020980] state to [IN_PROCESS]
mai 16, 2017 7:17:45 PM print.PrintOpenPallet_A5 sentToDefaultDesktopPrinter
INFOS: Sending [.\print\2017_05_16\open_sheet\PrintOpenPallet_A5_2017_05_16_19_17_44_22216200_200020980.pdf] to the default printer...
mai 16, 2017 7:17:45 PM print.PrintOpenPallet_A5 sentToDefaultDesktopPrinter
INFOS: File [.\print\2017_05_16\open_sheet\PrintOpenPallet_A5_2017_05_16_19_17_44_22216200_200020980.pdf] has been printed.
mai 16, 2017 7:17:45 PM helper.PrinterHelper saveAndPrintOpenSheet
INFOS: Set Pallet [200020980] state to [PRINTED]
mai 16, 2017 7:17:45 PM gui.packaging.PACKAGING_UI9000_ChoosePackType loadConfigUcs
INFOS: Openning new container for first harness part [22216200].
mai 16, 2017 7:18:41 PM state.S041_NewPalletScan doAction
INFOS: Scanned Pallet number [200020980] OK.
mai 16, 2017 7:18:41 PM state.S041_NewPalletScan doAction
INFOS: BaseContainer created BaseContainer{id=20850, createTime=Tue May 16 19:18:41 WEST 2017, writeTime=Tue May 16 19:18:41 WEST 2017, createId=4, writeId=4, user=9999, createUser=Admin  , startTime=Tue May 16 19:18:41 WEST 2017, completeTime=null, workTime=null, palletNumber=200020980, harnessPart=22216200, harnessIndex=P02, supplierPartNumber=26C06970A, qtyExpected=5, qtyRead=1, containerState=OPEN, containerStateCode=1000, packType=CARTON, harnessType=SMALL, stdTime=0.377, workstation=O-EZZIOURI, harnessList=[]} 
mai 16, 2017 7:18:48 PM entity.BaseHarness checkHarnessPartFormat
INFOS: Invalid Harness Part scanned [Pressed !!!!!] !
mai 16, 2017 7:18:48 PM state.S020_HarnessPartScan doAction
AVERTISSEMENT: Invalid Harness Part scanned [Pressed !!!!!] !
mai 16, 2017 7:19:06 PM entity.ConfigUcs isHarnessPartExist
INFOS: Searching Harness part [22216200] in ConfigUCS: SMALL
mai 16, 2017 7:19:06 PM entity.ConfigUcs isHarnessPartExist
INFOS: Harness part [22216200] found for project [SMALL].
mai 16, 2017 7:19:06 PM state.S020_HarnessPartScan doAction
INFOS: Harness Part scanned [P22216200] OK.
mai 16, 2017 7:19:10 PM entity.BaseHarness isCounterExist
INFOS: Searching Harness counter [P2221620020160512222222] in BaseHarness.
mai 16, 2017 7:19:10 PM entity.BaseHarness isCounterExist
INFOS: FROM BaseHarness bh WHERE bh.counter = :counter
mai 16, 2017 7:19:11 PM entity.BaseHarness getHarnessByCounter
INFOS: FROM BaseHarness bh WHERE bh.counter = :counter
mai 16, 2017 7:19:23 PM entity.BaseHarness isCounterExist
INFOS: Searching Harness counter [P2221620022552222333333] in BaseHarness.
mai 16, 2017 7:19:23 PM entity.BaseHarness isCounterExist
INFOS: FROM BaseHarness bh WHERE bh.counter = :counter
mai 16, 2017 7:19:23 PM state.S030_MatrixIdScan doAction
INFOS: Valid Harness Counter scanned [P2221620022552222333333] OK.
mai 16, 2017 7:19:29 PM state.S040_PalletChoice doAction
INFOS: Is it a new pallet ?
mai 16, 2017 7:19:29 PM state.S040_PalletChoice doAction
INFOS:  [No]
mai 16, 2017 7:19:29 PM state.S040_PalletChoice doAction
INFOS: Pallet values 
mai 16, 2017 7:19:29 PM state.S040_PalletChoice doAction
INFOS: State           :   [true]
mai 16, 2017 7:19:29 PM state.S040_PalletChoice doAction
INFOS: Qty Expected    :   [5]
mai 16, 2017 7:19:29 PM state.S040_PalletChoice doAction
INFOS: Qty Read        :   [1]
mai 16, 2017 7:19:29 PM state.S040_PalletChoice doAction
INFOS: Std Time        :   [0.377]
mai 16, 2017 7:19:29 PM state.S040_PalletChoice doAction
INFOS: Harness Part [22216200] = Context Harness Part [22216200]
mai 16, 2017 7:19:29 PM state.S040_PalletChoice doAction
INFOS: Harness Type [SMALL] = Context Harness Type [SMALL]
mai 16, 2017 7:19:34 PM entity.ConfigUcs isHarnessPartExist
INFOS: Searching Harness part [22216200] in ConfigUCS: SMALL
mai 16, 2017 7:19:34 PM entity.ConfigUcs isHarnessPartExist
INFOS: Harness part [22216200] found for project [SMALL].
mai 16, 2017 7:19:34 PM state.S020_HarnessPartScan doAction
INFOS: Harness Part scanned [P22216200] OK.
mai 16, 2017 7:19:38 PM entity.BaseHarness isCounterExist
INFOS: Searching Harness counter [P2221620020165555222222] in BaseHarness.
mai 16, 2017 7:19:38 PM entity.BaseHarness isCounterExist
INFOS: FROM BaseHarness bh WHERE bh.counter = :counter
mai 16, 2017 7:19:38 PM state.S030_MatrixIdScan doAction
INFOS: Valid Harness Counter scanned [P2221620020165555222222] OK.
mai 16, 2017 7:19:43 PM state.S040_PalletChoice doAction
INFOS: Is it a new pallet ?
mai 16, 2017 7:19:43 PM state.S040_PalletChoice doAction
INFOS:  [No]
mai 16, 2017 7:19:43 PM state.S040_PalletChoice doAction
INFOS: Pallet values 
mai 16, 2017 7:19:43 PM state.S040_PalletChoice doAction
INFOS: State           :   [true]
mai 16, 2017 7:19:43 PM state.S040_PalletChoice doAction
INFOS: Qty Expected    :   [5]
mai 16, 2017 7:19:43 PM state.S040_PalletChoice doAction
INFOS: Qty Read        :   [2]
mai 16, 2017 7:19:43 PM state.S040_PalletChoice doAction
INFOS: Std Time        :   [0.377]
mai 16, 2017 7:19:43 PM state.S040_PalletChoice doAction
INFOS: Harness Part [22216200] = Context Harness Part [22216200]
mai 16, 2017 7:19:43 PM state.S040_PalletChoice doAction
INFOS: Harness Type [SMALL] = Context Harness Type [SMALL]
mai 16, 2017 7:19:45 PM entity.ConfigUcs isHarnessPartExist
INFOS: Searching Harness part [22216200] in ConfigUCS: SMALL
mai 16, 2017 7:19:45 PM entity.ConfigUcs isHarnessPartExist
INFOS: Harness part [22216200] found for project [SMALL].
mai 16, 2017 7:19:45 PM state.S020_HarnessPartScan doAction
INFOS: Harness Part scanned [P22216200] OK.
mai 16, 2017 7:19:50 PM entity.BaseHarness isCounterExist
INFOS: Searching Harness counter [P2221620020164785222222] in BaseHarness.
mai 16, 2017 7:19:50 PM entity.BaseHarness isCounterExist
INFOS: FROM BaseHarness bh WHERE bh.counter = :counter
mai 16, 2017 7:19:51 PM state.S030_MatrixIdScan doAction
INFOS: Valid Harness Counter scanned [P2221620020164785222222] OK.
mai 16, 2017 7:19:56 PM state.S040_PalletChoice doAction
INFOS: Is it a new pallet ?
mai 16, 2017 7:19:56 PM state.S040_PalletChoice doAction
INFOS:  [No]
mai 16, 2017 7:19:56 PM state.S040_PalletChoice doAction
INFOS: Pallet values 
mai 16, 2017 7:19:56 PM state.S040_PalletChoice doAction
INFOS: State           :   [true]
mai 16, 2017 7:19:56 PM state.S040_PalletChoice doAction
INFOS: Qty Expected    :   [5]
mai 16, 2017 7:19:56 PM state.S040_PalletChoice doAction
INFOS: Qty Read        :   [3]
mai 16, 2017 7:19:56 PM state.S040_PalletChoice doAction
INFOS: Std Time        :   [0.377]
mai 16, 2017 7:19:56 PM state.S040_PalletChoice doAction
INFOS: Harness Part [22216200] = Context Harness Part [22216200]
mai 16, 2017 7:19:56 PM state.S040_PalletChoice doAction
INFOS: Harness Type [SMALL] = Context Harness Type [SMALL]
mai 16, 2017 7:19:57 PM entity.ConfigUcs isHarnessPartExist
INFOS: Searching Harness part [22216200] in ConfigUCS: SMALL
mai 16, 2017 7:19:57 PM entity.ConfigUcs isHarnessPartExist
INFOS: Harness part [22216200] found for project [SMALL].
mai 16, 2017 7:19:57 PM state.S020_HarnessPartScan doAction
INFOS: Harness Part scanned [P22216200] OK.
mai 16, 2017 7:20:15 PM entity.BaseHarness isCounterExist
INFOS: Searching Harness counter [P2221620020167788999999] in BaseHarness.
mai 16, 2017 7:20:15 PM entity.BaseHarness isCounterExist
INFOS: FROM BaseHarness bh WHERE bh.counter = :counter
mai 16, 2017 7:20:15 PM state.S030_MatrixIdScan doAction
INFOS: Valid Harness Counter scanned [P2221620020167788999999] OK.
mai 16, 2017 7:20:19 PM state.S040_PalletChoice doAction
INFOS: Is it a new pallet ?
mai 16, 2017 7:20:19 PM state.S040_PalletChoice doAction
INFOS:  [No]
mai 16, 2017 7:20:19 PM state.S040_PalletChoice doAction
INFOS: Pallet values 
mai 16, 2017 7:20:19 PM state.S040_PalletChoice doAction
INFOS: State           :   [true]
mai 16, 2017 7:20:19 PM state.S040_PalletChoice doAction
INFOS: Qty Expected    :   [5]
mai 16, 2017 7:20:19 PM state.S040_PalletChoice doAction
INFOS: Qty Read        :   [4]
mai 16, 2017 7:20:19 PM state.S040_PalletChoice doAction
INFOS: Std Time        :   [0.377]
mai 16, 2017 7:20:19 PM state.S040_PalletChoice doAction
INFOS: Harness Part [22216200] = Context Harness Part [22216200]
mai 16, 2017 7:20:19 PM state.S040_PalletChoice doAction
INFOS: Harness Type [SMALL] = Context Harness Type [SMALL]
mai 16, 2017 7:20:20 PM state.S040_PalletChoice doAction
INFOS: Quantité terminée BaseContainer{id=20850, createTime=2017-05-16 19:18:41.0, writeTime=Tue May 16 19:20:20 WEST 2017, createId=4, writeId=4, user=9999, createUser=Admin  , startTime=2017-05-16 19:18:41.0, completeTime=null, workTime=null, palletNumber=200020980, harnessPart=22216200, harnessIndex=P02, supplierPartNumber=26C06970A, qtyExpected=5, qtyRead=4, containerState=OPEN, containerStateCode=1000, packType=CARTON, harnessType=SMALL, stdTime=0.377, workstation=O-EZZIOURI, harnessList=[entity.BaseHarness@7fa6120d, entity.BaseHarness@236a56f1, entity.BaseHarness@30ed03d7, entity.BaseHarness@1a71fa61, entity.BaseHarness@7e4dc3af]}
mai 16, 2017 7:20:20 PM helper.Helper InitDailyDestPrintDir
INFOS: nullPrint directory [.\print\2017_05_16] already exist!
Print sub directory [.\print\2017_05_16.\open_sheet] already exist!
Print sub directory [.\print\2017_05_16.\closing_sheet] already exist!
Print sub directory [.\print\2017_05_16.\picking_label] already exist!
Print sub directory [.\print\2017_05_16.\dispatch_label] already exist!

mai 16, 2017 7:20:20 PM helper.PrinterHelper saveAndPrintClosingSheet
INFOS: Set Closing Pallet item [20534] state to [IN_PROCESS]
mai 16, 2017 7:20:20 PM print.PrintClosingPallet_A5 sentToDefaultDesktopPrinter
INFOS: Sending [.\print\2017_05_16\closing_sheet\PrintClosingPallet_A5_22216200_2017_05_16_19_20_20.pdf] to the default printer...
mai 16, 2017 7:20:20 PM print.PrintClosingPallet_A5 sentToDefaultDesktopPrinter
INFOS: File [%s] has been printed.
mai 16, 2017 7:20:20 PM helper.PrinterHelper saveAndPrintClosingSheet
INFOS: Set Closing Pallet [20534] state to [PRINTED]
mai 16, 2017 7:21:03 PM entity.ConfigSegment select
INFOS: FROM ConfigSegment bp ORDER BY segment ASC
mai 16, 2017 7:21:04 PM entity.ConfigSegment select
INFOS: FROM ConfigSegment bp ORDER BY segment ASC
mai 16, 2017 7:21:04 PM entity.ConfigWorkplace select
INFOS: FROM ConfigWorkplace bp ORDER BY workplace ASC
mai 16, 2017 7:21:42 PM entity.BaseContainer checkContainerByState
INFOS: Searching Container [200020980] in BaseContainer.
mai 16, 2017 7:21:42 PM entity.BaseContainer checkContainerByState
INFOS: FROM BaseContainer bc WHERE bc.palletNumber = :palletNumber AND bc.containerState = :state
mai 16, 2017 7:22:36 PM gui.packaging_warehouse.PACKAGING_WAREHOUSE_UI0001_PasswordRequest connect
INFOS: User Admin   / 9999 connected to host O-EZZIOURI at 2017-05-16 19:22:36 Packaging warehouse interface : .
mai 16, 2017 7:27:33 PM helper.Helper InitDailyDestPrintDir
INFOS: Print directory [.\print\2017_05_16] already exist!
Print sub directory [.\print\2017_05_16.\open_sheet] already exist!
Print sub directory [.\print\2017_05_16.\closing_sheet] already exist!
Print sub directory [.\print\2017_05_16.\picking_label] already exist!
Print sub directory [.\print\2017_05_16.\dispatch_label] already exist!

mai 16, 2017 7:27:40 PM gui.packaging_warehouse.PACKAGING_WAREHOUSE_UI0001_PasswordRequest connect
INFOS: User Admin   / 9999 connected to host O-EZZIOURI at 2017-05-16 19:27:40 Packaging warehouse interface : .
mai 16, 2017 7:28:09 PM gui.packaging.PACKAGING_UI0001_Main loadBarcodeConfig
INFOS: FROM ConfigBarcode cb WHERE cb.keyWord = :keyWord ORDER BY id ASC
mai 16, 2017 7:28:09 PM entity.ConfigProject select
INFOS: FROM ConfigProject bp ORDER BY harnessType ASC
mai 16, 2017 7:28:09 PM entity.ConfigProject select
INFOS: FROM ConfigProject bp ORDER BY harnessType ASC
mai 16, 2017 7:28:15 PM state.S010_UserCodeScan doAction
INFOS: Invalid matricule number or account locked !
mai 16, 2017 7:28:16 PM state.S010_UserCodeScan doAction
INFOS: Invalid matricule number or account locked !
mai 16, 2017 7:28:24 PM gui.packaging.PACKAGING_UI0001_Main loadBarcodeConfig
INFOS: FROM ConfigBarcode cb WHERE cb.keyWord = :keyWord ORDER BY id ASC
mai 16, 2017 7:28:24 PM entity.ConfigProject select
INFOS: FROM ConfigProject bp ORDER BY harnessType ASC
mai 16, 2017 7:28:24 PM entity.ConfigProject select
INFOS: FROM ConfigProject bp ORDER BY harnessType ASC
mai 16, 2017 7:28:30 PM state.S010_UserCodeScan doAction
INFOS: Invalid matricule number or account locked !
mai 16, 2017 7:28:31 PM gui.packaging.PACKAGING_UI0002_PasswordRequest connect
INFOS: User Admin   / 9999 connected to host O-EZZIOURI at 2017-05-16 19:28:31 Project : SMALL.
mai 16, 2017 7:28:44 PM entity.ConfigUcs isHarnessPartExist
INFOS: Searching Harness part [22216200] in ConfigUCS: SMALL
mai 16, 2017 7:28:44 PM entity.ConfigUcs isHarnessPartExist
INFOS: Harness part [22216200] found for project [SMALL].
mai 16, 2017 7:28:44 PM state.S020_HarnessPartScan doAction
INFOS: Harness Part scanned [P22216200] OK.
mai 16, 2017 7:28:49 PM entity.BaseHarness isCounterExist
INFOS: Searching Harness counter [P2221620020160544888888] in BaseHarness.
mai 16, 2017 7:28:49 PM entity.BaseHarness isCounterExist
INFOS: FROM BaseHarness bh WHERE bh.counter = :counter
mai 16, 2017 7:28:49 PM state.S030_MatrixIdScan doAction
INFOS: Valid Harness Counter scanned [P2221620020160544888888] OK.
mai 16, 2017 7:28:52 PM state.S040_PalletChoice doAction
INFOS: Is it a new pallet ?
mai 16, 2017 7:28:52 PM state.S040_PalletChoice doAction
INFOS:  [Yes]
mai 16, 2017 7:29:04 PM gui.packaging.PACKAGING_UI9000_ChoosePackType ucs_jtableKeyPressed
INFOS: Palette/Box déjà ouvert(e) du type 3RV dans ce poste O-EZZIOURI, pour la référence 22020753.
Solution N° 1 : - Veuillez terminer le packaging de la palette 22216200 avant d'ouvrir une nouvelle palette de type 200020905.
Solution N° 2 : - Emballer cette référence dans un autre poste packaging.
mai 16, 2017 7:29:22 PM gui.packaging.PACKAGING_UI9001_DropContainerConfirmation ok_btnActionPerformed
INFOS: Droping harness list...21
mai 16, 2017 7:29:48 PM gui.packaging.PACKAGING_UI0001_Main loadBarcodeConfig
INFOS: FROM ConfigBarcode cb WHERE cb.keyWord = :keyWord ORDER BY id ASC
mai 16, 2017 7:29:48 PM entity.ConfigProject select
INFOS: FROM ConfigProject bp ORDER BY harnessType ASC
mai 16, 2017 7:29:48 PM entity.ConfigProject select
INFOS: FROM ConfigProject bp ORDER BY harnessType ASC
mai 16, 2017 7:29:53 PM state.S010_UserCodeScan doAction
INFOS: Invalid matricule number or account locked !
mai 16, 2017 7:29:54 PM gui.packaging.PACKAGING_UI0002_PasswordRequest connect
INFOS: User Admin   / 9999 connected to host O-EZZIOURI at 2017-05-16 19:29:54 Project : SMALL.
mai 16, 2017 7:29:57 PM entity.ConfigUcs isHarnessPartExist
INFOS: Searching Harness part [22216200] in ConfigUCS: SMALL
mai 16, 2017 7:29:57 PM entity.ConfigUcs isHarnessPartExist
INFOS: Harness part [22216200] found for project [SMALL].
mai 16, 2017 7:29:57 PM state.S020_HarnessPartScan doAction
INFOS: Harness Part scanned [P22216200] OK.
mai 16, 2017 7:30:02 PM entity.BaseHarness isCounterExist
INFOS: Searching Harness counter [P2221620020165544778899] in BaseHarness.
mai 16, 2017 7:30:02 PM entity.BaseHarness isCounterExist
INFOS: FROM BaseHarness bh WHERE bh.counter = :counter
mai 16, 2017 7:30:02 PM state.S030_MatrixIdScan doAction
INFOS: Valid Harness Counter scanned [P2221620020165544778899] OK.
mai 16, 2017 7:30:04 PM state.S040_PalletChoice doAction
INFOS: Is it a new pallet ?
mai 16, 2017 7:30:04 PM state.S040_PalletChoice doAction
INFOS:  [Yes]
mai 16, 2017 7:30:15 PM gui.packaging.PACKAGING_UI9000_ChoosePackType ucs_jtableKeyPressed
INFOS: Palette/Box déjà ouvert(e) du type 3RV dans ce poste O-EZZIOURI, pour la référence 22020753.
Solution N° 1 : - Veuillez terminer le packaging de la palette 22216200 avant d'ouvrir une nouvelle palette de type 200020905.
Solution N° 2 : - Emballer cette référence dans un autre poste packaging.
mai 16, 2017 7:31:03 PM entity.ConfigUcs isHarnessPartExist
INFOS: Searching Harness part [22216200] in ConfigUCS: SMALL
mai 16, 2017 7:31:03 PM entity.ConfigUcs isHarnessPartExist
INFOS: Harness part [22216200] found for project [SMALL].
mai 16, 2017 7:31:03 PM state.S020_HarnessPartScan doAction
INFOS: Harness Part scanned [P22216200] OK.
mai 16, 2017 7:31:07 PM entity.BaseHarness isCounterExist
INFOS: Searching Harness counter [P2221620020164477888888] in BaseHarness.
mai 16, 2017 7:31:07 PM entity.BaseHarness isCounterExist
INFOS: FROM BaseHarness bh WHERE bh.counter = :counter
mai 16, 2017 7:31:07 PM state.S030_MatrixIdScan doAction
INFOS: Valid Harness Counter scanned [P2221620020164477888888] OK.
mai 16, 2017 7:31:09 PM state.S040_PalletChoice doAction
INFOS: Is it a new pallet ?
mai 16, 2017 7:31:09 PM state.S040_PalletChoice doAction
INFOS:  [Yes]
mai 16, 2017 7:31:11 PM helper.Helper InitDailyDestPrintDir
INFOS: nullPrint directory [.\print\2017_05_16] already exist!
Print sub directory [.\print\2017_05_16.\open_sheet] already exist!
Print sub directory [.\print\2017_05_16.\closing_sheet] already exist!
Print sub directory [.\print\2017_05_16.\picking_label] already exist!
Print sub directory [.\print\2017_05_16.\dispatch_label] already exist!

mai 16, 2017 7:31:12 PM helper.PrinterHelper saveAndPrintOpenSheet
INFOS: Set Pallet [200020981] state to [IN_PROCESS]
mai 16, 2017 7:31:12 PM print.PrintOpenPallet_A5 sentToDefaultDesktopPrinter
INFOS: Sending [.\print\2017_05_16\open_sheet\PrintOpenPallet_A5_2017_05_16_19_31_11_22216200_200020981.pdf] to the default printer...
mai 16, 2017 7:31:12 PM print.PrintOpenPallet_A5 sentToDefaultDesktopPrinter
INFOS: File [.\print\2017_05_16\open_sheet\PrintOpenPallet_A5_2017_05_16_19_31_11_22216200_200020981.pdf] has been printed.
mai 16, 2017 7:31:12 PM helper.PrinterHelper saveAndPrintOpenSheet
INFOS: Set Pallet [200020981] state to [PRINTED]
mai 16, 2017 7:31:12 PM gui.packaging.PACKAGING_UI9000_ChoosePackType loadConfigUcs
INFOS: Openning new container for first harness part [22216200].
mai 16, 2017 7:31:24 PM state.S041_NewPalletScan doAction
INFOS: Scanned Pallet number [200020981] OK.
mai 16, 2017 7:31:24 PM state.S041_NewPalletScan doAction
INFOS: BaseContainer created BaseContainer{id=20851, createTime=Tue May 16 19:31:24 WEST 2017, writeTime=Tue May 16 19:31:24 WEST 2017, createId=4, writeId=4, user=9999, createUser=Admin  , startTime=Tue May 16 19:31:24 WEST 2017, completeTime=null, workTime=null, palletNumber=200020981, harnessPart=22216200, harnessIndex=P02, supplierPartNumber=26C06970A, qtyExpected=1, qtyRead=1, containerState=OPEN, containerStateCode=1000, packType=3RV, harnessType=SMALL, stdTime=0.377, workstation=O-EZZIOURI, harnessList=[]} 
mai 16, 2017 7:31:24 PM helper.Helper InitDailyDestPrintDir
INFOS: nullPrint directory [.\print\2017_05_16] already exist!
Print sub directory [.\print\2017_05_16.\open_sheet] already exist!
Print sub directory [.\print\2017_05_16.\closing_sheet] already exist!
Print sub directory [.\print\2017_05_16.\picking_label] already exist!
Print sub directory [.\print\2017_05_16.\dispatch_label] already exist!

mai 16, 2017 7:31:24 PM helper.PrinterHelper saveAndPrintClosingSheet
INFOS: Set Closing Pallet item [20535] state to [IN_PROCESS]
mai 16, 2017 7:31:24 PM print.PrintClosingPallet_A5 sentToDefaultDesktopPrinter
INFOS: Sending [.\print\2017_05_16\closing_sheet\PrintClosingPallet_A5_22216200_2017_05_16_19_31_24.pdf] to the default printer...
mai 16, 2017 7:31:24 PM print.PrintClosingPallet_A5 sentToDefaultDesktopPrinter
INFOS: File [%s] has been printed.
mai 16, 2017 7:31:24 PM helper.PrinterHelper saveAndPrintClosingSheet
INFOS: Set Closing Pallet [20535] state to [PRINTED]
mai 16, 2017 7:31:40 PM entity.ConfigSegment select
INFOS: FROM ConfigSegment bp ORDER BY segment ASC
mai 16, 2017 7:31:40 PM entity.ConfigSegment select
INFOS: FROM ConfigSegment bp ORDER BY segment ASC
mai 16, 2017 7:31:40 PM entity.ConfigWorkplace select
INFOS: FROM ConfigWorkplace bp ORDER BY workplace ASC
mai 16, 2017 7:31:55 PM entity.BaseContainer checkContainerByState
INFOS: Searching Container [200020981] in BaseContainer.
mai 16, 2017 7:31:55 PM entity.BaseContainer checkContainerByState
INFOS: FROM BaseContainer bc WHERE bc.palletNumber = :palletNumber AND bc.containerState = :state
mai 16, 2017 7:37:32 PM helper.Helper InitDailyDestPrintDir
INFOS: Print directory [.\print\2017_05_16] already exist!
Print sub directory [.\print\2017_05_16.\open_sheet] already exist!
Print sub directory [.\print\2017_05_16.\closing_sheet] already exist!
Print sub directory [.\print\2017_05_16.\picking_label] already exist!
Print sub directory [.\print\2017_05_16.\dispatch_label] already exist!

mai 16, 2017 7:37:42 PM gui.packaging_warehouse.PACKAGING_WAREHOUSE_UI0001_PasswordRequest connect
INFOS: User Admin   / 9999 connected to host O-EZZIOURI at 2017-05-16 19:37:42 Packaging warehouse interface : .
mai 16, 2017 7:38:58 PM gui.packaging.PACKAGING_UI0001_Main loadBarcodeConfig
INFOS: FROM ConfigBarcode cb WHERE cb.keyWord = :keyWord ORDER BY id ASC
mai 16, 2017 7:38:58 PM entity.ConfigProject select
INFOS: FROM ConfigProject bp ORDER BY harnessType ASC
mai 16, 2017 7:38:58 PM entity.ConfigProject select
INFOS: FROM ConfigProject bp ORDER BY harnessType ASC
mai 16, 2017 7:39:06 PM state.S010_UserCodeScan doAction
INFOS: Invalid matricule number or account locked !
mai 16, 2017 7:39:07 PM gui.packaging.PACKAGING_UI0002_PasswordRequest connect
INFOS: User Admin   / 9999 connected to host O-EZZIOURI at 2017-05-16 19:39:07 Project : ENGINE.
mai 16, 2017 7:39:10 PM entity.ConfigSegment select
INFOS: FROM ConfigSegment bp ORDER BY segment ASC
mai 16, 2017 7:39:12 PM entity.ConfigSegment select
INFOS: FROM ConfigSegment bp ORDER BY segment ASC
mai 16, 2017 7:39:12 PM entity.ConfigWorkplace select
INFOS: FROM ConfigWorkplace bp ORDER BY workplace ASC
mai 16, 2017 7:39:30 PM gui.packaging.PACKAGING_UI9001_DropContainerConfirmation ok_btnActionPerformed
INFOS: Droping harness list...1
mai 16, 2017 7:59:16 PM helper.Helper InitDailyDestPrintDir
INFOS: Print directory [.\print\2017_05_16] already exist!
Print sub directory [.\print\2017_05_16.\open_sheet] already exist!
Print sub directory [.\print\2017_05_16.\closing_sheet] already exist!
Print sub directory [.\print\2017_05_16.\picking_label] already exist!
Print sub directory [.\print\2017_05_16.\dispatch_label] already exist!

mai 16, 2017 7:59:35 PM gui.packaging_warehouse.PACKAGING_WAREHOUSE_UI0001_PasswordRequest connect
INFOS: User Admin   / 9999 connected to host O-EZZIOURI at 2017-05-16 19:59:35 Packaging warehouse interface : .
mai 16, 2017 8:00:39 PM helper.Helper InitDailyDestPrintDir
INFOS: Print directory [.\print\2017_05_16] already exist!
Print sub directory [.\print\2017_05_16.\open_sheet] already exist!
Print sub directory [.\print\2017_05_16.\closing_sheet] already exist!
Print sub directory [.\print\2017_05_16.\picking_label] already exist!
Print sub directory [.\print\2017_05_16.\dispatch_label] already exist!

mai 16, 2017 8:00:48 PM gui.packaging_warehouse.PACKAGING_WAREHOUSE_UI0001_PasswordRequest connect
INFOS: User Admin   / 9999 connected to host O-EZZIOURI at 2017-05-16 20:00:48 Packaging warehouse interface : .
mai 16, 2017 8:01:15 PM helper.Helper InitDailyDestPrintDir
INFOS: Print directory [.\print\2017_05_16] already exist!
Print sub directory [.\print\2017_05_16.\open_sheet] already exist!
Print sub directory [.\print\2017_05_16.\closing_sheet] already exist!
Print sub directory [.\print\2017_05_16.\picking_label] already exist!
Print sub directory [.\print\2017_05_16.\dispatch_label] already exist!

mai 16, 2017 8:01:22 PM gui.packaging_warehouse.PACKAGING_WAREHOUSE_UI0001_PasswordRequest connect
INFOS: User Admin   / 9999 connected to host O-EZZIOURI at 2017-05-16 20:01:22 Packaging warehouse interface : .
mai 16, 2017 8:25:42 PM helper.Helper InitDailyDestPrintDir
INFOS: Print directory [.\print\2017_05_16] already exist!
Print sub directory [.\print\2017_05_16.\open_sheet] already exist!
Print sub directory [.\print\2017_05_16.\closing_sheet] already exist!
Print sub directory [.\print\2017_05_16.\picking_label] already exist!
Print sub directory [.\print\2017_05_16.\dispatch_label] already exist!

mai 16, 2017 8:29:03 PM gui.packaging_warehouse.PACKAGING_WAREHOUSE_UI0001_PasswordRequest connect
INFOS: User Admin   / 9999 connected to host O-EZZIOURI at 2017-05-16 20:29:03 Packaging warehouse interface : .
mai 16, 2017 9:00:15 PM helper.Helper InitDailyDestPrintDir
INFOS: Print directory [.\print\2017_05_16] already exist!
Print sub directory [.\print\2017_05_16.\open_sheet] already exist!
Print sub directory [.\print\2017_05_16.\closing_sheet] already exist!
Print sub directory [.\print\2017_05_16.\picking_label] already exist!
Print sub directory [.\print\2017_05_16.\dispatch_label] already exist!

mai 16, 2017 9:02:49 PM gui.packaging_warehouse.PACKAGING_WAREHOUSE_UI0001_PasswordRequest connect
INFOS: User Admin   / 9999 connected to host O-EZZIOURI at 2017-05-16 21:02:49 Packaging warehouse interface : .
mai 16, 2017 9:37:44 PM helper.Helper InitDailyDestPrintDir
INFOS: Print directory [.\print\2017_05_16] already exist!
Print sub directory [.\print\2017_05_16.\open_sheet] already exist!
Print sub directory [.\print\2017_05_16.\closing_sheet] already exist!
Print sub directory [.\print\2017_05_16.\picking_label] already exist!
Print sub directory [.\print\2017_05_16.\dispatch_label] already exist!

mai 16, 2017 9:39:17 PM gui.packaging_warehouse.PACKAGING_WAREHOUSE_UI0001_PasswordRequest connect
INFOS: User Admin   / 9999 connected to host O-EZZIOURI at 2017-05-16 21:39:17 Packaging warehouse interface : .
mai 16, 2017 10:22:07 PM helper.Helper InitDailyDestPrintDir
INFOS: Print directory [.\print\2017_05_16] already exist!
Print sub directory [.\print\2017_05_16.\open_sheet] already exist!
Print sub directory [.\print\2017_05_16.\closing_sheet] already exist!
Print sub directory [.\print\2017_05_16.\picking_label] already exist!
Print sub directory [.\print\2017_05_16.\dispatch_label] already exist!

